
RAxML-NG v. 0.9.0 released on 20.05.2019 by The Exelixis Lab.
Developed by: Alexey M. Kozlov and Alexandros Stamatakis.
Contributors: Diego Darriba, Tomas Flouri, Benoit Morel, Sarah Lutteropp, Ben Bettisworth.
Latest version: https://github.com/amkozlov/raxml-ng
Questions/problems/suggestions? Please visit: https://groups.google.com/forum/#!forum/raxml

RAxML-NG was called at 30-Jul-2024 14:22:28 as follows:

raxml-ng --all --msa all_Cas_aligned/all_Cas6_aligned.fna --model GTR+G --bs-trees 1000 --threads 4 --prefix all_Cas_trees/Cas6/Tree

Analysis options:
  run mode: ML tree search + bootstrapping (Felsenstein Bootstrap)
  start tree(s): random (10) + parsimony (10)
  bootstrap replicates: 1000
  random seed: 1722363748
  tip-inner: OFF
  pattern compression: ON
  per-rate scalers: OFF
  site repeats: ON
  branch lengths: proportional (ML estimate, algorithm: NR-FAST)
  SIMD kernels: AVX2
  parallelization: PTHREADS (4 threads), thread pinning: OFF

[00:00:00] Reading alignment from file: all_Cas_aligned/all_Cas6_aligned.fna
[00:00:00] Loaded alignment with 22 taxa and 1338 sites

Alignment comprises 1 partitions and 1207 patterns

Partition 0: noname
Model: GTR+FO+G4m
Alignment sites / patterns: 1338 / 1207
Gaps: 43.92 %
Invariant sites: 11.81 %


NOTE: Binary MSA file created: all_Cas_trees/Cas6/Tree.raxml.rba

[00:00:00] Generating 10 random starting tree(s) with 22 taxa
[00:00:00] Generating 10 parsimony starting tree(s) with 22 taxa
[00:00:00] Data distribution: max. partitions/sites/weight per thread: 1 / 302 / 4832

Starting ML tree search with 20 distinct starting trees

[00:00:03] ML tree search #1, logLikelihood: -21146.431575
[00:00:07] ML tree search #2, logLikelihood: -21131.140681
[00:00:12] ML tree search #3, logLikelihood: -21142.482788
[00:00:16] ML tree search #4, logLikelihood: -21139.186031
[00:00:20] ML tree search #5, logLikelihood: -21126.014862
[00:00:26] ML tree search #6, logLikelihood: -21124.966279
[00:00:30] ML tree search #7, logLikelihood: -21126.003975
[00:00:33] ML tree search #8, logLikelihood: -21128.969410
[00:00:37] ML tree search #9, logLikelihood: -21144.893031
[00:00:40] ML tree search #10, logLikelihood: -21141.232368
[00:00:44] ML tree search #11, logLikelihood: -21130.085323
[00:00:49] ML tree search #12, logLikelihood: -21125.919141
[00:00:53] ML tree search #13, logLikelihood: -21127.681125
[00:00:57] ML tree search #14, logLikelihood: -21124.940007
[00:01:02] ML tree search #15, logLikelihood: -21125.967946
[00:01:06] ML tree search #16, logLikelihood: -21125.993022
[00:01:10] ML tree search #17, logLikelihood: -21131.096375
[00:01:14] ML tree search #18, logLikelihood: -21126.029345
[00:01:17] ML tree search #19, logLikelihood: -21127.096432
[00:01:21] ML tree search #20, logLikelihood: -21133.300337

[00:01:21] ML tree search completed, best tree logLH: -21124.940007

[00:01:21] Starting bootstrapping analysis with 1000 replicates.

[00:01:26] Bootstrap tree #1, logLikelihood: -21273.540163
[00:01:30] Bootstrap tree #2, logLikelihood: -21144.550184
[00:01:34] Bootstrap tree #3, logLikelihood: -20945.162048
[00:01:37] Bootstrap tree #4, logLikelihood: -20789.272806
[00:01:40] Bootstrap tree #5, logLikelihood: -20810.254218
[00:01:43] Bootstrap tree #6, logLikelihood: -20718.649148
[00:01:45] Bootstrap tree #7, logLikelihood: -21389.047945
[00:01:49] Bootstrap tree #8, logLikelihood: -21193.539423
[00:01:52] Bootstrap tree #9, logLikelihood: -20764.790682
[00:01:55] Bootstrap tree #10, logLikelihood: -21121.571748
[00:01:58] Bootstrap tree #11, logLikelihood: -21529.283851
[00:02:00] Bootstrap tree #12, logLikelihood: -20429.682491
[00:02:03] Bootstrap tree #13, logLikelihood: -21285.148872
[00:02:06] Bootstrap tree #14, logLikelihood: -21167.657894
[00:02:09] Bootstrap tree #15, logLikelihood: -21175.008577
[00:02:11] Bootstrap tree #16, logLikelihood: -21144.292894
[00:02:16] Bootstrap tree #17, logLikelihood: -20797.758079
[00:02:19] Bootstrap tree #18, logLikelihood: -20803.243087
[00:02:21] Bootstrap tree #19, logLikelihood: -21226.757152
[00:02:24] Bootstrap tree #20, logLikelihood: -21077.088118
[00:02:27] Bootstrap tree #21, logLikelihood: -20397.573635
[00:02:31] Bootstrap tree #22, logLikelihood: -21405.839118
[00:02:34] Bootstrap tree #23, logLikelihood: -21559.578228
[00:02:37] Bootstrap tree #24, logLikelihood: -21419.116585
[00:02:40] Bootstrap tree #25, logLikelihood: -20927.423339
[00:02:43] Bootstrap tree #26, logLikelihood: -21094.005922
[00:02:47] Bootstrap tree #27, logLikelihood: -21112.936173
[00:02:50] Bootstrap tree #28, logLikelihood: -21739.871777
[00:02:53] Bootstrap tree #29, logLikelihood: -22132.270910
[00:02:55] Bootstrap tree #30, logLikelihood: -20930.468137
[00:02:58] Bootstrap tree #31, logLikelihood: -20570.584705
[00:03:01] Bootstrap tree #32, logLikelihood: -21022.388184
[00:03:03] Bootstrap tree #33, logLikelihood: -22030.670229
[00:03:07] Bootstrap tree #34, logLikelihood: -20744.497583
[00:03:11] Bootstrap tree #35, logLikelihood: -20780.656857
[00:03:13] Bootstrap tree #36, logLikelihood: -20531.264308
[00:03:15] Bootstrap tree #37, logLikelihood: -21269.106915
[00:03:18] Bootstrap tree #38, logLikelihood: -21462.164299
[00:03:20] Bootstrap tree #39, logLikelihood: -21044.295543
[00:03:23] Bootstrap tree #40, logLikelihood: -21218.612054
[00:03:26] Bootstrap tree #41, logLikelihood: -20648.212117
[00:03:30] Bootstrap tree #42, logLikelihood: -21395.028656
[00:03:33] Bootstrap tree #43, logLikelihood: -20810.711855
[00:03:36] Bootstrap tree #44, logLikelihood: -21168.685472
[00:03:39] Bootstrap tree #45, logLikelihood: -20346.070369
[00:03:42] Bootstrap tree #46, logLikelihood: -20958.728849
[00:03:46] Bootstrap tree #47, logLikelihood: -20978.548613
[00:03:49] Bootstrap tree #48, logLikelihood: -20889.401104
[00:03:52] Bootstrap tree #49, logLikelihood: -20884.438951
[00:03:55] Bootstrap tree #50, logLikelihood: -20128.376978
[00:03:59] Bootstrap tree #51, logLikelihood: -20965.218363
[00:04:05] Bootstrap tree #52, logLikelihood: -21659.892554
[00:04:09] Bootstrap tree #53, logLikelihood: -20785.187996
[00:04:12] Bootstrap tree #54, logLikelihood: -20791.411775
[00:04:14] Bootstrap tree #55, logLikelihood: -20835.978423
[00:04:17] Bootstrap tree #56, logLikelihood: -21298.098380
[00:04:20] Bootstrap tree #57, logLikelihood: -20862.202909
[00:04:23] Bootstrap tree #58, logLikelihood: -20625.200748
[00:04:24] Bootstrap tree #59, logLikelihood: -21342.528534
[00:04:28] Bootstrap tree #60, logLikelihood: -20376.792989
[00:04:32] Bootstrap tree #61, logLikelihood: -20788.041415
[00:04:35] Bootstrap tree #62, logLikelihood: -20920.653417
[00:04:40] Bootstrap tree #63, logLikelihood: -20976.524681
[00:04:44] Bootstrap tree #64, logLikelihood: -21035.463683
[00:04:48] Bootstrap tree #65, logLikelihood: -20809.113824
[00:04:51] Bootstrap tree #66, logLikelihood: -20766.796403
[00:04:54] Bootstrap tree #67, logLikelihood: -21557.144830
[00:04:57] Bootstrap tree #68, logLikelihood: -21345.387057
[00:05:00] Bootstrap tree #69, logLikelihood: -21434.045382
[00:05:03] Bootstrap tree #70, logLikelihood: -21214.261666
[00:05:05] Bootstrap tree #71, logLikelihood: -20672.880100
[00:05:09] Bootstrap tree #72, logLikelihood: -21145.675930
[00:05:13] Bootstrap tree #73, logLikelihood: -20861.300375
[00:05:16] Bootstrap tree #74, logLikelihood: -20368.170562
[00:05:18] Bootstrap tree #75, logLikelihood: -21021.460522
[00:05:20] Bootstrap tree #76, logLikelihood: -20479.345378
[00:05:22] Bootstrap tree #77, logLikelihood: -21308.026097
[00:05:27] Bootstrap tree #78, logLikelihood: -21313.634394
[00:05:30] Bootstrap tree #79, logLikelihood: -20780.027475
[00:05:35] Bootstrap tree #80, logLikelihood: -21339.658913
[00:05:38] Bootstrap tree #81, logLikelihood: -20878.038403
[00:05:41] Bootstrap tree #82, logLikelihood: -21120.470921
[00:05:43] Bootstrap tree #83, logLikelihood: -20794.057604
[00:05:45] Bootstrap tree #84, logLikelihood: -21281.798157
[00:05:47] Bootstrap tree #85, logLikelihood: -20958.542233
[00:05:51] Bootstrap tree #86, logLikelihood: -21516.506980
[00:05:55] Bootstrap tree #87, logLikelihood: -21159.806598
[00:05:58] Bootstrap tree #88, logLikelihood: -20675.425582
[00:06:03] Bootstrap tree #89, logLikelihood: -20959.519399
[00:06:06] Bootstrap tree #90, logLikelihood: -20803.690757
[00:06:09] Bootstrap tree #91, logLikelihood: -20825.793734
[00:06:12] Bootstrap tree #92, logLikelihood: -21249.622187
[00:06:15] Bootstrap tree #93, logLikelihood: -21082.395836
[00:06:17] Bootstrap tree #94, logLikelihood: -21818.813580
[00:06:20] Bootstrap tree #95, logLikelihood: -20619.410623
[00:06:23] Bootstrap tree #96, logLikelihood: -21043.012571
[00:06:27] Bootstrap tree #97, logLikelihood: -21287.011969
[00:06:30] Bootstrap tree #98, logLikelihood: -20965.303680
[00:06:33] Bootstrap tree #99, logLikelihood: -20886.448870
[00:06:36] Bootstrap tree #100, logLikelihood: -20691.609137
[00:06:39] Bootstrap tree #101, logLikelihood: -20999.252482
[00:06:41] Bootstrap tree #102, logLikelihood: -21016.396599
[00:06:45] Bootstrap tree #103, logLikelihood: -21467.284450
[00:06:47] Bootstrap tree #104, logLikelihood: -20630.870348
[00:06:51] Bootstrap tree #105, logLikelihood: -21155.671618
[00:06:53] Bootstrap tree #106, logLikelihood: -20520.775850
[00:06:56] Bootstrap tree #107, logLikelihood: -21253.971914
[00:07:00] Bootstrap tree #108, logLikelihood: -21109.895602
[00:07:02] Bootstrap tree #109, logLikelihood: -20745.151558
[00:07:07] Bootstrap tree #110, logLikelihood: -21272.499885
[00:07:10] Bootstrap tree #111, logLikelihood: -21219.529727
[00:07:13] Bootstrap tree #112, logLikelihood: -20686.818525
[00:07:16] Bootstrap tree #113, logLikelihood: -21397.179173
[00:07:19] Bootstrap tree #114, logLikelihood: -21207.074540
[00:07:21] Bootstrap tree #115, logLikelihood: -21645.055356
[00:07:24] Bootstrap tree #116, logLikelihood: -21150.463009
[00:07:28] Bootstrap tree #117, logLikelihood: -21245.019950
[00:07:34] Bootstrap tree #118, logLikelihood: -21356.282267
[00:07:37] Bootstrap tree #119, logLikelihood: -21043.302423
[00:07:40] Bootstrap tree #120, logLikelihood: -21893.627985
[00:07:43] Bootstrap tree #121, logLikelihood: -20607.323888
[00:07:49] Bootstrap tree #122, logLikelihood: -21102.210325
[00:07:52] Bootstrap tree #123, logLikelihood: -20993.206927
[00:07:56] Bootstrap tree #124, logLikelihood: -21153.553686
[00:07:58] Bootstrap tree #125, logLikelihood: -21570.482702
[00:08:01] Bootstrap tree #126, logLikelihood: -21534.035197
[00:08:04] Bootstrap tree #127, logLikelihood: -20833.628786
[00:08:08] Bootstrap tree #128, logLikelihood: -21008.177036
[00:08:12] Bootstrap tree #129, logLikelihood: -21287.346184
[00:08:14] Bootstrap tree #130, logLikelihood: -20620.690718
[00:08:18] Bootstrap tree #131, logLikelihood: -21436.971428
[00:08:21] Bootstrap tree #132, logLikelihood: -21444.182565
[00:08:25] Bootstrap tree #133, logLikelihood: -20367.070491
[00:08:27] Bootstrap tree #134, logLikelihood: -21453.636982
[00:08:30] Bootstrap tree #135, logLikelihood: -21251.138388
[00:08:33] Bootstrap tree #136, logLikelihood: -21313.639070
[00:08:37] Bootstrap tree #137, logLikelihood: -20682.432999
[00:08:41] Bootstrap tree #138, logLikelihood: -21228.278675
[00:08:44] Bootstrap tree #139, logLikelihood: -21025.738381
[00:08:47] Bootstrap tree #140, logLikelihood: -20733.937182
[00:08:50] Bootstrap tree #141, logLikelihood: -21653.408174
[00:08:53] Bootstrap tree #142, logLikelihood: -20637.342596
[00:08:56] Bootstrap tree #143, logLikelihood: -20809.781159
[00:09:00] Bootstrap tree #144, logLikelihood: -21587.750617
[00:09:02] Bootstrap tree #145, logLikelihood: -20558.866203
[00:09:05] Bootstrap tree #146, logLikelihood: -20903.970508
[00:09:09] Bootstrap tree #147, logLikelihood: -21562.412285
[00:09:12] Bootstrap tree #148, logLikelihood: -21250.748649
[00:09:17] Bootstrap tree #149, logLikelihood: -21045.461911
[00:09:20] Bootstrap tree #150, logLikelihood: -20579.170476
[00:09:23] Bootstrap tree #151, logLikelihood: -20501.041624
[00:09:27] Bootstrap tree #152, logLikelihood: -21695.879020
[00:09:30] Bootstrap tree #153, logLikelihood: -21541.442120
[00:09:33] Bootstrap tree #154, logLikelihood: -20760.821713
[00:09:36] Bootstrap tree #155, logLikelihood: -20978.927352
[00:09:39] Bootstrap tree #156, logLikelihood: -21122.148261
[00:09:43] Bootstrap tree #157, logLikelihood: -20708.985378
[00:09:46] Bootstrap tree #158, logLikelihood: -20351.129893
[00:09:51] Bootstrap tree #159, logLikelihood: -21380.073802
[00:09:54] Bootstrap tree #160, logLikelihood: -20931.718058
[00:09:58] Bootstrap tree #161, logLikelihood: -21769.346448
[00:10:00] Bootstrap tree #162, logLikelihood: -20760.998246
[00:10:03] Bootstrap tree #163, logLikelihood: -20778.298022
[00:10:08] Bootstrap tree #164, logLikelihood: -20683.326656
[00:10:11] Bootstrap tree #165, logLikelihood: -20913.347559
[00:10:14] Bootstrap tree #166, logLikelihood: -21638.514869
[00:10:17] Bootstrap tree #167, logLikelihood: -21437.265742
[00:10:19] Bootstrap tree #168, logLikelihood: -21261.143522
[00:10:22] Bootstrap tree #169, logLikelihood: -20733.747960
[00:10:26] Bootstrap tree #170, logLikelihood: -20681.823465
[00:10:30] Bootstrap tree #171, logLikelihood: -20864.812649
[00:10:33] Bootstrap tree #172, logLikelihood: -21427.381782
[00:10:36] Bootstrap tree #173, logLikelihood: -21132.145137
[00:10:40] Bootstrap tree #174, logLikelihood: -21240.210177
[00:10:42] Bootstrap tree #175, logLikelihood: -21121.671340
[00:10:46] Bootstrap tree #176, logLikelihood: -21157.984650
[00:10:49] Bootstrap tree #177, logLikelihood: -20962.416903
[00:10:51] Bootstrap tree #178, logLikelihood: -21142.685288
[00:10:54] Bootstrap tree #179, logLikelihood: -20733.826111
[00:10:57] Bootstrap tree #180, logLikelihood: -21132.654440
[00:11:00] Bootstrap tree #181, logLikelihood: -20921.713378
[00:11:04] Bootstrap tree #182, logLikelihood: -20977.189708
[00:11:06] Bootstrap tree #183, logLikelihood: -20998.578619
[00:11:09] Bootstrap tree #184, logLikelihood: -21481.138273
[00:11:12] Bootstrap tree #185, logLikelihood: -21446.427697
[00:11:16] Bootstrap tree #186, logLikelihood: -21412.925685
[00:11:19] Bootstrap tree #187, logLikelihood: -20597.276713
[00:11:22] Bootstrap tree #188, logLikelihood: -21241.069285
[00:11:25] Bootstrap tree #189, logLikelihood: -20573.843608
[00:11:27] Bootstrap tree #190, logLikelihood: -21037.336730
[00:11:32] Bootstrap tree #191, logLikelihood: -21159.600793
[00:11:35] Bootstrap tree #192, logLikelihood: -21327.027197
[00:11:38] Bootstrap tree #193, logLikelihood: -21435.821768
[00:11:42] Bootstrap tree #194, logLikelihood: -21055.674491
[00:11:44] Bootstrap tree #195, logLikelihood: -20846.856310
[00:11:46] Bootstrap tree #196, logLikelihood: -20218.513114
[00:11:50] Bootstrap tree #197, logLikelihood: -20726.696174
[00:11:54] Bootstrap tree #198, logLikelihood: -21310.551855
[00:11:57] Bootstrap tree #199, logLikelihood: -20182.172874
[00:12:00] Bootstrap tree #200, logLikelihood: -20690.236692
[00:12:03] Bootstrap tree #201, logLikelihood: -20885.386473
[00:12:06] Bootstrap tree #202, logLikelihood: -21048.163223
[00:12:08] Bootstrap tree #203, logLikelihood: -20973.783123
[00:12:10] Bootstrap tree #204, logLikelihood: -21095.235847
[00:12:13] Bootstrap tree #205, logLikelihood: -20889.394975
[00:12:16] Bootstrap tree #206, logLikelihood: -20921.818537
[00:12:20] Bootstrap tree #207, logLikelihood: -21143.054642
[00:12:23] Bootstrap tree #208, logLikelihood: -21501.953402
[00:12:27] Bootstrap tree #209, logLikelihood: -21158.770378
[00:12:29] Bootstrap tree #210, logLikelihood: -20782.206688
[00:12:33] Bootstrap tree #211, logLikelihood: -21006.748267
[00:12:37] Bootstrap tree #212, logLikelihood: -21493.632858
[00:12:39] Bootstrap tree #213, logLikelihood: -21421.349753
[00:12:42] Bootstrap tree #214, logLikelihood: -20393.579456
[00:12:45] Bootstrap tree #215, logLikelihood: -20948.818696
[00:12:47] Bootstrap tree #216, logLikelihood: -20881.383371
[00:12:50] Bootstrap tree #217, logLikelihood: -21704.356684
[00:12:53] Bootstrap tree #218, logLikelihood: -21758.769538
[00:12:57] Bootstrap tree #219, logLikelihood: -20851.759930
[00:12:59] Bootstrap tree #220, logLikelihood: -21390.587204
[00:13:02] Bootstrap tree #221, logLikelihood: -21686.926964
[00:13:06] Bootstrap tree #222, logLikelihood: -21042.629551
[00:13:09] Bootstrap tree #223, logLikelihood: -21482.972675
[00:13:12] Bootstrap tree #224, logLikelihood: -21172.285236
[00:13:15] Bootstrap tree #225, logLikelihood: -21160.251793
[00:13:18] Bootstrap tree #226, logLikelihood: -20722.014451
[00:13:20] Bootstrap tree #227, logLikelihood: -21336.338020
[00:13:23] Bootstrap tree #228, logLikelihood: -20757.233729
[00:13:28] Bootstrap tree #229, logLikelihood: -21144.616511
[00:13:32] Bootstrap tree #230, logLikelihood: -21475.790803
[00:13:34] Bootstrap tree #231, logLikelihood: -20948.044601
[00:13:37] Bootstrap tree #232, logLikelihood: -21702.067298
[00:13:40] Bootstrap tree #233, logLikelihood: -20518.276068
[00:13:45] Bootstrap tree #234, logLikelihood: -21231.691661
[00:13:48] Bootstrap tree #235, logLikelihood: -21032.339469
[00:13:51] Bootstrap tree #236, logLikelihood: -21183.036390
[00:13:54] Bootstrap tree #237, logLikelihood: -21467.392429
[00:13:57] Bootstrap tree #238, logLikelihood: -20897.695775
[00:14:00] Bootstrap tree #239, logLikelihood: -21864.570209
[00:14:04] Bootstrap tree #240, logLikelihood: -21121.784839
[00:14:06] Bootstrap tree #241, logLikelihood: -21363.901669
[00:14:09] Bootstrap tree #242, logLikelihood: -21490.544524
[00:14:12] Bootstrap tree #243, logLikelihood: -20866.376258
[00:14:15] Bootstrap tree #244, logLikelihood: -21905.754894
[00:14:19] Bootstrap tree #245, logLikelihood: -21381.382685
[00:14:22] Bootstrap tree #246, logLikelihood: -21388.965524
[00:14:25] Bootstrap tree #247, logLikelihood: -21372.937137
[00:14:28] Bootstrap tree #248, logLikelihood: -20786.461089
[00:14:31] Bootstrap tree #249, logLikelihood: -21444.887258
[00:14:34] Bootstrap tree #250, logLikelihood: -21130.820491
[00:14:37] Bootstrap tree #251, logLikelihood: -21303.945944
[00:14:41] Bootstrap tree #252, logLikelihood: -21391.255880
[00:14:46] Bootstrap tree #253, logLikelihood: -21290.241183
[00:14:49] Bootstrap tree #254, logLikelihood: -20915.978768
[00:14:52] Bootstrap tree #255, logLikelihood: -20576.809827
[00:14:54] Bootstrap tree #256, logLikelihood: -20764.532538
[00:14:57] Bootstrap tree #257, logLikelihood: -21813.010539
[00:14:59] Bootstrap tree #258, logLikelihood: -21460.761198
[00:15:02] Bootstrap tree #259, logLikelihood: -20776.118234
[00:15:05] Bootstrap tree #260, logLikelihood: -21388.332571
[00:15:08] Bootstrap tree #261, logLikelihood: -21381.840769
[00:15:11] Bootstrap tree #262, logLikelihood: -20887.985263
[00:15:13] Bootstrap tree #263, logLikelihood: -21079.658976
[00:15:16] Bootstrap tree #264, logLikelihood: -20848.655477
[00:15:20] Bootstrap tree #265, logLikelihood: -21133.410600
[00:15:23] Bootstrap tree #266, logLikelihood: -20929.337852
[00:15:26] Bootstrap tree #267, logLikelihood: -20970.741304
[00:15:28] Bootstrap tree #268, logLikelihood: -21317.693465
[00:15:31] Bootstrap tree #269, logLikelihood: -21273.138653
[00:15:34] Bootstrap tree #270, logLikelihood: -21045.612071
[00:15:36] Bootstrap tree #271, logLikelihood: -20939.574029
[00:15:40] Bootstrap tree #272, logLikelihood: -21121.945044
[00:15:43] Bootstrap tree #273, logLikelihood: -21374.708120
[00:15:45] Bootstrap tree #274, logLikelihood: -21185.360618
[00:15:48] Bootstrap tree #275, logLikelihood: -20823.922730
[00:15:51] Bootstrap tree #276, logLikelihood: -21243.449585
[00:15:53] Bootstrap tree #277, logLikelihood: -20785.042550
[00:15:56] Bootstrap tree #278, logLikelihood: -21732.748402
[00:16:00] Bootstrap tree #279, logLikelihood: -20823.857495
[00:16:03] Bootstrap tree #280, logLikelihood: -20911.212926
[00:16:07] Bootstrap tree #281, logLikelihood: -20754.053455
[00:16:10] Bootstrap tree #282, logLikelihood: -21466.679692
[00:16:15] Bootstrap tree #283, logLikelihood: -21050.669488
[00:16:19] Bootstrap tree #284, logLikelihood: -21538.167466
[00:16:22] Bootstrap tree #285, logLikelihood: -21204.642360
[00:16:24] Bootstrap tree #286, logLikelihood: -20275.780354
[00:16:27] Bootstrap tree #287, logLikelihood: -21815.108555
[00:16:30] Bootstrap tree #288, logLikelihood: -20686.896057
[00:16:34] Bootstrap tree #289, logLikelihood: -20943.824163
[00:16:37] Bootstrap tree #290, logLikelihood: -21193.575839
[00:16:42] Bootstrap tree #291, logLikelihood: -21437.394228
[00:16:47] Bootstrap tree #292, logLikelihood: -20553.299579
[00:16:49] Bootstrap tree #293, logLikelihood: -21346.458500
[00:16:52] Bootstrap tree #294, logLikelihood: -20734.990659
[00:16:54] Bootstrap tree #295, logLikelihood: -21294.735407
[00:16:58] Bootstrap tree #296, logLikelihood: -21228.323909
[00:17:03] Bootstrap tree #297, logLikelihood: -21104.949587
[00:17:05] Bootstrap tree #298, logLikelihood: -21160.762929
[00:17:08] Bootstrap tree #299, logLikelihood: -21143.332204
[00:17:10] Bootstrap tree #300, logLikelihood: -21023.018976
[00:17:12] Bootstrap tree #301, logLikelihood: -21195.522188
[00:17:15] Bootstrap tree #302, logLikelihood: -20771.582650
[00:17:18] Bootstrap tree #303, logLikelihood: -20830.407246
[00:17:21] Bootstrap tree #304, logLikelihood: -20704.250570
[00:17:25] Bootstrap tree #305, logLikelihood: -20413.557708
[00:17:27] Bootstrap tree #306, logLikelihood: -20673.989264
[00:17:30] Bootstrap tree #307, logLikelihood: -20721.164710
[00:17:32] Bootstrap tree #308, logLikelihood: -21040.289655
[00:17:35] Bootstrap tree #309, logLikelihood: -21235.467997
[00:17:39] Bootstrap tree #310, logLikelihood: -20637.260820
[00:17:41] Bootstrap tree #311, logLikelihood: -21389.565520
[00:17:45] Bootstrap tree #312, logLikelihood: -21029.089351
[00:17:47] Bootstrap tree #313, logLikelihood: -20980.514745
[00:17:50] Bootstrap tree #314, logLikelihood: -21685.630757
[00:17:53] Bootstrap tree #315, logLikelihood: -20596.936041
[00:17:56] Bootstrap tree #316, logLikelihood: -20596.192654
[00:17:59] Bootstrap tree #317, logLikelihood: -20457.559325
[00:18:01] Bootstrap tree #318, logLikelihood: -21174.850075
[00:18:04] Bootstrap tree #319, logLikelihood: -20779.881221
[00:18:06] Bootstrap tree #320, logLikelihood: -20509.589562
[00:18:09] Bootstrap tree #321, logLikelihood: -20749.245340
[00:18:11] Bootstrap tree #322, logLikelihood: -21201.411806
[00:18:13] Bootstrap tree #323, logLikelihood: -20692.457322
[00:18:18] Bootstrap tree #324, logLikelihood: -21084.623323
[00:18:21] Bootstrap tree #325, logLikelihood: -21121.182814
[00:18:25] Bootstrap tree #326, logLikelihood: -21099.417647
[00:18:27] Bootstrap tree #327, logLikelihood: -21073.873973
[00:18:30] Bootstrap tree #328, logLikelihood: -20808.671202
[00:18:32] Bootstrap tree #329, logLikelihood: -20479.595988
[00:18:36] Bootstrap tree #330, logLikelihood: -20705.544477
[00:18:39] Bootstrap tree #331, logLikelihood: -20729.074262
[00:18:42] Bootstrap tree #332, logLikelihood: -21144.678356
[00:18:46] Bootstrap tree #333, logLikelihood: -21231.775745
[00:18:49] Bootstrap tree #334, logLikelihood: -21071.790741
[00:18:51] Bootstrap tree #335, logLikelihood: -21709.204418
[00:18:55] Bootstrap tree #336, logLikelihood: -21537.789747
[00:18:58] Bootstrap tree #337, logLikelihood: -21568.404468
[00:19:02] Bootstrap tree #338, logLikelihood: -20995.146997
[00:19:05] Bootstrap tree #339, logLikelihood: -20497.205927
[00:19:08] Bootstrap tree #340, logLikelihood: -21333.551613
[00:19:14] Bootstrap tree #341, logLikelihood: -20928.195059
[00:19:17] Bootstrap tree #342, logLikelihood: -20713.601611
[00:19:20] Bootstrap tree #343, logLikelihood: -21102.611391
[00:19:22] Bootstrap tree #344, logLikelihood: -21224.842674
[00:19:26] Bootstrap tree #345, logLikelihood: -21023.297428
[00:19:31] Bootstrap tree #346, logLikelihood: -20930.631831
[00:19:36] Bootstrap tree #347, logLikelihood: -21175.823375
[00:19:38] Bootstrap tree #348, logLikelihood: -20730.668935
[00:19:42] Bootstrap tree #349, logLikelihood: -21355.908989
[00:19:45] Bootstrap tree #350, logLikelihood: -20893.004118
[00:19:47] Bootstrap tree #351, logLikelihood: -21378.054166
[00:19:50] Bootstrap tree #352, logLikelihood: -21572.751945
[00:19:53] Bootstrap tree #353, logLikelihood: -21051.093160
[00:19:56] Bootstrap tree #354, logLikelihood: -21137.149301
[00:20:00] Bootstrap tree #355, logLikelihood: -20749.794127
[00:20:03] Bootstrap tree #356, logLikelihood: -20762.191896
[00:20:06] Bootstrap tree #357, logLikelihood: -20909.277794
[00:20:09] Bootstrap tree #358, logLikelihood: -20915.644550
[00:20:12] Bootstrap tree #359, logLikelihood: -21119.513640
[00:20:16] Bootstrap tree #360, logLikelihood: -21365.885233
[00:20:19] Bootstrap tree #361, logLikelihood: -21650.982611
[00:20:21] Bootstrap tree #362, logLikelihood: -20827.935243
[00:20:24] Bootstrap tree #363, logLikelihood: -21356.200392
[00:20:30] Bootstrap tree #364, logLikelihood: -20656.924646
[00:20:33] Bootstrap tree #365, logLikelihood: -20321.032823
[00:20:35] Bootstrap tree #366, logLikelihood: -21021.862194
[00:20:39] Bootstrap tree #367, logLikelihood: -21386.770065
[00:20:42] Bootstrap tree #368, logLikelihood: -21924.494930
[00:20:45] Bootstrap tree #369, logLikelihood: -21023.099281
[00:20:48] Bootstrap tree #370, logLikelihood: -20731.186737
[00:20:51] Bootstrap tree #371, logLikelihood: -20756.198797
[00:20:54] Bootstrap tree #372, logLikelihood: -21773.420486
[00:20:57] Bootstrap tree #373, logLikelihood: -20725.531515
[00:21:00] Bootstrap tree #374, logLikelihood: -20657.385683
[00:21:05] Bootstrap tree #375, logLikelihood: -21487.242338
[00:21:09] Bootstrap tree #376, logLikelihood: -20881.629151
[00:21:13] Bootstrap tree #377, logLikelihood: -20945.243660
[00:21:15] Bootstrap tree #378, logLikelihood: -21181.140655
[00:21:18] Bootstrap tree #379, logLikelihood: -21222.452165
[00:21:21] Bootstrap tree #380, logLikelihood: -21070.861491
[00:21:25] Bootstrap tree #381, logLikelihood: -21471.408934
[00:21:29] Bootstrap tree #382, logLikelihood: -20922.646360
[00:21:32] Bootstrap tree #383, logLikelihood: -20735.199988
[00:21:34] Bootstrap tree #384, logLikelihood: -20555.317057
[00:21:38] Bootstrap tree #385, logLikelihood: -20597.108152
[00:21:41] Bootstrap tree #386, logLikelihood: -20890.920225
[00:21:44] Bootstrap tree #387, logLikelihood: -20717.941242
[00:21:47] Bootstrap tree #388, logLikelihood: -20639.136182
[00:21:51] Bootstrap tree #389, logLikelihood: -21477.704283
[00:21:54] Bootstrap tree #390, logLikelihood: -21059.070543
[00:21:56] Bootstrap tree #391, logLikelihood: -20458.655041
[00:21:59] Bootstrap tree #392, logLikelihood: -20887.047402
[00:22:01] Bootstrap tree #393, logLikelihood: -21161.835425
[00:22:05] Bootstrap tree #394, logLikelihood: -21093.996165
[00:22:07] Bootstrap tree #395, logLikelihood: -21303.903515
[00:22:10] Bootstrap tree #396, logLikelihood: -21388.544712
[00:22:12] Bootstrap tree #397, logLikelihood: -20823.957856
[00:22:16] Bootstrap tree #398, logLikelihood: -21510.742075
[00:22:19] Bootstrap tree #399, logLikelihood: -20997.801851
[00:22:22] Bootstrap tree #400, logLikelihood: -21156.737439
[00:22:25] Bootstrap tree #401, logLikelihood: -21298.634832
[00:22:28] Bootstrap tree #402, logLikelihood: -20992.470320
[00:22:31] Bootstrap tree #403, logLikelihood: -21090.167915
[00:22:34] Bootstrap tree #404, logLikelihood: -21325.947701
[00:22:36] Bootstrap tree #405, logLikelihood: -20734.405197
[00:22:39] Bootstrap tree #406, logLikelihood: -21339.735566
[00:22:42] Bootstrap tree #407, logLikelihood: -21468.661615
[00:22:45] Bootstrap tree #408, logLikelihood: -20669.455356
[00:22:48] Bootstrap tree #409, logLikelihood: -20416.963497
[00:22:51] Bootstrap tree #410, logLikelihood: -21715.399800
[00:22:54] Bootstrap tree #411, logLikelihood: -21092.685803
[00:22:58] Bootstrap tree #412, logLikelihood: -21507.458828
[00:23:00] Bootstrap tree #413, logLikelihood: -21317.740814
[00:23:03] Bootstrap tree #414, logLikelihood: -20815.092191
[00:23:06] Bootstrap tree #415, logLikelihood: -22146.549624
[00:23:10] Bootstrap tree #416, logLikelihood: -21515.435599
[00:23:12] Bootstrap tree #417, logLikelihood: -21198.992928
[00:23:15] Bootstrap tree #418, logLikelihood: -21032.505888
[00:23:18] Bootstrap tree #419, logLikelihood: -20669.920672
[00:23:21] Bootstrap tree #420, logLikelihood: -21653.121350
[00:23:24] Bootstrap tree #421, logLikelihood: -20974.254277
[00:23:27] Bootstrap tree #422, logLikelihood: -21515.020802
[00:23:31] Bootstrap tree #423, logLikelihood: -21240.125908
[00:23:34] Bootstrap tree #424, logLikelihood: -21248.202360
[00:23:37] Bootstrap tree #425, logLikelihood: -21850.437207
[00:23:40] Bootstrap tree #426, logLikelihood: -20455.870251
[00:23:44] Bootstrap tree #427, logLikelihood: -21001.786250
[00:23:47] Bootstrap tree #428, logLikelihood: -21335.231402
[00:23:50] Bootstrap tree #429, logLikelihood: -21295.726303
[00:23:55] Bootstrap tree #430, logLikelihood: -21390.039852
[00:23:58] Bootstrap tree #431, logLikelihood: -20373.292664
[00:24:01] Bootstrap tree #432, logLikelihood: -20827.652746
[00:24:03] Bootstrap tree #433, logLikelihood: -21431.561316
[00:24:06] Bootstrap tree #434, logLikelihood: -20764.332038
[00:24:08] Bootstrap tree #435, logLikelihood: -20810.242459
[00:24:12] Bootstrap tree #436, logLikelihood: -21622.066067
[00:24:14] Bootstrap tree #437, logLikelihood: -21194.286179
[00:24:18] Bootstrap tree #438, logLikelihood: -21505.502059
[00:24:21] Bootstrap tree #439, logLikelihood: -21048.482898
[00:24:25] Bootstrap tree #440, logLikelihood: -20967.836464
[00:24:28] Bootstrap tree #441, logLikelihood: -20597.835339
[00:24:32] Bootstrap tree #442, logLikelihood: -20934.953934
[00:24:36] Bootstrap tree #443, logLikelihood: -21579.039597
[00:24:39] Bootstrap tree #444, logLikelihood: -20917.922764
[00:24:41] Bootstrap tree #445, logLikelihood: -20946.442733
[00:24:44] Bootstrap tree #446, logLikelihood: -21255.949414
[00:24:47] Bootstrap tree #447, logLikelihood: -20656.201036
[00:24:50] Bootstrap tree #448, logLikelihood: -21126.973386
[00:24:56] Bootstrap tree #449, logLikelihood: -21010.416188
[00:25:01] Bootstrap tree #450, logLikelihood: -21434.445443
[00:25:03] Bootstrap tree #451, logLikelihood: -21348.022726
[00:25:06] Bootstrap tree #452, logLikelihood: -21277.253373
[00:25:09] Bootstrap tree #453, logLikelihood: -20870.591077
[00:25:12] Bootstrap tree #454, logLikelihood: -21005.442896
[00:25:15] Bootstrap tree #455, logLikelihood: -21125.937005
[00:25:18] Bootstrap tree #456, logLikelihood: -20898.276496
[00:25:22] Bootstrap tree #457, logLikelihood: -21413.702699
[00:25:24] Bootstrap tree #458, logLikelihood: -20433.353176
[00:25:27] Bootstrap tree #459, logLikelihood: -20776.724481
[00:25:31] Bootstrap tree #460, logLikelihood: -20917.901615
[00:25:34] Bootstrap tree #461, logLikelihood: -20865.837814
[00:25:37] Bootstrap tree #462, logLikelihood: -20762.884852
[00:25:42] Bootstrap tree #463, logLikelihood: -21411.999918
[00:25:45] Bootstrap tree #464, logLikelihood: -20857.140106
[00:25:48] Bootstrap tree #465, logLikelihood: -21279.768574
[00:25:50] Bootstrap tree #466, logLikelihood: -20654.660523
[00:25:53] Bootstrap tree #467, logLikelihood: -21494.731118
[00:25:56] Bootstrap tree #468, logLikelihood: -20646.804726
[00:26:00] Bootstrap tree #469, logLikelihood: -21185.088897
[00:26:02] Bootstrap tree #470, logLikelihood: -21267.065811
[00:26:07] Bootstrap tree #471, logLikelihood: -20230.381621
[00:26:10] Bootstrap tree #472, logLikelihood: -20396.802307
[00:26:13] Bootstrap tree #473, logLikelihood: -21138.454243
[00:26:16] Bootstrap tree #474, logLikelihood: -21004.258851
[00:26:19] Bootstrap tree #475, logLikelihood: -21968.785718
[00:26:22] Bootstrap tree #476, logLikelihood: -21538.258758
[00:26:25] Bootstrap tree #477, logLikelihood: -21057.671909
[00:26:29] Bootstrap tree #478, logLikelihood: -21885.584814
[00:26:33] Bootstrap tree #479, logLikelihood: -20956.798234
[00:26:36] Bootstrap tree #480, logLikelihood: -20626.413310
[00:26:39] Bootstrap tree #481, logLikelihood: -21081.323177
[00:26:41] Bootstrap tree #482, logLikelihood: -21349.535921
[00:26:44] Bootstrap tree #483, logLikelihood: -21281.741613
[00:26:47] Bootstrap tree #484, logLikelihood: -20676.645249
[00:26:49] Bootstrap tree #485, logLikelihood: -21646.284080
[00:26:52] Bootstrap tree #486, logLikelihood: -20898.741322
[00:26:53] Bootstrap tree #487, logLikelihood: -21147.162288
[00:26:56] Bootstrap tree #488, logLikelihood: -20793.839967
[00:26:59] Bootstrap tree #489, logLikelihood: -20722.513442
[00:27:01] Bootstrap tree #490, logLikelihood: -20855.976396
[00:27:04] Bootstrap tree #491, logLikelihood: -21017.311938
[00:27:07] Bootstrap tree #492, logLikelihood: -21161.306925
[00:27:10] Bootstrap tree #493, logLikelihood: -20807.854242
[00:27:13] Bootstrap tree #494, logLikelihood: -20267.802292
[00:27:16] Bootstrap tree #495, logLikelihood: -21436.448941
[00:27:19] Bootstrap tree #496, logLikelihood: -20674.990120
[00:27:22] Bootstrap tree #497, logLikelihood: -21022.328889
[00:27:25] Bootstrap tree #498, logLikelihood: -20656.898992
[00:27:28] Bootstrap tree #499, logLikelihood: -21353.799443
[00:27:31] Bootstrap tree #500, logLikelihood: -20773.128043
[00:27:34] Bootstrap tree #501, logLikelihood: -20866.191134
[00:27:38] Bootstrap tree #502, logLikelihood: -20424.914727
[00:27:42] Bootstrap tree #503, logLikelihood: -21285.657358
[00:27:46] Bootstrap tree #504, logLikelihood: -21539.536023
[00:27:49] Bootstrap tree #505, logLikelihood: -20791.315424
[00:27:51] Bootstrap tree #506, logLikelihood: -21123.930961
[00:27:54] Bootstrap tree #507, logLikelihood: -20739.383741
[00:27:56] Bootstrap tree #508, logLikelihood: -20584.207493
[00:27:59] Bootstrap tree #509, logLikelihood: -21368.284492
[00:28:02] Bootstrap tree #510, logLikelihood: -21932.241630
[00:28:05] Bootstrap tree #511, logLikelihood: -20644.464515
[00:28:08] Bootstrap tree #512, logLikelihood: -21090.006041
[00:28:11] Bootstrap tree #513, logLikelihood: -21205.447326
[00:28:14] Bootstrap tree #514, logLikelihood: -21802.306078
[00:28:16] Bootstrap tree #515, logLikelihood: -20311.141819
[00:28:19] Bootstrap tree #516, logLikelihood: -20878.136088
[00:28:22] Bootstrap tree #517, logLikelihood: -21054.048439
[00:28:25] Bootstrap tree #518, logLikelihood: -22026.366406
[00:28:28] Bootstrap tree #519, logLikelihood: -20854.413480
[00:28:31] Bootstrap tree #520, logLikelihood: -21241.796605
[00:28:33] Bootstrap tree #521, logLikelihood: -21331.149496
[00:28:37] Bootstrap tree #522, logLikelihood: -20873.067514
[00:28:39] Bootstrap tree #523, logLikelihood: -21926.445821
[00:28:42] Bootstrap tree #524, logLikelihood: -21119.293238
[00:28:46] Bootstrap tree #525, logLikelihood: -21192.103406
[00:28:49] Bootstrap tree #526, logLikelihood: -20421.477519
[00:28:53] Bootstrap tree #527, logLikelihood: -20847.528842
[00:28:55] Bootstrap tree #528, logLikelihood: -20730.054172
[00:28:58] Bootstrap tree #529, logLikelihood: -20793.378760
[00:29:00] Bootstrap tree #530, logLikelihood: -20978.675895
[00:29:03] Bootstrap tree #531, logLikelihood: -21323.272981
[00:29:05] Bootstrap tree #532, logLikelihood: -20976.870641
[00:29:09] Bootstrap tree #533, logLikelihood: -21093.279746
[00:29:12] Bootstrap tree #534, logLikelihood: -20744.034336
[00:29:15] Bootstrap tree #535, logLikelihood: -21482.007152
[00:29:19] Bootstrap tree #536, logLikelihood: -20823.672376
[00:29:22] Bootstrap tree #537, logLikelihood: -20980.087812
[00:29:26] Bootstrap tree #538, logLikelihood: -20377.399121
[00:29:30] Bootstrap tree #539, logLikelihood: -20944.000247
[00:29:33] Bootstrap tree #540, logLikelihood: -20830.980490
[00:29:36] Bootstrap tree #541, logLikelihood: -20836.251881
[00:29:39] Bootstrap tree #542, logLikelihood: -20676.077945
[00:29:41] Bootstrap tree #543, logLikelihood: -20523.273938
[00:29:44] Bootstrap tree #544, logLikelihood: -21162.736220
[00:29:48] Bootstrap tree #545, logLikelihood: -21619.110146
[00:29:52] Bootstrap tree #546, logLikelihood: -21176.310578
[00:29:55] Bootstrap tree #547, logLikelihood: -21128.578781
[00:29:59] Bootstrap tree #548, logLikelihood: -21429.097137
[00:30:03] Bootstrap tree #549, logLikelihood: -21068.722512
[00:30:06] Bootstrap tree #550, logLikelihood: -21532.842730
[00:30:09] Bootstrap tree #551, logLikelihood: -20705.664427
[00:30:12] Bootstrap tree #552, logLikelihood: -21254.023105
[00:30:15] Bootstrap tree #553, logLikelihood: -21082.237408
[00:30:18] Bootstrap tree #554, logLikelihood: -21483.142493
[00:30:21] Bootstrap tree #555, logLikelihood: -21284.550249
[00:30:25] Bootstrap tree #556, logLikelihood: -21971.827902
[00:30:28] Bootstrap tree #557, logLikelihood: -20689.092532
[00:30:31] Bootstrap tree #558, logLikelihood: -21029.254248
[00:30:33] Bootstrap tree #559, logLikelihood: -21174.797388
[00:30:36] Bootstrap tree #560, logLikelihood: -21840.251050
[00:30:39] Bootstrap tree #561, logLikelihood: -21324.560799
[00:30:42] Bootstrap tree #562, logLikelihood: -21196.235730
[00:30:45] Bootstrap tree #563, logLikelihood: -21126.255498
[00:30:48] Bootstrap tree #564, logLikelihood: -21632.006007
[00:30:51] Bootstrap tree #565, logLikelihood: -21531.310324
[00:30:54] Bootstrap tree #566, logLikelihood: -20873.462426
[00:30:57] Bootstrap tree #567, logLikelihood: -21412.800074
[00:31:00] Bootstrap tree #568, logLikelihood: -20546.827521
[00:31:04] Bootstrap tree #569, logLikelihood: -20790.250162
[00:31:07] Bootstrap tree #570, logLikelihood: -20868.720037
[00:31:10] Bootstrap tree #571, logLikelihood: -21396.409639
[00:31:14] Bootstrap tree #572, logLikelihood: -21282.531712
[00:31:17] Bootstrap tree #573, logLikelihood: -20925.094385
[00:31:21] Bootstrap tree #574, logLikelihood: -20715.930022
[00:31:25] Bootstrap tree #575, logLikelihood: -21127.810428
[00:31:27] Bootstrap tree #576, logLikelihood: -20716.614997
[00:31:31] Bootstrap tree #577, logLikelihood: -20574.489274
[00:31:33] Bootstrap tree #578, logLikelihood: -21289.620612
[00:31:36] Bootstrap tree #579, logLikelihood: -21072.139844
[00:31:40] Bootstrap tree #580, logLikelihood: -21781.356832
[00:31:42] Bootstrap tree #581, logLikelihood: -21543.162872
[00:31:46] Bootstrap tree #582, logLikelihood: -20557.183469
[00:31:48] Bootstrap tree #583, logLikelihood: -20989.567652
[00:31:53] Bootstrap tree #584, logLikelihood: -20692.424985
[00:31:57] Bootstrap tree #585, logLikelihood: -21928.311232
[00:32:00] Bootstrap tree #586, logLikelihood: -21703.055406
[00:32:03] Bootstrap tree #587, logLikelihood: -20750.224715
[00:32:07] Bootstrap tree #588, logLikelihood: -21547.004864
[00:32:10] Bootstrap tree #589, logLikelihood: -20978.289459
[00:32:13] Bootstrap tree #590, logLikelihood: -21073.820079
[00:32:15] Bootstrap tree #591, logLikelihood: -20900.257995
[00:32:17] Bootstrap tree #592, logLikelihood: -20446.385289
[00:32:20] Bootstrap tree #593, logLikelihood: -20907.131325
[00:32:23] Bootstrap tree #594, logLikelihood: -21185.775745
[00:32:30] Bootstrap tree #595, logLikelihood: -20551.567503
[00:32:33] Bootstrap tree #596, logLikelihood: -21854.085374
[00:32:36] Bootstrap tree #597, logLikelihood: -21054.497463
[00:32:40] Bootstrap tree #598, logLikelihood: -20783.198220
[00:32:43] Bootstrap tree #599, logLikelihood: -21172.307299
[00:32:46] Bootstrap tree #600, logLikelihood: -20956.409263
[00:32:49] Bootstrap tree #601, logLikelihood: -20947.028429
[00:32:53] Bootstrap tree #602, logLikelihood: -21019.181699
[00:32:57] Bootstrap tree #603, logLikelihood: -20807.225376
[00:33:00] Bootstrap tree #604, logLikelihood: -21119.216535
[00:33:02] Bootstrap tree #605, logLikelihood: -20247.467434
[00:33:05] Bootstrap tree #606, logLikelihood: -20780.170613
[00:33:08] Bootstrap tree #607, logLikelihood: -20963.924640
[00:33:11] Bootstrap tree #608, logLikelihood: -21723.561502
[00:33:14] Bootstrap tree #609, logLikelihood: -20781.941014
[00:33:17] Bootstrap tree #610, logLikelihood: -21337.267290
[00:33:20] Bootstrap tree #611, logLikelihood: -21485.246036
[00:33:23] Bootstrap tree #612, logLikelihood: -20928.874576
[00:33:27] Bootstrap tree #613, logLikelihood: -21823.550630
[00:33:30] Bootstrap tree #614, logLikelihood: -20789.101120
[00:33:33] Bootstrap tree #615, logLikelihood: -20786.313125
[00:33:37] Bootstrap tree #616, logLikelihood: -21771.901392
[00:33:40] Bootstrap tree #617, logLikelihood: -20304.515640
[00:33:43] Bootstrap tree #618, logLikelihood: -20924.182342
[00:33:45] Bootstrap tree #619, logLikelihood: -21017.726713
[00:33:48] Bootstrap tree #620, logLikelihood: -21025.466181
[00:33:52] Bootstrap tree #621, logLikelihood: -21054.965178
[00:33:55] Bootstrap tree #622, logLikelihood: -20993.975789
[00:33:58] Bootstrap tree #623, logLikelihood: -20859.925780
[00:34:00] Bootstrap tree #624, logLikelihood: -20922.753949
[00:34:03] Bootstrap tree #625, logLikelihood: -21176.542782
[00:34:06] Bootstrap tree #626, logLikelihood: -20427.692007
[00:34:08] Bootstrap tree #627, logLikelihood: -21225.333686
[00:34:13] Bootstrap tree #628, logLikelihood: -21403.232805
[00:34:17] Bootstrap tree #629, logLikelihood: -21396.947894
[00:34:20] Bootstrap tree #630, logLikelihood: -20116.293390
[00:34:23] Bootstrap tree #631, logLikelihood: -21198.041183
[00:34:26] Bootstrap tree #632, logLikelihood: -20384.557005
[00:34:29] Bootstrap tree #633, logLikelihood: -20774.728648
[00:34:33] Bootstrap tree #634, logLikelihood: -20845.613795
[00:34:35] Bootstrap tree #635, logLikelihood: -21280.024625
[00:34:37] Bootstrap tree #636, logLikelihood: -20921.647649
[00:34:40] Bootstrap tree #637, logLikelihood: -21226.339478
[00:34:42] Bootstrap tree #638, logLikelihood: -21616.795323
[00:34:45] Bootstrap tree #639, logLikelihood: -20612.740763
[00:34:48] Bootstrap tree #640, logLikelihood: -21409.767426
[00:34:51] Bootstrap tree #641, logLikelihood: -20671.226213
[00:34:56] Bootstrap tree #642, logLikelihood: -20634.252712
[00:34:59] Bootstrap tree #643, logLikelihood: -20054.473729
[00:35:03] Bootstrap tree #644, logLikelihood: -20496.424510
[00:35:06] Bootstrap tree #645, logLikelihood: -21708.513481
[00:35:10] Bootstrap tree #646, logLikelihood: -21166.337499
[00:35:12] Bootstrap tree #647, logLikelihood: -21366.348384
[00:35:15] Bootstrap tree #648, logLikelihood: -21505.163091
[00:35:18] Bootstrap tree #649, logLikelihood: -20463.085250
[00:35:21] Bootstrap tree #650, logLikelihood: -21056.586983
[00:35:24] Bootstrap tree #651, logLikelihood: -19963.117906
[00:35:28] Bootstrap tree #652, logLikelihood: -20915.367713
[00:35:33] Bootstrap tree #653, logLikelihood: -21304.092033
[00:35:36] Bootstrap tree #654, logLikelihood: -21331.495874
[00:35:39] Bootstrap tree #655, logLikelihood: -20452.636160
[00:35:42] Bootstrap tree #656, logLikelihood: -21366.054603
[00:35:45] Bootstrap tree #657, logLikelihood: -20965.939579
[00:35:48] Bootstrap tree #658, logLikelihood: -21771.490387
[00:35:51] Bootstrap tree #659, logLikelihood: -20997.222343
[00:35:54] Bootstrap tree #660, logLikelihood: -20470.038864
[00:35:58] Bootstrap tree #661, logLikelihood: -20659.928920
[00:36:01] Bootstrap tree #662, logLikelihood: -20806.089286
[00:36:05] Bootstrap tree #663, logLikelihood: -21256.827788
[00:36:08] Bootstrap tree #664, logLikelihood: -20639.490393
[00:36:11] Bootstrap tree #665, logLikelihood: -21316.133153
[00:36:14] Bootstrap tree #666, logLikelihood: -20750.652200
[00:36:18] Bootstrap tree #667, logLikelihood: -20257.946328
[00:36:21] Bootstrap tree #668, logLikelihood: -20630.374202
[00:36:24] Bootstrap tree #669, logLikelihood: -20921.309929
[00:36:27] Bootstrap tree #670, logLikelihood: -22685.958866
[00:36:31] Bootstrap tree #671, logLikelihood: -21598.942064
[00:36:35] Bootstrap tree #672, logLikelihood: -21592.459549
[00:36:38] Bootstrap tree #673, logLikelihood: -20679.335307
[00:36:40] Bootstrap tree #674, logLikelihood: -21090.232553
[00:36:43] Bootstrap tree #675, logLikelihood: -21481.909510
[00:36:45] Bootstrap tree #676, logLikelihood: -20324.631341
[00:36:47] Bootstrap tree #677, logLikelihood: -20751.303228
[00:36:50] Bootstrap tree #678, logLikelihood: -21314.203647
[00:36:52] Bootstrap tree #679, logLikelihood: -21309.546419
[00:36:55] Bootstrap tree #680, logLikelihood: -21357.898366
[00:36:59] Bootstrap tree #681, logLikelihood: -20700.283727
[00:37:03] Bootstrap tree #682, logLikelihood: -21856.716259
[00:37:05] Bootstrap tree #683, logLikelihood: -20665.522046
[00:37:07] Bootstrap tree #684, logLikelihood: -20678.199324
[00:37:11] Bootstrap tree #685, logLikelihood: -21500.117492
[00:37:13] Bootstrap tree #686, logLikelihood: -21551.379916
[00:37:17] Bootstrap tree #687, logLikelihood: -21090.193291
[00:37:19] Bootstrap tree #688, logLikelihood: -21095.367063
[00:37:22] Bootstrap tree #689, logLikelihood: -21128.843393
[00:37:25] Bootstrap tree #690, logLikelihood: -20759.351594
[00:37:28] Bootstrap tree #691, logLikelihood: -20893.300908
[00:37:31] Bootstrap tree #692, logLikelihood: -20284.751472
[00:37:35] Bootstrap tree #693, logLikelihood: -21066.327719
[00:37:39] Bootstrap tree #694, logLikelihood: -19950.333601
[00:37:41] Bootstrap tree #695, logLikelihood: -21079.099135
[00:37:46] Bootstrap tree #696, logLikelihood: -21117.842307
[00:37:49] Bootstrap tree #697, logLikelihood: -20748.541531
[00:37:53] Bootstrap tree #698, logLikelihood: -21201.453839
[00:37:57] Bootstrap tree #699, logLikelihood: -20917.520146
[00:38:00] Bootstrap tree #700, logLikelihood: -20692.081299
[00:38:03] Bootstrap tree #701, logLikelihood: -20494.838143
[00:38:07] Bootstrap tree #702, logLikelihood: -21042.263760
[00:38:10] Bootstrap tree #703, logLikelihood: -20963.717424
[00:38:13] Bootstrap tree #704, logLikelihood: -21338.801326
[00:38:16] Bootstrap tree #705, logLikelihood: -21329.516332
[00:38:19] Bootstrap tree #706, logLikelihood: -21189.421397
[00:38:22] Bootstrap tree #707, logLikelihood: -20858.850250
[00:38:25] Bootstrap tree #708, logLikelihood: -20734.733936
[00:38:27] Bootstrap tree #709, logLikelihood: -20881.694903
[00:38:30] Bootstrap tree #710, logLikelihood: -21080.934934
[00:38:33] Bootstrap tree #711, logLikelihood: -21462.906697
[00:38:36] Bootstrap tree #712, logLikelihood: -20547.428550
[00:38:39] Bootstrap tree #713, logLikelihood: -20562.365284
[00:38:46] Bootstrap tree #714, logLikelihood: -21389.682408
[00:38:48] Bootstrap tree #715, logLikelihood: -20919.242383
[00:38:52] Bootstrap tree #716, logLikelihood: -20960.167363
[00:38:54] Bootstrap tree #717, logLikelihood: -21166.603925
[00:38:56] Bootstrap tree #718, logLikelihood: -20896.241489
[00:38:59] Bootstrap tree #719, logLikelihood: -21468.275327
[00:39:02] Bootstrap tree #720, logLikelihood: -21545.551475
[00:39:05] Bootstrap tree #721, logLikelihood: -21565.694003
[00:39:07] Bootstrap tree #722, logLikelihood: -20738.726869
[00:39:10] Bootstrap tree #723, logLikelihood: -21166.905557
[00:39:13] Bootstrap tree #724, logLikelihood: -20880.069021
[00:39:15] Bootstrap tree #725, logLikelihood: -21309.785600
[00:39:19] Bootstrap tree #726, logLikelihood: -20602.420883
[00:39:22] Bootstrap tree #727, logLikelihood: -21254.662287
[00:39:25] Bootstrap tree #728, logLikelihood: -20798.371313
[00:39:29] Bootstrap tree #729, logLikelihood: -20859.846293
[00:39:32] Bootstrap tree #730, logLikelihood: -21322.078074
[00:39:35] Bootstrap tree #731, logLikelihood: -21217.938953
[00:39:37] Bootstrap tree #732, logLikelihood: -21401.184221
[00:39:40] Bootstrap tree #733, logLikelihood: -21270.075928
[00:39:43] Bootstrap tree #734, logLikelihood: -21181.964588
[00:39:45] Bootstrap tree #735, logLikelihood: -21051.444968
[00:39:48] Bootstrap tree #736, logLikelihood: -20919.234697
[00:39:51] Bootstrap tree #737, logLikelihood: -21243.181933
[00:39:54] Bootstrap tree #738, logLikelihood: -21194.263554
[00:39:57] Bootstrap tree #739, logLikelihood: -20946.275087
[00:39:59] Bootstrap tree #740, logLikelihood: -21422.798358
[00:40:02] Bootstrap tree #741, logLikelihood: -21492.040499
[00:40:04] Bootstrap tree #742, logLikelihood: -21267.225320
[00:40:09] Bootstrap tree #743, logLikelihood: -21573.819653
[00:40:11] Bootstrap tree #744, logLikelihood: -20409.311811
[00:40:15] Bootstrap tree #745, logLikelihood: -20387.039025
[00:40:17] Bootstrap tree #746, logLikelihood: -21014.838114
[00:40:23] Bootstrap tree #747, logLikelihood: -20975.583058
[00:40:28] Bootstrap tree #748, logLikelihood: -21390.335335
[00:40:31] Bootstrap tree #749, logLikelihood: -21147.421788
[00:40:33] Bootstrap tree #750, logLikelihood: -21598.299392
[00:40:36] Bootstrap tree #751, logLikelihood: -21376.436399
[00:40:39] Bootstrap tree #752, logLikelihood: -20373.330863
[00:40:42] Bootstrap tree #753, logLikelihood: -21183.185288
[00:40:44] Bootstrap tree #754, logLikelihood: -21598.691374
[00:40:47] Bootstrap tree #755, logLikelihood: -21368.309112
[00:40:51] Bootstrap tree #756, logLikelihood: -21347.993187
[00:40:54] Bootstrap tree #757, logLikelihood: -21017.262453
[00:40:56] Bootstrap tree #758, logLikelihood: -21244.147350
[00:41:00] Bootstrap tree #759, logLikelihood: -20667.548479
[00:41:03] Bootstrap tree #760, logLikelihood: -21311.080103
[00:41:06] Bootstrap tree #761, logLikelihood: -20780.449261
[00:41:10] Bootstrap tree #762, logLikelihood: -21367.328921
[00:41:13] Bootstrap tree #763, logLikelihood: -21773.267637
[00:41:19] Bootstrap tree #764, logLikelihood: -21218.769300
[00:41:22] Bootstrap tree #765, logLikelihood: -21034.655059
[00:41:25] Bootstrap tree #766, logLikelihood: -21383.367809
[00:41:28] Bootstrap tree #767, logLikelihood: -21218.058141
[00:41:31] Bootstrap tree #768, logLikelihood: -21367.686653
[00:41:34] Bootstrap tree #769, logLikelihood: -20409.398661
[00:41:37] Bootstrap tree #770, logLikelihood: -21322.495910
[00:41:40] Bootstrap tree #771, logLikelihood: -20704.267231
[00:41:43] Bootstrap tree #772, logLikelihood: -21069.079046
[00:41:47] Bootstrap tree #773, logLikelihood: -20797.062876
[00:41:49] Bootstrap tree #774, logLikelihood: -20942.609182
[00:41:52] Bootstrap tree #775, logLikelihood: -20715.129477
[00:41:56] Bootstrap tree #776, logLikelihood: -21083.336422
[00:42:00] Bootstrap tree #777, logLikelihood: -21135.669437
[00:42:04] Bootstrap tree #778, logLikelihood: -21525.188650
[00:42:08] Bootstrap tree #779, logLikelihood: -20935.982426
[00:42:10] Bootstrap tree #780, logLikelihood: -20946.825599
[00:42:13] Bootstrap tree #781, logLikelihood: -21518.850562
[00:42:15] Bootstrap tree #782, logLikelihood: -20908.721165
[00:42:18] Bootstrap tree #783, logLikelihood: -21083.079110
[00:42:21] Bootstrap tree #784, logLikelihood: -21539.542695
[00:42:24] Bootstrap tree #785, logLikelihood: -20561.830401
[00:42:28] Bootstrap tree #786, logLikelihood: -21697.899356
[00:42:31] Bootstrap tree #787, logLikelihood: -20930.343318
[00:42:33] Bootstrap tree #788, logLikelihood: -20974.177759
[00:42:37] Bootstrap tree #789, logLikelihood: -20762.109395
[00:42:39] Bootstrap tree #790, logLikelihood: -21045.526222
[00:42:42] Bootstrap tree #791, logLikelihood: -21175.986563
[00:42:45] Bootstrap tree #792, logLikelihood: -21734.647267
[00:42:47] Bootstrap tree #793, logLikelihood: -21188.194531
[00:42:51] Bootstrap tree #794, logLikelihood: -21504.037435
[00:42:53] Bootstrap tree #795, logLikelihood: -20753.077770
[00:42:56] Bootstrap tree #796, logLikelihood: -20797.100717
[00:43:00] Bootstrap tree #797, logLikelihood: -21311.834540
[00:43:04] Bootstrap tree #798, logLikelihood: -20557.442745
[00:43:06] Bootstrap tree #799, logLikelihood: -20996.859785
[00:43:09] Bootstrap tree #800, logLikelihood: -20677.367225
[00:43:11] Bootstrap tree #801, logLikelihood: -20616.593180
[00:43:14] Bootstrap tree #802, logLikelihood: -20895.344556
[00:43:17] Bootstrap tree #803, logLikelihood: -21232.691605
[00:43:21] Bootstrap tree #804, logLikelihood: -20344.242308
[00:43:26] Bootstrap tree #805, logLikelihood: -21590.013161
[00:43:29] Bootstrap tree #806, logLikelihood: -20620.958464
[00:43:32] Bootstrap tree #807, logLikelihood: -21371.122352
[00:43:34] Bootstrap tree #808, logLikelihood: -21384.301398
[00:43:39] Bootstrap tree #809, logLikelihood: -20911.761460
[00:43:42] Bootstrap tree #810, logLikelihood: -21221.557738
[00:43:43] Bootstrap tree #811, logLikelihood: -20683.396832
[00:43:46] Bootstrap tree #812, logLikelihood: -21493.303188
[00:43:50] Bootstrap tree #813, logLikelihood: -20807.890542
[00:43:52] Bootstrap tree #814, logLikelihood: -21178.006763
[00:43:55] Bootstrap tree #815, logLikelihood: -21663.211601
[00:43:59] Bootstrap tree #816, logLikelihood: -21608.478508
[00:44:02] Bootstrap tree #817, logLikelihood: -20669.718312
[00:44:04] Bootstrap tree #818, logLikelihood: -20782.675887
[00:44:07] Bootstrap tree #819, logLikelihood: -21256.386119
[00:44:10] Bootstrap tree #820, logLikelihood: -20812.628500
[00:44:13] Bootstrap tree #821, logLikelihood: -20305.202281
[00:44:16] Bootstrap tree #822, logLikelihood: -21305.986567
[00:44:20] Bootstrap tree #823, logLikelihood: -21437.055357
[00:44:23] Bootstrap tree #824, logLikelihood: -21117.331011
[00:44:25] Bootstrap tree #825, logLikelihood: -21192.987142
[00:44:29] Bootstrap tree #826, logLikelihood: -21021.703974
[00:44:33] Bootstrap tree #827, logLikelihood: -21250.748157
[00:44:36] Bootstrap tree #828, logLikelihood: -20714.379968
[00:44:39] Bootstrap tree #829, logLikelihood: -20857.789929
[00:44:42] Bootstrap tree #830, logLikelihood: -21715.167403
[00:44:44] Bootstrap tree #831, logLikelihood: -20813.235196
[00:44:46] Bootstrap tree #832, logLikelihood: -21633.811308
[00:44:48] Bootstrap tree #833, logLikelihood: -21388.860545
[00:44:51] Bootstrap tree #834, logLikelihood: -21030.971105
[00:44:55] Bootstrap tree #835, logLikelihood: -20872.414054
[00:44:59] Bootstrap tree #836, logLikelihood: -21515.985366
[00:45:02] Bootstrap tree #837, logLikelihood: -20712.320355
[00:45:05] Bootstrap tree #838, logLikelihood: -21254.454545
[00:45:08] Bootstrap tree #839, logLikelihood: -20845.697370
[00:45:11] Bootstrap tree #840, logLikelihood: -20655.825791
[00:45:15] Bootstrap tree #841, logLikelihood: -21058.140780
[00:45:19] Bootstrap tree #842, logLikelihood: -21109.889695
[00:45:23] Bootstrap tree #843, logLikelihood: -21262.654440
[00:45:26] Bootstrap tree #844, logLikelihood: -20998.767921
[00:45:29] Bootstrap tree #845, logLikelihood: -20403.051708
[00:45:32] Bootstrap tree #846, logLikelihood: -21222.046900
[00:45:37] Bootstrap tree #847, logLikelihood: -20844.989876
[00:45:40] Bootstrap tree #848, logLikelihood: -20626.430239
[00:45:43] Bootstrap tree #849, logLikelihood: -21163.945528
[00:45:45] Bootstrap tree #850, logLikelihood: -20388.856813
[00:45:48] Bootstrap tree #851, logLikelihood: -21196.590133
[00:45:51] Bootstrap tree #852, logLikelihood: -20673.671947
[00:45:54] Bootstrap tree #853, logLikelihood: -20907.649975
[00:45:58] Bootstrap tree #854, logLikelihood: -20441.467648
[00:46:01] Bootstrap tree #855, logLikelihood: -21005.210611
[00:46:05] Bootstrap tree #856, logLikelihood: -21170.917233
[00:46:08] Bootstrap tree #857, logLikelihood: -20731.559042
[00:46:10] Bootstrap tree #858, logLikelihood: -20353.954868
[00:46:13] Bootstrap tree #859, logLikelihood: -21434.728102
[00:46:17] Bootstrap tree #860, logLikelihood: -21326.533242
[00:46:22] Bootstrap tree #861, logLikelihood: -21243.751272
[00:46:25] Bootstrap tree #862, logLikelihood: -21916.790399
[00:46:28] Bootstrap tree #863, logLikelihood: -20613.522458
[00:46:32] Bootstrap tree #864, logLikelihood: -20881.415109
[00:46:36] Bootstrap tree #865, logLikelihood: -21087.119659
[00:46:38] Bootstrap tree #866, logLikelihood: -21132.136906
[00:46:42] Bootstrap tree #867, logLikelihood: -21079.215684
[00:46:45] Bootstrap tree #868, logLikelihood: -21361.877388
[00:46:47] Bootstrap tree #869, logLikelihood: -20419.535680
[00:46:50] Bootstrap tree #870, logLikelihood: -20929.524779
[00:46:53] Bootstrap tree #871, logLikelihood: -21571.608075
[00:46:56] Bootstrap tree #872, logLikelihood: -21486.576890
[00:47:00] Bootstrap tree #873, logLikelihood: -21054.001659
[00:47:03] Bootstrap tree #874, logLikelihood: -20990.745795
[00:47:05] Bootstrap tree #875, logLikelihood: -20778.342624
[00:47:08] Bootstrap tree #876, logLikelihood: -21745.607544
[00:47:11] Bootstrap tree #877, logLikelihood: -20957.208675
[00:47:15] Bootstrap tree #878, logLikelihood: -20976.369264
[00:47:17] Bootstrap tree #879, logLikelihood: -21047.430833
[00:47:20] Bootstrap tree #880, logLikelihood: -21649.472288
[00:47:23] Bootstrap tree #881, logLikelihood: -21071.473069
[00:47:26] Bootstrap tree #882, logLikelihood: -21102.937375
[00:47:29] Bootstrap tree #883, logLikelihood: -21087.419159
[00:47:32] Bootstrap tree #884, logLikelihood: -21307.282924
[00:47:35] Bootstrap tree #885, logLikelihood: -21433.999541
[00:47:37] Bootstrap tree #886, logLikelihood: -21324.425121
[00:47:39] Bootstrap tree #887, logLikelihood: -20840.220836
[00:47:42] Bootstrap tree #888, logLikelihood: -20619.546413
[00:47:44] Bootstrap tree #889, logLikelihood: -21144.915165
[00:47:47] Bootstrap tree #890, logLikelihood: -21533.015005
[00:47:52] Bootstrap tree #891, logLikelihood: -21292.709632
[00:47:55] Bootstrap tree #892, logLikelihood: -21624.567601
[00:47:58] Bootstrap tree #893, logLikelihood: -20834.899664
[00:48:00] Bootstrap tree #894, logLikelihood: -20993.502481
[00:48:03] Bootstrap tree #895, logLikelihood: -20682.418772
[00:48:05] Bootstrap tree #896, logLikelihood: -21031.397169
[00:48:09] Bootstrap tree #897, logLikelihood: -20822.437374
[00:48:14] Bootstrap tree #898, logLikelihood: -21071.560255
[00:48:17] Bootstrap tree #899, logLikelihood: -20706.357000
[00:48:20] Bootstrap tree #900, logLikelihood: -21082.560369
[00:48:24] Bootstrap tree #901, logLikelihood: -21391.759496
[00:48:26] Bootstrap tree #902, logLikelihood: -21249.803605
[00:48:32] Bootstrap tree #903, logLikelihood: -20723.937269
[00:48:34] Bootstrap tree #904, logLikelihood: -20802.563391
[00:48:37] Bootstrap tree #905, logLikelihood: -21183.635317
[00:48:41] Bootstrap tree #906, logLikelihood: -20902.983566
[00:48:43] Bootstrap tree #907, logLikelihood: -20836.845212
[00:48:49] Bootstrap tree #908, logLikelihood: -21187.158699
[00:48:51] Bootstrap tree #909, logLikelihood: -21089.335892
[00:48:54] Bootstrap tree #910, logLikelihood: -20690.853816
[00:48:57] Bootstrap tree #911, logLikelihood: -20807.727835
[00:49:00] Bootstrap tree #912, logLikelihood: -21057.450313
[00:49:02] Bootstrap tree #913, logLikelihood: -20534.422632
[00:49:07] Bootstrap tree #914, logLikelihood: -21198.955131
[00:49:09] Bootstrap tree #915, logLikelihood: -20892.931807
[00:49:12] Bootstrap tree #916, logLikelihood: -21005.294308
[00:49:14] Bootstrap tree #917, logLikelihood: -21005.589703
[00:49:17] Bootstrap tree #918, logLikelihood: -20869.325028
[00:49:20] Bootstrap tree #919, logLikelihood: -20577.457389
[00:49:22] Bootstrap tree #920, logLikelihood: -20624.042553
[00:49:25] Bootstrap tree #921, logLikelihood: -20717.494429
[00:49:28] Bootstrap tree #922, logLikelihood: -21287.983933
[00:49:30] Bootstrap tree #923, logLikelihood: -20752.542910
[00:49:33] Bootstrap tree #924, logLikelihood: -21144.578100
[00:49:36] Bootstrap tree #925, logLikelihood: -21286.983890
[00:49:40] Bootstrap tree #926, logLikelihood: -21616.158025
[00:49:42] Bootstrap tree #927, logLikelihood: -21209.676005
[00:49:45] Bootstrap tree #928, logLikelihood: -21539.169622
[00:49:48] Bootstrap tree #929, logLikelihood: -21172.135077
[00:49:50] Bootstrap tree #930, logLikelihood: -20959.352705
[00:49:53] Bootstrap tree #931, logLikelihood: -20924.516360
[00:49:57] Bootstrap tree #932, logLikelihood: -20888.064247
[00:50:00] Bootstrap tree #933, logLikelihood: -20636.016983
[00:50:03] Bootstrap tree #934, logLikelihood: -21845.201790
[00:50:06] Bootstrap tree #935, logLikelihood: -21154.084815
[00:50:09] Bootstrap tree #936, logLikelihood: -20878.655622
[00:50:13] Bootstrap tree #937, logLikelihood: -21188.913547
[00:50:16] Bootstrap tree #938, logLikelihood: -21559.024740
[00:50:19] Bootstrap tree #939, logLikelihood: -21063.530750
[00:50:22] Bootstrap tree #940, logLikelihood: -21061.783817
[00:50:26] Bootstrap tree #941, logLikelihood: -21222.648315
[00:50:29] Bootstrap tree #942, logLikelihood: -20841.098694
[00:50:32] Bootstrap tree #943, logLikelihood: -20878.173789
[00:50:35] Bootstrap tree #944, logLikelihood: -21526.230316
[00:50:38] Bootstrap tree #945, logLikelihood: -21429.414088
[00:50:41] Bootstrap tree #946, logLikelihood: -21175.660914
[00:50:44] Bootstrap tree #947, logLikelihood: -20909.248219
[00:50:46] Bootstrap tree #948, logLikelihood: -21099.064317
[00:50:49] Bootstrap tree #949, logLikelihood: -21067.912405
[00:50:51] Bootstrap tree #950, logLikelihood: -21051.994867
[00:50:54] Bootstrap tree #951, logLikelihood: -20752.609269
[00:50:59] Bootstrap tree #952, logLikelihood: -21245.990873
[00:51:03] Bootstrap tree #953, logLikelihood: -21315.304122
[00:51:06] Bootstrap tree #954, logLikelihood: -20150.904188
[00:51:08] Bootstrap tree #955, logLikelihood: -21370.100143
[00:51:12] Bootstrap tree #956, logLikelihood: -20949.278125
[00:51:14] Bootstrap tree #957, logLikelihood: -20772.687190
[00:51:18] Bootstrap tree #958, logLikelihood: -20806.870919
[00:51:21] Bootstrap tree #959, logLikelihood: -21038.660411
[00:51:25] Bootstrap tree #960, logLikelihood: -21087.834234
[00:51:28] Bootstrap tree #961, logLikelihood: -21077.650244
[00:51:31] Bootstrap tree #962, logLikelihood: -21032.831717
[00:51:34] Bootstrap tree #963, logLikelihood: -20800.291964
[00:51:38] Bootstrap tree #964, logLikelihood: -21399.154906
[00:51:41] Bootstrap tree #965, logLikelihood: -20931.927006
[00:51:45] Bootstrap tree #966, logLikelihood: -20766.555613
[00:51:48] Bootstrap tree #967, logLikelihood: -21412.347848
[00:51:51] Bootstrap tree #968, logLikelihood: -20488.166608
[00:51:55] Bootstrap tree #969, logLikelihood: -21601.985726
[00:51:58] Bootstrap tree #970, logLikelihood: -21394.202905
[00:52:02] Bootstrap tree #971, logLikelihood: -20735.158933
[00:52:05] Bootstrap tree #972, logLikelihood: -20379.034360
[00:52:09] Bootstrap tree #973, logLikelihood: -21029.583842
[00:52:12] Bootstrap tree #974, logLikelihood: -20831.560612
[00:52:16] Bootstrap tree #975, logLikelihood: -21005.178696
[00:52:19] Bootstrap tree #976, logLikelihood: -20529.835388
[00:52:24] Bootstrap tree #977, logLikelihood: -21266.349834
[00:52:27] Bootstrap tree #978, logLikelihood: -21220.889226
[00:52:32] Bootstrap tree #979, logLikelihood: -21052.255945
[00:52:35] Bootstrap tree #980, logLikelihood: -21259.249817
[00:52:37] Bootstrap tree #981, logLikelihood: -20895.705731
[00:52:40] Bootstrap tree #982, logLikelihood: -20514.476031
[00:52:43] Bootstrap tree #983, logLikelihood: -21702.447086
[00:52:46] Bootstrap tree #984, logLikelihood: -20910.831636
[00:52:49] Bootstrap tree #985, logLikelihood: -21059.788711
[00:52:52] Bootstrap tree #986, logLikelihood: -20853.909142
[00:52:55] Bootstrap tree #987, logLikelihood: -21277.170781
[00:52:58] Bootstrap tree #988, logLikelihood: -20529.305554
[00:53:01] Bootstrap tree #989, logLikelihood: -21755.876687
[00:53:03] Bootstrap tree #990, logLikelihood: -21300.265247
[00:53:09] Bootstrap tree #991, logLikelihood: -20936.800986
[00:53:11] Bootstrap tree #992, logLikelihood: -21064.904122
[00:53:14] Bootstrap tree #993, logLikelihood: -20902.553753
[00:53:17] Bootstrap tree #994, logLikelihood: -21280.815630
[00:53:20] Bootstrap tree #995, logLikelihood: -21411.829526
[00:53:24] Bootstrap tree #996, logLikelihood: -21407.108116
[00:53:26] Bootstrap tree #997, logLikelihood: -20775.400645
[00:53:29] Bootstrap tree #998, logLikelihood: -20774.014471
[00:53:32] Bootstrap tree #999, logLikelihood: -21074.032617
[00:53:34] Bootstrap tree #1000, logLikelihood: -20727.390765

Optimized model parameters:

   Partition 0: noname
   Rate heterogeneity: GAMMA (4 cats, mean),  alpha: 2.394339 (ML),  weights&rates: (0.250000,0.336205) (0.250000,0.691314) (0.250000,1.077322) (0.250000,1.895159) 
   Base frequencies (ML): 0.284237 0.200593 0.237810 0.277360 
   Substitution rates (ML): 1.635582 3.832417 1.495784 1.223197 4.721899 1.000000 


Final LogLikelihood: -21124.940007

AIC score: 42349.880013 / AICc score: 42353.842717 / BIC score: 42609.826575
Free parameters (model + branch lengths): 50

Best ML tree saved to: /home/seddik/Documents/Synesth/iter6/all_Cas_trees/Cas6/Tree.raxml.bestTree
All ML trees saved to: /home/seddik/Documents/Synesth/iter6/all_Cas_trees/Cas6/Tree.raxml.mlTrees
Best ML tree with Felsenstein bootstrap (FBP) support values saved to: /home/seddik/Documents/Synesth/iter6/all_Cas_trees/Cas6/Tree.raxml.support
Optimized model saved to: /home/seddik/Documents/Synesth/iter6/all_Cas_trees/Cas6/Tree.raxml.bestModel
Bootstrap trees saved to: /home/seddik/Documents/Synesth/iter6/all_Cas_trees/Cas6/Tree.raxml.bootstraps

Execution log saved to: /home/seddik/Documents/Synesth/iter6/all_Cas_trees/Cas6/Tree.raxml.log

Analysis started: 30-Jul-2024 14:22:28 / finished: 30-Jul-2024 15:16:03

Elapsed time: 3214.634 seconds

