
RAxML-NG v. 0.9.0 released on 20.05.2019 by The Exelixis Lab.
Developed by: Alexey M. Kozlov and Alexandros Stamatakis.
Contributors: Diego Darriba, Tomas Flouri, Benoit Morel, Sarah Lutteropp, Ben Bettisworth.
Latest version: https://github.com/amkozlov/raxml-ng
Questions/problems/suggestions? Please visit: https://groups.google.com/forum/#!forum/raxml

RAxML-NG was called at 30-Jul-2024 17:51:33 as follows:

raxml-ng --all --msa all_Cas_aligned/all_Cmr3_aligned.fna --model GTR+G --bs-trees 1000 --threads 4 --prefix all_Cas_trees/Cmr3/Tree

Analysis options:
  run mode: ML tree search + bootstrapping (Felsenstein Bootstrap)
  start tree(s): random (10) + parsimony (10)
  bootstrap replicates: 1000
  random seed: 1722376293
  tip-inner: OFF
  pattern compression: ON
  per-rate scalers: OFF
  site repeats: ON
  branch lengths: proportional (ML estimate, algorithm: NR-FAST)
  SIMD kernels: AVX2
  parallelization: PTHREADS (4 threads), thread pinning: OFF

[00:00:00] Reading alignment from file: all_Cas_aligned/all_Cmr3_aligned.fna
[00:00:00] Loaded alignment with 7 taxa and 1606 sites

Alignment comprises 1 partitions and 1245 patterns

Partition 0: noname
Model: GTR+FO+G4m
Alignment sites / patterns: 1606 / 1245
Gaps: 32.79 %
Invariant sites: 21.73 %


NOTE: Binary MSA file created: all_Cas_trees/Cmr3/Tree.raxml.rba

[00:00:00] Generating 10 random starting tree(s) with 7 taxa
[00:00:00] Generating 10 parsimony starting tree(s) with 7 taxa
[00:00:00] Data distribution: max. partitions/sites/weight per thread: 1 / 312 / 4992

Starting ML tree search with 20 distinct starting trees

[00:00:00] ML tree search #1, logLikelihood: -9690.168108
[00:00:01] ML tree search #2, logLikelihood: -9690.184899
[00:00:01] ML tree search #3, logLikelihood: -9690.200471
[00:00:02] ML tree search #4, logLikelihood: -9690.192394
[00:00:02] ML tree search #5, logLikelihood: -9690.150933
[00:00:02] ML tree search #6, logLikelihood: -9690.202728
[00:00:03] ML tree search #7, logLikelihood: -9690.164595
[00:00:03] ML tree search #8, logLikelihood: -9690.194233
[00:00:04] ML tree search #9, logLikelihood: -9690.197948
[00:00:04] ML tree search #10, logLikelihood: -9690.177211
[00:00:05] ML tree search #11, logLikelihood: -9690.209812
[00:00:05] ML tree search #12, logLikelihood: -9690.192328
[00:00:06] ML tree search #13, logLikelihood: -9690.207901
[00:00:06] ML tree search #14, logLikelihood: -9690.170190
[00:00:07] ML tree search #15, logLikelihood: -9690.212452
[00:00:07] ML tree search #16, logLikelihood: -9690.160331
[00:00:08] ML tree search #17, logLikelihood: -9690.157248
[00:00:08] ML tree search #18, logLikelihood: -9690.161799
[00:00:09] ML tree search #19, logLikelihood: -9690.159617
[00:00:09] ML tree search #20, logLikelihood: -9690.201467

[00:00:09] ML tree search completed, best tree logLH: -9690.150933

[00:00:09] Starting bootstrapping analysis with 1000 replicates.

[00:00:09] Bootstrap tree #1, logLikelihood: -9736.573581
[00:00:10] Bootstrap tree #2, logLikelihood: -9452.752897
[00:00:10] Bootstrap tree #3, logLikelihood: -9661.037387
[00:00:11] Bootstrap tree #4, logLikelihood: -9708.148021
[00:00:11] Bootstrap tree #5, logLikelihood: -9690.349574
[00:00:11] Bootstrap tree #6, logLikelihood: -9813.389217
[00:00:12] Bootstrap tree #7, logLikelihood: -9593.769279
[00:00:12] Bootstrap tree #8, logLikelihood: -9618.229160
[00:00:12] Bootstrap tree #9, logLikelihood: -9616.216246
[00:00:13] Bootstrap tree #10, logLikelihood: -9551.863812
[00:00:13] Bootstrap tree #11, logLikelihood: -9723.503869
[00:00:13] Bootstrap tree #12, logLikelihood: -9766.965217
[00:00:14] Bootstrap tree #13, logLikelihood: -9730.817010
[00:00:14] Bootstrap tree #14, logLikelihood: -9518.322161
[00:00:14] Bootstrap tree #15, logLikelihood: -9583.734240
[00:00:15] Bootstrap tree #16, logLikelihood: -9914.118308
[00:00:15] Bootstrap tree #17, logLikelihood: -9491.262070
[00:00:15] Bootstrap tree #18, logLikelihood: -9747.915107
[00:00:16] Bootstrap tree #19, logLikelihood: -9680.247901
[00:00:16] Bootstrap tree #20, logLikelihood: -9634.178401
[00:00:16] Bootstrap tree #21, logLikelihood: -9589.773403
[00:00:17] Bootstrap tree #22, logLikelihood: -9608.178312
[00:00:17] Bootstrap tree #23, logLikelihood: -9631.462356
[00:00:17] Bootstrap tree #24, logLikelihood: -9939.503621
[00:00:18] Bootstrap tree #25, logLikelihood: -9765.458394
[00:00:18] Bootstrap tree #26, logLikelihood: -9675.073600
[00:00:18] Bootstrap tree #27, logLikelihood: -9633.155124
[00:00:19] Bootstrap tree #28, logLikelihood: -9634.445320
[00:00:19] Bootstrap tree #29, logLikelihood: -9662.578515
[00:00:19] Bootstrap tree #30, logLikelihood: -9687.581237
[00:00:20] Bootstrap tree #31, logLikelihood: -9785.977566
[00:00:20] Bootstrap tree #32, logLikelihood: -9534.397366
[00:00:21] Bootstrap tree #33, logLikelihood: -9552.956601
[00:00:21] Bootstrap tree #34, logLikelihood: -9616.279449
[00:00:21] Bootstrap tree #35, logLikelihood: -9695.297024
[00:00:22] Bootstrap tree #36, logLikelihood: -9521.672871
[00:00:22] Bootstrap tree #37, logLikelihood: -9590.051636
[00:00:22] Bootstrap tree #38, logLikelihood: -9500.537099
[00:00:23] Bootstrap tree #39, logLikelihood: -9660.411003
[00:00:23] Bootstrap tree #40, logLikelihood: -9869.951796
[00:00:23] Bootstrap tree #41, logLikelihood: -9665.448296
[00:00:24] Bootstrap tree #42, logLikelihood: -9601.350977
[00:00:24] Bootstrap tree #43, logLikelihood: -9679.983456
[00:00:24] Bootstrap tree #44, logLikelihood: -9790.862833
[00:00:25] Bootstrap tree #45, logLikelihood: -9697.035230
[00:00:25] Bootstrap tree #46, logLikelihood: -9779.220091
[00:00:26] Bootstrap tree #47, logLikelihood: -9733.110906
[00:00:26] Bootstrap tree #48, logLikelihood: -9785.710391
[00:00:26] Bootstrap tree #49, logLikelihood: -9766.468619
[00:00:27] Bootstrap tree #50, logLikelihood: -9782.257335
[00:00:27] Bootstrap tree #51, logLikelihood: -9586.883422
[00:00:27] Bootstrap tree #52, logLikelihood: -9415.213586
[00:00:28] Bootstrap tree #53, logLikelihood: -9593.036923
[00:00:28] Bootstrap tree #54, logLikelihood: -9682.668440
[00:00:28] Bootstrap tree #55, logLikelihood: -9745.506587
[00:00:29] Bootstrap tree #56, logLikelihood: -9821.856541
[00:00:29] Bootstrap tree #57, logLikelihood: -9631.738833
[00:00:29] Bootstrap tree #58, logLikelihood: -9812.581096
[00:00:30] Bootstrap tree #59, logLikelihood: -9681.109404
[00:00:30] Bootstrap tree #60, logLikelihood: -9674.566352
[00:00:31] Bootstrap tree #61, logLikelihood: -9645.631256
[00:00:31] Bootstrap tree #62, logLikelihood: -9727.995289
[00:00:31] Bootstrap tree #63, logLikelihood: -9590.259690
[00:00:32] Bootstrap tree #64, logLikelihood: -9600.784179
[00:00:32] Bootstrap tree #65, logLikelihood: -9770.094177
[00:00:32] Bootstrap tree #66, logLikelihood: -9813.352487
[00:00:33] Bootstrap tree #67, logLikelihood: -9737.105615
[00:00:33] Bootstrap tree #68, logLikelihood: -9536.689162
[00:00:33] Bootstrap tree #69, logLikelihood: -9640.996385
[00:00:34] Bootstrap tree #70, logLikelihood: -9679.630053
[00:00:34] Bootstrap tree #71, logLikelihood: -9748.746278
[00:00:35] Bootstrap tree #72, logLikelihood: -9759.255299
[00:00:35] Bootstrap tree #73, logLikelihood: -9618.192915
[00:00:35] Bootstrap tree #74, logLikelihood: -9727.584560
[00:00:36] Bootstrap tree #75, logLikelihood: -9645.334290
[00:00:36] Bootstrap tree #76, logLikelihood: -9551.446149
[00:00:36] Bootstrap tree #77, logLikelihood: -9709.888198
[00:00:37] Bootstrap tree #78, logLikelihood: -9581.397289
[00:00:37] Bootstrap tree #79, logLikelihood: -9707.753173
[00:00:37] Bootstrap tree #80, logLikelihood: -9714.617665
[00:00:38] Bootstrap tree #81, logLikelihood: -9604.438412
[00:00:38] Bootstrap tree #82, logLikelihood: -9552.891722
[00:00:39] Bootstrap tree #83, logLikelihood: -9734.899837
[00:00:39] Bootstrap tree #84, logLikelihood: -9758.214319
[00:00:39] Bootstrap tree #85, logLikelihood: -9775.500520
[00:00:40] Bootstrap tree #86, logLikelihood: -9777.270653
[00:00:40] Bootstrap tree #87, logLikelihood: -9622.956462
[00:00:40] Bootstrap tree #88, logLikelihood: -9894.039287
[00:00:41] Bootstrap tree #89, logLikelihood: -9555.140930
[00:00:41] Bootstrap tree #90, logLikelihood: -9817.404095
[00:00:41] Bootstrap tree #91, logLikelihood: -9513.317701
[00:00:42] Bootstrap tree #92, logLikelihood: -9483.995880
[00:00:42] Bootstrap tree #93, logLikelihood: -9640.096642
[00:00:42] Bootstrap tree #94, logLikelihood: -9639.888900
[00:00:43] Bootstrap tree #95, logLikelihood: -9608.501845
[00:00:43] Bootstrap tree #96, logLikelihood: -9729.029586
[00:00:43] Bootstrap tree #97, logLikelihood: -9698.288596
[00:00:44] Bootstrap tree #98, logLikelihood: -9550.766029
[00:00:44] Bootstrap tree #99, logLikelihood: -9629.765292
[00:00:44] Bootstrap tree #100, logLikelihood: -9704.802792
[00:00:45] Bootstrap tree #101, logLikelihood: -9881.543445
[00:00:45] Bootstrap tree #102, logLikelihood: -9963.710448
[00:00:45] Bootstrap tree #103, logLikelihood: -9648.651076
[00:00:46] Bootstrap tree #104, logLikelihood: -9549.911796
[00:00:46] Bootstrap tree #105, logLikelihood: -9738.383631
[00:00:47] Bootstrap tree #106, logLikelihood: -9779.710422
[00:00:47] Bootstrap tree #107, logLikelihood: -9881.988930
[00:00:47] Bootstrap tree #108, logLikelihood: -9669.590769
[00:00:48] Bootstrap tree #109, logLikelihood: -9602.095627
[00:00:48] Bootstrap tree #110, logLikelihood: -9698.255515
[00:00:48] Bootstrap tree #111, logLikelihood: -9706.418926
[00:00:49] Bootstrap tree #112, logLikelihood: -9681.391374
[00:00:49] Bootstrap tree #113, logLikelihood: -9720.899721
[00:00:49] Bootstrap tree #114, logLikelihood: -9802.393028
[00:00:50] Bootstrap tree #115, logLikelihood: -9680.185762
[00:00:50] Bootstrap tree #116, logLikelihood: -9545.773475
[00:00:51] Bootstrap tree #117, logLikelihood: -9793.563127
[00:00:51] Bootstrap tree #118, logLikelihood: -9686.408538
[00:00:51] Bootstrap tree #119, logLikelihood: -9703.086288
[00:00:52] Bootstrap tree #120, logLikelihood: -9483.430511
[00:00:52] Bootstrap tree #121, logLikelihood: -9724.105451
[00:00:52] Bootstrap tree #122, logLikelihood: -9783.492101
[00:00:53] Bootstrap tree #123, logLikelihood: -9645.734245
[00:00:53] Bootstrap tree #124, logLikelihood: -9646.749600
[00:00:53] Bootstrap tree #125, logLikelihood: -9674.542539
[00:00:54] Bootstrap tree #126, logLikelihood: -9806.064977
[00:00:54] Bootstrap tree #127, logLikelihood: -9827.763601
[00:00:55] Bootstrap tree #128, logLikelihood: -9681.713061
[00:00:55] Bootstrap tree #129, logLikelihood: -9704.954490
[00:00:55] Bootstrap tree #130, logLikelihood: -9774.303769
[00:00:56] Bootstrap tree #131, logLikelihood: -9724.013570
[00:00:56] Bootstrap tree #132, logLikelihood: -9804.875026
[00:00:56] Bootstrap tree #133, logLikelihood: -9564.890524
[00:00:57] Bootstrap tree #134, logLikelihood: -9526.097845
[00:00:57] Bootstrap tree #135, logLikelihood: -9489.884651
[00:00:57] Bootstrap tree #136, logLikelihood: -9674.937029
[00:00:57] Bootstrap tree #137, logLikelihood: -9638.247152
[00:00:58] Bootstrap tree #138, logLikelihood: -9696.209020
[00:00:58] Bootstrap tree #139, logLikelihood: -9613.023706
[00:00:59] Bootstrap tree #140, logLikelihood: -9553.911488
[00:00:59] Bootstrap tree #141, logLikelihood: -9569.468602
[00:00:59] Bootstrap tree #142, logLikelihood: -9571.255195
[00:01:00] Bootstrap tree #143, logLikelihood: -9692.751471
[00:01:00] Bootstrap tree #144, logLikelihood: -9444.488911
[00:01:00] Bootstrap tree #145, logLikelihood: -9790.338572
[00:01:01] Bootstrap tree #146, logLikelihood: -9695.779845
[00:01:01] Bootstrap tree #147, logLikelihood: -9562.177492
[00:01:01] Bootstrap tree #148, logLikelihood: -9514.325913
[00:01:02] Bootstrap tree #149, logLikelihood: -9708.305129
[00:01:02] Bootstrap tree #150, logLikelihood: -9664.745401
[00:01:02] Bootstrap tree #151, logLikelihood: -9704.182981
[00:01:03] Bootstrap tree #152, logLikelihood: -9733.762076
[00:01:03] Bootstrap tree #153, logLikelihood: -9810.143788
[00:01:03] Bootstrap tree #154, logLikelihood: -9846.762591
[00:01:04] Bootstrap tree #155, logLikelihood: -9941.803143
[00:01:04] Bootstrap tree #156, logLikelihood: -9599.129224
[00:01:05] Bootstrap tree #157, logLikelihood: -9694.446423
[00:01:05] Bootstrap tree #158, logLikelihood: -9621.665442
[00:01:05] Bootstrap tree #159, logLikelihood: -9612.841394
[00:01:06] Bootstrap tree #160, logLikelihood: -9925.918052
[00:01:06] Bootstrap tree #161, logLikelihood: -9619.271036
[00:01:06] Bootstrap tree #162, logLikelihood: -9923.625578
[00:01:07] Bootstrap tree #163, logLikelihood: -9785.885416
[00:01:07] Bootstrap tree #164, logLikelihood: -9610.674562
[00:01:08] Bootstrap tree #165, logLikelihood: -9570.228054
[00:01:08] Bootstrap tree #166, logLikelihood: -9711.132364
[00:01:08] Bootstrap tree #167, logLikelihood: -9639.328480
[00:01:09] Bootstrap tree #168, logLikelihood: -9675.529452
[00:01:09] Bootstrap tree #169, logLikelihood: -9635.177689
[00:01:09] Bootstrap tree #170, logLikelihood: -9704.115664
[00:01:10] Bootstrap tree #171, logLikelihood: -9743.869765
[00:01:10] Bootstrap tree #172, logLikelihood: -9674.048933
[00:01:10] Bootstrap tree #173, logLikelihood: -9653.762748
[00:01:11] Bootstrap tree #174, logLikelihood: -9827.647370
[00:01:11] Bootstrap tree #175, logLikelihood: -9776.101503
[00:01:11] Bootstrap tree #176, logLikelihood: -9473.290415
[00:01:12] Bootstrap tree #177, logLikelihood: -9833.308613
[00:01:12] Bootstrap tree #178, logLikelihood: -9512.282682
[00:01:12] Bootstrap tree #179, logLikelihood: -9775.646813
[00:01:13] Bootstrap tree #180, logLikelihood: -9524.489338
[00:01:13] Bootstrap tree #181, logLikelihood: -9815.240590
[00:01:13] Bootstrap tree #182, logLikelihood: -9766.181506
[00:01:14] Bootstrap tree #183, logLikelihood: -9699.309339
[00:01:14] Bootstrap tree #184, logLikelihood: -9723.435205
[00:01:15] Bootstrap tree #185, logLikelihood: -9751.766893
[00:01:15] Bootstrap tree #186, logLikelihood: -9585.922472
[00:01:15] Bootstrap tree #187, logLikelihood: -9446.096626
[00:01:15] Bootstrap tree #188, logLikelihood: -9816.638372
[00:01:16] Bootstrap tree #189, logLikelihood: -9652.539114
[00:01:16] Bootstrap tree #190, logLikelihood: -9530.267090
[00:01:17] Bootstrap tree #191, logLikelihood: -9697.366047
[00:01:17] Bootstrap tree #192, logLikelihood: -9732.821167
[00:01:17] Bootstrap tree #193, logLikelihood: -9561.364159
[00:01:18] Bootstrap tree #194, logLikelihood: -9594.965936
[00:01:18] Bootstrap tree #195, logLikelihood: -9599.886009
[00:01:18] Bootstrap tree #196, logLikelihood: -9727.004020
[00:01:19] Bootstrap tree #197, logLikelihood: -9646.287577
[00:01:19] Bootstrap tree #198, logLikelihood: -9558.512183
[00:01:20] Bootstrap tree #199, logLikelihood: -9700.922446
[00:01:20] Bootstrap tree #200, logLikelihood: -9588.996549
[00:01:21] Bootstrap tree #201, logLikelihood: -9654.482435
[00:01:21] Bootstrap tree #202, logLikelihood: -9608.353258
[00:01:21] Bootstrap tree #203, logLikelihood: -9546.877101
[00:01:22] Bootstrap tree #204, logLikelihood: -9442.369408
[00:01:22] Bootstrap tree #205, logLikelihood: -9711.423106
[00:01:22] Bootstrap tree #206, logLikelihood: -9720.583459
[00:01:23] Bootstrap tree #207, logLikelihood: -9726.311841
[00:01:23] Bootstrap tree #208, logLikelihood: -9775.845200
[00:01:23] Bootstrap tree #209, logLikelihood: -9503.964898
[00:01:24] Bootstrap tree #210, logLikelihood: -9505.730011
[00:01:24] Bootstrap tree #211, logLikelihood: -9757.369111
[00:01:24] Bootstrap tree #212, logLikelihood: -9517.460715
[00:01:25] Bootstrap tree #213, logLikelihood: -9670.048021
[00:01:25] Bootstrap tree #214, logLikelihood: -9518.048338
[00:01:25] Bootstrap tree #215, logLikelihood: -9841.677030
[00:01:26] Bootstrap tree #216, logLikelihood: -9643.337630
[00:01:26] Bootstrap tree #217, logLikelihood: -9823.027629
[00:01:27] Bootstrap tree #218, logLikelihood: -9824.200960
[00:01:27] Bootstrap tree #219, logLikelihood: -9632.367786
[00:01:27] Bootstrap tree #220, logLikelihood: -9669.244572
[00:01:28] Bootstrap tree #221, logLikelihood: -9628.658280
[00:01:28] Bootstrap tree #222, logLikelihood: -9749.516272
[00:01:28] Bootstrap tree #223, logLikelihood: -9588.765034
[00:01:29] Bootstrap tree #224, logLikelihood: -9626.003230
[00:01:29] Bootstrap tree #225, logLikelihood: -9484.633890
[00:01:30] Bootstrap tree #226, logLikelihood: -9783.293436
[00:01:30] Bootstrap tree #227, logLikelihood: -9686.155072
[00:01:30] Bootstrap tree #228, logLikelihood: -9859.555817
[00:01:31] Bootstrap tree #229, logLikelihood: -9792.734369
[00:01:31] Bootstrap tree #230, logLikelihood: -9510.008540
[00:01:31] Bootstrap tree #231, logLikelihood: -9701.616839
[00:01:32] Bootstrap tree #232, logLikelihood: -9479.555683
[00:01:32] Bootstrap tree #233, logLikelihood: -9679.885255
[00:01:33] Bootstrap tree #234, logLikelihood: -9756.050436
[00:01:33] Bootstrap tree #235, logLikelihood: -9765.823526
[00:01:33] Bootstrap tree #236, logLikelihood: -9722.361417
[00:01:34] Bootstrap tree #237, logLikelihood: -9775.707263
[00:01:34] Bootstrap tree #238, logLikelihood: -9774.905505
[00:01:35] Bootstrap tree #239, logLikelihood: -9597.455913
[00:01:35] Bootstrap tree #240, logLikelihood: -9616.793500
[00:01:35] Bootstrap tree #241, logLikelihood: -9402.861987
[00:01:36] Bootstrap tree #242, logLikelihood: -9677.172139
[00:01:36] Bootstrap tree #243, logLikelihood: -9671.091891
[00:01:36] Bootstrap tree #244, logLikelihood: -9668.111347
[00:01:37] Bootstrap tree #245, logLikelihood: -9698.325740
[00:01:37] Bootstrap tree #246, logLikelihood: -9546.756543
[00:01:38] Bootstrap tree #247, logLikelihood: -9842.182886
[00:01:38] Bootstrap tree #248, logLikelihood: -9663.307424
[00:01:38] Bootstrap tree #249, logLikelihood: -9659.467984
[00:01:39] Bootstrap tree #250, logLikelihood: -9846.452518
[00:01:39] Bootstrap tree #251, logLikelihood: -9566.830421
[00:01:39] Bootstrap tree #252, logLikelihood: -9485.987570
[00:01:40] Bootstrap tree #253, logLikelihood: -9686.064182
[00:01:40] Bootstrap tree #254, logLikelihood: -9662.762042
[00:01:40] Bootstrap tree #255, logLikelihood: -9832.568994
[00:01:41] Bootstrap tree #256, logLikelihood: -9606.911343
[00:01:41] Bootstrap tree #257, logLikelihood: -9693.076944
[00:01:42] Bootstrap tree #258, logLikelihood: -9806.715016
[00:01:42] Bootstrap tree #259, logLikelihood: -9770.518512
[00:01:42] Bootstrap tree #260, logLikelihood: -9851.540645
[00:01:43] Bootstrap tree #261, logLikelihood: -9731.974484
[00:01:43] Bootstrap tree #262, logLikelihood: -9691.539115
[00:01:43] Bootstrap tree #263, logLikelihood: -9716.265743
[00:01:44] Bootstrap tree #264, logLikelihood: -9770.618275
[00:01:44] Bootstrap tree #265, logLikelihood: -9506.148647
[00:01:44] Bootstrap tree #266, logLikelihood: -9467.006734
[00:01:45] Bootstrap tree #267, logLikelihood: -9566.078520
[00:01:45] Bootstrap tree #268, logLikelihood: -9826.114869
[00:01:45] Bootstrap tree #269, logLikelihood: -9400.562863
[00:01:46] Bootstrap tree #270, logLikelihood: -9666.742242
[00:01:46] Bootstrap tree #271, logLikelihood: -9672.485932
[00:01:47] Bootstrap tree #272, logLikelihood: -9696.994965
[00:01:47] Bootstrap tree #273, logLikelihood: -9781.099449
[00:01:47] Bootstrap tree #274, logLikelihood: -9998.554104
[00:01:48] Bootstrap tree #275, logLikelihood: -9497.681575
[00:01:48] Bootstrap tree #276, logLikelihood: -9642.545307
[00:01:48] Bootstrap tree #277, logLikelihood: -9712.883898
[00:01:49] Bootstrap tree #278, logLikelihood: -9818.364215
[00:01:49] Bootstrap tree #279, logLikelihood: -9489.852434
[00:01:50] Bootstrap tree #280, logLikelihood: -9417.789347
[00:01:50] Bootstrap tree #281, logLikelihood: -9533.137071
[00:01:50] Bootstrap tree #282, logLikelihood: -9573.033447
[00:01:51] Bootstrap tree #283, logLikelihood: -9795.155481
[00:01:51] Bootstrap tree #284, logLikelihood: -9672.410896
[00:01:52] Bootstrap tree #285, logLikelihood: -9611.581187
[00:01:52] Bootstrap tree #286, logLikelihood: -9522.523229
[00:01:52] Bootstrap tree #287, logLikelihood: -9505.687266
[00:01:53] Bootstrap tree #288, logLikelihood: -9801.342179
[00:01:53] Bootstrap tree #289, logLikelihood: -9697.481518
[00:01:53] Bootstrap tree #290, logLikelihood: -9593.131924
[00:01:54] Bootstrap tree #291, logLikelihood: -9357.038766
[00:01:54] Bootstrap tree #292, logLikelihood: -9723.234896
[00:01:54] Bootstrap tree #293, logLikelihood: -9658.455773
[00:01:55] Bootstrap tree #294, logLikelihood: -9517.755371
[00:01:55] Bootstrap tree #295, logLikelihood: -9433.938307
[00:01:55] Bootstrap tree #296, logLikelihood: -9882.724248
[00:01:56] Bootstrap tree #297, logLikelihood: -9467.498618
[00:01:56] Bootstrap tree #298, logLikelihood: -9689.766279
[00:01:57] Bootstrap tree #299, logLikelihood: -9759.314383
[00:01:57] Bootstrap tree #300, logLikelihood: -9835.382077
[00:01:58] Bootstrap tree #301, logLikelihood: -9587.724908
[00:01:58] Bootstrap tree #302, logLikelihood: -9878.079347
[00:01:58] Bootstrap tree #303, logLikelihood: -9537.191970
[00:01:59] Bootstrap tree #304, logLikelihood: -9928.478088
[00:01:59] Bootstrap tree #305, logLikelihood: -10048.089980
[00:01:59] Bootstrap tree #306, logLikelihood: -9431.084116
[00:02:00] Bootstrap tree #307, logLikelihood: -9632.583166
[00:02:00] Bootstrap tree #308, logLikelihood: -9461.891119
[00:02:00] Bootstrap tree #309, logLikelihood: -9718.196322
[00:02:01] Bootstrap tree #310, logLikelihood: -9894.714655
[00:02:01] Bootstrap tree #311, logLikelihood: -9698.073730
[00:02:02] Bootstrap tree #312, logLikelihood: -9824.507632
[00:02:02] Bootstrap tree #313, logLikelihood: -9666.571302
[00:02:02] Bootstrap tree #314, logLikelihood: -9696.655443
[00:02:03] Bootstrap tree #315, logLikelihood: -9706.911274
[00:02:03] Bootstrap tree #316, logLikelihood: -9745.198109
[00:02:04] Bootstrap tree #317, logLikelihood: -9883.430836
[00:02:04] Bootstrap tree #318, logLikelihood: -9834.854051
[00:02:04] Bootstrap tree #319, logLikelihood: -9650.991223
[00:02:05] Bootstrap tree #320, logLikelihood: -9557.413032
[00:02:05] Bootstrap tree #321, logLikelihood: -9757.503994
[00:02:06] Bootstrap tree #322, logLikelihood: -9492.042179
[00:02:06] Bootstrap tree #323, logLikelihood: -9704.583979
[00:02:06] Bootstrap tree #324, logLikelihood: -9649.516242
[00:02:07] Bootstrap tree #325, logLikelihood: -9850.808180
[00:02:07] Bootstrap tree #326, logLikelihood: -9590.786500
[00:02:07] Bootstrap tree #327, logLikelihood: -9476.933147
[00:02:08] Bootstrap tree #328, logLikelihood: -9522.318114
[00:02:08] Bootstrap tree #329, logLikelihood: -9841.327359
[00:02:08] Bootstrap tree #330, logLikelihood: -9593.581900
[00:02:09] Bootstrap tree #331, logLikelihood: -9823.004650
[00:02:09] Bootstrap tree #332, logLikelihood: -9745.437994
[00:02:10] Bootstrap tree #333, logLikelihood: -9696.189704
[00:02:10] Bootstrap tree #334, logLikelihood: -9739.009618
[00:02:10] Bootstrap tree #335, logLikelihood: -9453.279290
[00:02:11] Bootstrap tree #336, logLikelihood: -9454.845268
[00:02:11] Bootstrap tree #337, logLikelihood: -9687.358519
[00:02:11] Bootstrap tree #338, logLikelihood: -9491.479427
[00:02:12] Bootstrap tree #339, logLikelihood: -9786.873549
[00:02:12] Bootstrap tree #340, logLikelihood: -9592.190503
[00:02:12] Bootstrap tree #341, logLikelihood: -9756.947610
[00:02:13] Bootstrap tree #342, logLikelihood: -9613.225020
[00:02:13] Bootstrap tree #343, logLikelihood: -9425.268622
[00:02:14] Bootstrap tree #344, logLikelihood: -9726.207797
[00:02:14] Bootstrap tree #345, logLikelihood: -9705.403732
[00:02:14] Bootstrap tree #346, logLikelihood: -9699.563468
[00:02:15] Bootstrap tree #347, logLikelihood: -9458.680316
[00:02:15] Bootstrap tree #348, logLikelihood: -9632.005764
[00:02:15] Bootstrap tree #349, logLikelihood: -9329.816419
[00:02:16] Bootstrap tree #350, logLikelihood: -9699.000916
[00:02:16] Bootstrap tree #351, logLikelihood: -9709.887163
[00:02:16] Bootstrap tree #352, logLikelihood: -9645.672240
[00:02:17] Bootstrap tree #353, logLikelihood: -9583.958389
[00:02:17] Bootstrap tree #354, logLikelihood: -9629.477841
[00:02:17] Bootstrap tree #355, logLikelihood: -9462.867643
[00:02:18] Bootstrap tree #356, logLikelihood: -9803.413759
[00:02:18] Bootstrap tree #357, logLikelihood: -9753.566229
[00:02:18] Bootstrap tree #358, logLikelihood: -9621.191291
[00:02:19] Bootstrap tree #359, logLikelihood: -9685.255408
[00:02:19] Bootstrap tree #360, logLikelihood: -9575.826072
[00:02:19] Bootstrap tree #361, logLikelihood: -9692.955897
[00:02:20] Bootstrap tree #362, logLikelihood: -9676.659615
[00:02:20] Bootstrap tree #363, logLikelihood: -9667.478635
[00:02:20] Bootstrap tree #364, logLikelihood: -9580.628664
[00:02:21] Bootstrap tree #365, logLikelihood: -9624.729931
[00:02:21] Bootstrap tree #366, logLikelihood: -9814.663517
[00:02:22] Bootstrap tree #367, logLikelihood: -9657.366800
[00:02:22] Bootstrap tree #368, logLikelihood: -9613.237296
[00:02:22] Bootstrap tree #369, logLikelihood: -9770.045424
[00:02:23] Bootstrap tree #370, logLikelihood: -9661.904188
[00:02:23] Bootstrap tree #371, logLikelihood: -9741.780727
[00:02:23] Bootstrap tree #372, logLikelihood: -9590.013943
[00:02:24] Bootstrap tree #373, logLikelihood: -9732.550709
[00:02:24] Bootstrap tree #374, logLikelihood: -9578.540113
[00:02:25] Bootstrap tree #375, logLikelihood: -9808.129479
[00:02:25] Bootstrap tree #376, logLikelihood: -9674.907323
[00:02:25] Bootstrap tree #377, logLikelihood: -9773.079293
[00:02:26] Bootstrap tree #378, logLikelihood: -9665.791729
[00:02:26] Bootstrap tree #379, logLikelihood: -9728.010791
[00:02:26] Bootstrap tree #380, logLikelihood: -9803.178725
[00:02:27] Bootstrap tree #381, logLikelihood: -9559.837950
[00:02:27] Bootstrap tree #382, logLikelihood: -9694.604462
[00:02:28] Bootstrap tree #383, logLikelihood: -9548.638706
[00:02:28] Bootstrap tree #384, logLikelihood: -9497.674790
[00:02:28] Bootstrap tree #385, logLikelihood: -9824.292768
[00:02:28] Bootstrap tree #386, logLikelihood: -9614.040258
[00:02:29] Bootstrap tree #387, logLikelihood: -9723.320005
[00:02:29] Bootstrap tree #388, logLikelihood: -9938.816733
[00:02:30] Bootstrap tree #389, logLikelihood: -9822.583915
[00:02:30] Bootstrap tree #390, logLikelihood: -9635.432569
[00:02:30] Bootstrap tree #391, logLikelihood: -9768.680552
[00:02:31] Bootstrap tree #392, logLikelihood: -9590.977551
[00:02:31] Bootstrap tree #393, logLikelihood: -9536.094860
[00:02:31] Bootstrap tree #394, logLikelihood: -9602.448171
[00:02:32] Bootstrap tree #395, logLikelihood: -9628.638238
[00:02:32] Bootstrap tree #396, logLikelihood: -9687.018509
[00:02:33] Bootstrap tree #397, logLikelihood: -9728.440458
[00:02:33] Bootstrap tree #398, logLikelihood: -9738.731927
[00:02:33] Bootstrap tree #399, logLikelihood: -9607.817417
[00:02:34] Bootstrap tree #400, logLikelihood: -9636.038120
[00:02:34] Bootstrap tree #401, logLikelihood: -9672.160141
[00:02:35] Bootstrap tree #402, logLikelihood: -9651.608665
[00:02:35] Bootstrap tree #403, logLikelihood: -9643.462731
[00:02:35] Bootstrap tree #404, logLikelihood: -9637.734208
[00:02:36] Bootstrap tree #405, logLikelihood: -9789.095296
[00:02:36] Bootstrap tree #406, logLikelihood: -9757.650182
[00:02:37] Bootstrap tree #407, logLikelihood: -9616.409298
[00:02:37] Bootstrap tree #408, logLikelihood: -9622.711785
[00:02:37] Bootstrap tree #409, logLikelihood: -9689.044215
[00:02:38] Bootstrap tree #410, logLikelihood: -9408.639813
[00:02:38] Bootstrap tree #411, logLikelihood: -9550.817497
[00:02:38] Bootstrap tree #412, logLikelihood: -9584.338369
[00:02:39] Bootstrap tree #413, logLikelihood: -9787.028017
[00:02:39] Bootstrap tree #414, logLikelihood: -9531.179660
[00:02:40] Bootstrap tree #415, logLikelihood: -9697.840102
[00:02:40] Bootstrap tree #416, logLikelihood: -9680.371936
[00:02:40] Bootstrap tree #417, logLikelihood: -9806.024669
[00:02:41] Bootstrap tree #418, logLikelihood: -9754.901568
[00:02:41] Bootstrap tree #419, logLikelihood: -9792.209107
[00:02:41] Bootstrap tree #420, logLikelihood: -9702.281872
[00:02:42] Bootstrap tree #421, logLikelihood: -9600.548877
[00:02:42] Bootstrap tree #422, logLikelihood: -9736.848262
[00:02:42] Bootstrap tree #423, logLikelihood: -9562.262497
[00:02:43] Bootstrap tree #424, logLikelihood: -9867.746257
[00:02:43] Bootstrap tree #425, logLikelihood: -9847.307950
[00:02:44] Bootstrap tree #426, logLikelihood: -9845.536573
[00:02:44] Bootstrap tree #427, logLikelihood: -9775.389926
[00:02:44] Bootstrap tree #428, logLikelihood: -9622.742049
[00:02:45] Bootstrap tree #429, logLikelihood: -9793.303730
[00:02:45] Bootstrap tree #430, logLikelihood: -9726.189450
[00:02:46] Bootstrap tree #431, logLikelihood: -9698.502108
[00:02:46] Bootstrap tree #432, logLikelihood: -9800.999245
[00:02:47] Bootstrap tree #433, logLikelihood: -9741.414967
[00:02:47] Bootstrap tree #434, logLikelihood: -9771.832503
[00:02:47] Bootstrap tree #435, logLikelihood: -9682.892542
[00:02:48] Bootstrap tree #436, logLikelihood: -9899.625735
[00:02:48] Bootstrap tree #437, logLikelihood: -9794.120817
[00:02:49] Bootstrap tree #438, logLikelihood: -9808.149809
[00:02:49] Bootstrap tree #439, logLikelihood: -9673.161887
[00:02:49] Bootstrap tree #440, logLikelihood: -9719.574224
[00:02:50] Bootstrap tree #441, logLikelihood: -9731.698214
[00:02:50] Bootstrap tree #442, logLikelihood: -9756.974674
[00:02:51] Bootstrap tree #443, logLikelihood: -9702.254738
[00:02:51] Bootstrap tree #444, logLikelihood: -9705.133789
[00:02:51] Bootstrap tree #445, logLikelihood: -9760.743437
[00:02:52] Bootstrap tree #446, logLikelihood: -9868.495533
[00:02:52] Bootstrap tree #447, logLikelihood: -9977.432255
[00:02:53] Bootstrap tree #448, logLikelihood: -9759.277270
[00:02:53] Bootstrap tree #449, logLikelihood: -9611.564723
[00:02:53] Bootstrap tree #450, logLikelihood: -9578.050340
[00:02:54] Bootstrap tree #451, logLikelihood: -9577.887500
[00:02:54] Bootstrap tree #452, logLikelihood: -9553.700433
[00:02:54] Bootstrap tree #453, logLikelihood: -9627.324221
[00:02:55] Bootstrap tree #454, logLikelihood: -9730.296663
[00:02:55] Bootstrap tree #455, logLikelihood: -9639.909901
[00:02:55] Bootstrap tree #456, logLikelihood: -9973.441400
[00:02:56] Bootstrap tree #457, logLikelihood: -9900.369971
[00:02:56] Bootstrap tree #458, logLikelihood: -9541.848142
[00:02:57] Bootstrap tree #459, logLikelihood: -9639.069477
[00:02:57] Bootstrap tree #460, logLikelihood: -9489.532724
[00:02:57] Bootstrap tree #461, logLikelihood: -9618.098585
[00:02:58] Bootstrap tree #462, logLikelihood: -9674.488692
[00:02:58] Bootstrap tree #463, logLikelihood: -9549.710648
[00:02:58] Bootstrap tree #464, logLikelihood: -9511.106874
[00:02:59] Bootstrap tree #465, logLikelihood: -9683.138118
[00:02:59] Bootstrap tree #466, logLikelihood: -9649.559737
[00:02:59] Bootstrap tree #467, logLikelihood: -9616.085585
[00:03:00] Bootstrap tree #468, logLikelihood: -9568.461652
[00:03:00] Bootstrap tree #469, logLikelihood: -9732.700382
[00:03:00] Bootstrap tree #470, logLikelihood: -9659.831502
[00:03:01] Bootstrap tree #471, logLikelihood: -9624.963445
[00:03:01] Bootstrap tree #472, logLikelihood: -9586.502418
[00:03:02] Bootstrap tree #473, logLikelihood: -9631.445279
[00:03:02] Bootstrap tree #474, logLikelihood: -9546.116121
[00:03:02] Bootstrap tree #475, logLikelihood: -9778.123395
[00:03:03] Bootstrap tree #476, logLikelihood: -9485.431312
[00:03:03] Bootstrap tree #477, logLikelihood: -9742.431025
[00:03:03] Bootstrap tree #478, logLikelihood: -9682.428684
[00:03:04] Bootstrap tree #479, logLikelihood: -9512.341467
[00:03:04] Bootstrap tree #480, logLikelihood: -9613.015205
[00:03:05] Bootstrap tree #481, logLikelihood: -9697.657485
[00:03:05] Bootstrap tree #482, logLikelihood: -9898.684205
[00:03:05] Bootstrap tree #483, logLikelihood: -9655.999402
[00:03:06] Bootstrap tree #484, logLikelihood: -9539.193435
[00:03:06] Bootstrap tree #485, logLikelihood: -9829.594820
[00:03:06] Bootstrap tree #486, logLikelihood: -9767.610753
[00:03:07] Bootstrap tree #487, logLikelihood: -9902.933234
[00:03:07] Bootstrap tree #488, logLikelihood: -9695.194377
[00:03:07] Bootstrap tree #489, logLikelihood: -9568.593009
[00:03:08] Bootstrap tree #490, logLikelihood: -9793.458328
[00:03:08] Bootstrap tree #491, logLikelihood: -9788.136693
[00:03:08] Bootstrap tree #492, logLikelihood: -9677.973847
[00:03:09] Bootstrap tree #493, logLikelihood: -9662.795610
[00:03:09] Bootstrap tree #494, logLikelihood: -9575.723087
[00:03:10] Bootstrap tree #495, logLikelihood: -9619.161445
[00:03:10] Bootstrap tree #496, logLikelihood: -9740.369065
[00:03:10] Bootstrap tree #497, logLikelihood: -9602.670596
[00:03:11] Bootstrap tree #498, logLikelihood: -9746.542432
[00:03:11] Bootstrap tree #499, logLikelihood: -9865.435246
[00:03:11] Bootstrap tree #500, logLikelihood: -9522.495606
[00:03:12] Bootstrap tree #501, logLikelihood: -9781.193584
[00:03:12] Bootstrap tree #502, logLikelihood: -9588.097483
[00:03:12] Bootstrap tree #503, logLikelihood: -9514.221613
[00:03:13] Bootstrap tree #504, logLikelihood: -9559.497578
[00:03:13] Bootstrap tree #505, logLikelihood: -9468.529626
[00:03:13] Bootstrap tree #506, logLikelihood: -9884.179409
[00:03:13] Bootstrap tree #507, logLikelihood: -9842.412392
[00:03:14] Bootstrap tree #508, logLikelihood: -9729.082549
[00:03:14] Bootstrap tree #509, logLikelihood: -9819.402168
[00:03:15] Bootstrap tree #510, logLikelihood: -9743.729541
[00:03:15] Bootstrap tree #511, logLikelihood: -9677.837715
[00:03:15] Bootstrap tree #512, logLikelihood: -9609.160753
[00:03:16] Bootstrap tree #513, logLikelihood: -9849.695248
[00:03:16] Bootstrap tree #514, logLikelihood: -9598.279951
[00:03:17] Bootstrap tree #515, logLikelihood: -9463.038477
[00:03:17] Bootstrap tree #516, logLikelihood: -9633.202461
[00:03:17] Bootstrap tree #517, logLikelihood: -9820.829445
[00:03:17] Bootstrap tree #518, logLikelihood: -9751.107701
[00:03:18] Bootstrap tree #519, logLikelihood: -9852.906347
[00:03:18] Bootstrap tree #520, logLikelihood: -9643.385300
[00:03:19] Bootstrap tree #521, logLikelihood: -9530.003684
[00:03:19] Bootstrap tree #522, logLikelihood: -9744.674193
[00:03:19] Bootstrap tree #523, logLikelihood: -9751.990801
[00:03:20] Bootstrap tree #524, logLikelihood: -9511.118025
[00:03:20] Bootstrap tree #525, logLikelihood: -9626.845543
[00:03:21] Bootstrap tree #526, logLikelihood: -9673.838648
[00:03:21] Bootstrap tree #527, logLikelihood: -9453.716961
[00:03:21] Bootstrap tree #528, logLikelihood: -9679.682253
[00:03:22] Bootstrap tree #529, logLikelihood: -9783.573380
[00:03:22] Bootstrap tree #530, logLikelihood: -9624.070859
[00:03:22] Bootstrap tree #531, logLikelihood: -9463.378064
[00:03:23] Bootstrap tree #532, logLikelihood: -9663.992592
[00:03:23] Bootstrap tree #533, logLikelihood: -9912.160365
[00:03:24] Bootstrap tree #534, logLikelihood: -9737.296892
[00:03:24] Bootstrap tree #535, logLikelihood: -9546.788596
[00:03:24] Bootstrap tree #536, logLikelihood: -9832.141902
[00:03:25] Bootstrap tree #537, logLikelihood: -9447.479037
[00:03:25] Bootstrap tree #538, logLikelihood: -9678.934468
[00:03:25] Bootstrap tree #539, logLikelihood: -9692.256526
[00:03:26] Bootstrap tree #540, logLikelihood: -9521.018953
[00:03:26] Bootstrap tree #541, logLikelihood: -9718.742515
[00:03:27] Bootstrap tree #542, logLikelihood: -9398.816481
[00:03:27] Bootstrap tree #543, logLikelihood: -9547.540748
[00:03:27] Bootstrap tree #544, logLikelihood: -9774.966015
[00:03:28] Bootstrap tree #545, logLikelihood: -9880.226495
[00:03:28] Bootstrap tree #546, logLikelihood: -9633.812162
[00:03:28] Bootstrap tree #547, logLikelihood: -9738.274140
[00:03:29] Bootstrap tree #548, logLikelihood: -9604.731703
[00:03:29] Bootstrap tree #549, logLikelihood: -9766.545693
[00:03:30] Bootstrap tree #550, logLikelihood: -9676.645740
[00:03:30] Bootstrap tree #551, logLikelihood: -9643.918679
[00:03:30] Bootstrap tree #552, logLikelihood: -9435.564296
[00:03:31] Bootstrap tree #553, logLikelihood: -9618.789375
[00:03:31] Bootstrap tree #554, logLikelihood: -9683.091435
[00:03:31] Bootstrap tree #555, logLikelihood: -9667.027597
[00:03:32] Bootstrap tree #556, logLikelihood: -9883.074170
[00:03:32] Bootstrap tree #557, logLikelihood: -9522.058294
[00:03:33] Bootstrap tree #558, logLikelihood: -9569.388281
[00:03:33] Bootstrap tree #559, logLikelihood: -9838.619871
[00:03:33] Bootstrap tree #560, logLikelihood: -9507.434596
[00:03:34] Bootstrap tree #561, logLikelihood: -9600.349451
[00:03:34] Bootstrap tree #562, logLikelihood: -9533.799578
[00:03:34] Bootstrap tree #563, logLikelihood: -9658.683320
[00:03:35] Bootstrap tree #564, logLikelihood: -9828.906395
[00:03:35] Bootstrap tree #565, logLikelihood: -9847.498355
[00:03:35] Bootstrap tree #566, logLikelihood: -9572.190236
[00:03:36] Bootstrap tree #567, logLikelihood: -9691.398229
[00:03:36] Bootstrap tree #568, logLikelihood: -9837.465799
[00:03:37] Bootstrap tree #569, logLikelihood: -9661.699868
[00:03:37] Bootstrap tree #570, logLikelihood: -9630.412112
[00:03:37] Bootstrap tree #571, logLikelihood: -9720.902459
[00:03:38] Bootstrap tree #572, logLikelihood: -9679.209098
[00:03:38] Bootstrap tree #573, logLikelihood: -9675.624127
[00:03:38] Bootstrap tree #574, logLikelihood: -9503.890812
[00:03:39] Bootstrap tree #575, logLikelihood: -9781.819866
[00:03:39] Bootstrap tree #576, logLikelihood: -9534.940632
[00:03:39] Bootstrap tree #577, logLikelihood: -9560.083888
[00:03:40] Bootstrap tree #578, logLikelihood: -9655.323593
[00:03:40] Bootstrap tree #579, logLikelihood: -9755.811165
[00:03:41] Bootstrap tree #580, logLikelihood: -9757.786158
[00:03:41] Bootstrap tree #581, logLikelihood: -9646.222547
[00:03:41] Bootstrap tree #582, logLikelihood: -9657.060694
[00:03:42] Bootstrap tree #583, logLikelihood: -9760.734328
[00:03:42] Bootstrap tree #584, logLikelihood: -9620.210746
[00:03:42] Bootstrap tree #585, logLikelihood: -9760.604495
[00:03:43] Bootstrap tree #586, logLikelihood: -9666.554545
[00:03:43] Bootstrap tree #587, logLikelihood: -10037.632902
[00:03:43] Bootstrap tree #588, logLikelihood: -9756.790688
[00:03:44] Bootstrap tree #589, logLikelihood: -9767.035565
[00:03:44] Bootstrap tree #590, logLikelihood: -9806.505487
[00:03:45] Bootstrap tree #591, logLikelihood: -9542.978696
[00:03:45] Bootstrap tree #592, logLikelihood: -9618.248707
[00:03:45] Bootstrap tree #593, logLikelihood: -9686.978301
[00:03:46] Bootstrap tree #594, logLikelihood: -9704.192194
[00:03:46] Bootstrap tree #595, logLikelihood: -9737.332597
[00:03:46] Bootstrap tree #596, logLikelihood: -9570.781412
[00:03:47] Bootstrap tree #597, logLikelihood: -9590.558916
[00:03:47] Bootstrap tree #598, logLikelihood: -9723.233451
[00:03:48] Bootstrap tree #599, logLikelihood: -9677.073062
[00:03:48] Bootstrap tree #600, logLikelihood: -9503.259877
[00:03:48] Bootstrap tree #601, logLikelihood: -9705.905854
[00:03:49] Bootstrap tree #602, logLikelihood: -9693.737441
[00:03:49] Bootstrap tree #603, logLikelihood: -9676.022858
[00:03:49] Bootstrap tree #604, logLikelihood: -9799.253659
[00:03:50] Bootstrap tree #605, logLikelihood: -9377.187427
[00:03:50] Bootstrap tree #606, logLikelihood: -9530.705169
[00:03:50] Bootstrap tree #607, logLikelihood: -9638.805503
[00:03:51] Bootstrap tree #608, logLikelihood: -9639.725048
[00:03:51] Bootstrap tree #609, logLikelihood: -9687.884848
[00:03:51] Bootstrap tree #610, logLikelihood: -9749.209244
[00:03:52] Bootstrap tree #611, logLikelihood: -9520.809090
[00:03:52] Bootstrap tree #612, logLikelihood: -9476.885589
[00:03:52] Bootstrap tree #613, logLikelihood: -9776.661515
[00:03:53] Bootstrap tree #614, logLikelihood: -9855.657903
[00:03:53] Bootstrap tree #615, logLikelihood: -9701.260767
[00:03:54] Bootstrap tree #616, logLikelihood: -9918.526577
[00:03:54] Bootstrap tree #617, logLikelihood: -9580.543371
[00:03:54] Bootstrap tree #618, logLikelihood: -9571.438413
[00:03:55] Bootstrap tree #619, logLikelihood: -9625.449485
[00:03:55] Bootstrap tree #620, logLikelihood: -9723.543444
[00:03:55] Bootstrap tree #621, logLikelihood: -9602.795605
[00:03:56] Bootstrap tree #622, logLikelihood: -9690.441746
[00:03:56] Bootstrap tree #623, logLikelihood: -9711.118905
[00:03:56] Bootstrap tree #624, logLikelihood: -9690.809295
[00:03:57] Bootstrap tree #625, logLikelihood: -9731.565108
[00:03:57] Bootstrap tree #626, logLikelihood: -9624.351399
[00:03:58] Bootstrap tree #627, logLikelihood: -9762.173352
[00:03:58] Bootstrap tree #628, logLikelihood: -9706.573667
[00:03:58] Bootstrap tree #629, logLikelihood: -9699.585004
[00:03:59] Bootstrap tree #630, logLikelihood: -9636.921068
[00:03:59] Bootstrap tree #631, logLikelihood: -9746.252239
[00:03:59] Bootstrap tree #632, logLikelihood: -9772.848232
[00:04:00] Bootstrap tree #633, logLikelihood: -9678.093612
[00:04:00] Bootstrap tree #634, logLikelihood: -9706.780757
[00:04:00] Bootstrap tree #635, logLikelihood: -9619.638571
[00:04:01] Bootstrap tree #636, logLikelihood: -9592.363339
[00:04:01] Bootstrap tree #637, logLikelihood: -9714.662143
[00:04:02] Bootstrap tree #638, logLikelihood: -9814.129816
[00:04:02] Bootstrap tree #639, logLikelihood: -9804.513518
[00:04:02] Bootstrap tree #640, logLikelihood: -9418.357878
[00:04:03] Bootstrap tree #641, logLikelihood: -9813.255680
[00:04:03] Bootstrap tree #642, logLikelihood: -9646.718922
[00:04:03] Bootstrap tree #643, logLikelihood: -9676.806106
[00:04:04] Bootstrap tree #644, logLikelihood: -9619.514601
[00:04:04] Bootstrap tree #645, logLikelihood: -9706.178026
[00:04:05] Bootstrap tree #646, logLikelihood: -9514.033405
[00:04:05] Bootstrap tree #647, logLikelihood: -9553.620995
[00:04:05] Bootstrap tree #648, logLikelihood: -9660.271250
[00:04:06] Bootstrap tree #649, logLikelihood: -9630.256708
[00:04:06] Bootstrap tree #650, logLikelihood: -9504.539967
[00:04:06] Bootstrap tree #651, logLikelihood: -9810.334719
[00:04:07] Bootstrap tree #652, logLikelihood: -9474.265875
[00:04:07] Bootstrap tree #653, logLikelihood: -9592.744508
[00:04:07] Bootstrap tree #654, logLikelihood: -9808.811175
[00:04:08] Bootstrap tree #655, logLikelihood: -9854.460255
[00:04:08] Bootstrap tree #656, logLikelihood: -9776.467817
[00:04:09] Bootstrap tree #657, logLikelihood: -9641.413780
[00:04:09] Bootstrap tree #658, logLikelihood: -9686.342624
[00:04:09] Bootstrap tree #659, logLikelihood: -9900.134038
[00:04:10] Bootstrap tree #660, logLikelihood: -9446.102030
[00:04:10] Bootstrap tree #661, logLikelihood: -9648.003713
[00:04:10] Bootstrap tree #662, logLikelihood: -10010.194371
[00:04:11] Bootstrap tree #663, logLikelihood: -9730.368315
[00:04:11] Bootstrap tree #664, logLikelihood: -9470.832844
[00:04:11] Bootstrap tree #665, logLikelihood: -9641.752043
[00:04:12] Bootstrap tree #666, logLikelihood: -9720.330580
[00:04:12] Bootstrap tree #667, logLikelihood: -9756.657723
[00:04:12] Bootstrap tree #668, logLikelihood: -9759.880913
[00:04:13] Bootstrap tree #669, logLikelihood: -9664.868808
[00:04:13] Bootstrap tree #670, logLikelihood: -9806.122591
[00:04:14] Bootstrap tree #671, logLikelihood: -9727.352975
[00:04:14] Bootstrap tree #672, logLikelihood: -9686.271306
[00:04:14] Bootstrap tree #673, logLikelihood: -9836.270268
[00:04:15] Bootstrap tree #674, logLikelihood: -9595.050526
[00:04:15] Bootstrap tree #675, logLikelihood: -9799.135492
[00:04:16] Bootstrap tree #676, logLikelihood: -9612.178516
[00:04:16] Bootstrap tree #677, logLikelihood: -9724.784603
[00:04:16] Bootstrap tree #678, logLikelihood: -9669.182008
[00:04:17] Bootstrap tree #679, logLikelihood: -9627.964394
[00:04:17] Bootstrap tree #680, logLikelihood: -9646.610468
[00:04:17] Bootstrap tree #681, logLikelihood: -9710.218522
[00:04:18] Bootstrap tree #682, logLikelihood: -9700.152583
[00:04:18] Bootstrap tree #683, logLikelihood: -9542.858261
[00:04:18] Bootstrap tree #684, logLikelihood: -9919.283676
[00:04:19] Bootstrap tree #685, logLikelihood: -9685.691774
[00:04:19] Bootstrap tree #686, logLikelihood: -9564.724957
[00:04:19] Bootstrap tree #687, logLikelihood: -9644.666955
[00:04:20] Bootstrap tree #688, logLikelihood: -9462.061847
[00:04:20] Bootstrap tree #689, logLikelihood: -9575.345123
[00:04:21] Bootstrap tree #690, logLikelihood: -9805.347085
[00:04:21] Bootstrap tree #691, logLikelihood: -9749.662590
[00:04:22] Bootstrap tree #692, logLikelihood: -9739.881037
[00:04:22] Bootstrap tree #693, logLikelihood: -9610.190638
[00:04:22] Bootstrap tree #694, logLikelihood: -9488.869317
[00:04:23] Bootstrap tree #695, logLikelihood: -9561.552439
[00:04:23] Bootstrap tree #696, logLikelihood: -9786.385149
[00:04:23] Bootstrap tree #697, logLikelihood: -9537.243420
[00:04:24] Bootstrap tree #698, logLikelihood: -9750.307873
[00:04:24] Bootstrap tree #699, logLikelihood: -9896.904558
[00:04:25] Bootstrap tree #700, logLikelihood: -9608.903827
[00:04:25] Bootstrap tree #701, logLikelihood: -9647.450087
[00:04:25] Bootstrap tree #702, logLikelihood: -9725.944866
[00:04:26] Bootstrap tree #703, logLikelihood: -9722.890947
[00:04:26] Bootstrap tree #704, logLikelihood: -9466.658845
[00:04:27] Bootstrap tree #705, logLikelihood: -9509.243691
[00:04:27] Bootstrap tree #706, logLikelihood: -9749.239784
[00:04:27] Bootstrap tree #707, logLikelihood: -9678.349264
[00:04:28] Bootstrap tree #708, logLikelihood: -9691.534745
[00:04:28] Bootstrap tree #709, logLikelihood: -9632.884298
[00:04:28] Bootstrap tree #710, logLikelihood: -9578.938082
[00:04:29] Bootstrap tree #711, logLikelihood: -9773.782230
[00:04:29] Bootstrap tree #712, logLikelihood: -9408.286060
[00:04:29] Bootstrap tree #713, logLikelihood: -9758.308578
[00:04:30] Bootstrap tree #714, logLikelihood: -9760.626353
[00:04:30] Bootstrap tree #715, logLikelihood: -9819.221832
[00:04:31] Bootstrap tree #716, logLikelihood: -9787.036313
[00:04:31] Bootstrap tree #717, logLikelihood: -9626.763719
[00:04:31] Bootstrap tree #718, logLikelihood: -9835.824118
[00:04:32] Bootstrap tree #719, logLikelihood: -9622.892273
[00:04:32] Bootstrap tree #720, logLikelihood: -9679.242773
[00:04:33] Bootstrap tree #721, logLikelihood: -9791.362162
[00:04:33] Bootstrap tree #722, logLikelihood: -9618.561035
[00:04:33] Bootstrap tree #723, logLikelihood: -9859.455004
[00:04:34] Bootstrap tree #724, logLikelihood: -9563.688249
[00:04:34] Bootstrap tree #725, logLikelihood: -9882.686878
[00:04:34] Bootstrap tree #726, logLikelihood: -9506.500518
[00:04:35] Bootstrap tree #727, logLikelihood: -9744.744669
[00:04:35] Bootstrap tree #728, logLikelihood: -9606.424031
[00:04:36] Bootstrap tree #729, logLikelihood: -9678.036725
[00:04:36] Bootstrap tree #730, logLikelihood: -9678.307648
[00:04:36] Bootstrap tree #731, logLikelihood: -9675.967531
[00:04:37] Bootstrap tree #732, logLikelihood: -9635.089260
[00:04:37] Bootstrap tree #733, logLikelihood: -9531.648376
[00:04:37] Bootstrap tree #734, logLikelihood: -9660.412991
[00:04:38] Bootstrap tree #735, logLikelihood: -9492.076141
[00:04:38] Bootstrap tree #736, logLikelihood: -9787.234865
[00:04:39] Bootstrap tree #737, logLikelihood: -9875.738441
[00:04:39] Bootstrap tree #738, logLikelihood: -9706.306233
[00:04:39] Bootstrap tree #739, logLikelihood: -9522.809742
[00:04:40] Bootstrap tree #740, logLikelihood: -9540.214598
[00:04:40] Bootstrap tree #741, logLikelihood: -9682.391704
[00:04:40] Bootstrap tree #742, logLikelihood: -9580.790214
[00:04:41] Bootstrap tree #743, logLikelihood: -9721.748556
[00:04:41] Bootstrap tree #744, logLikelihood: -9788.956196
[00:04:41] Bootstrap tree #745, logLikelihood: -9639.996346
[00:04:42] Bootstrap tree #746, logLikelihood: -9645.510677
[00:04:42] Bootstrap tree #747, logLikelihood: -9780.290351
[00:04:43] Bootstrap tree #748, logLikelihood: -9707.927694
[00:04:43] Bootstrap tree #749, logLikelihood: -9683.949132
[00:04:43] Bootstrap tree #750, logLikelihood: -9714.396688
[00:04:44] Bootstrap tree #751, logLikelihood: -9702.214642
[00:04:44] Bootstrap tree #752, logLikelihood: -9829.630817
[00:04:45] Bootstrap tree #753, logLikelihood: -9684.494690
[00:04:45] Bootstrap tree #754, logLikelihood: -9850.574948
[00:04:45] Bootstrap tree #755, logLikelihood: -9459.417815
[00:04:46] Bootstrap tree #756, logLikelihood: -9480.247454
[00:04:46] Bootstrap tree #757, logLikelihood: -9701.066416
[00:04:46] Bootstrap tree #758, logLikelihood: -9747.725683
[00:04:47] Bootstrap tree #759, logLikelihood: -9833.179395
[00:04:47] Bootstrap tree #760, logLikelihood: -9747.835120
[00:04:48] Bootstrap tree #761, logLikelihood: -9756.284951
[00:04:48] Bootstrap tree #762, logLikelihood: -9698.561149
[00:04:48] Bootstrap tree #763, logLikelihood: -9698.100660
[00:04:49] Bootstrap tree #764, logLikelihood: -9726.483764
[00:04:49] Bootstrap tree #765, logLikelihood: -9836.896886
[00:04:49] Bootstrap tree #766, logLikelihood: -9763.429850
[00:04:50] Bootstrap tree #767, logLikelihood: -9808.569308
[00:04:50] Bootstrap tree #768, logLikelihood: -9780.566757
[00:04:50] Bootstrap tree #769, logLikelihood: -9687.002339
[00:04:51] Bootstrap tree #770, logLikelihood: -9551.363598
[00:04:51] Bootstrap tree #771, logLikelihood: -9590.395391
[00:04:51] Bootstrap tree #772, logLikelihood: -9580.665483
[00:04:52] Bootstrap tree #773, logLikelihood: -9485.861598
[00:04:52] Bootstrap tree #774, logLikelihood: -9562.554521
[00:04:53] Bootstrap tree #775, logLikelihood: -9672.178081
[00:04:53] Bootstrap tree #776, logLikelihood: -9636.920364
[00:04:53] Bootstrap tree #777, logLikelihood: -9653.762472
[00:04:54] Bootstrap tree #778, logLikelihood: -9735.407196
[00:04:54] Bootstrap tree #779, logLikelihood: -9447.259238
[00:04:54] Bootstrap tree #780, logLikelihood: -9672.385369
[00:04:55] Bootstrap tree #781, logLikelihood: -9682.275188
[00:04:55] Bootstrap tree #782, logLikelihood: -9900.177105
[00:04:56] Bootstrap tree #783, logLikelihood: -9793.827121
[00:04:56] Bootstrap tree #784, logLikelihood: -9714.460241
[00:04:56] Bootstrap tree #785, logLikelihood: -9710.975974
[00:04:57] Bootstrap tree #786, logLikelihood: -9622.625848
[00:04:57] Bootstrap tree #787, logLikelihood: -9702.678541
[00:04:57] Bootstrap tree #788, logLikelihood: -9843.855683
[00:04:58] Bootstrap tree #789, logLikelihood: -9847.880525
[00:04:58] Bootstrap tree #790, logLikelihood: -9649.551223
[00:04:58] Bootstrap tree #791, logLikelihood: -9528.241972
[00:04:59] Bootstrap tree #792, logLikelihood: -9818.173893
[00:04:59] Bootstrap tree #793, logLikelihood: -9767.429352
[00:05:00] Bootstrap tree #794, logLikelihood: -9572.919437
[00:05:00] Bootstrap tree #795, logLikelihood: -9697.816873
[00:05:00] Bootstrap tree #796, logLikelihood: -9887.510122
[00:05:01] Bootstrap tree #797, logLikelihood: -9610.738282
[00:05:01] Bootstrap tree #798, logLikelihood: -9871.199445
[00:05:01] Bootstrap tree #799, logLikelihood: -9635.483702
[00:05:02] Bootstrap tree #800, logLikelihood: -9713.641919
[00:05:02] Bootstrap tree #801, logLikelihood: -9695.991548
[00:05:03] Bootstrap tree #802, logLikelihood: -9980.798893
[00:05:03] Bootstrap tree #803, logLikelihood: -9855.038630
[00:05:04] Bootstrap tree #804, logLikelihood: -9572.938135
[00:05:04] Bootstrap tree #805, logLikelihood: -9772.888882
[00:05:04] Bootstrap tree #806, logLikelihood: -9741.609200
[00:05:05] Bootstrap tree #807, logLikelihood: -9791.940049
[00:05:05] Bootstrap tree #808, logLikelihood: -9539.806031
[00:05:06] Bootstrap tree #809, logLikelihood: -9519.931025
[00:05:06] Bootstrap tree #810, logLikelihood: -9770.116980
[00:05:06] Bootstrap tree #811, logLikelihood: -9531.020154
[00:05:07] Bootstrap tree #812, logLikelihood: -9908.127176
[00:05:07] Bootstrap tree #813, logLikelihood: -9675.042708
[00:05:07] Bootstrap tree #814, logLikelihood: -9582.209455
[00:05:08] Bootstrap tree #815, logLikelihood: -9535.421329
[00:05:08] Bootstrap tree #816, logLikelihood: -9650.972301
[00:05:08] Bootstrap tree #817, logLikelihood: -9493.292411
[00:05:09] Bootstrap tree #818, logLikelihood: -9798.331024
[00:05:09] Bootstrap tree #819, logLikelihood: -9698.989157
[00:05:09] Bootstrap tree #820, logLikelihood: -9773.006638
[00:05:10] Bootstrap tree #821, logLikelihood: -9554.934291
[00:05:10] Bootstrap tree #822, logLikelihood: -9721.010261
[00:05:11] Bootstrap tree #823, logLikelihood: -9629.137768
[00:05:11] Bootstrap tree #824, logLikelihood: -9814.383870
[00:05:12] Bootstrap tree #825, logLikelihood: -9816.467997
[00:05:12] Bootstrap tree #826, logLikelihood: -9765.850146
[00:05:12] Bootstrap tree #827, logLikelihood: -9537.124341
[00:05:13] Bootstrap tree #828, logLikelihood: -9595.081840
[00:05:13] Bootstrap tree #829, logLikelihood: -9788.338858
[00:05:13] Bootstrap tree #830, logLikelihood: -9757.126613
[00:05:14] Bootstrap tree #831, logLikelihood: -9643.471594
[00:05:14] Bootstrap tree #832, logLikelihood: -9698.509681
[00:05:15] Bootstrap tree #833, logLikelihood: -9605.444424
[00:05:15] Bootstrap tree #834, logLikelihood: -9771.662397
[00:05:15] Bootstrap tree #835, logLikelihood: -9786.753318
[00:05:16] Bootstrap tree #836, logLikelihood: -9818.278243
[00:05:16] Bootstrap tree #837, logLikelihood: -9476.506705
[00:05:16] Bootstrap tree #838, logLikelihood: -9575.811546
[00:05:17] Bootstrap tree #839, logLikelihood: -9592.421574
[00:05:17] Bootstrap tree #840, logLikelihood: -9637.434374
[00:05:17] Bootstrap tree #841, logLikelihood: -9502.506790
[00:05:18] Bootstrap tree #842, logLikelihood: -9800.132427
[00:05:18] Bootstrap tree #843, logLikelihood: -9731.155553
[00:05:19] Bootstrap tree #844, logLikelihood: -9461.995929
[00:05:19] Bootstrap tree #845, logLikelihood: -9781.648668
[00:05:19] Bootstrap tree #846, logLikelihood: -9615.514671
[00:05:20] Bootstrap tree #847, logLikelihood: -9749.645153
[00:05:20] Bootstrap tree #848, logLikelihood: -9740.504955
[00:05:20] Bootstrap tree #849, logLikelihood: -9561.583878
[00:05:21] Bootstrap tree #850, logLikelihood: -9715.772182
[00:05:21] Bootstrap tree #851, logLikelihood: -9807.948523
[00:05:21] Bootstrap tree #852, logLikelihood: -9846.265164
[00:05:22] Bootstrap tree #853, logLikelihood: -9742.591082
[00:05:22] Bootstrap tree #854, logLikelihood: -9757.786068
[00:05:23] Bootstrap tree #855, logLikelihood: -9684.163813
[00:05:23] Bootstrap tree #856, logLikelihood: -9490.157019
[00:05:23] Bootstrap tree #857, logLikelihood: -9673.448805
[00:05:24] Bootstrap tree #858, logLikelihood: -9649.477916
[00:05:24] Bootstrap tree #859, logLikelihood: -9630.561322
[00:05:24] Bootstrap tree #860, logLikelihood: -9718.271064
[00:05:25] Bootstrap tree #861, logLikelihood: -9617.212880
[00:05:25] Bootstrap tree #862, logLikelihood: -9708.991199
[00:05:26] Bootstrap tree #863, logLikelihood: -9688.505907
[00:05:26] Bootstrap tree #864, logLikelihood: -9751.839953
[00:05:26] Bootstrap tree #865, logLikelihood: -9609.968873
[00:05:27] Bootstrap tree #866, logLikelihood: -9554.035724
[00:05:27] Bootstrap tree #867, logLikelihood: -9923.465630
[00:05:27] Bootstrap tree #868, logLikelihood: -9653.668212
[00:05:28] Bootstrap tree #869, logLikelihood: -9813.076788
[00:05:28] Bootstrap tree #870, logLikelihood: -9444.655585
[00:05:29] Bootstrap tree #871, logLikelihood: -9447.078157
[00:05:29] Bootstrap tree #872, logLikelihood: -9833.413534
[00:05:29] Bootstrap tree #873, logLikelihood: -9504.246509
[00:05:29] Bootstrap tree #874, logLikelihood: -9747.300274
[00:05:30] Bootstrap tree #875, logLikelihood: -9945.077313
[00:05:30] Bootstrap tree #876, logLikelihood: -9587.442074
[00:05:31] Bootstrap tree #877, logLikelihood: -9711.449198
[00:05:31] Bootstrap tree #878, logLikelihood: -9620.940093
[00:05:31] Bootstrap tree #879, logLikelihood: -9672.979799
[00:05:32] Bootstrap tree #880, logLikelihood: -9755.586067
[00:05:32] Bootstrap tree #881, logLikelihood: -9846.017367
[00:05:33] Bootstrap tree #882, logLikelihood: -9660.245424
[00:05:33] Bootstrap tree #883, logLikelihood: -9539.011333
[00:05:33] Bootstrap tree #884, logLikelihood: -9489.858326
[00:05:34] Bootstrap tree #885, logLikelihood: -9823.540710
[00:05:34] Bootstrap tree #886, logLikelihood: -9725.993688
[00:05:35] Bootstrap tree #887, logLikelihood: -9854.228708
[00:05:35] Bootstrap tree #888, logLikelihood: -9652.862550
[00:05:35] Bootstrap tree #889, logLikelihood: -9703.882290
[00:05:36] Bootstrap tree #890, logLikelihood: -9577.282752
[00:05:36] Bootstrap tree #891, logLikelihood: -9763.038574
[00:05:37] Bootstrap tree #892, logLikelihood: -9787.939524
[00:05:37] Bootstrap tree #893, logLikelihood: -9678.154356
[00:05:37] Bootstrap tree #894, logLikelihood: -9907.027849
[00:05:38] Bootstrap tree #895, logLikelihood: -9589.907671
[00:05:38] Bootstrap tree #896, logLikelihood: -9604.887537
[00:05:39] Bootstrap tree #897, logLikelihood: -9693.243379
[00:05:39] Bootstrap tree #898, logLikelihood: -9962.279238
[00:05:39] Bootstrap tree #899, logLikelihood: -9780.455079
[00:05:40] Bootstrap tree #900, logLikelihood: -9900.862789
[00:05:40] Bootstrap tree #901, logLikelihood: -9645.698389
[00:05:41] Bootstrap tree #902, logLikelihood: -9545.269833
[00:05:41] Bootstrap tree #903, logLikelihood: -9714.087644
[00:05:41] Bootstrap tree #904, logLikelihood: -9730.523851
[00:05:42] Bootstrap tree #905, logLikelihood: -9743.944519
[00:05:42] Bootstrap tree #906, logLikelihood: -9786.513556
[00:05:42] Bootstrap tree #907, logLikelihood: -9660.944389
[00:05:43] Bootstrap tree #908, logLikelihood: -9771.676502
[00:05:43] Bootstrap tree #909, logLikelihood: -9729.822719
[00:05:43] Bootstrap tree #910, logLikelihood: -9400.163061
[00:05:44] Bootstrap tree #911, logLikelihood: -9617.787767
[00:05:44] Bootstrap tree #912, logLikelihood: -9673.946060
[00:05:45] Bootstrap tree #913, logLikelihood: -9852.343014
[00:05:45] Bootstrap tree #914, logLikelihood: -9652.050124
[00:05:45] Bootstrap tree #915, logLikelihood: -9723.071197
[00:05:46] Bootstrap tree #916, logLikelihood: -9592.304981
[00:05:46] Bootstrap tree #917, logLikelihood: -9544.243360
[00:05:46] Bootstrap tree #918, logLikelihood: -9645.985810
[00:05:47] Bootstrap tree #919, logLikelihood: -9577.168330
[00:05:47] Bootstrap tree #920, logLikelihood: -9807.220483
[00:05:48] Bootstrap tree #921, logLikelihood: -9918.116127
[00:05:48] Bootstrap tree #922, logLikelihood: -9643.101248
[00:05:48] Bootstrap tree #923, logLikelihood: -9924.151073
[00:05:49] Bootstrap tree #924, logLikelihood: -9646.109655
[00:05:49] Bootstrap tree #925, logLikelihood: -9659.009760
[00:05:49] Bootstrap tree #926, logLikelihood: -9630.155876
[00:05:50] Bootstrap tree #927, logLikelihood: -9756.593613
[00:05:50] Bootstrap tree #928, logLikelihood: -9768.152914
[00:05:51] Bootstrap tree #929, logLikelihood: -9626.027674
[00:05:51] Bootstrap tree #930, logLikelihood: -9780.877601
[00:05:51] Bootstrap tree #931, logLikelihood: -9470.166627
[00:05:52] Bootstrap tree #932, logLikelihood: -9832.045559
[00:05:52] Bootstrap tree #933, logLikelihood: -9700.160697
[00:05:53] Bootstrap tree #934, logLikelihood: -9748.888246
[00:05:53] Bootstrap tree #935, logLikelihood: -9555.696680
[00:05:53] Bootstrap tree #936, logLikelihood: -9616.523825
[00:05:53] Bootstrap tree #937, logLikelihood: -9653.348579
[00:05:54] Bootstrap tree #938, logLikelihood: -9729.119241
[00:05:54] Bootstrap tree #939, logLikelihood: -9634.345587
[00:05:55] Bootstrap tree #940, logLikelihood: -9854.599326
[00:05:55] Bootstrap tree #941, logLikelihood: -9685.062560
[00:05:55] Bootstrap tree #942, logLikelihood: -9801.789950
[00:05:56] Bootstrap tree #943, logLikelihood: -9604.562598
[00:05:56] Bootstrap tree #944, logLikelihood: -9556.228337
[00:05:57] Bootstrap tree #945, logLikelihood: -9702.801335
[00:05:57] Bootstrap tree #946, logLikelihood: -9659.138230
[00:05:57] Bootstrap tree #947, logLikelihood: -9848.901772
[00:05:58] Bootstrap tree #948, logLikelihood: -9601.041473
[00:05:58] Bootstrap tree #949, logLikelihood: -9583.552694
[00:05:58] Bootstrap tree #950, logLikelihood: -9800.499486
[00:05:59] Bootstrap tree #951, logLikelihood: -9911.857472
[00:05:59] Bootstrap tree #952, logLikelihood: -9649.300039
[00:05:59] Bootstrap tree #953, logLikelihood: -9651.923471
[00:06:00] Bootstrap tree #954, logLikelihood: -9695.555783
[00:06:00] Bootstrap tree #955, logLikelihood: -9738.955423
[00:06:01] Bootstrap tree #956, logLikelihood: -9613.286457
[00:06:01] Bootstrap tree #957, logLikelihood: -9373.236384
[00:06:01] Bootstrap tree #958, logLikelihood: -9665.609903
[00:06:02] Bootstrap tree #959, logLikelihood: -9672.347989
[00:06:02] Bootstrap tree #960, logLikelihood: -9930.356985
[00:06:02] Bootstrap tree #961, logLikelihood: -9396.180288
[00:06:03] Bootstrap tree #962, logLikelihood: -9525.361837
[00:06:03] Bootstrap tree #963, logLikelihood: -9955.145349
[00:06:04] Bootstrap tree #964, logLikelihood: -9710.091928
[00:06:04] Bootstrap tree #965, logLikelihood: -9523.035682
[00:06:04] Bootstrap tree #966, logLikelihood: -9773.381815
[00:06:05] Bootstrap tree #967, logLikelihood: -9889.414898
[00:06:05] Bootstrap tree #968, logLikelihood: -9568.707748
[00:06:05] Bootstrap tree #969, logLikelihood: -9618.912428
[00:06:06] Bootstrap tree #970, logLikelihood: -9700.826818
[00:06:06] Bootstrap tree #971, logLikelihood: -9530.853098
[00:06:06] Bootstrap tree #972, logLikelihood: -9789.833712
[00:06:07] Bootstrap tree #973, logLikelihood: -9571.503770
[00:06:07] Bootstrap tree #974, logLikelihood: -9812.497085
[00:06:07] Bootstrap tree #975, logLikelihood: -9506.985988
[00:06:08] Bootstrap tree #976, logLikelihood: -9501.895201
[00:06:08] Bootstrap tree #977, logLikelihood: -9469.485892
[00:06:08] Bootstrap tree #978, logLikelihood: -9857.487986
[00:06:09] Bootstrap tree #979, logLikelihood: -9759.533534
[00:06:09] Bootstrap tree #980, logLikelihood: -9614.622814
[00:06:10] Bootstrap tree #981, logLikelihood: -9692.624917
[00:06:10] Bootstrap tree #982, logLikelihood: -9643.705442
[00:06:10] Bootstrap tree #983, logLikelihood: -9733.011246
[00:06:11] Bootstrap tree #984, logLikelihood: -9681.746653
[00:06:11] Bootstrap tree #985, logLikelihood: -9749.662214
[00:06:11] Bootstrap tree #986, logLikelihood: -9794.586480
[00:06:12] Bootstrap tree #987, logLikelihood: -9671.959796
[00:06:12] Bootstrap tree #988, logLikelihood: -9643.955019
[00:06:13] Bootstrap tree #989, logLikelihood: -9663.866169
[00:06:13] Bootstrap tree #990, logLikelihood: -9481.337945
[00:06:13] Bootstrap tree #991, logLikelihood: -9565.830623
[00:06:14] Bootstrap tree #992, logLikelihood: -9780.206058
[00:06:14] Bootstrap tree #993, logLikelihood: -9803.260548
[00:06:15] Bootstrap tree #994, logLikelihood: -9553.396549
[00:06:15] Bootstrap tree #995, logLikelihood: -9571.424921
[00:06:15] Bootstrap tree #996, logLikelihood: -9585.082108
[00:06:16] Bootstrap tree #997, logLikelihood: -9512.522195
[00:06:16] Bootstrap tree #998, logLikelihood: -9791.245293
[00:06:16] Bootstrap tree #999, logLikelihood: -9681.907606
[00:06:17] Bootstrap tree #1000, logLikelihood: -9749.477511

Optimized model parameters:

   Partition 0: noname
   Rate heterogeneity: GAMMA (4 cats, mean),  alpha: 3.336372 (ML),  weights&rates: (0.250000,0.413719) (0.250000,0.748601) (0.250000,1.083738) (0.250000,1.753941) 
   Base frequencies (ML): 0.254335 0.236358 0.273339 0.235969 
   Substitution rates (ML): 0.976233 2.977958 1.066935 0.802075 3.424761 1.000000 


Final LogLikelihood: -9690.150933

AIC score: 19420.301866 / AICc score: 19420.831834 / BIC score: 19527.931903
Free parameters (model + branch lengths): 20

Best ML tree saved to: /home/seddik/Documents/Synesth/iter6/all_Cas_trees/Cmr3/Tree.raxml.bestTree
All ML trees saved to: /home/seddik/Documents/Synesth/iter6/all_Cas_trees/Cmr3/Tree.raxml.mlTrees
Best ML tree with Felsenstein bootstrap (FBP) support values saved to: /home/seddik/Documents/Synesth/iter6/all_Cas_trees/Cmr3/Tree.raxml.support
Optimized model saved to: /home/seddik/Documents/Synesth/iter6/all_Cas_trees/Cmr3/Tree.raxml.bestModel
Bootstrap trees saved to: /home/seddik/Documents/Synesth/iter6/all_Cas_trees/Cmr3/Tree.raxml.bootstraps

Execution log saved to: /home/seddik/Documents/Synesth/iter6/all_Cas_trees/Cmr3/Tree.raxml.log

Analysis started: 30-Jul-2024 17:51:33 / finished: 30-Jul-2024 17:57:50

Elapsed time: 377.134 seconds

