
RAxML-NG v. 0.9.0 released on 20.05.2019 by The Exelixis Lab.
Developed by: Alexey M. Kozlov and Alexandros Stamatakis.
Contributors: Diego Darriba, Tomas Flouri, Benoit Morel, Sarah Lutteropp, Ben Bettisworth.
Latest version: https://github.com/amkozlov/raxml-ng
Questions/problems/suggestions? Please visit: https://groups.google.com/forum/#!forum/raxml

RAxML-NG was called at 30-Jul-2024 15:49:11 as follows:

raxml-ng --all --msa all_Cas_aligned/all_Cas8_aligned.fna --model GTR+G --bs-trees 1000 --threads 4 --prefix all_Cas_trees/Cas8/Tree

Analysis options:
  run mode: ML tree search + bootstrapping (Felsenstein Bootstrap)
  start tree(s): random (10) + parsimony (10)
  bootstrap replicates: 1000
  random seed: 1722368951
  tip-inner: OFF
  pattern compression: ON
  per-rate scalers: OFF
  site repeats: ON
  branch lengths: proportional (ML estimate, algorithm: NR-FAST)
  SIMD kernels: AVX2
  parallelization: PTHREADS (4 threads), thread pinning: OFF

[00:00:00] Reading alignment from file: all_Cas_aligned/all_Cas8_aligned.fna
[00:00:00] Loaded alignment with 4 taxa and 2277 sites

Alignment comprises 1 partitions and 500 patterns

Partition 0: noname
Model: GTR+FO+G4m
Alignment sites / patterns: 2277 / 500
Gaps: 24.35 %
Invariant sites: 38.69 %


NOTE: Binary MSA file created: all_Cas_trees/Cas8/Tree.raxml.rba

[00:00:00] Generating 10 random starting tree(s) with 4 taxa
[00:00:00] Generating 10 parsimony starting tree(s) with 4 taxa
[00:00:00] Data distribution: max. partitions/sites/weight per thread: 1 / 125 / 2000

Starting ML tree search with 20 distinct starting trees

[00:00:00] ML tree search #1, logLikelihood: -8531.606091
[00:00:00] ML tree search #2, logLikelihood: -8531.610400
[00:00:00] ML tree search #3, logLikelihood: -8531.606018
[00:00:00] ML tree search #4, logLikelihood: -8531.606091
[00:00:00] ML tree search #5, logLikelihood: -8531.606018
[00:00:00] ML tree search #6, logLikelihood: -8531.606091
[00:00:00] ML tree search #7, logLikelihood: -8531.606091
[00:00:00] ML tree search #8, logLikelihood: -8531.610400
[00:00:00] ML tree search #9, logLikelihood: -8531.606091
[00:00:00] ML tree search #10, logLikelihood: -8531.610400
[00:00:01] ML tree search #11, logLikelihood: -8531.601496
[00:00:01] ML tree search #12, logLikelihood: -8531.622028
[00:00:01] ML tree search #13, logLikelihood: -8531.629196
[00:00:01] ML tree search #14, logLikelihood: -8531.630454
[00:00:01] ML tree search #15, logLikelihood: -8531.615724
[00:00:01] ML tree search #16, logLikelihood: -8531.635343
[00:00:01] ML tree search #17, logLikelihood: -8531.615724
[00:00:01] ML tree search #18, logLikelihood: -8531.655616
[00:00:01] ML tree search #19, logLikelihood: -8531.635128
[00:00:01] ML tree search #20, logLikelihood: -8531.615724

[00:00:01] ML tree search completed, best tree logLH: -8531.601496

[00:00:01] Starting bootstrapping analysis with 1000 replicates.

[00:00:02] Bootstrap tree #1, logLikelihood: -8542.689579
[00:00:02] Bootstrap tree #2, logLikelihood: -8529.701987
[00:00:02] Bootstrap tree #3, logLikelihood: -8570.595147
[00:00:02] Bootstrap tree #4, logLikelihood: -8540.508024
[00:00:02] Bootstrap tree #5, logLikelihood: -8590.549317
[00:00:02] Bootstrap tree #6, logLikelihood: -8567.537795
[00:00:02] Bootstrap tree #7, logLikelihood: -8605.392540
[00:00:02] Bootstrap tree #8, logLikelihood: -8440.979276
[00:00:02] Bootstrap tree #9, logLikelihood: -8615.638119
[00:00:02] Bootstrap tree #10, logLikelihood: -8535.733118
[00:00:02] Bootstrap tree #11, logLikelihood: -8566.564249
[00:00:02] Bootstrap tree #12, logLikelihood: -8535.283879
[00:00:03] Bootstrap tree #13, logLikelihood: -8454.097611
[00:00:03] Bootstrap tree #14, logLikelihood: -8445.670761
[00:00:03] Bootstrap tree #15, logLikelihood: -8556.466737
[00:00:03] Bootstrap tree #16, logLikelihood: -8533.617308
[00:00:03] Bootstrap tree #17, logLikelihood: -8505.158688
[00:00:03] Bootstrap tree #18, logLikelihood: -8604.594705
[00:00:03] Bootstrap tree #19, logLikelihood: -8439.862661
[00:00:03] Bootstrap tree #20, logLikelihood: -8607.268429
[00:00:03] Bootstrap tree #21, logLikelihood: -8462.955403
[00:00:03] Bootstrap tree #22, logLikelihood: -8486.732188
[00:00:03] Bootstrap tree #23, logLikelihood: -8599.328526
[00:00:04] Bootstrap tree #24, logLikelihood: -8422.654784
[00:00:04] Bootstrap tree #25, logLikelihood: -8650.172450
[00:00:04] Bootstrap tree #26, logLikelihood: -8480.092564
[00:00:04] Bootstrap tree #27, logLikelihood: -8606.583683
[00:00:04] Bootstrap tree #28, logLikelihood: -8549.473116
[00:00:04] Bootstrap tree #29, logLikelihood: -8637.460050
[00:00:04] Bootstrap tree #30, logLikelihood: -8347.955845
[00:00:04] Bootstrap tree #31, logLikelihood: -8556.598218
[00:00:04] Bootstrap tree #32, logLikelihood: -8577.039641
[00:00:04] Bootstrap tree #33, logLikelihood: -8567.675155
[00:00:04] Bootstrap tree #34, logLikelihood: -8540.402787
[00:00:04] Bootstrap tree #35, logLikelihood: -8733.498850
[00:00:05] Bootstrap tree #36, logLikelihood: -8507.205197
[00:00:05] Bootstrap tree #37, logLikelihood: -8574.813831
[00:00:05] Bootstrap tree #38, logLikelihood: -8543.008559
[00:00:05] Bootstrap tree #39, logLikelihood: -8455.498431
[00:00:05] Bootstrap tree #40, logLikelihood: -8264.144420
[00:00:05] Bootstrap tree #41, logLikelihood: -8511.941250
[00:00:05] Bootstrap tree #42, logLikelihood: -8362.460374
[00:00:05] Bootstrap tree #43, logLikelihood: -8489.913699
[00:00:05] Bootstrap tree #44, logLikelihood: -8430.572961
[00:00:05] Bootstrap tree #45, logLikelihood: -8528.629691
[00:00:05] Bootstrap tree #46, logLikelihood: -8530.657203
[00:00:05] Bootstrap tree #47, logLikelihood: -8493.311873
[00:00:06] Bootstrap tree #48, logLikelihood: -8548.594642
[00:00:06] Bootstrap tree #49, logLikelihood: -8423.031041
[00:00:06] Bootstrap tree #50, logLikelihood: -8628.891550
[00:00:06] Bootstrap tree #51, logLikelihood: -8476.599085
[00:00:06] Bootstrap tree #52, logLikelihood: -8497.792619
[00:00:06] Bootstrap tree #53, logLikelihood: -8535.332632
[00:00:06] Bootstrap tree #54, logLikelihood: -8417.424678
[00:00:06] Bootstrap tree #55, logLikelihood: -8559.840310
[00:00:06] Bootstrap tree #56, logLikelihood: -8490.369081
[00:00:06] Bootstrap tree #57, logLikelihood: -8516.837299
[00:00:06] Bootstrap tree #58, logLikelihood: -8525.803858
[00:00:07] Bootstrap tree #59, logLikelihood: -8443.620073
[00:00:07] Bootstrap tree #60, logLikelihood: -8440.952709
[00:00:07] Bootstrap tree #61, logLikelihood: -8563.788397
[00:00:07] Bootstrap tree #62, logLikelihood: -8640.932675
[00:00:07] Bootstrap tree #63, logLikelihood: -8344.528749
[00:00:07] Bootstrap tree #64, logLikelihood: -8481.451652
[00:00:07] Bootstrap tree #65, logLikelihood: -8596.807282
[00:00:07] Bootstrap tree #66, logLikelihood: -8584.286599
[00:00:07] Bootstrap tree #67, logLikelihood: -8474.696613
[00:00:07] Bootstrap tree #68, logLikelihood: -8562.699947
[00:00:07] Bootstrap tree #69, logLikelihood: -8547.710892
[00:00:08] Bootstrap tree #70, logLikelihood: -8574.478370
[00:00:08] Bootstrap tree #71, logLikelihood: -8445.188303
[00:00:08] Bootstrap tree #72, logLikelihood: -8437.382032
[00:00:08] Bootstrap tree #73, logLikelihood: -8591.783327
[00:00:08] Bootstrap tree #74, logLikelihood: -8572.116727
[00:00:08] Bootstrap tree #75, logLikelihood: -8622.056477
[00:00:08] Bootstrap tree #76, logLikelihood: -8597.961188
[00:00:08] Bootstrap tree #77, logLikelihood: -8613.440497
[00:00:08] Bootstrap tree #78, logLikelihood: -8620.448520
[00:00:08] Bootstrap tree #79, logLikelihood: -8552.587461
[00:00:08] Bootstrap tree #80, logLikelihood: -8529.888709
[00:00:09] Bootstrap tree #81, logLikelihood: -8533.550670
[00:00:09] Bootstrap tree #82, logLikelihood: -8476.858362
[00:00:09] Bootstrap tree #83, logLikelihood: -8541.084325
[00:00:09] Bootstrap tree #84, logLikelihood: -8512.143421
[00:00:09] Bootstrap tree #85, logLikelihood: -8518.985540
[00:00:09] Bootstrap tree #86, logLikelihood: -8548.759070
[00:00:09] Bootstrap tree #87, logLikelihood: -8617.547984
[00:00:09] Bootstrap tree #88, logLikelihood: -8530.093004
[00:00:09] Bootstrap tree #89, logLikelihood: -8423.039623
[00:00:09] Bootstrap tree #90, logLikelihood: -8585.873318
[00:00:09] Bootstrap tree #91, logLikelihood: -8511.171327
[00:00:10] Bootstrap tree #92, logLikelihood: -8542.819894
[00:00:10] Bootstrap tree #93, logLikelihood: -8703.650681
[00:00:10] Bootstrap tree #94, logLikelihood: -8538.777078
[00:00:10] Bootstrap tree #95, logLikelihood: -8364.607872
[00:00:10] Bootstrap tree #96, logLikelihood: -8547.982256
[00:00:10] Bootstrap tree #97, logLikelihood: -8524.929773
[00:00:10] Bootstrap tree #98, logLikelihood: -8532.959582
[00:00:10] Bootstrap tree #99, logLikelihood: -8448.454044
[00:00:10] Bootstrap tree #100, logLikelihood: -8557.993938
[00:00:10] Bootstrap tree #101, logLikelihood: -8510.751477
[00:00:10] Bootstrap tree #102, logLikelihood: -8431.453126
[00:00:10] Bootstrap tree #103, logLikelihood: -8557.992759
[00:00:11] Bootstrap tree #104, logLikelihood: -8483.186471
[00:00:11] Bootstrap tree #105, logLikelihood: -8566.230436
[00:00:11] Bootstrap tree #106, logLikelihood: -8389.096943
[00:00:11] Bootstrap tree #107, logLikelihood: -8643.490473
[00:00:11] Bootstrap tree #108, logLikelihood: -8443.345008
[00:00:11] Bootstrap tree #109, logLikelihood: -8557.469505
[00:00:11] Bootstrap tree #110, logLikelihood: -8535.756251
[00:00:11] Bootstrap tree #111, logLikelihood: -8320.884949
[00:00:11] Bootstrap tree #112, logLikelihood: -8581.526698
[00:00:11] Bootstrap tree #113, logLikelihood: -8596.169597
[00:00:11] Bootstrap tree #114, logLikelihood: -8529.849506
[00:00:12] Bootstrap tree #115, logLikelihood: -8567.958347
[00:00:12] Bootstrap tree #116, logLikelihood: -8658.130864
[00:00:12] Bootstrap tree #117, logLikelihood: -8499.759201
[00:00:12] Bootstrap tree #118, logLikelihood: -8510.062254
[00:00:12] Bootstrap tree #119, logLikelihood: -8679.495722
[00:00:12] Bootstrap tree #120, logLikelihood: -8562.383959
[00:00:12] Bootstrap tree #121, logLikelihood: -8525.448598
[00:00:12] Bootstrap tree #122, logLikelihood: -8451.169158
[00:00:12] Bootstrap tree #123, logLikelihood: -8639.050601
[00:00:12] Bootstrap tree #124, logLikelihood: -8470.795427
[00:00:12] Bootstrap tree #125, logLikelihood: -8540.662017
[00:00:12] Bootstrap tree #126, logLikelihood: -8507.877119
[00:00:13] Bootstrap tree #127, logLikelihood: -8546.860868
[00:00:13] Bootstrap tree #128, logLikelihood: -8531.538205
[00:00:13] Bootstrap tree #129, logLikelihood: -8486.136645
[00:00:13] Bootstrap tree #130, logLikelihood: -8425.429331
[00:00:13] Bootstrap tree #131, logLikelihood: -8607.246911
[00:00:13] Bootstrap tree #132, logLikelihood: -8385.041075
[00:00:13] Bootstrap tree #133, logLikelihood: -8586.801370
[00:00:13] Bootstrap tree #134, logLikelihood: -8726.386089
[00:00:13] Bootstrap tree #135, logLikelihood: -8497.236797
[00:00:13] Bootstrap tree #136, logLikelihood: -8601.136213
[00:00:13] Bootstrap tree #137, logLikelihood: -8529.208615
[00:00:13] Bootstrap tree #138, logLikelihood: -8563.623411
[00:00:14] Bootstrap tree #139, logLikelihood: -8477.795632
[00:00:14] Bootstrap tree #140, logLikelihood: -8506.753375
[00:00:14] Bootstrap tree #141, logLikelihood: -8375.272016
[00:00:14] Bootstrap tree #142, logLikelihood: -8498.695315
[00:00:14] Bootstrap tree #143, logLikelihood: -8566.133089
[00:00:14] Bootstrap tree #144, logLikelihood: -8544.379734
[00:00:14] Bootstrap tree #145, logLikelihood: -8639.274922
[00:00:14] Bootstrap tree #146, logLikelihood: -8488.602082
[00:00:14] Bootstrap tree #147, logLikelihood: -8463.576246
[00:00:14] Bootstrap tree #148, logLikelihood: -8532.433514
[00:00:14] Bootstrap tree #149, logLikelihood: -8508.154944
[00:00:15] Bootstrap tree #150, logLikelihood: -8594.852359
[00:00:15] Bootstrap tree #151, logLikelihood: -8658.190877
[00:00:15] Bootstrap tree #152, logLikelihood: -8482.930128
[00:00:15] Bootstrap tree #153, logLikelihood: -8708.915478
[00:00:15] Bootstrap tree #154, logLikelihood: -8545.707269
[00:00:15] Bootstrap tree #155, logLikelihood: -8544.650818
[00:00:15] Bootstrap tree #156, logLikelihood: -8591.436711
[00:00:15] Bootstrap tree #157, logLikelihood: -8548.751414
[00:00:15] Bootstrap tree #158, logLikelihood: -8415.197166
[00:00:15] Bootstrap tree #159, logLikelihood: -8524.475635
[00:00:15] Bootstrap tree #160, logLikelihood: -8571.514324
[00:00:16] Bootstrap tree #161, logLikelihood: -8539.533482
[00:00:16] Bootstrap tree #162, logLikelihood: -8495.121951
[00:00:16] Bootstrap tree #163, logLikelihood: -8521.050170
[00:00:16] Bootstrap tree #164, logLikelihood: -8464.426707
[00:00:16] Bootstrap tree #165, logLikelihood: -8574.165513
[00:00:16] Bootstrap tree #166, logLikelihood: -8519.937653
[00:00:16] Bootstrap tree #167, logLikelihood: -8440.333542
[00:00:16] Bootstrap tree #168, logLikelihood: -8401.702145
[00:00:16] Bootstrap tree #169, logLikelihood: -8675.475513
[00:00:16] Bootstrap tree #170, logLikelihood: -8571.006440
[00:00:16] Bootstrap tree #171, logLikelihood: -8667.209656
[00:00:16] Bootstrap tree #172, logLikelihood: -8798.701379
[00:00:17] Bootstrap tree #173, logLikelihood: -8526.601248
[00:00:17] Bootstrap tree #174, logLikelihood: -8443.231355
[00:00:17] Bootstrap tree #175, logLikelihood: -8516.426713
[00:00:17] Bootstrap tree #176, logLikelihood: -8507.115351
[00:00:17] Bootstrap tree #177, logLikelihood: -8465.811622
[00:00:17] Bootstrap tree #178, logLikelihood: -8523.100773
[00:00:17] Bootstrap tree #179, logLikelihood: -8449.270615
[00:00:17] Bootstrap tree #180, logLikelihood: -8518.407114
[00:00:17] Bootstrap tree #181, logLikelihood: -8505.316897
[00:00:17] Bootstrap tree #182, logLikelihood: -8452.970699
[00:00:17] Bootstrap tree #183, logLikelihood: -8523.110764
[00:00:17] Bootstrap tree #184, logLikelihood: -8529.759143
[00:00:18] Bootstrap tree #185, logLikelihood: -8602.379042
[00:00:18] Bootstrap tree #186, logLikelihood: -8458.173515
[00:00:18] Bootstrap tree #187, logLikelihood: -8431.450021
[00:00:18] Bootstrap tree #188, logLikelihood: -8455.935794
[00:00:18] Bootstrap tree #189, logLikelihood: -8481.514909
[00:00:18] Bootstrap tree #190, logLikelihood: -8499.668256
[00:00:18] Bootstrap tree #191, logLikelihood: -8407.790133
[00:00:18] Bootstrap tree #192, logLikelihood: -8533.284599
[00:00:18] Bootstrap tree #193, logLikelihood: -8559.145765
[00:00:18] Bootstrap tree #194, logLikelihood: -8568.164197
[00:00:18] Bootstrap tree #195, logLikelihood: -8652.022980
[00:00:19] Bootstrap tree #196, logLikelihood: -8382.282174
[00:00:19] Bootstrap tree #197, logLikelihood: -8522.455120
[00:00:19] Bootstrap tree #198, logLikelihood: -8587.062077
[00:00:19] Bootstrap tree #199, logLikelihood: -8602.490446
[00:00:19] Bootstrap tree #200, logLikelihood: -8479.019697
[00:00:19] Bootstrap tree #201, logLikelihood: -8573.603846
[00:00:19] Bootstrap tree #202, logLikelihood: -8309.234831
[00:00:19] Bootstrap tree #203, logLikelihood: -8589.815292
[00:00:19] Bootstrap tree #204, logLikelihood: -8528.845901
[00:00:19] Bootstrap tree #205, logLikelihood: -8577.732019
[00:00:19] Bootstrap tree #206, logLikelihood: -8500.936103
[00:00:19] Bootstrap tree #207, logLikelihood: -8516.754160
[00:00:20] Bootstrap tree #208, logLikelihood: -8644.160250
[00:00:20] Bootstrap tree #209, logLikelihood: -8606.846381
[00:00:20] Bootstrap tree #210, logLikelihood: -8474.179994
[00:00:20] Bootstrap tree #211, logLikelihood: -8466.835224
[00:00:20] Bootstrap tree #212, logLikelihood: -8560.970543
[00:00:20] Bootstrap tree #213, logLikelihood: -8606.957188
[00:00:20] Bootstrap tree #214, logLikelihood: -8554.675892
[00:00:20] Bootstrap tree #215, logLikelihood: -8496.992268
[00:00:20] Bootstrap tree #216, logLikelihood: -8408.777875
[00:00:20] Bootstrap tree #217, logLikelihood: -8616.994224
[00:00:20] Bootstrap tree #218, logLikelihood: -8583.743371
[00:00:21] Bootstrap tree #219, logLikelihood: -8452.241937
[00:00:21] Bootstrap tree #220, logLikelihood: -8574.704417
[00:00:21] Bootstrap tree #221, logLikelihood: -8546.805456
[00:00:21] Bootstrap tree #222, logLikelihood: -8496.745828
[00:00:21] Bootstrap tree #223, logLikelihood: -8486.195645
[00:00:21] Bootstrap tree #224, logLikelihood: -8588.748102
[00:00:21] Bootstrap tree #225, logLikelihood: -8400.163386
[00:00:21] Bootstrap tree #226, logLikelihood: -8565.848746
[00:00:21] Bootstrap tree #227, logLikelihood: -8504.566098
[00:00:21] Bootstrap tree #228, logLikelihood: -8385.392081
[00:00:21] Bootstrap tree #229, logLikelihood: -8546.618884
[00:00:21] Bootstrap tree #230, logLikelihood: -8588.464312
[00:00:22] Bootstrap tree #231, logLikelihood: -8431.200377
[00:00:22] Bootstrap tree #232, logLikelihood: -8432.088442
[00:00:22] Bootstrap tree #233, logLikelihood: -8506.563066
[00:00:22] Bootstrap tree #234, logLikelihood: -8511.545690
[00:00:22] Bootstrap tree #235, logLikelihood: -8566.331982
[00:00:22] Bootstrap tree #236, logLikelihood: -8556.985314
[00:00:22] Bootstrap tree #237, logLikelihood: -8670.439282
[00:00:22] Bootstrap tree #238, logLikelihood: -8628.586427
[00:00:22] Bootstrap tree #239, logLikelihood: -8582.572165
[00:00:22] Bootstrap tree #240, logLikelihood: -8478.358808
[00:00:22] Bootstrap tree #241, logLikelihood: -8495.665236
[00:00:23] Bootstrap tree #242, logLikelihood: -8699.087213
[00:00:23] Bootstrap tree #243, logLikelihood: -8519.923796
[00:00:23] Bootstrap tree #244, logLikelihood: -8547.397738
[00:00:23] Bootstrap tree #245, logLikelihood: -8477.430299
[00:00:23] Bootstrap tree #246, logLikelihood: -8523.946826
[00:00:23] Bootstrap tree #247, logLikelihood: -8542.044739
[00:00:23] Bootstrap tree #248, logLikelihood: -8553.953830
[00:00:23] Bootstrap tree #249, logLikelihood: -8399.181655
[00:00:23] Bootstrap tree #250, logLikelihood: -8458.051621
[00:00:23] Bootstrap tree #251, logLikelihood: -8511.758664
[00:00:23] Bootstrap tree #252, logLikelihood: -8629.009647
[00:00:24] Bootstrap tree #253, logLikelihood: -8627.176792
[00:00:24] Bootstrap tree #254, logLikelihood: -8578.622969
[00:00:24] Bootstrap tree #255, logLikelihood: -8525.848965
[00:00:24] Bootstrap tree #256, logLikelihood: -8399.083485
[00:00:24] Bootstrap tree #257, logLikelihood: -8675.921003
[00:00:24] Bootstrap tree #258, logLikelihood: -8410.105930
[00:00:24] Bootstrap tree #259, logLikelihood: -8553.707683
[00:00:24] Bootstrap tree #260, logLikelihood: -8651.300918
[00:00:24] Bootstrap tree #261, logLikelihood: -8521.504872
[00:00:24] Bootstrap tree #262, logLikelihood: -8305.861331
[00:00:24] Bootstrap tree #263, logLikelihood: -8629.064401
[00:00:24] Bootstrap tree #264, logLikelihood: -8508.276929
[00:00:25] Bootstrap tree #265, logLikelihood: -8438.242950
[00:00:25] Bootstrap tree #266, logLikelihood: -8450.652968
[00:00:25] Bootstrap tree #267, logLikelihood: -8718.099398
[00:00:25] Bootstrap tree #268, logLikelihood: -8734.832218
[00:00:25] Bootstrap tree #269, logLikelihood: -8577.718753
[00:00:25] Bootstrap tree #270, logLikelihood: -8518.192689
[00:00:25] Bootstrap tree #271, logLikelihood: -8538.899068
[00:00:25] Bootstrap tree #272, logLikelihood: -8552.948202
[00:00:25] Bootstrap tree #273, logLikelihood: -8544.485480
[00:00:25] Bootstrap tree #274, logLikelihood: -8501.789636
[00:00:25] Bootstrap tree #275, logLikelihood: -8625.788931
[00:00:25] Bootstrap tree #276, logLikelihood: -8540.545728
[00:00:26] Bootstrap tree #277, logLikelihood: -8606.750955
[00:00:26] Bootstrap tree #278, logLikelihood: -8616.639508
[00:00:26] Bootstrap tree #279, logLikelihood: -8534.994746
[00:00:26] Bootstrap tree #280, logLikelihood: -8550.205788
[00:00:26] Bootstrap tree #281, logLikelihood: -8453.128922
[00:00:26] Bootstrap tree #282, logLikelihood: -8526.095035
[00:00:26] Bootstrap tree #283, logLikelihood: -8688.140509
[00:00:26] Bootstrap tree #284, logLikelihood: -8420.588163
[00:00:26] Bootstrap tree #285, logLikelihood: -8519.279037
[00:00:26] Bootstrap tree #286, logLikelihood: -8598.585449
[00:00:26] Bootstrap tree #287, logLikelihood: -8578.040311
[00:00:27] Bootstrap tree #288, logLikelihood: -8463.293337
[00:00:27] Bootstrap tree #289, logLikelihood: -8590.041429
[00:00:27] Bootstrap tree #290, logLikelihood: -8569.388875
[00:00:27] Bootstrap tree #291, logLikelihood: -8620.932582
[00:00:27] Bootstrap tree #292, logLikelihood: -8492.682584
[00:00:27] Bootstrap tree #293, logLikelihood: -8396.580499
[00:00:27] Bootstrap tree #294, logLikelihood: -8387.015673
[00:00:27] Bootstrap tree #295, logLikelihood: -8438.917633
[00:00:27] Bootstrap tree #296, logLikelihood: -8603.833480
[00:00:27] Bootstrap tree #297, logLikelihood: -8558.104535
[00:00:27] Bootstrap tree #298, logLikelihood: -8359.480423
[00:00:27] Bootstrap tree #299, logLikelihood: -8582.023368
[00:00:27] Bootstrap tree #300, logLikelihood: -8482.898031
[00:00:28] Bootstrap tree #301, logLikelihood: -8519.826607
[00:00:28] Bootstrap tree #302, logLikelihood: -8513.976426
[00:00:28] Bootstrap tree #303, logLikelihood: -8593.869012
[00:00:28] Bootstrap tree #304, logLikelihood: -8414.375536
[00:00:28] Bootstrap tree #305, logLikelihood: -8519.576624
[00:00:28] Bootstrap tree #306, logLikelihood: -8570.099898
[00:00:28] Bootstrap tree #307, logLikelihood: -8449.618108
[00:00:28] Bootstrap tree #308, logLikelihood: -8712.484647
[00:00:28] Bootstrap tree #309, logLikelihood: -8597.293769
[00:00:28] Bootstrap tree #310, logLikelihood: -8600.875875
[00:00:28] Bootstrap tree #311, logLikelihood: -8545.310919
[00:00:28] Bootstrap tree #312, logLikelihood: -8517.805251
[00:00:29] Bootstrap tree #313, logLikelihood: -8459.754599
[00:00:29] Bootstrap tree #314, logLikelihood: -8588.910046
[00:00:29] Bootstrap tree #315, logLikelihood: -8595.839400
[00:00:29] Bootstrap tree #316, logLikelihood: -8598.340733
[00:00:29] Bootstrap tree #317, logLikelihood: -8541.728914
[00:00:29] Bootstrap tree #318, logLikelihood: -8554.954711
[00:00:29] Bootstrap tree #319, logLikelihood: -8633.602058
[00:00:29] Bootstrap tree #320, logLikelihood: -8633.868065
[00:00:29] Bootstrap tree #321, logLikelihood: -8453.849391
[00:00:29] Bootstrap tree #322, logLikelihood: -8481.863516
[00:00:30] Bootstrap tree #323, logLikelihood: -8449.292885
[00:00:30] Bootstrap tree #324, logLikelihood: -8412.495912
[00:00:30] Bootstrap tree #325, logLikelihood: -8515.822755
[00:00:30] Bootstrap tree #326, logLikelihood: -8555.911128
[00:00:30] Bootstrap tree #327, logLikelihood: -8574.364813
[00:00:30] Bootstrap tree #328, logLikelihood: -8545.584362
[00:00:30] Bootstrap tree #329, logLikelihood: -8451.322665
[00:00:30] Bootstrap tree #330, logLikelihood: -8523.032767
[00:00:30] Bootstrap tree #331, logLikelihood: -8586.463374
[00:00:30] Bootstrap tree #332, logLikelihood: -8573.915069
[00:00:30] Bootstrap tree #333, logLikelihood: -8520.408815
[00:00:30] Bootstrap tree #334, logLikelihood: -8575.769899
[00:00:31] Bootstrap tree #335, logLikelihood: -8555.596650
[00:00:31] Bootstrap tree #336, logLikelihood: -8413.761766
[00:00:31] Bootstrap tree #337, logLikelihood: -8556.735514
[00:00:31] Bootstrap tree #338, logLikelihood: -8430.910745
[00:00:31] Bootstrap tree #339, logLikelihood: -8577.060862
[00:00:31] Bootstrap tree #340, logLikelihood: -8511.552720
[00:00:31] Bootstrap tree #341, logLikelihood: -8605.611724
[00:00:31] Bootstrap tree #342, logLikelihood: -8414.582056
[00:00:31] Bootstrap tree #343, logLikelihood: -8367.613563
[00:00:31] Bootstrap tree #344, logLikelihood: -8465.199009
[00:00:31] Bootstrap tree #345, logLikelihood: -8513.721151
[00:00:31] Bootstrap tree #346, logLikelihood: -8497.611207
[00:00:32] Bootstrap tree #347, logLikelihood: -8523.623208
[00:00:32] Bootstrap tree #348, logLikelihood: -8466.220090
[00:00:32] Bootstrap tree #349, logLikelihood: -8563.014605
[00:00:32] Bootstrap tree #350, logLikelihood: -8533.643234
[00:00:32] Bootstrap tree #351, logLikelihood: -8603.668459
[00:00:32] Bootstrap tree #352, logLikelihood: -8525.046149
[00:00:32] Bootstrap tree #353, logLikelihood: -8546.075025
[00:00:32] Bootstrap tree #354, logLikelihood: -8511.999950
[00:00:32] Bootstrap tree #355, logLikelihood: -8487.328126
[00:00:32] Bootstrap tree #356, logLikelihood: -8488.448444
[00:00:32] Bootstrap tree #357, logLikelihood: -8589.000666
[00:00:32] Bootstrap tree #358, logLikelihood: -8369.128753
[00:00:33] Bootstrap tree #359, logLikelihood: -8540.290325
[00:00:33] Bootstrap tree #360, logLikelihood: -8631.276644
[00:00:33] Bootstrap tree #361, logLikelihood: -8570.972463
[00:00:33] Bootstrap tree #362, logLikelihood: -8611.977173
[00:00:33] Bootstrap tree #363, logLikelihood: -8431.902782
[00:00:33] Bootstrap tree #364, logLikelihood: -8415.801847
[00:00:33] Bootstrap tree #365, logLikelihood: -8574.813802
[00:00:33] Bootstrap tree #366, logLikelihood: -8550.175687
[00:00:33] Bootstrap tree #367, logLikelihood: -8547.293648
[00:00:33] Bootstrap tree #368, logLikelihood: -8540.422079
[00:00:33] Bootstrap tree #369, logLikelihood: -8391.660767
[00:00:34] Bootstrap tree #370, logLikelihood: -8624.832405
[00:00:34] Bootstrap tree #371, logLikelihood: -8483.709814
[00:00:34] Bootstrap tree #372, logLikelihood: -8452.870033
[00:00:34] Bootstrap tree #373, logLikelihood: -8546.504721
[00:00:34] Bootstrap tree #374, logLikelihood: -8583.633350
[00:00:34] Bootstrap tree #375, logLikelihood: -8536.893913
[00:00:34] Bootstrap tree #376, logLikelihood: -8617.149775
[00:00:34] Bootstrap tree #377, logLikelihood: -8510.454391
[00:00:34] Bootstrap tree #378, logLikelihood: -8580.875232
[00:00:34] Bootstrap tree #379, logLikelihood: -8556.599656
[00:00:34] Bootstrap tree #380, logLikelihood: -8463.343825
[00:00:35] Bootstrap tree #381, logLikelihood: -8608.570951
[00:00:35] Bootstrap tree #382, logLikelihood: -8436.386194
[00:00:35] Bootstrap tree #383, logLikelihood: -8527.538043
[00:00:35] Bootstrap tree #384, logLikelihood: -8543.422948
[00:00:35] Bootstrap tree #385, logLikelihood: -8413.168442
[00:00:35] Bootstrap tree #386, logLikelihood: -8500.615678
[00:00:35] Bootstrap tree #387, logLikelihood: -8548.792610
[00:00:35] Bootstrap tree #388, logLikelihood: -8456.392327
[00:00:35] Bootstrap tree #389, logLikelihood: -8565.426264
[00:00:35] Bootstrap tree #390, logLikelihood: -8524.282859
[00:00:35] Bootstrap tree #391, logLikelihood: -8585.881588
[00:00:35] Bootstrap tree #392, logLikelihood: -8455.956906
[00:00:36] Bootstrap tree #393, logLikelihood: -8586.923849
[00:00:36] Bootstrap tree #394, logLikelihood: -8476.765130
[00:00:36] Bootstrap tree #395, logLikelihood: -8485.291295
[00:00:36] Bootstrap tree #396, logLikelihood: -8540.483020
[00:00:36] Bootstrap tree #397, logLikelihood: -8602.694814
[00:00:36] Bootstrap tree #398, logLikelihood: -8459.211669
[00:00:36] Bootstrap tree #399, logLikelihood: -8637.016841
[00:00:36] Bootstrap tree #400, logLikelihood: -8573.862103
[00:00:36] Bootstrap tree #401, logLikelihood: -8402.442004
[00:00:36] Bootstrap tree #402, logLikelihood: -8539.061158
[00:00:36] Bootstrap tree #403, logLikelihood: -8543.307225
[00:00:36] Bootstrap tree #404, logLikelihood: -8420.664905
[00:00:37] Bootstrap tree #405, logLikelihood: -8576.622095
[00:00:37] Bootstrap tree #406, logLikelihood: -8537.111347
[00:00:37] Bootstrap tree #407, logLikelihood: -8612.019508
[00:00:37] Bootstrap tree #408, logLikelihood: -8406.649469
[00:00:37] Bootstrap tree #409, logLikelihood: -8620.041062
[00:00:37] Bootstrap tree #410, logLikelihood: -8473.956233
[00:00:37] Bootstrap tree #411, logLikelihood: -8665.784218
[00:00:37] Bootstrap tree #412, logLikelihood: -8503.539901
[00:00:37] Bootstrap tree #413, logLikelihood: -8610.682061
[00:00:37] Bootstrap tree #414, logLikelihood: -8565.988888
[00:00:37] Bootstrap tree #415, logLikelihood: -8531.259162
[00:00:38] Bootstrap tree #416, logLikelihood: -8503.332645
[00:00:38] Bootstrap tree #417, logLikelihood: -8597.225844
[00:00:38] Bootstrap tree #418, logLikelihood: -8564.671271
[00:00:38] Bootstrap tree #419, logLikelihood: -8459.863432
[00:00:38] Bootstrap tree #420, logLikelihood: -8408.997527
[00:00:38] Bootstrap tree #421, logLikelihood: -8519.461747
[00:00:38] Bootstrap tree #422, logLikelihood: -8445.097836
[00:00:38] Bootstrap tree #423, logLikelihood: -8530.925494
[00:00:38] Bootstrap tree #424, logLikelihood: -8413.171078
[00:00:38] Bootstrap tree #425, logLikelihood: -8497.549027
[00:00:38] Bootstrap tree #426, logLikelihood: -8514.956198
[00:00:38] Bootstrap tree #427, logLikelihood: -8482.457226
[00:00:39] Bootstrap tree #428, logLikelihood: -8506.759660
[00:00:39] Bootstrap tree #429, logLikelihood: -8359.325307
[00:00:39] Bootstrap tree #430, logLikelihood: -8527.103279
[00:00:39] Bootstrap tree #431, logLikelihood: -8539.155008
[00:00:39] Bootstrap tree #432, logLikelihood: -8516.913212
[00:00:39] Bootstrap tree #433, logLikelihood: -8545.961563
[00:00:39] Bootstrap tree #434, logLikelihood: -8487.608848
[00:00:39] Bootstrap tree #435, logLikelihood: -8478.207448
[00:00:39] Bootstrap tree #436, logLikelihood: -8469.405864
[00:00:39] Bootstrap tree #437, logLikelihood: -8569.660148
[00:00:39] Bootstrap tree #438, logLikelihood: -8572.065405
[00:00:39] Bootstrap tree #439, logLikelihood: -8510.244057
[00:00:40] Bootstrap tree #440, logLikelihood: -8443.081652
[00:00:40] Bootstrap tree #441, logLikelihood: -8627.723297
[00:00:40] Bootstrap tree #442, logLikelihood: -8634.658810
[00:00:40] Bootstrap tree #443, logLikelihood: -8452.052852
[00:00:40] Bootstrap tree #444, logLikelihood: -8559.456926
[00:00:40] Bootstrap tree #445, logLikelihood: -8502.458337
[00:00:40] Bootstrap tree #446, logLikelihood: -8550.438169
[00:00:40] Bootstrap tree #447, logLikelihood: -8619.641257
[00:00:40] Bootstrap tree #448, logLikelihood: -8511.599865
[00:00:40] Bootstrap tree #449, logLikelihood: -8603.094720
[00:00:40] Bootstrap tree #450, logLikelihood: -8453.543561
[00:00:41] Bootstrap tree #451, logLikelihood: -8611.382646
[00:00:41] Bootstrap tree #452, logLikelihood: -8568.160182
[00:00:41] Bootstrap tree #453, logLikelihood: -8560.852763
[00:00:41] Bootstrap tree #454, logLikelihood: -8447.877962
[00:00:41] Bootstrap tree #455, logLikelihood: -8406.423383
[00:00:41] Bootstrap tree #456, logLikelihood: -8579.180756
[00:00:41] Bootstrap tree #457, logLikelihood: -8591.718412
[00:00:41] Bootstrap tree #458, logLikelihood: -8736.284787
[00:00:41] Bootstrap tree #459, logLikelihood: -8605.202236
[00:00:41] Bootstrap tree #460, logLikelihood: -8399.115905
[00:00:41] Bootstrap tree #461, logLikelihood: -8344.836457
[00:00:41] Bootstrap tree #462, logLikelihood: -8623.980383
[00:00:42] Bootstrap tree #463, logLikelihood: -8585.115228
[00:00:42] Bootstrap tree #464, logLikelihood: -8504.274961
[00:00:42] Bootstrap tree #465, logLikelihood: -8471.841337
[00:00:42] Bootstrap tree #466, logLikelihood: -8505.321860
[00:00:42] Bootstrap tree #467, logLikelihood: -8333.541584
[00:00:42] Bootstrap tree #468, logLikelihood: -8384.779593
[00:00:42] Bootstrap tree #469, logLikelihood: -8548.133453
[00:00:42] Bootstrap tree #470, logLikelihood: -8565.046861
[00:00:42] Bootstrap tree #471, logLikelihood: -8544.391337
[00:00:42] Bootstrap tree #472, logLikelihood: -8583.708392
[00:00:42] Bootstrap tree #473, logLikelihood: -8534.451151
[00:00:43] Bootstrap tree #474, logLikelihood: -8587.339833
[00:00:43] Bootstrap tree #475, logLikelihood: -8544.405148
[00:00:43] Bootstrap tree #476, logLikelihood: -8647.195379
[00:00:43] Bootstrap tree #477, logLikelihood: -8669.490893
[00:00:43] Bootstrap tree #478, logLikelihood: -8430.678896
[00:00:43] Bootstrap tree #479, logLikelihood: -8421.456649
[00:00:43] Bootstrap tree #480, logLikelihood: -8567.041693
[00:00:43] Bootstrap tree #481, logLikelihood: -8565.800085
[00:00:43] Bootstrap tree #482, logLikelihood: -8581.484146
[00:00:43] Bootstrap tree #483, logLikelihood: -8716.097232
[00:00:43] Bootstrap tree #484, logLikelihood: -8679.068481
[00:00:44] Bootstrap tree #485, logLikelihood: -8615.202826
[00:00:44] Bootstrap tree #486, logLikelihood: -8503.064147
[00:00:44] Bootstrap tree #487, logLikelihood: -8507.228504
[00:00:44] Bootstrap tree #488, logLikelihood: -8633.983122
[00:00:44] Bootstrap tree #489, logLikelihood: -8484.848485
[00:00:44] Bootstrap tree #490, logLikelihood: -8462.717723
[00:00:44] Bootstrap tree #491, logLikelihood: -8481.454462
[00:00:44] Bootstrap tree #492, logLikelihood: -8617.543378
[00:00:44] Bootstrap tree #493, logLikelihood: -8488.047341
[00:00:44] Bootstrap tree #494, logLikelihood: -8470.305751
[00:00:44] Bootstrap tree #495, logLikelihood: -8551.267331
[00:00:45] Bootstrap tree #496, logLikelihood: -8587.021352
[00:00:45] Bootstrap tree #497, logLikelihood: -8466.520535
[00:00:45] Bootstrap tree #498, logLikelihood: -8336.631153
[00:00:45] Bootstrap tree #499, logLikelihood: -8552.735890
[00:00:45] Bootstrap tree #500, logLikelihood: -8621.594044
[00:00:45] Bootstrap tree #501, logLikelihood: -8569.621230
[00:00:45] Bootstrap tree #502, logLikelihood: -8458.967774
[00:00:45] Bootstrap tree #503, logLikelihood: -8388.673192
[00:00:45] Bootstrap tree #504, logLikelihood: -8451.390681
[00:00:45] Bootstrap tree #505, logLikelihood: -8502.918941
[00:00:45] Bootstrap tree #506, logLikelihood: -8504.677903
[00:00:46] Bootstrap tree #507, logLikelihood: -8459.788537
[00:00:46] Bootstrap tree #508, logLikelihood: -8498.229576
[00:00:46] Bootstrap tree #509, logLikelihood: -8514.027218
[00:00:46] Bootstrap tree #510, logLikelihood: -8454.002046
[00:00:46] Bootstrap tree #511, logLikelihood: -8629.665531
[00:00:46] Bootstrap tree #512, logLikelihood: -8584.938811
[00:00:46] Bootstrap tree #513, logLikelihood: -8573.129668
[00:00:46] Bootstrap tree #514, logLikelihood: -8593.284600
[00:00:46] Bootstrap tree #515, logLikelihood: -8413.077709
[00:00:46] Bootstrap tree #516, logLikelihood: -8523.705704
[00:00:46] Bootstrap tree #517, logLikelihood: -8504.169456
[00:00:47] Bootstrap tree #518, logLikelihood: -8391.580136
[00:00:47] Bootstrap tree #519, logLikelihood: -8530.867542
[00:00:47] Bootstrap tree #520, logLikelihood: -8630.046958
[00:00:47] Bootstrap tree #521, logLikelihood: -8598.002760
[00:00:47] Bootstrap tree #522, logLikelihood: -8535.892803
[00:00:47] Bootstrap tree #523, logLikelihood: -8614.963976
[00:00:47] Bootstrap tree #524, logLikelihood: -8568.808634
[00:00:47] Bootstrap tree #525, logLikelihood: -8532.572045
[00:00:47] Bootstrap tree #526, logLikelihood: -8592.689179
[00:00:47] Bootstrap tree #527, logLikelihood: -8420.993132
[00:00:47] Bootstrap tree #528, logLikelihood: -8568.263881
[00:00:48] Bootstrap tree #529, logLikelihood: -8455.231266
[00:00:48] Bootstrap tree #530, logLikelihood: -8459.689457
[00:00:48] Bootstrap tree #531, logLikelihood: -8687.537701
[00:00:48] Bootstrap tree #532, logLikelihood: -8360.434718
[00:00:48] Bootstrap tree #533, logLikelihood: -8339.755060
[00:00:48] Bootstrap tree #534, logLikelihood: -8559.730756
[00:00:48] Bootstrap tree #535, logLikelihood: -8470.146976
[00:00:48] Bootstrap tree #536, logLikelihood: -8419.806035
[00:00:48] Bootstrap tree #537, logLikelihood: -8464.555716
[00:00:48] Bootstrap tree #538, logLikelihood: -8416.029398
[00:00:48] Bootstrap tree #539, logLikelihood: -8562.699033
[00:00:49] Bootstrap tree #540, logLikelihood: -8635.201543
[00:00:49] Bootstrap tree #541, logLikelihood: -8470.959225
[00:00:49] Bootstrap tree #542, logLikelihood: -8507.790201
[00:00:49] Bootstrap tree #543, logLikelihood: -8509.213394
[00:00:49] Bootstrap tree #544, logLikelihood: -8574.292255
[00:00:49] Bootstrap tree #545, logLikelihood: -8555.667220
[00:00:49] Bootstrap tree #546, logLikelihood: -8430.230591
[00:00:49] Bootstrap tree #547, logLikelihood: -8472.155704
[00:00:49] Bootstrap tree #548, logLikelihood: -8507.870644
[00:00:49] Bootstrap tree #549, logLikelihood: -8385.588623
[00:00:50] Bootstrap tree #550, logLikelihood: -8572.174636
[00:00:50] Bootstrap tree #551, logLikelihood: -8396.166533
[00:00:50] Bootstrap tree #552, logLikelihood: -8437.154787
[00:00:50] Bootstrap tree #553, logLikelihood: -8768.517924
[00:00:50] Bootstrap tree #554, logLikelihood: -8443.864705
[00:00:50] Bootstrap tree #555, logLikelihood: -8460.404895
[00:00:50] Bootstrap tree #556, logLikelihood: -8470.091343
[00:00:50] Bootstrap tree #557, logLikelihood: -8489.771057
[00:00:50] Bootstrap tree #558, logLikelihood: -8512.473710
[00:00:50] Bootstrap tree #559, logLikelihood: -8519.824679
[00:00:50] Bootstrap tree #560, logLikelihood: -8402.677870
[00:00:51] Bootstrap tree #561, logLikelihood: -8446.442912
[00:00:51] Bootstrap tree #562, logLikelihood: -8712.670341
[00:00:51] Bootstrap tree #563, logLikelihood: -8513.741388
[00:00:51] Bootstrap tree #564, logLikelihood: -8602.372685
[00:00:51] Bootstrap tree #565, logLikelihood: -8690.981885
[00:00:51] Bootstrap tree #566, logLikelihood: -8607.756740
[00:00:51] Bootstrap tree #567, logLikelihood: -8494.730437
[00:00:51] Bootstrap tree #568, logLikelihood: -8467.668756
[00:00:51] Bootstrap tree #569, logLikelihood: -8568.020657
[00:00:51] Bootstrap tree #570, logLikelihood: -8561.924900
[00:00:52] Bootstrap tree #571, logLikelihood: -8576.131130
[00:00:52] Bootstrap tree #572, logLikelihood: -8561.992866
[00:00:52] Bootstrap tree #573, logLikelihood: -8499.218200
[00:00:52] Bootstrap tree #574, logLikelihood: -8487.021439
[00:00:52] Bootstrap tree #575, logLikelihood: -8572.165171
[00:00:52] Bootstrap tree #576, logLikelihood: -8597.074886
[00:00:52] Bootstrap tree #577, logLikelihood: -8614.643254
[00:00:52] Bootstrap tree #578, logLikelihood: -8625.801642
[00:00:52] Bootstrap tree #579, logLikelihood: -8730.825239
[00:00:52] Bootstrap tree #580, logLikelihood: -8488.118855
[00:00:52] Bootstrap tree #581, logLikelihood: -8589.900873
[00:00:53] Bootstrap tree #582, logLikelihood: -8610.704187
[00:00:53] Bootstrap tree #583, logLikelihood: -8645.259698
[00:00:53] Bootstrap tree #584, logLikelihood: -8542.413356
[00:00:53] Bootstrap tree #585, logLikelihood: -8475.056443
[00:00:53] Bootstrap tree #586, logLikelihood: -8595.151600
[00:00:53] Bootstrap tree #587, logLikelihood: -8560.391876
[00:00:53] Bootstrap tree #588, logLikelihood: -8421.725719
[00:00:53] Bootstrap tree #589, logLikelihood: -8562.650118
[00:00:53] Bootstrap tree #590, logLikelihood: -8626.155092
[00:00:53] Bootstrap tree #591, logLikelihood: -8604.889324
[00:00:53] Bootstrap tree #592, logLikelihood: -8601.826749
[00:00:54] Bootstrap tree #593, logLikelihood: -8510.852165
[00:00:54] Bootstrap tree #594, logLikelihood: -8636.396663
[00:00:54] Bootstrap tree #595, logLikelihood: -8428.972750
[00:00:54] Bootstrap tree #596, logLikelihood: -8516.652380
[00:00:54] Bootstrap tree #597, logLikelihood: -8520.157681
[00:00:54] Bootstrap tree #598, logLikelihood: -8578.889457
[00:00:54] Bootstrap tree #599, logLikelihood: -8367.643400
[00:00:54] Bootstrap tree #600, logLikelihood: -8504.861828
[00:00:54] Bootstrap tree #601, logLikelihood: -8567.497835
[00:00:54] Bootstrap tree #602, logLikelihood: -8407.781781
[00:00:54] Bootstrap tree #603, logLikelihood: -8476.761565
[00:00:55] Bootstrap tree #604, logLikelihood: -8435.420608
[00:00:55] Bootstrap tree #605, logLikelihood: -8437.972483
[00:00:55] Bootstrap tree #606, logLikelihood: -8566.627648
[00:00:55] Bootstrap tree #607, logLikelihood: -8486.484691
[00:00:55] Bootstrap tree #608, logLikelihood: -8464.273078
[00:00:55] Bootstrap tree #609, logLikelihood: -8499.805500
[00:00:55] Bootstrap tree #610, logLikelihood: -8588.548761
[00:00:55] Bootstrap tree #611, logLikelihood: -8501.145932
[00:00:55] Bootstrap tree #612, logLikelihood: -8572.138007
[00:00:55] Bootstrap tree #613, logLikelihood: -8561.604076
[00:00:55] Bootstrap tree #614, logLikelihood: -8480.695053
[00:00:56] Bootstrap tree #615, logLikelihood: -8621.019629
[00:00:56] Bootstrap tree #616, logLikelihood: -8507.283378
[00:00:56] Bootstrap tree #617, logLikelihood: -8416.389326
[00:00:56] Bootstrap tree #618, logLikelihood: -8488.567519
[00:00:56] Bootstrap tree #619, logLikelihood: -8362.645645
[00:00:56] Bootstrap tree #620, logLikelihood: -8417.765418
[00:00:56] Bootstrap tree #621, logLikelihood: -8538.769921
[00:00:56] Bootstrap tree #622, logLikelihood: -8553.045297
[00:00:56] Bootstrap tree #623, logLikelihood: -8516.705725
[00:00:56] Bootstrap tree #624, logLikelihood: -8534.385029
[00:00:56] Bootstrap tree #625, logLikelihood: -8549.972763
[00:00:56] Bootstrap tree #626, logLikelihood: -8563.013729
[00:00:57] Bootstrap tree #627, logLikelihood: -8450.877064
[00:00:57] Bootstrap tree #628, logLikelihood: -8595.854714
[00:00:57] Bootstrap tree #629, logLikelihood: -8641.887660
[00:00:57] Bootstrap tree #630, logLikelihood: -8512.760282
[00:00:57] Bootstrap tree #631, logLikelihood: -8535.152729
[00:00:57] Bootstrap tree #632, logLikelihood: -8500.222445
[00:00:57] Bootstrap tree #633, logLikelihood: -8626.291860
[00:00:57] Bootstrap tree #634, logLikelihood: -8478.888179
[00:00:57] Bootstrap tree #635, logLikelihood: -8529.163071
[00:00:57] Bootstrap tree #636, logLikelihood: -8510.259327
[00:00:57] Bootstrap tree #637, logLikelihood: -8391.608979
[00:00:57] Bootstrap tree #638, logLikelihood: -8463.029988
[00:00:58] Bootstrap tree #639, logLikelihood: -8515.454827
[00:00:58] Bootstrap tree #640, logLikelihood: -8560.716631
[00:00:58] Bootstrap tree #641, logLikelihood: -8471.884643
[00:00:58] Bootstrap tree #642, logLikelihood: -8478.558281
[00:00:58] Bootstrap tree #643, logLikelihood: -8500.588673
[00:00:58] Bootstrap tree #644, logLikelihood: -8479.707333
[00:00:58] Bootstrap tree #645, logLikelihood: -8537.117846
[00:00:58] Bootstrap tree #646, logLikelihood: -8350.343851
[00:00:58] Bootstrap tree #647, logLikelihood: -8726.391343
[00:00:58] Bootstrap tree #648, logLikelihood: -8498.441048
[00:00:58] Bootstrap tree #649, logLikelihood: -8511.222599
[00:00:59] Bootstrap tree #650, logLikelihood: -8382.193139
[00:00:59] Bootstrap tree #651, logLikelihood: -8504.330675
[00:00:59] Bootstrap tree #652, logLikelihood: -8558.697510
[00:00:59] Bootstrap tree #653, logLikelihood: -8454.339032
[00:00:59] Bootstrap tree #654, logLikelihood: -8500.519217
[00:00:59] Bootstrap tree #655, logLikelihood: -8492.544215
[00:00:59] Bootstrap tree #656, logLikelihood: -8452.034371
[00:00:59] Bootstrap tree #657, logLikelihood: -8468.420361
[00:00:59] Bootstrap tree #658, logLikelihood: -8630.016108
[00:00:59] Bootstrap tree #659, logLikelihood: -8481.628291
[00:01:00] Bootstrap tree #660, logLikelihood: -8587.310782
[00:01:00] Bootstrap tree #661, logLikelihood: -8533.664332
[00:01:00] Bootstrap tree #662, logLikelihood: -8509.864220
[00:01:00] Bootstrap tree #663, logLikelihood: -8477.015187
[00:01:00] Bootstrap tree #664, logLikelihood: -8577.201708
[00:01:00] Bootstrap tree #665, logLikelihood: -8564.035482
[00:01:00] Bootstrap tree #666, logLikelihood: -8534.951753
[00:01:00] Bootstrap tree #667, logLikelihood: -8653.455406
[00:01:00] Bootstrap tree #668, logLikelihood: -8506.164807
[00:01:00] Bootstrap tree #669, logLikelihood: -8558.280227
[00:01:00] Bootstrap tree #670, logLikelihood: -8451.767578
[00:01:01] Bootstrap tree #671, logLikelihood: -8562.789009
[00:01:01] Bootstrap tree #672, logLikelihood: -8626.824081
[00:01:01] Bootstrap tree #673, logLikelihood: -8559.461090
[00:01:01] Bootstrap tree #674, logLikelihood: -8516.211274
[00:01:01] Bootstrap tree #675, logLikelihood: -8699.299121
[00:01:01] Bootstrap tree #676, logLikelihood: -8422.366082
[00:01:01] Bootstrap tree #677, logLikelihood: -8535.319302
[00:01:01] Bootstrap tree #678, logLikelihood: -8610.722657
[00:01:01] Bootstrap tree #679, logLikelihood: -8539.033899
[00:01:01] Bootstrap tree #680, logLikelihood: -8569.913333
[00:01:02] Bootstrap tree #681, logLikelihood: -8576.995741
[00:01:02] Bootstrap tree #682, logLikelihood: -8436.194323
[00:01:02] Bootstrap tree #683, logLikelihood: -8450.704228
[00:01:02] Bootstrap tree #684, logLikelihood: -8653.735829
[00:01:02] Bootstrap tree #685, logLikelihood: -8596.806748
[00:01:02] Bootstrap tree #686, logLikelihood: -8570.596124
[00:01:02] Bootstrap tree #687, logLikelihood: -8390.350845
[00:01:02] Bootstrap tree #688, logLikelihood: -8509.651818
[00:01:02] Bootstrap tree #689, logLikelihood: -8510.360621
[00:01:02] Bootstrap tree #690, logLikelihood: -8611.862841
[00:01:02] Bootstrap tree #691, logLikelihood: -8676.740520
[00:01:03] Bootstrap tree #692, logLikelihood: -8508.333044
[00:01:03] Bootstrap tree #693, logLikelihood: -8428.156849
[00:01:03] Bootstrap tree #694, logLikelihood: -8531.129830
[00:01:03] Bootstrap tree #695, logLikelihood: -8568.212953
[00:01:03] Bootstrap tree #696, logLikelihood: -8539.609311
[00:01:03] Bootstrap tree #697, logLikelihood: -8530.802400
[00:01:03] Bootstrap tree #698, logLikelihood: -8538.177531
[00:01:03] Bootstrap tree #699, logLikelihood: -8443.386929
[00:01:03] Bootstrap tree #700, logLikelihood: -8528.100398
[00:01:03] Bootstrap tree #701, logLikelihood: -8506.647678
[00:01:03] Bootstrap tree #702, logLikelihood: -8581.771231
[00:01:04] Bootstrap tree #703, logLikelihood: -8663.133642
[00:01:04] Bootstrap tree #704, logLikelihood: -8549.258492
[00:01:04] Bootstrap tree #705, logLikelihood: -8572.606740
[00:01:04] Bootstrap tree #706, logLikelihood: -8664.080758
[00:01:04] Bootstrap tree #707, logLikelihood: -8528.735762
[00:01:04] Bootstrap tree #708, logLikelihood: -8552.730924
[00:01:04] Bootstrap tree #709, logLikelihood: -8675.697936
[00:01:04] Bootstrap tree #710, logLikelihood: -8542.221975
[00:01:04] Bootstrap tree #711, logLikelihood: -8540.000292
[00:01:04] Bootstrap tree #712, logLikelihood: -8555.094501
[00:01:05] Bootstrap tree #713, logLikelihood: -8565.221218
[00:01:05] Bootstrap tree #714, logLikelihood: -8581.781154
[00:01:05] Bootstrap tree #715, logLikelihood: -8620.134659
[00:01:05] Bootstrap tree #716, logLikelihood: -8607.024110
[00:01:05] Bootstrap tree #717, logLikelihood: -8512.354890
[00:01:05] Bootstrap tree #718, logLikelihood: -8455.260230
[00:01:05] Bootstrap tree #719, logLikelihood: -8422.558568
[00:01:05] Bootstrap tree #720, logLikelihood: -8560.242026
[00:01:05] Bootstrap tree #721, logLikelihood: -8558.889144
[00:01:05] Bootstrap tree #722, logLikelihood: -8632.796313
[00:01:05] Bootstrap tree #723, logLikelihood: -8518.274344
[00:01:05] Bootstrap tree #724, logLikelihood: -8438.517327
[00:01:06] Bootstrap tree #725, logLikelihood: -8512.972970
[00:01:06] Bootstrap tree #726, logLikelihood: -8528.956167
[00:01:06] Bootstrap tree #727, logLikelihood: -8660.686891
[00:01:06] Bootstrap tree #728, logLikelihood: -8537.125535
[00:01:06] Bootstrap tree #729, logLikelihood: -8623.646850
[00:01:06] Bootstrap tree #730, logLikelihood: -8518.049821
[00:01:06] Bootstrap tree #731, logLikelihood: -8645.645637
[00:01:06] Bootstrap tree #732, logLikelihood: -8556.977472
[00:01:06] Bootstrap tree #733, logLikelihood: -8582.151254
[00:01:06] Bootstrap tree #734, logLikelihood: -8493.903320
[00:01:06] Bootstrap tree #735, logLikelihood: -8407.685749
[00:01:06] Bootstrap tree #736, logLikelihood: -8568.899301
[00:01:07] Bootstrap tree #737, logLikelihood: -8477.056766
[00:01:07] Bootstrap tree #738, logLikelihood: -8508.741987
[00:01:07] Bootstrap tree #739, logLikelihood: -8510.695153
[00:01:07] Bootstrap tree #740, logLikelihood: -8522.970709
[00:01:07] Bootstrap tree #741, logLikelihood: -8396.989660
[00:01:07] Bootstrap tree #742, logLikelihood: -8539.945971
[00:01:07] Bootstrap tree #743, logLikelihood: -8625.122821
[00:01:07] Bootstrap tree #744, logLikelihood: -8534.385614
[00:01:07] Bootstrap tree #745, logLikelihood: -8479.519390
[00:01:07] Bootstrap tree #746, logLikelihood: -8567.318958
[00:01:07] Bootstrap tree #747, logLikelihood: -8556.323587
[00:01:08] Bootstrap tree #748, logLikelihood: -8554.806739
[00:01:08] Bootstrap tree #749, logLikelihood: -8526.116693
[00:01:08] Bootstrap tree #750, logLikelihood: -8454.721668
[00:01:08] Bootstrap tree #751, logLikelihood: -8462.278553
[00:01:08] Bootstrap tree #752, logLikelihood: -8436.298553
[00:01:08] Bootstrap tree #753, logLikelihood: -8507.488820
[00:01:08] Bootstrap tree #754, logLikelihood: -8626.146561
[00:01:08] Bootstrap tree #755, logLikelihood: -8577.203093
[00:01:08] Bootstrap tree #756, logLikelihood: -8454.375965
[00:01:08] Bootstrap tree #757, logLikelihood: -8577.692920
[00:01:08] Bootstrap tree #758, logLikelihood: -8539.762363
[00:01:08] Bootstrap tree #759, logLikelihood: -8492.062999
[00:01:08] Bootstrap tree #760, logLikelihood: -8308.918337
[00:01:09] Bootstrap tree #761, logLikelihood: -8426.312724
[00:01:09] Bootstrap tree #762, logLikelihood: -8553.463527
[00:01:09] Bootstrap tree #763, logLikelihood: -8529.405463
[00:01:09] Bootstrap tree #764, logLikelihood: -8480.821682
[00:01:09] Bootstrap tree #765, logLikelihood: -8595.519208
[00:01:09] Bootstrap tree #766, logLikelihood: -8600.155809
[00:01:09] Bootstrap tree #767, logLikelihood: -8560.360795
[00:01:09] Bootstrap tree #768, logLikelihood: -8498.533160
[00:01:09] Bootstrap tree #769, logLikelihood: -8488.684864
[00:01:09] Bootstrap tree #770, logLikelihood: -8457.012833
[00:01:10] Bootstrap tree #771, logLikelihood: -8533.846438
[00:01:10] Bootstrap tree #772, logLikelihood: -8537.940594
[00:01:10] Bootstrap tree #773, logLikelihood: -8568.639118
[00:01:10] Bootstrap tree #774, logLikelihood: -8570.529708
[00:01:10] Bootstrap tree #775, logLikelihood: -8460.268382
[00:01:10] Bootstrap tree #776, logLikelihood: -8589.607044
[00:01:10] Bootstrap tree #777, logLikelihood: -8441.694667
[00:01:10] Bootstrap tree #778, logLikelihood: -8447.484114
[00:01:10] Bootstrap tree #779, logLikelihood: -8441.965909
[00:01:10] Bootstrap tree #780, logLikelihood: -8532.813505
[00:01:10] Bootstrap tree #781, logLikelihood: -8554.025901
[00:01:10] Bootstrap tree #782, logLikelihood: -8593.681147
[00:01:11] Bootstrap tree #783, logLikelihood: -8525.686156
[00:01:11] Bootstrap tree #784, logLikelihood: -8535.774043
[00:01:11] Bootstrap tree #785, logLikelihood: -8596.755024
[00:01:11] Bootstrap tree #786, logLikelihood: -8440.571109
[00:01:11] Bootstrap tree #787, logLikelihood: -8505.799918
[00:01:11] Bootstrap tree #788, logLikelihood: -8541.139357
[00:01:11] Bootstrap tree #789, logLikelihood: -8416.555683
[00:01:11] Bootstrap tree #790, logLikelihood: -8544.202204
[00:01:11] Bootstrap tree #791, logLikelihood: -8645.952522
[00:01:11] Bootstrap tree #792, logLikelihood: -8541.143821
[00:01:11] Bootstrap tree #793, logLikelihood: -8525.367254
[00:01:12] Bootstrap tree #794, logLikelihood: -8593.377809
[00:01:12] Bootstrap tree #795, logLikelihood: -8625.124130
[00:01:12] Bootstrap tree #796, logLikelihood: -8428.560992
[00:01:12] Bootstrap tree #797, logLikelihood: -8674.284988
[00:01:12] Bootstrap tree #798, logLikelihood: -8679.927919
[00:01:12] Bootstrap tree #799, logLikelihood: -8493.275438
[00:01:12] Bootstrap tree #800, logLikelihood: -8482.834281
[00:01:12] Bootstrap tree #801, logLikelihood: -8568.076798
[00:01:12] Bootstrap tree #802, logLikelihood: -8595.952770
[00:01:12] Bootstrap tree #803, logLikelihood: -8564.314763
[00:01:12] Bootstrap tree #804, logLikelihood: -8468.576209
[00:01:12] Bootstrap tree #805, logLikelihood: -8422.340593
[00:01:13] Bootstrap tree #806, logLikelihood: -8540.984812
[00:01:13] Bootstrap tree #807, logLikelihood: -8442.090436
[00:01:13] Bootstrap tree #808, logLikelihood: -8702.597734
[00:01:13] Bootstrap tree #809, logLikelihood: -8431.120144
[00:01:13] Bootstrap tree #810, logLikelihood: -8526.762933
[00:01:13] Bootstrap tree #811, logLikelihood: -8650.863946
[00:01:13] Bootstrap tree #812, logLikelihood: -8435.802313
[00:01:13] Bootstrap tree #813, logLikelihood: -8572.523827
[00:01:13] Bootstrap tree #814, logLikelihood: -8378.346711
[00:01:13] Bootstrap tree #815, logLikelihood: -8471.514079
[00:01:13] Bootstrap tree #816, logLikelihood: -8448.272343
[00:01:14] Bootstrap tree #817, logLikelihood: -8737.727105
[00:01:14] Bootstrap tree #818, logLikelihood: -8479.530270
[00:01:14] Bootstrap tree #819, logLikelihood: -8407.089910
[00:01:14] Bootstrap tree #820, logLikelihood: -8540.075053
[00:01:14] Bootstrap tree #821, logLikelihood: -8462.123968
[00:01:14] Bootstrap tree #822, logLikelihood: -8524.623969
[00:01:14] Bootstrap tree #823, logLikelihood: -8581.091788
[00:01:14] Bootstrap tree #824, logLikelihood: -8572.698655
[00:01:14] Bootstrap tree #825, logLikelihood: -8441.679957
[00:01:14] Bootstrap tree #826, logLikelihood: -8448.851049
[00:01:15] Bootstrap tree #827, logLikelihood: -8598.726820
[00:01:15] Bootstrap tree #828, logLikelihood: -8568.967302
[00:01:15] Bootstrap tree #829, logLikelihood: -8620.697044
[00:01:15] Bootstrap tree #830, logLikelihood: -8573.291579
[00:01:15] Bootstrap tree #831, logLikelihood: -8561.066034
[00:01:15] Bootstrap tree #832, logLikelihood: -8558.292865
[00:01:15] Bootstrap tree #833, logLikelihood: -8599.639762
[00:01:15] Bootstrap tree #834, logLikelihood: -8470.279392
[00:01:15] Bootstrap tree #835, logLikelihood: -8520.542991
[00:01:15] Bootstrap tree #836, logLikelihood: -8590.471707
[00:01:15] Bootstrap tree #837, logLikelihood: -8390.330217
[00:01:16] Bootstrap tree #838, logLikelihood: -8443.183593
[00:01:16] Bootstrap tree #839, logLikelihood: -8499.142355
[00:01:16] Bootstrap tree #840, logLikelihood: -8390.306806
[00:01:16] Bootstrap tree #841, logLikelihood: -8593.980667
[00:01:16] Bootstrap tree #842, logLikelihood: -8467.062863
[00:01:16] Bootstrap tree #843, logLikelihood: -8624.421384
[00:01:16] Bootstrap tree #844, logLikelihood: -8670.829947
[00:01:16] Bootstrap tree #845, logLikelihood: -8457.884277
[00:01:16] Bootstrap tree #846, logLikelihood: -8426.820878
[00:01:16] Bootstrap tree #847, logLikelihood: -8573.117244
[00:01:16] Bootstrap tree #848, logLikelihood: -8449.656064
[00:01:17] Bootstrap tree #849, logLikelihood: -8531.844309
[00:01:17] Bootstrap tree #850, logLikelihood: -8588.565393
[00:01:17] Bootstrap tree #851, logLikelihood: -8597.313108
[00:01:17] Bootstrap tree #852, logLikelihood: -8469.012168
[00:01:17] Bootstrap tree #853, logLikelihood: -8581.806827
[00:01:17] Bootstrap tree #854, logLikelihood: -8511.070144
[00:01:17] Bootstrap tree #855, logLikelihood: -8505.189198
[00:01:17] Bootstrap tree #856, logLikelihood: -8503.734818
[00:01:17] Bootstrap tree #857, logLikelihood: -8521.975407
[00:01:17] Bootstrap tree #858, logLikelihood: -8464.688497
[00:01:17] Bootstrap tree #859, logLikelihood: -8487.506186
[00:01:18] Bootstrap tree #860, logLikelihood: -8553.368179
[00:01:18] Bootstrap tree #861, logLikelihood: -8520.470221
[00:01:18] Bootstrap tree #862, logLikelihood: -8344.717288
[00:01:18] Bootstrap tree #863, logLikelihood: -8359.807372
[00:01:18] Bootstrap tree #864, logLikelihood: -8526.418975
[00:01:18] Bootstrap tree #865, logLikelihood: -8377.463568
[00:01:18] Bootstrap tree #866, logLikelihood: -8658.348288
[00:01:18] Bootstrap tree #867, logLikelihood: -8434.158951
[00:01:18] Bootstrap tree #868, logLikelihood: -8485.379566
[00:01:18] Bootstrap tree #869, logLikelihood: -8366.031432
[00:01:18] Bootstrap tree #870, logLikelihood: -8369.037495
[00:01:19] Bootstrap tree #871, logLikelihood: -8447.592952
[00:01:19] Bootstrap tree #872, logLikelihood: -8473.293928
[00:01:19] Bootstrap tree #873, logLikelihood: -8660.261968
[00:01:19] Bootstrap tree #874, logLikelihood: -8414.902595
[00:01:19] Bootstrap tree #875, logLikelihood: -8354.824625
[00:01:19] Bootstrap tree #876, logLikelihood: -8423.127261
[00:01:19] Bootstrap tree #877, logLikelihood: -8455.640186
[00:01:19] Bootstrap tree #878, logLikelihood: -8483.729075
[00:01:19] Bootstrap tree #879, logLikelihood: -8492.178332
[00:01:19] Bootstrap tree #880, logLikelihood: -8591.691539
[00:01:19] Bootstrap tree #881, logLikelihood: -8732.927031
[00:01:20] Bootstrap tree #882, logLikelihood: -8664.747265
[00:01:20] Bootstrap tree #883, logLikelihood: -8628.185178
[00:01:20] Bootstrap tree #884, logLikelihood: -8500.016067
[00:01:20] Bootstrap tree #885, logLikelihood: -8477.348553
[00:01:20] Bootstrap tree #886, logLikelihood: -8503.085133
[00:01:20] Bootstrap tree #887, logLikelihood: -8534.236673
[00:01:20] Bootstrap tree #888, logLikelihood: -8522.915832
[00:01:20] Bootstrap tree #889, logLikelihood: -8448.255681
[00:01:20] Bootstrap tree #890, logLikelihood: -8513.820324
[00:01:20] Bootstrap tree #891, logLikelihood: -8591.394465
[00:01:20] Bootstrap tree #892, logLikelihood: -8435.494948
[00:01:21] Bootstrap tree #893, logLikelihood: -8476.840451
[00:01:21] Bootstrap tree #894, logLikelihood: -8457.646998
[00:01:21] Bootstrap tree #895, logLikelihood: -8558.411958
[00:01:21] Bootstrap tree #896, logLikelihood: -8625.088243
[00:01:21] Bootstrap tree #897, logLikelihood: -8597.738812
[00:01:21] Bootstrap tree #898, logLikelihood: -8630.856851
[00:01:21] Bootstrap tree #899, logLikelihood: -8622.968067
[00:01:21] Bootstrap tree #900, logLikelihood: -8538.509224
[00:01:21] Bootstrap tree #901, logLikelihood: -8674.367096
[00:01:21] Bootstrap tree #902, logLikelihood: -8570.830113
[00:01:21] Bootstrap tree #903, logLikelihood: -8437.334088
[00:01:21] Bootstrap tree #904, logLikelihood: -8614.805483
[00:01:22] Bootstrap tree #905, logLikelihood: -8581.108319
[00:01:22] Bootstrap tree #906, logLikelihood: -8656.077004
[00:01:22] Bootstrap tree #907, logLikelihood: -8550.103660
[00:01:22] Bootstrap tree #908, logLikelihood: -8451.025405
[00:01:22] Bootstrap tree #909, logLikelihood: -8504.275994
[00:01:22] Bootstrap tree #910, logLikelihood: -8515.208525
[00:01:22] Bootstrap tree #911, logLikelihood: -8624.971747
[00:01:22] Bootstrap tree #912, logLikelihood: -8365.242566
[00:01:22] Bootstrap tree #913, logLikelihood: -8411.019093
[00:01:22] Bootstrap tree #914, logLikelihood: -8658.884225
[00:01:23] Bootstrap tree #915, logLikelihood: -8421.338817
[00:01:23] Bootstrap tree #916, logLikelihood: -8562.744813
[00:01:23] Bootstrap tree #917, logLikelihood: -8497.460706
[00:01:23] Bootstrap tree #918, logLikelihood: -8437.500832
[00:01:23] Bootstrap tree #919, logLikelihood: -8467.942790
[00:01:23] Bootstrap tree #920, logLikelihood: -8540.902271
[00:01:23] Bootstrap tree #921, logLikelihood: -8500.299338
[00:01:23] Bootstrap tree #922, logLikelihood: -8558.895840
[00:01:23] Bootstrap tree #923, logLikelihood: -8469.473622
[00:01:23] Bootstrap tree #924, logLikelihood: -8431.658167
[00:01:23] Bootstrap tree #925, logLikelihood: -8509.566552
[00:01:23] Bootstrap tree #926, logLikelihood: -8524.317991
[00:01:24] Bootstrap tree #927, logLikelihood: -8594.019205
[00:01:24] Bootstrap tree #928, logLikelihood: -8482.891056
[00:01:24] Bootstrap tree #929, logLikelihood: -8610.399445
[00:01:24] Bootstrap tree #930, logLikelihood: -8595.106665
[00:01:24] Bootstrap tree #931, logLikelihood: -8567.287242
[00:01:24] Bootstrap tree #932, logLikelihood: -8452.739565
[00:01:24] Bootstrap tree #933, logLikelihood: -8607.088865
[00:01:24] Bootstrap tree #934, logLikelihood: -8665.047798
[00:01:24] Bootstrap tree #935, logLikelihood: -8552.129647
[00:01:24] Bootstrap tree #936, logLikelihood: -8555.919729
[00:01:25] Bootstrap tree #937, logLikelihood: -8567.008811
[00:01:25] Bootstrap tree #938, logLikelihood: -8638.401469
[00:01:25] Bootstrap tree #939, logLikelihood: -8465.920057
[00:01:25] Bootstrap tree #940, logLikelihood: -8670.438313
[00:01:25] Bootstrap tree #941, logLikelihood: -8540.871509
[00:01:25] Bootstrap tree #942, logLikelihood: -8510.250321
[00:01:25] Bootstrap tree #943, logLikelihood: -8564.426216
[00:01:25] Bootstrap tree #944, logLikelihood: -8457.589069
[00:01:25] Bootstrap tree #945, logLikelihood: -8651.569965
[00:01:25] Bootstrap tree #946, logLikelihood: -8476.431195
[00:01:25] Bootstrap tree #947, logLikelihood: -8461.152821
[00:01:26] Bootstrap tree #948, logLikelihood: -8652.656848
[00:01:26] Bootstrap tree #949, logLikelihood: -8526.487442
[00:01:26] Bootstrap tree #950, logLikelihood: -8525.856853
[00:01:26] Bootstrap tree #951, logLikelihood: -8600.993227
[00:01:26] Bootstrap tree #952, logLikelihood: -8482.142971
[00:01:26] Bootstrap tree #953, logLikelihood: -8575.677503
[00:01:26] Bootstrap tree #954, logLikelihood: -8557.440507
[00:01:26] Bootstrap tree #955, logLikelihood: -8598.961765
[00:01:26] Bootstrap tree #956, logLikelihood: -8562.123578
[00:01:26] Bootstrap tree #957, logLikelihood: -8478.888830
[00:01:27] Bootstrap tree #958, logLikelihood: -8638.297980
[00:01:27] Bootstrap tree #959, logLikelihood: -8579.932842
[00:01:27] Bootstrap tree #960, logLikelihood: -8485.216947
[00:01:27] Bootstrap tree #961, logLikelihood: -8660.314199
[00:01:27] Bootstrap tree #962, logLikelihood: -8582.684852
[00:01:27] Bootstrap tree #963, logLikelihood: -8356.517993
[00:01:27] Bootstrap tree #964, logLikelihood: -8537.790675
[00:01:27] Bootstrap tree #965, logLikelihood: -8500.934937
[00:01:27] Bootstrap tree #966, logLikelihood: -8516.620505
[00:01:27] Bootstrap tree #967, logLikelihood: -8699.751428
[00:01:28] Bootstrap tree #968, logLikelihood: -8564.815048
[00:01:28] Bootstrap tree #969, logLikelihood: -8510.908465
[00:01:28] Bootstrap tree #970, logLikelihood: -8503.246390
[00:01:28] Bootstrap tree #971, logLikelihood: -8508.257886
[00:01:28] Bootstrap tree #972, logLikelihood: -8546.700537
[00:01:28] Bootstrap tree #973, logLikelihood: -8624.001652
[00:01:28] Bootstrap tree #974, logLikelihood: -8687.838538
[00:01:28] Bootstrap tree #975, logLikelihood: -8479.350323
[00:01:28] Bootstrap tree #976, logLikelihood: -8607.954872
[00:01:28] Bootstrap tree #977, logLikelihood: -8556.977529
[00:01:28] Bootstrap tree #978, logLikelihood: -8575.886963
[00:01:29] Bootstrap tree #979, logLikelihood: -8339.571114
[00:01:29] Bootstrap tree #980, logLikelihood: -8448.757549
[00:01:29] Bootstrap tree #981, logLikelihood: -8454.019506
[00:01:29] Bootstrap tree #982, logLikelihood: -8448.366548
[00:01:29] Bootstrap tree #983, logLikelihood: -8520.374882
[00:01:29] Bootstrap tree #984, logLikelihood: -8546.528298
[00:01:29] Bootstrap tree #985, logLikelihood: -8472.568589
[00:01:29] Bootstrap tree #986, logLikelihood: -8429.090193
[00:01:29] Bootstrap tree #987, logLikelihood: -8511.088423
[00:01:29] Bootstrap tree #988, logLikelihood: -8518.756757
[00:01:30] Bootstrap tree #989, logLikelihood: -8568.957067
[00:01:30] Bootstrap tree #990, logLikelihood: -8337.379079
[00:01:30] Bootstrap tree #991, logLikelihood: -8385.479319
[00:01:30] Bootstrap tree #992, logLikelihood: -8461.725449
[00:01:30] Bootstrap tree #993, logLikelihood: -8493.561389
[00:01:30] Bootstrap tree #994, logLikelihood: -8536.287690
[00:01:30] Bootstrap tree #995, logLikelihood: -8529.492252
[00:01:30] Bootstrap tree #996, logLikelihood: -8467.979686
[00:01:30] Bootstrap tree #997, logLikelihood: -8525.082136
[00:01:30] Bootstrap tree #998, logLikelihood: -8576.248991
[00:01:30] Bootstrap tree #999, logLikelihood: -8484.547876
[00:01:30] Bootstrap tree #1000, logLikelihood: -8387.047478

Optimized model parameters:

   Partition 0: noname
   Rate heterogeneity: GAMMA (4 cats, mean),  alpha: 4.119862 (ML),  weights&rates: (0.250000,0.460828) (0.250000,0.779255) (0.250000,1.084364) (0.250000,1.675554) 
   Base frequencies (ML): 0.332783 0.171785 0.227439 0.267992 
   Substitution rates (ML): 1.202804 2.424652 0.917925 1.033433 3.096070 1.000000 


Final LogLikelihood: -8531.601496

AIC score: 17091.202992 / AICc score: 17091.388668 / BIC score: 17171.431589
Free parameters (model + branch lengths): 14

Best ML tree saved to: /home/seddik/Documents/Synesth/iter6/all_Cas_trees/Cas8/Tree.raxml.bestTree
All ML trees saved to: /home/seddik/Documents/Synesth/iter6/all_Cas_trees/Cas8/Tree.raxml.mlTrees
Best ML tree with Felsenstein bootstrap (FBP) support values saved to: /home/seddik/Documents/Synesth/iter6/all_Cas_trees/Cas8/Tree.raxml.support
Optimized model saved to: /home/seddik/Documents/Synesth/iter6/all_Cas_trees/Cas8/Tree.raxml.bestModel
Bootstrap trees saved to: /home/seddik/Documents/Synesth/iter6/all_Cas_trees/Cas8/Tree.raxml.bootstraps

Execution log saved to: /home/seddik/Documents/Synesth/iter6/all_Cas_trees/Cas8/Tree.raxml.log

Analysis started: 30-Jul-2024 15:49:11 / finished: 30-Jul-2024 15:50:42

Elapsed time: 90.977 seconds

