
RAxML-NG v. 0.9.0 released on 20.05.2019 by The Exelixis Lab.
Developed by: Alexey M. Kozlov and Alexandros Stamatakis.
Contributors: Diego Darriba, Tomas Flouri, Benoit Morel, Sarah Lutteropp, Ben Bettisworth.
Latest version: https://github.com/amkozlov/raxml-ng
Questions/problems/suggestions? Please visit: https://groups.google.com/forum/#!forum/raxml

RAxML-NG was called at 30-Jul-2024 13:17:07 as follows:

raxml-ng --all --msa all_Cas_aligned/all_Cas3_Cas2_aligned.fna --model GTR+G --bs-trees 1000 --threads 4 --prefix all_Cas_trees/Cas3_Cas2/Tree

Analysis options:
  run mode: ML tree search + bootstrapping (Felsenstein Bootstrap)
  start tree(s): random (10) + parsimony (10)
  bootstrap replicates: 1000
  random seed: 1722359827
  tip-inner: OFF
  pattern compression: ON
  per-rate scalers: OFF
  site repeats: ON
  branch lengths: proportional (ML estimate, algorithm: NR-FAST)
  SIMD kernels: AVX2
  parallelization: PTHREADS (4 threads), thread pinning: OFF

[00:00:00] Reading alignment from file: all_Cas_aligned/all_Cas3_Cas2_aligned.fna
[00:00:00] Loaded alignment with 4 taxa and 3832 sites

Alignment comprises 1 partitions and 483 patterns

Partition 0: noname
Model: GTR+FO+G4m
Alignment sites / patterns: 3832 / 483
Gaps: 12.21 %
Invariant sites: 36.90 %


NOTE: Binary MSA file created: all_Cas_trees/Cas3_Cas2/Tree.raxml.rba

[00:00:00] Generating 10 random starting tree(s) with 4 taxa
[00:00:00] Generating 10 parsimony starting tree(s) with 4 taxa
[00:00:00] Data distribution: max. partitions/sites/weight per thread: 1 / 121 / 1936

Starting ML tree search with 20 distinct starting trees

[00:00:00] ML tree search #1, logLikelihood: -15931.117897
[00:00:00] ML tree search #2, logLikelihood: -15931.119364
[00:00:00] ML tree search #3, logLikelihood: -15931.116748
[00:00:00] ML tree search #4, logLikelihood: -15931.119364
[00:00:00] ML tree search #5, logLikelihood: -15931.117897
[00:00:00] ML tree search #6, logLikelihood: -15931.116748
[00:00:00] ML tree search #7, logLikelihood: -15931.117897
[00:00:00] ML tree search #8, logLikelihood: -15931.119364
[00:00:00] ML tree search #9, logLikelihood: -15931.119364
[00:00:00] ML tree search #10, logLikelihood: -15931.119364
[00:00:00] ML tree search #11, logLikelihood: -15931.126284
[00:00:00] ML tree search #12, logLikelihood: -15931.105372
[00:00:00] ML tree search #13, logLikelihood: -15931.119964
[00:00:01] ML tree search #14, logLikelihood: -15931.106367
[00:00:01] ML tree search #15, logLikelihood: -15931.147291
[00:00:01] ML tree search #16, logLikelihood: -15931.126284
[00:00:01] ML tree search #17, logLikelihood: -15931.153102
[00:00:01] ML tree search #18, logLikelihood: -15931.119964
[00:00:01] ML tree search #19, logLikelihood: -15931.134706
[00:00:01] ML tree search #20, logLikelihood: -15931.134706

[00:00:01] ML tree search completed, best tree logLH: -15931.105372

[00:00:01] Starting bootstrapping analysis with 1000 replicates.

[00:00:01] Bootstrap tree #1, logLikelihood: -16043.464717
[00:00:01] Bootstrap tree #2, logLikelihood: -15927.044455
[00:00:01] Bootstrap tree #3, logLikelihood: -15941.507583
[00:00:01] Bootstrap tree #4, logLikelihood: -16105.686578
[00:00:01] Bootstrap tree #5, logLikelihood: -15790.840372
[00:00:01] Bootstrap tree #6, logLikelihood: -15940.855584
[00:00:01] Bootstrap tree #7, logLikelihood: -15745.948747
[00:00:01] Bootstrap tree #8, logLikelihood: -15897.382225
[00:00:01] Bootstrap tree #9, logLikelihood: -15846.108248
[00:00:01] Bootstrap tree #10, logLikelihood: -16176.028625
[00:00:01] Bootstrap tree #11, logLikelihood: -15897.909163
[00:00:02] Bootstrap tree #12, logLikelihood: -15835.119907
[00:00:02] Bootstrap tree #13, logLikelihood: -15890.834054
[00:00:02] Bootstrap tree #14, logLikelihood: -16122.294993
[00:00:02] Bootstrap tree #15, logLikelihood: -15934.790932
[00:00:02] Bootstrap tree #16, logLikelihood: -15981.799592
[00:00:02] Bootstrap tree #17, logLikelihood: -15914.520789
[00:00:02] Bootstrap tree #18, logLikelihood: -16113.228282
[00:00:02] Bootstrap tree #19, logLikelihood: -16031.611129
[00:00:02] Bootstrap tree #20, logLikelihood: -15926.671319
[00:00:02] Bootstrap tree #21, logLikelihood: -15892.699106
[00:00:02] Bootstrap tree #22, logLikelihood: -16112.617853
[00:00:02] Bootstrap tree #23, logLikelihood: -15891.568123
[00:00:02] Bootstrap tree #24, logLikelihood: -16055.530825
[00:00:02] Bootstrap tree #25, logLikelihood: -16042.331015
[00:00:02] Bootstrap tree #26, logLikelihood: -15734.415354
[00:00:02] Bootstrap tree #27, logLikelihood: -15965.722846
[00:00:02] Bootstrap tree #28, logLikelihood: -15876.803522
[00:00:02] Bootstrap tree #29, logLikelihood: -16014.660180
[00:00:03] Bootstrap tree #30, logLikelihood: -15885.291198
[00:00:03] Bootstrap tree #31, logLikelihood: -15954.895831
[00:00:03] Bootstrap tree #32, logLikelihood: -15847.605320
[00:00:03] Bootstrap tree #33, logLikelihood: -15997.253562
[00:00:03] Bootstrap tree #34, logLikelihood: -15858.756481
[00:00:03] Bootstrap tree #35, logLikelihood: -16191.807545
[00:00:03] Bootstrap tree #36, logLikelihood: -15915.870433
[00:00:03] Bootstrap tree #37, logLikelihood: -15799.221901
[00:00:03] Bootstrap tree #38, logLikelihood: -16027.090950
[00:00:03] Bootstrap tree #39, logLikelihood: -15956.554005
[00:00:03] Bootstrap tree #40, logLikelihood: -16003.385677
[00:00:03] Bootstrap tree #41, logLikelihood: -15921.394926
[00:00:03] Bootstrap tree #42, logLikelihood: -15622.807852
[00:00:03] Bootstrap tree #43, logLikelihood: -15995.656461
[00:00:03] Bootstrap tree #44, logLikelihood: -15771.447680
[00:00:03] Bootstrap tree #45, logLikelihood: -15979.480014
[00:00:04] Bootstrap tree #46, logLikelihood: -16080.789953
[00:00:04] Bootstrap tree #47, logLikelihood: -15966.001110
[00:00:04] Bootstrap tree #48, logLikelihood: -15898.874835
[00:00:04] Bootstrap tree #49, logLikelihood: -15856.020319
[00:00:04] Bootstrap tree #50, logLikelihood: -15891.317030
[00:00:04] Bootstrap tree #51, logLikelihood: -15856.608413
[00:00:04] Bootstrap tree #52, logLikelihood: -15911.963810
[00:00:04] Bootstrap tree #53, logLikelihood: -15784.093886
[00:00:04] Bootstrap tree #54, logLikelihood: -15822.867438
[00:00:04] Bootstrap tree #55, logLikelihood: -15948.207453
[00:00:04] Bootstrap tree #56, logLikelihood: -15799.694392
[00:00:04] Bootstrap tree #57, logLikelihood: -15841.758507
[00:00:04] Bootstrap tree #58, logLikelihood: -15864.792340
[00:00:04] Bootstrap tree #59, logLikelihood: -15714.335561
[00:00:04] Bootstrap tree #60, logLikelihood: -16113.566280
[00:00:04] Bootstrap tree #61, logLikelihood: -15980.062154
[00:00:05] Bootstrap tree #62, logLikelihood: -15973.236190
[00:00:05] Bootstrap tree #63, logLikelihood: -16087.589254
[00:00:05] Bootstrap tree #64, logLikelihood: -15876.608159
[00:00:05] Bootstrap tree #65, logLikelihood: -15948.581624
[00:00:05] Bootstrap tree #66, logLikelihood: -15763.264192
[00:00:05] Bootstrap tree #67, logLikelihood: -15891.445160
[00:00:05] Bootstrap tree #68, logLikelihood: -15875.697362
[00:00:05] Bootstrap tree #69, logLikelihood: -16107.757406
[00:00:05] Bootstrap tree #70, logLikelihood: -15773.543314
[00:00:05] Bootstrap tree #71, logLikelihood: -16034.078481
[00:00:05] Bootstrap tree #72, logLikelihood: -15903.512039
[00:00:05] Bootstrap tree #73, logLikelihood: -15894.735252
[00:00:05] Bootstrap tree #74, logLikelihood: -15937.027243
[00:00:05] Bootstrap tree #75, logLikelihood: -16044.831723
[00:00:05] Bootstrap tree #76, logLikelihood: -15995.215573
[00:00:06] Bootstrap tree #77, logLikelihood: -15803.297617
[00:00:06] Bootstrap tree #78, logLikelihood: -16056.452199
[00:00:06] Bootstrap tree #79, logLikelihood: -15669.553214
[00:00:06] Bootstrap tree #80, logLikelihood: -15796.513464
[00:00:06] Bootstrap tree #81, logLikelihood: -15993.598822
[00:00:06] Bootstrap tree #82, logLikelihood: -15942.225996
[00:00:06] Bootstrap tree #83, logLikelihood: -15986.650722
[00:00:06] Bootstrap tree #84, logLikelihood: -15952.338212
[00:00:06] Bootstrap tree #85, logLikelihood: -15873.164374
[00:00:06] Bootstrap tree #86, logLikelihood: -15992.932009
[00:00:06] Bootstrap tree #87, logLikelihood: -15927.416945
[00:00:06] Bootstrap tree #88, logLikelihood: -16121.669637
[00:00:06] Bootstrap tree #89, logLikelihood: -15959.886767
[00:00:06] Bootstrap tree #90, logLikelihood: -16025.404688
[00:00:06] Bootstrap tree #91, logLikelihood: -15954.295543
[00:00:06] Bootstrap tree #92, logLikelihood: -15779.847488
[00:00:06] Bootstrap tree #93, logLikelihood: -15755.433770
[00:00:06] Bootstrap tree #94, logLikelihood: -16089.478911
[00:00:07] Bootstrap tree #95, logLikelihood: -15952.136357
[00:00:07] Bootstrap tree #96, logLikelihood: -15933.587142
[00:00:07] Bootstrap tree #97, logLikelihood: -15848.488040
[00:00:07] Bootstrap tree #98, logLikelihood: -16010.914893
[00:00:07] Bootstrap tree #99, logLikelihood: -15933.560578
[00:00:07] Bootstrap tree #100, logLikelihood: -15688.516767
[00:00:07] Bootstrap tree #101, logLikelihood: -15894.346171
[00:00:07] Bootstrap tree #102, logLikelihood: -15874.438376
[00:00:07] Bootstrap tree #103, logLikelihood: -15968.737105
[00:00:07] Bootstrap tree #104, logLikelihood: -16106.452577
[00:00:07] Bootstrap tree #105, logLikelihood: -15915.791905
[00:00:07] Bootstrap tree #106, logLikelihood: -15977.991527
[00:00:07] Bootstrap tree #107, logLikelihood: -16054.345153
[00:00:07] Bootstrap tree #108, logLikelihood: -15715.137677
[00:00:07] Bootstrap tree #109, logLikelihood: -15966.038070
[00:00:07] Bootstrap tree #110, logLikelihood: -15841.746511
[00:00:08] Bootstrap tree #111, logLikelihood: -15874.694009
[00:00:08] Bootstrap tree #112, logLikelihood: -15869.804680
[00:00:08] Bootstrap tree #113, logLikelihood: -15884.550309
[00:00:08] Bootstrap tree #114, logLikelihood: -15840.817832
[00:00:08] Bootstrap tree #115, logLikelihood: -15952.085960
[00:00:08] Bootstrap tree #116, logLikelihood: -16179.454363
[00:00:08] Bootstrap tree #117, logLikelihood: -16130.851359
[00:00:08] Bootstrap tree #118, logLikelihood: -15790.882825
[00:00:08] Bootstrap tree #119, logLikelihood: -16032.603104
[00:00:08] Bootstrap tree #120, logLikelihood: -16027.785780
[00:00:08] Bootstrap tree #121, logLikelihood: -15940.112289
[00:00:08] Bootstrap tree #122, logLikelihood: -15859.165837
[00:00:08] Bootstrap tree #123, logLikelihood: -16002.135462
[00:00:08] Bootstrap tree #124, logLikelihood: -16015.585636
[00:00:08] Bootstrap tree #125, logLikelihood: -16042.414341
[00:00:08] Bootstrap tree #126, logLikelihood: -15834.478621
[00:00:08] Bootstrap tree #127, logLikelihood: -16152.976090
[00:00:08] Bootstrap tree #128, logLikelihood: -16010.683836
[00:00:09] Bootstrap tree #129, logLikelihood: -15992.309985
[00:00:09] Bootstrap tree #130, logLikelihood: -16047.194877
[00:00:09] Bootstrap tree #131, logLikelihood: -15809.255609
[00:00:09] Bootstrap tree #132, logLikelihood: -15987.396400
[00:00:09] Bootstrap tree #133, logLikelihood: -15972.689203
[00:00:09] Bootstrap tree #134, logLikelihood: -15960.352037
[00:00:09] Bootstrap tree #135, logLikelihood: -15856.431932
[00:00:09] Bootstrap tree #136, logLikelihood: -16103.021508
[00:00:09] Bootstrap tree #137, logLikelihood: -15902.008018
[00:00:09] Bootstrap tree #138, logLikelihood: -15968.141690
[00:00:09] Bootstrap tree #139, logLikelihood: -15955.519146
[00:00:09] Bootstrap tree #140, logLikelihood: -15955.569195
[00:00:09] Bootstrap tree #141, logLikelihood: -16019.880361
[00:00:09] Bootstrap tree #142, logLikelihood: -15997.472073
[00:00:09] Bootstrap tree #143, logLikelihood: -15889.512641
[00:00:09] Bootstrap tree #144, logLikelihood: -16042.466280
[00:00:10] Bootstrap tree #145, logLikelihood: -16006.151020
[00:00:10] Bootstrap tree #146, logLikelihood: -16016.657556
[00:00:10] Bootstrap tree #147, logLikelihood: -16069.926415
[00:00:10] Bootstrap tree #148, logLikelihood: -15777.213787
[00:00:10] Bootstrap tree #149, logLikelihood: -15992.883973
[00:00:10] Bootstrap tree #150, logLikelihood: -15856.459427
[00:00:10] Bootstrap tree #151, logLikelihood: -15937.363987
[00:00:10] Bootstrap tree #152, logLikelihood: -15951.561008
[00:00:10] Bootstrap tree #153, logLikelihood: -15792.023843
[00:00:10] Bootstrap tree #154, logLikelihood: -15711.709866
[00:00:10] Bootstrap tree #155, logLikelihood: -16002.337349
[00:00:10] Bootstrap tree #156, logLikelihood: -15623.215732
[00:00:10] Bootstrap tree #157, logLikelihood: -15946.423762
[00:00:10] Bootstrap tree #158, logLikelihood: -15824.835137
[00:00:10] Bootstrap tree #159, logLikelihood: -15884.947359
[00:00:10] Bootstrap tree #160, logLikelihood: -15829.092683
[00:00:11] Bootstrap tree #161, logLikelihood: -16044.876258
[00:00:11] Bootstrap tree #162, logLikelihood: -15899.006206
[00:00:11] Bootstrap tree #163, logLikelihood: -15848.692470
[00:00:11] Bootstrap tree #164, logLikelihood: -15877.969525
[00:00:11] Bootstrap tree #165, logLikelihood: -16076.113649
[00:00:11] Bootstrap tree #166, logLikelihood: -15730.444976
[00:00:11] Bootstrap tree #167, logLikelihood: -16090.998299
[00:00:11] Bootstrap tree #168, logLikelihood: -16064.686036
[00:00:11] Bootstrap tree #169, logLikelihood: -15997.398580
[00:00:11] Bootstrap tree #170, logLikelihood: -15934.112860
[00:00:11] Bootstrap tree #171, logLikelihood: -16005.928488
[00:00:11] Bootstrap tree #172, logLikelihood: -15983.202971
[00:00:11] Bootstrap tree #173, logLikelihood: -16011.742435
[00:00:11] Bootstrap tree #174, logLikelihood: -15700.273616
[00:00:11] Bootstrap tree #175, logLikelihood: -15991.717281
[00:00:11] Bootstrap tree #176, logLikelihood: -16005.911865
[00:00:12] Bootstrap tree #177, logLikelihood: -15950.703991
[00:00:12] Bootstrap tree #178, logLikelihood: -15901.222513
[00:00:12] Bootstrap tree #179, logLikelihood: -15905.558125
[00:00:12] Bootstrap tree #180, logLikelihood: -15730.660393
[00:00:12] Bootstrap tree #181, logLikelihood: -16106.505601
[00:00:12] Bootstrap tree #182, logLikelihood: -15990.913003
[00:00:12] Bootstrap tree #183, logLikelihood: -15864.071498
[00:00:12] Bootstrap tree #184, logLikelihood: -16013.580104
[00:00:12] Bootstrap tree #185, logLikelihood: -15939.104063
[00:00:12] Bootstrap tree #186, logLikelihood: -15896.973911
[00:00:12] Bootstrap tree #187, logLikelihood: -15863.686913
[00:00:12] Bootstrap tree #188, logLikelihood: -15988.578125
[00:00:12] Bootstrap tree #189, logLikelihood: -15863.406722
[00:00:12] Bootstrap tree #190, logLikelihood: -15930.602664
[00:00:12] Bootstrap tree #191, logLikelihood: -15909.908245
[00:00:12] Bootstrap tree #192, logLikelihood: -15872.215386
[00:00:12] Bootstrap tree #193, logLikelihood: -16116.891412
[00:00:13] Bootstrap tree #194, logLikelihood: -16107.222495
[00:00:13] Bootstrap tree #195, logLikelihood: -15831.165237
[00:00:13] Bootstrap tree #196, logLikelihood: -15894.466365
[00:00:13] Bootstrap tree #197, logLikelihood: -15780.718121
[00:00:13] Bootstrap tree #198, logLikelihood: -16092.558502
[00:00:13] Bootstrap tree #199, logLikelihood: -15926.818325
[00:00:13] Bootstrap tree #200, logLikelihood: -15822.891567
[00:00:13] Bootstrap tree #201, logLikelihood: -15832.405309
[00:00:13] Bootstrap tree #202, logLikelihood: -15857.378495
[00:00:13] Bootstrap tree #203, logLikelihood: -16040.334689
[00:00:13] Bootstrap tree #204, logLikelihood: -15774.375170
[00:00:13] Bootstrap tree #205, logLikelihood: -15813.702505
[00:00:13] Bootstrap tree #206, logLikelihood: -15783.793674
[00:00:13] Bootstrap tree #207, logLikelihood: -15976.579424
[00:00:13] Bootstrap tree #208, logLikelihood: -15845.356973
[00:00:13] Bootstrap tree #209, logLikelihood: -16048.092526
[00:00:14] Bootstrap tree #210, logLikelihood: -15823.169909
[00:00:14] Bootstrap tree #211, logLikelihood: -15784.873445
[00:00:14] Bootstrap tree #212, logLikelihood: -15740.422182
[00:00:14] Bootstrap tree #213, logLikelihood: -16190.357677
[00:00:14] Bootstrap tree #214, logLikelihood: -15759.475618
[00:00:14] Bootstrap tree #215, logLikelihood: -15944.814031
[00:00:14] Bootstrap tree #216, logLikelihood: -16056.286872
[00:00:14] Bootstrap tree #217, logLikelihood: -15838.754891
[00:00:14] Bootstrap tree #218, logLikelihood: -15850.672276
[00:00:14] Bootstrap tree #219, logLikelihood: -16016.615014
[00:00:14] Bootstrap tree #220, logLikelihood: -16070.078624
[00:00:14] Bootstrap tree #221, logLikelihood: -15969.663133
[00:00:14] Bootstrap tree #222, logLikelihood: -15762.237840
[00:00:14] Bootstrap tree #223, logLikelihood: -15847.331044
[00:00:14] Bootstrap tree #224, logLikelihood: -16041.982794
[00:00:15] Bootstrap tree #225, logLikelihood: -15906.575602
[00:00:15] Bootstrap tree #226, logLikelihood: -15839.923045
[00:00:15] Bootstrap tree #227, logLikelihood: -15873.108654
[00:00:15] Bootstrap tree #228, logLikelihood: -15896.187426
[00:00:15] Bootstrap tree #229, logLikelihood: -15831.245271
[00:00:15] Bootstrap tree #230, logLikelihood: -15908.169023
[00:00:15] Bootstrap tree #231, logLikelihood: -15832.963164
[00:00:15] Bootstrap tree #232, logLikelihood: -15826.273897
[00:00:15] Bootstrap tree #233, logLikelihood: -16009.445807
[00:00:15] Bootstrap tree #234, logLikelihood: -15837.280514
[00:00:15] Bootstrap tree #235, logLikelihood: -16064.912363
[00:00:15] Bootstrap tree #236, logLikelihood: -15930.205819
[00:00:15] Bootstrap tree #237, logLikelihood: -15904.859858
[00:00:15] Bootstrap tree #238, logLikelihood: -15795.386991
[00:00:15] Bootstrap tree #239, logLikelihood: -15874.734099
[00:00:15] Bootstrap tree #240, logLikelihood: -15966.896511
[00:00:15] Bootstrap tree #241, logLikelihood: -15691.685836
[00:00:16] Bootstrap tree #242, logLikelihood: -15915.932176
[00:00:16] Bootstrap tree #243, logLikelihood: -15786.464183
[00:00:16] Bootstrap tree #244, logLikelihood: -15903.277072
[00:00:16] Bootstrap tree #245, logLikelihood: -15991.903956
[00:00:16] Bootstrap tree #246, logLikelihood: -15845.852020
[00:00:16] Bootstrap tree #247, logLikelihood: -16015.501465
[00:00:16] Bootstrap tree #248, logLikelihood: -15927.993054
[00:00:16] Bootstrap tree #249, logLikelihood: -15871.113183
[00:00:16] Bootstrap tree #250, logLikelihood: -15915.929656
[00:00:16] Bootstrap tree #251, logLikelihood: -16007.706798
[00:00:16] Bootstrap tree #252, logLikelihood: -15919.589597
[00:00:16] Bootstrap tree #253, logLikelihood: -15928.267608
[00:00:16] Bootstrap tree #254, logLikelihood: -15846.053266
[00:00:16] Bootstrap tree #255, logLikelihood: -15768.005777
[00:00:16] Bootstrap tree #256, logLikelihood: -15932.254959
[00:00:17] Bootstrap tree #257, logLikelihood: -16106.766536
[00:00:17] Bootstrap tree #258, logLikelihood: -15764.572926
[00:00:17] Bootstrap tree #259, logLikelihood: -16018.003927
[00:00:17] Bootstrap tree #260, logLikelihood: -15845.686787
[00:00:17] Bootstrap tree #261, logLikelihood: -15990.299350
[00:00:17] Bootstrap tree #262, logLikelihood: -15801.280324
[00:00:17] Bootstrap tree #263, logLikelihood: -15932.381024
[00:00:17] Bootstrap tree #264, logLikelihood: -16127.114058
[00:00:17] Bootstrap tree #265, logLikelihood: -15797.042419
[00:00:17] Bootstrap tree #266, logLikelihood: -15858.216399
[00:00:17] Bootstrap tree #267, logLikelihood: -15929.137736
[00:00:17] Bootstrap tree #268, logLikelihood: -15862.736797
[00:00:17] Bootstrap tree #269, logLikelihood: -15940.930698
[00:00:17] Bootstrap tree #270, logLikelihood: -15875.720013
[00:00:17] Bootstrap tree #271, logLikelihood: -15819.246285
[00:00:17] Bootstrap tree #272, logLikelihood: -15964.382571
[00:00:17] Bootstrap tree #273, logLikelihood: -15918.691057
[00:00:18] Bootstrap tree #274, logLikelihood: -15758.114533
[00:00:18] Bootstrap tree #275, logLikelihood: -15864.958792
[00:00:18] Bootstrap tree #276, logLikelihood: -16064.749677
[00:00:18] Bootstrap tree #277, logLikelihood: -15963.393364
[00:00:18] Bootstrap tree #278, logLikelihood: -15892.156644
[00:00:18] Bootstrap tree #279, logLikelihood: -15749.917547
[00:00:18] Bootstrap tree #280, logLikelihood: -16005.468340
[00:00:18] Bootstrap tree #281, logLikelihood: -15880.647375
[00:00:18] Bootstrap tree #282, logLikelihood: -15946.903534
[00:00:18] Bootstrap tree #283, logLikelihood: -15849.472431
[00:00:18] Bootstrap tree #284, logLikelihood: -16009.959165
[00:00:18] Bootstrap tree #285, logLikelihood: -15916.507481
[00:00:18] Bootstrap tree #286, logLikelihood: -15905.142457
[00:00:18] Bootstrap tree #287, logLikelihood: -15934.133612
[00:00:18] Bootstrap tree #288, logLikelihood: -15990.372643
[00:00:18] Bootstrap tree #289, logLikelihood: -15813.226492
[00:00:18] Bootstrap tree #290, logLikelihood: -16132.203019
[00:00:18] Bootstrap tree #291, logLikelihood: -15775.389236
[00:00:19] Bootstrap tree #292, logLikelihood: -15830.138672
[00:00:19] Bootstrap tree #293, logLikelihood: -15755.332715
[00:00:19] Bootstrap tree #294, logLikelihood: -15802.253806
[00:00:19] Bootstrap tree #295, logLikelihood: -15895.441022
[00:00:19] Bootstrap tree #296, logLikelihood: -15996.644083
[00:00:19] Bootstrap tree #297, logLikelihood: -15945.007188
[00:00:19] Bootstrap tree #298, logLikelihood: -15872.563976
[00:00:19] Bootstrap tree #299, logLikelihood: -15928.517819
[00:00:19] Bootstrap tree #300, logLikelihood: -15881.441595
[00:00:19] Bootstrap tree #301, logLikelihood: -15938.065294
[00:00:19] Bootstrap tree #302, logLikelihood: -15996.690683
[00:00:19] Bootstrap tree #303, logLikelihood: -15843.917225
[00:00:19] Bootstrap tree #304, logLikelihood: -15848.382388
[00:00:19] Bootstrap tree #305, logLikelihood: -15903.082224
[00:00:19] Bootstrap tree #306, logLikelihood: -15967.389522
[00:00:19] Bootstrap tree #307, logLikelihood: -15775.613729
[00:00:19] Bootstrap tree #308, logLikelihood: -16118.052431
[00:00:20] Bootstrap tree #309, logLikelihood: -15636.769151
[00:00:20] Bootstrap tree #310, logLikelihood: -15993.053329
[00:00:20] Bootstrap tree #311, logLikelihood: -15682.787887
[00:00:20] Bootstrap tree #312, logLikelihood: -15971.291588
[00:00:20] Bootstrap tree #313, logLikelihood: -15881.826053
[00:00:20] Bootstrap tree #314, logLikelihood: -15942.555165
[00:00:20] Bootstrap tree #315, logLikelihood: -15867.775567
[00:00:20] Bootstrap tree #316, logLikelihood: -15861.296347
[00:00:20] Bootstrap tree #317, logLikelihood: -15909.434676
[00:00:20] Bootstrap tree #318, logLikelihood: -15906.001711
[00:00:20] Bootstrap tree #319, logLikelihood: -15937.988953
[00:00:20] Bootstrap tree #320, logLikelihood: -15877.676326
[00:00:20] Bootstrap tree #321, logLikelihood: -16021.753271
[00:00:20] Bootstrap tree #322, logLikelihood: -16056.226599
[00:00:20] Bootstrap tree #323, logLikelihood: -15966.263667
[00:00:20] Bootstrap tree #324, logLikelihood: -15979.918405
[00:00:21] Bootstrap tree #325, logLikelihood: -16037.897434
[00:00:21] Bootstrap tree #326, logLikelihood: -15976.987271
[00:00:21] Bootstrap tree #327, logLikelihood: -15827.958835
[00:00:21] Bootstrap tree #328, logLikelihood: -15959.384127
[00:00:21] Bootstrap tree #329, logLikelihood: -15981.672669
[00:00:21] Bootstrap tree #330, logLikelihood: -15800.298215
[00:00:21] Bootstrap tree #331, logLikelihood: -16040.987072
[00:00:21] Bootstrap tree #332, logLikelihood: -15871.955882
[00:00:21] Bootstrap tree #333, logLikelihood: -15725.902235
[00:00:21] Bootstrap tree #334, logLikelihood: -15999.957917
[00:00:21] Bootstrap tree #335, logLikelihood: -15920.505661
[00:00:21] Bootstrap tree #336, logLikelihood: -16147.250490
[00:00:21] Bootstrap tree #337, logLikelihood: -15899.633297
[00:00:21] Bootstrap tree #338, logLikelihood: -16025.481836
[00:00:21] Bootstrap tree #339, logLikelihood: -15811.098114
[00:00:21] Bootstrap tree #340, logLikelihood: -15998.492614
[00:00:22] Bootstrap tree #341, logLikelihood: -16003.207577
[00:00:22] Bootstrap tree #342, logLikelihood: -15901.333373
[00:00:22] Bootstrap tree #343, logLikelihood: -16155.068858
[00:00:22] Bootstrap tree #344, logLikelihood: -16134.287034
[00:00:22] Bootstrap tree #345, logLikelihood: -16058.450111
[00:00:22] Bootstrap tree #346, logLikelihood: -15881.287326
[00:00:22] Bootstrap tree #347, logLikelihood: -15978.348077
[00:00:22] Bootstrap tree #348, logLikelihood: -16049.252218
[00:00:22] Bootstrap tree #349, logLikelihood: -15837.038101
[00:00:22] Bootstrap tree #350, logLikelihood: -15959.499583
[00:00:22] Bootstrap tree #351, logLikelihood: -15807.844558
[00:00:22] Bootstrap tree #352, logLikelihood: -15959.448782
[00:00:22] Bootstrap tree #353, logLikelihood: -15812.972765
[00:00:22] Bootstrap tree #354, logLikelihood: -15959.172602
[00:00:22] Bootstrap tree #355, logLikelihood: -15803.776948
[00:00:22] Bootstrap tree #356, logLikelihood: -15940.734640
[00:00:23] Bootstrap tree #357, logLikelihood: -15717.310616
[00:00:23] Bootstrap tree #358, logLikelihood: -15992.741906
[00:00:23] Bootstrap tree #359, logLikelihood: -16060.905465
[00:00:23] Bootstrap tree #360, logLikelihood: -15897.649227
[00:00:23] Bootstrap tree #361, logLikelihood: -15962.473339
[00:00:23] Bootstrap tree #362, logLikelihood: -15928.175265
[00:00:23] Bootstrap tree #363, logLikelihood: -15916.426021
[00:00:23] Bootstrap tree #364, logLikelihood: -15998.568153
[00:00:23] Bootstrap tree #365, logLikelihood: -15885.641759
[00:00:23] Bootstrap tree #366, logLikelihood: -15946.307465
[00:00:23] Bootstrap tree #367, logLikelihood: -16069.899985
[00:00:23] Bootstrap tree #368, logLikelihood: -15772.241995
[00:00:23] Bootstrap tree #369, logLikelihood: -15966.000586
[00:00:23] Bootstrap tree #370, logLikelihood: -15967.930743
[00:00:23] Bootstrap tree #371, logLikelihood: -16009.570002
[00:00:23] Bootstrap tree #372, logLikelihood: -15837.043609
[00:00:24] Bootstrap tree #373, logLikelihood: -15942.631400
[00:00:24] Bootstrap tree #374, logLikelihood: -15904.546711
[00:00:24] Bootstrap tree #375, logLikelihood: -15722.646552
[00:00:24] Bootstrap tree #376, logLikelihood: -15836.730337
[00:00:24] Bootstrap tree #377, logLikelihood: -16064.814811
[00:00:24] Bootstrap tree #378, logLikelihood: -15973.552114
[00:00:24] Bootstrap tree #379, logLikelihood: -15801.050544
[00:00:24] Bootstrap tree #380, logLikelihood: -15821.172768
[00:00:24] Bootstrap tree #381, logLikelihood: -16065.792576
[00:00:24] Bootstrap tree #382, logLikelihood: -15945.255799
[00:00:24] Bootstrap tree #383, logLikelihood: -15895.156532
[00:00:24] Bootstrap tree #384, logLikelihood: -15910.946438
[00:00:24] Bootstrap tree #385, logLikelihood: -15827.912263
[00:00:24] Bootstrap tree #386, logLikelihood: -15927.648123
[00:00:24] Bootstrap tree #387, logLikelihood: -15820.391156
[00:00:25] Bootstrap tree #388, logLikelihood: -15901.600151
[00:00:25] Bootstrap tree #389, logLikelihood: -15856.737054
[00:00:25] Bootstrap tree #390, logLikelihood: -15896.455895
[00:00:25] Bootstrap tree #391, logLikelihood: -15782.047021
[00:00:25] Bootstrap tree #392, logLikelihood: -15982.420514
[00:00:25] Bootstrap tree #393, logLikelihood: -16106.574670
[00:00:25] Bootstrap tree #394, logLikelihood: -16000.545984
[00:00:25] Bootstrap tree #395, logLikelihood: -15920.522840
[00:00:25] Bootstrap tree #396, logLikelihood: -15916.254160
[00:00:25] Bootstrap tree #397, logLikelihood: -15948.972147
[00:00:25] Bootstrap tree #398, logLikelihood: -15825.325528
[00:00:25] Bootstrap tree #399, logLikelihood: -15993.158761
[00:00:25] Bootstrap tree #400, logLikelihood: -16120.704281
[00:00:25] Bootstrap tree #401, logLikelihood: -15727.918417
[00:00:25] Bootstrap tree #402, logLikelihood: -15893.423802
[00:00:25] Bootstrap tree #403, logLikelihood: -15863.303918
[00:00:25] Bootstrap tree #404, logLikelihood: -15901.935333
[00:00:26] Bootstrap tree #405, logLikelihood: -15974.332785
[00:00:26] Bootstrap tree #406, logLikelihood: -15940.068974
[00:00:26] Bootstrap tree #407, logLikelihood: -15843.760001
[00:00:26] Bootstrap tree #408, logLikelihood: -16255.612868
[00:00:26] Bootstrap tree #409, logLikelihood: -15959.239957
[00:00:26] Bootstrap tree #410, logLikelihood: -16032.697390
[00:00:26] Bootstrap tree #411, logLikelihood: -15930.936842
[00:00:26] Bootstrap tree #412, logLikelihood: -15933.085783
[00:00:26] Bootstrap tree #413, logLikelihood: -15919.393440
[00:00:26] Bootstrap tree #414, logLikelihood: -15954.428121
[00:00:26] Bootstrap tree #415, logLikelihood: -15921.558916
[00:00:26] Bootstrap tree #416, logLikelihood: -15944.163156
[00:00:26] Bootstrap tree #417, logLikelihood: -15865.539019
[00:00:26] Bootstrap tree #418, logLikelihood: -15875.901649
[00:00:27] Bootstrap tree #419, logLikelihood: -16090.548656
[00:00:27] Bootstrap tree #420, logLikelihood: -15908.018081
[00:00:27] Bootstrap tree #421, logLikelihood: -15776.419209
[00:00:27] Bootstrap tree #422, logLikelihood: -15903.664682
[00:00:27] Bootstrap tree #423, logLikelihood: -15840.852555
[00:00:27] Bootstrap tree #424, logLikelihood: -15788.857762
[00:00:27] Bootstrap tree #425, logLikelihood: -15757.112922
[00:00:27] Bootstrap tree #426, logLikelihood: -15937.069308
[00:00:27] Bootstrap tree #427, logLikelihood: -16032.591865
[00:00:27] Bootstrap tree #428, logLikelihood: -15952.510760
[00:00:27] Bootstrap tree #429, logLikelihood: -15638.055617
[00:00:27] Bootstrap tree #430, logLikelihood: -15933.863739
[00:00:27] Bootstrap tree #431, logLikelihood: -15811.610828
[00:00:27] Bootstrap tree #432, logLikelihood: -16004.378430
[00:00:28] Bootstrap tree #433, logLikelihood: -16052.503186
[00:00:28] Bootstrap tree #434, logLikelihood: -15924.914500
[00:00:28] Bootstrap tree #435, logLikelihood: -16070.422401
[00:00:28] Bootstrap tree #436, logLikelihood: -15945.155569
[00:00:28] Bootstrap tree #437, logLikelihood: -15954.637109
[00:00:28] Bootstrap tree #438, logLikelihood: -15849.271863
[00:00:28] Bootstrap tree #439, logLikelihood: -15902.765665
[00:00:28] Bootstrap tree #440, logLikelihood: -15985.134686
[00:00:28] Bootstrap tree #441, logLikelihood: -16062.514861
[00:00:28] Bootstrap tree #442, logLikelihood: -15861.954948
[00:00:28] Bootstrap tree #443, logLikelihood: -15978.329465
[00:00:28] Bootstrap tree #444, logLikelihood: -15921.285112
[00:00:28] Bootstrap tree #445, logLikelihood: -15810.116511
[00:00:28] Bootstrap tree #446, logLikelihood: -15922.746629
[00:00:28] Bootstrap tree #447, logLikelihood: -15723.239880
[00:00:28] Bootstrap tree #448, logLikelihood: -16019.316172
[00:00:29] Bootstrap tree #449, logLikelihood: -15980.961873
[00:00:29] Bootstrap tree #450, logLikelihood: -15896.357880
[00:00:29] Bootstrap tree #451, logLikelihood: -15974.233799
[00:00:29] Bootstrap tree #452, logLikelihood: -16069.043873
[00:00:29] Bootstrap tree #453, logLikelihood: -15717.073148
[00:00:29] Bootstrap tree #454, logLikelihood: -15730.495016
[00:00:29] Bootstrap tree #455, logLikelihood: -16030.085721
[00:00:29] Bootstrap tree #456, logLikelihood: -15914.239606
[00:00:29] Bootstrap tree #457, logLikelihood: -15840.577259
[00:00:29] Bootstrap tree #458, logLikelihood: -15988.806563
[00:00:29] Bootstrap tree #459, logLikelihood: -15877.428217
[00:00:29] Bootstrap tree #460, logLikelihood: -15816.136717
[00:00:29] Bootstrap tree #461, logLikelihood: -16006.830728
[00:00:29] Bootstrap tree #462, logLikelihood: -15895.703335
[00:00:29] Bootstrap tree #463, logLikelihood: -15833.851192
[00:00:30] Bootstrap tree #464, logLikelihood: -15991.347489
[00:00:30] Bootstrap tree #465, logLikelihood: -15803.649915
[00:00:30] Bootstrap tree #466, logLikelihood: -15913.218288
[00:00:30] Bootstrap tree #467, logLikelihood: -15938.369275
[00:00:30] Bootstrap tree #468, logLikelihood: -16057.222941
[00:00:30] Bootstrap tree #469, logLikelihood: -15987.695933
[00:00:30] Bootstrap tree #470, logLikelihood: -15992.210115
[00:00:30] Bootstrap tree #471, logLikelihood: -15886.320731
[00:00:30] Bootstrap tree #472, logLikelihood: -16000.822280
[00:00:30] Bootstrap tree #473, logLikelihood: -16038.926475
[00:00:30] Bootstrap tree #474, logLikelihood: -15802.345138
[00:00:30] Bootstrap tree #475, logLikelihood: -16022.819455
[00:00:30] Bootstrap tree #476, logLikelihood: -15966.245928
[00:00:30] Bootstrap tree #477, logLikelihood: -15846.567252
[00:00:30] Bootstrap tree #478, logLikelihood: -15850.466961
[00:00:30] Bootstrap tree #479, logLikelihood: -15967.197853
[00:00:31] Bootstrap tree #480, logLikelihood: -15918.662097
[00:00:31] Bootstrap tree #481, logLikelihood: -15963.700764
[00:00:31] Bootstrap tree #482, logLikelihood: -15987.414071
[00:00:31] Bootstrap tree #483, logLikelihood: -15852.846768
[00:00:31] Bootstrap tree #484, logLikelihood: -15981.329862
[00:00:31] Bootstrap tree #485, logLikelihood: -15733.913973
[00:00:31] Bootstrap tree #486, logLikelihood: -15863.672016
[00:00:31] Bootstrap tree #487, logLikelihood: -16234.750374
[00:00:31] Bootstrap tree #488, logLikelihood: -15793.986051
[00:00:31] Bootstrap tree #489, logLikelihood: -15866.415747
[00:00:31] Bootstrap tree #490, logLikelihood: -15919.357531
[00:00:31] Bootstrap tree #491, logLikelihood: -15924.089441
[00:00:31] Bootstrap tree #492, logLikelihood: -15933.827841
[00:00:31] Bootstrap tree #493, logLikelihood: -16037.634238
[00:00:32] Bootstrap tree #494, logLikelihood: -15965.631508
[00:00:32] Bootstrap tree #495, logLikelihood: -16002.614085
[00:00:32] Bootstrap tree #496, logLikelihood: -15725.674665
[00:00:32] Bootstrap tree #497, logLikelihood: -15902.933468
[00:00:32] Bootstrap tree #498, logLikelihood: -15983.164423
[00:00:32] Bootstrap tree #499, logLikelihood: -15976.094904
[00:00:32] Bootstrap tree #500, logLikelihood: -15892.148684
[00:00:32] Bootstrap tree #501, logLikelihood: -16044.958453
[00:00:32] Bootstrap tree #502, logLikelihood: -15872.689688
[00:00:32] Bootstrap tree #503, logLikelihood: -15847.046642
[00:00:32] Bootstrap tree #504, logLikelihood: -15876.383272
[00:00:32] Bootstrap tree #505, logLikelihood: -15878.946606
[00:00:32] Bootstrap tree #506, logLikelihood: -16069.691372
[00:00:32] Bootstrap tree #507, logLikelihood: -15802.026126
[00:00:32] Bootstrap tree #508, logLikelihood: -15886.982459
[00:00:32] Bootstrap tree #509, logLikelihood: -16067.854505
[00:00:33] Bootstrap tree #510, logLikelihood: -16042.903780
[00:00:33] Bootstrap tree #511, logLikelihood: -15939.755373
[00:00:33] Bootstrap tree #512, logLikelihood: -15982.282488
[00:00:33] Bootstrap tree #513, logLikelihood: -15987.732570
[00:00:33] Bootstrap tree #514, logLikelihood: -15891.380775
[00:00:33] Bootstrap tree #515, logLikelihood: -15916.036468
[00:00:33] Bootstrap tree #516, logLikelihood: -16027.710859
[00:00:33] Bootstrap tree #517, logLikelihood: -15933.805388
[00:00:33] Bootstrap tree #518, logLikelihood: -15913.022573
[00:00:33] Bootstrap tree #519, logLikelihood: -16060.404640
[00:00:33] Bootstrap tree #520, logLikelihood: -15811.472469
[00:00:33] Bootstrap tree #521, logLikelihood: -16093.278146
[00:00:33] Bootstrap tree #522, logLikelihood: -15958.720294
[00:00:33] Bootstrap tree #523, logLikelihood: -15922.302033
[00:00:33] Bootstrap tree #524, logLikelihood: -15875.854651
[00:00:34] Bootstrap tree #525, logLikelihood: -15905.518195
[00:00:34] Bootstrap tree #526, logLikelihood: -15903.400605
[00:00:34] Bootstrap tree #527, logLikelihood: -15968.208604
[00:00:34] Bootstrap tree #528, logLikelihood: -15844.512651
[00:00:34] Bootstrap tree #529, logLikelihood: -15990.123853
[00:00:34] Bootstrap tree #530, logLikelihood: -15887.156255
[00:00:34] Bootstrap tree #531, logLikelihood: -15964.536404
[00:00:34] Bootstrap tree #532, logLikelihood: -15817.785655
[00:00:34] Bootstrap tree #533, logLikelihood: -15917.332428
[00:00:34] Bootstrap tree #534, logLikelihood: -15908.485100
[00:00:34] Bootstrap tree #535, logLikelihood: -16108.578220
[00:00:34] Bootstrap tree #536, logLikelihood: -15834.020154
[00:00:34] Bootstrap tree #537, logLikelihood: -15819.049964
[00:00:34] Bootstrap tree #538, logLikelihood: -16001.071425
[00:00:34] Bootstrap tree #539, logLikelihood: -16004.112841
[00:00:34] Bootstrap tree #540, logLikelihood: -15816.197411
[00:00:35] Bootstrap tree #541, logLikelihood: -16072.368326
[00:00:35] Bootstrap tree #542, logLikelihood: -15931.080731
[00:00:35] Bootstrap tree #543, logLikelihood: -15767.031513
[00:00:35] Bootstrap tree #544, logLikelihood: -15923.587818
[00:00:35] Bootstrap tree #545, logLikelihood: -15838.657952
[00:00:35] Bootstrap tree #546, logLikelihood: -15978.351316
[00:00:35] Bootstrap tree #547, logLikelihood: -15727.684637
[00:00:35] Bootstrap tree #548, logLikelihood: -15954.849528
[00:00:35] Bootstrap tree #549, logLikelihood: -16056.976464
[00:00:35] Bootstrap tree #550, logLikelihood: -15692.995468
[00:00:35] Bootstrap tree #551, logLikelihood: -15805.219484
[00:00:35] Bootstrap tree #552, logLikelihood: -15810.438870
[00:00:35] Bootstrap tree #553, logLikelihood: -16046.024413
[00:00:35] Bootstrap tree #554, logLikelihood: -15903.618092
[00:00:35] Bootstrap tree #555, logLikelihood: -15886.201900
[00:00:35] Bootstrap tree #556, logLikelihood: -15834.834951
[00:00:35] Bootstrap tree #557, logLikelihood: -15774.309896
[00:00:36] Bootstrap tree #558, logLikelihood: -15826.251919
[00:00:36] Bootstrap tree #559, logLikelihood: -15735.982940
[00:00:36] Bootstrap tree #560, logLikelihood: -15975.975467
[00:00:36] Bootstrap tree #561, logLikelihood: -15859.846492
[00:00:36] Bootstrap tree #562, logLikelihood: -15953.760485
[00:00:36] Bootstrap tree #563, logLikelihood: -15944.021622
[00:00:36] Bootstrap tree #564, logLikelihood: -16007.958729
[00:00:36] Bootstrap tree #565, logLikelihood: -15846.220434
[00:00:36] Bootstrap tree #566, logLikelihood: -16057.907692
[00:00:36] Bootstrap tree #567, logLikelihood: -15831.130037
[00:00:36] Bootstrap tree #568, logLikelihood: -16020.150112
[00:00:36] Bootstrap tree #569, logLikelihood: -15916.878274
[00:00:36] Bootstrap tree #570, logLikelihood: -15962.967451
[00:00:36] Bootstrap tree #571, logLikelihood: -15856.581050
[00:00:36] Bootstrap tree #572, logLikelihood: -15826.574140
[00:00:36] Bootstrap tree #573, logLikelihood: -15882.926285
[00:00:37] Bootstrap tree #574, logLikelihood: -16214.629775
[00:00:37] Bootstrap tree #575, logLikelihood: -15961.061609
[00:00:37] Bootstrap tree #576, logLikelihood: -15838.713913
[00:00:37] Bootstrap tree #577, logLikelihood: -16016.922807
[00:00:37] Bootstrap tree #578, logLikelihood: -16073.567903
[00:00:37] Bootstrap tree #579, logLikelihood: -16107.293011
[00:00:37] Bootstrap tree #580, logLikelihood: -15956.416961
[00:00:37] Bootstrap tree #581, logLikelihood: -15828.891458
[00:00:37] Bootstrap tree #582, logLikelihood: -15954.435318
[00:00:37] Bootstrap tree #583, logLikelihood: -15853.365041
[00:00:37] Bootstrap tree #584, logLikelihood: -15923.794451
[00:00:37] Bootstrap tree #585, logLikelihood: -16127.272497
[00:00:37] Bootstrap tree #586, logLikelihood: -16007.868745
[00:00:37] Bootstrap tree #587, logLikelihood: -15886.130291
[00:00:37] Bootstrap tree #588, logLikelihood: -16000.620893
[00:00:38] Bootstrap tree #589, logLikelihood: -16036.154140
[00:00:38] Bootstrap tree #590, logLikelihood: -15913.281776
[00:00:38] Bootstrap tree #591, logLikelihood: -15901.460892
[00:00:38] Bootstrap tree #592, logLikelihood: -16097.504043
[00:00:38] Bootstrap tree #593, logLikelihood: -15919.196282
[00:00:38] Bootstrap tree #594, logLikelihood: -16030.652687
[00:00:38] Bootstrap tree #595, logLikelihood: -15959.131560
[00:00:38] Bootstrap tree #596, logLikelihood: -16013.529644
[00:00:38] Bootstrap tree #597, logLikelihood: -15722.795561
[00:00:38] Bootstrap tree #598, logLikelihood: -15811.009049
[00:00:38] Bootstrap tree #599, logLikelihood: -15947.016692
[00:00:38] Bootstrap tree #600, logLikelihood: -16101.465509
[00:00:38] Bootstrap tree #601, logLikelihood: -15905.200175
[00:00:38] Bootstrap tree #602, logLikelihood: -15895.062753
[00:00:38] Bootstrap tree #603, logLikelihood: -16017.261677
[00:00:38] Bootstrap tree #604, logLikelihood: -15916.129989
[00:00:39] Bootstrap tree #605, logLikelihood: -15775.818042
[00:00:39] Bootstrap tree #606, logLikelihood: -16053.149198
[00:00:39] Bootstrap tree #607, logLikelihood: -16053.868338
[00:00:39] Bootstrap tree #608, logLikelihood: -15865.248691
[00:00:39] Bootstrap tree #609, logLikelihood: -16102.720015
[00:00:39] Bootstrap tree #610, logLikelihood: -15838.714271
[00:00:39] Bootstrap tree #611, logLikelihood: -15891.183168
[00:00:39] Bootstrap tree #612, logLikelihood: -15837.169145
[00:00:39] Bootstrap tree #613, logLikelihood: -15923.876734
[00:00:39] Bootstrap tree #614, logLikelihood: -15993.258311
[00:00:39] Bootstrap tree #615, logLikelihood: -15877.953835
[00:00:39] Bootstrap tree #616, logLikelihood: -16189.838101
[00:00:39] Bootstrap tree #617, logLikelihood: -15717.549838
[00:00:39] Bootstrap tree #618, logLikelihood: -15947.152713
[00:00:39] Bootstrap tree #619, logLikelihood: -16115.724934
[00:00:40] Bootstrap tree #620, logLikelihood: -15944.032486
[00:00:40] Bootstrap tree #621, logLikelihood: -16110.318680
[00:00:40] Bootstrap tree #622, logLikelihood: -16043.528817
[00:00:40] Bootstrap tree #623, logLikelihood: -15903.245559
[00:00:40] Bootstrap tree #624, logLikelihood: -15915.476638
[00:00:40] Bootstrap tree #625, logLikelihood: -15816.063086
[00:00:40] Bootstrap tree #626, logLikelihood: -15926.933356
[00:00:40] Bootstrap tree #627, logLikelihood: -15980.996158
[00:00:40] Bootstrap tree #628, logLikelihood: -15998.823258
[00:00:40] Bootstrap tree #629, logLikelihood: -15828.330370
[00:00:40] Bootstrap tree #630, logLikelihood: -16080.105412
[00:00:40] Bootstrap tree #631, logLikelihood: -15825.910374
[00:00:40] Bootstrap tree #632, logLikelihood: -15797.760534
[00:00:40] Bootstrap tree #633, logLikelihood: -15747.568098
[00:00:40] Bootstrap tree #634, logLikelihood: -16005.240582
[00:00:40] Bootstrap tree #635, logLikelihood: -15815.814589
[00:00:41] Bootstrap tree #636, logLikelihood: -16058.711804
[00:00:41] Bootstrap tree #637, logLikelihood: -15862.695108
[00:00:41] Bootstrap tree #638, logLikelihood: -15916.508078
[00:00:41] Bootstrap tree #639, logLikelihood: -15941.703345
[00:00:41] Bootstrap tree #640, logLikelihood: -16049.847590
[00:00:41] Bootstrap tree #641, logLikelihood: -15963.642736
[00:00:41] Bootstrap tree #642, logLikelihood: -15827.192654
[00:00:41] Bootstrap tree #643, logLikelihood: -15991.857913
[00:00:41] Bootstrap tree #644, logLikelihood: -16014.052048
[00:00:41] Bootstrap tree #645, logLikelihood: -15754.193117
[00:00:41] Bootstrap tree #646, logLikelihood: -16038.828629
[00:00:41] Bootstrap tree #647, logLikelihood: -15766.096990
[00:00:41] Bootstrap tree #648, logLikelihood: -15950.428058
[00:00:42] Bootstrap tree #649, logLikelihood: -15796.842895
[00:00:42] Bootstrap tree #650, logLikelihood: -16009.669554
[00:00:42] Bootstrap tree #651, logLikelihood: -15988.149138
[00:00:42] Bootstrap tree #652, logLikelihood: -15791.790062
[00:00:42] Bootstrap tree #653, logLikelihood: -16041.341753
[00:00:42] Bootstrap tree #654, logLikelihood: -16038.875706
[00:00:42] Bootstrap tree #655, logLikelihood: -16040.754409
[00:00:42] Bootstrap tree #656, logLikelihood: -15845.424456
[00:00:42] Bootstrap tree #657, logLikelihood: -16048.916208
[00:00:42] Bootstrap tree #658, logLikelihood: -15904.532570
[00:00:42] Bootstrap tree #659, logLikelihood: -15860.469872
[00:00:42] Bootstrap tree #660, logLikelihood: -15829.931671
[00:00:42] Bootstrap tree #661, logLikelihood: -16079.428346
[00:00:42] Bootstrap tree #662, logLikelihood: -16012.137242
[00:00:42] Bootstrap tree #663, logLikelihood: -15881.898321
[00:00:42] Bootstrap tree #664, logLikelihood: -15930.149073
[00:00:42] Bootstrap tree #665, logLikelihood: -15855.321851
[00:00:43] Bootstrap tree #666, logLikelihood: -15973.978619
[00:00:43] Bootstrap tree #667, logLikelihood: -15983.800152
[00:00:43] Bootstrap tree #668, logLikelihood: -16079.432050
[00:00:43] Bootstrap tree #669, logLikelihood: -16001.472674
[00:00:43] Bootstrap tree #670, logLikelihood: -16128.471991
[00:00:43] Bootstrap tree #671, logLikelihood: -16073.417933
[00:00:43] Bootstrap tree #672, logLikelihood: -15877.255647
[00:00:43] Bootstrap tree #673, logLikelihood: -16052.054077
[00:00:43] Bootstrap tree #674, logLikelihood: -15889.039669
[00:00:43] Bootstrap tree #675, logLikelihood: -16046.232751
[00:00:43] Bootstrap tree #676, logLikelihood: -15972.278027
[00:00:43] Bootstrap tree #677, logLikelihood: -15893.742081
[00:00:43] Bootstrap tree #678, logLikelihood: -15866.571520
[00:00:43] Bootstrap tree #679, logLikelihood: -15820.558636
[00:00:43] Bootstrap tree #680, logLikelihood: -15959.779500
[00:00:43] Bootstrap tree #681, logLikelihood: -15936.174645
[00:00:44] Bootstrap tree #682, logLikelihood: -15962.459293
[00:00:44] Bootstrap tree #683, logLikelihood: -15821.447682
[00:00:44] Bootstrap tree #684, logLikelihood: -15949.037296
[00:00:44] Bootstrap tree #685, logLikelihood: -15867.683393
[00:00:44] Bootstrap tree #686, logLikelihood: -15968.128832
[00:00:44] Bootstrap tree #687, logLikelihood: -15783.480799
[00:00:44] Bootstrap tree #688, logLikelihood: -15917.595919
[00:00:44] Bootstrap tree #689, logLikelihood: -15957.613266
[00:00:44] Bootstrap tree #690, logLikelihood: -15918.100472
[00:00:44] Bootstrap tree #691, logLikelihood: -15927.001423
[00:00:44] Bootstrap tree #692, logLikelihood: -15826.934429
[00:00:44] Bootstrap tree #693, logLikelihood: -15961.556632
[00:00:44] Bootstrap tree #694, logLikelihood: -16059.304885
[00:00:44] Bootstrap tree #695, logLikelihood: -15882.595777
[00:00:44] Bootstrap tree #696, logLikelihood: -16128.486233
[00:00:45] Bootstrap tree #697, logLikelihood: -16039.789866
[00:00:45] Bootstrap tree #698, logLikelihood: -15924.732899
[00:00:45] Bootstrap tree #699, logLikelihood: -15799.572660
[00:00:45] Bootstrap tree #700, logLikelihood: -16077.258182
[00:00:45] Bootstrap tree #701, logLikelihood: -15980.253426
[00:00:45] Bootstrap tree #702, logLikelihood: -15826.211578
[00:00:45] Bootstrap tree #703, logLikelihood: -15840.091918
[00:00:45] Bootstrap tree #704, logLikelihood: -15981.644964
[00:00:45] Bootstrap tree #705, logLikelihood: -15875.005832
[00:00:45] Bootstrap tree #706, logLikelihood: -15981.258104
[00:00:45] Bootstrap tree #707, logLikelihood: -15919.158075
[00:00:45] Bootstrap tree #708, logLikelihood: -15889.556292
[00:00:45] Bootstrap tree #709, logLikelihood: -15966.579450
[00:00:45] Bootstrap tree #710, logLikelihood: -16109.461831
[00:00:45] Bootstrap tree #711, logLikelihood: -15937.475357
[00:00:46] Bootstrap tree #712, logLikelihood: -15824.264443
[00:00:46] Bootstrap tree #713, logLikelihood: -15909.956430
[00:00:46] Bootstrap tree #714, logLikelihood: -15945.047241
[00:00:46] Bootstrap tree #715, logLikelihood: -16143.312383
[00:00:46] Bootstrap tree #716, logLikelihood: -15892.994097
[00:00:46] Bootstrap tree #717, logLikelihood: -15984.896781
[00:00:46] Bootstrap tree #718, logLikelihood: -15993.869171
[00:00:46] Bootstrap tree #719, logLikelihood: -15980.858771
[00:00:46] Bootstrap tree #720, logLikelihood: -16066.335041
[00:00:46] Bootstrap tree #721, logLikelihood: -15914.190091
[00:00:46] Bootstrap tree #722, logLikelihood: -15998.181340
[00:00:46] Bootstrap tree #723, logLikelihood: -15789.875092
[00:00:46] Bootstrap tree #724, logLikelihood: -15823.948467
[00:00:46] Bootstrap tree #725, logLikelihood: -15976.694356
[00:00:46] Bootstrap tree #726, logLikelihood: -15633.795317
[00:00:47] Bootstrap tree #727, logLikelihood: -15973.819665
[00:00:47] Bootstrap tree #728, logLikelihood: -15841.669738
[00:00:47] Bootstrap tree #729, logLikelihood: -15950.387158
[00:00:47] Bootstrap tree #730, logLikelihood: -15874.390514
[00:00:47] Bootstrap tree #731, logLikelihood: -15913.276070
[00:00:47] Bootstrap tree #732, logLikelihood: -15924.726747
[00:00:47] Bootstrap tree #733, logLikelihood: -15925.500553
[00:00:47] Bootstrap tree #734, logLikelihood: -16080.248429
[00:00:47] Bootstrap tree #735, logLikelihood: -16001.764589
[00:00:47] Bootstrap tree #736, logLikelihood: -15979.749569
[00:00:47] Bootstrap tree #737, logLikelihood: -15792.775088
[00:00:47] Bootstrap tree #738, logLikelihood: -15940.711119
[00:00:47] Bootstrap tree #739, logLikelihood: -15930.905100
[00:00:47] Bootstrap tree #740, logLikelihood: -15939.975211
[00:00:47] Bootstrap tree #741, logLikelihood: -15936.689723
[00:00:47] Bootstrap tree #742, logLikelihood: -15918.352372
[00:00:47] Bootstrap tree #743, logLikelihood: -15903.831951
[00:00:48] Bootstrap tree #744, logLikelihood: -15777.695896
[00:00:48] Bootstrap tree #745, logLikelihood: -15975.486186
[00:00:48] Bootstrap tree #746, logLikelihood: -15903.734223
[00:00:48] Bootstrap tree #747, logLikelihood: -15903.043119
[00:00:48] Bootstrap tree #748, logLikelihood: -15997.641525
[00:00:48] Bootstrap tree #749, logLikelihood: -16018.038044
[00:00:48] Bootstrap tree #750, logLikelihood: -15976.373245
[00:00:48] Bootstrap tree #751, logLikelihood: -15883.558475
[00:00:48] Bootstrap tree #752, logLikelihood: -15966.452472
[00:00:48] Bootstrap tree #753, logLikelihood: -15957.022853
[00:00:48] Bootstrap tree #754, logLikelihood: -15957.629918
[00:00:48] Bootstrap tree #755, logLikelihood: -15877.330508
[00:00:48] Bootstrap tree #756, logLikelihood: -16012.921301
[00:00:48] Bootstrap tree #757, logLikelihood: -15993.585751
[00:00:49] Bootstrap tree #758, logLikelihood: -15911.308363
[00:00:49] Bootstrap tree #759, logLikelihood: -16000.875529
[00:00:49] Bootstrap tree #760, logLikelihood: -15772.183967
[00:00:49] Bootstrap tree #761, logLikelihood: -15854.240267
[00:00:49] Bootstrap tree #762, logLikelihood: -15880.144655
[00:00:49] Bootstrap tree #763, logLikelihood: -16062.392469
[00:00:49] Bootstrap tree #764, logLikelihood: -16099.963003
[00:00:49] Bootstrap tree #765, logLikelihood: -15777.113043
[00:00:49] Bootstrap tree #766, logLikelihood: -15843.380451
[00:00:49] Bootstrap tree #767, logLikelihood: -15859.913206
[00:00:49] Bootstrap tree #768, logLikelihood: -15737.382863
[00:00:49] Bootstrap tree #769, logLikelihood: -15816.422728
[00:00:49] Bootstrap tree #770, logLikelihood: -15920.709328
[00:00:49] Bootstrap tree #771, logLikelihood: -15921.193934
[00:00:49] Bootstrap tree #772, logLikelihood: -15794.842539
[00:00:49] Bootstrap tree #773, logLikelihood: -15768.364764
[00:00:50] Bootstrap tree #774, logLikelihood: -15803.342969
[00:00:50] Bootstrap tree #775, logLikelihood: -15773.197487
[00:00:50] Bootstrap tree #776, logLikelihood: -15838.911255
[00:00:50] Bootstrap tree #777, logLikelihood: -16170.899735
[00:00:50] Bootstrap tree #778, logLikelihood: -15866.792277
[00:00:50] Bootstrap tree #779, logLikelihood: -15940.213047
[00:00:50] Bootstrap tree #780, logLikelihood: -15885.197906
[00:00:50] Bootstrap tree #781, logLikelihood: -15923.150305
[00:00:50] Bootstrap tree #782, logLikelihood: -15911.261391
[00:00:50] Bootstrap tree #783, logLikelihood: -15699.127209
[00:00:50] Bootstrap tree #784, logLikelihood: -15821.962800
[00:00:50] Bootstrap tree #785, logLikelihood: -16061.384840
[00:00:50] Bootstrap tree #786, logLikelihood: -15939.453378
[00:00:50] Bootstrap tree #787, logLikelihood: -15764.911416
[00:00:50] Bootstrap tree #788, logLikelihood: -15875.902563
[00:00:51] Bootstrap tree #789, logLikelihood: -15755.622515
[00:00:51] Bootstrap tree #790, logLikelihood: -16013.871809
[00:00:51] Bootstrap tree #791, logLikelihood: -15816.734133
[00:00:51] Bootstrap tree #792, logLikelihood: -15964.916746
[00:00:51] Bootstrap tree #793, logLikelihood: -15838.692497
[00:00:51] Bootstrap tree #794, logLikelihood: -15989.644588
[00:00:51] Bootstrap tree #795, logLikelihood: -15982.613579
[00:00:51] Bootstrap tree #796, logLikelihood: -15908.954948
[00:00:51] Bootstrap tree #797, logLikelihood: -16088.477886
[00:00:51] Bootstrap tree #798, logLikelihood: -16096.052706
[00:00:51] Bootstrap tree #799, logLikelihood: -16022.006812
[00:00:51] Bootstrap tree #800, logLikelihood: -16136.024412
[00:00:51] Bootstrap tree #801, logLikelihood: -15707.599814
[00:00:51] Bootstrap tree #802, logLikelihood: -15875.307224
[00:00:52] Bootstrap tree #803, logLikelihood: -16015.018728
[00:00:52] Bootstrap tree #804, logLikelihood: -15899.288848
[00:00:52] Bootstrap tree #805, logLikelihood: -15953.714322
[00:00:52] Bootstrap tree #806, logLikelihood: -15983.939781
[00:00:52] Bootstrap tree #807, logLikelihood: -15997.183732
[00:00:52] Bootstrap tree #808, logLikelihood: -15954.868438
[00:00:52] Bootstrap tree #809, logLikelihood: -15965.368580
[00:00:52] Bootstrap tree #810, logLikelihood: -15911.070625
[00:00:52] Bootstrap tree #811, logLikelihood: -15928.478542
[00:00:52] Bootstrap tree #812, logLikelihood: -15955.320622
[00:00:52] Bootstrap tree #813, logLikelihood: -15787.547187
[00:00:52] Bootstrap tree #814, logLikelihood: -15900.705551
[00:00:52] Bootstrap tree #815, logLikelihood: -16049.855924
[00:00:52] Bootstrap tree #816, logLikelihood: -15800.661984
[00:00:52] Bootstrap tree #817, logLikelihood: -15875.721089
[00:00:52] Bootstrap tree #818, logLikelihood: -15822.733446
[00:00:52] Bootstrap tree #819, logLikelihood: -16017.601410
[00:00:53] Bootstrap tree #820, logLikelihood: -15893.355597
[00:00:53] Bootstrap tree #821, logLikelihood: -15697.538359
[00:00:53] Bootstrap tree #822, logLikelihood: -15767.104168
[00:00:53] Bootstrap tree #823, logLikelihood: -15940.960984
[00:00:53] Bootstrap tree #824, logLikelihood: -15873.989382
[00:00:53] Bootstrap tree #825, logLikelihood: -15864.344256
[00:00:53] Bootstrap tree #826, logLikelihood: -15957.667298
[00:00:53] Bootstrap tree #827, logLikelihood: -15829.723010
[00:00:53] Bootstrap tree #828, logLikelihood: -15810.111300
[00:00:53] Bootstrap tree #829, logLikelihood: -15977.883183
[00:00:53] Bootstrap tree #830, logLikelihood: -16006.758625
[00:00:53] Bootstrap tree #831, logLikelihood: -15916.845405
[00:00:53] Bootstrap tree #832, logLikelihood: -15996.453710
[00:00:53] Bootstrap tree #833, logLikelihood: -15952.953179
[00:00:53] Bootstrap tree #834, logLikelihood: -16089.912305
[00:00:54] Bootstrap tree #835, logLikelihood: -15928.158718
[00:00:54] Bootstrap tree #836, logLikelihood: -16064.299966
[00:00:54] Bootstrap tree #837, logLikelihood: -15826.835902
[00:00:54] Bootstrap tree #838, logLikelihood: -15743.833798
[00:00:54] Bootstrap tree #839, logLikelihood: -15789.351821
[00:00:54] Bootstrap tree #840, logLikelihood: -15960.613410
[00:00:54] Bootstrap tree #841, logLikelihood: -15833.766055
[00:00:54] Bootstrap tree #842, logLikelihood: -15886.498240
[00:00:54] Bootstrap tree #843, logLikelihood: -15953.077352
[00:00:54] Bootstrap tree #844, logLikelihood: -15856.640831
[00:00:54] Bootstrap tree #845, logLikelihood: -15719.243481
[00:00:54] Bootstrap tree #846, logLikelihood: -15921.516341
[00:00:54] Bootstrap tree #847, logLikelihood: -16108.232548
[00:00:54] Bootstrap tree #848, logLikelihood: -15925.676660
[00:00:54] Bootstrap tree #849, logLikelihood: -15829.676624
[00:00:55] Bootstrap tree #850, logLikelihood: -15877.328592
[00:00:55] Bootstrap tree #851, logLikelihood: -16135.995819
[00:00:55] Bootstrap tree #852, logLikelihood: -15885.328153
[00:00:55] Bootstrap tree #853, logLikelihood: -16087.064788
[00:00:55] Bootstrap tree #854, logLikelihood: -15988.117842
[00:00:55] Bootstrap tree #855, logLikelihood: -15764.774146
[00:00:55] Bootstrap tree #856, logLikelihood: -15822.960408
[00:00:55] Bootstrap tree #857, logLikelihood: -15845.653435
[00:00:55] Bootstrap tree #858, logLikelihood: -16013.466816
[00:00:55] Bootstrap tree #859, logLikelihood: -16030.085120
[00:00:55] Bootstrap tree #860, logLikelihood: -16023.944483
[00:00:55] Bootstrap tree #861, logLikelihood: -15841.785365
[00:00:55] Bootstrap tree #862, logLikelihood: -15929.589001
[00:00:55] Bootstrap tree #863, logLikelihood: -16025.386278
[00:00:55] Bootstrap tree #864, logLikelihood: -15856.502996
[00:00:56] Bootstrap tree #865, logLikelihood: -16072.618605
[00:00:56] Bootstrap tree #866, logLikelihood: -15949.445208
[00:00:56] Bootstrap tree #867, logLikelihood: -16174.301882
[00:00:56] Bootstrap tree #868, logLikelihood: -15953.285601
[00:00:56] Bootstrap tree #869, logLikelihood: -16036.025015
[00:00:56] Bootstrap tree #870, logLikelihood: -16086.459667
[00:00:56] Bootstrap tree #871, logLikelihood: -16023.506215
[00:00:56] Bootstrap tree #872, logLikelihood: -15840.582222
[00:00:56] Bootstrap tree #873, logLikelihood: -15941.002123
[00:00:56] Bootstrap tree #874, logLikelihood: -15724.901842
[00:00:56] Bootstrap tree #875, logLikelihood: -15818.771881
[00:00:56] Bootstrap tree #876, logLikelihood: -16136.086880
[00:00:56] Bootstrap tree #877, logLikelihood: -15990.812825
[00:00:56] Bootstrap tree #878, logLikelihood: -16076.828420
[00:00:57] Bootstrap tree #879, logLikelihood: -15954.496323
[00:00:57] Bootstrap tree #880, logLikelihood: -16130.603339
[00:00:57] Bootstrap tree #881, logLikelihood: -15770.675380
[00:00:57] Bootstrap tree #882, logLikelihood: -15711.160787
[00:00:57] Bootstrap tree #883, logLikelihood: -15800.874498
[00:00:57] Bootstrap tree #884, logLikelihood: -15922.564405
[00:00:57] Bootstrap tree #885, logLikelihood: -15937.680930
[00:00:57] Bootstrap tree #886, logLikelihood: -15943.499748
[00:00:57] Bootstrap tree #887, logLikelihood: -16092.439108
[00:00:57] Bootstrap tree #888, logLikelihood: -15949.621605
[00:00:57] Bootstrap tree #889, logLikelihood: -15879.191871
[00:00:57] Bootstrap tree #890, logLikelihood: -16033.669690
[00:00:57] Bootstrap tree #891, logLikelihood: -16173.356486
[00:00:57] Bootstrap tree #892, logLikelihood: -15713.037853
[00:00:58] Bootstrap tree #893, logLikelihood: -15997.561318
[00:00:58] Bootstrap tree #894, logLikelihood: -15986.320343
[00:00:58] Bootstrap tree #895, logLikelihood: -15903.221742
[00:00:58] Bootstrap tree #896, logLikelihood: -15921.983397
[00:00:58] Bootstrap tree #897, logLikelihood: -15770.685296
[00:00:58] Bootstrap tree #898, logLikelihood: -15765.381547
[00:00:58] Bootstrap tree #899, logLikelihood: -16025.031908
[00:00:58] Bootstrap tree #900, logLikelihood: -15827.289537
[00:00:58] Bootstrap tree #901, logLikelihood: -15921.419836
[00:00:58] Bootstrap tree #902, logLikelihood: -15850.906913
[00:00:58] Bootstrap tree #903, logLikelihood: -15832.675599
[00:00:58] Bootstrap tree #904, logLikelihood: -15874.810825
[00:00:58] Bootstrap tree #905, logLikelihood: -15809.016516
[00:00:58] Bootstrap tree #906, logLikelihood: -15788.997146
[00:00:58] Bootstrap tree #907, logLikelihood: -15851.905519
[00:00:59] Bootstrap tree #908, logLikelihood: -16026.342399
[00:00:59] Bootstrap tree #909, logLikelihood: -15867.365092
[00:00:59] Bootstrap tree #910, logLikelihood: -16007.842856
[00:00:59] Bootstrap tree #911, logLikelihood: -15953.527265
[00:00:59] Bootstrap tree #912, logLikelihood: -16016.274217
[00:00:59] Bootstrap tree #913, logLikelihood: -15982.244113
[00:00:59] Bootstrap tree #914, logLikelihood: -15836.704408
[00:00:59] Bootstrap tree #915, logLikelihood: -15988.567427
[00:00:59] Bootstrap tree #916, logLikelihood: -16118.657931
[00:00:59] Bootstrap tree #917, logLikelihood: -15884.704469
[00:00:59] Bootstrap tree #918, logLikelihood: -16008.159653
[00:00:59] Bootstrap tree #919, logLikelihood: -15934.363289
[00:00:59] Bootstrap tree #920, logLikelihood: -15954.891209
[00:01:00] Bootstrap tree #921, logLikelihood: -15903.048211
[00:01:00] Bootstrap tree #922, logLikelihood: -15890.619980
[00:01:00] Bootstrap tree #923, logLikelihood: -15814.729870
[00:01:00] Bootstrap tree #924, logLikelihood: -15936.129944
[00:01:00] Bootstrap tree #925, logLikelihood: -15921.208442
[00:01:00] Bootstrap tree #926, logLikelihood: -16053.605044
[00:01:00] Bootstrap tree #927, logLikelihood: -15638.887246
[00:01:00] Bootstrap tree #928, logLikelihood: -15798.908529
[00:01:00] Bootstrap tree #929, logLikelihood: -15953.547062
[00:01:00] Bootstrap tree #930, logLikelihood: -15601.599761
[00:01:00] Bootstrap tree #931, logLikelihood: -16138.347466
[00:01:00] Bootstrap tree #932, logLikelihood: -15901.381476
[00:01:00] Bootstrap tree #933, logLikelihood: -15734.564990
[00:01:00] Bootstrap tree #934, logLikelihood: -15933.357223
[00:01:00] Bootstrap tree #935, logLikelihood: -15803.828235
[00:01:01] Bootstrap tree #936, logLikelihood: -15871.372178
[00:01:01] Bootstrap tree #937, logLikelihood: -15866.096248
[00:01:01] Bootstrap tree #938, logLikelihood: -15937.573209
[00:01:01] Bootstrap tree #939, logLikelihood: -15842.478378
[00:01:01] Bootstrap tree #940, logLikelihood: -15979.059754
[00:01:01] Bootstrap tree #941, logLikelihood: -15883.667063
[00:01:01] Bootstrap tree #942, logLikelihood: -15870.386839
[00:01:01] Bootstrap tree #943, logLikelihood: -15912.830665
[00:01:01] Bootstrap tree #944, logLikelihood: -15920.205689
[00:01:01] Bootstrap tree #945, logLikelihood: -15824.217667
[00:01:01] Bootstrap tree #946, logLikelihood: -15951.313330
[00:01:01] Bootstrap tree #947, logLikelihood: -15985.683102
[00:01:01] Bootstrap tree #948, logLikelihood: -15873.901040
[00:01:01] Bootstrap tree #949, logLikelihood: -16023.957365
[00:01:02] Bootstrap tree #950, logLikelihood: -15847.621187
[00:01:02] Bootstrap tree #951, logLikelihood: -16065.809096
[00:01:02] Bootstrap tree #952, logLikelihood: -16074.962769
[00:01:02] Bootstrap tree #953, logLikelihood: -15860.006049
[00:01:02] Bootstrap tree #954, logLikelihood: -15940.770004
[00:01:02] Bootstrap tree #955, logLikelihood: -15699.788205
[00:01:02] Bootstrap tree #956, logLikelihood: -16015.864316
[00:01:02] Bootstrap tree #957, logLikelihood: -16012.286347
[00:01:02] Bootstrap tree #958, logLikelihood: -15998.887919
[00:01:02] Bootstrap tree #959, logLikelihood: -15931.618588
[00:01:02] Bootstrap tree #960, logLikelihood: -15791.078744
[00:01:02] Bootstrap tree #961, logLikelihood: -15865.847909
[00:01:02] Bootstrap tree #962, logLikelihood: -16074.293766
[00:01:02] Bootstrap tree #963, logLikelihood: -16127.539661
[00:01:02] Bootstrap tree #964, logLikelihood: -15886.252767
[00:01:02] Bootstrap tree #965, logLikelihood: -15959.458124
[00:01:03] Bootstrap tree #966, logLikelihood: -15744.669301
[00:01:03] Bootstrap tree #967, logLikelihood: -16039.555588
[00:01:03] Bootstrap tree #968, logLikelihood: -15892.375608
[00:01:03] Bootstrap tree #969, logLikelihood: -15776.858909
[00:01:03] Bootstrap tree #970, logLikelihood: -15802.933351
[00:01:03] Bootstrap tree #971, logLikelihood: -15786.348712
[00:01:03] Bootstrap tree #972, logLikelihood: -15657.849717
[00:01:03] Bootstrap tree #973, logLikelihood: -15794.968998
[00:01:03] Bootstrap tree #974, logLikelihood: -15847.467812
[00:01:03] Bootstrap tree #975, logLikelihood: -15829.588928
[00:01:03] Bootstrap tree #976, logLikelihood: -15867.778777
[00:01:03] Bootstrap tree #977, logLikelihood: -15969.915897
[00:01:03] Bootstrap tree #978, logLikelihood: -16181.555302
[00:01:03] Bootstrap tree #979, logLikelihood: -16003.392053
[00:01:03] Bootstrap tree #980, logLikelihood: -15903.902765
[00:01:04] Bootstrap tree #981, logLikelihood: -15876.680473
[00:01:04] Bootstrap tree #982, logLikelihood: -15891.168727
[00:01:04] Bootstrap tree #983, logLikelihood: -15876.831809
[00:01:04] Bootstrap tree #984, logLikelihood: -15883.450965
[00:01:04] Bootstrap tree #985, logLikelihood: -15925.000434
[00:01:04] Bootstrap tree #986, logLikelihood: -15823.490048
[00:01:04] Bootstrap tree #987, logLikelihood: -15880.161627
[00:01:04] Bootstrap tree #988, logLikelihood: -15905.317717
[00:01:04] Bootstrap tree #989, logLikelihood: -15968.374703
[00:01:04] Bootstrap tree #990, logLikelihood: -15964.391533
[00:01:04] Bootstrap tree #991, logLikelihood: -15911.010263
[00:01:04] Bootstrap tree #992, logLikelihood: -15724.925796
[00:01:04] Bootstrap tree #993, logLikelihood: -16036.714780
[00:01:04] Bootstrap tree #994, logLikelihood: -15928.217613
[00:01:04] Bootstrap tree #995, logLikelihood: -15805.313798
[00:01:04] Bootstrap tree #996, logLikelihood: -15973.469678
[00:01:05] Bootstrap tree #997, logLikelihood: -15835.734953
[00:01:05] Bootstrap tree #998, logLikelihood: -16000.794109
[00:01:05] Bootstrap tree #999, logLikelihood: -16071.296601
[00:01:05] Bootstrap tree #1000, logLikelihood: -15791.553691

Optimized model parameters:

   Partition 0: noname
   Rate heterogeneity: GAMMA (4 cats, mean),  alpha: 1.479722 (ML),  weights&rates: (0.250000,0.222173) (0.250000,0.585146) (0.250000,1.049208) (0.250000,2.143473) 
   Base frequencies (ML): 0.259634 0.251416 0.258289 0.230661 
   Substitution rates (ML): 1.715066 3.528552 1.304212 1.452085 3.705814 1.000000 


Final LogLikelihood: -15931.105372

AIC score: 31890.210745 / AICc score: 31890.320779 / BIC score: 31977.726735
Free parameters (model + branch lengths): 14

Best ML tree saved to: /home/seddik/Documents/Synesth/iter6/all_Cas_trees/Cas3_Cas2/Tree.raxml.bestTree
All ML trees saved to: /home/seddik/Documents/Synesth/iter6/all_Cas_trees/Cas3_Cas2/Tree.raxml.mlTrees
Best ML tree with Felsenstein bootstrap (FBP) support values saved to: /home/seddik/Documents/Synesth/iter6/all_Cas_trees/Cas3_Cas2/Tree.raxml.support
Optimized model saved to: /home/seddik/Documents/Synesth/iter6/all_Cas_trees/Cas3_Cas2/Tree.raxml.bestModel
Bootstrap trees saved to: /home/seddik/Documents/Synesth/iter6/all_Cas_trees/Cas3_Cas2/Tree.raxml.bootstraps

Execution log saved to: /home/seddik/Documents/Synesth/iter6/all_Cas_trees/Cas3_Cas2/Tree.raxml.log

Analysis started: 30-Jul-2024 13:17:07 / finished: 30-Jul-2024 13:18:12

Elapsed time: 65.186 seconds

