
RAxML-NG v. 0.9.0 released on 20.05.2019 by The Exelixis Lab.
Developed by: Alexey M. Kozlov and Alexandros Stamatakis.
Contributors: Diego Darriba, Tomas Flouri, Benoit Morel, Sarah Lutteropp, Ben Bettisworth.
Latest version: https://github.com/amkozlov/raxml-ng
Questions/problems/suggestions? Please visit: https://groups.google.com/forum/#!forum/raxml

RAxML-NG was called at 30-Jul-2024 11:21:02 as follows:

raxml-ng --all --msa all_Cas_aligned/all_Cas2_aligned.fna --model GTR+G --bs-trees 1000 --threads 4 --prefix all_Cas_trees/Cas2/Tree

Analysis options:
  run mode: ML tree search + bootstrapping (Felsenstein Bootstrap)
  start tree(s): random (10) + parsimony (10)
  bootstrap replicates: 1000
  random seed: 1722352862
  tip-inner: OFF
  pattern compression: ON
  per-rate scalers: OFF
  site repeats: ON
  branch lengths: proportional (ML estimate, algorithm: NR-FAST)
  SIMD kernels: AVX2
  parallelization: PTHREADS (4 threads), thread pinning: OFF

[00:00:00] Reading alignment from file: all_Cas_aligned/all_Cas2_aligned.fna
[00:00:00] Loaded alignment with 24 taxa and 411 sites

Alignment comprises 1 partitions and 366 patterns

Partition 0: noname
Model: GTR+FO+G4m
Alignment sites / patterns: 411 / 366
Gaps: 31.96 %
Invariant sites: 16.06 %


NOTE: Binary MSA file created: all_Cas_trees/Cas2/Tree.raxml.rba

[00:00:00] Generating 10 random starting tree(s) with 24 taxa
[00:00:00] Generating 10 parsimony starting tree(s) with 24 taxa
[00:00:00] Data distribution: max. partitions/sites/weight per thread: 1 / 92 / 1472

Starting ML tree search with 20 distinct starting trees

[00:00:01] ML tree search #1, logLikelihood: -7868.203586
[00:00:02] ML tree search #2, logLikelihood: -7868.209279
[00:00:04] ML tree search #3, logLikelihood: -7868.199291
[00:00:06] ML tree search #4, logLikelihood: -7868.196459
[00:00:07] ML tree search #5, logLikelihood: -7868.184049
[00:00:08] ML tree search #6, logLikelihood: -7868.204901
[00:00:10] ML tree search #7, logLikelihood: -7868.241039
[00:00:11] ML tree search #8, logLikelihood: -7873.523603
[00:00:12] ML tree search #9, logLikelihood: -7868.219222
[00:00:14] ML tree search #10, logLikelihood: -7868.252403
[00:00:15] ML tree search #11, logLikelihood: -7873.246865
[00:00:16] ML tree search #12, logLikelihood: -7868.167694
[00:00:17] ML tree search #13, logLikelihood: -7868.177404
[00:00:19] ML tree search #14, logLikelihood: -7868.208186
[00:00:20] ML tree search #15, logLikelihood: -7868.174484
[00:00:22] ML tree search #16, logLikelihood: -7868.176820
[00:00:23] ML tree search #17, logLikelihood: -7868.169528
[00:00:24] ML tree search #18, logLikelihood: -7868.208497
[00:00:25] ML tree search #19, logLikelihood: -7868.166314
[00:00:27] ML tree search #20, logLikelihood: -7868.200700

[00:00:27] ML tree search completed, best tree logLH: -7868.166314

[00:00:27] Starting bootstrapping analysis with 1000 replicates.

[00:00:28] Bootstrap tree #1, logLikelihood: -7676.329609
[00:00:30] Bootstrap tree #2, logLikelihood: -7727.284926
[00:00:31] Bootstrap tree #3, logLikelihood: -7696.139259
[00:00:32] Bootstrap tree #4, logLikelihood: -7835.287141
[00:00:33] Bootstrap tree #5, logLikelihood: -7825.713024
[00:00:34] Bootstrap tree #6, logLikelihood: -7390.727288
[00:00:35] Bootstrap tree #7, logLikelihood: -7735.292663
[00:00:37] Bootstrap tree #8, logLikelihood: -7817.997652
[00:00:38] Bootstrap tree #9, logLikelihood: -7598.332190
[00:00:39] Bootstrap tree #10, logLikelihood: -7915.856196
[00:00:40] Bootstrap tree #11, logLikelihood: -7709.043620
[00:00:40] Bootstrap tree #12, logLikelihood: -7197.001069
[00:00:42] Bootstrap tree #13, logLikelihood: -7559.485992
[00:00:43] Bootstrap tree #14, logLikelihood: -7857.020874
[00:00:44] Bootstrap tree #15, logLikelihood: -7331.884791
[00:00:45] Bootstrap tree #16, logLikelihood: -8145.900422
[00:00:46] Bootstrap tree #17, logLikelihood: -7745.735363
[00:00:47] Bootstrap tree #18, logLikelihood: -7815.851884
[00:00:48] Bootstrap tree #19, logLikelihood: -8089.007198
[00:00:50] Bootstrap tree #20, logLikelihood: -7606.104801
[00:00:51] Bootstrap tree #21, logLikelihood: -7860.906893
[00:00:52] Bootstrap tree #22, logLikelihood: -7629.944694
[00:00:54] Bootstrap tree #23, logLikelihood: -7719.252684
[00:00:55] Bootstrap tree #24, logLikelihood: -7808.848356
[00:00:56] Bootstrap tree #25, logLikelihood: -7541.273161
[00:00:57] Bootstrap tree #26, logLikelihood: -7464.584561
[00:00:58] Bootstrap tree #27, logLikelihood: -7793.239154
[00:00:59] Bootstrap tree #28, logLikelihood: -7723.683895
[00:01:00] Bootstrap tree #29, logLikelihood: -7547.385016
[00:01:01] Bootstrap tree #30, logLikelihood: -7959.271245
[00:01:02] Bootstrap tree #31, logLikelihood: -7989.205615
[00:01:03] Bootstrap tree #32, logLikelihood: -7381.613491
[00:01:05] Bootstrap tree #33, logLikelihood: -8074.819718
[00:01:06] Bootstrap tree #34, logLikelihood: -7655.923722
[00:01:07] Bootstrap tree #35, logLikelihood: -7773.108353
[00:01:08] Bootstrap tree #36, logLikelihood: -7732.203914
[00:01:10] Bootstrap tree #37, logLikelihood: -8113.617017
[00:01:11] Bootstrap tree #38, logLikelihood: -7822.932417
[00:01:12] Bootstrap tree #39, logLikelihood: -7587.106442
[00:01:13] Bootstrap tree #40, logLikelihood: -7720.779374
[00:01:14] Bootstrap tree #41, logLikelihood: -7631.531961
[00:01:15] Bootstrap tree #42, logLikelihood: -7699.770032
[00:01:17] Bootstrap tree #43, logLikelihood: -7763.675503
[00:01:19] Bootstrap tree #44, logLikelihood: -7675.038726
[00:01:20] Bootstrap tree #45, logLikelihood: -7720.826229
[00:01:21] Bootstrap tree #46, logLikelihood: -8001.325777
[00:01:22] Bootstrap tree #47, logLikelihood: -7745.122641
[00:01:23] Bootstrap tree #48, logLikelihood: -7775.581336
[00:01:24] Bootstrap tree #49, logLikelihood: -8195.939976
[00:01:25] Bootstrap tree #50, logLikelihood: -7778.277531
[00:01:26] Bootstrap tree #51, logLikelihood: -8364.417985
[00:01:27] Bootstrap tree #52, logLikelihood: -7722.231690
[00:01:28] Bootstrap tree #53, logLikelihood: -7702.995238
[00:01:31] Bootstrap tree #54, logLikelihood: -7765.034377
[00:01:32] Bootstrap tree #55, logLikelihood: -7432.378198
[00:01:33] Bootstrap tree #56, logLikelihood: -7854.724434
[00:01:34] Bootstrap tree #57, logLikelihood: -7760.739985
[00:01:35] Bootstrap tree #58, logLikelihood: -7744.758713
[00:01:36] Bootstrap tree #59, logLikelihood: -7472.083551
[00:01:38] Bootstrap tree #60, logLikelihood: -7851.405765
[00:01:39] Bootstrap tree #61, logLikelihood: -7923.562436
[00:01:40] Bootstrap tree #62, logLikelihood: -8300.606651
[00:01:41] Bootstrap tree #63, logLikelihood: -7698.805328
[00:01:43] Bootstrap tree #64, logLikelihood: -7924.615052
[00:01:44] Bootstrap tree #65, logLikelihood: -7949.133669
[00:01:45] Bootstrap tree #66, logLikelihood: -7871.566074
[00:01:46] Bootstrap tree #67, logLikelihood: -8166.809556
[00:01:47] Bootstrap tree #68, logLikelihood: -7294.154461
[00:01:48] Bootstrap tree #69, logLikelihood: -8112.969087
[00:01:49] Bootstrap tree #70, logLikelihood: -7392.950007
[00:01:50] Bootstrap tree #71, logLikelihood: -7765.681306
[00:01:51] Bootstrap tree #72, logLikelihood: -8054.418098
[00:01:52] Bootstrap tree #73, logLikelihood: -7792.095740
[00:01:53] Bootstrap tree #74, logLikelihood: -7812.545547
[00:01:55] Bootstrap tree #75, logLikelihood: -8107.088047
[00:01:56] Bootstrap tree #76, logLikelihood: -8040.851933
[00:01:57] Bootstrap tree #77, logLikelihood: -8157.264973
[00:01:58] Bootstrap tree #78, logLikelihood: -7741.651592
[00:02:00] Bootstrap tree #79, logLikelihood: -8180.185485
[00:02:01] Bootstrap tree #80, logLikelihood: -7838.095555
[00:02:02] Bootstrap tree #81, logLikelihood: -7495.985959
[00:02:03] Bootstrap tree #82, logLikelihood: -7759.085713
[00:02:04] Bootstrap tree #83, logLikelihood: -7765.578505
[00:02:05] Bootstrap tree #84, logLikelihood: -7715.954789
[00:02:06] Bootstrap tree #85, logLikelihood: -7606.130978
[00:02:08] Bootstrap tree #86, logLikelihood: -8033.016213
[00:02:09] Bootstrap tree #87, logLikelihood: -8063.721567
[00:02:10] Bootstrap tree #88, logLikelihood: -7189.562136
[00:02:11] Bootstrap tree #89, logLikelihood: -7716.474913
[00:02:12] Bootstrap tree #90, logLikelihood: -7340.341295
[00:02:13] Bootstrap tree #91, logLikelihood: -7772.463703
[00:02:14] Bootstrap tree #92, logLikelihood: -7669.078136
[00:02:15] Bootstrap tree #93, logLikelihood: -7693.883586
[00:02:16] Bootstrap tree #94, logLikelihood: -7838.324088
[00:02:17] Bootstrap tree #95, logLikelihood: -8038.019623
[00:02:18] Bootstrap tree #96, logLikelihood: -7700.773378
[00:02:20] Bootstrap tree #97, logLikelihood: -7767.024472
[00:02:21] Bootstrap tree #98, logLikelihood: -7823.107798
[00:02:22] Bootstrap tree #99, logLikelihood: -7977.736532
[00:02:23] Bootstrap tree #100, logLikelihood: -8101.952645
[00:02:24] Bootstrap tree #101, logLikelihood: -7553.493474
[00:02:26] Bootstrap tree #102, logLikelihood: -7944.640942
[00:02:28] Bootstrap tree #103, logLikelihood: -7841.079007
[00:02:29] Bootstrap tree #104, logLikelihood: -7719.071986
[00:02:31] Bootstrap tree #105, logLikelihood: -7634.652349
[00:02:31] Bootstrap tree #106, logLikelihood: -7660.617796
[00:02:32] Bootstrap tree #107, logLikelihood: -7729.894869
[00:02:33] Bootstrap tree #108, logLikelihood: -8069.478339
[00:02:34] Bootstrap tree #109, logLikelihood: -7611.140806
[00:02:35] Bootstrap tree #110, logLikelihood: -8136.334103
[00:02:36] Bootstrap tree #111, logLikelihood: -7867.901257
[00:02:37] Bootstrap tree #112, logLikelihood: -7810.239069
[00:02:39] Bootstrap tree #113, logLikelihood: -7961.656136
[00:02:40] Bootstrap tree #114, logLikelihood: -7691.615905
[00:02:41] Bootstrap tree #115, logLikelihood: -7830.448838
[00:02:42] Bootstrap tree #116, logLikelihood: -7749.390019
[00:02:43] Bootstrap tree #117, logLikelihood: -7906.250147
[00:02:45] Bootstrap tree #118, logLikelihood: -7679.799107
[00:02:46] Bootstrap tree #119, logLikelihood: -7840.796205
[00:02:48] Bootstrap tree #120, logLikelihood: -8020.720183
[00:02:49] Bootstrap tree #121, logLikelihood: -8001.259345
[00:02:50] Bootstrap tree #122, logLikelihood: -7956.808449
[00:02:51] Bootstrap tree #123, logLikelihood: -7652.965735
[00:02:53] Bootstrap tree #124, logLikelihood: -7903.144694
[00:02:54] Bootstrap tree #125, logLikelihood: -7636.451217
[00:02:55] Bootstrap tree #126, logLikelihood: -7551.225382
[00:02:56] Bootstrap tree #127, logLikelihood: -7908.280367
[00:02:57] Bootstrap tree #128, logLikelihood: -7702.017940
[00:02:59] Bootstrap tree #129, logLikelihood: -8049.076155
[00:03:00] Bootstrap tree #130, logLikelihood: -7877.297332
[00:03:01] Bootstrap tree #131, logLikelihood: -7848.330186
[00:03:03] Bootstrap tree #132, logLikelihood: -8278.378304
[00:03:04] Bootstrap tree #133, logLikelihood: -8028.389368
[00:03:06] Bootstrap tree #134, logLikelihood: -7773.980987
[00:03:07] Bootstrap tree #135, logLikelihood: -7458.986742
[00:03:08] Bootstrap tree #136, logLikelihood: -7851.221594
[00:03:10] Bootstrap tree #137, logLikelihood: -7803.011640
[00:03:10] Bootstrap tree #138, logLikelihood: -7864.579315
[00:03:12] Bootstrap tree #139, logLikelihood: -8242.031288
[00:03:13] Bootstrap tree #140, logLikelihood: -7522.908480
[00:03:15] Bootstrap tree #141, logLikelihood: -7601.245641
[00:03:16] Bootstrap tree #142, logLikelihood: -7484.601578
[00:03:17] Bootstrap tree #143, logLikelihood: -7784.709254
[00:03:18] Bootstrap tree #144, logLikelihood: -7901.092379
[00:03:19] Bootstrap tree #145, logLikelihood: -7885.977920
[00:03:20] Bootstrap tree #146, logLikelihood: -7966.101295
[00:03:21] Bootstrap tree #147, logLikelihood: -8004.664434
[00:03:23] Bootstrap tree #148, logLikelihood: -7423.460785
[00:03:24] Bootstrap tree #149, logLikelihood: -7803.629440
[00:03:25] Bootstrap tree #150, logLikelihood: -7444.542718
[00:03:26] Bootstrap tree #151, logLikelihood: -8065.870172
[00:03:27] Bootstrap tree #152, logLikelihood: -7868.601841
[00:03:28] Bootstrap tree #153, logLikelihood: -8191.942069
[00:03:29] Bootstrap tree #154, logLikelihood: -7892.383772
[00:03:30] Bootstrap tree #155, logLikelihood: -7541.811602
[00:03:31] Bootstrap tree #156, logLikelihood: -7726.350817
[00:03:34] Bootstrap tree #157, logLikelihood: -8401.627844
[00:03:35] Bootstrap tree #158, logLikelihood: -7555.339765
[00:03:36] Bootstrap tree #159, logLikelihood: -7629.864710
[00:03:38] Bootstrap tree #160, logLikelihood: -7675.670625
[00:03:39] Bootstrap tree #161, logLikelihood: -7926.767560
[00:03:40] Bootstrap tree #162, logLikelihood: -7859.780379
[00:03:41] Bootstrap tree #163, logLikelihood: -7919.250127
[00:03:42] Bootstrap tree #164, logLikelihood: -7608.648804
[00:03:44] Bootstrap tree #165, logLikelihood: -7854.672849
[00:03:45] Bootstrap tree #166, logLikelihood: -8135.017443
[00:03:46] Bootstrap tree #167, logLikelihood: -7900.795609
[00:03:47] Bootstrap tree #168, logLikelihood: -7526.613378
[00:03:49] Bootstrap tree #169, logLikelihood: -8323.232682
[00:03:50] Bootstrap tree #170, logLikelihood: -7852.796431
[00:03:51] Bootstrap tree #171, logLikelihood: -7935.630734
[00:03:52] Bootstrap tree #172, logLikelihood: -7855.174466
[00:03:53] Bootstrap tree #173, logLikelihood: -7980.226059
[00:03:54] Bootstrap tree #174, logLikelihood: -7992.063565
[00:03:55] Bootstrap tree #175, logLikelihood: -7951.941769
[00:03:56] Bootstrap tree #176, logLikelihood: -8073.284939
[00:03:57] Bootstrap tree #177, logLikelihood: -8338.218939
[00:03:58] Bootstrap tree #178, logLikelihood: -7919.024572
[00:03:59] Bootstrap tree #179, logLikelihood: -8137.152593
[00:04:00] Bootstrap tree #180, logLikelihood: -7200.443741
[00:04:01] Bootstrap tree #181, logLikelihood: -7991.769993
[00:04:02] Bootstrap tree #182, logLikelihood: -7898.975853
[00:04:03] Bootstrap tree #183, logLikelihood: -7238.832422
[00:04:04] Bootstrap tree #184, logLikelihood: -7669.532699
[00:04:05] Bootstrap tree #185, logLikelihood: -7754.283163
[00:04:06] Bootstrap tree #186, logLikelihood: -7700.151196
[00:04:07] Bootstrap tree #187, logLikelihood: -8118.874667
[00:04:08] Bootstrap tree #188, logLikelihood: -7815.892394
[00:04:09] Bootstrap tree #189, logLikelihood: -7987.344272
[00:04:11] Bootstrap tree #190, logLikelihood: -7810.148455
[00:04:13] Bootstrap tree #191, logLikelihood: -8306.179830
[00:04:14] Bootstrap tree #192, logLikelihood: -8103.659565
[00:04:15] Bootstrap tree #193, logLikelihood: -8023.690822
[00:04:16] Bootstrap tree #194, logLikelihood: -7766.722225
[00:04:18] Bootstrap tree #195, logLikelihood: -7960.733889
[00:04:19] Bootstrap tree #196, logLikelihood: -8273.632009
[00:04:20] Bootstrap tree #197, logLikelihood: -8023.580960
[00:04:21] Bootstrap tree #198, logLikelihood: -7750.177622
[00:04:22] Bootstrap tree #199, logLikelihood: -8432.452894
[00:04:23] Bootstrap tree #200, logLikelihood: -7613.167238
[00:04:24] Bootstrap tree #201, logLikelihood: -8153.046839
[00:04:26] Bootstrap tree #202, logLikelihood: -7457.875821
[00:04:27] Bootstrap tree #203, logLikelihood: -7818.043038
[00:04:28] Bootstrap tree #204, logLikelihood: -7774.620191
[00:04:29] Bootstrap tree #205, logLikelihood: -7739.166319
[00:04:30] Bootstrap tree #206, logLikelihood: -8067.552500
[00:04:31] Bootstrap tree #207, logLikelihood: -7752.975204
[00:04:32] Bootstrap tree #208, logLikelihood: -8070.553554
[00:04:34] Bootstrap tree #209, logLikelihood: -7697.010663
[00:04:35] Bootstrap tree #210, logLikelihood: -7742.277802
[00:04:36] Bootstrap tree #211, logLikelihood: -7960.724382
[00:04:38] Bootstrap tree #212, logLikelihood: -8075.058818
[00:04:39] Bootstrap tree #213, logLikelihood: -7814.895803
[00:04:41] Bootstrap tree #214, logLikelihood: -7694.538888
[00:04:42] Bootstrap tree #215, logLikelihood: -7840.193383
[00:04:44] Bootstrap tree #216, logLikelihood: -7646.165757
[00:04:45] Bootstrap tree #217, logLikelihood: -6936.847411
[00:04:46] Bootstrap tree #218, logLikelihood: -8071.794427
[00:04:47] Bootstrap tree #219, logLikelihood: -7292.333396
[00:04:48] Bootstrap tree #220, logLikelihood: -7894.332900
[00:04:49] Bootstrap tree #221, logLikelihood: -7835.930300
[00:04:51] Bootstrap tree #222, logLikelihood: -7765.761535
[00:04:52] Bootstrap tree #223, logLikelihood: -7890.764315
[00:04:53] Bootstrap tree #224, logLikelihood: -7722.282994
[00:04:55] Bootstrap tree #225, logLikelihood: -7500.379281
[00:04:57] Bootstrap tree #226, logLikelihood: -7760.933018
[00:04:58] Bootstrap tree #227, logLikelihood: -7628.710972
[00:04:59] Bootstrap tree #228, logLikelihood: -7984.362196
[00:05:00] Bootstrap tree #229, logLikelihood: -7442.787586
[00:05:01] Bootstrap tree #230, logLikelihood: -7732.264745
[00:05:02] Bootstrap tree #231, logLikelihood: -7734.411392
[00:05:03] Bootstrap tree #232, logLikelihood: -8234.232626
[00:05:04] Bootstrap tree #233, logLikelihood: -7639.109199
[00:05:05] Bootstrap tree #234, logLikelihood: -7940.632758
[00:05:07] Bootstrap tree #235, logLikelihood: -8075.575260
[00:05:08] Bootstrap tree #236, logLikelihood: -7771.928704
[00:05:09] Bootstrap tree #237, logLikelihood: -7894.050495
[00:05:10] Bootstrap tree #238, logLikelihood: -7889.175819
[00:05:11] Bootstrap tree #239, logLikelihood: -7780.039827
[00:05:12] Bootstrap tree #240, logLikelihood: -8051.693768
[00:05:13] Bootstrap tree #241, logLikelihood: -8110.268550
[00:05:14] Bootstrap tree #242, logLikelihood: -8074.573005
[00:05:16] Bootstrap tree #243, logLikelihood: -7875.823503
[00:05:17] Bootstrap tree #244, logLikelihood: -7982.338536
[00:05:18] Bootstrap tree #245, logLikelihood: -7586.115299
[00:05:19] Bootstrap tree #246, logLikelihood: -7847.100243
[00:05:21] Bootstrap tree #247, logLikelihood: -7805.448601
[00:05:22] Bootstrap tree #248, logLikelihood: -7547.627843
[00:05:23] Bootstrap tree #249, logLikelihood: -8151.308504
[00:05:24] Bootstrap tree #250, logLikelihood: -7638.761746
[00:05:25] Bootstrap tree #251, logLikelihood: -7589.715736
[00:05:27] Bootstrap tree #252, logLikelihood: -8254.967224
[00:05:29] Bootstrap tree #253, logLikelihood: -7995.948989
[00:05:30] Bootstrap tree #254, logLikelihood: -7919.673887
[00:05:31] Bootstrap tree #255, logLikelihood: -7634.863667
[00:05:32] Bootstrap tree #256, logLikelihood: -7598.887269
[00:05:34] Bootstrap tree #257, logLikelihood: -8104.411753
[00:05:35] Bootstrap tree #258, logLikelihood: -7462.209741
[00:05:36] Bootstrap tree #259, logLikelihood: -7730.935490
[00:05:37] Bootstrap tree #260, logLikelihood: -7675.566359
[00:05:38] Bootstrap tree #261, logLikelihood: -7469.160337
[00:05:39] Bootstrap tree #262, logLikelihood: -7583.924772
[00:05:40] Bootstrap tree #263, logLikelihood: -7221.650806
[00:05:42] Bootstrap tree #264, logLikelihood: -8329.994457
[00:05:43] Bootstrap tree #265, logLikelihood: -8220.628410
[00:05:44] Bootstrap tree #266, logLikelihood: -8042.906891
[00:05:45] Bootstrap tree #267, logLikelihood: -7652.298093
[00:05:46] Bootstrap tree #268, logLikelihood: -7984.173319
[00:05:47] Bootstrap tree #269, logLikelihood: -7835.961798
[00:05:48] Bootstrap tree #270, logLikelihood: -7581.243018
[00:05:49] Bootstrap tree #271, logLikelihood: -7686.184843
[00:05:50] Bootstrap tree #272, logLikelihood: -7747.836020
[00:05:52] Bootstrap tree #273, logLikelihood: -7860.174915
[00:05:52] Bootstrap tree #274, logLikelihood: -8194.399120
[00:05:54] Bootstrap tree #275, logLikelihood: -7457.287289
[00:05:55] Bootstrap tree #276, logLikelihood: -7767.715661
[00:05:56] Bootstrap tree #277, logLikelihood: -7884.899187
[00:05:57] Bootstrap tree #278, logLikelihood: -7649.516968
[00:05:58] Bootstrap tree #279, logLikelihood: -7868.310333
[00:06:00] Bootstrap tree #280, logLikelihood: -7773.826994
[00:06:01] Bootstrap tree #281, logLikelihood: -7629.673512
[00:06:02] Bootstrap tree #282, logLikelihood: -8174.147702
[00:06:04] Bootstrap tree #283, logLikelihood: -7977.077245
[00:06:05] Bootstrap tree #284, logLikelihood: -7933.105859
[00:06:07] Bootstrap tree #285, logLikelihood: -8020.642784
[00:06:08] Bootstrap tree #286, logLikelihood: -7900.917241
[00:06:09] Bootstrap tree #287, logLikelihood: -8316.079060
[00:06:10] Bootstrap tree #288, logLikelihood: -7424.038167
[00:06:11] Bootstrap tree #289, logLikelihood: -7854.938063
[00:06:12] Bootstrap tree #290, logLikelihood: -7496.664413
[00:06:13] Bootstrap tree #291, logLikelihood: -8016.838896
[00:06:14] Bootstrap tree #292, logLikelihood: -7748.554620
[00:06:15] Bootstrap tree #293, logLikelihood: -8000.474218
[00:06:16] Bootstrap tree #294, logLikelihood: -7446.914742
[00:06:17] Bootstrap tree #295, logLikelihood: -7607.835727
[00:06:18] Bootstrap tree #296, logLikelihood: -8038.353626
[00:06:19] Bootstrap tree #297, logLikelihood: -7436.305143
[00:06:20] Bootstrap tree #298, logLikelihood: -8109.672615
[00:06:21] Bootstrap tree #299, logLikelihood: -7982.821292
[00:06:22] Bootstrap tree #300, logLikelihood: -7602.218868
[00:06:24] Bootstrap tree #301, logLikelihood: -7468.023306
[00:06:25] Bootstrap tree #302, logLikelihood: -7907.786806
[00:06:26] Bootstrap tree #303, logLikelihood: -7830.174280
[00:06:28] Bootstrap tree #304, logLikelihood: -7277.293032
[00:06:30] Bootstrap tree #305, logLikelihood: -7824.474764
[00:06:31] Bootstrap tree #306, logLikelihood: -7726.223554
[00:06:32] Bootstrap tree #307, logLikelihood: -7980.443257
[00:06:33] Bootstrap tree #308, logLikelihood: -7874.277218
[00:06:34] Bootstrap tree #309, logLikelihood: -7886.212596
[00:06:36] Bootstrap tree #310, logLikelihood: -7895.044089
[00:06:37] Bootstrap tree #311, logLikelihood: -7760.747568
[00:06:38] Bootstrap tree #312, logLikelihood: -7917.244668
[00:06:39] Bootstrap tree #313, logLikelihood: -8003.363085
[00:06:40] Bootstrap tree #314, logLikelihood: -7791.458226
[00:06:41] Bootstrap tree #315, logLikelihood: -7587.648414
[00:06:42] Bootstrap tree #316, logLikelihood: -7650.828006
[00:06:44] Bootstrap tree #317, logLikelihood: -7984.177484
[00:06:45] Bootstrap tree #318, logLikelihood: -7587.935923
[00:06:46] Bootstrap tree #319, logLikelihood: -7581.216691
[00:06:47] Bootstrap tree #320, logLikelihood: -7495.977163
[00:06:49] Bootstrap tree #321, logLikelihood: -7830.570836
[00:06:51] Bootstrap tree #322, logLikelihood: -8317.458704
[00:06:52] Bootstrap tree #323, logLikelihood: -7768.197711
[00:06:53] Bootstrap tree #324, logLikelihood: -8124.027200
[00:06:54] Bootstrap tree #325, logLikelihood: -7630.962725
[00:06:55] Bootstrap tree #326, logLikelihood: -7592.597931
[00:06:57] Bootstrap tree #327, logLikelihood: -8047.950503
[00:06:58] Bootstrap tree #328, logLikelihood: -8204.596242
[00:06:59] Bootstrap tree #329, logLikelihood: -7908.313907
[00:07:00] Bootstrap tree #330, logLikelihood: -7970.713613
[00:07:02] Bootstrap tree #331, logLikelihood: -7430.106036
[00:07:03] Bootstrap tree #332, logLikelihood: -7768.687839
[00:07:04] Bootstrap tree #333, logLikelihood: -8006.707945
[00:07:05] Bootstrap tree #334, logLikelihood: -7505.400603
[00:07:07] Bootstrap tree #335, logLikelihood: -7968.822642
[00:07:08] Bootstrap tree #336, logLikelihood: -7464.103162
[00:07:09] Bootstrap tree #337, logLikelihood: -8140.064385
[00:07:10] Bootstrap tree #338, logLikelihood: -7839.130605
[00:07:11] Bootstrap tree #339, logLikelihood: -7560.840803
[00:07:13] Bootstrap tree #340, logLikelihood: -7927.283315
[00:07:14] Bootstrap tree #341, logLikelihood: -7767.287694
[00:07:15] Bootstrap tree #342, logLikelihood: -8283.380407
[00:07:16] Bootstrap tree #343, logLikelihood: -7798.859430
[00:07:17] Bootstrap tree #344, logLikelihood: -7884.889294
[00:07:19] Bootstrap tree #345, logLikelihood: -7684.296857
[00:07:20] Bootstrap tree #346, logLikelihood: -7999.153953
[00:07:21] Bootstrap tree #347, logLikelihood: -7535.154069
[00:07:22] Bootstrap tree #348, logLikelihood: -7763.590419
[00:07:23] Bootstrap tree #349, logLikelihood: -7631.238469
[00:07:24] Bootstrap tree #350, logLikelihood: -8043.341868
[00:07:26] Bootstrap tree #351, logLikelihood: -7889.306892
[00:07:27] Bootstrap tree #352, logLikelihood: -7418.922556
[00:07:28] Bootstrap tree #353, logLikelihood: -8025.269625
[00:07:29] Bootstrap tree #354, logLikelihood: -8156.606142
[00:07:31] Bootstrap tree #355, logLikelihood: -7936.455469
[00:07:32] Bootstrap tree #356, logLikelihood: -7583.813378
[00:07:34] Bootstrap tree #357, logLikelihood: -7647.508501
[00:07:35] Bootstrap tree #358, logLikelihood: -7560.512468
[00:07:36] Bootstrap tree #359, logLikelihood: -8014.136248
[00:07:38] Bootstrap tree #360, logLikelihood: -7485.754098
[00:07:39] Bootstrap tree #361, logLikelihood: -7759.881386
[00:07:40] Bootstrap tree #362, logLikelihood: -7880.745900
[00:07:42] Bootstrap tree #363, logLikelihood: -8014.408116
[00:07:43] Bootstrap tree #364, logLikelihood: -8368.393195
[00:07:45] Bootstrap tree #365, logLikelihood: -8115.456655
[00:07:46] Bootstrap tree #366, logLikelihood: -8083.225165
[00:07:47] Bootstrap tree #367, logLikelihood: -7839.846958
[00:07:48] Bootstrap tree #368, logLikelihood: -7876.372419
[00:07:50] Bootstrap tree #369, logLikelihood: -7800.467299
[00:07:51] Bootstrap tree #370, logLikelihood: -7462.931205
[00:07:52] Bootstrap tree #371, logLikelihood: -7898.967358
[00:07:53] Bootstrap tree #372, logLikelihood: -7302.929008
[00:07:54] Bootstrap tree #373, logLikelihood: -7960.423093
[00:07:55] Bootstrap tree #374, logLikelihood: -7947.714150
[00:07:57] Bootstrap tree #375, logLikelihood: -8201.557035
[00:07:58] Bootstrap tree #376, logLikelihood: -7623.139484
[00:08:00] Bootstrap tree #377, logLikelihood: -8098.722371
[00:08:00] Bootstrap tree #378, logLikelihood: -7672.697916
[00:08:01] Bootstrap tree #379, logLikelihood: -7775.567091
[00:08:02] Bootstrap tree #380, logLikelihood: -7787.129608
[00:08:04] Bootstrap tree #381, logLikelihood: -8001.391982
[00:08:05] Bootstrap tree #382, logLikelihood: -7646.700879
[00:08:07] Bootstrap tree #383, logLikelihood: -7575.526776
[00:08:08] Bootstrap tree #384, logLikelihood: -8032.197270
[00:08:09] Bootstrap tree #385, logLikelihood: -7643.597766
[00:08:10] Bootstrap tree #386, logLikelihood: -7856.783710
[00:08:13] Bootstrap tree #387, logLikelihood: -8006.236113
[00:08:13] Bootstrap tree #388, logLikelihood: -7871.223155
[00:08:15] Bootstrap tree #389, logLikelihood: -8280.107924
[00:08:16] Bootstrap tree #390, logLikelihood: -8034.476362
[00:08:17] Bootstrap tree #391, logLikelihood: -7689.275392
[00:08:18] Bootstrap tree #392, logLikelihood: -7720.015752
[00:08:19] Bootstrap tree #393, logLikelihood: -7640.934066
[00:08:20] Bootstrap tree #394, logLikelihood: -7711.158540
[00:08:21] Bootstrap tree #395, logLikelihood: -7682.875435
[00:08:22] Bootstrap tree #396, logLikelihood: -7782.816425
[00:08:24] Bootstrap tree #397, logLikelihood: -7766.518212
[00:08:25] Bootstrap tree #398, logLikelihood: -7636.082967
[00:08:26] Bootstrap tree #399, logLikelihood: -8066.446903
[00:08:28] Bootstrap tree #400, logLikelihood: -7495.613107
[00:08:29] Bootstrap tree #401, logLikelihood: -7756.037706
[00:08:30] Bootstrap tree #402, logLikelihood: -7406.865669
[00:08:31] Bootstrap tree #403, logLikelihood: -7726.674422
[00:08:32] Bootstrap tree #404, logLikelihood: -7428.073265
[00:08:33] Bootstrap tree #405, logLikelihood: -7641.806363
[00:08:35] Bootstrap tree #406, logLikelihood: -7209.519231
[00:08:36] Bootstrap tree #407, logLikelihood: -7809.985171
[00:08:38] Bootstrap tree #408, logLikelihood: -7651.725120
[00:08:39] Bootstrap tree #409, logLikelihood: -7829.290338
[00:08:40] Bootstrap tree #410, logLikelihood: -7668.994965
[00:08:41] Bootstrap tree #411, logLikelihood: -8246.371514
[00:08:43] Bootstrap tree #412, logLikelihood: -8060.402628
[00:08:43] Bootstrap tree #413, logLikelihood: -7648.186228
[00:08:45] Bootstrap tree #414, logLikelihood: -7594.927309
[00:08:46] Bootstrap tree #415, logLikelihood: -7612.389697
[00:08:47] Bootstrap tree #416, logLikelihood: -7792.867389
[00:08:48] Bootstrap tree #417, logLikelihood: -7642.850550
[00:08:49] Bootstrap tree #418, logLikelihood: -8070.470352
[00:08:50] Bootstrap tree #419, logLikelihood: -7885.415788
[00:08:52] Bootstrap tree #420, logLikelihood: -7781.954317
[00:08:53] Bootstrap tree #421, logLikelihood: -7794.901111
[00:08:54] Bootstrap tree #422, logLikelihood: -8315.644653
[00:08:55] Bootstrap tree #423, logLikelihood: -7921.563590
[00:08:57] Bootstrap tree #424, logLikelihood: -7400.343091
[00:08:58] Bootstrap tree #425, logLikelihood: -7952.637532
[00:08:59] Bootstrap tree #426, logLikelihood: -8038.529147
[00:09:00] Bootstrap tree #427, logLikelihood: -7745.028635
[00:09:01] Bootstrap tree #428, logLikelihood: -7705.419303
[00:09:02] Bootstrap tree #429, logLikelihood: -7771.900124
[00:09:03] Bootstrap tree #430, logLikelihood: -8181.986924
[00:09:05] Bootstrap tree #431, logLikelihood: -7849.188584
[00:09:06] Bootstrap tree #432, logLikelihood: -8264.776385
[00:09:07] Bootstrap tree #433, logLikelihood: -8177.502712
[00:09:08] Bootstrap tree #434, logLikelihood: -7591.220127
[00:09:09] Bootstrap tree #435, logLikelihood: -7948.528110
[00:09:11] Bootstrap tree #436, logLikelihood: -7990.997132
[00:09:14] Bootstrap tree #437, logLikelihood: -7840.653338
[00:09:15] Bootstrap tree #438, logLikelihood: -7314.947395
[00:09:16] Bootstrap tree #439, logLikelihood: -7855.222511
[00:09:17] Bootstrap tree #440, logLikelihood: -7563.562325
[00:09:18] Bootstrap tree #441, logLikelihood: -7842.408636
[00:09:19] Bootstrap tree #442, logLikelihood: -8235.539341
[00:09:20] Bootstrap tree #443, logLikelihood: -7939.769252
[00:09:21] Bootstrap tree #444, logLikelihood: -7881.750944
[00:09:22] Bootstrap tree #445, logLikelihood: -7968.680101
[00:09:23] Bootstrap tree #446, logLikelihood: -7860.404715
[00:09:24] Bootstrap tree #447, logLikelihood: -7755.798729
[00:09:26] Bootstrap tree #448, logLikelihood: -8045.981992
[00:09:27] Bootstrap tree #449, logLikelihood: -7764.677812
[00:09:28] Bootstrap tree #450, logLikelihood: -7327.386863
[00:09:29] Bootstrap tree #451, logLikelihood: -7353.641603
[00:09:31] Bootstrap tree #452, logLikelihood: -8262.478648
[00:09:32] Bootstrap tree #453, logLikelihood: -7717.407747
[00:09:33] Bootstrap tree #454, logLikelihood: -8190.818014
[00:09:34] Bootstrap tree #455, logLikelihood: -7764.261826
[00:09:36] Bootstrap tree #456, logLikelihood: -8077.666496
[00:09:37] Bootstrap tree #457, logLikelihood: -7925.598411
[00:09:38] Bootstrap tree #458, logLikelihood: -8033.183752
[00:09:40] Bootstrap tree #459, logLikelihood: -7929.149016
[00:09:41] Bootstrap tree #460, logLikelihood: -7486.233640
[00:09:43] Bootstrap tree #461, logLikelihood: -7518.144325
[00:09:44] Bootstrap tree #462, logLikelihood: -7731.267692
[00:09:45] Bootstrap tree #463, logLikelihood: -8081.543677
[00:09:47] Bootstrap tree #464, logLikelihood: -7682.096706
[00:09:47] Bootstrap tree #465, logLikelihood: -7995.048205
[00:09:48] Bootstrap tree #466, logLikelihood: -7727.106417
[00:09:50] Bootstrap tree #467, logLikelihood: -7543.085738
[00:09:51] Bootstrap tree #468, logLikelihood: -7999.238423
[00:09:52] Bootstrap tree #469, logLikelihood: -7614.879931
[00:09:53] Bootstrap tree #470, logLikelihood: -8105.643247
[00:09:55] Bootstrap tree #471, logLikelihood: -7820.715159
[00:09:56] Bootstrap tree #472, logLikelihood: -7911.064747
[00:09:57] Bootstrap tree #473, logLikelihood: -8000.245427
[00:09:58] Bootstrap tree #474, logLikelihood: -8166.311315
[00:09:59] Bootstrap tree #475, logLikelihood: -7705.801233
[00:10:01] Bootstrap tree #476, logLikelihood: -7555.194745
[00:10:01] Bootstrap tree #477, logLikelihood: -7461.853658
[00:10:02] Bootstrap tree #478, logLikelihood: -7715.241303
[00:10:03] Bootstrap tree #479, logLikelihood: -8044.150328
[00:10:05] Bootstrap tree #480, logLikelihood: -8213.738586
[00:10:06] Bootstrap tree #481, logLikelihood: -8057.777204
[00:10:07] Bootstrap tree #482, logLikelihood: -8156.317191
[00:10:08] Bootstrap tree #483, logLikelihood: -8030.001206
[00:10:09] Bootstrap tree #484, logLikelihood: -7919.260391
[00:10:11] Bootstrap tree #485, logLikelihood: -8338.348020
[00:10:12] Bootstrap tree #486, logLikelihood: -7898.459041
[00:10:13] Bootstrap tree #487, logLikelihood: -7454.270414
[00:10:14] Bootstrap tree #488, logLikelihood: -8032.852276
[00:10:15] Bootstrap tree #489, logLikelihood: -7721.668996
[00:10:16] Bootstrap tree #490, logLikelihood: -7165.391179
[00:10:18] Bootstrap tree #491, logLikelihood: -7892.377932
[00:10:19] Bootstrap tree #492, logLikelihood: -8449.024278
[00:10:20] Bootstrap tree #493, logLikelihood: -8165.311528
[00:10:21] Bootstrap tree #494, logLikelihood: -7820.869672
[00:10:22] Bootstrap tree #495, logLikelihood: -7329.860158
[00:10:23] Bootstrap tree #496, logLikelihood: -7305.146514
[00:10:24] Bootstrap tree #497, logLikelihood: -7968.654629
[00:10:25] Bootstrap tree #498, logLikelihood: -7765.439177
[00:10:26] Bootstrap tree #499, logLikelihood: -7996.138897
[00:10:27] Bootstrap tree #500, logLikelihood: -7684.684296
[00:10:28] Bootstrap tree #501, logLikelihood: -7797.814571
[00:10:29] Bootstrap tree #502, logLikelihood: -7995.966369
[00:10:31] Bootstrap tree #503, logLikelihood: -7736.058492
[00:10:32] Bootstrap tree #504, logLikelihood: -8127.775171
[00:10:33] Bootstrap tree #505, logLikelihood: -7900.222593
[00:10:34] Bootstrap tree #506, logLikelihood: -7453.551623
[00:10:35] Bootstrap tree #507, logLikelihood: -7994.972707
[00:10:36] Bootstrap tree #508, logLikelihood: -7363.304797
[00:10:37] Bootstrap tree #509, logLikelihood: -7971.193313
[00:10:38] Bootstrap tree #510, logLikelihood: -7714.673178
[00:10:39] Bootstrap tree #511, logLikelihood: -7868.538687
[00:10:41] Bootstrap tree #512, logLikelihood: -7831.618180
[00:10:42] Bootstrap tree #513, logLikelihood: -8059.545314
[00:10:44] Bootstrap tree #514, logLikelihood: -7581.499204
[00:10:46] Bootstrap tree #515, logLikelihood: -7621.400206
[00:10:47] Bootstrap tree #516, logLikelihood: -7666.916868
[00:10:48] Bootstrap tree #517, logLikelihood: -7936.853424
[00:10:49] Bootstrap tree #518, logLikelihood: -7462.436421
[00:10:50] Bootstrap tree #519, logLikelihood: -7597.647268
[00:10:51] Bootstrap tree #520, logLikelihood: -8164.562720
[00:10:52] Bootstrap tree #521, logLikelihood: -7866.905790
[00:10:53] Bootstrap tree #522, logLikelihood: -7814.427122
[00:10:54] Bootstrap tree #523, logLikelihood: -7805.930001
[00:10:56] Bootstrap tree #524, logLikelihood: -7416.347101
[00:10:57] Bootstrap tree #525, logLikelihood: -8102.823459
[00:10:58] Bootstrap tree #526, logLikelihood: -7930.329035
[00:11:00] Bootstrap tree #527, logLikelihood: -7708.496275
[00:11:01] Bootstrap tree #528, logLikelihood: -7900.595848
[00:11:02] Bootstrap tree #529, logLikelihood: -7517.242813
[00:11:03] Bootstrap tree #530, logLikelihood: -8039.278931
[00:11:04] Bootstrap tree #531, logLikelihood: -8074.861793
[00:11:05] Bootstrap tree #532, logLikelihood: -7884.691776
[00:11:07] Bootstrap tree #533, logLikelihood: -8216.691213
[00:11:08] Bootstrap tree #534, logLikelihood: -8072.581431
[00:11:10] Bootstrap tree #535, logLikelihood: -8182.146229
[00:11:11] Bootstrap tree #536, logLikelihood: -7481.746231
[00:11:12] Bootstrap tree #537, logLikelihood: -7356.996791
[00:11:13] Bootstrap tree #538, logLikelihood: -7917.188340
[00:11:14] Bootstrap tree #539, logLikelihood: -8108.079943
[00:11:16] Bootstrap tree #540, logLikelihood: -7668.173665
[00:11:17] Bootstrap tree #541, logLikelihood: -7290.611036
[00:11:18] Bootstrap tree #542, logLikelihood: -7640.630076
[00:11:19] Bootstrap tree #543, logLikelihood: -7801.240896
[00:11:21] Bootstrap tree #544, logLikelihood: -7930.694604
[00:11:22] Bootstrap tree #545, logLikelihood: -7441.121498
[00:11:23] Bootstrap tree #546, logLikelihood: -7493.418246
[00:11:25] Bootstrap tree #547, logLikelihood: -7496.264449
[00:11:26] Bootstrap tree #548, logLikelihood: -8355.836553
[00:11:27] Bootstrap tree #549, logLikelihood: -7908.710273
[00:11:28] Bootstrap tree #550, logLikelihood: -8042.638656
[00:11:29] Bootstrap tree #551, logLikelihood: -7523.924693
[00:11:31] Bootstrap tree #552, logLikelihood: -7687.446025
[00:11:32] Bootstrap tree #553, logLikelihood: -7501.481824
[00:11:34] Bootstrap tree #554, logLikelihood: -8187.005518
[00:11:35] Bootstrap tree #555, logLikelihood: -7850.276433
[00:11:36] Bootstrap tree #556, logLikelihood: -7945.887095
[00:11:37] Bootstrap tree #557, logLikelihood: -8222.808488
[00:11:39] Bootstrap tree #558, logLikelihood: -7898.471347
[00:11:40] Bootstrap tree #559, logLikelihood: -8127.729624
[00:11:41] Bootstrap tree #560, logLikelihood: -7698.459439
[00:11:43] Bootstrap tree #561, logLikelihood: -7608.477146
[00:11:44] Bootstrap tree #562, logLikelihood: -7700.447823
[00:11:45] Bootstrap tree #563, logLikelihood: -8068.775263
[00:11:47] Bootstrap tree #564, logLikelihood: -7793.136743
[00:11:48] Bootstrap tree #565, logLikelihood: -7646.578762
[00:11:49] Bootstrap tree #566, logLikelihood: -7692.053437
[00:11:50] Bootstrap tree #567, logLikelihood: -7655.626197
[00:11:51] Bootstrap tree #568, logLikelihood: -7726.997342
[00:11:53] Bootstrap tree #569, logLikelihood: -8066.866006
[00:11:54] Bootstrap tree #570, logLikelihood: -8088.793175
[00:11:55] Bootstrap tree #571, logLikelihood: -7624.976615
[00:11:56] Bootstrap tree #572, logLikelihood: -7892.344444
[00:11:57] Bootstrap tree #573, logLikelihood: -7271.124564
[00:11:58] Bootstrap tree #574, logLikelihood: -7469.136723
[00:11:59] Bootstrap tree #575, logLikelihood: -7904.906506
[00:12:00] Bootstrap tree #576, logLikelihood: -7815.013554
[00:12:01] Bootstrap tree #577, logLikelihood: -7726.428754
[00:12:02] Bootstrap tree #578, logLikelihood: -8097.464681
[00:12:03] Bootstrap tree #579, logLikelihood: -7843.374778
[00:12:04] Bootstrap tree #580, logLikelihood: -7651.222869
[00:12:05] Bootstrap tree #581, logLikelihood: -7892.647503
[00:12:07] Bootstrap tree #582, logLikelihood: -7759.317452
[00:12:08] Bootstrap tree #583, logLikelihood: -7689.763175
[00:12:09] Bootstrap tree #584, logLikelihood: -7775.115801
[00:12:10] Bootstrap tree #585, logLikelihood: -7944.791434
[00:12:12] Bootstrap tree #586, logLikelihood: -8158.820132
[00:12:13] Bootstrap tree #587, logLikelihood: -7838.956649
[00:12:14] Bootstrap tree #588, logLikelihood: -7573.097758
[00:12:15] Bootstrap tree #589, logLikelihood: -7806.560465
[00:12:17] Bootstrap tree #590, logLikelihood: -7588.305585
[00:12:18] Bootstrap tree #591, logLikelihood: -8308.004818
[00:12:19] Bootstrap tree #592, logLikelihood: -7664.540740
[00:12:20] Bootstrap tree #593, logLikelihood: -7598.647287
[00:12:21] Bootstrap tree #594, logLikelihood: -7528.763787
[00:12:22] Bootstrap tree #595, logLikelihood: -8062.143577
[00:12:23] Bootstrap tree #596, logLikelihood: -7721.147068
[00:12:24] Bootstrap tree #597, logLikelihood: -7636.978938
[00:12:26] Bootstrap tree #598, logLikelihood: -7675.820631
[00:12:28] Bootstrap tree #599, logLikelihood: -7622.595350
[00:12:29] Bootstrap tree #600, logLikelihood: -7521.861781
[00:12:30] Bootstrap tree #601, logLikelihood: -7892.123168
[00:12:31] Bootstrap tree #602, logLikelihood: -7648.914349
[00:12:32] Bootstrap tree #603, logLikelihood: -8379.366041
[00:12:33] Bootstrap tree #604, logLikelihood: -7534.134562
[00:12:34] Bootstrap tree #605, logLikelihood: -7866.209337
[00:12:35] Bootstrap tree #606, logLikelihood: -7492.430280
[00:12:37] Bootstrap tree #607, logLikelihood: -8014.258927
[00:12:38] Bootstrap tree #608, logLikelihood: -7821.883288
[00:12:39] Bootstrap tree #609, logLikelihood: -7777.564879
[00:12:40] Bootstrap tree #610, logLikelihood: -7435.289939
[00:12:41] Bootstrap tree #611, logLikelihood: -7924.061170
[00:12:42] Bootstrap tree #612, logLikelihood: -8248.362578
[00:12:44] Bootstrap tree #613, logLikelihood: -7808.946967
[00:12:45] Bootstrap tree #614, logLikelihood: -7661.840500
[00:12:46] Bootstrap tree #615, logLikelihood: -7947.700686
[00:12:47] Bootstrap tree #616, logLikelihood: -7957.377841
[00:12:48] Bootstrap tree #617, logLikelihood: -7940.910371
[00:12:50] Bootstrap tree #618, logLikelihood: -7925.687937
[00:12:52] Bootstrap tree #619, logLikelihood: -7964.184427
[00:12:53] Bootstrap tree #620, logLikelihood: -8151.139338
[00:12:54] Bootstrap tree #621, logLikelihood: -7575.063190
[00:12:55] Bootstrap tree #622, logLikelihood: -8191.878442
[00:12:57] Bootstrap tree #623, logLikelihood: -7998.959328
[00:12:58] Bootstrap tree #624, logLikelihood: -8494.681267
[00:13:00] Bootstrap tree #625, logLikelihood: -7501.865945
[00:13:01] Bootstrap tree #626, logLikelihood: -7773.547612
[00:13:02] Bootstrap tree #627, logLikelihood: -8141.682912
[00:13:03] Bootstrap tree #628, logLikelihood: -7955.918929
[00:13:05] Bootstrap tree #629, logLikelihood: -7973.953970
[00:13:06] Bootstrap tree #630, logLikelihood: -7544.280108
[00:13:07] Bootstrap tree #631, logLikelihood: -7420.364302
[00:13:09] Bootstrap tree #632, logLikelihood: -8225.733868
[00:13:10] Bootstrap tree #633, logLikelihood: -8212.483965
[00:13:11] Bootstrap tree #634, logLikelihood: -8110.929109
[00:13:12] Bootstrap tree #635, logLikelihood: -8108.464408
[00:13:14] Bootstrap tree #636, logLikelihood: -7841.040511
[00:13:15] Bootstrap tree #637, logLikelihood: -8040.761822
[00:13:16] Bootstrap tree #638, logLikelihood: -7750.568760
[00:13:17] Bootstrap tree #639, logLikelihood: -7643.398202
[00:13:18] Bootstrap tree #640, logLikelihood: -7669.043528
[00:13:19] Bootstrap tree #641, logLikelihood: -8278.936857
[00:13:20] Bootstrap tree #642, logLikelihood: -7873.818416
[00:13:21] Bootstrap tree #643, logLikelihood: -7392.648284
[00:13:23] Bootstrap tree #644, logLikelihood: -7894.084479
[00:13:24] Bootstrap tree #645, logLikelihood: -7840.835729
[00:13:25] Bootstrap tree #646, logLikelihood: -7908.005638
[00:13:26] Bootstrap tree #647, logLikelihood: -8043.825380
[00:13:28] Bootstrap tree #648, logLikelihood: -7787.389721
[00:13:29] Bootstrap tree #649, logLikelihood: -7791.534808
[00:13:30] Bootstrap tree #650, logLikelihood: -7680.781217
[00:13:31] Bootstrap tree #651, logLikelihood: -7947.246530
[00:13:32] Bootstrap tree #652, logLikelihood: -7888.380195
[00:13:34] Bootstrap tree #653, logLikelihood: -7876.261694
[00:13:35] Bootstrap tree #654, logLikelihood: -7937.244045
[00:13:36] Bootstrap tree #655, logLikelihood: -7932.500154
[00:13:37] Bootstrap tree #656, logLikelihood: -7725.608196
[00:13:38] Bootstrap tree #657, logLikelihood: -8204.614844
[00:13:40] Bootstrap tree #658, logLikelihood: -7845.810733
[00:13:41] Bootstrap tree #659, logLikelihood: -8062.654552
[00:13:43] Bootstrap tree #660, logLikelihood: -7969.931223
[00:13:44] Bootstrap tree #661, logLikelihood: -7973.343373
[00:13:46] Bootstrap tree #662, logLikelihood: -7551.992581
[00:13:47] Bootstrap tree #663, logLikelihood: -8056.956727
[00:13:49] Bootstrap tree #664, logLikelihood: -7961.615047
[00:13:51] Bootstrap tree #665, logLikelihood: -7882.523937
[00:13:52] Bootstrap tree #666, logLikelihood: -8080.891517
[00:13:54] Bootstrap tree #667, logLikelihood: -7672.351248
[00:13:55] Bootstrap tree #668, logLikelihood: -7866.283420
[00:13:56] Bootstrap tree #669, logLikelihood: -8083.716243
[00:13:57] Bootstrap tree #670, logLikelihood: -7951.708973
[00:13:59] Bootstrap tree #671, logLikelihood: -7815.413768
[00:14:01] Bootstrap tree #672, logLikelihood: -7911.646849
[00:14:02] Bootstrap tree #673, logLikelihood: -7504.351088
[00:14:03] Bootstrap tree #674, logLikelihood: -7986.510268
[00:14:05] Bootstrap tree #675, logLikelihood: -8165.793428
[00:14:06] Bootstrap tree #676, logLikelihood: -7823.356047
[00:14:06] Bootstrap tree #677, logLikelihood: -7717.030874
[00:14:08] Bootstrap tree #678, logLikelihood: -8090.664235
[00:14:09] Bootstrap tree #679, logLikelihood: -7971.394489
[00:14:11] Bootstrap tree #680, logLikelihood: -7936.541918
[00:14:12] Bootstrap tree #681, logLikelihood: -7728.184989
[00:14:14] Bootstrap tree #682, logLikelihood: -7681.579003
[00:14:15] Bootstrap tree #683, logLikelihood: -7982.864072
[00:14:17] Bootstrap tree #684, logLikelihood: -7923.251092
[00:14:18] Bootstrap tree #685, logLikelihood: -7555.758186
[00:14:19] Bootstrap tree #686, logLikelihood: -7718.061072
[00:14:20] Bootstrap tree #687, logLikelihood: -8225.584560
[00:14:21] Bootstrap tree #688, logLikelihood: -8144.815764
[00:14:22] Bootstrap tree #689, logLikelihood: -7759.543201
[00:14:23] Bootstrap tree #690, logLikelihood: -8182.270559
[00:14:24] Bootstrap tree #691, logLikelihood: -7623.646718
[00:14:26] Bootstrap tree #692, logLikelihood: -7552.499767
[00:14:27] Bootstrap tree #693, logLikelihood: -7687.063548
[00:14:29] Bootstrap tree #694, logLikelihood: -7948.621452
[00:14:30] Bootstrap tree #695, logLikelihood: -7807.366054
[00:14:31] Bootstrap tree #696, logLikelihood: -7691.535537
[00:14:32] Bootstrap tree #697, logLikelihood: -8010.667444
[00:14:34] Bootstrap tree #698, logLikelihood: -7534.665236
[00:14:35] Bootstrap tree #699, logLikelihood: -7135.426999
[00:14:36] Bootstrap tree #700, logLikelihood: -7206.699318
[00:14:37] Bootstrap tree #701, logLikelihood: -7772.742127
[00:14:38] Bootstrap tree #702, logLikelihood: -7377.494125
[00:14:39] Bootstrap tree #703, logLikelihood: -7026.950035
[00:14:41] Bootstrap tree #704, logLikelihood: -7777.479038
[00:14:41] Bootstrap tree #705, logLikelihood: -7889.795629
[00:14:43] Bootstrap tree #706, logLikelihood: -8339.089133
[00:14:43] Bootstrap tree #707, logLikelihood: -8288.507489
[00:14:45] Bootstrap tree #708, logLikelihood: -7657.754071
[00:14:45] Bootstrap tree #709, logLikelihood: -7789.294062
[00:14:47] Bootstrap tree #710, logLikelihood: -7746.547370
[00:14:48] Bootstrap tree #711, logLikelihood: -8078.246656
[00:14:49] Bootstrap tree #712, logLikelihood: -7850.810721
[00:14:50] Bootstrap tree #713, logLikelihood: -7696.897032
[00:14:51] Bootstrap tree #714, logLikelihood: -8006.410888
[00:14:52] Bootstrap tree #715, logLikelihood: -7994.880802
[00:14:53] Bootstrap tree #716, logLikelihood: -7820.849446
[00:14:55] Bootstrap tree #717, logLikelihood: -7592.014046
[00:14:56] Bootstrap tree #718, logLikelihood: -7542.346049
[00:14:57] Bootstrap tree #719, logLikelihood: -7808.075002
[00:14:58] Bootstrap tree #720, logLikelihood: -7739.213173
[00:15:00] Bootstrap tree #721, logLikelihood: -8124.880029
[00:15:01] Bootstrap tree #722, logLikelihood: -7457.150854
[00:15:02] Bootstrap tree #723, logLikelihood: -7794.458463
[00:15:04] Bootstrap tree #724, logLikelihood: -7800.593316
[00:15:05] Bootstrap tree #725, logLikelihood: -8048.712495
[00:15:06] Bootstrap tree #726, logLikelihood: -7853.615426
[00:15:07] Bootstrap tree #727, logLikelihood: -7750.011434
[00:15:08] Bootstrap tree #728, logLikelihood: -8250.279574
[00:15:09] Bootstrap tree #729, logLikelihood: -7583.065339
[00:15:11] Bootstrap tree #730, logLikelihood: -7608.984651
[00:15:12] Bootstrap tree #731, logLikelihood: -7589.899288
[00:15:13] Bootstrap tree #732, logLikelihood: -7610.667694
[00:15:15] Bootstrap tree #733, logLikelihood: -7715.106410
[00:15:16] Bootstrap tree #734, logLikelihood: -8246.018076
[00:15:18] Bootstrap tree #735, logLikelihood: -7652.127935
[00:15:19] Bootstrap tree #736, logLikelihood: -7849.086101
[00:15:20] Bootstrap tree #737, logLikelihood: -7677.292799
[00:15:21] Bootstrap tree #738, logLikelihood: -7557.405604
[00:15:22] Bootstrap tree #739, logLikelihood: -7834.751702
[00:15:23] Bootstrap tree #740, logLikelihood: -8118.334118
[00:15:24] Bootstrap tree #741, logLikelihood: -7594.025672
[00:15:26] Bootstrap tree #742, logLikelihood: -7813.568039
[00:15:27] Bootstrap tree #743, logLikelihood: -7985.622339
[00:15:28] Bootstrap tree #744, logLikelihood: -7926.495206
[00:15:29] Bootstrap tree #745, logLikelihood: -7102.909946
[00:15:30] Bootstrap tree #746, logLikelihood: -7772.156153
[00:15:31] Bootstrap tree #747, logLikelihood: -7780.567092
[00:15:32] Bootstrap tree #748, logLikelihood: -8084.306993
[00:15:33] Bootstrap tree #749, logLikelihood: -7535.354050
[00:15:34] Bootstrap tree #750, logLikelihood: -7603.868843
[00:15:36] Bootstrap tree #751, logLikelihood: -7898.811258
[00:15:37] Bootstrap tree #752, logLikelihood: -8306.179755
[00:15:38] Bootstrap tree #753, logLikelihood: -7692.230116
[00:15:39] Bootstrap tree #754, logLikelihood: -7614.942141
[00:15:41] Bootstrap tree #755, logLikelihood: -7530.093124
[00:15:42] Bootstrap tree #756, logLikelihood: -7946.285164
[00:15:43] Bootstrap tree #757, logLikelihood: -7663.279832
[00:15:44] Bootstrap tree #758, logLikelihood: -7905.344728
[00:15:46] Bootstrap tree #759, logLikelihood: -7841.862845
[00:15:48] Bootstrap tree #760, logLikelihood: -8348.147774
[00:15:49] Bootstrap tree #761, logLikelihood: -8092.442248
[00:15:50] Bootstrap tree #762, logLikelihood: -7648.130966
[00:15:52] Bootstrap tree #763, logLikelihood: -7797.913207
[00:15:53] Bootstrap tree #764, logLikelihood: -7962.616407
[00:15:54] Bootstrap tree #765, logLikelihood: -7805.453755
[00:15:55] Bootstrap tree #766, logLikelihood: -7386.041877
[00:15:56] Bootstrap tree #767, logLikelihood: -7712.363698
[00:15:57] Bootstrap tree #768, logLikelihood: -7892.778102
[00:15:58] Bootstrap tree #769, logLikelihood: -8156.120003
[00:15:59] Bootstrap tree #770, logLikelihood: -7836.208038
[00:16:00] Bootstrap tree #771, logLikelihood: -7650.155997
[00:16:02] Bootstrap tree #772, logLikelihood: -8250.736887
[00:16:03] Bootstrap tree #773, logLikelihood: -7845.760126
[00:16:04] Bootstrap tree #774, logLikelihood: -7597.348726
[00:16:05] Bootstrap tree #775, logLikelihood: -7683.871371
[00:16:06] Bootstrap tree #776, logLikelihood: -7874.969884
[00:16:08] Bootstrap tree #777, logLikelihood: -8127.256609
[00:16:09] Bootstrap tree #778, logLikelihood: -7630.572116
[00:16:10] Bootstrap tree #779, logLikelihood: -7899.277849
[00:16:12] Bootstrap tree #780, logLikelihood: -7516.458471
[00:16:13] Bootstrap tree #781, logLikelihood: -8475.570697
[00:16:14] Bootstrap tree #782, logLikelihood: -7822.983563
[00:16:15] Bootstrap tree #783, logLikelihood: -7707.607333
[00:16:16] Bootstrap tree #784, logLikelihood: -7780.856681
[00:16:17] Bootstrap tree #785, logLikelihood: -8099.235814
[00:16:19] Bootstrap tree #786, logLikelihood: -8112.634197
[00:16:20] Bootstrap tree #787, logLikelihood: -7806.344354
[00:16:21] Bootstrap tree #788, logLikelihood: -7624.722731
[00:16:22] Bootstrap tree #789, logLikelihood: -7563.716789
[00:16:23] Bootstrap tree #790, logLikelihood: -7756.038190
[00:16:24] Bootstrap tree #791, logLikelihood: -7656.235703
[00:16:26] Bootstrap tree #792, logLikelihood: -7833.873155
[00:16:27] Bootstrap tree #793, logLikelihood: -7796.058813
[00:16:28] Bootstrap tree #794, logLikelihood: -7831.618113
[00:16:29] Bootstrap tree #795, logLikelihood: -8134.701507
[00:16:30] Bootstrap tree #796, logLikelihood: -7651.391515
[00:16:31] Bootstrap tree #797, logLikelihood: -7967.039391
[00:16:33] Bootstrap tree #798, logLikelihood: -7240.790661
[00:16:34] Bootstrap tree #799, logLikelihood: -8173.574069
[00:16:35] Bootstrap tree #800, logLikelihood: -7671.262095
[00:16:36] Bootstrap tree #801, logLikelihood: -7732.807498
[00:16:38] Bootstrap tree #802, logLikelihood: -7843.100560
[00:16:39] Bootstrap tree #803, logLikelihood: -7914.218137
[00:16:40] Bootstrap tree #804, logLikelihood: -8104.549358
[00:16:41] Bootstrap tree #805, logLikelihood: -7910.985132
[00:16:43] Bootstrap tree #806, logLikelihood: -8530.390295
[00:16:44] Bootstrap tree #807, logLikelihood: -7955.676941
[00:16:46] Bootstrap tree #808, logLikelihood: -8389.353977
[00:16:47] Bootstrap tree #809, logLikelihood: -7784.448866
[00:16:48] Bootstrap tree #810, logLikelihood: -7593.317596
[00:16:50] Bootstrap tree #811, logLikelihood: -8488.117247
[00:16:51] Bootstrap tree #812, logLikelihood: -8375.335901
[00:16:52] Bootstrap tree #813, logLikelihood: -7742.029848
[00:16:54] Bootstrap tree #814, logLikelihood: -7519.554375
[00:16:55] Bootstrap tree #815, logLikelihood: -8151.384456
[00:16:56] Bootstrap tree #816, logLikelihood: -7488.886969
[00:16:57] Bootstrap tree #817, logLikelihood: -7968.533117
[00:16:58] Bootstrap tree #818, logLikelihood: -8016.061336
[00:17:00] Bootstrap tree #819, logLikelihood: -7862.322746
[00:17:02] Bootstrap tree #820, logLikelihood: -7895.937547
[00:17:04] Bootstrap tree #821, logLikelihood: -7774.622177
[00:17:05] Bootstrap tree #822, logLikelihood: -7711.268671
[00:17:07] Bootstrap tree #823, logLikelihood: -8029.536456
[00:17:08] Bootstrap tree #824, logLikelihood: -8486.157836
[00:17:09] Bootstrap tree #825, logLikelihood: -8041.412677
[00:17:11] Bootstrap tree #826, logLikelihood: -7528.860299
[00:17:12] Bootstrap tree #827, logLikelihood: -7796.122000
[00:17:13] Bootstrap tree #828, logLikelihood: -7780.394554
[00:17:14] Bootstrap tree #829, logLikelihood: -7979.746178
[00:17:16] Bootstrap tree #830, logLikelihood: -7875.013433
[00:17:19] Bootstrap tree #831, logLikelihood: -7852.959846
[00:17:20] Bootstrap tree #832, logLikelihood: -7596.368081
[00:17:21] Bootstrap tree #833, logLikelihood: -8000.482543
[00:17:22] Bootstrap tree #834, logLikelihood: -7998.485942
[00:17:23] Bootstrap tree #835, logLikelihood: -7693.229516
[00:17:24] Bootstrap tree #836, logLikelihood: -7676.708259
[00:17:26] Bootstrap tree #837, logLikelihood: -7808.712679
[00:17:27] Bootstrap tree #838, logLikelihood: -8034.194496
[00:17:28] Bootstrap tree #839, logLikelihood: -8253.033465
[00:17:29] Bootstrap tree #840, logLikelihood: -7894.172041
[00:17:30] Bootstrap tree #841, logLikelihood: -7245.315778
[00:17:31] Bootstrap tree #842, logLikelihood: -7696.871030
[00:17:34] Bootstrap tree #843, logLikelihood: -7930.455106
[00:17:35] Bootstrap tree #844, logLikelihood: -7722.568789
[00:17:36] Bootstrap tree #845, logLikelihood: -7873.393150
[00:17:37] Bootstrap tree #846, logLikelihood: -7585.916304
[00:17:39] Bootstrap tree #847, logLikelihood: -7682.016184
[00:17:40] Bootstrap tree #848, logLikelihood: -7800.972831
[00:17:42] Bootstrap tree #849, logLikelihood: -7497.350715
[00:17:43] Bootstrap tree #850, logLikelihood: -7619.997349
[00:17:44] Bootstrap tree #851, logLikelihood: -7837.052267
[00:17:45] Bootstrap tree #852, logLikelihood: -8110.957586
[00:17:46] Bootstrap tree #853, logLikelihood: -7746.426590
[00:17:48] Bootstrap tree #854, logLikelihood: -7642.505199
[00:17:49] Bootstrap tree #855, logLikelihood: -8193.612070
[00:17:51] Bootstrap tree #856, logLikelihood: -7625.916019
[00:17:52] Bootstrap tree #857, logLikelihood: -7876.478172
[00:17:53] Bootstrap tree #858, logLikelihood: -7827.914666
[00:17:54] Bootstrap tree #859, logLikelihood: -7365.746762
[00:17:55] Bootstrap tree #860, logLikelihood: -7961.868068
[00:17:57] Bootstrap tree #861, logLikelihood: -7506.894615
[00:17:58] Bootstrap tree #862, logLikelihood: -7813.525935
[00:17:58] Bootstrap tree #863, logLikelihood: -7812.727471
[00:18:00] Bootstrap tree #864, logLikelihood: -7842.155218
[00:18:01] Bootstrap tree #865, logLikelihood: -8041.573395
[00:18:02] Bootstrap tree #866, logLikelihood: -7791.906831
[00:18:03] Bootstrap tree #867, logLikelihood: -7976.153756
[00:18:04] Bootstrap tree #868, logLikelihood: -7969.312962
[00:18:06] Bootstrap tree #869, logLikelihood: -7718.339320
[00:18:07] Bootstrap tree #870, logLikelihood: -8002.607955
[00:18:08] Bootstrap tree #871, logLikelihood: -7789.604658
[00:18:09] Bootstrap tree #872, logLikelihood: -7865.647963
[00:18:10] Bootstrap tree #873, logLikelihood: -7944.129476
[00:18:11] Bootstrap tree #874, logLikelihood: -7948.653999
[00:18:12] Bootstrap tree #875, logLikelihood: -7966.823765
[00:18:13] Bootstrap tree #876, logLikelihood: -7916.219155
[00:18:15] Bootstrap tree #877, logLikelihood: -7693.844414
[00:18:16] Bootstrap tree #878, logLikelihood: -8411.882050
[00:18:17] Bootstrap tree #879, logLikelihood: -7645.292820
[00:18:19] Bootstrap tree #880, logLikelihood: -8394.797775
[00:18:20] Bootstrap tree #881, logLikelihood: -7743.617293
[00:18:21] Bootstrap tree #882, logLikelihood: -7705.676718
[00:18:22] Bootstrap tree #883, logLikelihood: -8320.548814
[00:18:24] Bootstrap tree #884, logLikelihood: -7553.839146
[00:18:25] Bootstrap tree #885, logLikelihood: -7471.053228
[00:18:26] Bootstrap tree #886, logLikelihood: -8018.659846
[00:18:28] Bootstrap tree #887, logLikelihood: -7653.660756
[00:18:30] Bootstrap tree #888, logLikelihood: -7642.212286
[00:18:31] Bootstrap tree #889, logLikelihood: -7706.597823
[00:18:32] Bootstrap tree #890, logLikelihood: -8100.621975
[00:18:33] Bootstrap tree #891, logLikelihood: -8107.488550
[00:18:35] Bootstrap tree #892, logLikelihood: -7905.225872
[00:18:36] Bootstrap tree #893, logLikelihood: -7781.806307
[00:18:38] Bootstrap tree #894, logLikelihood: -7998.501237
[00:18:39] Bootstrap tree #895, logLikelihood: -7986.033673
[00:18:40] Bootstrap tree #896, logLikelihood: -7530.130505
[00:18:41] Bootstrap tree #897, logLikelihood: -7689.485411
[00:18:42] Bootstrap tree #898, logLikelihood: -7978.065803
[00:18:44] Bootstrap tree #899, logLikelihood: -8260.155037
[00:18:45] Bootstrap tree #900, logLikelihood: -7848.935345
[00:18:45] Bootstrap tree #901, logLikelihood: -7817.514978
[00:18:46] Bootstrap tree #902, logLikelihood: -7717.717402
[00:18:48] Bootstrap tree #903, logLikelihood: -7557.055758
[00:18:50] Bootstrap tree #904, logLikelihood: -8041.648991
[00:18:51] Bootstrap tree #905, logLikelihood: -7772.127621
[00:18:52] Bootstrap tree #906, logLikelihood: -7852.663401
[00:18:53] Bootstrap tree #907, logLikelihood: -7694.526741
[00:18:54] Bootstrap tree #908, logLikelihood: -7871.558914
[00:18:56] Bootstrap tree #909, logLikelihood: -7936.231215
[00:18:57] Bootstrap tree #910, logLikelihood: -7912.983607
[00:18:58] Bootstrap tree #911, logLikelihood: -7845.673102
[00:18:59] Bootstrap tree #912, logLikelihood: -7795.339258
[00:19:01] Bootstrap tree #913, logLikelihood: -7752.176428
[00:19:02] Bootstrap tree #914, logLikelihood: -8111.339568
[00:19:03] Bootstrap tree #915, logLikelihood: -7878.543593
[00:19:05] Bootstrap tree #916, logLikelihood: -8014.073557
[00:19:06] Bootstrap tree #917, logLikelihood: -7356.211106
[00:19:07] Bootstrap tree #918, logLikelihood: -7798.520820
[00:19:08] Bootstrap tree #919, logLikelihood: -8046.705793
[00:19:09] Bootstrap tree #920, logLikelihood: -7517.300186
[00:19:11] Bootstrap tree #921, logLikelihood: -7956.951611
[00:19:12] Bootstrap tree #922, logLikelihood: -7713.903653
[00:19:13] Bootstrap tree #923, logLikelihood: -7372.170498
[00:19:14] Bootstrap tree #924, logLikelihood: -7994.231494
[00:19:15] Bootstrap tree #925, logLikelihood: -7820.762048
[00:19:16] Bootstrap tree #926, logLikelihood: -7381.302489
[00:19:18] Bootstrap tree #927, logLikelihood: -8111.343520
[00:19:19] Bootstrap tree #928, logLikelihood: -7666.633203
[00:19:20] Bootstrap tree #929, logLikelihood: -7867.936368
[00:19:21] Bootstrap tree #930, logLikelihood: -7827.300484
[00:19:22] Bootstrap tree #931, logLikelihood: -7690.151019
[00:19:23] Bootstrap tree #932, logLikelihood: -7651.725161
[00:19:25] Bootstrap tree #933, logLikelihood: -7703.268840
[00:19:26] Bootstrap tree #934, logLikelihood: -7520.980912
[00:19:27] Bootstrap tree #935, logLikelihood: -8159.534280
[00:19:28] Bootstrap tree #936, logLikelihood: -7505.891179
[00:19:29] Bootstrap tree #937, logLikelihood: -7917.077628
[00:19:30] Bootstrap tree #938, logLikelihood: -7653.644086
[00:19:32] Bootstrap tree #939, logLikelihood: -8242.825716
[00:19:33] Bootstrap tree #940, logLikelihood: -7845.013669
[00:19:34] Bootstrap tree #941, logLikelihood: -7878.216008
[00:19:35] Bootstrap tree #942, logLikelihood: -7939.746357
[00:19:36] Bootstrap tree #943, logLikelihood: -8078.986886
[00:19:37] Bootstrap tree #944, logLikelihood: -7935.395968
[00:19:39] Bootstrap tree #945, logLikelihood: -7672.291392
[00:19:41] Bootstrap tree #946, logLikelihood: -7797.904754
[00:19:42] Bootstrap tree #947, logLikelihood: -8081.630797
[00:19:43] Bootstrap tree #948, logLikelihood: -7970.376901
[00:19:44] Bootstrap tree #949, logLikelihood: -7665.405117
[00:19:45] Bootstrap tree #950, logLikelihood: -7545.475863
[00:19:47] Bootstrap tree #951, logLikelihood: -7568.830312
[00:19:48] Bootstrap tree #952, logLikelihood: -7814.458421
[00:19:49] Bootstrap tree #953, logLikelihood: -8155.314681
[00:19:50] Bootstrap tree #954, logLikelihood: -7604.001314
[00:19:51] Bootstrap tree #955, logLikelihood: -7968.475176
[00:19:52] Bootstrap tree #956, logLikelihood: -7463.963341
[00:19:53] Bootstrap tree #957, logLikelihood: -7797.027673
[00:19:55] Bootstrap tree #958, logLikelihood: -7721.987802
[00:19:56] Bootstrap tree #959, logLikelihood: -7975.782538
[00:19:57] Bootstrap tree #960, logLikelihood: -7594.550288
[00:19:58] Bootstrap tree #961, logLikelihood: -7461.271367
[00:19:59] Bootstrap tree #962, logLikelihood: -7916.224818
[00:20:00] Bootstrap tree #963, logLikelihood: -7992.524517
[00:20:02] Bootstrap tree #964, logLikelihood: -7625.337519
[00:20:03] Bootstrap tree #965, logLikelihood: -7837.094536
[00:20:04] Bootstrap tree #966, logLikelihood: -7907.328712
[00:20:06] Bootstrap tree #967, logLikelihood: -7800.730069
[00:20:07] Bootstrap tree #968, logLikelihood: -7957.341937
[00:20:08] Bootstrap tree #969, logLikelihood: -7738.722005
[00:20:10] Bootstrap tree #970, logLikelihood: -7598.595236
[00:20:11] Bootstrap tree #971, logLikelihood: -7792.968456
[00:20:12] Bootstrap tree #972, logLikelihood: -7890.694322
[00:20:14] Bootstrap tree #973, logLikelihood: -7534.013052
[00:20:15] Bootstrap tree #974, logLikelihood: -7762.515862
[00:20:16] Bootstrap tree #975, logLikelihood: -7802.530749
[00:20:17] Bootstrap tree #976, logLikelihood: -7987.404666
[00:20:18] Bootstrap tree #977, logLikelihood: -7568.887925
[00:20:19] Bootstrap tree #978, logLikelihood: -7737.915720
[00:20:21] Bootstrap tree #979, logLikelihood: -7970.449401
[00:20:22] Bootstrap tree #980, logLikelihood: -8178.222781
[00:20:22] Bootstrap tree #981, logLikelihood: -8350.913255
[00:20:24] Bootstrap tree #982, logLikelihood: -7575.165396
[00:20:25] Bootstrap tree #983, logLikelihood: -7921.390337
[00:20:26] Bootstrap tree #984, logLikelihood: -7717.136530
[00:20:27] Bootstrap tree #985, logLikelihood: -7567.257475
[00:20:27] Bootstrap tree #986, logLikelihood: -7813.996604
[00:20:28] Bootstrap tree #987, logLikelihood: -7709.114330
[00:20:30] Bootstrap tree #988, logLikelihood: -7490.265732
[00:20:31] Bootstrap tree #989, logLikelihood: -8214.110383
[00:20:32] Bootstrap tree #990, logLikelihood: -7508.398298
[00:20:33] Bootstrap tree #991, logLikelihood: -7832.341522
[00:20:34] Bootstrap tree #992, logLikelihood: -7629.706412
[00:20:35] Bootstrap tree #993, logLikelihood: -7419.165074
[00:20:36] Bootstrap tree #994, logLikelihood: -8101.150585
[00:20:38] Bootstrap tree #995, logLikelihood: -7943.662095
[00:20:38] Bootstrap tree #996, logLikelihood: -7524.117108
[00:20:39] Bootstrap tree #997, logLikelihood: -7701.212813
[00:20:40] Bootstrap tree #998, logLikelihood: -7929.428316
[00:20:42] Bootstrap tree #999, logLikelihood: -7646.588315
[00:20:42] Bootstrap tree #1000, logLikelihood: -8138.267060

Optimized model parameters:

   Partition 0: noname
   Rate heterogeneity: GAMMA (4 cats, mean),  alpha: 1.187788 (ML),  weights&rates: (0.250000,0.172833) (0.250000,0.526736) (0.250000,1.025278) (0.250000,2.275153) 
   Base frequencies (ML): 0.284299 0.203918 0.272586 0.239197 
   Substitution rates (ML): 2.820137 4.463163 1.583153 1.334794 5.239933 1.000000 


Final LogLikelihood: -7868.166314

AIC score: 15844.332629 / AICc score: 15861.018022 / BIC score: 16061.336662
Free parameters (model + branch lengths): 54

Best ML tree saved to: /home/seddik/Documents/Synesth/iter6/all_Cas_trees/Cas2/Tree.raxml.bestTree
All ML trees saved to: /home/seddik/Documents/Synesth/iter6/all_Cas_trees/Cas2/Tree.raxml.mlTrees
Best ML tree with Felsenstein bootstrap (FBP) support values saved to: /home/seddik/Documents/Synesth/iter6/all_Cas_trees/Cas2/Tree.raxml.support
Optimized model saved to: /home/seddik/Documents/Synesth/iter6/all_Cas_trees/Cas2/Tree.raxml.bestModel
Bootstrap trees saved to: /home/seddik/Documents/Synesth/iter6/all_Cas_trees/Cas2/Tree.raxml.bootstraps

Execution log saved to: /home/seddik/Documents/Synesth/iter6/all_Cas_trees/Cas2/Tree.raxml.log

Analysis started: 30-Jul-2024 11:21:02 / finished: 30-Jul-2024 11:41:45

Elapsed time: 1242.988 seconds

