
RAxML-NG v. 0.9.0 released on 20.05.2019 by The Exelixis Lab.
Developed by: Alexey M. Kozlov and Alexandros Stamatakis.
Contributors: Diego Darriba, Tomas Flouri, Benoit Morel, Sarah Lutteropp, Ben Bettisworth.
Latest version: https://github.com/amkozlov/raxml-ng
Questions/problems/suggestions? Please visit: https://groups.google.com/forum/#!forum/raxml

RAxML-NG was called at 30-Jul-2024 18:50:05 as follows:

raxml-ng --all --msa all_Cas_aligned/all_Csy1_aligned.fna --model GTR+G --bs-trees 1000 --threads 4 --prefix all_Cas_trees/Csy1/Tree

Analysis options:
  run mode: ML tree search + bootstrapping (Felsenstein Bootstrap)
  start tree(s): random (10) + parsimony (10)
  bootstrap replicates: 1000
  random seed: 1722379805
  tip-inner: OFF
  pattern compression: ON
  per-rate scalers: OFF
  site repeats: ON
  branch lengths: proportional (ML estimate, algorithm: NR-FAST)
  SIMD kernels: AVX2
  parallelization: PTHREADS (4 threads), thread pinning: OFF

[00:00:00] Reading alignment from file: all_Cas_aligned/all_Csy1_aligned.fna
[00:00:00] Loaded alignment with 4 taxa and 1490 sites

Alignment comprises 1 partitions and 388 patterns

Partition 0: noname
Model: GTR+FO+G4m
Alignment sites / patterns: 1490 / 388
Gaps: 17.77 %
Invariant sites: 35.64 %


NOTE: Binary MSA file created: all_Cas_trees/Csy1/Tree.raxml.rba

[00:00:00] Generating 10 random starting tree(s) with 4 taxa
[00:00:00] Generating 10 parsimony starting tree(s) with 4 taxa
[00:00:00] Data distribution: max. partitions/sites/weight per thread: 1 / 97 / 1552

Starting ML tree search with 20 distinct starting trees

[00:00:00] ML tree search #1, logLikelihood: -5978.911550
[00:00:00] ML tree search #2, logLikelihood: -5978.902592
[00:00:00] ML tree search #3, logLikelihood: -5978.877697
[00:00:00] ML tree search #4, logLikelihood: -5978.877697
[00:00:00] ML tree search #5, logLikelihood: -5978.911550
[00:00:00] ML tree search #6, logLikelihood: -5978.911550
[00:00:00] ML tree search #7, logLikelihood: -5978.911550
[00:00:00] ML tree search #8, logLikelihood: -5978.902592
[00:00:00] ML tree search #9, logLikelihood: -5978.902592
[00:00:00] ML tree search #10, logLikelihood: -5978.877697
[00:00:00] ML tree search #11, logLikelihood: -5978.915251
[00:00:00] ML tree search #12, logLikelihood: -5978.898850
[00:00:00] ML tree search #13, logLikelihood: -5978.912883
[00:00:00] ML tree search #14, logLikelihood: -5978.912883
[00:00:00] ML tree search #15, logLikelihood: -5978.907830
[00:00:01] ML tree search #16, logLikelihood: -5978.861220
[00:00:01] ML tree search #17, logLikelihood: -5978.912681
[00:00:01] ML tree search #18, logLikelihood: -5978.906481
[00:00:01] ML tree search #19, logLikelihood: -5978.898850
[00:00:01] ML tree search #20, logLikelihood: -5978.892825

[00:00:01] ML tree search completed, best tree logLH: -5978.861220

[00:00:01] Starting bootstrapping analysis with 1000 replicates.

[00:00:01] Bootstrap tree #1, logLikelihood: -5910.407476
[00:00:01] Bootstrap tree #2, logLikelihood: -5800.866751
[00:00:01] Bootstrap tree #3, logLikelihood: -5909.922571
[00:00:01] Bootstrap tree #4, logLikelihood: -5975.296403
[00:00:01] Bootstrap tree #5, logLikelihood: -5899.165844
[00:00:01] Bootstrap tree #6, logLikelihood: -5948.776902
[00:00:01] Bootstrap tree #7, logLikelihood: -5952.291706
[00:00:01] Bootstrap tree #8, logLikelihood: -5886.703645
[00:00:01] Bootstrap tree #9, logLikelihood: -5986.905630
[00:00:01] Bootstrap tree #10, logLikelihood: -5836.801086
[00:00:01] Bootstrap tree #11, logLikelihood: -6006.410702
[00:00:01] Bootstrap tree #12, logLikelihood: -5791.377482
[00:00:01] Bootstrap tree #13, logLikelihood: -5991.010824
[00:00:02] Bootstrap tree #14, logLikelihood: -6024.912119
[00:00:02] Bootstrap tree #15, logLikelihood: -6014.836952
[00:00:02] Bootstrap tree #16, logLikelihood: -5930.570089
[00:00:02] Bootstrap tree #17, logLikelihood: -6088.829033
[00:00:02] Bootstrap tree #18, logLikelihood: -6128.320376
[00:00:02] Bootstrap tree #19, logLikelihood: -5986.460564
[00:00:02] Bootstrap tree #20, logLikelihood: -5994.197669
[00:00:02] Bootstrap tree #21, logLikelihood: -6072.445682
[00:00:02] Bootstrap tree #22, logLikelihood: -5933.501152
[00:00:02] Bootstrap tree #23, logLikelihood: -5984.391628
[00:00:02] Bootstrap tree #24, logLikelihood: -5997.466097
[00:00:02] Bootstrap tree #25, logLikelihood: -5992.856240
[00:00:02] Bootstrap tree #26, logLikelihood: -6012.021466
[00:00:02] Bootstrap tree #27, logLikelihood: -5972.643573
[00:00:02] Bootstrap tree #28, logLikelihood: -6055.294285
[00:00:02] Bootstrap tree #29, logLikelihood: -6005.452040
[00:00:02] Bootstrap tree #30, logLikelihood: -5921.374299
[00:00:02] Bootstrap tree #31, logLikelihood: -5974.403093
[00:00:03] Bootstrap tree #32, logLikelihood: -5929.859651
[00:00:03] Bootstrap tree #33, logLikelihood: -5999.841826
[00:00:03] Bootstrap tree #34, logLikelihood: -5894.090752
[00:00:03] Bootstrap tree #35, logLikelihood: -5996.365611
[00:00:03] Bootstrap tree #36, logLikelihood: -5952.450585
[00:00:03] Bootstrap tree #37, logLikelihood: -5988.701604
[00:00:03] Bootstrap tree #38, logLikelihood: -6025.388627
[00:00:03] Bootstrap tree #39, logLikelihood: -5894.996732
[00:00:03] Bootstrap tree #40, logLikelihood: -5868.209654
[00:00:03] Bootstrap tree #41, logLikelihood: -5968.665337
[00:00:03] Bootstrap tree #42, logLikelihood: -6016.158916
[00:00:03] Bootstrap tree #43, logLikelihood: -5954.209884
[00:00:03] Bootstrap tree #44, logLikelihood: -5881.592641
[00:00:03] Bootstrap tree #45, logLikelihood: -5912.788370
[00:00:03] Bootstrap tree #46, logLikelihood: -5971.117971
[00:00:03] Bootstrap tree #47, logLikelihood: -5946.345707
[00:00:04] Bootstrap tree #48, logLikelihood: -5983.827559
[00:00:04] Bootstrap tree #49, logLikelihood: -5959.545561
[00:00:04] Bootstrap tree #50, logLikelihood: -5977.762889
[00:00:04] Bootstrap tree #51, logLikelihood: -5905.118319
[00:00:04] Bootstrap tree #52, logLikelihood: -5846.458800
[00:00:04] Bootstrap tree #53, logLikelihood: -5932.040904
[00:00:04] Bootstrap tree #54, logLikelihood: -5846.560020
[00:00:04] Bootstrap tree #55, logLikelihood: -5943.420641
[00:00:04] Bootstrap tree #56, logLikelihood: -6041.581123
[00:00:04] Bootstrap tree #57, logLikelihood: -5930.501862
[00:00:04] Bootstrap tree #58, logLikelihood: -5985.793602
[00:00:04] Bootstrap tree #59, logLikelihood: -5954.193344
[00:00:04] Bootstrap tree #60, logLikelihood: -5942.886876
[00:00:04] Bootstrap tree #61, logLikelihood: -6022.356064
[00:00:04] Bootstrap tree #62, logLikelihood: -5922.169575
[00:00:04] Bootstrap tree #63, logLikelihood: -6030.305778
[00:00:04] Bootstrap tree #64, logLikelihood: -5938.053444
[00:00:05] Bootstrap tree #65, logLikelihood: -6016.021386
[00:00:05] Bootstrap tree #66, logLikelihood: -5945.979843
[00:00:05] Bootstrap tree #67, logLikelihood: -5874.487904
[00:00:05] Bootstrap tree #68, logLikelihood: -5910.661115
[00:00:05] Bootstrap tree #69, logLikelihood: -5986.499727
[00:00:05] Bootstrap tree #70, logLikelihood: -6006.724262
[00:00:05] Bootstrap tree #71, logLikelihood: -5899.883225
[00:00:05] Bootstrap tree #72, logLikelihood: -5957.556353
[00:00:05] Bootstrap tree #73, logLikelihood: -5902.108250
[00:00:05] Bootstrap tree #74, logLikelihood: -5928.783686
[00:00:05] Bootstrap tree #75, logLikelihood: -5964.367185
[00:00:05] Bootstrap tree #76, logLikelihood: -6055.570052
[00:00:05] Bootstrap tree #77, logLikelihood: -6120.878539
[00:00:05] Bootstrap tree #78, logLikelihood: -5996.533438
[00:00:05] Bootstrap tree #79, logLikelihood: -5850.411845
[00:00:05] Bootstrap tree #80, logLikelihood: -5912.827727
[00:00:05] Bootstrap tree #81, logLikelihood: -6002.977184
[00:00:05] Bootstrap tree #82, logLikelihood: -5904.360728
[00:00:05] Bootstrap tree #83, logLikelihood: -5868.806320
[00:00:05] Bootstrap tree #84, logLikelihood: -5832.433100
[00:00:06] Bootstrap tree #85, logLikelihood: -5951.748811
[00:00:06] Bootstrap tree #86, logLikelihood: -5976.811919
[00:00:06] Bootstrap tree #87, logLikelihood: -6077.209779
[00:00:06] Bootstrap tree #88, logLikelihood: -6098.780913
[00:00:06] Bootstrap tree #89, logLikelihood: -5884.131294
[00:00:06] Bootstrap tree #90, logLikelihood: -6000.359318
[00:00:06] Bootstrap tree #91, logLikelihood: -5937.679455
[00:00:06] Bootstrap tree #92, logLikelihood: -6036.362272
[00:00:06] Bootstrap tree #93, logLikelihood: -5866.409544
[00:00:06] Bootstrap tree #94, logLikelihood: -6024.489865
[00:00:06] Bootstrap tree #95, logLikelihood: -5951.787070
[00:00:06] Bootstrap tree #96, logLikelihood: -5955.347956
[00:00:06] Bootstrap tree #97, logLikelihood: -5918.918457
[00:00:06] Bootstrap tree #98, logLikelihood: -5911.232778
[00:00:06] Bootstrap tree #99, logLikelihood: -5992.049404
[00:00:06] Bootstrap tree #100, logLikelihood: -6040.350290
[00:00:06] Bootstrap tree #101, logLikelihood: -5911.642014
[00:00:07] Bootstrap tree #102, logLikelihood: -6077.344446
[00:00:07] Bootstrap tree #103, logLikelihood: -6003.228017
[00:00:07] Bootstrap tree #104, logLikelihood: -6011.487234
[00:00:07] Bootstrap tree #105, logLikelihood: -6065.337793
[00:00:07] Bootstrap tree #106, logLikelihood: -5914.828656
[00:00:07] Bootstrap tree #107, logLikelihood: -5991.667613
[00:00:07] Bootstrap tree #108, logLikelihood: -5989.276013
[00:00:07] Bootstrap tree #109, logLikelihood: -6070.166536
[00:00:07] Bootstrap tree #110, logLikelihood: -5934.201460
[00:00:07] Bootstrap tree #111, logLikelihood: -5963.357929
[00:00:07] Bootstrap tree #112, logLikelihood: -6011.552039
[00:00:07] Bootstrap tree #113, logLikelihood: -6002.105898
[00:00:07] Bootstrap tree #114, logLikelihood: -6035.020325
[00:00:07] Bootstrap tree #115, logLikelihood: -5965.012207
[00:00:07] Bootstrap tree #116, logLikelihood: -6029.676477
[00:00:07] Bootstrap tree #117, logLikelihood: -6007.626335
[00:00:07] Bootstrap tree #118, logLikelihood: -5919.488954
[00:00:07] Bootstrap tree #119, logLikelihood: -5946.429022
[00:00:08] Bootstrap tree #120, logLikelihood: -6018.796932
[00:00:08] Bootstrap tree #121, logLikelihood: -5953.347155
[00:00:08] Bootstrap tree #122, logLikelihood: -6010.940098
[00:00:08] Bootstrap tree #123, logLikelihood: -5912.940490
[00:00:08] Bootstrap tree #124, logLikelihood: -6013.863626
[00:00:08] Bootstrap tree #125, logLikelihood: -6011.946155
[00:00:08] Bootstrap tree #126, logLikelihood: -5936.444904
[00:00:08] Bootstrap tree #127, logLikelihood: -5966.447466
[00:00:08] Bootstrap tree #128, logLikelihood: -5943.743701
[00:00:08] Bootstrap tree #129, logLikelihood: -5887.082441
[00:00:08] Bootstrap tree #130, logLikelihood: -5900.843449
[00:00:08] Bootstrap tree #131, logLikelihood: -5929.048507
[00:00:08] Bootstrap tree #132, logLikelihood: -5842.177941
[00:00:08] Bootstrap tree #133, logLikelihood: -5946.076407
[00:00:08] Bootstrap tree #134, logLikelihood: -5851.190045
[00:00:08] Bootstrap tree #135, logLikelihood: -5952.388504
[00:00:08] Bootstrap tree #136, logLikelihood: -5918.694774
[00:00:09] Bootstrap tree #137, logLikelihood: -5930.435196
[00:00:09] Bootstrap tree #138, logLikelihood: -5938.385023
[00:00:09] Bootstrap tree #139, logLikelihood: -5908.075528
[00:00:09] Bootstrap tree #140, logLikelihood: -6030.193446
[00:00:09] Bootstrap tree #141, logLikelihood: -5924.694109
[00:00:09] Bootstrap tree #142, logLikelihood: -5865.700234
[00:00:09] Bootstrap tree #143, logLikelihood: -5813.169352
[00:00:09] Bootstrap tree #144, logLikelihood: -5987.582629
[00:00:09] Bootstrap tree #145, logLikelihood: -5983.376023
[00:00:09] Bootstrap tree #146, logLikelihood: -6068.025198
[00:00:09] Bootstrap tree #147, logLikelihood: -5942.804740
[00:00:09] Bootstrap tree #148, logLikelihood: -5932.866624
[00:00:09] Bootstrap tree #149, logLikelihood: -5871.323726
[00:00:09] Bootstrap tree #150, logLikelihood: -5881.026996
[00:00:09] Bootstrap tree #151, logLikelihood: -6006.040967
[00:00:09] Bootstrap tree #152, logLikelihood: -5837.108002
[00:00:09] Bootstrap tree #153, logLikelihood: -6002.437101
[00:00:10] Bootstrap tree #154, logLikelihood: -6015.591878
[00:00:10] Bootstrap tree #155, logLikelihood: -5981.572041
[00:00:10] Bootstrap tree #156, logLikelihood: -6032.752098
[00:00:10] Bootstrap tree #157, logLikelihood: -5905.962882
[00:00:10] Bootstrap tree #158, logLikelihood: -5864.426136
[00:00:10] Bootstrap tree #159, logLikelihood: -6003.085481
[00:00:10] Bootstrap tree #160, logLikelihood: -5893.377672
[00:00:10] Bootstrap tree #161, logLikelihood: -5997.722966
[00:00:10] Bootstrap tree #162, logLikelihood: -5985.362337
[00:00:10] Bootstrap tree #163, logLikelihood: -5937.018832
[00:00:10] Bootstrap tree #164, logLikelihood: -5942.438168
[00:00:10] Bootstrap tree #165, logLikelihood: -6093.235923
[00:00:10] Bootstrap tree #166, logLikelihood: -5889.424481
[00:00:10] Bootstrap tree #167, logLikelihood: -5983.729832
[00:00:10] Bootstrap tree #168, logLikelihood: -5955.935417
[00:00:10] Bootstrap tree #169, logLikelihood: -5896.527919
[00:00:10] Bootstrap tree #170, logLikelihood: -5864.222912
[00:00:10] Bootstrap tree #171, logLikelihood: -5991.504471
[00:00:10] Bootstrap tree #172, logLikelihood: -6193.884226
[00:00:11] Bootstrap tree #173, logLikelihood: -5950.895382
[00:00:11] Bootstrap tree #174, logLikelihood: -6104.818994
[00:00:11] Bootstrap tree #175, logLikelihood: -5956.910051
[00:00:11] Bootstrap tree #176, logLikelihood: -6025.975427
[00:00:11] Bootstrap tree #177, logLikelihood: -5948.187830
[00:00:11] Bootstrap tree #178, logLikelihood: -5951.494168
[00:00:11] Bootstrap tree #179, logLikelihood: -6020.841134
[00:00:11] Bootstrap tree #180, logLikelihood: -5855.389543
[00:00:11] Bootstrap tree #181, logLikelihood: -6023.263401
[00:00:11] Bootstrap tree #182, logLikelihood: -6023.763413
[00:00:11] Bootstrap tree #183, logLikelihood: -6040.779665
[00:00:11] Bootstrap tree #184, logLikelihood: -5914.254816
[00:00:11] Bootstrap tree #185, logLikelihood: -5866.018533
[00:00:11] Bootstrap tree #186, logLikelihood: -5866.879748
[00:00:11] Bootstrap tree #187, logLikelihood: -5997.380864
[00:00:11] Bootstrap tree #188, logLikelihood: -6023.602186
[00:00:11] Bootstrap tree #189, logLikelihood: -5934.696571
[00:00:12] Bootstrap tree #190, logLikelihood: -6026.530271
[00:00:12] Bootstrap tree #191, logLikelihood: -6044.455933
[00:00:12] Bootstrap tree #192, logLikelihood: -6030.887239
[00:00:12] Bootstrap tree #193, logLikelihood: -5995.391175
[00:00:12] Bootstrap tree #194, logLikelihood: -5975.749848
[00:00:12] Bootstrap tree #195, logLikelihood: -5879.536852
[00:00:12] Bootstrap tree #196, logLikelihood: -6050.774670
[00:00:12] Bootstrap tree #197, logLikelihood: -5968.968653
[00:00:12] Bootstrap tree #198, logLikelihood: -6013.628898
[00:00:12] Bootstrap tree #199, logLikelihood: -5933.770905
[00:00:12] Bootstrap tree #200, logLikelihood: -6015.433255
[00:00:12] Bootstrap tree #201, logLikelihood: -5948.801874
[00:00:12] Bootstrap tree #202, logLikelihood: -5874.820738
[00:00:12] Bootstrap tree #203, logLikelihood: -5907.251931
[00:00:12] Bootstrap tree #204, logLikelihood: -6025.526492
[00:00:12] Bootstrap tree #205, logLikelihood: -5915.555743
[00:00:12] Bootstrap tree #206, logLikelihood: -6040.457884
[00:00:12] Bootstrap tree #207, logLikelihood: -5970.137664
[00:00:12] Bootstrap tree #208, logLikelihood: -5979.906050
[00:00:13] Bootstrap tree #209, logLikelihood: -6110.165327
[00:00:13] Bootstrap tree #210, logLikelihood: -6067.224033
[00:00:13] Bootstrap tree #211, logLikelihood: -5975.560443
[00:00:13] Bootstrap tree #212, logLikelihood: -5949.582429
[00:00:13] Bootstrap tree #213, logLikelihood: -5925.977419
[00:00:13] Bootstrap tree #214, logLikelihood: -5909.451215
[00:00:13] Bootstrap tree #215, logLikelihood: -5926.529730
[00:00:13] Bootstrap tree #216, logLikelihood: -5946.335002
[00:00:13] Bootstrap tree #217, logLikelihood: -6003.135499
[00:00:13] Bootstrap tree #218, logLikelihood: -5877.527218
[00:00:13] Bootstrap tree #219, logLikelihood: -6021.551438
[00:00:13] Bootstrap tree #220, logLikelihood: -5892.658965
[00:00:13] Bootstrap tree #221, logLikelihood: -6027.739711
[00:00:13] Bootstrap tree #222, logLikelihood: -5903.535321
[00:00:13] Bootstrap tree #223, logLikelihood: -5952.610619
[00:00:13] Bootstrap tree #224, logLikelihood: -6024.228283
[00:00:13] Bootstrap tree #225, logLikelihood: -6015.171439
[00:00:13] Bootstrap tree #226, logLikelihood: -5989.507104
[00:00:14] Bootstrap tree #227, logLikelihood: -6084.587576
[00:00:14] Bootstrap tree #228, logLikelihood: -5928.926923
[00:00:14] Bootstrap tree #229, logLikelihood: -6055.061993
[00:00:14] Bootstrap tree #230, logLikelihood: -5899.526855
[00:00:14] Bootstrap tree #231, logLikelihood: -5999.072912
[00:00:14] Bootstrap tree #232, logLikelihood: -6015.911286
[00:00:14] Bootstrap tree #233, logLikelihood: -6069.185652
[00:00:14] Bootstrap tree #234, logLikelihood: -5834.217636
[00:00:14] Bootstrap tree #235, logLikelihood: -5893.016455
[00:00:14] Bootstrap tree #236, logLikelihood: -5985.566767
[00:00:14] Bootstrap tree #237, logLikelihood: -6058.676860
[00:00:14] Bootstrap tree #238, logLikelihood: -6007.608375
[00:00:14] Bootstrap tree #239, logLikelihood: -5863.990758
[00:00:14] Bootstrap tree #240, logLikelihood: -6051.004426
[00:00:14] Bootstrap tree #241, logLikelihood: -5922.861961
[00:00:14] Bootstrap tree #242, logLikelihood: -6040.450680
[00:00:14] Bootstrap tree #243, logLikelihood: -6010.625187
[00:00:15] Bootstrap tree #244, logLikelihood: -5902.942315
[00:00:15] Bootstrap tree #245, logLikelihood: -5943.587676
[00:00:15] Bootstrap tree #246, logLikelihood: -5918.057972
[00:00:15] Bootstrap tree #247, logLikelihood: -6001.278526
[00:00:15] Bootstrap tree #248, logLikelihood: -6025.039383
[00:00:15] Bootstrap tree #249, logLikelihood: -6016.350005
[00:00:15] Bootstrap tree #250, logLikelihood: -5927.130122
[00:00:15] Bootstrap tree #251, logLikelihood: -6002.916886
[00:00:15] Bootstrap tree #252, logLikelihood: -6041.454713
[00:00:15] Bootstrap tree #253, logLikelihood: -5973.537908
[00:00:15] Bootstrap tree #254, logLikelihood: -6007.002330
[00:00:15] Bootstrap tree #255, logLikelihood: -5996.472467
[00:00:15] Bootstrap tree #256, logLikelihood: -5888.947885
[00:00:15] Bootstrap tree #257, logLikelihood: -5950.174508
[00:00:15] Bootstrap tree #258, logLikelihood: -6004.137782
[00:00:15] Bootstrap tree #259, logLikelihood: -5934.895949
[00:00:15] Bootstrap tree #260, logLikelihood: -6088.511947
[00:00:16] Bootstrap tree #261, logLikelihood: -6063.123189
[00:00:16] Bootstrap tree #262, logLikelihood: -5928.256786
[00:00:16] Bootstrap tree #263, logLikelihood: -5980.990817
[00:00:16] Bootstrap tree #264, logLikelihood: -6122.757906
[00:00:16] Bootstrap tree #265, logLikelihood: -5910.681293
[00:00:16] Bootstrap tree #266, logLikelihood: -5956.327912
[00:00:16] Bootstrap tree #267, logLikelihood: -5980.302372
[00:00:16] Bootstrap tree #268, logLikelihood: -5922.811233
[00:00:16] Bootstrap tree #269, logLikelihood: -5994.772518
[00:00:16] Bootstrap tree #270, logLikelihood: -5954.969557
[00:00:16] Bootstrap tree #271, logLikelihood: -5931.105573
[00:00:16] Bootstrap tree #272, logLikelihood: -6005.142916
[00:00:16] Bootstrap tree #273, logLikelihood: -5966.093711
[00:00:16] Bootstrap tree #274, logLikelihood: -5951.212496
[00:00:16] Bootstrap tree #275, logLikelihood: -5958.455211
[00:00:16] Bootstrap tree #276, logLikelihood: -6003.573771
[00:00:16] Bootstrap tree #277, logLikelihood: -5985.401734
[00:00:17] Bootstrap tree #278, logLikelihood: -6032.037099
[00:00:17] Bootstrap tree #279, logLikelihood: -5832.704666
[00:00:17] Bootstrap tree #280, logLikelihood: -6013.435100
[00:00:17] Bootstrap tree #281, logLikelihood: -5939.683672
[00:00:17] Bootstrap tree #282, logLikelihood: -6016.838221
[00:00:17] Bootstrap tree #283, logLikelihood: -5979.991874
[00:00:17] Bootstrap tree #284, logLikelihood: -6019.994966
[00:00:17] Bootstrap tree #285, logLikelihood: -5925.308307
[00:00:17] Bootstrap tree #286, logLikelihood: -5994.993205
[00:00:17] Bootstrap tree #287, logLikelihood: -5990.894106
[00:00:17] Bootstrap tree #288, logLikelihood: -5933.848869
[00:00:17] Bootstrap tree #289, logLikelihood: -5988.491059
[00:00:17] Bootstrap tree #290, logLikelihood: -6014.555271
[00:00:17] Bootstrap tree #291, logLikelihood: -5975.635591
[00:00:17] Bootstrap tree #292, logLikelihood: -5911.290881
[00:00:17] Bootstrap tree #293, logLikelihood: -6079.854328
[00:00:17] Bootstrap tree #294, logLikelihood: -5908.945473
[00:00:18] Bootstrap tree #295, logLikelihood: -6103.873047
[00:00:18] Bootstrap tree #296, logLikelihood: -6069.876978
[00:00:18] Bootstrap tree #297, logLikelihood: -6007.735964
[00:00:18] Bootstrap tree #298, logLikelihood: -5937.707740
[00:00:18] Bootstrap tree #299, logLikelihood: -6049.262057
[00:00:18] Bootstrap tree #300, logLikelihood: -5897.058938
[00:00:18] Bootstrap tree #301, logLikelihood: -5983.679100
[00:00:18] Bootstrap tree #302, logLikelihood: -6009.135932
[00:00:18] Bootstrap tree #303, logLikelihood: -5972.593615
[00:00:18] Bootstrap tree #304, logLikelihood: -6053.798486
[00:00:18] Bootstrap tree #305, logLikelihood: -5884.100418
[00:00:18] Bootstrap tree #306, logLikelihood: -6034.194582
[00:00:18] Bootstrap tree #307, logLikelihood: -5923.657746
[00:00:18] Bootstrap tree #308, logLikelihood: -6022.374769
[00:00:18] Bootstrap tree #309, logLikelihood: -6082.050387
[00:00:18] Bootstrap tree #310, logLikelihood: -5960.458976
[00:00:18] Bootstrap tree #311, logLikelihood: -5992.754510
[00:00:19] Bootstrap tree #312, logLikelihood: -5915.813497
[00:00:19] Bootstrap tree #313, logLikelihood: -6044.020582
[00:00:19] Bootstrap tree #314, logLikelihood: -5979.829321
[00:00:19] Bootstrap tree #315, logLikelihood: -5994.547132
[00:00:19] Bootstrap tree #316, logLikelihood: -5937.210428
[00:00:19] Bootstrap tree #317, logLikelihood: -5967.781022
[00:00:19] Bootstrap tree #318, logLikelihood: -5885.579558
[00:00:19] Bootstrap tree #319, logLikelihood: -6041.202701
[00:00:19] Bootstrap tree #320, logLikelihood: -6059.614384
[00:00:19] Bootstrap tree #321, logLikelihood: -5982.519958
[00:00:19] Bootstrap tree #322, logLikelihood: -5826.473634
[00:00:19] Bootstrap tree #323, logLikelihood: -6019.378625
[00:00:19] Bootstrap tree #324, logLikelihood: -5983.638523
[00:00:19] Bootstrap tree #325, logLikelihood: -6031.866350
[00:00:19] Bootstrap tree #326, logLikelihood: -5996.249022
[00:00:19] Bootstrap tree #327, logLikelihood: -5888.311619
[00:00:20] Bootstrap tree #328, logLikelihood: -5916.566311
[00:00:20] Bootstrap tree #329, logLikelihood: -5920.779905
[00:00:20] Bootstrap tree #330, logLikelihood: -5955.202147
[00:00:20] Bootstrap tree #331, logLikelihood: -6043.432312
[00:00:20] Bootstrap tree #332, logLikelihood: -6002.432753
[00:00:20] Bootstrap tree #333, logLikelihood: -6010.503703
[00:00:20] Bootstrap tree #334, logLikelihood: -6046.930271
[00:00:20] Bootstrap tree #335, logLikelihood: -5954.394428
[00:00:20] Bootstrap tree #336, logLikelihood: -6023.647525
[00:00:20] Bootstrap tree #337, logLikelihood: -6004.112327
[00:00:20] Bootstrap tree #338, logLikelihood: -5861.028404
[00:00:20] Bootstrap tree #339, logLikelihood: -5965.948059
[00:00:20] Bootstrap tree #340, logLikelihood: -6051.465063
[00:00:20] Bootstrap tree #341, logLikelihood: -5918.632928
[00:00:20] Bootstrap tree #342, logLikelihood: -6080.481720
[00:00:20] Bootstrap tree #343, logLikelihood: -6020.490373
[00:00:20] Bootstrap tree #344, logLikelihood: -6106.642954
[00:00:20] Bootstrap tree #345, logLikelihood: -5942.375859
[00:00:21] Bootstrap tree #346, logLikelihood: -5969.578318
[00:00:21] Bootstrap tree #347, logLikelihood: -5970.082110
[00:00:21] Bootstrap tree #348, logLikelihood: -5935.640927
[00:00:21] Bootstrap tree #349, logLikelihood: -6051.529860
[00:00:21] Bootstrap tree #350, logLikelihood: -5985.133300
[00:00:21] Bootstrap tree #351, logLikelihood: -5993.946298
[00:00:21] Bootstrap tree #352, logLikelihood: -6043.827904
[00:00:21] Bootstrap tree #353, logLikelihood: -5960.233549
[00:00:21] Bootstrap tree #354, logLikelihood: -5903.868029
[00:00:21] Bootstrap tree #355, logLikelihood: -6031.449821
[00:00:21] Bootstrap tree #356, logLikelihood: -5973.435151
[00:00:21] Bootstrap tree #357, logLikelihood: -5894.082363
[00:00:21] Bootstrap tree #358, logLikelihood: -5943.695650
[00:00:21] Bootstrap tree #359, logLikelihood: -5934.434441
[00:00:21] Bootstrap tree #360, logLikelihood: -6039.414267
[00:00:21] Bootstrap tree #361, logLikelihood: -6028.791239
[00:00:21] Bootstrap tree #362, logLikelihood: -6049.607885
[00:00:22] Bootstrap tree #363, logLikelihood: -5976.119422
[00:00:22] Bootstrap tree #364, logLikelihood: -5924.014618
[00:00:22] Bootstrap tree #365, logLikelihood: -5931.398256
[00:00:22] Bootstrap tree #366, logLikelihood: -5905.053977
[00:00:22] Bootstrap tree #367, logLikelihood: -6043.024207
[00:00:22] Bootstrap tree #368, logLikelihood: -5952.751028
[00:00:22] Bootstrap tree #369, logLikelihood: -6044.541820
[00:00:22] Bootstrap tree #370, logLikelihood: -5975.335716
[00:00:22] Bootstrap tree #371, logLikelihood: -5926.900889
[00:00:22] Bootstrap tree #372, logLikelihood: -5921.226676
[00:00:22] Bootstrap tree #373, logLikelihood: -6049.075771
[00:00:22] Bootstrap tree #374, logLikelihood: -6033.328957
[00:00:22] Bootstrap tree #375, logLikelihood: -5962.370457
[00:00:22] Bootstrap tree #376, logLikelihood: -5935.967859
[00:00:22] Bootstrap tree #377, logLikelihood: -5982.301911
[00:00:22] Bootstrap tree #378, logLikelihood: -6010.041853
[00:00:23] Bootstrap tree #379, logLikelihood: -5881.119938
[00:00:23] Bootstrap tree #380, logLikelihood: -6062.646415
[00:00:23] Bootstrap tree #381, logLikelihood: -5938.184111
[00:00:23] Bootstrap tree #382, logLikelihood: -5957.795184
[00:00:23] Bootstrap tree #383, logLikelihood: -5962.509299
[00:00:23] Bootstrap tree #384, logLikelihood: -6139.668182
[00:00:23] Bootstrap tree #385, logLikelihood: -5871.318346
[00:00:23] Bootstrap tree #386, logLikelihood: -5920.904150
[00:00:23] Bootstrap tree #387, logLikelihood: -5922.867552
[00:00:23] Bootstrap tree #388, logLikelihood: -5957.290018
[00:00:23] Bootstrap tree #389, logLikelihood: -5976.810020
[00:00:23] Bootstrap tree #390, logLikelihood: -5966.749064
[00:00:23] Bootstrap tree #391, logLikelihood: -6006.983970
[00:00:23] Bootstrap tree #392, logLikelihood: -6021.540615
[00:00:23] Bootstrap tree #393, logLikelihood: -5963.197803
[00:00:23] Bootstrap tree #394, logLikelihood: -5919.093343
[00:00:23] Bootstrap tree #395, logLikelihood: -5958.722297
[00:00:24] Bootstrap tree #396, logLikelihood: -6057.101340
[00:00:24] Bootstrap tree #397, logLikelihood: -6026.888279
[00:00:24] Bootstrap tree #398, logLikelihood: -5919.030441
[00:00:24] Bootstrap tree #399, logLikelihood: -6025.646286
[00:00:24] Bootstrap tree #400, logLikelihood: -5941.424225
[00:00:24] Bootstrap tree #401, logLikelihood: -5955.544057
[00:00:24] Bootstrap tree #402, logLikelihood: -6000.031968
[00:00:24] Bootstrap tree #403, logLikelihood: -5920.841497
[00:00:24] Bootstrap tree #404, logLikelihood: -5956.076851
[00:00:24] Bootstrap tree #405, logLikelihood: -5887.164591
[00:00:24] Bootstrap tree #406, logLikelihood: -5982.962075
[00:00:24] Bootstrap tree #407, logLikelihood: -6005.945802
[00:00:24] Bootstrap tree #408, logLikelihood: -6010.464721
[00:00:24] Bootstrap tree #409, logLikelihood: -5945.040870
[00:00:24] Bootstrap tree #410, logLikelihood: -6017.517354
[00:00:24] Bootstrap tree #411, logLikelihood: -5966.526635
[00:00:24] Bootstrap tree #412, logLikelihood: -5919.824015
[00:00:24] Bootstrap tree #413, logLikelihood: -5910.070017
[00:00:25] Bootstrap tree #414, logLikelihood: -5963.994611
[00:00:25] Bootstrap tree #415, logLikelihood: -5997.840633
[00:00:25] Bootstrap tree #416, logLikelihood: -6012.476181
[00:00:25] Bootstrap tree #417, logLikelihood: -6020.099480
[00:00:25] Bootstrap tree #418, logLikelihood: -5992.359806
[00:00:25] Bootstrap tree #419, logLikelihood: -5951.246332
[00:00:25] Bootstrap tree #420, logLikelihood: -6034.068907
[00:00:25] Bootstrap tree #421, logLikelihood: -5929.390740
[00:00:25] Bootstrap tree #422, logLikelihood: -6038.520340
[00:00:25] Bootstrap tree #423, logLikelihood: -6025.084686
[00:00:25] Bootstrap tree #424, logLikelihood: -5895.001451
[00:00:25] Bootstrap tree #425, logLikelihood: -6038.985254
[00:00:25] Bootstrap tree #426, logLikelihood: -6009.756107
[00:00:25] Bootstrap tree #427, logLikelihood: -5985.685731
[00:00:25] Bootstrap tree #428, logLikelihood: -5936.909131
[00:00:25] Bootstrap tree #429, logLikelihood: -6088.808712
[00:00:25] Bootstrap tree #430, logLikelihood: -6092.466414
[00:00:26] Bootstrap tree #431, logLikelihood: -6048.201213
[00:00:26] Bootstrap tree #432, logLikelihood: -6080.923496
[00:00:26] Bootstrap tree #433, logLikelihood: -5957.010944
[00:00:26] Bootstrap tree #434, logLikelihood: -5930.091967
[00:00:26] Bootstrap tree #435, logLikelihood: -6061.358712
[00:00:26] Bootstrap tree #436, logLikelihood: -5932.136037
[00:00:26] Bootstrap tree #437, logLikelihood: -6018.899200
[00:00:26] Bootstrap tree #438, logLikelihood: -5959.281938
[00:00:26] Bootstrap tree #439, logLikelihood: -5946.006559
[00:00:26] Bootstrap tree #440, logLikelihood: -5976.954461
[00:00:26] Bootstrap tree #441, logLikelihood: -5986.736813
[00:00:26] Bootstrap tree #442, logLikelihood: -6044.791260
[00:00:26] Bootstrap tree #443, logLikelihood: -5966.071344
[00:00:26] Bootstrap tree #444, logLikelihood: -5960.044339
[00:00:26] Bootstrap tree #445, logLikelihood: -6047.576873
[00:00:26] Bootstrap tree #446, logLikelihood: -5940.961566
[00:00:27] Bootstrap tree #447, logLikelihood: -5982.256160
[00:00:27] Bootstrap tree #448, logLikelihood: -5926.491206
[00:00:27] Bootstrap tree #449, logLikelihood: -6028.280798
[00:00:27] Bootstrap tree #450, logLikelihood: -5929.125218
[00:00:27] Bootstrap tree #451, logLikelihood: -5962.650954
[00:00:27] Bootstrap tree #452, logLikelihood: -5926.621521
[00:00:27] Bootstrap tree #453, logLikelihood: -5987.811334
[00:00:27] Bootstrap tree #454, logLikelihood: -5938.713907
[00:00:27] Bootstrap tree #455, logLikelihood: -5938.899694
[00:00:27] Bootstrap tree #456, logLikelihood: -5865.714244
[00:00:27] Bootstrap tree #457, logLikelihood: -5954.400767
[00:00:27] Bootstrap tree #458, logLikelihood: -5984.214617
[00:00:27] Bootstrap tree #459, logLikelihood: -6054.748082
[00:00:27] Bootstrap tree #460, logLikelihood: -6061.070626
[00:00:27] Bootstrap tree #461, logLikelihood: -6004.705935
[00:00:27] Bootstrap tree #462, logLikelihood: -6002.907054
[00:00:27] Bootstrap tree #463, logLikelihood: -6022.436694
[00:00:28] Bootstrap tree #464, logLikelihood: -5925.856266
[00:00:28] Bootstrap tree #465, logLikelihood: -6017.005214
[00:00:28] Bootstrap tree #466, logLikelihood: -6093.232970
[00:00:28] Bootstrap tree #467, logLikelihood: -6024.135981
[00:00:28] Bootstrap tree #468, logLikelihood: -5929.907547
[00:00:28] Bootstrap tree #469, logLikelihood: -5849.294114
[00:00:28] Bootstrap tree #470, logLikelihood: -5958.451189
[00:00:28] Bootstrap tree #471, logLikelihood: -6055.455804
[00:00:28] Bootstrap tree #472, logLikelihood: -5972.827586
[00:00:28] Bootstrap tree #473, logLikelihood: -6017.196312
[00:00:28] Bootstrap tree #474, logLikelihood: -5975.493361
[00:00:28] Bootstrap tree #475, logLikelihood: -6015.101036
[00:00:28] Bootstrap tree #476, logLikelihood: -6036.829748
[00:00:28] Bootstrap tree #477, logLikelihood: -5868.605851
[00:00:28] Bootstrap tree #478, logLikelihood: -6006.182545
[00:00:29] Bootstrap tree #479, logLikelihood: -5953.534767
[00:00:29] Bootstrap tree #480, logLikelihood: -5928.834045
[00:00:29] Bootstrap tree #481, logLikelihood: -6015.343810
[00:00:29] Bootstrap tree #482, logLikelihood: -5977.028947
[00:00:29] Bootstrap tree #483, logLikelihood: -6051.003397
[00:00:29] Bootstrap tree #484, logLikelihood: -6011.522673
[00:00:29] Bootstrap tree #485, logLikelihood: -5886.388075
[00:00:29] Bootstrap tree #486, logLikelihood: -5972.802056
[00:00:29] Bootstrap tree #487, logLikelihood: -5930.161521
[00:00:29] Bootstrap tree #488, logLikelihood: -5961.189095
[00:00:29] Bootstrap tree #489, logLikelihood: -5875.097621
[00:00:29] Bootstrap tree #490, logLikelihood: -5985.079914
[00:00:29] Bootstrap tree #491, logLikelihood: -6021.727565
[00:00:29] Bootstrap tree #492, logLikelihood: -6024.838223
[00:00:29] Bootstrap tree #493, logLikelihood: -6039.862909
[00:00:29] Bootstrap tree #494, logLikelihood: -5955.325174
[00:00:30] Bootstrap tree #495, logLikelihood: -5940.376581
[00:00:30] Bootstrap tree #496, logLikelihood: -5937.005369
[00:00:30] Bootstrap tree #497, logLikelihood: -5965.017677
[00:00:30] Bootstrap tree #498, logLikelihood: -5965.299281
[00:00:30] Bootstrap tree #499, logLikelihood: -5956.899574
[00:00:30] Bootstrap tree #500, logLikelihood: -5885.680883
[00:00:30] Bootstrap tree #501, logLikelihood: -5924.831333
[00:00:30] Bootstrap tree #502, logLikelihood: -6021.365342
[00:00:30] Bootstrap tree #503, logLikelihood: -5966.404584
[00:00:30] Bootstrap tree #504, logLikelihood: -6072.697730
[00:00:30] Bootstrap tree #505, logLikelihood: -5879.144949
[00:00:30] Bootstrap tree #506, logLikelihood: -6068.098224
[00:00:30] Bootstrap tree #507, logLikelihood: -5868.641043
[00:00:30] Bootstrap tree #508, logLikelihood: -5987.039711
[00:00:30] Bootstrap tree #509, logLikelihood: -5974.051865
[00:00:30] Bootstrap tree #510, logLikelihood: -6035.724777
[00:00:31] Bootstrap tree #511, logLikelihood: -5976.286182
[00:00:31] Bootstrap tree #512, logLikelihood: -5909.448946
[00:00:31] Bootstrap tree #513, logLikelihood: -5966.545697
[00:00:31] Bootstrap tree #514, logLikelihood: -6001.357120
[00:00:31] Bootstrap tree #515, logLikelihood: -6063.003076
[00:00:31] Bootstrap tree #516, logLikelihood: -6081.479974
[00:00:31] Bootstrap tree #517, logLikelihood: -5987.482591
[00:00:31] Bootstrap tree #518, logLikelihood: -6002.405277
[00:00:31] Bootstrap tree #519, logLikelihood: -5948.042243
[00:00:31] Bootstrap tree #520, logLikelihood: -5876.517019
[00:00:31] Bootstrap tree #521, logLikelihood: -6035.972276
[00:00:31] Bootstrap tree #522, logLikelihood: -6014.390698
[00:00:31] Bootstrap tree #523, logLikelihood: -5949.757342
[00:00:31] Bootstrap tree #524, logLikelihood: -5907.644809
[00:00:31] Bootstrap tree #525, logLikelihood: -5972.529169
[00:00:31] Bootstrap tree #526, logLikelihood: -5956.698741
[00:00:32] Bootstrap tree #527, logLikelihood: -5889.417983
[00:00:32] Bootstrap tree #528, logLikelihood: -6016.604089
[00:00:32] Bootstrap tree #529, logLikelihood: -5908.633243
[00:00:32] Bootstrap tree #530, logLikelihood: -5984.456560
[00:00:32] Bootstrap tree #531, logLikelihood: -5982.974412
[00:00:32] Bootstrap tree #532, logLikelihood: -5921.405316
[00:00:32] Bootstrap tree #533, logLikelihood: -5969.535091
[00:00:32] Bootstrap tree #534, logLikelihood: -5970.151435
[00:00:32] Bootstrap tree #535, logLikelihood: -6033.023552
[00:00:32] Bootstrap tree #536, logLikelihood: -5910.965667
[00:00:32] Bootstrap tree #537, logLikelihood: -5888.697526
[00:00:32] Bootstrap tree #538, logLikelihood: -5965.217403
[00:00:32] Bootstrap tree #539, logLikelihood: -6089.410967
[00:00:32] Bootstrap tree #540, logLikelihood: -5926.743291
[00:00:32] Bootstrap tree #541, logLikelihood: -5894.448456
[00:00:33] Bootstrap tree #542, logLikelihood: -5961.462423
[00:00:33] Bootstrap tree #543, logLikelihood: -5967.150059
[00:00:33] Bootstrap tree #544, logLikelihood: -6031.599009
[00:00:33] Bootstrap tree #545, logLikelihood: -5899.699061
[00:00:33] Bootstrap tree #546, logLikelihood: -5997.255300
[00:00:33] Bootstrap tree #547, logLikelihood: -5987.149415
[00:00:33] Bootstrap tree #548, logLikelihood: -6054.021311
[00:00:33] Bootstrap tree #549, logLikelihood: -5838.044325
[00:00:33] Bootstrap tree #550, logLikelihood: -6014.924108
[00:00:33] Bootstrap tree #551, logLikelihood: -6028.142952
[00:00:33] Bootstrap tree #552, logLikelihood: -5958.798032
[00:00:33] Bootstrap tree #553, logLikelihood: -6058.598165
[00:00:33] Bootstrap tree #554, logLikelihood: -5995.276513
[00:00:33] Bootstrap tree #555, logLikelihood: -5957.272316
[00:00:33] Bootstrap tree #556, logLikelihood: -5905.451414
[00:00:33] Bootstrap tree #557, logLikelihood: -5932.361416
[00:00:33] Bootstrap tree #558, logLikelihood: -6036.054788
[00:00:34] Bootstrap tree #559, logLikelihood: -6067.691953
[00:00:34] Bootstrap tree #560, logLikelihood: -5977.698948
[00:00:34] Bootstrap tree #561, logLikelihood: -5947.484886
[00:00:34] Bootstrap tree #562, logLikelihood: -6029.578538
[00:00:34] Bootstrap tree #563, logLikelihood: -6140.768976
[00:00:34] Bootstrap tree #564, logLikelihood: -5962.473113
[00:00:34] Bootstrap tree #565, logLikelihood: -6017.390086
[00:00:34] Bootstrap tree #566, logLikelihood: -6001.119618
[00:00:34] Bootstrap tree #567, logLikelihood: -6104.496918
[00:00:34] Bootstrap tree #568, logLikelihood: -6040.150081
[00:00:34] Bootstrap tree #569, logLikelihood: -6034.378335
[00:00:34] Bootstrap tree #570, logLikelihood: -6020.580674
[00:00:34] Bootstrap tree #571, logLikelihood: -5976.735906
[00:00:34] Bootstrap tree #572, logLikelihood: -6064.523999
[00:00:34] Bootstrap tree #573, logLikelihood: -5959.419775
[00:00:35] Bootstrap tree #574, logLikelihood: -6012.976587
[00:00:35] Bootstrap tree #575, logLikelihood: -6042.764519
[00:00:35] Bootstrap tree #576, logLikelihood: -6071.796591
[00:00:35] Bootstrap tree #577, logLikelihood: -6047.334781
[00:00:35] Bootstrap tree #578, logLikelihood: -5957.234079
[00:00:35] Bootstrap tree #579, logLikelihood: -5916.103527
[00:00:35] Bootstrap tree #580, logLikelihood: -5983.146906
[00:00:35] Bootstrap tree #581, logLikelihood: -6014.016954
[00:00:35] Bootstrap tree #582, logLikelihood: -5969.810582
[00:00:35] Bootstrap tree #583, logLikelihood: -6046.927655
[00:00:35] Bootstrap tree #584, logLikelihood: -5962.630594
[00:00:35] Bootstrap tree #585, logLikelihood: -6046.520204
[00:00:35] Bootstrap tree #586, logLikelihood: -5939.393310
[00:00:35] Bootstrap tree #587, logLikelihood: -6003.354996
[00:00:35] Bootstrap tree #588, logLikelihood: -5960.798056
[00:00:35] Bootstrap tree #589, logLikelihood: -5930.713981
[00:00:35] Bootstrap tree #590, logLikelihood: -5959.739663
[00:00:36] Bootstrap tree #591, logLikelihood: -5974.917161
[00:00:36] Bootstrap tree #592, logLikelihood: -6036.231726
[00:00:36] Bootstrap tree #593, logLikelihood: -5899.282352
[00:00:36] Bootstrap tree #594, logLikelihood: -5933.458916
[00:00:36] Bootstrap tree #595, logLikelihood: -6069.679244
[00:00:36] Bootstrap tree #596, logLikelihood: -5987.378911
[00:00:36] Bootstrap tree #597, logLikelihood: -5874.106736
[00:00:36] Bootstrap tree #598, logLikelihood: -5974.900260
[00:00:36] Bootstrap tree #599, logLikelihood: -5922.094522
[00:00:36] Bootstrap tree #600, logLikelihood: -6048.680584
[00:00:36] Bootstrap tree #601, logLikelihood: -5987.174650
[00:00:36] Bootstrap tree #602, logLikelihood: -6001.521121
[00:00:36] Bootstrap tree #603, logLikelihood: -5771.884927
[00:00:36] Bootstrap tree #604, logLikelihood: -6010.585802
[00:00:36] Bootstrap tree #605, logLikelihood: -6001.562580
[00:00:36] Bootstrap tree #606, logLikelihood: -5902.216112
[00:00:36] Bootstrap tree #607, logLikelihood: -5882.275259
[00:00:37] Bootstrap tree #608, logLikelihood: -5937.847885
[00:00:37] Bootstrap tree #609, logLikelihood: -5950.723297
[00:00:37] Bootstrap tree #610, logLikelihood: -5943.135113
[00:00:37] Bootstrap tree #611, logLikelihood: -6049.569243
[00:00:37] Bootstrap tree #612, logLikelihood: -6079.750102
[00:00:37] Bootstrap tree #613, logLikelihood: -5956.979624
[00:00:37] Bootstrap tree #614, logLikelihood: -6052.010158
[00:00:37] Bootstrap tree #615, logLikelihood: -5937.823246
[00:00:37] Bootstrap tree #616, logLikelihood: -5981.397747
[00:00:37] Bootstrap tree #617, logLikelihood: -5933.139557
[00:00:37] Bootstrap tree #618, logLikelihood: -6010.376808
[00:00:37] Bootstrap tree #619, logLikelihood: -5984.886247
[00:00:37] Bootstrap tree #620, logLikelihood: -6019.336230
[00:00:37] Bootstrap tree #621, logLikelihood: -6063.846287
[00:00:38] Bootstrap tree #622, logLikelihood: -5895.148606
[00:00:38] Bootstrap tree #623, logLikelihood: -5995.714606
[00:00:38] Bootstrap tree #624, logLikelihood: -5972.120975
[00:00:38] Bootstrap tree #625, logLikelihood: -5889.897006
[00:00:38] Bootstrap tree #626, logLikelihood: -5944.560703
[00:00:38] Bootstrap tree #627, logLikelihood: -5979.360392
[00:00:38] Bootstrap tree #628, logLikelihood: -5996.385882
[00:00:38] Bootstrap tree #629, logLikelihood: -5993.252955
[00:00:38] Bootstrap tree #630, logLikelihood: -5936.831835
[00:00:38] Bootstrap tree #631, logLikelihood: -5963.416686
[00:00:38] Bootstrap tree #632, logLikelihood: -5939.390361
[00:00:38] Bootstrap tree #633, logLikelihood: -6096.238881
[00:00:38] Bootstrap tree #634, logLikelihood: -5901.323873
[00:00:38] Bootstrap tree #635, logLikelihood: -5856.213335
[00:00:38] Bootstrap tree #636, logLikelihood: -5878.962882
[00:00:38] Bootstrap tree #637, logLikelihood: -5984.322384
[00:00:39] Bootstrap tree #638, logLikelihood: -6108.928442
[00:00:39] Bootstrap tree #639, logLikelihood: -6066.447727
[00:00:39] Bootstrap tree #640, logLikelihood: -6002.083717
[00:00:39] Bootstrap tree #641, logLikelihood: -5883.364729
[00:00:39] Bootstrap tree #642, logLikelihood: -5931.081357
[00:00:39] Bootstrap tree #643, logLikelihood: -5898.865175
[00:00:39] Bootstrap tree #644, logLikelihood: -6016.811740
[00:00:39] Bootstrap tree #645, logLikelihood: -6016.764545
[00:00:39] Bootstrap tree #646, logLikelihood: -5978.903255
[00:00:39] Bootstrap tree #647, logLikelihood: -5862.174902
[00:00:39] Bootstrap tree #648, logLikelihood: -5957.336521
[00:00:39] Bootstrap tree #649, logLikelihood: -5977.675805
[00:00:39] Bootstrap tree #650, logLikelihood: -6045.964122
[00:00:39] Bootstrap tree #651, logLikelihood: -5948.456998
[00:00:39] Bootstrap tree #652, logLikelihood: -6015.907810
[00:00:39] Bootstrap tree #653, logLikelihood: -5890.005822
[00:00:39] Bootstrap tree #654, logLikelihood: -6070.421046
[00:00:40] Bootstrap tree #655, logLikelihood: -6016.849840
[00:00:40] Bootstrap tree #656, logLikelihood: -5982.606860
[00:00:40] Bootstrap tree #657, logLikelihood: -5889.350916
[00:00:40] Bootstrap tree #658, logLikelihood: -5940.106744
[00:00:40] Bootstrap tree #659, logLikelihood: -5857.608195
[00:00:40] Bootstrap tree #660, logLikelihood: -6025.645858
[00:00:40] Bootstrap tree #661, logLikelihood: -6020.821377
[00:00:40] Bootstrap tree #662, logLikelihood: -5914.161147
[00:00:40] Bootstrap tree #663, logLikelihood: -6012.273790
[00:00:40] Bootstrap tree #664, logLikelihood: -5954.944937
[00:00:40] Bootstrap tree #665, logLikelihood: -5928.834757
[00:00:40] Bootstrap tree #666, logLikelihood: -5954.707620
[00:00:40] Bootstrap tree #667, logLikelihood: -6028.252621
[00:00:40] Bootstrap tree #668, logLikelihood: -6008.689787
[00:00:40] Bootstrap tree #669, logLikelihood: -5911.040044
[00:00:40] Bootstrap tree #670, logLikelihood: -5939.642518
[00:00:40] Bootstrap tree #671, logLikelihood: -5971.169847
[00:00:40] Bootstrap tree #672, logLikelihood: -5889.670154
[00:00:41] Bootstrap tree #673, logLikelihood: -6071.834586
[00:00:41] Bootstrap tree #674, logLikelihood: -5952.334714
[00:00:41] Bootstrap tree #675, logLikelihood: -5952.187729
[00:00:41] Bootstrap tree #676, logLikelihood: -5922.887434
[00:00:41] Bootstrap tree #677, logLikelihood: -5889.065292
[00:00:41] Bootstrap tree #678, logLikelihood: -5930.445130
[00:00:41] Bootstrap tree #679, logLikelihood: -5973.696050
[00:00:41] Bootstrap tree #680, logLikelihood: -5946.709031
[00:00:41] Bootstrap tree #681, logLikelihood: -5910.956412
[00:00:41] Bootstrap tree #682, logLikelihood: -6000.384023
[00:00:41] Bootstrap tree #683, logLikelihood: -5977.206395
[00:00:41] Bootstrap tree #684, logLikelihood: -6051.405120
[00:00:41] Bootstrap tree #685, logLikelihood: -5898.336614
[00:00:41] Bootstrap tree #686, logLikelihood: -6034.733575
[00:00:41] Bootstrap tree #687, logLikelihood: -5989.558226
[00:00:41] Bootstrap tree #688, logLikelihood: -5990.656128
[00:00:42] Bootstrap tree #689, logLikelihood: -5965.282487
[00:00:42] Bootstrap tree #690, logLikelihood: -5980.441083
[00:00:42] Bootstrap tree #691, logLikelihood: -5970.142183
[00:00:42] Bootstrap tree #692, logLikelihood: -6037.249236
[00:00:42] Bootstrap tree #693, logLikelihood: -5983.581438
[00:00:42] Bootstrap tree #694, logLikelihood: -5874.728584
[00:00:42] Bootstrap tree #695, logLikelihood: -5861.514137
[00:00:42] Bootstrap tree #696, logLikelihood: -6092.097478
[00:00:42] Bootstrap tree #697, logLikelihood: -5947.409800
[00:00:42] Bootstrap tree #698, logLikelihood: -5873.994755
[00:00:42] Bootstrap tree #699, logLikelihood: -5991.990330
[00:00:42] Bootstrap tree #700, logLikelihood: -6017.936170
[00:00:42] Bootstrap tree #701, logLikelihood: -5908.921277
[00:00:42] Bootstrap tree #702, logLikelihood: -6045.992664
[00:00:42] Bootstrap tree #703, logLikelihood: -5989.520950
[00:00:42] Bootstrap tree #704, logLikelihood: -6024.450140
[00:00:42] Bootstrap tree #705, logLikelihood: -5908.166640
[00:00:42] Bootstrap tree #706, logLikelihood: -5997.497873
[00:00:43] Bootstrap tree #707, logLikelihood: -5949.981614
[00:00:43] Bootstrap tree #708, logLikelihood: -5962.210717
[00:00:43] Bootstrap tree #709, logLikelihood: -5901.175891
[00:00:43] Bootstrap tree #710, logLikelihood: -5998.187235
[00:00:43] Bootstrap tree #711, logLikelihood: -5974.331940
[00:00:43] Bootstrap tree #712, logLikelihood: -6031.310208
[00:00:43] Bootstrap tree #713, logLikelihood: -5920.897412
[00:00:43] Bootstrap tree #714, logLikelihood: -5981.816586
[00:00:43] Bootstrap tree #715, logLikelihood: -6038.051958
[00:00:43] Bootstrap tree #716, logLikelihood: -5890.609419
[00:00:43] Bootstrap tree #717, logLikelihood: -6009.244875
[00:00:43] Bootstrap tree #718, logLikelihood: -6005.743751
[00:00:43] Bootstrap tree #719, logLikelihood: -5930.266156
[00:00:43] Bootstrap tree #720, logLikelihood: -6040.566209
[00:00:43] Bootstrap tree #721, logLikelihood: -5991.172393
[00:00:43] Bootstrap tree #722, logLikelihood: -5988.515434
[00:00:44] Bootstrap tree #723, logLikelihood: -6064.455967
[00:00:44] Bootstrap tree #724, logLikelihood: -6064.565478
[00:00:44] Bootstrap tree #725, logLikelihood: -6048.715381
[00:00:44] Bootstrap tree #726, logLikelihood: -5956.006489
[00:00:44] Bootstrap tree #727, logLikelihood: -5943.312857
[00:00:44] Bootstrap tree #728, logLikelihood: -5974.469706
[00:00:44] Bootstrap tree #729, logLikelihood: -6040.377733
[00:00:44] Bootstrap tree #730, logLikelihood: -6026.124203
[00:00:44] Bootstrap tree #731, logLikelihood: -5993.557680
[00:00:44] Bootstrap tree #732, logLikelihood: -5931.129017
[00:00:44] Bootstrap tree #733, logLikelihood: -5913.531407
[00:00:44] Bootstrap tree #734, logLikelihood: -5884.272758
[00:00:44] Bootstrap tree #735, logLikelihood: -6052.473197
[00:00:44] Bootstrap tree #736, logLikelihood: -5948.089736
[00:00:44] Bootstrap tree #737, logLikelihood: -6043.035419
[00:00:44] Bootstrap tree #738, logLikelihood: -5881.777326
[00:00:44] Bootstrap tree #739, logLikelihood: -5980.429502
[00:00:44] Bootstrap tree #740, logLikelihood: -6026.402238
[00:00:45] Bootstrap tree #741, logLikelihood: -5919.486479
[00:00:45] Bootstrap tree #742, logLikelihood: -5934.106209
[00:00:45] Bootstrap tree #743, logLikelihood: -6000.370113
[00:00:45] Bootstrap tree #744, logLikelihood: -6049.356212
[00:00:45] Bootstrap tree #745, logLikelihood: -5952.721601
[00:00:45] Bootstrap tree #746, logLikelihood: -5947.731229
[00:00:45] Bootstrap tree #747, logLikelihood: -5936.847373
[00:00:45] Bootstrap tree #748, logLikelihood: -5989.073791
[00:00:45] Bootstrap tree #749, logLikelihood: -6035.171510
[00:00:45] Bootstrap tree #750, logLikelihood: -5975.410782
[00:00:45] Bootstrap tree #751, logLikelihood: -5927.472970
[00:00:45] Bootstrap tree #752, logLikelihood: -5997.155434
[00:00:45] Bootstrap tree #753, logLikelihood: -6035.459473
[00:00:45] Bootstrap tree #754, logLikelihood: -5992.595782
[00:00:45] Bootstrap tree #755, logLikelihood: -5935.350477
[00:00:45] Bootstrap tree #756, logLikelihood: -5888.890980
[00:00:45] Bootstrap tree #757, logLikelihood: -5902.584285
[00:00:46] Bootstrap tree #758, logLikelihood: -5919.595177
[00:00:46] Bootstrap tree #759, logLikelihood: -5962.546474
[00:00:46] Bootstrap tree #760, logLikelihood: -5886.379476
[00:00:46] Bootstrap tree #761, logLikelihood: -5989.831364
[00:00:46] Bootstrap tree #762, logLikelihood: -5989.931422
[00:00:46] Bootstrap tree #763, logLikelihood: -5858.778012
[00:00:46] Bootstrap tree #764, logLikelihood: -5929.697952
[00:00:46] Bootstrap tree #765, logLikelihood: -5918.744974
[00:00:46] Bootstrap tree #766, logLikelihood: -5951.904995
[00:00:46] Bootstrap tree #767, logLikelihood: -5938.039020
[00:00:46] Bootstrap tree #768, logLikelihood: -5947.478029
[00:00:46] Bootstrap tree #769, logLikelihood: -6039.529233
[00:00:46] Bootstrap tree #770, logLikelihood: -5948.232209
[00:00:46] Bootstrap tree #771, logLikelihood: -5995.915883
[00:00:46] Bootstrap tree #772, logLikelihood: -5952.312732
[00:00:46] Bootstrap tree #773, logLikelihood: -6015.238061
[00:00:46] Bootstrap tree #774, logLikelihood: -5978.204721
[00:00:47] Bootstrap tree #775, logLikelihood: -5977.636719
[00:00:47] Bootstrap tree #776, logLikelihood: -5914.580716
[00:00:47] Bootstrap tree #777, logLikelihood: -5810.657594
[00:00:47] Bootstrap tree #778, logLikelihood: -5951.721350
[00:00:47] Bootstrap tree #779, logLikelihood: -5967.928368
[00:00:47] Bootstrap tree #780, logLikelihood: -5935.489560
[00:00:47] Bootstrap tree #781, logLikelihood: -5975.103772
[00:00:47] Bootstrap tree #782, logLikelihood: -6053.918628
[00:00:47] Bootstrap tree #783, logLikelihood: -5947.834193
[00:00:47] Bootstrap tree #784, logLikelihood: -5924.140716
[00:00:47] Bootstrap tree #785, logLikelihood: -6041.005467
[00:00:47] Bootstrap tree #786, logLikelihood: -6046.443119
[00:00:47] Bootstrap tree #787, logLikelihood: -5851.919486
[00:00:47] Bootstrap tree #788, logLikelihood: -6032.097424
[00:00:47] Bootstrap tree #789, logLikelihood: -5985.810472
[00:00:47] Bootstrap tree #790, logLikelihood: -5994.770074
[00:00:48] Bootstrap tree #791, logLikelihood: -5952.971495
[00:00:48] Bootstrap tree #792, logLikelihood: -6024.065529
[00:00:48] Bootstrap tree #793, logLikelihood: -6031.581485
[00:00:48] Bootstrap tree #794, logLikelihood: -5927.566245
[00:00:48] Bootstrap tree #795, logLikelihood: -5998.253023
[00:00:48] Bootstrap tree #796, logLikelihood: -5964.424234
[00:00:48] Bootstrap tree #797, logLikelihood: -5992.277288
[00:00:48] Bootstrap tree #798, logLikelihood: -5938.866374
[00:00:48] Bootstrap tree #799, logLikelihood: -6016.318095
[00:00:48] Bootstrap tree #800, logLikelihood: -6018.323901
[00:00:48] Bootstrap tree #801, logLikelihood: -6054.877268
[00:00:48] Bootstrap tree #802, logLikelihood: -5846.415923
[00:00:48] Bootstrap tree #803, logLikelihood: -5994.245267
[00:00:48] Bootstrap tree #804, logLikelihood: -5937.385097
[00:00:48] Bootstrap tree #805, logLikelihood: -5993.865973
[00:00:48] Bootstrap tree #806, logLikelihood: -6133.827513
[00:00:48] Bootstrap tree #807, logLikelihood: -5786.847835
[00:00:49] Bootstrap tree #808, logLikelihood: -6055.009243
[00:00:49] Bootstrap tree #809, logLikelihood: -6037.862511
[00:00:49] Bootstrap tree #810, logLikelihood: -6011.299039
[00:00:49] Bootstrap tree #811, logLikelihood: -5987.060253
[00:00:49] Bootstrap tree #812, logLikelihood: -5971.376908
[00:00:49] Bootstrap tree #813, logLikelihood: -6080.067562
[00:00:49] Bootstrap tree #814, logLikelihood: -6006.783814
[00:00:49] Bootstrap tree #815, logLikelihood: -5919.565410
[00:00:49] Bootstrap tree #816, logLikelihood: -5952.643527
[00:00:49] Bootstrap tree #817, logLikelihood: -5991.372062
[00:00:49] Bootstrap tree #818, logLikelihood: -5929.938445
[00:00:49] Bootstrap tree #819, logLikelihood: -5986.320353
[00:00:49] Bootstrap tree #820, logLikelihood: -6028.125847
[00:00:49] Bootstrap tree #821, logLikelihood: -5957.277830
[00:00:49] Bootstrap tree #822, logLikelihood: -6022.407897
[00:00:49] Bootstrap tree #823, logLikelihood: -5922.345224
[00:00:49] Bootstrap tree #824, logLikelihood: -6028.576121
[00:00:50] Bootstrap tree #825, logLikelihood: -5959.721024
[00:00:50] Bootstrap tree #826, logLikelihood: -5931.180438
[00:00:50] Bootstrap tree #827, logLikelihood: -6015.893601
[00:00:50] Bootstrap tree #828, logLikelihood: -5961.734104
[00:00:50] Bootstrap tree #829, logLikelihood: -5967.408989
[00:00:50] Bootstrap tree #830, logLikelihood: -5977.116386
[00:00:50] Bootstrap tree #831, logLikelihood: -5957.368217
[00:00:50] Bootstrap tree #832, logLikelihood: -6064.423369
[00:00:50] Bootstrap tree #833, logLikelihood: -5886.667126
[00:00:50] Bootstrap tree #834, logLikelihood: -5961.679780
[00:00:50] Bootstrap tree #835, logLikelihood: -6001.198288
[00:00:50] Bootstrap tree #836, logLikelihood: -5953.550080
[00:00:50] Bootstrap tree #837, logLikelihood: -5949.918533
[00:00:50] Bootstrap tree #838, logLikelihood: -6038.824820
[00:00:50] Bootstrap tree #839, logLikelihood: -6057.238298
[00:00:50] Bootstrap tree #840, logLikelihood: -6062.625347
[00:00:50] Bootstrap tree #841, logLikelihood: -5908.946030
[00:00:50] Bootstrap tree #842, logLikelihood: -6056.256165
[00:00:51] Bootstrap tree #843, logLikelihood: -5993.620637
[00:00:51] Bootstrap tree #844, logLikelihood: -5908.940778
[00:00:51] Bootstrap tree #845, logLikelihood: -5996.633827
[00:00:51] Bootstrap tree #846, logLikelihood: -5966.290559
[00:00:51] Bootstrap tree #847, logLikelihood: -6083.453948
[00:00:51] Bootstrap tree #848, logLikelihood: -5910.687687
[00:00:51] Bootstrap tree #849, logLikelihood: -5950.744923
[00:00:51] Bootstrap tree #850, logLikelihood: -5929.892168
[00:00:51] Bootstrap tree #851, logLikelihood: -5899.942058
[00:00:51] Bootstrap tree #852, logLikelihood: -5960.953347
[00:00:51] Bootstrap tree #853, logLikelihood: -6050.645217
[00:00:51] Bootstrap tree #854, logLikelihood: -5926.092201
[00:00:51] Bootstrap tree #855, logLikelihood: -6003.776462
[00:00:51] Bootstrap tree #856, logLikelihood: -5968.138900
[00:00:51] Bootstrap tree #857, logLikelihood: -5958.244511
[00:00:51] Bootstrap tree #858, logLikelihood: -5935.441213
[00:00:51] Bootstrap tree #859, logLikelihood: -5883.068863
[00:00:52] Bootstrap tree #860, logLikelihood: -5967.322054
[00:00:52] Bootstrap tree #861, logLikelihood: -5938.043583
[00:00:52] Bootstrap tree #862, logLikelihood: -5871.429460
[00:00:52] Bootstrap tree #863, logLikelihood: -6131.170189
[00:00:52] Bootstrap tree #864, logLikelihood: -6029.469347
[00:00:52] Bootstrap tree #865, logLikelihood: -5953.287904
[00:00:52] Bootstrap tree #866, logLikelihood: -6086.867526
[00:00:52] Bootstrap tree #867, logLikelihood: -5920.231009
[00:00:52] Bootstrap tree #868, logLikelihood: -6020.874691
[00:00:52] Bootstrap tree #869, logLikelihood: -5912.533686
[00:00:52] Bootstrap tree #870, logLikelihood: -5993.873258
[00:00:52] Bootstrap tree #871, logLikelihood: -6039.648572
[00:00:52] Bootstrap tree #872, logLikelihood: -5825.176835
[00:00:52] Bootstrap tree #873, logLikelihood: -5978.961217
[00:00:52] Bootstrap tree #874, logLikelihood: -6043.460673
[00:00:52] Bootstrap tree #875, logLikelihood: -6002.177335
[00:00:53] Bootstrap tree #876, logLikelihood: -5883.341740
[00:00:53] Bootstrap tree #877, logLikelihood: -5956.423551
[00:00:53] Bootstrap tree #878, logLikelihood: -6014.785706
[00:00:53] Bootstrap tree #879, logLikelihood: -5967.763779
[00:00:53] Bootstrap tree #880, logLikelihood: -5903.569275
[00:00:53] Bootstrap tree #881, logLikelihood: -6069.141374
[00:00:53] Bootstrap tree #882, logLikelihood: -5866.733787
[00:00:53] Bootstrap tree #883, logLikelihood: -5921.119377
[00:00:53] Bootstrap tree #884, logLikelihood: -5914.553601
[00:00:53] Bootstrap tree #885, logLikelihood: -5996.045574
[00:00:53] Bootstrap tree #886, logLikelihood: -5987.497339
[00:00:53] Bootstrap tree #887, logLikelihood: -5905.571010
[00:00:53] Bootstrap tree #888, logLikelihood: -5902.454347
[00:00:53] Bootstrap tree #889, logLikelihood: -5967.200312
[00:00:53] Bootstrap tree #890, logLikelihood: -6108.979653
[00:00:53] Bootstrap tree #891, logLikelihood: -6018.831154
[00:00:53] Bootstrap tree #892, logLikelihood: -5954.109390
[00:00:54] Bootstrap tree #893, logLikelihood: -5909.345707
[00:00:54] Bootstrap tree #894, logLikelihood: -6040.793194
[00:00:54] Bootstrap tree #895, logLikelihood: -5930.096538
[00:00:54] Bootstrap tree #896, logLikelihood: -6045.250978
[00:00:54] Bootstrap tree #897, logLikelihood: -6171.034223
[00:00:54] Bootstrap tree #898, logLikelihood: -5956.081318
[00:00:54] Bootstrap tree #899, logLikelihood: -6124.691805
[00:00:54] Bootstrap tree #900, logLikelihood: -5934.066294
[00:00:54] Bootstrap tree #901, logLikelihood: -5864.114536
[00:00:54] Bootstrap tree #902, logLikelihood: -5982.494431
[00:00:54] Bootstrap tree #903, logLikelihood: -5979.966325
[00:00:54] Bootstrap tree #904, logLikelihood: -5880.425454
[00:00:54] Bootstrap tree #905, logLikelihood: -6015.944297
[00:00:54] Bootstrap tree #906, logLikelihood: -5994.082765
[00:00:54] Bootstrap tree #907, logLikelihood: -6088.599474
[00:00:54] Bootstrap tree #908, logLikelihood: -5967.936965
[00:00:55] Bootstrap tree #909, logLikelihood: -5931.251643
[00:00:55] Bootstrap tree #910, logLikelihood: -5895.740871
[00:00:55] Bootstrap tree #911, logLikelihood: -5947.715423
[00:00:55] Bootstrap tree #912, logLikelihood: -5771.798493
[00:00:55] Bootstrap tree #913, logLikelihood: -6038.665290
[00:00:55] Bootstrap tree #914, logLikelihood: -5993.876449
[00:00:55] Bootstrap tree #915, logLikelihood: -6092.454086
[00:00:55] Bootstrap tree #916, logLikelihood: -6102.121625
[00:00:55] Bootstrap tree #917, logLikelihood: -5980.504301
[00:00:55] Bootstrap tree #918, logLikelihood: -5951.105059
[00:00:55] Bootstrap tree #919, logLikelihood: -5876.774019
[00:00:55] Bootstrap tree #920, logLikelihood: -5983.383177
[00:00:55] Bootstrap tree #921, logLikelihood: -5979.424110
[00:00:55] Bootstrap tree #922, logLikelihood: -6015.181607
[00:00:55] Bootstrap tree #923, logLikelihood: -6055.870084
[00:00:55] Bootstrap tree #924, logLikelihood: -5857.591376
[00:00:55] Bootstrap tree #925, logLikelihood: -5961.925422
[00:00:56] Bootstrap tree #926, logLikelihood: -6025.400993
[00:00:56] Bootstrap tree #927, logLikelihood: -5921.382971
[00:00:56] Bootstrap tree #928, logLikelihood: -5925.117007
[00:00:56] Bootstrap tree #929, logLikelihood: -5966.335502
[00:00:56] Bootstrap tree #930, logLikelihood: -5958.050939
[00:00:56] Bootstrap tree #931, logLikelihood: -6053.939173
[00:00:56] Bootstrap tree #932, logLikelihood: -5941.157268
[00:00:56] Bootstrap tree #933, logLikelihood: -5872.449574
[00:00:56] Bootstrap tree #934, logLikelihood: -6013.940610
[00:00:56] Bootstrap tree #935, logLikelihood: -5934.851027
[00:00:56] Bootstrap tree #936, logLikelihood: -5904.048683
[00:00:56] Bootstrap tree #937, logLikelihood: -5943.486037
[00:00:56] Bootstrap tree #938, logLikelihood: -5975.024284
[00:00:56] Bootstrap tree #939, logLikelihood: -6036.761050
[00:00:56] Bootstrap tree #940, logLikelihood: -5932.431582
[00:00:57] Bootstrap tree #941, logLikelihood: -5962.116618
[00:00:57] Bootstrap tree #942, logLikelihood: -5941.796688
[00:00:57] Bootstrap tree #943, logLikelihood: -6022.186642
[00:00:57] Bootstrap tree #944, logLikelihood: -5978.442111
[00:00:57] Bootstrap tree #945, logLikelihood: -5919.437512
[00:00:57] Bootstrap tree #946, logLikelihood: -6002.991216
[00:00:57] Bootstrap tree #947, logLikelihood: -5987.695736
[00:00:57] Bootstrap tree #948, logLikelihood: -5925.647773
[00:00:57] Bootstrap tree #949, logLikelihood: -5950.197733
[00:00:57] Bootstrap tree #950, logLikelihood: -6047.608346
[00:00:57] Bootstrap tree #951, logLikelihood: -6066.590516
[00:00:57] Bootstrap tree #952, logLikelihood: -5985.358065
[00:00:57] Bootstrap tree #953, logLikelihood: -5952.211611
[00:00:57] Bootstrap tree #954, logLikelihood: -5924.456897
[00:00:57] Bootstrap tree #955, logLikelihood: -5969.656730
[00:00:58] Bootstrap tree #956, logLikelihood: -5975.958416
[00:00:58] Bootstrap tree #957, logLikelihood: -6077.753312
[00:00:58] Bootstrap tree #958, logLikelihood: -5961.454730
[00:00:58] Bootstrap tree #959, logLikelihood: -5909.797095
[00:00:58] Bootstrap tree #960, logLikelihood: -5944.602890
[00:00:58] Bootstrap tree #961, logLikelihood: -6011.644545
[00:00:58] Bootstrap tree #962, logLikelihood: -6045.719861
[00:00:58] Bootstrap tree #963, logLikelihood: -5948.918798
[00:00:58] Bootstrap tree #964, logLikelihood: -5920.682612
[00:00:58] Bootstrap tree #965, logLikelihood: -5852.421765
[00:00:58] Bootstrap tree #966, logLikelihood: -5888.728153
[00:00:58] Bootstrap tree #967, logLikelihood: -5978.022551
[00:00:58] Bootstrap tree #968, logLikelihood: -6005.333022
[00:00:58] Bootstrap tree #969, logLikelihood: -6002.508693
[00:00:58] Bootstrap tree #970, logLikelihood: -6019.729221
[00:00:58] Bootstrap tree #971, logLikelihood: -6043.635820
[00:00:59] Bootstrap tree #972, logLikelihood: -5954.431990
[00:00:59] Bootstrap tree #973, logLikelihood: -5926.766684
[00:00:59] Bootstrap tree #974, logLikelihood: -5916.235935
[00:00:59] Bootstrap tree #975, logLikelihood: -6060.534283
[00:00:59] Bootstrap tree #976, logLikelihood: -5928.834549
[00:00:59] Bootstrap tree #977, logLikelihood: -6013.789685
[00:00:59] Bootstrap tree #978, logLikelihood: -5888.826546
[00:00:59] Bootstrap tree #979, logLikelihood: -6051.590056
[00:00:59] Bootstrap tree #980, logLikelihood: -5842.465672
[00:00:59] Bootstrap tree #981, logLikelihood: -6003.800482
[00:00:59] Bootstrap tree #982, logLikelihood: -5966.342672
[00:00:59] Bootstrap tree #983, logLikelihood: -5928.502095
[00:00:59] Bootstrap tree #984, logLikelihood: -5934.113200
[00:00:59] Bootstrap tree #985, logLikelihood: -6067.540961
[00:00:59] Bootstrap tree #986, logLikelihood: -5996.396883
[00:00:59] Bootstrap tree #987, logLikelihood: -6004.875022
[00:01:00] Bootstrap tree #988, logLikelihood: -5933.669693
[00:01:00] Bootstrap tree #989, logLikelihood: -5907.764922
[00:01:00] Bootstrap tree #990, logLikelihood: -5995.297887
[00:01:00] Bootstrap tree #991, logLikelihood: -6010.195554
[00:01:00] Bootstrap tree #992, logLikelihood: -5883.390073
[00:01:00] Bootstrap tree #993, logLikelihood: -5806.126390
[00:01:00] Bootstrap tree #994, logLikelihood: -5871.100735
[00:01:00] Bootstrap tree #995, logLikelihood: -6076.593125
[00:01:00] Bootstrap tree #996, logLikelihood: -6078.759281
[00:01:00] Bootstrap tree #997, logLikelihood: -6066.287284
[00:01:00] Bootstrap tree #998, logLikelihood: -6042.799172
[00:01:00] Bootstrap tree #999, logLikelihood: -5975.596122
[00:01:00] Bootstrap tree #1000, logLikelihood: -6032.356985

Optimized model parameters:

   Partition 0: noname
   Rate heterogeneity: GAMMA (4 cats, mean),  alpha: 1.753240 (ML),  weights&rates: (0.250000,0.261928) (0.250000,0.625916) (0.250000,1.062383) (0.250000,2.049773) 
   Base frequencies (ML): 0.273119 0.247721 0.255599 0.223561 
   Substitution rates (ML): 2.042058 3.612401 1.332823 1.765472 5.017875 1.000000 


Final LogLikelihood: -5978.861220

AIC score: 11985.722440 / AICc score: 11986.007186 / BIC score: 12060.013880
Free parameters (model + branch lengths): 14

Best ML tree saved to: /home/seddik/Documents/Synesth/iter6/all_Cas_trees/Csy1/Tree.raxml.bestTree
All ML trees saved to: /home/seddik/Documents/Synesth/iter6/all_Cas_trees/Csy1/Tree.raxml.mlTrees
Best ML tree with Felsenstein bootstrap (FBP) support values saved to: /home/seddik/Documents/Synesth/iter6/all_Cas_trees/Csy1/Tree.raxml.support
Optimized model saved to: /home/seddik/Documents/Synesth/iter6/all_Cas_trees/Csy1/Tree.raxml.bestModel
Bootstrap trees saved to: /home/seddik/Documents/Synesth/iter6/all_Cas_trees/Csy1/Tree.raxml.bootstraps

Execution log saved to: /home/seddik/Documents/Synesth/iter6/all_Cas_trees/Csy1/Tree.raxml.log

Analysis started: 30-Jul-2024 18:50:05 / finished: 30-Jul-2024 18:51:06

Elapsed time: 60.837 seconds

