
RAxML-NG v. 0.9.0 released on 20.05.2019 by The Exelixis Lab.
Developed by: Alexey M. Kozlov and Alexandros Stamatakis.
Contributors: Diego Darriba, Tomas Flouri, Benoit Morel, Sarah Lutteropp, Ben Bettisworth.
Latest version: https://github.com/amkozlov/raxml-ng
Questions/problems/suggestions? Please visit: https://groups.google.com/forum/#!forum/raxml

RAxML-NG was called at 30-Jul-2024 15:16:03 as follows:

raxml-ng --all --msa all_Cas_aligned/all_Cas7_aligned.fna --model GTR+G --bs-trees 1000 --threads 4 --prefix all_Cas_trees/Cas7/Tree

Analysis options:
  run mode: ML tree search + bootstrapping (Felsenstein Bootstrap)
  start tree(s): random (10) + parsimony (10)
  bootstrap replicates: 1000
  random seed: 1722366963
  tip-inner: OFF
  pattern compression: ON
  per-rate scalers: OFF
  site repeats: ON
  branch lengths: proportional (ML estimate, algorithm: NR-FAST)
  SIMD kernels: AVX2
  parallelization: PTHREADS (4 threads), thread pinning: OFF

[00:00:00] Reading alignment from file: all_Cas_aligned/all_Cas7_aligned.fna
[00:00:00] Loaded alignment with 18 taxa and 1517 sites

Alignment comprises 1 partitions and 1396 patterns

Partition 0: noname
Model: GTR+FO+G4m
Alignment sites / patterns: 1517 / 1396
Gaps: 33.47 %
Invariant sites: 10.48 %


NOTE: Binary MSA file created: all_Cas_trees/Cas7/Tree.raxml.rba

[00:00:00] Generating 10 random starting tree(s) with 18 taxa
[00:00:00] Generating 10 parsimony starting tree(s) with 18 taxa
[00:00:00] Data distribution: max. partitions/sites/weight per thread: 1 / 349 / 5584

Starting ML tree search with 20 distinct starting trees

[00:00:02] ML tree search #1, logLikelihood: -22044.830018
[00:00:04] ML tree search #2, logLikelihood: -22044.817957
[00:00:06] ML tree search #3, logLikelihood: -22044.805259
[00:00:08] ML tree search #4, logLikelihood: -22044.829615
[00:00:11] ML tree search #5, logLikelihood: -22044.799598
[00:00:14] ML tree search #6, logLikelihood: -22044.799959
[00:00:16] ML tree search #7, logLikelihood: -22044.830190
[00:00:18] ML tree search #8, logLikelihood: -22044.798177
[00:00:21] ML tree search #9, logLikelihood: -22044.800205
[00:00:24] ML tree search #10, logLikelihood: -22044.825883
[00:00:26] ML tree search #11, logLikelihood: -22044.820590
[00:00:28] ML tree search #12, logLikelihood: -22044.823778
[00:00:30] ML tree search #13, logLikelihood: -22044.819121
[00:00:31] ML tree search #14, logLikelihood: -22044.814725
[00:00:33] ML tree search #15, logLikelihood: -22044.798559
[00:00:35] ML tree search #16, logLikelihood: -22044.827204
[00:00:37] ML tree search #17, logLikelihood: -22044.804003
[00:00:39] ML tree search #18, logLikelihood: -22044.811403
[00:00:41] ML tree search #19, logLikelihood: -22044.812753
[00:00:42] ML tree search #20, logLikelihood: -22044.815686

[00:00:42] ML tree search completed, best tree logLH: -22044.798177

[00:00:42] Starting bootstrapping analysis with 1000 replicates.

[00:00:45] Bootstrap tree #1, logLikelihood: -22001.100324
[00:00:46] Bootstrap tree #2, logLikelihood: -22287.874135
[00:00:48] Bootstrap tree #3, logLikelihood: -21886.263669
[00:00:50] Bootstrap tree #4, logLikelihood: -22478.078206
[00:00:52] Bootstrap tree #5, logLikelihood: -22798.082035
[00:00:54] Bootstrap tree #6, logLikelihood: -22627.031429
[00:00:55] Bootstrap tree #7, logLikelihood: -21888.882263
[00:00:57] Bootstrap tree #8, logLikelihood: -22242.456923
[00:00:59] Bootstrap tree #9, logLikelihood: -21782.032012
[00:01:00] Bootstrap tree #10, logLikelihood: -21686.584097
[00:01:02] Bootstrap tree #11, logLikelihood: -22025.789632
[00:01:04] Bootstrap tree #12, logLikelihood: -21848.928283
[00:01:07] Bootstrap tree #13, logLikelihood: -22011.879669
[00:01:09] Bootstrap tree #14, logLikelihood: -21657.933021
[00:01:11] Bootstrap tree #15, logLikelihood: -22772.255464
[00:01:13] Bootstrap tree #16, logLikelihood: -21949.501224
[00:01:15] Bootstrap tree #17, logLikelihood: -22279.225993
[00:01:17] Bootstrap tree #18, logLikelihood: -22017.508049
[00:01:18] Bootstrap tree #19, logLikelihood: -22506.298119
[00:01:20] Bootstrap tree #20, logLikelihood: -21769.880101
[00:01:22] Bootstrap tree #21, logLikelihood: -21398.511136
[00:01:24] Bootstrap tree #22, logLikelihood: -21646.715522
[00:01:25] Bootstrap tree #23, logLikelihood: -21580.094518
[00:01:28] Bootstrap tree #24, logLikelihood: -22569.443251
[00:01:30] Bootstrap tree #25, logLikelihood: -22622.978940
[00:01:32] Bootstrap tree #26, logLikelihood: -22573.522602
[00:01:33] Bootstrap tree #27, logLikelihood: -21073.173162
[00:01:35] Bootstrap tree #28, logLikelihood: -21456.593720
[00:01:37] Bootstrap tree #29, logLikelihood: -22082.549459
[00:01:39] Bootstrap tree #30, logLikelihood: -21726.346941
[00:01:40] Bootstrap tree #31, logLikelihood: -22008.423785
[00:01:42] Bootstrap tree #32, logLikelihood: -22447.513966
[00:01:44] Bootstrap tree #33, logLikelihood: -22116.345401
[00:01:47] Bootstrap tree #34, logLikelihood: -21740.662062
[00:01:49] Bootstrap tree #35, logLikelihood: -21956.117658
[00:01:50] Bootstrap tree #36, logLikelihood: -21723.530478
[00:01:52] Bootstrap tree #37, logLikelihood: -21909.431841
[00:01:54] Bootstrap tree #38, logLikelihood: -22006.925730
[00:01:55] Bootstrap tree #39, logLikelihood: -21414.741595
[00:01:57] Bootstrap tree #40, logLikelihood: -21829.583377
[00:01:59] Bootstrap tree #41, logLikelihood: -22157.620159
[00:02:01] Bootstrap tree #42, logLikelihood: -21662.130805
[00:02:02] Bootstrap tree #43, logLikelihood: -21372.626377
[00:02:04] Bootstrap tree #44, logLikelihood: -21987.414949
[00:02:06] Bootstrap tree #45, logLikelihood: -21938.888772
[00:02:08] Bootstrap tree #46, logLikelihood: -22139.037277
[00:02:09] Bootstrap tree #47, logLikelihood: -22556.729517
[00:02:11] Bootstrap tree #48, logLikelihood: -22283.639842
[00:02:14] Bootstrap tree #49, logLikelihood: -22306.883520
[00:02:15] Bootstrap tree #50, logLikelihood: -22336.503097
[00:02:17] Bootstrap tree #51, logLikelihood: -21651.237278
[00:02:19] Bootstrap tree #52, logLikelihood: -21901.862213
[00:02:21] Bootstrap tree #53, logLikelihood: -21907.271322
[00:02:23] Bootstrap tree #54, logLikelihood: -22087.973533
[00:02:25] Bootstrap tree #55, logLikelihood: -22121.135798
[00:02:27] Bootstrap tree #56, logLikelihood: -22028.011225
[00:02:28] Bootstrap tree #57, logLikelihood: -21948.233606
[00:02:30] Bootstrap tree #58, logLikelihood: -21840.172112
[00:02:32] Bootstrap tree #59, logLikelihood: -22097.786473
[00:02:34] Bootstrap tree #60, logLikelihood: -21537.979499
[00:02:36] Bootstrap tree #61, logLikelihood: -22209.083987
[00:02:38] Bootstrap tree #62, logLikelihood: -22622.315706
[00:02:40] Bootstrap tree #63, logLikelihood: -22551.233815
[00:02:42] Bootstrap tree #64, logLikelihood: -22139.831415
[00:02:44] Bootstrap tree #65, logLikelihood: -22229.765296
[00:02:46] Bootstrap tree #66, logLikelihood: -22259.114261
[00:02:48] Bootstrap tree #67, logLikelihood: -22467.049389
[00:02:49] Bootstrap tree #68, logLikelihood: -21309.964369
[00:02:51] Bootstrap tree #69, logLikelihood: -21938.820677
[00:02:54] Bootstrap tree #70, logLikelihood: -21919.792322
[00:02:56] Bootstrap tree #71, logLikelihood: -22893.315857
[00:02:57] Bootstrap tree #72, logLikelihood: -21759.623730
[00:02:59] Bootstrap tree #73, logLikelihood: -22241.699326
[00:03:01] Bootstrap tree #74, logLikelihood: -22070.040499
[00:03:03] Bootstrap tree #75, logLikelihood: -22168.520709
[00:03:05] Bootstrap tree #76, logLikelihood: -22115.168616
[00:03:07] Bootstrap tree #77, logLikelihood: -21300.636648
[00:03:08] Bootstrap tree #78, logLikelihood: -21646.229690
[00:03:10] Bootstrap tree #79, logLikelihood: -21919.077704
[00:03:12] Bootstrap tree #80, logLikelihood: -22033.474483
[00:03:14] Bootstrap tree #81, logLikelihood: -22235.186026
[00:03:16] Bootstrap tree #82, logLikelihood: -21845.169789
[00:03:18] Bootstrap tree #83, logLikelihood: -21889.649584
[00:03:20] Bootstrap tree #84, logLikelihood: -22103.529520
[00:03:22] Bootstrap tree #85, logLikelihood: -21613.732799
[00:03:24] Bootstrap tree #86, logLikelihood: -22329.741204
[00:03:26] Bootstrap tree #87, logLikelihood: -21466.477032
[00:03:28] Bootstrap tree #88, logLikelihood: -22136.878278
[00:03:29] Bootstrap tree #89, logLikelihood: -22173.073784
[00:03:31] Bootstrap tree #90, logLikelihood: -21832.506928
[00:03:33] Bootstrap tree #91, logLikelihood: -22272.358009
[00:03:34] Bootstrap tree #92, logLikelihood: -22114.693899
[00:03:36] Bootstrap tree #93, logLikelihood: -21933.693844
[00:03:37] Bootstrap tree #94, logLikelihood: -21511.098286
[00:03:39] Bootstrap tree #95, logLikelihood: -22063.648011
[00:03:40] Bootstrap tree #96, logLikelihood: -22226.685119
[00:03:42] Bootstrap tree #97, logLikelihood: -21790.284246
[00:03:44] Bootstrap tree #98, logLikelihood: -22366.551368
[00:03:46] Bootstrap tree #99, logLikelihood: -21275.959962
[00:03:49] Bootstrap tree #100, logLikelihood: -22137.287328
[00:03:51] Bootstrap tree #101, logLikelihood: -21823.513288
[00:03:53] Bootstrap tree #102, logLikelihood: -22315.421051
[00:03:54] Bootstrap tree #103, logLikelihood: -21945.612148
[00:03:56] Bootstrap tree #104, logLikelihood: -21505.186747
[00:03:58] Bootstrap tree #105, logLikelihood: -21590.412097
[00:04:00] Bootstrap tree #106, logLikelihood: -22001.018950
[00:04:02] Bootstrap tree #107, logLikelihood: -21699.005909
[00:04:04] Bootstrap tree #108, logLikelihood: -21740.670459
[00:04:06] Bootstrap tree #109, logLikelihood: -21358.573902
[00:04:08] Bootstrap tree #110, logLikelihood: -22579.586193
[00:04:09] Bootstrap tree #111, logLikelihood: -21707.196538
[00:04:12] Bootstrap tree #112, logLikelihood: -21938.009603
[00:04:13] Bootstrap tree #113, logLikelihood: -22119.003627
[00:04:15] Bootstrap tree #114, logLikelihood: -22312.474290
[00:04:17] Bootstrap tree #115, logLikelihood: -21504.248399
[00:04:20] Bootstrap tree #116, logLikelihood: -22291.558883
[00:04:22] Bootstrap tree #117, logLikelihood: -22430.000805
[00:04:24] Bootstrap tree #118, logLikelihood: -21689.332753
[00:04:26] Bootstrap tree #119, logLikelihood: -22026.227428
[00:04:28] Bootstrap tree #120, logLikelihood: -22251.116840
[00:04:29] Bootstrap tree #121, logLikelihood: -21389.140035
[00:04:31] Bootstrap tree #122, logLikelihood: -21989.757003
[00:04:33] Bootstrap tree #123, logLikelihood: -22157.721790
[00:04:35] Bootstrap tree #124, logLikelihood: -21901.042235
[00:04:37] Bootstrap tree #125, logLikelihood: -21929.375800
[00:04:39] Bootstrap tree #126, logLikelihood: -22167.942884
[00:04:41] Bootstrap tree #127, logLikelihood: -22225.936836
[00:04:43] Bootstrap tree #128, logLikelihood: -21993.420649
[00:04:45] Bootstrap tree #129, logLikelihood: -22092.551719
[00:04:46] Bootstrap tree #130, logLikelihood: -22318.339494
[00:04:48] Bootstrap tree #131, logLikelihood: -21712.008377
[00:04:50] Bootstrap tree #132, logLikelihood: -22279.505815
[00:04:53] Bootstrap tree #133, logLikelihood: -22360.221037
[00:04:55] Bootstrap tree #134, logLikelihood: -22207.719973
[00:04:57] Bootstrap tree #135, logLikelihood: -21726.405436
[00:04:59] Bootstrap tree #136, logLikelihood: -22454.940741
[00:05:01] Bootstrap tree #137, logLikelihood: -22521.244165
[00:05:03] Bootstrap tree #138, logLikelihood: -21893.112810
[00:05:05] Bootstrap tree #139, logLikelihood: -22402.237116
[00:05:07] Bootstrap tree #140, logLikelihood: -21496.049260
[00:05:09] Bootstrap tree #141, logLikelihood: -22595.012554
[00:05:10] Bootstrap tree #142, logLikelihood: -22076.883121
[00:05:12] Bootstrap tree #143, logLikelihood: -22377.894435
[00:05:13] Bootstrap tree #144, logLikelihood: -21913.570791
[00:05:16] Bootstrap tree #145, logLikelihood: -22132.845182
[00:05:17] Bootstrap tree #146, logLikelihood: -22059.962486
[00:05:19] Bootstrap tree #147, logLikelihood: -22060.958089
[00:05:21] Bootstrap tree #148, logLikelihood: -22255.461571
[00:05:23] Bootstrap tree #149, logLikelihood: -21645.495111
[00:05:25] Bootstrap tree #150, logLikelihood: -21421.689682
[00:05:26] Bootstrap tree #151, logLikelihood: -22200.074870
[00:05:28] Bootstrap tree #152, logLikelihood: -22563.531588
[00:05:30] Bootstrap tree #153, logLikelihood: -22028.680534
[00:05:32] Bootstrap tree #154, logLikelihood: -21504.473582
[00:05:34] Bootstrap tree #155, logLikelihood: -21871.427715
[00:05:35] Bootstrap tree #156, logLikelihood: -21678.049704
[00:05:37] Bootstrap tree #157, logLikelihood: -22398.303687
[00:05:39] Bootstrap tree #158, logLikelihood: -21308.898181
[00:05:41] Bootstrap tree #159, logLikelihood: -22174.865614
[00:05:43] Bootstrap tree #160, logLikelihood: -22251.222332
[00:05:44] Bootstrap tree #161, logLikelihood: -21691.982762
[00:05:46] Bootstrap tree #162, logLikelihood: -22199.015073
[00:05:48] Bootstrap tree #163, logLikelihood: -21806.698006
[00:05:50] Bootstrap tree #164, logLikelihood: -22130.811871
[00:05:52] Bootstrap tree #165, logLikelihood: -22055.493081
[00:05:54] Bootstrap tree #166, logLikelihood: -22065.677788
[00:05:56] Bootstrap tree #167, logLikelihood: -21554.430451
[00:05:58] Bootstrap tree #168, logLikelihood: -22135.978953
[00:05:59] Bootstrap tree #169, logLikelihood: -22306.431235
[00:06:01] Bootstrap tree #170, logLikelihood: -21824.243141
[00:06:03] Bootstrap tree #171, logLikelihood: -21929.058045
[00:06:05] Bootstrap tree #172, logLikelihood: -21794.899663
[00:06:07] Bootstrap tree #173, logLikelihood: -22071.649153
[00:06:10] Bootstrap tree #174, logLikelihood: -21628.830145
[00:06:12] Bootstrap tree #175, logLikelihood: -22057.992661
[00:06:14] Bootstrap tree #176, logLikelihood: -21583.028616
[00:06:16] Bootstrap tree #177, logLikelihood: -21646.635795
[00:06:18] Bootstrap tree #178, logLikelihood: -21919.696727
[00:06:20] Bootstrap tree #179, logLikelihood: -22778.664130
[00:06:22] Bootstrap tree #180, logLikelihood: -21685.387178
[00:06:23] Bootstrap tree #181, logLikelihood: -21509.026378
[00:06:26] Bootstrap tree #182, logLikelihood: -21960.536641
[00:06:28] Bootstrap tree #183, logLikelihood: -22303.118998
[00:06:29] Bootstrap tree #184, logLikelihood: -21781.186048
[00:06:31] Bootstrap tree #185, logLikelihood: -22120.089771
[00:06:33] Bootstrap tree #186, logLikelihood: -22423.454219
[00:06:34] Bootstrap tree #187, logLikelihood: -21878.912235
[00:06:37] Bootstrap tree #188, logLikelihood: -21846.612872
[00:06:38] Bootstrap tree #189, logLikelihood: -21596.051725
[00:06:40] Bootstrap tree #190, logLikelihood: -21618.081588
[00:06:42] Bootstrap tree #191, logLikelihood: -22114.658297
[00:06:43] Bootstrap tree #192, logLikelihood: -22223.518943
[00:06:45] Bootstrap tree #193, logLikelihood: -22145.367627
[00:06:47] Bootstrap tree #194, logLikelihood: -21938.954381
[00:06:49] Bootstrap tree #195, logLikelihood: -22244.701009
[00:06:51] Bootstrap tree #196, logLikelihood: -21761.573826
[00:06:53] Bootstrap tree #197, logLikelihood: -22347.829925
[00:06:55] Bootstrap tree #198, logLikelihood: -21806.204230
[00:06:57] Bootstrap tree #199, logLikelihood: -21725.906812
[00:06:59] Bootstrap tree #200, logLikelihood: -22245.240168
[00:07:02] Bootstrap tree #201, logLikelihood: -21996.840200
[00:07:03] Bootstrap tree #202, logLikelihood: -22300.157898
[00:07:05] Bootstrap tree #203, logLikelihood: -22125.965925
[00:07:07] Bootstrap tree #204, logLikelihood: -21825.285939
[00:07:09] Bootstrap tree #205, logLikelihood: -22305.112136
[00:07:11] Bootstrap tree #206, logLikelihood: -21917.893837
[00:07:13] Bootstrap tree #207, logLikelihood: -21802.017608
[00:07:15] Bootstrap tree #208, logLikelihood: -21792.563979
[00:07:17] Bootstrap tree #209, logLikelihood: -22692.501379
[00:07:19] Bootstrap tree #210, logLikelihood: -21896.944208
[00:07:21] Bootstrap tree #211, logLikelihood: -22042.220351
[00:07:22] Bootstrap tree #212, logLikelihood: -22243.880522
[00:07:24] Bootstrap tree #213, logLikelihood: -21882.407041
[00:07:26] Bootstrap tree #214, logLikelihood: -22103.998994
[00:07:28] Bootstrap tree #215, logLikelihood: -22103.574669
[00:07:30] Bootstrap tree #216, logLikelihood: -21831.787903
[00:07:32] Bootstrap tree #217, logLikelihood: -22148.449358
[00:07:34] Bootstrap tree #218, logLikelihood: -21926.722182
[00:07:35] Bootstrap tree #219, logLikelihood: -22680.371835
[00:07:38] Bootstrap tree #220, logLikelihood: -22004.401487
[00:07:39] Bootstrap tree #221, logLikelihood: -22490.065003
[00:07:41] Bootstrap tree #222, logLikelihood: -22227.972488
[00:07:42] Bootstrap tree #223, logLikelihood: -22057.344367
[00:07:44] Bootstrap tree #224, logLikelihood: -21227.816964
[00:07:46] Bootstrap tree #225, logLikelihood: -22176.158708
[00:07:49] Bootstrap tree #226, logLikelihood: -22346.745649
[00:07:50] Bootstrap tree #227, logLikelihood: -21757.364947
[00:07:52] Bootstrap tree #228, logLikelihood: -22060.544524
[00:07:53] Bootstrap tree #229, logLikelihood: -22187.266087
[00:07:55] Bootstrap tree #230, logLikelihood: -21937.173510
[00:07:57] Bootstrap tree #231, logLikelihood: -21978.637602
[00:07:59] Bootstrap tree #232, logLikelihood: -22305.394527
[00:08:01] Bootstrap tree #233, logLikelihood: -22343.899779
[00:08:03] Bootstrap tree #234, logLikelihood: -22168.862230
[00:08:05] Bootstrap tree #235, logLikelihood: -22017.913306
[00:08:06] Bootstrap tree #236, logLikelihood: -22062.751824
[00:08:08] Bootstrap tree #237, logLikelihood: -22275.739911
[00:08:10] Bootstrap tree #238, logLikelihood: -22847.194548
[00:08:12] Bootstrap tree #239, logLikelihood: -22824.942104
[00:08:14] Bootstrap tree #240, logLikelihood: -21313.927969
[00:08:17] Bootstrap tree #241, logLikelihood: -22269.930098
[00:08:19] Bootstrap tree #242, logLikelihood: -22277.652868
[00:08:21] Bootstrap tree #243, logLikelihood: -22003.909269
[00:08:23] Bootstrap tree #244, logLikelihood: -22020.314463
[00:08:25] Bootstrap tree #245, logLikelihood: -21861.053646
[00:08:27] Bootstrap tree #246, logLikelihood: -21896.181133
[00:08:28] Bootstrap tree #247, logLikelihood: -21851.077846
[00:08:30] Bootstrap tree #248, logLikelihood: -21595.957783
[00:08:32] Bootstrap tree #249, logLikelihood: -22064.528901
[00:08:34] Bootstrap tree #250, logLikelihood: -22086.850647
[00:08:36] Bootstrap tree #251, logLikelihood: -22422.743092
[00:08:37] Bootstrap tree #252, logLikelihood: -21881.030223
[00:08:40] Bootstrap tree #253, logLikelihood: -21781.383921
[00:08:41] Bootstrap tree #254, logLikelihood: -21778.459377
[00:08:43] Bootstrap tree #255, logLikelihood: -22223.540966
[00:08:45] Bootstrap tree #256, logLikelihood: -22292.097867
[00:08:47] Bootstrap tree #257, logLikelihood: -21922.681179
[00:08:49] Bootstrap tree #258, logLikelihood: -21838.709944
[00:08:51] Bootstrap tree #259, logLikelihood: -22170.302389
[00:08:52] Bootstrap tree #260, logLikelihood: -22218.033157
[00:08:54] Bootstrap tree #261, logLikelihood: -21813.615308
[00:08:56] Bootstrap tree #262, logLikelihood: -21790.764073
[00:08:58] Bootstrap tree #263, logLikelihood: -22028.974324
[00:09:00] Bootstrap tree #264, logLikelihood: -21232.750532
[00:09:02] Bootstrap tree #265, logLikelihood: -22093.160667
[00:09:05] Bootstrap tree #266, logLikelihood: -22788.881620
[00:09:07] Bootstrap tree #267, logLikelihood: -22600.825264
[00:09:10] Bootstrap tree #268, logLikelihood: -22196.172215
[00:09:12] Bootstrap tree #269, logLikelihood: -21830.789156
[00:09:14] Bootstrap tree #270, logLikelihood: -21985.874122
[00:09:17] Bootstrap tree #271, logLikelihood: -22000.377941
[00:09:18] Bootstrap tree #272, logLikelihood: -21808.641075
[00:09:21] Bootstrap tree #273, logLikelihood: -21929.368563
[00:09:23] Bootstrap tree #274, logLikelihood: -22086.422613
[00:09:24] Bootstrap tree #275, logLikelihood: -22259.248417
[00:09:26] Bootstrap tree #276, logLikelihood: -22377.353177
[00:09:28] Bootstrap tree #277, logLikelihood: -21868.093210
[00:09:30] Bootstrap tree #278, logLikelihood: -21281.995306
[00:09:32] Bootstrap tree #279, logLikelihood: -21997.101225
[00:09:34] Bootstrap tree #280, logLikelihood: -21573.828973
[00:09:36] Bootstrap tree #281, logLikelihood: -21560.117709
[00:09:37] Bootstrap tree #282, logLikelihood: -22440.264315
[00:09:40] Bootstrap tree #283, logLikelihood: -21911.291786
[00:09:41] Bootstrap tree #284, logLikelihood: -21777.653589
[00:09:43] Bootstrap tree #285, logLikelihood: -22314.537531
[00:09:45] Bootstrap tree #286, logLikelihood: -22092.477657
[00:09:47] Bootstrap tree #287, logLikelihood: -22757.483058
[00:09:49] Bootstrap tree #288, logLikelihood: -22226.341488
[00:09:51] Bootstrap tree #289, logLikelihood: -22189.079639
[00:09:53] Bootstrap tree #290, logLikelihood: -21892.734737
[00:09:55] Bootstrap tree #291, logLikelihood: -22209.991270
[00:09:56] Bootstrap tree #292, logLikelihood: -21590.109068
[00:09:58] Bootstrap tree #293, logLikelihood: -21442.115120
[00:10:00] Bootstrap tree #294, logLikelihood: -21708.130856
[00:10:02] Bootstrap tree #295, logLikelihood: -21985.713890
[00:10:05] Bootstrap tree #296, logLikelihood: -21838.500817
[00:10:06] Bootstrap tree #297, logLikelihood: -22417.804646
[00:10:08] Bootstrap tree #298, logLikelihood: -22785.353700
[00:10:10] Bootstrap tree #299, logLikelihood: -22373.125505
[00:10:12] Bootstrap tree #300, logLikelihood: -21657.644062
[00:10:14] Bootstrap tree #301, logLikelihood: -22031.747576
[00:10:16] Bootstrap tree #302, logLikelihood: -22196.839076
[00:10:18] Bootstrap tree #303, logLikelihood: -22276.403985
[00:10:20] Bootstrap tree #304, logLikelihood: -21586.420397
[00:10:22] Bootstrap tree #305, logLikelihood: -22045.859683
[00:10:23] Bootstrap tree #306, logLikelihood: -22077.641187
[00:10:25] Bootstrap tree #307, logLikelihood: -22399.891422
[00:10:26] Bootstrap tree #308, logLikelihood: -22429.726589
[00:10:28] Bootstrap tree #309, logLikelihood: -21852.626856
[00:10:31] Bootstrap tree #310, logLikelihood: -22134.417462
[00:10:33] Bootstrap tree #311, logLikelihood: -21764.077554
[00:10:35] Bootstrap tree #312, logLikelihood: -21993.279219
[00:10:37] Bootstrap tree #313, logLikelihood: -22462.574980
[00:10:40] Bootstrap tree #314, logLikelihood: -22633.000463
[00:10:42] Bootstrap tree #315, logLikelihood: -22019.741143
[00:10:44] Bootstrap tree #316, logLikelihood: -22246.630557
[00:10:46] Bootstrap tree #317, logLikelihood: -22144.689874
[00:10:48] Bootstrap tree #318, logLikelihood: -21537.370258
[00:10:50] Bootstrap tree #319, logLikelihood: -22122.888548
[00:10:51] Bootstrap tree #320, logLikelihood: -22377.379914
[00:10:53] Bootstrap tree #321, logLikelihood: -21928.628197
[00:10:54] Bootstrap tree #322, logLikelihood: -21893.727826
[00:10:57] Bootstrap tree #323, logLikelihood: -22119.627701
[00:11:00] Bootstrap tree #324, logLikelihood: -22386.276104
[00:11:01] Bootstrap tree #325, logLikelihood: -21583.739253
[00:11:03] Bootstrap tree #326, logLikelihood: -21862.743419
[00:11:05] Bootstrap tree #327, logLikelihood: -22049.598547
[00:11:06] Bootstrap tree #328, logLikelihood: -22361.633473
[00:11:08] Bootstrap tree #329, logLikelihood: -22077.361760
[00:11:10] Bootstrap tree #330, logLikelihood: -21699.448507
[00:11:12] Bootstrap tree #331, logLikelihood: -21722.695254
[00:11:14] Bootstrap tree #332, logLikelihood: -21772.987419
[00:11:16] Bootstrap tree #333, logLikelihood: -21931.999089
[00:11:17] Bootstrap tree #334, logLikelihood: -21629.033390
[00:11:20] Bootstrap tree #335, logLikelihood: -21769.237145
[00:11:22] Bootstrap tree #336, logLikelihood: -21997.312037
[00:11:24] Bootstrap tree #337, logLikelihood: -22448.083879
[00:11:25] Bootstrap tree #338, logLikelihood: -21828.549329
[00:11:27] Bootstrap tree #339, logLikelihood: -22333.487872
[00:11:29] Bootstrap tree #340, logLikelihood: -21819.485598
[00:11:31] Bootstrap tree #341, logLikelihood: -21750.320994
[00:11:33] Bootstrap tree #342, logLikelihood: -22357.405518
[00:11:35] Bootstrap tree #343, logLikelihood: -21814.900429
[00:11:36] Bootstrap tree #344, logLikelihood: -22001.552441
[00:11:38] Bootstrap tree #345, logLikelihood: -22373.887594
[00:11:40] Bootstrap tree #346, logLikelihood: -21813.643270
[00:11:42] Bootstrap tree #347, logLikelihood: -21684.768928
[00:11:44] Bootstrap tree #348, logLikelihood: -22245.514467
[00:11:45] Bootstrap tree #349, logLikelihood: -22069.842876
[00:11:48] Bootstrap tree #350, logLikelihood: -21963.809715
[00:11:50] Bootstrap tree #351, logLikelihood: -22372.451808
[00:11:51] Bootstrap tree #352, logLikelihood: -21859.088381
[00:11:53] Bootstrap tree #353, logLikelihood: -22211.582255
[00:11:55] Bootstrap tree #354, logLikelihood: -22064.214374
[00:11:57] Bootstrap tree #355, logLikelihood: -21715.592308
[00:11:58] Bootstrap tree #356, logLikelihood: -22392.173657
[00:12:01] Bootstrap tree #357, logLikelihood: -22355.941592
[00:12:04] Bootstrap tree #358, logLikelihood: -22408.397917
[00:12:05] Bootstrap tree #359, logLikelihood: -22415.373210
[00:12:07] Bootstrap tree #360, logLikelihood: -21900.120785
[00:12:09] Bootstrap tree #361, logLikelihood: -21953.319400
[00:12:10] Bootstrap tree #362, logLikelihood: -21288.745180
[00:12:14] Bootstrap tree #363, logLikelihood: -22140.154436
[00:12:15] Bootstrap tree #364, logLikelihood: -23069.258194
[00:12:17] Bootstrap tree #365, logLikelihood: -21817.329614
[00:12:19] Bootstrap tree #366, logLikelihood: -21937.767098
[00:12:20] Bootstrap tree #367, logLikelihood: -21476.839184
[00:12:22] Bootstrap tree #368, logLikelihood: -22281.598296
[00:12:24] Bootstrap tree #369, logLikelihood: -22329.753436
[00:12:26] Bootstrap tree #370, logLikelihood: -21710.587235
[00:12:28] Bootstrap tree #371, logLikelihood: -21844.774907
[00:12:30] Bootstrap tree #372, logLikelihood: -22088.413653
[00:12:32] Bootstrap tree #373, logLikelihood: -21778.120238
[00:12:34] Bootstrap tree #374, logLikelihood: -22292.946344
[00:12:36] Bootstrap tree #375, logLikelihood: -21912.202971
[00:12:38] Bootstrap tree #376, logLikelihood: -21795.742704
[00:12:41] Bootstrap tree #377, logLikelihood: -22288.819543
[00:12:43] Bootstrap tree #378, logLikelihood: -22230.605150
[00:12:44] Bootstrap tree #379, logLikelihood: -22128.006197
[00:12:46] Bootstrap tree #380, logLikelihood: -22263.506036
[00:12:47] Bootstrap tree #381, logLikelihood: -21601.160944
[00:12:49] Bootstrap tree #382, logLikelihood: -21458.018824
[00:12:51] Bootstrap tree #383, logLikelihood: -21876.400499
[00:12:53] Bootstrap tree #384, logLikelihood: -21786.513636
[00:12:55] Bootstrap tree #385, logLikelihood: -22159.634365
[00:12:57] Bootstrap tree #386, logLikelihood: -22090.420927
[00:12:58] Bootstrap tree #387, logLikelihood: -21802.469191
[00:13:00] Bootstrap tree #388, logLikelihood: -22305.761274
[00:13:02] Bootstrap tree #389, logLikelihood: -21798.883992
[00:13:04] Bootstrap tree #390, logLikelihood: -22096.040152
[00:13:05] Bootstrap tree #391, logLikelihood: -22337.393995
[00:13:08] Bootstrap tree #392, logLikelihood: -22055.001026
[00:13:09] Bootstrap tree #393, logLikelihood: -22282.064172
[00:13:11] Bootstrap tree #394, logLikelihood: -22006.485837
[00:13:14] Bootstrap tree #395, logLikelihood: -22507.092916
[00:13:16] Bootstrap tree #396, logLikelihood: -21968.646664
[00:13:17] Bootstrap tree #397, logLikelihood: -22055.165441
[00:13:19] Bootstrap tree #398, logLikelihood: -21996.908385
[00:13:21] Bootstrap tree #399, logLikelihood: -22184.645790
[00:13:23] Bootstrap tree #400, logLikelihood: -22281.559608
[00:13:25] Bootstrap tree #401, logLikelihood: -22867.938827
[00:13:27] Bootstrap tree #402, logLikelihood: -22164.922220
[00:13:29] Bootstrap tree #403, logLikelihood: -22127.415684
[00:13:31] Bootstrap tree #404, logLikelihood: -21931.880247
[00:13:35] Bootstrap tree #405, logLikelihood: -22054.113969
[00:13:37] Bootstrap tree #406, logLikelihood: -21928.834739
[00:13:39] Bootstrap tree #407, logLikelihood: -22286.395643
[00:13:40] Bootstrap tree #408, logLikelihood: -22055.372193
[00:13:42] Bootstrap tree #409, logLikelihood: -22132.044586
[00:13:44] Bootstrap tree #410, logLikelihood: -21405.708178
[00:13:46] Bootstrap tree #411, logLikelihood: -22215.202882
[00:13:49] Bootstrap tree #412, logLikelihood: -22182.733467
[00:13:51] Bootstrap tree #413, logLikelihood: -22373.061765
[00:13:52] Bootstrap tree #414, logLikelihood: -21929.626141
[00:13:55] Bootstrap tree #415, logLikelihood: -21834.548887
[00:13:56] Bootstrap tree #416, logLikelihood: -21984.334903
[00:13:58] Bootstrap tree #417, logLikelihood: -22058.250465
[00:14:01] Bootstrap tree #418, logLikelihood: -21981.069831
[00:14:02] Bootstrap tree #419, logLikelihood: -21733.440607
[00:14:05] Bootstrap tree #420, logLikelihood: -21836.847803
[00:14:07] Bootstrap tree #421, logLikelihood: -22095.528843
[00:14:09] Bootstrap tree #422, logLikelihood: -21973.266528
[00:14:10] Bootstrap tree #423, logLikelihood: -22197.240854
[00:14:12] Bootstrap tree #424, logLikelihood: -22044.575426
[00:14:14] Bootstrap tree #425, logLikelihood: -21662.378973
[00:14:16] Bootstrap tree #426, logLikelihood: -22852.894152
[00:14:18] Bootstrap tree #427, logLikelihood: -21632.285602
[00:14:20] Bootstrap tree #428, logLikelihood: -22407.591509
[00:14:22] Bootstrap tree #429, logLikelihood: -21315.012122
[00:14:24] Bootstrap tree #430, logLikelihood: -23225.957487
[00:14:26] Bootstrap tree #431, logLikelihood: -21818.930308
[00:14:28] Bootstrap tree #432, logLikelihood: -22053.499339
[00:14:30] Bootstrap tree #433, logLikelihood: -22433.532891
[00:14:32] Bootstrap tree #434, logLikelihood: -21768.725082
[00:14:34] Bootstrap tree #435, logLikelihood: -22015.088290
[00:14:36] Bootstrap tree #436, logLikelihood: -21568.807583
[00:14:37] Bootstrap tree #437, logLikelihood: -22341.016395
[00:14:40] Bootstrap tree #438, logLikelihood: -22260.109368
[00:14:42] Bootstrap tree #439, logLikelihood: -21883.300729
[00:14:44] Bootstrap tree #440, logLikelihood: -22462.170308
[00:14:46] Bootstrap tree #441, logLikelihood: -21692.243174
[00:14:48] Bootstrap tree #442, logLikelihood: -21909.199428
[00:14:50] Bootstrap tree #443, logLikelihood: -21328.492229
[00:14:52] Bootstrap tree #444, logLikelihood: -22180.071939
[00:14:54] Bootstrap tree #445, logLikelihood: -21517.679123
[00:14:56] Bootstrap tree #446, logLikelihood: -21902.679603
[00:14:58] Bootstrap tree #447, logLikelihood: -21749.263638
[00:15:00] Bootstrap tree #448, logLikelihood: -22084.738345
[00:15:03] Bootstrap tree #449, logLikelihood: -21435.974587
[00:15:05] Bootstrap tree #450, logLikelihood: -22585.949489
[00:15:07] Bootstrap tree #451, logLikelihood: -22352.149310
[00:15:09] Bootstrap tree #452, logLikelihood: -21736.990045
[00:15:11] Bootstrap tree #453, logLikelihood: -22480.764570
[00:15:13] Bootstrap tree #454, logLikelihood: -22048.470210
[00:15:14] Bootstrap tree #455, logLikelihood: -21992.085664
[00:15:16] Bootstrap tree #456, logLikelihood: -22104.248575
[00:15:18] Bootstrap tree #457, logLikelihood: -21662.721073
[00:15:20] Bootstrap tree #458, logLikelihood: -22030.696511
[00:15:22] Bootstrap tree #459, logLikelihood: -22213.215423
[00:15:23] Bootstrap tree #460, logLikelihood: -21934.960822
[00:15:25] Bootstrap tree #461, logLikelihood: -22147.438376
[00:15:26] Bootstrap tree #462, logLikelihood: -21785.387081
[00:15:28] Bootstrap tree #463, logLikelihood: -21909.969751
[00:15:31] Bootstrap tree #464, logLikelihood: -22313.881429
[00:15:32] Bootstrap tree #465, logLikelihood: -21943.055717
[00:15:34] Bootstrap tree #466, logLikelihood: -22265.674215
[00:15:35] Bootstrap tree #467, logLikelihood: -22660.889396
[00:15:38] Bootstrap tree #468, logLikelihood: -22082.211378
[00:15:40] Bootstrap tree #469, logLikelihood: -22004.711375
[00:15:42] Bootstrap tree #470, logLikelihood: -21636.856186
[00:15:44] Bootstrap tree #471, logLikelihood: -22007.997029
[00:15:45] Bootstrap tree #472, logLikelihood: -22228.571718
[00:15:48] Bootstrap tree #473, logLikelihood: -22165.447889
[00:15:50] Bootstrap tree #474, logLikelihood: -22056.786112
[00:15:52] Bootstrap tree #475, logLikelihood: -22203.538030
[00:15:53] Bootstrap tree #476, logLikelihood: -22066.075695
[00:15:56] Bootstrap tree #477, logLikelihood: -21902.892589
[00:15:57] Bootstrap tree #478, logLikelihood: -22201.731182
[00:15:59] Bootstrap tree #479, logLikelihood: -21598.418924
[00:16:02] Bootstrap tree #480, logLikelihood: -22690.944433
[00:16:04] Bootstrap tree #481, logLikelihood: -22073.299043
[00:16:06] Bootstrap tree #482, logLikelihood: -21692.235377
[00:16:08] Bootstrap tree #483, logLikelihood: -21760.868745
[00:16:10] Bootstrap tree #484, logLikelihood: -21884.453375
[00:16:12] Bootstrap tree #485, logLikelihood: -22519.763768
[00:16:13] Bootstrap tree #486, logLikelihood: -21514.494914
[00:16:16] Bootstrap tree #487, logLikelihood: -21749.354026
[00:16:18] Bootstrap tree #488, logLikelihood: -22475.547311
[00:16:20] Bootstrap tree #489, logLikelihood: -22198.506673
[00:16:22] Bootstrap tree #490, logLikelihood: -22259.670917
[00:16:25] Bootstrap tree #491, logLikelihood: -22114.846496
[00:16:28] Bootstrap tree #492, logLikelihood: -22251.017195
[00:16:29] Bootstrap tree #493, logLikelihood: -22206.137856
[00:16:31] Bootstrap tree #494, logLikelihood: -22628.108959
[00:16:33] Bootstrap tree #495, logLikelihood: -21955.972398
[00:16:36] Bootstrap tree #496, logLikelihood: -21668.947814
[00:16:37] Bootstrap tree #497, logLikelihood: -22043.690826
[00:16:39] Bootstrap tree #498, logLikelihood: -21881.332464
[00:16:41] Bootstrap tree #499, logLikelihood: -21894.511361
[00:16:43] Bootstrap tree #500, logLikelihood: -21885.500727
[00:16:45] Bootstrap tree #501, logLikelihood: -21897.437355
[00:16:47] Bootstrap tree #502, logLikelihood: -22304.021591
[00:16:49] Bootstrap tree #503, logLikelihood: -21968.710547
[00:16:50] Bootstrap tree #504, logLikelihood: -22309.850176
[00:16:52] Bootstrap tree #505, logLikelihood: -21770.075431
[00:16:54] Bootstrap tree #506, logLikelihood: -22273.465352
[00:16:56] Bootstrap tree #507, logLikelihood: -22063.748556
[00:16:58] Bootstrap tree #508, logLikelihood: -21585.518775
[00:16:59] Bootstrap tree #509, logLikelihood: -21886.919823
[00:17:01] Bootstrap tree #510, logLikelihood: -21733.806730
[00:17:03] Bootstrap tree #511, logLikelihood: -22467.638241
[00:17:05] Bootstrap tree #512, logLikelihood: -22455.614235
[00:17:07] Bootstrap tree #513, logLikelihood: -21840.717817
[00:17:09] Bootstrap tree #514, logLikelihood: -22216.989712
[00:17:11] Bootstrap tree #515, logLikelihood: -21969.083632
[00:17:12] Bootstrap tree #516, logLikelihood: -22281.761920
[00:17:15] Bootstrap tree #517, logLikelihood: -21610.757376
[00:17:17] Bootstrap tree #518, logLikelihood: -22284.509664
[00:17:19] Bootstrap tree #519, logLikelihood: -22067.535247
[00:17:21] Bootstrap tree #520, logLikelihood: -22223.928235
[00:17:23] Bootstrap tree #521, logLikelihood: -21443.430812
[00:17:26] Bootstrap tree #522, logLikelihood: -21894.523337
[00:17:28] Bootstrap tree #523, logLikelihood: -22086.076577
[00:17:30] Bootstrap tree #524, logLikelihood: -22039.724470
[00:17:33] Bootstrap tree #525, logLikelihood: -22023.960758
[00:17:35] Bootstrap tree #526, logLikelihood: -22389.069566
[00:17:37] Bootstrap tree #527, logLikelihood: -21846.556024
[00:17:39] Bootstrap tree #528, logLikelihood: -21811.698554
[00:17:41] Bootstrap tree #529, logLikelihood: -22024.587279
[00:17:43] Bootstrap tree #530, logLikelihood: -21920.624244
[00:17:44] Bootstrap tree #531, logLikelihood: -21618.835370
[00:17:46] Bootstrap tree #532, logLikelihood: -22285.671099
[00:17:48] Bootstrap tree #533, logLikelihood: -21778.829137
[00:17:50] Bootstrap tree #534, logLikelihood: -21794.490434
[00:17:52] Bootstrap tree #535, logLikelihood: -21476.355213
[00:17:53] Bootstrap tree #536, logLikelihood: -22086.734140
[00:17:56] Bootstrap tree #537, logLikelihood: -22269.497699
[00:17:59] Bootstrap tree #538, logLikelihood: -22295.572629
[00:18:01] Bootstrap tree #539, logLikelihood: -22206.055686
[00:18:03] Bootstrap tree #540, logLikelihood: -21859.147813
[00:18:06] Bootstrap tree #541, logLikelihood: -22342.804383
[00:18:08] Bootstrap tree #542, logLikelihood: -22333.016256
[00:18:10] Bootstrap tree #543, logLikelihood: -21648.406875
[00:18:13] Bootstrap tree #544, logLikelihood: -22278.035687
[00:18:15] Bootstrap tree #545, logLikelihood: -22553.593129
[00:18:17] Bootstrap tree #546, logLikelihood: -22201.819035
[00:18:20] Bootstrap tree #547, logLikelihood: -22100.966233
[00:18:22] Bootstrap tree #548, logLikelihood: -21918.164951
[00:18:23] Bootstrap tree #549, logLikelihood: -22357.522848
[00:18:26] Bootstrap tree #550, logLikelihood: -22371.575552
[00:18:28] Bootstrap tree #551, logLikelihood: -21569.155549
[00:18:30] Bootstrap tree #552, logLikelihood: -21331.462347
[00:18:32] Bootstrap tree #553, logLikelihood: -21356.004961
[00:18:34] Bootstrap tree #554, logLikelihood: -22070.398190
[00:18:36] Bootstrap tree #555, logLikelihood: -21669.644593
[00:18:39] Bootstrap tree #556, logLikelihood: -22009.431574
[00:18:42] Bootstrap tree #557, logLikelihood: -21512.161923
[00:18:44] Bootstrap tree #558, logLikelihood: -21983.224070
[00:18:46] Bootstrap tree #559, logLikelihood: -21352.309261
[00:18:48] Bootstrap tree #560, logLikelihood: -22522.431714
[00:18:50] Bootstrap tree #561, logLikelihood: -22317.435427
[00:18:52] Bootstrap tree #562, logLikelihood: -22358.361144
[00:18:54] Bootstrap tree #563, logLikelihood: -22458.883755
[00:18:55] Bootstrap tree #564, logLikelihood: -21767.126175
[00:18:57] Bootstrap tree #565, logLikelihood: -21886.643745
[00:18:59] Bootstrap tree #566, logLikelihood: -21803.542198
[00:19:00] Bootstrap tree #567, logLikelihood: -22117.337894
[00:19:03] Bootstrap tree #568, logLikelihood: -22861.254820
[00:19:05] Bootstrap tree #569, logLikelihood: -21067.519933
[00:19:07] Bootstrap tree #570, logLikelihood: -22108.991071
[00:19:10] Bootstrap tree #571, logLikelihood: -21806.460352
[00:19:11] Bootstrap tree #572, logLikelihood: -22048.185853
[00:19:13] Bootstrap tree #573, logLikelihood: -21970.038634
[00:19:15] Bootstrap tree #574, logLikelihood: -21670.856402
[00:19:17] Bootstrap tree #575, logLikelihood: -22149.655083
[00:19:19] Bootstrap tree #576, logLikelihood: -22537.042806
[00:19:21] Bootstrap tree #577, logLikelihood: -22215.404043
[00:19:22] Bootstrap tree #578, logLikelihood: -22240.927724
[00:19:24] Bootstrap tree #579, logLikelihood: -21783.441859
[00:19:26] Bootstrap tree #580, logLikelihood: -22174.469632
[00:19:28] Bootstrap tree #581, logLikelihood: -22346.578999
[00:19:30] Bootstrap tree #582, logLikelihood: -22311.422615
[00:19:32] Bootstrap tree #583, logLikelihood: -22384.409908
[00:19:34] Bootstrap tree #584, logLikelihood: -22239.526966
[00:19:35] Bootstrap tree #585, logLikelihood: -21956.607352
[00:19:37] Bootstrap tree #586, logLikelihood: -21856.988420
[00:19:39] Bootstrap tree #587, logLikelihood: -21642.642787
[00:19:41] Bootstrap tree #588, logLikelihood: -22333.616508
[00:19:42] Bootstrap tree #589, logLikelihood: -22379.420884
[00:19:44] Bootstrap tree #590, logLikelihood: -21940.794366
[00:19:46] Bootstrap tree #591, logLikelihood: -22003.365425
[00:19:48] Bootstrap tree #592, logLikelihood: -21919.401445
[00:19:50] Bootstrap tree #593, logLikelihood: -22292.082342
[00:19:51] Bootstrap tree #594, logLikelihood: -22003.204766
[00:19:52] Bootstrap tree #595, logLikelihood: -21905.720817
[00:19:54] Bootstrap tree #596, logLikelihood: -22306.185282
[00:19:56] Bootstrap tree #597, logLikelihood: -21732.877992
[00:19:58] Bootstrap tree #598, logLikelihood: -22217.876911
[00:20:00] Bootstrap tree #599, logLikelihood: -21736.002814
[00:20:03] Bootstrap tree #600, logLikelihood: -21822.025086
[00:20:05] Bootstrap tree #601, logLikelihood: -22187.191573
[00:20:07] Bootstrap tree #602, logLikelihood: -21841.628276
[00:20:09] Bootstrap tree #603, logLikelihood: -22248.119824
[00:20:10] Bootstrap tree #604, logLikelihood: -22294.367236
[00:20:14] Bootstrap tree #605, logLikelihood: -22413.499485
[00:20:16] Bootstrap tree #606, logLikelihood: -22616.261278
[00:20:17] Bootstrap tree #607, logLikelihood: -21965.212429
[00:20:19] Bootstrap tree #608, logLikelihood: -22014.497812
[00:20:21] Bootstrap tree #609, logLikelihood: -22223.519798
[00:20:23] Bootstrap tree #610, logLikelihood: -21742.055398
[00:20:25] Bootstrap tree #611, logLikelihood: -22393.394144
[00:20:26] Bootstrap tree #612, logLikelihood: -21642.300673
[00:20:28] Bootstrap tree #613, logLikelihood: -22310.636424
[00:20:30] Bootstrap tree #614, logLikelihood: -22199.702522
[00:20:32] Bootstrap tree #615, logLikelihood: -22455.995281
[00:20:34] Bootstrap tree #616, logLikelihood: -22147.231885
[00:20:36] Bootstrap tree #617, logLikelihood: -22046.160705
[00:20:38] Bootstrap tree #618, logLikelihood: -21967.934041
[00:20:40] Bootstrap tree #619, logLikelihood: -22222.069087
[00:20:41] Bootstrap tree #620, logLikelihood: -21974.381625
[00:20:44] Bootstrap tree #621, logLikelihood: -21440.690411
[00:20:45] Bootstrap tree #622, logLikelihood: -22260.639358
[00:20:48] Bootstrap tree #623, logLikelihood: -22452.485684
[00:20:50] Bootstrap tree #624, logLikelihood: -22215.613703
[00:20:52] Bootstrap tree #625, logLikelihood: -21990.202763
[00:20:55] Bootstrap tree #626, logLikelihood: -22086.955647
[00:20:56] Bootstrap tree #627, logLikelihood: -22128.272010
[00:20:59] Bootstrap tree #628, logLikelihood: -21948.012405
[00:21:01] Bootstrap tree #629, logLikelihood: -22035.364277
[00:21:02] Bootstrap tree #630, logLikelihood: -21564.136022
[00:21:04] Bootstrap tree #631, logLikelihood: -21780.826918
[00:21:06] Bootstrap tree #632, logLikelihood: -22300.623349
[00:21:08] Bootstrap tree #633, logLikelihood: -22165.457686
[00:21:10] Bootstrap tree #634, logLikelihood: -22157.787585
[00:21:12] Bootstrap tree #635, logLikelihood: -21623.485587
[00:21:13] Bootstrap tree #636, logLikelihood: -22202.042493
[00:21:15] Bootstrap tree #637, logLikelihood: -22410.993903
[00:21:17] Bootstrap tree #638, logLikelihood: -21737.534753
[00:21:18] Bootstrap tree #639, logLikelihood: -21500.116744
[00:21:20] Bootstrap tree #640, logLikelihood: -22537.606484
[00:21:22] Bootstrap tree #641, logLikelihood: -22185.053391
[00:21:23] Bootstrap tree #642, logLikelihood: -22089.612810
[00:21:25] Bootstrap tree #643, logLikelihood: -22193.384656
[00:21:27] Bootstrap tree #644, logLikelihood: -22286.069907
[00:21:29] Bootstrap tree #645, logLikelihood: -21648.180698
[00:21:30] Bootstrap tree #646, logLikelihood: -21601.568492
[00:21:32] Bootstrap tree #647, logLikelihood: -21359.768328
[00:21:34] Bootstrap tree #648, logLikelihood: -21808.155100
[00:21:36] Bootstrap tree #649, logLikelihood: -22044.312201
[00:21:38] Bootstrap tree #650, logLikelihood: -21741.592161
[00:21:40] Bootstrap tree #651, logLikelihood: -22228.178320
[00:21:42] Bootstrap tree #652, logLikelihood: -22062.315382
[00:21:45] Bootstrap tree #653, logLikelihood: -21575.018051
[00:21:46] Bootstrap tree #654, logLikelihood: -21689.616495
[00:21:48] Bootstrap tree #655, logLikelihood: -22291.369179
[00:21:50] Bootstrap tree #656, logLikelihood: -22333.090212
[00:21:52] Bootstrap tree #657, logLikelihood: -21964.293519
[00:21:55] Bootstrap tree #658, logLikelihood: -21796.396398
[00:21:57] Bootstrap tree #659, logLikelihood: -22211.125405
[00:21:59] Bootstrap tree #660, logLikelihood: -22016.872632
[00:22:02] Bootstrap tree #661, logLikelihood: -22332.246902
[00:22:04] Bootstrap tree #662, logLikelihood: -21692.501497
[00:22:07] Bootstrap tree #663, logLikelihood: -22175.693179
[00:22:09] Bootstrap tree #664, logLikelihood: -22238.001788
[00:22:11] Bootstrap tree #665, logLikelihood: -21354.186715
[00:22:14] Bootstrap tree #666, logLikelihood: -22307.728117
[00:22:15] Bootstrap tree #667, logLikelihood: -21940.416646
[00:22:17] Bootstrap tree #668, logLikelihood: -22297.651413
[00:22:19] Bootstrap tree #669, logLikelihood: -21715.450000
[00:22:22] Bootstrap tree #670, logLikelihood: -22448.788927
[00:22:24] Bootstrap tree #671, logLikelihood: -21902.357030
[00:22:25] Bootstrap tree #672, logLikelihood: -21747.983175
[00:22:27] Bootstrap tree #673, logLikelihood: -22672.708103
[00:22:29] Bootstrap tree #674, logLikelihood: -22561.927232
[00:22:30] Bootstrap tree #675, logLikelihood: -21902.869097
[00:22:32] Bootstrap tree #676, logLikelihood: -22678.663908
[00:22:34] Bootstrap tree #677, logLikelihood: -22264.127453
[00:22:36] Bootstrap tree #678, logLikelihood: -22481.631818
[00:22:38] Bootstrap tree #679, logLikelihood: -22282.100464
[00:22:39] Bootstrap tree #680, logLikelihood: -21552.754572
[00:22:41] Bootstrap tree #681, logLikelihood: -22233.403640
[00:22:43] Bootstrap tree #682, logLikelihood: -22082.040788
[00:22:45] Bootstrap tree #683, logLikelihood: -22287.468499
[00:22:47] Bootstrap tree #684, logLikelihood: -21573.064215
[00:22:48] Bootstrap tree #685, logLikelihood: -21770.124255
[00:22:51] Bootstrap tree #686, logLikelihood: -22235.099664
[00:22:52] Bootstrap tree #687, logLikelihood: -21634.843395
[00:22:54] Bootstrap tree #688, logLikelihood: -21517.686586
[00:22:57] Bootstrap tree #689, logLikelihood: -22317.957347
[00:22:58] Bootstrap tree #690, logLikelihood: -22271.204424
[00:23:00] Bootstrap tree #691, logLikelihood: -22356.014617
[00:23:01] Bootstrap tree #692, logLikelihood: -21695.442922
[00:23:03] Bootstrap tree #693, logLikelihood: -22249.459586
[00:23:05] Bootstrap tree #694, logLikelihood: -22024.260635
[00:23:06] Bootstrap tree #695, logLikelihood: -21583.989350
[00:23:08] Bootstrap tree #696, logLikelihood: -21883.742581
[00:23:09] Bootstrap tree #697, logLikelihood: -21880.619026
[00:23:11] Bootstrap tree #698, logLikelihood: -21921.387826
[00:23:13] Bootstrap tree #699, logLikelihood: -21778.519946
[00:23:15] Bootstrap tree #700, logLikelihood: -22115.222494
[00:23:17] Bootstrap tree #701, logLikelihood: -21572.721671
[00:23:19] Bootstrap tree #702, logLikelihood: -22477.107830
[00:23:21] Bootstrap tree #703, logLikelihood: -21629.876742
[00:23:24] Bootstrap tree #704, logLikelihood: -22512.050910
[00:23:26] Bootstrap tree #705, logLikelihood: -21791.184657
[00:23:28] Bootstrap tree #706, logLikelihood: -21994.791338
[00:23:30] Bootstrap tree #707, logLikelihood: -21660.466171
[00:23:32] Bootstrap tree #708, logLikelihood: -22055.945585
[00:23:34] Bootstrap tree #709, logLikelihood: -22131.781167
[00:23:36] Bootstrap tree #710, logLikelihood: -22348.331766
[00:23:38] Bootstrap tree #711, logLikelihood: -22029.687025
[00:23:39] Bootstrap tree #712, logLikelihood: -21648.438009
[00:23:41] Bootstrap tree #713, logLikelihood: -22022.750921
[00:23:43] Bootstrap tree #714, logLikelihood: -22131.378916
[00:23:45] Bootstrap tree #715, logLikelihood: -21921.179456
[00:23:47] Bootstrap tree #716, logLikelihood: -22157.642990
[00:23:49] Bootstrap tree #717, logLikelihood: -21765.897933
[00:23:51] Bootstrap tree #718, logLikelihood: -21848.300214
[00:23:53] Bootstrap tree #719, logLikelihood: -22270.657940
[00:23:55] Bootstrap tree #720, logLikelihood: -21751.768588
[00:23:57] Bootstrap tree #721, logLikelihood: -22063.712854
[00:23:59] Bootstrap tree #722, logLikelihood: -22065.994370
[00:24:01] Bootstrap tree #723, logLikelihood: -22768.434803
[00:24:03] Bootstrap tree #724, logLikelihood: -21711.604046
[00:24:05] Bootstrap tree #725, logLikelihood: -21864.021606
[00:24:07] Bootstrap tree #726, logLikelihood: -22443.327900
[00:24:09] Bootstrap tree #727, logLikelihood: -22224.262847
[00:24:11] Bootstrap tree #728, logLikelihood: -21847.339215
[00:24:13] Bootstrap tree #729, logLikelihood: -21825.194369
[00:24:14] Bootstrap tree #730, logLikelihood: -22172.709291
[00:24:16] Bootstrap tree #731, logLikelihood: -22206.382884
[00:24:18] Bootstrap tree #732, logLikelihood: -22435.196126
[00:24:21] Bootstrap tree #733, logLikelihood: -21493.623085
[00:24:23] Bootstrap tree #734, logLikelihood: -21974.232967
[00:24:25] Bootstrap tree #735, logLikelihood: -22092.155066
[00:24:26] Bootstrap tree #736, logLikelihood: -22243.968031
[00:24:29] Bootstrap tree #737, logLikelihood: -21730.330028
[00:24:30] Bootstrap tree #738, logLikelihood: -21987.755881
[00:24:32] Bootstrap tree #739, logLikelihood: -22192.828138
[00:24:34] Bootstrap tree #740, logLikelihood: -22374.686755
[00:24:36] Bootstrap tree #741, logLikelihood: -22327.258138
[00:24:38] Bootstrap tree #742, logLikelihood: -21524.841711
[00:24:40] Bootstrap tree #743, logLikelihood: -21935.922147
[00:24:42] Bootstrap tree #744, logLikelihood: -22466.082363
[00:24:44] Bootstrap tree #745, logLikelihood: -21539.307608
[00:24:46] Bootstrap tree #746, logLikelihood: -22191.222229
[00:24:48] Bootstrap tree #747, logLikelihood: -22153.805389
[00:24:50] Bootstrap tree #748, logLikelihood: -22130.967429
[00:24:51] Bootstrap tree #749, logLikelihood: -22040.929766
[00:24:54] Bootstrap tree #750, logLikelihood: -21481.961939
[00:24:56] Bootstrap tree #751, logLikelihood: -21452.701852
[00:24:58] Bootstrap tree #752, logLikelihood: -21595.779686
[00:25:00] Bootstrap tree #753, logLikelihood: -21823.505817
[00:25:02] Bootstrap tree #754, logLikelihood: -21950.102738
[00:25:04] Bootstrap tree #755, logLikelihood: -22092.192186
[00:25:05] Bootstrap tree #756, logLikelihood: -21910.956562
[00:25:08] Bootstrap tree #757, logLikelihood: -22119.859927
[00:25:10] Bootstrap tree #758, logLikelihood: -21976.708379
[00:25:12] Bootstrap tree #759, logLikelihood: -22478.922788
[00:25:14] Bootstrap tree #760, logLikelihood: -21875.579934
[00:25:17] Bootstrap tree #761, logLikelihood: -21704.093028
[00:25:19] Bootstrap tree #762, logLikelihood: -21894.808143
[00:25:21] Bootstrap tree #763, logLikelihood: -21957.519408
[00:25:24] Bootstrap tree #764, logLikelihood: -21551.919917
[00:25:25] Bootstrap tree #765, logLikelihood: -22258.319252
[00:25:27] Bootstrap tree #766, logLikelihood: -21712.360740
[00:25:29] Bootstrap tree #767, logLikelihood: -21660.281584
[00:25:30] Bootstrap tree #768, logLikelihood: -21717.367967
[00:25:32] Bootstrap tree #769, logLikelihood: -22048.699901
[00:25:35] Bootstrap tree #770, logLikelihood: -22250.131327
[00:25:36] Bootstrap tree #771, logLikelihood: -21539.129326
[00:25:37] Bootstrap tree #772, logLikelihood: -21513.857527
[00:25:39] Bootstrap tree #773, logLikelihood: -21844.220817
[00:25:41] Bootstrap tree #774, logLikelihood: -22494.612162
[00:25:43] Bootstrap tree #775, logLikelihood: -22356.306258
[00:25:45] Bootstrap tree #776, logLikelihood: -21845.538898
[00:25:47] Bootstrap tree #777, logLikelihood: -21379.212492
[00:25:49] Bootstrap tree #778, logLikelihood: -21765.994535
[00:25:51] Bootstrap tree #779, logLikelihood: -22224.297147
[00:25:54] Bootstrap tree #780, logLikelihood: -22034.327794
[00:25:56] Bootstrap tree #781, logLikelihood: -22050.972347
[00:25:58] Bootstrap tree #782, logLikelihood: -21915.629036
[00:25:59] Bootstrap tree #783, logLikelihood: -21844.553427
[00:26:01] Bootstrap tree #784, logLikelihood: -22505.312645
[00:26:03] Bootstrap tree #785, logLikelihood: -21850.561248
[00:26:06] Bootstrap tree #786, logLikelihood: -21731.997287
[00:26:08] Bootstrap tree #787, logLikelihood: -21928.403609
[00:26:10] Bootstrap tree #788, logLikelihood: -21842.600125
[00:26:12] Bootstrap tree #789, logLikelihood: -21972.477259
[00:26:14] Bootstrap tree #790, logLikelihood: -21791.003146
[00:26:16] Bootstrap tree #791, logLikelihood: -21816.878133
[00:26:18] Bootstrap tree #792, logLikelihood: -21610.531637
[00:26:20] Bootstrap tree #793, logLikelihood: -22290.809774
[00:26:22] Bootstrap tree #794, logLikelihood: -21987.622394
[00:26:24] Bootstrap tree #795, logLikelihood: -20945.091139
[00:26:25] Bootstrap tree #796, logLikelihood: -22269.637053
[00:26:27] Bootstrap tree #797, logLikelihood: -21779.094546
[00:26:29] Bootstrap tree #798, logLikelihood: -21885.438585
[00:26:31] Bootstrap tree #799, logLikelihood: -21713.875828
[00:26:33] Bootstrap tree #800, logLikelihood: -21955.518507
[00:26:35] Bootstrap tree #801, logLikelihood: -21690.996207
[00:26:37] Bootstrap tree #802, logLikelihood: -22313.114800
[00:26:39] Bootstrap tree #803, logLikelihood: -22122.702768
[00:26:41] Bootstrap tree #804, logLikelihood: -21498.583917
[00:26:43] Bootstrap tree #805, logLikelihood: -22380.909216
[00:26:45] Bootstrap tree #806, logLikelihood: -21821.232822
[00:26:47] Bootstrap tree #807, logLikelihood: -22312.868475
[00:26:49] Bootstrap tree #808, logLikelihood: -21482.503807
[00:26:51] Bootstrap tree #809, logLikelihood: -22396.144586
[00:26:53] Bootstrap tree #810, logLikelihood: -21885.908915
[00:26:54] Bootstrap tree #811, logLikelihood: -21848.050936
[00:26:57] Bootstrap tree #812, logLikelihood: -22054.150950
[00:26:59] Bootstrap tree #813, logLikelihood: -21704.623185
[00:27:00] Bootstrap tree #814, logLikelihood: -21197.494343
[00:27:03] Bootstrap tree #815, logLikelihood: -22023.090829
[00:27:05] Bootstrap tree #816, logLikelihood: -21640.659245
[00:27:07] Bootstrap tree #817, logLikelihood: -22199.761356
[00:27:09] Bootstrap tree #818, logLikelihood: -21970.504264
[00:27:11] Bootstrap tree #819, logLikelihood: -22231.267050
[00:27:13] Bootstrap tree #820, logLikelihood: -22125.891415
[00:27:15] Bootstrap tree #821, logLikelihood: -22414.880744
[00:27:17] Bootstrap tree #822, logLikelihood: -21986.479251
[00:27:19] Bootstrap tree #823, logLikelihood: -21729.692804
[00:27:21] Bootstrap tree #824, logLikelihood: -21844.908008
[00:27:24] Bootstrap tree #825, logLikelihood: -22222.556685
[00:27:26] Bootstrap tree #826, logLikelihood: -21721.591343
[00:27:28] Bootstrap tree #827, logLikelihood: -22145.565875
[00:27:29] Bootstrap tree #828, logLikelihood: -22210.596567
[00:27:31] Bootstrap tree #829, logLikelihood: -21532.001724
[00:27:34] Bootstrap tree #830, logLikelihood: -21664.810168
[00:27:35] Bootstrap tree #831, logLikelihood: -21429.583547
[00:27:37] Bootstrap tree #832, logLikelihood: -21595.972304
[00:27:39] Bootstrap tree #833, logLikelihood: -21952.257614
[00:27:41] Bootstrap tree #834, logLikelihood: -22577.530095
[00:27:42] Bootstrap tree #835, logLikelihood: -21441.689602
[00:27:45] Bootstrap tree #836, logLikelihood: -21526.305309
[00:27:46] Bootstrap tree #837, logLikelihood: -21823.428262
[00:27:48] Bootstrap tree #838, logLikelihood: -22503.434084
[00:27:50] Bootstrap tree #839, logLikelihood: -21590.574647
[00:27:52] Bootstrap tree #840, logLikelihood: -22094.202799
[00:27:54] Bootstrap tree #841, logLikelihood: -22119.227763
[00:27:56] Bootstrap tree #842, logLikelihood: -22148.471829
[00:27:58] Bootstrap tree #843, logLikelihood: -22091.598079
[00:28:00] Bootstrap tree #844, logLikelihood: -22421.037999
[00:28:01] Bootstrap tree #845, logLikelihood: -21803.402953
[00:28:03] Bootstrap tree #846, logLikelihood: -21620.970336
[00:28:05] Bootstrap tree #847, logLikelihood: -21976.173644
[00:28:06] Bootstrap tree #848, logLikelihood: -21912.479842
[00:28:08] Bootstrap tree #849, logLikelihood: -21992.370406
[00:28:10] Bootstrap tree #850, logLikelihood: -21840.147637
[00:28:11] Bootstrap tree #851, logLikelihood: -22442.904939
[00:28:13] Bootstrap tree #852, logLikelihood: -21590.008980
[00:28:15] Bootstrap tree #853, logLikelihood: -21998.091641
[00:28:17] Bootstrap tree #854, logLikelihood: -22043.477619
[00:28:19] Bootstrap tree #855, logLikelihood: -22126.947587
[00:28:21] Bootstrap tree #856, logLikelihood: -21768.818781
[00:28:23] Bootstrap tree #857, logLikelihood: -22084.034397
[00:28:25] Bootstrap tree #858, logLikelihood: -22021.376894
[00:28:27] Bootstrap tree #859, logLikelihood: -22165.223461
[00:28:28] Bootstrap tree #860, logLikelihood: -22005.025568
[00:28:31] Bootstrap tree #861, logLikelihood: -21996.973696
[00:28:33] Bootstrap tree #862, logLikelihood: -22400.607668
[00:28:35] Bootstrap tree #863, logLikelihood: -22286.045012
[00:28:37] Bootstrap tree #864, logLikelihood: -21680.907219
[00:28:40] Bootstrap tree #865, logLikelihood: -22068.104812
[00:28:42] Bootstrap tree #866, logLikelihood: -22439.620979
[00:28:43] Bootstrap tree #867, logLikelihood: -22018.526870
[00:28:45] Bootstrap tree #868, logLikelihood: -21668.194821
[00:28:47] Bootstrap tree #869, logLikelihood: -21608.653428
[00:28:49] Bootstrap tree #870, logLikelihood: -22327.885548
[00:28:52] Bootstrap tree #871, logLikelihood: -21953.056639
[00:28:53] Bootstrap tree #872, logLikelihood: -22207.754158
[00:28:55] Bootstrap tree #873, logLikelihood: -22210.522430
[00:28:59] Bootstrap tree #874, logLikelihood: -22510.645648
[00:29:02] Bootstrap tree #875, logLikelihood: -21714.583897
[00:29:05] Bootstrap tree #876, logLikelihood: -22116.986552
[00:29:07] Bootstrap tree #877, logLikelihood: -21612.319865
[00:29:09] Bootstrap tree #878, logLikelihood: -22226.737381
[00:29:11] Bootstrap tree #879, logLikelihood: -21956.509943
[00:29:13] Bootstrap tree #880, logLikelihood: -22288.519826
[00:29:14] Bootstrap tree #881, logLikelihood: -21867.373517
[00:29:17] Bootstrap tree #882, logLikelihood: -21980.005768
[00:29:19] Bootstrap tree #883, logLikelihood: -22331.736979
[00:29:20] Bootstrap tree #884, logLikelihood: -22079.177074
[00:29:22] Bootstrap tree #885, logLikelihood: -21606.213369
[00:29:24] Bootstrap tree #886, logLikelihood: -22514.402457
[00:29:26] Bootstrap tree #887, logLikelihood: -21775.193902
[00:29:27] Bootstrap tree #888, logLikelihood: -21844.927736
[00:29:29] Bootstrap tree #889, logLikelihood: -21536.391898
[00:29:31] Bootstrap tree #890, logLikelihood: -22603.211314
[00:29:34] Bootstrap tree #891, logLikelihood: -22048.810289
[00:29:36] Bootstrap tree #892, logLikelihood: -22027.203943
[00:29:37] Bootstrap tree #893, logLikelihood: -21971.623389
[00:29:39] Bootstrap tree #894, logLikelihood: -21519.078034
[00:29:41] Bootstrap tree #895, logLikelihood: -22157.912602
[00:29:43] Bootstrap tree #896, logLikelihood: -21547.283778
[00:29:45] Bootstrap tree #897, logLikelihood: -21641.794937
[00:29:47] Bootstrap tree #898, logLikelihood: -22425.602660
[00:29:49] Bootstrap tree #899, logLikelihood: -22121.939499
[00:29:51] Bootstrap tree #900, logLikelihood: -21829.210455
[00:29:52] Bootstrap tree #901, logLikelihood: -21885.985387
[00:29:54] Bootstrap tree #902, logLikelihood: -22060.418095
[00:29:56] Bootstrap tree #903, logLikelihood: -22092.620860
[00:29:58] Bootstrap tree #904, logLikelihood: -21637.161564
[00:30:00] Bootstrap tree #905, logLikelihood: -22302.732018
[00:30:02] Bootstrap tree #906, logLikelihood: -21723.525798
[00:30:04] Bootstrap tree #907, logLikelihood: -22575.785973
[00:30:06] Bootstrap tree #908, logLikelihood: -21913.156274
[00:30:08] Bootstrap tree #909, logLikelihood: -22408.268222
[00:30:10] Bootstrap tree #910, logLikelihood: -22425.068538
[00:30:11] Bootstrap tree #911, logLikelihood: -21318.248176
[00:30:13] Bootstrap tree #912, logLikelihood: -21998.411327
[00:30:14] Bootstrap tree #913, logLikelihood: -22343.122438
[00:30:16] Bootstrap tree #914, logLikelihood: -21838.059055
[00:30:19] Bootstrap tree #915, logLikelihood: -22322.319500
[00:30:21] Bootstrap tree #916, logLikelihood: -22135.617947
[00:30:23] Bootstrap tree #917, logLikelihood: -22224.963830
[00:30:25] Bootstrap tree #918, logLikelihood: -22229.109211
[00:30:28] Bootstrap tree #919, logLikelihood: -22330.471869
[00:30:30] Bootstrap tree #920, logLikelihood: -22547.702111
[00:30:32] Bootstrap tree #921, logLikelihood: -21990.017905
[00:30:34] Bootstrap tree #922, logLikelihood: -22059.084205
[00:30:36] Bootstrap tree #923, logLikelihood: -21564.574842
[00:30:38] Bootstrap tree #924, logLikelihood: -22478.512123
[00:30:40] Bootstrap tree #925, logLikelihood: -21707.883556
[00:30:41] Bootstrap tree #926, logLikelihood: -22402.526974
[00:30:45] Bootstrap tree #927, logLikelihood: -21625.751853
[00:30:47] Bootstrap tree #928, logLikelihood: -22323.602508
[00:30:50] Bootstrap tree #929, logLikelihood: -22168.828312
[00:30:52] Bootstrap tree #930, logLikelihood: -21718.425506
[00:30:54] Bootstrap tree #931, logLikelihood: -21994.959872
[00:30:56] Bootstrap tree #932, logLikelihood: -22208.196004
[00:30:58] Bootstrap tree #933, logLikelihood: -22443.358332
[00:31:01] Bootstrap tree #934, logLikelihood: -21621.930007
[00:31:03] Bootstrap tree #935, logLikelihood: -21603.366501
[00:31:05] Bootstrap tree #936, logLikelihood: -22287.335477
[00:31:07] Bootstrap tree #937, logLikelihood: -21549.572452
[00:31:09] Bootstrap tree #938, logLikelihood: -22140.808930
[00:31:11] Bootstrap tree #939, logLikelihood: -21410.829774
[00:31:13] Bootstrap tree #940, logLikelihood: -21719.615811
[00:31:15] Bootstrap tree #941, logLikelihood: -21977.859803
[00:31:16] Bootstrap tree #942, logLikelihood: -22669.119285
[00:31:18] Bootstrap tree #943, logLikelihood: -22304.423449
[00:31:20] Bootstrap tree #944, logLikelihood: -22323.504752
[00:31:21] Bootstrap tree #945, logLikelihood: -22174.999079
[00:31:23] Bootstrap tree #946, logLikelihood: -22386.722652
[00:31:25] Bootstrap tree #947, logLikelihood: -21880.511913
[00:31:26] Bootstrap tree #948, logLikelihood: -22307.792081
[00:31:29] Bootstrap tree #949, logLikelihood: -22236.259513
[00:31:31] Bootstrap tree #950, logLikelihood: -21757.805054
[00:31:32] Bootstrap tree #951, logLikelihood: -21750.877098
[00:31:34] Bootstrap tree #952, logLikelihood: -21960.354012
[00:31:36] Bootstrap tree #953, logLikelihood: -21898.035186
[00:31:38] Bootstrap tree #954, logLikelihood: -21889.782073
[00:31:40] Bootstrap tree #955, logLikelihood: -22443.646278
[00:31:42] Bootstrap tree #956, logLikelihood: -22283.816359
[00:31:43] Bootstrap tree #957, logLikelihood: -21659.571644
[00:31:45] Bootstrap tree #958, logLikelihood: -21943.923210
[00:31:47] Bootstrap tree #959, logLikelihood: -21870.225410
[00:31:49] Bootstrap tree #960, logLikelihood: -21814.202821
[00:31:51] Bootstrap tree #961, logLikelihood: -21826.670899
[00:31:53] Bootstrap tree #962, logLikelihood: -21908.193414
[00:31:55] Bootstrap tree #963, logLikelihood: -22299.245302
[00:31:57] Bootstrap tree #964, logLikelihood: -22007.561768
[00:31:59] Bootstrap tree #965, logLikelihood: -22260.293004
[00:32:01] Bootstrap tree #966, logLikelihood: -22107.823808
[00:32:03] Bootstrap tree #967, logLikelihood: -22410.779446
[00:32:05] Bootstrap tree #968, logLikelihood: -22421.187947
[00:32:07] Bootstrap tree #969, logLikelihood: -22396.868878
[00:32:09] Bootstrap tree #970, logLikelihood: -21698.312644
[00:32:11] Bootstrap tree #971, logLikelihood: -22097.589532
[00:32:13] Bootstrap tree #972, logLikelihood: -22070.144066
[00:32:15] Bootstrap tree #973, logLikelihood: -22508.847645
[00:32:17] Bootstrap tree #974, logLikelihood: -21878.117701
[00:32:19] Bootstrap tree #975, logLikelihood: -22359.931912
[00:32:21] Bootstrap tree #976, logLikelihood: -22376.509964
[00:32:23] Bootstrap tree #977, logLikelihood: -22090.034399
[00:32:25] Bootstrap tree #978, logLikelihood: -21980.778152
[00:32:26] Bootstrap tree #979, logLikelihood: -21803.367665
[00:32:28] Bootstrap tree #980, logLikelihood: -22148.694145
[00:32:31] Bootstrap tree #981, logLikelihood: -22070.791586
[00:32:33] Bootstrap tree #982, logLikelihood: -21852.195480
[00:32:35] Bootstrap tree #983, logLikelihood: -22148.399408
[00:32:38] Bootstrap tree #984, logLikelihood: -22018.718463
[00:32:39] Bootstrap tree #985, logLikelihood: -22134.200907
[00:32:42] Bootstrap tree #986, logLikelihood: -21677.061946
[00:32:44] Bootstrap tree #987, logLikelihood: -21638.677480
[00:32:46] Bootstrap tree #988, logLikelihood: -22194.090428
[00:32:48] Bootstrap tree #989, logLikelihood: -21662.482355
[00:32:50] Bootstrap tree #990, logLikelihood: -22870.989901
[00:32:51] Bootstrap tree #991, logLikelihood: -22147.711144
[00:32:53] Bootstrap tree #992, logLikelihood: -21898.697156
[00:32:55] Bootstrap tree #993, logLikelihood: -22001.829805
[00:32:57] Bootstrap tree #994, logLikelihood: -21903.661653
[00:32:59] Bootstrap tree #995, logLikelihood: -21415.299437
[00:33:00] Bootstrap tree #996, logLikelihood: -22006.242139
[00:33:02] Bootstrap tree #997, logLikelihood: -22323.453949
[00:33:04] Bootstrap tree #998, logLikelihood: -21890.068947
[00:33:06] Bootstrap tree #999, logLikelihood: -21839.641757
[00:33:07] Bootstrap tree #1000, logLikelihood: -22309.093573

Optimized model parameters:

   Partition 0: noname
   Rate heterogeneity: GAMMA (4 cats, mean),  alpha: 2.635555 (ML),  weights&rates: (0.250000,0.358943) (0.250000,0.709120) (0.250000,1.080013) (0.250000,1.851925) 
   Base frequencies (ML): 0.315598 0.201083 0.250803 0.232517 
   Substitution rates (ML): 1.769654 3.426787 1.480538 1.993329 4.324230 1.000000 


Final LogLikelihood: -22044.798177

AIC score: 44173.596353 / AICc score: 44176.046828 / BIC score: 44397.224932
Free parameters (model + branch lengths): 42

Best ML tree saved to: /home/seddik/Documents/Synesth/iter6/all_Cas_trees/Cas7/Tree.raxml.bestTree
All ML trees saved to: /home/seddik/Documents/Synesth/iter6/all_Cas_trees/Cas7/Tree.raxml.mlTrees
Best ML tree with Felsenstein bootstrap (FBP) support values saved to: /home/seddik/Documents/Synesth/iter6/all_Cas_trees/Cas7/Tree.raxml.support
Optimized model saved to: /home/seddik/Documents/Synesth/iter6/all_Cas_trees/Cas7/Tree.raxml.bestModel
Bootstrap trees saved to: /home/seddik/Documents/Synesth/iter6/all_Cas_trees/Cas7/Tree.raxml.bootstraps

Execution log saved to: /home/seddik/Documents/Synesth/iter6/all_Cas_trees/Cas7/Tree.raxml.log

Analysis started: 30-Jul-2024 15:16:03 / finished: 30-Jul-2024 15:49:11

Elapsed time: 1987.906 seconds

