
RAxML-NG v. 0.9.0 released on 20.05.2019 by The Exelixis Lab.
Developed by: Alexey M. Kozlov and Alexandros Stamatakis.
Contributors: Diego Darriba, Tomas Flouri, Benoit Morel, Sarah Lutteropp, Ben Bettisworth.
Latest version: https://github.com/amkozlov/raxml-ng
Questions/problems/suggestions? Please visit: https://groups.google.com/forum/#!forum/raxml

RAxML-NG was called at 30-Jul-2024 18:29:51 as follows:

raxml-ng --all --msa all_Cas_aligned/all_Csm2_aligned.fna --model GTR+G --bs-trees 1000 --threads 4 --prefix all_Cas_trees/Csm2/Tree

Analysis options:
  run mode: ML tree search + bootstrapping (Felsenstein Bootstrap)
  start tree(s): random (10) + parsimony (10)
  bootstrap replicates: 1000
  random seed: 1722378591
  tip-inner: OFF
  pattern compression: ON
  per-rate scalers: OFF
  site repeats: ON
  branch lengths: proportional (ML estimate, algorithm: NR-FAST)
  SIMD kernels: AVX2
  parallelization: PTHREADS (4 threads), thread pinning: OFF

[00:00:00] Reading alignment from file: all_Cas_aligned/all_Csm2_aligned.fna
[00:00:00] Loaded alignment with 5 taxa and 623 sites

Alignment comprises 1 partitions and 367 patterns

Partition 0: noname
Model: GTR+FO+G4m
Alignment sites / patterns: 623 / 367
Gaps: 27.83 %
Invariant sites: 33.07 %


NOTE: Binary MSA file created: all_Cas_trees/Csm2/Tree.raxml.rba

[00:00:00] Generating 10 random starting tree(s) with 5 taxa
[00:00:00] Generating 10 parsimony starting tree(s) with 5 taxa
[00:00:00] Data distribution: max. partitions/sites/weight per thread: 1 / 92 / 1472

Starting ML tree search with 20 distinct starting trees

[00:00:00] ML tree search #1, logLikelihood: -2771.493192
[00:00:00] ML tree search #2, logLikelihood: -2771.462098
[00:00:00] ML tree search #3, logLikelihood: -2771.508940
[00:00:00] ML tree search #4, logLikelihood: -2771.477865
[00:00:00] ML tree search #5, logLikelihood: -2771.453569
[00:00:00] ML tree search #6, logLikelihood: -2771.477865
[00:00:00] ML tree search #7, logLikelihood: -2771.471779
[00:00:00] ML tree search #8, logLikelihood: -2771.463685
[00:00:00] ML tree search #9, logLikelihood: -2771.496537
[00:00:01] ML tree search #10, logLikelihood: -2771.462098
[00:00:01] ML tree search #11, logLikelihood: -2771.488005
[00:00:01] ML tree search #12, logLikelihood: -2771.463252
[00:00:01] ML tree search #13, logLikelihood: -2771.495181
[00:00:01] ML tree search #14, logLikelihood: -2771.495181
[00:00:01] ML tree search #15, logLikelihood: -2771.462963
[00:00:01] ML tree search #16, logLikelihood: -2771.484852
[00:00:01] ML tree search #17, logLikelihood: -2771.471808
[00:00:01] ML tree search #18, logLikelihood: -2771.495181
[00:00:02] ML tree search #19, logLikelihood: -2771.497773
[00:00:02] ML tree search #20, logLikelihood: -2771.473735

[00:00:02] ML tree search completed, best tree logLH: -2771.453569

[00:00:02] Starting bootstrapping analysis with 1000 replicates.

[00:00:02] Bootstrap tree #1, logLikelihood: -2792.231026
[00:00:02] Bootstrap tree #2, logLikelihood: -2646.736141
[00:00:02] Bootstrap tree #3, logLikelihood: -2777.628693
[00:00:02] Bootstrap tree #4, logLikelihood: -2666.313214
[00:00:02] Bootstrap tree #5, logLikelihood: -2722.527678
[00:00:02] Bootstrap tree #6, logLikelihood: -2778.669790
[00:00:02] Bootstrap tree #7, logLikelihood: -2833.815702
[00:00:02] Bootstrap tree #8, logLikelihood: -2872.933922
[00:00:02] Bootstrap tree #9, logLikelihood: -2748.350808
[00:00:02] Bootstrap tree #10, logLikelihood: -2726.215676
[00:00:03] Bootstrap tree #11, logLikelihood: -2772.564414
[00:00:03] Bootstrap tree #12, logLikelihood: -2817.505983
[00:00:03] Bootstrap tree #13, logLikelihood: -2773.349546
[00:00:03] Bootstrap tree #14, logLikelihood: -2714.347903
[00:00:03] Bootstrap tree #15, logLikelihood: -2741.237728
[00:00:03] Bootstrap tree #16, logLikelihood: -2846.198438
[00:00:03] Bootstrap tree #17, logLikelihood: -2685.067526
[00:00:03] Bootstrap tree #18, logLikelihood: -2849.951098
[00:00:03] Bootstrap tree #19, logLikelihood: -2685.751842
[00:00:03] Bootstrap tree #20, logLikelihood: -2745.607134
[00:00:03] Bootstrap tree #21, logLikelihood: -2745.803201
[00:00:03] Bootstrap tree #22, logLikelihood: -2747.023608
[00:00:04] Bootstrap tree #23, logLikelihood: -2773.181785
[00:00:04] Bootstrap tree #24, logLikelihood: -2733.679731
[00:00:04] Bootstrap tree #25, logLikelihood: -2733.392404
[00:00:04] Bootstrap tree #26, logLikelihood: -2793.944941
[00:00:04] Bootstrap tree #27, logLikelihood: -2743.654493
[00:00:04] Bootstrap tree #28, logLikelihood: -2811.346851
[00:00:04] Bootstrap tree #29, logLikelihood: -2684.770217
[00:00:04] Bootstrap tree #30, logLikelihood: -2815.133831
[00:00:04] Bootstrap tree #31, logLikelihood: -2724.965317
[00:00:04] Bootstrap tree #32, logLikelihood: -2825.411006
[00:00:04] Bootstrap tree #33, logLikelihood: -2774.724014
[00:00:04] Bootstrap tree #34, logLikelihood: -2757.688538
[00:00:05] Bootstrap tree #35, logLikelihood: -2750.949063
[00:00:05] Bootstrap tree #36, logLikelihood: -2798.304527
[00:00:05] Bootstrap tree #37, logLikelihood: -2683.672148
[00:00:05] Bootstrap tree #38, logLikelihood: -2657.897250
[00:00:05] Bootstrap tree #39, logLikelihood: -2778.369813
[00:00:05] Bootstrap tree #40, logLikelihood: -2869.651508
[00:00:05] Bootstrap tree #41, logLikelihood: -2800.882723
[00:00:05] Bootstrap tree #42, logLikelihood: -2735.920851
[00:00:05] Bootstrap tree #43, logLikelihood: -2820.068964
[00:00:05] Bootstrap tree #44, logLikelihood: -2739.382890
[00:00:05] Bootstrap tree #45, logLikelihood: -2712.136517
[00:00:05] Bootstrap tree #46, logLikelihood: -2781.518511
[00:00:05] Bootstrap tree #47, logLikelihood: -2821.982646
[00:00:06] Bootstrap tree #48, logLikelihood: -2758.966529
[00:00:06] Bootstrap tree #49, logLikelihood: -2761.903618
[00:00:06] Bootstrap tree #50, logLikelihood: -2813.728198
[00:00:06] Bootstrap tree #51, logLikelihood: -2796.154473
[00:00:06] Bootstrap tree #52, logLikelihood: -2722.731700
[00:00:06] Bootstrap tree #53, logLikelihood: -2807.920801
[00:00:06] Bootstrap tree #54, logLikelihood: -2647.329166
[00:00:06] Bootstrap tree #55, logLikelihood: -2805.590231
[00:00:06] Bootstrap tree #56, logLikelihood: -2768.217933
[00:00:06] Bootstrap tree #57, logLikelihood: -2788.680578
[00:00:06] Bootstrap tree #58, logLikelihood: -2738.492276
[00:00:06] Bootstrap tree #59, logLikelihood: -2704.355112
[00:00:06] Bootstrap tree #60, logLikelihood: -2822.726608
[00:00:07] Bootstrap tree #61, logLikelihood: -2797.811394
[00:00:07] Bootstrap tree #62, logLikelihood: -2740.299129
[00:00:07] Bootstrap tree #63, logLikelihood: -2787.334965
[00:00:07] Bootstrap tree #64, logLikelihood: -2788.187687
[00:00:07] Bootstrap tree #65, logLikelihood: -2726.094557
[00:00:07] Bootstrap tree #66, logLikelihood: -2777.035310
[00:00:07] Bootstrap tree #67, logLikelihood: -2789.019918
[00:00:07] Bootstrap tree #68, logLikelihood: -2820.727046
[00:00:07] Bootstrap tree #69, logLikelihood: -2735.779328
[00:00:07] Bootstrap tree #70, logLikelihood: -2781.640722
[00:00:07] Bootstrap tree #71, logLikelihood: -2741.745827
[00:00:08] Bootstrap tree #72, logLikelihood: -2846.897560
[00:00:08] Bootstrap tree #73, logLikelihood: -2744.733363
[00:00:08] Bootstrap tree #74, logLikelihood: -2819.305824
[00:00:08] Bootstrap tree #75, logLikelihood: -2776.708704
[00:00:08] Bootstrap tree #76, logLikelihood: -2715.290553
[00:00:08] Bootstrap tree #77, logLikelihood: -2715.333034
[00:00:08] Bootstrap tree #78, logLikelihood: -2794.334275
[00:00:08] Bootstrap tree #79, logLikelihood: -2943.985543
[00:00:08] Bootstrap tree #80, logLikelihood: -2704.235015
[00:00:08] Bootstrap tree #81, logLikelihood: -2798.803854
[00:00:08] Bootstrap tree #82, logLikelihood: -2728.320938
[00:00:08] Bootstrap tree #83, logLikelihood: -2735.700732
[00:00:09] Bootstrap tree #84, logLikelihood: -2798.730523
[00:00:09] Bootstrap tree #85, logLikelihood: -2769.222841
[00:00:09] Bootstrap tree #86, logLikelihood: -2704.691970
[00:00:09] Bootstrap tree #87, logLikelihood: -2709.520736
[00:00:09] Bootstrap tree #88, logLikelihood: -2738.021185
[00:00:09] Bootstrap tree #89, logLikelihood: -2833.060160
[00:00:09] Bootstrap tree #90, logLikelihood: -2712.753501
[00:00:09] Bootstrap tree #91, logLikelihood: -2720.055791
[00:00:09] Bootstrap tree #92, logLikelihood: -2768.868814
[00:00:09] Bootstrap tree #93, logLikelihood: -2683.747965
[00:00:09] Bootstrap tree #94, logLikelihood: -2760.795102
[00:00:09] Bootstrap tree #95, logLikelihood: -2785.209220
[00:00:10] Bootstrap tree #96, logLikelihood: -2780.720661
[00:00:10] Bootstrap tree #97, logLikelihood: -2827.839799
[00:00:10] Bootstrap tree #98, logLikelihood: -2810.067890
[00:00:10] Bootstrap tree #99, logLikelihood: -2738.382345
[00:00:10] Bootstrap tree #100, logLikelihood: -2758.969920
[00:00:10] Bootstrap tree #101, logLikelihood: -2761.013873
[00:00:10] Bootstrap tree #102, logLikelihood: -2743.290842
[00:00:10] Bootstrap tree #103, logLikelihood: -2773.071950
[00:00:10] Bootstrap tree #104, logLikelihood: -2687.180130
[00:00:10] Bootstrap tree #105, logLikelihood: -2818.938123
[00:00:10] Bootstrap tree #106, logLikelihood: -2757.823106
[00:00:10] Bootstrap tree #107, logLikelihood: -2839.147693
[00:00:11] Bootstrap tree #108, logLikelihood: -2769.364452
[00:00:11] Bootstrap tree #109, logLikelihood: -2797.387311
[00:00:11] Bootstrap tree #110, logLikelihood: -2748.269703
[00:00:11] Bootstrap tree #111, logLikelihood: -2719.459080
[00:00:11] Bootstrap tree #112, logLikelihood: -2709.497126
[00:00:11] Bootstrap tree #113, logLikelihood: -2628.650295
[00:00:11] Bootstrap tree #114, logLikelihood: -2811.746956
[00:00:11] Bootstrap tree #115, logLikelihood: -2716.984115
[00:00:11] Bootstrap tree #116, logLikelihood: -2794.633790
[00:00:11] Bootstrap tree #117, logLikelihood: -2779.259556
[00:00:11] Bootstrap tree #118, logLikelihood: -2655.285198
[00:00:11] Bootstrap tree #119, logLikelihood: -2691.294402
[00:00:11] Bootstrap tree #120, logLikelihood: -2758.199479
[00:00:12] Bootstrap tree #121, logLikelihood: -2777.630669
[00:00:12] Bootstrap tree #122, logLikelihood: -2731.997963
[00:00:12] Bootstrap tree #123, logLikelihood: -2806.233996
[00:00:12] Bootstrap tree #124, logLikelihood: -2734.971681
[00:00:12] Bootstrap tree #125, logLikelihood: -2825.868986
[00:00:12] Bootstrap tree #126, logLikelihood: -2713.230916
[00:00:12] Bootstrap tree #127, logLikelihood: -2805.112309
[00:00:12] Bootstrap tree #128, logLikelihood: -2773.910371
[00:00:12] Bootstrap tree #129, logLikelihood: -2844.589190
[00:00:12] Bootstrap tree #130, logLikelihood: -2705.606827
[00:00:12] Bootstrap tree #131, logLikelihood: -2758.601097
[00:00:12] Bootstrap tree #132, logLikelihood: -2748.504426
[00:00:12] Bootstrap tree #133, logLikelihood: -2688.241088
[00:00:13] Bootstrap tree #134, logLikelihood: -2748.232919
[00:00:13] Bootstrap tree #135, logLikelihood: -2746.454883
[00:00:13] Bootstrap tree #136, logLikelihood: -2790.689686
[00:00:13] Bootstrap tree #137, logLikelihood: -2768.206046
[00:00:13] Bootstrap tree #138, logLikelihood: -2665.101580
[00:00:13] Bootstrap tree #139, logLikelihood: -2778.629289
[00:00:13] Bootstrap tree #140, logLikelihood: -2691.791862
[00:00:13] Bootstrap tree #141, logLikelihood: -2830.152692
[00:00:13] Bootstrap tree #142, logLikelihood: -2776.533296
[00:00:13] Bootstrap tree #143, logLikelihood: -2831.440746
[00:00:13] Bootstrap tree #144, logLikelihood: -2814.098035
[00:00:13] Bootstrap tree #145, logLikelihood: -2693.648812
[00:00:13] Bootstrap tree #146, logLikelihood: -2751.113476
[00:00:14] Bootstrap tree #147, logLikelihood: -2755.488522
[00:00:14] Bootstrap tree #148, logLikelihood: -2842.552423
[00:00:14] Bootstrap tree #149, logLikelihood: -2733.588482
[00:00:14] Bootstrap tree #150, logLikelihood: -2670.910892
[00:00:14] Bootstrap tree #151, logLikelihood: -2731.193561
[00:00:14] Bootstrap tree #152, logLikelihood: -2814.518621
[00:00:14] Bootstrap tree #153, logLikelihood: -2735.325695
[00:00:14] Bootstrap tree #154, logLikelihood: -2642.186626
[00:00:14] Bootstrap tree #155, logLikelihood: -2726.546626
[00:00:14] Bootstrap tree #156, logLikelihood: -2812.989387
[00:00:14] Bootstrap tree #157, logLikelihood: -2782.440807
[00:00:15] Bootstrap tree #158, logLikelihood: -2706.937992
[00:00:15] Bootstrap tree #159, logLikelihood: -2801.147026
[00:00:15] Bootstrap tree #160, logLikelihood: -2731.793307
[00:00:15] Bootstrap tree #161, logLikelihood: -2804.209963
[00:00:15] Bootstrap tree #162, logLikelihood: -2744.729698
[00:00:15] Bootstrap tree #163, logLikelihood: -2774.531083
[00:00:15] Bootstrap tree #164, logLikelihood: -2783.199537
[00:00:15] Bootstrap tree #165, logLikelihood: -2748.978092
[00:00:15] Bootstrap tree #166, logLikelihood: -2862.341131
[00:00:15] Bootstrap tree #167, logLikelihood: -2710.393081
[00:00:15] Bootstrap tree #168, logLikelihood: -2794.494158
[00:00:16] Bootstrap tree #169, logLikelihood: -2702.532917
[00:00:16] Bootstrap tree #170, logLikelihood: -2810.203282
[00:00:16] Bootstrap tree #171, logLikelihood: -2820.784052
[00:00:16] Bootstrap tree #172, logLikelihood: -2830.512376
[00:00:16] Bootstrap tree #173, logLikelihood: -2881.621077
[00:00:16] Bootstrap tree #174, logLikelihood: -2693.476757
[00:00:16] Bootstrap tree #175, logLikelihood: -2766.531133
[00:00:16] Bootstrap tree #176, logLikelihood: -2776.130941
[00:00:16] Bootstrap tree #177, logLikelihood: -2810.860680
[00:00:16] Bootstrap tree #178, logLikelihood: -2763.381744
[00:00:16] Bootstrap tree #179, logLikelihood: -2815.121334
[00:00:16] Bootstrap tree #180, logLikelihood: -2733.082504
[00:00:17] Bootstrap tree #181, logLikelihood: -2788.508067
[00:00:17] Bootstrap tree #182, logLikelihood: -2748.994158
[00:00:17] Bootstrap tree #183, logLikelihood: -2810.797383
[00:00:17] Bootstrap tree #184, logLikelihood: -2863.860187
[00:00:17] Bootstrap tree #185, logLikelihood: -2821.668828
[00:00:17] Bootstrap tree #186, logLikelihood: -2832.233814
[00:00:17] Bootstrap tree #187, logLikelihood: -2812.378486
[00:00:17] Bootstrap tree #188, logLikelihood: -2776.660820
[00:00:17] Bootstrap tree #189, logLikelihood: -2867.617170
[00:00:17] Bootstrap tree #190, logLikelihood: -2698.217905
[00:00:17] Bootstrap tree #191, logLikelihood: -2820.609162
[00:00:17] Bootstrap tree #192, logLikelihood: -2814.415734
[00:00:18] Bootstrap tree #193, logLikelihood: -2660.199143
[00:00:18] Bootstrap tree #194, logLikelihood: -2687.528068
[00:00:18] Bootstrap tree #195, logLikelihood: -2761.160409
[00:00:18] Bootstrap tree #196, logLikelihood: -2798.292567
[00:00:18] Bootstrap tree #197, logLikelihood: -2838.178265
[00:00:18] Bootstrap tree #198, logLikelihood: -2796.458926
[00:00:18] Bootstrap tree #199, logLikelihood: -2843.979257
[00:00:18] Bootstrap tree #200, logLikelihood: -2693.763831
[00:00:18] Bootstrap tree #201, logLikelihood: -2676.674590
[00:00:18] Bootstrap tree #202, logLikelihood: -2711.203397
[00:00:18] Bootstrap tree #203, logLikelihood: -2768.090315
[00:00:18] Bootstrap tree #204, logLikelihood: -2848.060265
[00:00:18] Bootstrap tree #205, logLikelihood: -2713.693316
[00:00:19] Bootstrap tree #206, logLikelihood: -2671.373160
[00:00:19] Bootstrap tree #207, logLikelihood: -2761.836943
[00:00:19] Bootstrap tree #208, logLikelihood: -2770.126623
[00:00:19] Bootstrap tree #209, logLikelihood: -2786.444216
[00:00:19] Bootstrap tree #210, logLikelihood: -2736.257079
[00:00:19] Bootstrap tree #211, logLikelihood: -2724.727755
[00:00:19] Bootstrap tree #212, logLikelihood: -2789.250983
[00:00:19] Bootstrap tree #213, logLikelihood: -2719.599568
[00:00:19] Bootstrap tree #214, logLikelihood: -2695.972846
[00:00:19] Bootstrap tree #215, logLikelihood: -2786.794691
[00:00:19] Bootstrap tree #216, logLikelihood: -2756.489026
[00:00:19] Bootstrap tree #217, logLikelihood: -2688.774729
[00:00:20] Bootstrap tree #218, logLikelihood: -2798.562313
[00:00:20] Bootstrap tree #219, logLikelihood: -2767.030742
[00:00:20] Bootstrap tree #220, logLikelihood: -2748.648794
[00:00:20] Bootstrap tree #221, logLikelihood: -2809.187495
[00:00:20] Bootstrap tree #222, logLikelihood: -2893.317352
[00:00:20] Bootstrap tree #223, logLikelihood: -2739.826326
[00:00:20] Bootstrap tree #224, logLikelihood: -2814.832290
[00:00:20] Bootstrap tree #225, logLikelihood: -2704.567898
[00:00:20] Bootstrap tree #226, logLikelihood: -2730.308869
[00:00:20] Bootstrap tree #227, logLikelihood: -2739.985170
[00:00:20] Bootstrap tree #228, logLikelihood: -2697.998648
[00:00:21] Bootstrap tree #229, logLikelihood: -2704.420788
[00:00:21] Bootstrap tree #230, logLikelihood: -2767.988330
[00:00:21] Bootstrap tree #231, logLikelihood: -2699.995995
[00:00:21] Bootstrap tree #232, logLikelihood: -2775.683110
[00:00:21] Bootstrap tree #233, logLikelihood: -2728.702219
[00:00:21] Bootstrap tree #234, logLikelihood: -2642.432622
[00:00:21] Bootstrap tree #235, logLikelihood: -2731.336274
[00:00:21] Bootstrap tree #236, logLikelihood: -2729.190699
[00:00:21] Bootstrap tree #237, logLikelihood: -2753.327971
[00:00:21] Bootstrap tree #238, logLikelihood: -2780.182926
[00:00:21] Bootstrap tree #239, logLikelihood: -2799.586474
[00:00:21] Bootstrap tree #240, logLikelihood: -2683.188600
[00:00:21] Bootstrap tree #241, logLikelihood: -2673.681931
[00:00:22] Bootstrap tree #242, logLikelihood: -2750.320137
[00:00:22] Bootstrap tree #243, logLikelihood: -2783.477743
[00:00:22] Bootstrap tree #244, logLikelihood: -2770.450558
[00:00:22] Bootstrap tree #245, logLikelihood: -2786.708108
[00:00:22] Bootstrap tree #246, logLikelihood: -2880.103295
[00:00:22] Bootstrap tree #247, logLikelihood: -2688.169071
[00:00:22] Bootstrap tree #248, logLikelihood: -2783.368793
[00:00:22] Bootstrap tree #249, logLikelihood: -2803.177786
[00:00:22] Bootstrap tree #250, logLikelihood: -2722.469209
[00:00:22] Bootstrap tree #251, logLikelihood: -2768.038630
[00:00:22] Bootstrap tree #252, logLikelihood: -2747.020015
[00:00:22] Bootstrap tree #253, logLikelihood: -2758.055044
[00:00:23] Bootstrap tree #254, logLikelihood: -2785.937491
[00:00:23] Bootstrap tree #255, logLikelihood: -2909.762588
[00:00:23] Bootstrap tree #256, logLikelihood: -2798.053427
[00:00:23] Bootstrap tree #257, logLikelihood: -2736.114941
[00:00:23] Bootstrap tree #258, logLikelihood: -2776.239058
[00:00:23] Bootstrap tree #259, logLikelihood: -2807.078188
[00:00:23] Bootstrap tree #260, logLikelihood: -2883.889072
[00:00:23] Bootstrap tree #261, logLikelihood: -2803.790361
[00:00:23] Bootstrap tree #262, logLikelihood: -2750.976603
[00:00:23] Bootstrap tree #263, logLikelihood: -2809.416729
[00:00:23] Bootstrap tree #264, logLikelihood: -2721.108545
[00:00:23] Bootstrap tree #265, logLikelihood: -2782.036892
[00:00:24] Bootstrap tree #266, logLikelihood: -2695.494454
[00:00:24] Bootstrap tree #267, logLikelihood: -2827.886750
[00:00:24] Bootstrap tree #268, logLikelihood: -2772.592775
[00:00:24] Bootstrap tree #269, logLikelihood: -2701.462469
[00:00:24] Bootstrap tree #270, logLikelihood: -2703.499462
[00:00:24] Bootstrap tree #271, logLikelihood: -2773.017808
[00:00:24] Bootstrap tree #272, logLikelihood: -2710.018852
[00:00:24] Bootstrap tree #273, logLikelihood: -2760.317908
[00:00:24] Bootstrap tree #274, logLikelihood: -2693.594595
[00:00:24] Bootstrap tree #275, logLikelihood: -2781.342315
[00:00:24] Bootstrap tree #276, logLikelihood: -2788.595671
[00:00:24] Bootstrap tree #277, logLikelihood: -2765.170909
[00:00:25] Bootstrap tree #278, logLikelihood: -2698.224099
[00:00:25] Bootstrap tree #279, logLikelihood: -2755.488340
[00:00:25] Bootstrap tree #280, logLikelihood: -2578.846312
[00:00:25] Bootstrap tree #281, logLikelihood: -2802.724836
[00:00:25] Bootstrap tree #282, logLikelihood: -2813.993875
[00:00:25] Bootstrap tree #283, logLikelihood: -2747.775217
[00:00:25] Bootstrap tree #284, logLikelihood: -2746.880139
[00:00:25] Bootstrap tree #285, logLikelihood: -2866.885249
[00:00:25] Bootstrap tree #286, logLikelihood: -2809.227375
[00:00:25] Bootstrap tree #287, logLikelihood: -2768.699337
[00:00:26] Bootstrap tree #288, logLikelihood: -2874.388912
[00:00:26] Bootstrap tree #289, logLikelihood: -2668.185728
[00:00:26] Bootstrap tree #290, logLikelihood: -2652.012562
[00:00:26] Bootstrap tree #291, logLikelihood: -2768.621569
[00:00:26] Bootstrap tree #292, logLikelihood: -2788.144462
[00:00:26] Bootstrap tree #293, logLikelihood: -2754.537266
[00:00:26] Bootstrap tree #294, logLikelihood: -2755.710269
[00:00:26] Bootstrap tree #295, logLikelihood: -2725.836768
[00:00:26] Bootstrap tree #296, logLikelihood: -2722.794022
[00:00:26] Bootstrap tree #297, logLikelihood: -2803.200073
[00:00:26] Bootstrap tree #298, logLikelihood: -2757.999385
[00:00:26] Bootstrap tree #299, logLikelihood: -2800.503173
[00:00:26] Bootstrap tree #300, logLikelihood: -2765.876564
[00:00:27] Bootstrap tree #301, logLikelihood: -2794.239948
[00:00:27] Bootstrap tree #302, logLikelihood: -2769.746590
[00:00:27] Bootstrap tree #303, logLikelihood: -2751.150213
[00:00:27] Bootstrap tree #304, logLikelihood: -2730.531551
[00:00:27] Bootstrap tree #305, logLikelihood: -2743.346509
[00:00:27] Bootstrap tree #306, logLikelihood: -2766.190626
[00:00:27] Bootstrap tree #307, logLikelihood: -2770.694236
[00:00:27] Bootstrap tree #308, logLikelihood: -2735.668400
[00:00:27] Bootstrap tree #309, logLikelihood: -2689.866391
[00:00:27] Bootstrap tree #310, logLikelihood: -2842.403188
[00:00:27] Bootstrap tree #311, logLikelihood: -2770.889486
[00:00:27] Bootstrap tree #312, logLikelihood: -2759.033198
[00:00:28] Bootstrap tree #313, logLikelihood: -2822.075421
[00:00:28] Bootstrap tree #314, logLikelihood: -2757.834845
[00:00:28] Bootstrap tree #315, logLikelihood: -2758.324810
[00:00:28] Bootstrap tree #316, logLikelihood: -2872.978258
[00:00:28] Bootstrap tree #317, logLikelihood: -2800.580846
[00:00:28] Bootstrap tree #318, logLikelihood: -2825.959449
[00:00:28] Bootstrap tree #319, logLikelihood: -2816.062687
[00:00:28] Bootstrap tree #320, logLikelihood: -2700.887442
[00:00:28] Bootstrap tree #321, logLikelihood: -2824.725115
[00:00:28] Bootstrap tree #322, logLikelihood: -2694.684924
[00:00:28] Bootstrap tree #323, logLikelihood: -2791.891773
[00:00:28] Bootstrap tree #324, logLikelihood: -2772.525100
[00:00:29] Bootstrap tree #325, logLikelihood: -2676.036956
[00:00:29] Bootstrap tree #326, logLikelihood: -2830.333147
[00:00:29] Bootstrap tree #327, logLikelihood: -2715.071504
[00:00:29] Bootstrap tree #328, logLikelihood: -2762.137943
[00:00:29] Bootstrap tree #329, logLikelihood: -2688.120451
[00:00:29] Bootstrap tree #330, logLikelihood: -2678.017609
[00:00:29] Bootstrap tree #331, logLikelihood: -2714.442603
[00:00:29] Bootstrap tree #332, logLikelihood: -2716.907954
[00:00:29] Bootstrap tree #333, logLikelihood: -2799.004964
[00:00:29] Bootstrap tree #334, logLikelihood: -2773.615570
[00:00:29] Bootstrap tree #335, logLikelihood: -2717.887810
[00:00:29] Bootstrap tree #336, logLikelihood: -2772.303422
[00:00:30] Bootstrap tree #337, logLikelihood: -2878.851053
[00:00:30] Bootstrap tree #338, logLikelihood: -2736.931557
[00:00:30] Bootstrap tree #339, logLikelihood: -2784.323044
[00:00:30] Bootstrap tree #340, logLikelihood: -2727.804658
[00:00:30] Bootstrap tree #341, logLikelihood: -2753.437815
[00:00:30] Bootstrap tree #342, logLikelihood: -2799.318544
[00:00:30] Bootstrap tree #343, logLikelihood: -2715.253883
[00:00:30] Bootstrap tree #344, logLikelihood: -2689.675549
[00:00:30] Bootstrap tree #345, logLikelihood: -2683.595924
[00:00:30] Bootstrap tree #346, logLikelihood: -2822.633014
[00:00:31] Bootstrap tree #347, logLikelihood: -2825.132134
[00:00:31] Bootstrap tree #348, logLikelihood: -2712.210094
[00:00:31] Bootstrap tree #349, logLikelihood: -2746.681748
[00:00:31] Bootstrap tree #350, logLikelihood: -2733.294241
[00:00:31] Bootstrap tree #351, logLikelihood: -2700.957591
[00:00:31] Bootstrap tree #352, logLikelihood: -2771.425615
[00:00:31] Bootstrap tree #353, logLikelihood: -2807.277014
[00:00:31] Bootstrap tree #354, logLikelihood: -2707.365777
[00:00:31] Bootstrap tree #355, logLikelihood: -2720.117760
[00:00:31] Bootstrap tree #356, logLikelihood: -2808.805584
[00:00:31] Bootstrap tree #357, logLikelihood: -2766.407181
[00:00:32] Bootstrap tree #358, logLikelihood: -2714.686462
[00:00:32] Bootstrap tree #359, logLikelihood: -2823.391126
[00:00:32] Bootstrap tree #360, logLikelihood: -2669.591057
[00:00:32] Bootstrap tree #361, logLikelihood: -2818.631984
[00:00:32] Bootstrap tree #362, logLikelihood: -2745.836939
[00:00:32] Bootstrap tree #363, logLikelihood: -2851.614412
[00:00:32] Bootstrap tree #364, logLikelihood: -2775.137867
[00:00:32] Bootstrap tree #365, logLikelihood: -2705.779406
[00:00:32] Bootstrap tree #366, logLikelihood: -2820.173123
[00:00:32] Bootstrap tree #367, logLikelihood: -2702.385217
[00:00:32] Bootstrap tree #368, logLikelihood: -2820.824708
[00:00:32] Bootstrap tree #369, logLikelihood: -2772.231659
[00:00:33] Bootstrap tree #370, logLikelihood: -2729.961550
[00:00:33] Bootstrap tree #371, logLikelihood: -2791.848561
[00:00:33] Bootstrap tree #372, logLikelihood: -2799.901431
[00:00:33] Bootstrap tree #373, logLikelihood: -2782.282822
[00:00:33] Bootstrap tree #374, logLikelihood: -2759.954977
[00:00:33] Bootstrap tree #375, logLikelihood: -2758.953433
[00:00:33] Bootstrap tree #376, logLikelihood: -2720.587898
[00:00:33] Bootstrap tree #377, logLikelihood: -2709.457574
[00:00:33] Bootstrap tree #378, logLikelihood: -2744.069120
[00:00:33] Bootstrap tree #379, logLikelihood: -2792.294982
[00:00:33] Bootstrap tree #380, logLikelihood: -2842.807147
[00:00:33] Bootstrap tree #381, logLikelihood: -2689.456457
[00:00:34] Bootstrap tree #382, logLikelihood: -2813.843560
[00:00:34] Bootstrap tree #383, logLikelihood: -2746.029485
[00:00:34] Bootstrap tree #384, logLikelihood: -2677.594409
[00:00:34] Bootstrap tree #385, logLikelihood: -2723.963501
[00:00:34] Bootstrap tree #386, logLikelihood: -2744.531802
[00:00:34] Bootstrap tree #387, logLikelihood: -2800.259545
[00:00:34] Bootstrap tree #388, logLikelihood: -2715.966994
[00:00:34] Bootstrap tree #389, logLikelihood: -2877.620710
[00:00:34] Bootstrap tree #390, logLikelihood: -2712.536763
[00:00:34] Bootstrap tree #391, logLikelihood: -2727.648193
[00:00:34] Bootstrap tree #392, logLikelihood: -2795.888918
[00:00:35] Bootstrap tree #393, logLikelihood: -2817.160627
[00:00:35] Bootstrap tree #394, logLikelihood: -2762.247417
[00:00:35] Bootstrap tree #395, logLikelihood: -2668.628817
[00:00:35] Bootstrap tree #396, logLikelihood: -2777.732414
[00:00:35] Bootstrap tree #397, logLikelihood: -2830.408907
[00:00:35] Bootstrap tree #398, logLikelihood: -2783.220878
[00:00:35] Bootstrap tree #399, logLikelihood: -2780.890901
[00:00:35] Bootstrap tree #400, logLikelihood: -2738.890110
[00:00:35] Bootstrap tree #401, logLikelihood: -2822.047512
[00:00:35] Bootstrap tree #402, logLikelihood: -2743.091161
[00:00:35] Bootstrap tree #403, logLikelihood: -2756.501405
[00:00:35] Bootstrap tree #404, logLikelihood: -2819.595675
[00:00:36] Bootstrap tree #405, logLikelihood: -2738.521230
[00:00:36] Bootstrap tree #406, logLikelihood: -2778.661283
[00:00:36] Bootstrap tree #407, logLikelihood: -2739.496642
[00:00:36] Bootstrap tree #408, logLikelihood: -2718.030688
[00:00:36] Bootstrap tree #409, logLikelihood: -2753.150384
[00:00:36] Bootstrap tree #410, logLikelihood: -2758.613147
[00:00:36] Bootstrap tree #411, logLikelihood: -2708.784812
[00:00:36] Bootstrap tree #412, logLikelihood: -2676.262264
[00:00:36] Bootstrap tree #413, logLikelihood: -2886.581414
[00:00:36] Bootstrap tree #414, logLikelihood: -2738.604117
[00:00:36] Bootstrap tree #415, logLikelihood: -2784.740861
[00:00:36] Bootstrap tree #416, logLikelihood: -2820.921314
[00:00:36] Bootstrap tree #417, logLikelihood: -2731.626518
[00:00:37] Bootstrap tree #418, logLikelihood: -2685.914683
[00:00:37] Bootstrap tree #419, logLikelihood: -2748.672028
[00:00:37] Bootstrap tree #420, logLikelihood: -2796.960363
[00:00:37] Bootstrap tree #421, logLikelihood: -2768.147240
[00:00:37] Bootstrap tree #422, logLikelihood: -2809.914518
[00:00:37] Bootstrap tree #423, logLikelihood: -2756.088692
[00:00:37] Bootstrap tree #424, logLikelihood: -2658.030244
[00:00:37] Bootstrap tree #425, logLikelihood: -2772.261709
[00:00:37] Bootstrap tree #426, logLikelihood: -2714.801468
[00:00:37] Bootstrap tree #427, logLikelihood: -2713.938648
[00:00:37] Bootstrap tree #428, logLikelihood: -2728.146625
[00:00:37] Bootstrap tree #429, logLikelihood: -2702.171877
[00:00:38] Bootstrap tree #430, logLikelihood: -2798.461754
[00:00:38] Bootstrap tree #431, logLikelihood: -2789.359556
[00:00:38] Bootstrap tree #432, logLikelihood: -2761.991842
[00:00:38] Bootstrap tree #433, logLikelihood: -2730.172131
[00:00:38] Bootstrap tree #434, logLikelihood: -2693.827891
[00:00:38] Bootstrap tree #435, logLikelihood: -2777.117382
[00:00:38] Bootstrap tree #436, logLikelihood: -2764.844654
[00:00:38] Bootstrap tree #437, logLikelihood: -2724.256929
[00:00:38] Bootstrap tree #438, logLikelihood: -2749.146023
[00:00:38] Bootstrap tree #439, logLikelihood: -2747.645575
[00:00:38] Bootstrap tree #440, logLikelihood: -2732.594597
[00:00:38] Bootstrap tree #441, logLikelihood: -2783.166584
[00:00:39] Bootstrap tree #442, logLikelihood: -2843.778298
[00:00:39] Bootstrap tree #443, logLikelihood: -2758.645548
[00:00:39] Bootstrap tree #444, logLikelihood: -2790.354038
[00:00:39] Bootstrap tree #445, logLikelihood: -2771.141099
[00:00:39] Bootstrap tree #446, logLikelihood: -2871.309469
[00:00:39] Bootstrap tree #447, logLikelihood: -2734.772661
[00:00:39] Bootstrap tree #448, logLikelihood: -2707.601980
[00:00:39] Bootstrap tree #449, logLikelihood: -2719.365410
[00:00:39] Bootstrap tree #450, logLikelihood: -2731.917517
[00:00:39] Bootstrap tree #451, logLikelihood: -2815.211237
[00:00:39] Bootstrap tree #452, logLikelihood: -2831.612345
[00:00:39] Bootstrap tree #453, logLikelihood: -2743.971022
[00:00:40] Bootstrap tree #454, logLikelihood: -2784.211875
[00:00:40] Bootstrap tree #455, logLikelihood: -2733.924489
[00:00:40] Bootstrap tree #456, logLikelihood: -2659.293998
[00:00:40] Bootstrap tree #457, logLikelihood: -2730.568234
[00:00:40] Bootstrap tree #458, logLikelihood: -2708.474026
[00:00:40] Bootstrap tree #459, logLikelihood: -2770.234101
[00:00:40] Bootstrap tree #460, logLikelihood: -2722.228696
[00:00:40] Bootstrap tree #461, logLikelihood: -2690.110495
[00:00:40] Bootstrap tree #462, logLikelihood: -2767.331753
[00:00:40] Bootstrap tree #463, logLikelihood: -2818.997891
[00:00:40] Bootstrap tree #464, logLikelihood: -2814.415493
[00:00:40] Bootstrap tree #465, logLikelihood: -2753.600244
[00:00:41] Bootstrap tree #466, logLikelihood: -2792.989752
[00:00:41] Bootstrap tree #467, logLikelihood: -2698.212719
[00:00:41] Bootstrap tree #468, logLikelihood: -2820.810190
[00:00:41] Bootstrap tree #469, logLikelihood: -2806.958911
[00:00:41] Bootstrap tree #470, logLikelihood: -2791.599664
[00:00:41] Bootstrap tree #471, logLikelihood: -2795.839384
[00:00:41] Bootstrap tree #472, logLikelihood: -2709.831522
[00:00:41] Bootstrap tree #473, logLikelihood: -2788.967457
[00:00:41] Bootstrap tree #474, logLikelihood: -2858.814812
[00:00:41] Bootstrap tree #475, logLikelihood: -2824.446296
[00:00:41] Bootstrap tree #476, logLikelihood: -2738.119622
[00:00:41] Bootstrap tree #477, logLikelihood: -2818.944278
[00:00:42] Bootstrap tree #478, logLikelihood: -2697.096487
[00:00:42] Bootstrap tree #479, logLikelihood: -2777.994866
[00:00:42] Bootstrap tree #480, logLikelihood: -2759.875174
[00:00:42] Bootstrap tree #481, logLikelihood: -2684.852949
[00:00:42] Bootstrap tree #482, logLikelihood: -2711.067445
[00:00:42] Bootstrap tree #483, logLikelihood: -2780.381599
[00:00:42] Bootstrap tree #484, logLikelihood: -2793.078678
[00:00:42] Bootstrap tree #485, logLikelihood: -2712.724134
[00:00:42] Bootstrap tree #486, logLikelihood: -2729.037656
[00:00:42] Bootstrap tree #487, logLikelihood: -2664.519725
[00:00:42] Bootstrap tree #488, logLikelihood: -2787.314155
[00:00:42] Bootstrap tree #489, logLikelihood: -2791.131921
[00:00:42] Bootstrap tree #490, logLikelihood: -2737.185666
[00:00:43] Bootstrap tree #491, logLikelihood: -2785.789473
[00:00:43] Bootstrap tree #492, logLikelihood: -2772.009287
[00:00:43] Bootstrap tree #493, logLikelihood: -2803.341868
[00:00:43] Bootstrap tree #494, logLikelihood: -2741.875131
[00:00:43] Bootstrap tree #495, logLikelihood: -2829.259895
[00:00:43] Bootstrap tree #496, logLikelihood: -2823.503033
[00:00:43] Bootstrap tree #497, logLikelihood: -2776.215435
[00:00:43] Bootstrap tree #498, logLikelihood: -2834.606280
[00:00:43] Bootstrap tree #499, logLikelihood: -2873.070449
[00:00:43] Bootstrap tree #500, logLikelihood: -2832.233532
[00:00:43] Bootstrap tree #501, logLikelihood: -2750.458003
[00:00:43] Bootstrap tree #502, logLikelihood: -2616.186137
[00:00:43] Bootstrap tree #503, logLikelihood: -2767.796560
[00:00:44] Bootstrap tree #504, logLikelihood: -2707.585278
[00:00:44] Bootstrap tree #505, logLikelihood: -2765.935326
[00:00:44] Bootstrap tree #506, logLikelihood: -2768.181996
[00:00:44] Bootstrap tree #507, logLikelihood: -2755.539843
[00:00:44] Bootstrap tree #508, logLikelihood: -2814.817394
[00:00:44] Bootstrap tree #509, logLikelihood: -2747.974890
[00:00:44] Bootstrap tree #510, logLikelihood: -2683.421154
[00:00:44] Bootstrap tree #511, logLikelihood: -2804.144239
[00:00:44] Bootstrap tree #512, logLikelihood: -2813.986168
[00:00:44] Bootstrap tree #513, logLikelihood: -2649.967546
[00:00:44] Bootstrap tree #514, logLikelihood: -2696.616327
[00:00:44] Bootstrap tree #515, logLikelihood: -2782.916078
[00:00:44] Bootstrap tree #516, logLikelihood: -2816.530125
[00:00:45] Bootstrap tree #517, logLikelihood: -2792.119255
[00:00:45] Bootstrap tree #518, logLikelihood: -2793.771952
[00:00:45] Bootstrap tree #519, logLikelihood: -2694.220282
[00:00:45] Bootstrap tree #520, logLikelihood: -2769.259103
[00:00:45] Bootstrap tree #521, logLikelihood: -2845.399396
[00:00:45] Bootstrap tree #522, logLikelihood: -2727.711004
[00:00:45] Bootstrap tree #523, logLikelihood: -2777.469967
[00:00:45] Bootstrap tree #524, logLikelihood: -2693.035197
[00:00:45] Bootstrap tree #525, logLikelihood: -2733.085895
[00:00:45] Bootstrap tree #526, logLikelihood: -2768.527309
[00:00:45] Bootstrap tree #527, logLikelihood: -2771.657097
[00:00:45] Bootstrap tree #528, logLikelihood: -2718.650703
[00:00:46] Bootstrap tree #529, logLikelihood: -2787.282749
[00:00:46] Bootstrap tree #530, logLikelihood: -2785.636552
[00:00:46] Bootstrap tree #531, logLikelihood: -2768.322540
[00:00:46] Bootstrap tree #532, logLikelihood: -2764.870374
[00:00:46] Bootstrap tree #533, logLikelihood: -2754.119871
[00:00:46] Bootstrap tree #534, logLikelihood: -2737.218069
[00:00:46] Bootstrap tree #535, logLikelihood: -2738.983744
[00:00:46] Bootstrap tree #536, logLikelihood: -2794.850453
[00:00:46] Bootstrap tree #537, logLikelihood: -2825.137714
[00:00:46] Bootstrap tree #538, logLikelihood: -2694.130063
[00:00:46] Bootstrap tree #539, logLikelihood: -2763.389816
[00:00:47] Bootstrap tree #540, logLikelihood: -2666.644475
[00:00:47] Bootstrap tree #541, logLikelihood: -2746.221131
[00:00:47] Bootstrap tree #542, logLikelihood: -2826.681674
[00:00:47] Bootstrap tree #543, logLikelihood: -2760.560899
[00:00:47] Bootstrap tree #544, logLikelihood: -2712.181451
[00:00:47] Bootstrap tree #545, logLikelihood: -2591.913369
[00:00:47] Bootstrap tree #546, logLikelihood: -2720.156799
[00:00:47] Bootstrap tree #547, logLikelihood: -2729.395000
[00:00:47] Bootstrap tree #548, logLikelihood: -2802.547437
[00:00:47] Bootstrap tree #549, logLikelihood: -2763.453550
[00:00:47] Bootstrap tree #550, logLikelihood: -2779.565856
[00:00:47] Bootstrap tree #551, logLikelihood: -2794.094855
[00:00:48] Bootstrap tree #552, logLikelihood: -2796.479535
[00:00:48] Bootstrap tree #553, logLikelihood: -2780.099486
[00:00:48] Bootstrap tree #554, logLikelihood: -2770.362919
[00:00:48] Bootstrap tree #555, logLikelihood: -2749.609627
[00:00:48] Bootstrap tree #556, logLikelihood: -2784.092421
[00:00:48] Bootstrap tree #557, logLikelihood: -2650.258416
[00:00:48] Bootstrap tree #558, logLikelihood: -2752.145985
[00:00:48] Bootstrap tree #559, logLikelihood: -2739.767461
[00:00:48] Bootstrap tree #560, logLikelihood: -2848.133395
[00:00:48] Bootstrap tree #561, logLikelihood: -2794.246221
[00:00:48] Bootstrap tree #562, logLikelihood: -2797.367878
[00:00:48] Bootstrap tree #563, logLikelihood: -2757.311003
[00:00:49] Bootstrap tree #564, logLikelihood: -2737.804769
[00:00:49] Bootstrap tree #565, logLikelihood: -2684.072270
[00:00:49] Bootstrap tree #566, logLikelihood: -2747.822276
[00:00:49] Bootstrap tree #567, logLikelihood: -2720.867714
[00:00:49] Bootstrap tree #568, logLikelihood: -2731.360968
[00:00:49] Bootstrap tree #569, logLikelihood: -2873.134014
[00:00:49] Bootstrap tree #570, logLikelihood: -2739.405488
[00:00:49] Bootstrap tree #571, logLikelihood: -2752.917707
[00:00:49] Bootstrap tree #572, logLikelihood: -2720.885217
[00:00:49] Bootstrap tree #573, logLikelihood: -2821.119898
[00:00:49] Bootstrap tree #574, logLikelihood: -2841.432131
[00:00:49] Bootstrap tree #575, logLikelihood: -2704.261405
[00:00:50] Bootstrap tree #576, logLikelihood: -2830.293932
[00:00:50] Bootstrap tree #577, logLikelihood: -2691.876490
[00:00:50] Bootstrap tree #578, logLikelihood: -2793.454424
[00:00:50] Bootstrap tree #579, logLikelihood: -2734.052698
[00:00:50] Bootstrap tree #580, logLikelihood: -2866.091229
[00:00:50] Bootstrap tree #581, logLikelihood: -2810.924907
[00:00:50] Bootstrap tree #582, logLikelihood: -2755.042251
[00:00:50] Bootstrap tree #583, logLikelihood: -2753.524302
[00:00:50] Bootstrap tree #584, logLikelihood: -2856.635559
[00:00:50] Bootstrap tree #585, logLikelihood: -2782.897413
[00:00:51] Bootstrap tree #586, logLikelihood: -2704.271037
[00:00:51] Bootstrap tree #587, logLikelihood: -2676.164212
[00:00:51] Bootstrap tree #588, logLikelihood: -2719.629419
[00:00:51] Bootstrap tree #589, logLikelihood: -2796.459823
[00:00:51] Bootstrap tree #590, logLikelihood: -2689.506949
[00:00:51] Bootstrap tree #591, logLikelihood: -2847.962339
[00:00:51] Bootstrap tree #592, logLikelihood: -2740.829071
[00:00:51] Bootstrap tree #593, logLikelihood: -2789.348600
[00:00:51] Bootstrap tree #594, logLikelihood: -2702.245669
[00:00:51] Bootstrap tree #595, logLikelihood: -2713.104720
[00:00:51] Bootstrap tree #596, logLikelihood: -2756.924922
[00:00:51] Bootstrap tree #597, logLikelihood: -2710.419297
[00:00:52] Bootstrap tree #598, logLikelihood: -2745.668435
[00:00:52] Bootstrap tree #599, logLikelihood: -2758.426857
[00:00:52] Bootstrap tree #600, logLikelihood: -2714.354025
[00:00:52] Bootstrap tree #601, logLikelihood: -2817.875063
[00:00:52] Bootstrap tree #602, logLikelihood: -2867.113784
[00:00:52] Bootstrap tree #603, logLikelihood: -2676.832803
[00:00:52] Bootstrap tree #604, logLikelihood: -2774.686006
[00:00:52] Bootstrap tree #605, logLikelihood: -2691.128981
[00:00:52] Bootstrap tree #606, logLikelihood: -2833.730087
[00:00:52] Bootstrap tree #607, logLikelihood: -2716.603138
[00:00:52] Bootstrap tree #608, logLikelihood: -2799.205148
[00:00:52] Bootstrap tree #609, logLikelihood: -2807.248131
[00:00:53] Bootstrap tree #610, logLikelihood: -2753.499774
[00:00:53] Bootstrap tree #611, logLikelihood: -2674.343767
[00:00:53] Bootstrap tree #612, logLikelihood: -2782.244489
[00:00:53] Bootstrap tree #613, logLikelihood: -2838.101913
[00:00:53] Bootstrap tree #614, logLikelihood: -2649.862560
[00:00:53] Bootstrap tree #615, logLikelihood: -2757.073361
[00:00:53] Bootstrap tree #616, logLikelihood: -2829.287291
[00:00:53] Bootstrap tree #617, logLikelihood: -2764.438607
[00:00:53] Bootstrap tree #618, logLikelihood: -2751.341564
[00:00:53] Bootstrap tree #619, logLikelihood: -2770.176655
[00:00:53] Bootstrap tree #620, logLikelihood: -2698.224330
[00:00:53] Bootstrap tree #621, logLikelihood: -2796.823369
[00:00:54] Bootstrap tree #622, logLikelihood: -2686.164352
[00:00:54] Bootstrap tree #623, logLikelihood: -2808.086992
[00:00:54] Bootstrap tree #624, logLikelihood: -2835.100872
[00:00:54] Bootstrap tree #625, logLikelihood: -2758.781698
[00:00:54] Bootstrap tree #626, logLikelihood: -2848.245289
[00:00:54] Bootstrap tree #627, logLikelihood: -2762.745094
[00:00:54] Bootstrap tree #628, logLikelihood: -2738.528300
[00:00:54] Bootstrap tree #629, logLikelihood: -2753.305542
[00:00:54] Bootstrap tree #630, logLikelihood: -2754.975438
[00:00:54] Bootstrap tree #631, logLikelihood: -2838.951146
[00:00:54] Bootstrap tree #632, logLikelihood: -2725.393179
[00:00:54] Bootstrap tree #633, logLikelihood: -2786.334605
[00:00:55] Bootstrap tree #634, logLikelihood: -2789.291396
[00:00:55] Bootstrap tree #635, logLikelihood: -2755.185949
[00:00:55] Bootstrap tree #636, logLikelihood: -2791.195550
[00:00:55] Bootstrap tree #637, logLikelihood: -2806.151130
[00:00:55] Bootstrap tree #638, logLikelihood: -2680.626239
[00:00:55] Bootstrap tree #639, logLikelihood: -2786.163522
[00:00:55] Bootstrap tree #640, logLikelihood: -2736.149353
[00:00:55] Bootstrap tree #641, logLikelihood: -2836.053702
[00:00:55] Bootstrap tree #642, logLikelihood: -2819.753943
[00:00:55] Bootstrap tree #643, logLikelihood: -2723.185786
[00:00:55] Bootstrap tree #644, logLikelihood: -2905.716027
[00:00:56] Bootstrap tree #645, logLikelihood: -2692.515873
[00:00:56] Bootstrap tree #646, logLikelihood: -2672.884046
[00:00:56] Bootstrap tree #647, logLikelihood: -2761.928482
[00:00:56] Bootstrap tree #648, logLikelihood: -2781.255150
[00:00:56] Bootstrap tree #649, logLikelihood: -2804.845473
[00:00:56] Bootstrap tree #650, logLikelihood: -2775.788931
[00:00:56] Bootstrap tree #651, logLikelihood: -2825.986633
[00:00:56] Bootstrap tree #652, logLikelihood: -2820.590847
[00:00:56] Bootstrap tree #653, logLikelihood: -2663.931775
[00:00:56] Bootstrap tree #654, logLikelihood: -2728.679751
[00:00:56] Bootstrap tree #655, logLikelihood: -2670.858975
[00:00:56] Bootstrap tree #656, logLikelihood: -2777.091209
[00:00:57] Bootstrap tree #657, logLikelihood: -2783.016762
[00:00:57] Bootstrap tree #658, logLikelihood: -2691.732697
[00:00:57] Bootstrap tree #659, logLikelihood: -2782.932802
[00:00:57] Bootstrap tree #660, logLikelihood: -2738.028620
[00:00:57] Bootstrap tree #661, logLikelihood: -2788.067496
[00:00:57] Bootstrap tree #662, logLikelihood: -2805.618797
[00:00:57] Bootstrap tree #663, logLikelihood: -2755.421121
[00:00:57] Bootstrap tree #664, logLikelihood: -2863.955019
[00:00:57] Bootstrap tree #665, logLikelihood: -2795.428381
[00:00:57] Bootstrap tree #666, logLikelihood: -2839.351288
[00:00:57] Bootstrap tree #667, logLikelihood: -2815.002123
[00:00:57] Bootstrap tree #668, logLikelihood: -2637.916415
[00:00:57] Bootstrap tree #669, logLikelihood: -2826.112382
[00:00:58] Bootstrap tree #670, logLikelihood: -2746.622765
[00:00:58] Bootstrap tree #671, logLikelihood: -2729.125543
[00:00:58] Bootstrap tree #672, logLikelihood: -2743.071299
[00:00:58] Bootstrap tree #673, logLikelihood: -2674.229498
[00:00:58] Bootstrap tree #674, logLikelihood: -2825.588911
[00:00:58] Bootstrap tree #675, logLikelihood: -2793.525178
[00:00:58] Bootstrap tree #676, logLikelihood: -2807.884645
[00:00:58] Bootstrap tree #677, logLikelihood: -2783.178016
[00:00:58] Bootstrap tree #678, logLikelihood: -2862.105199
[00:00:58] Bootstrap tree #679, logLikelihood: -2763.108007
[00:00:58] Bootstrap tree #680, logLikelihood: -2724.701148
[00:00:58] Bootstrap tree #681, logLikelihood: -2835.777298
[00:00:59] Bootstrap tree #682, logLikelihood: -2731.830848
[00:00:59] Bootstrap tree #683, logLikelihood: -2759.022538
[00:00:59] Bootstrap tree #684, logLikelihood: -2688.430485
[00:00:59] Bootstrap tree #685, logLikelihood: -2809.730551
[00:00:59] Bootstrap tree #686, logLikelihood: -2737.127414
[00:00:59] Bootstrap tree #687, logLikelihood: -2718.675886
[00:00:59] Bootstrap tree #688, logLikelihood: -2752.784447
[00:00:59] Bootstrap tree #689, logLikelihood: -2755.819336
[00:00:59] Bootstrap tree #690, logLikelihood: -2743.124895
[00:00:59] Bootstrap tree #691, logLikelihood: -2678.667330
[00:00:59] Bootstrap tree #692, logLikelihood: -2760.402490
[00:00:59] Bootstrap tree #693, logLikelihood: -2714.147797
[00:00:59] Bootstrap tree #694, logLikelihood: -2739.026178
[00:01:00] Bootstrap tree #695, logLikelihood: -2699.765174
[00:01:00] Bootstrap tree #696, logLikelihood: -2850.057299
[00:01:00] Bootstrap tree #697, logLikelihood: -2768.560702
[00:01:00] Bootstrap tree #698, logLikelihood: -2747.512991
[00:01:00] Bootstrap tree #699, logLikelihood: -2693.380079
[00:01:00] Bootstrap tree #700, logLikelihood: -2695.235777
[00:01:00] Bootstrap tree #701, logLikelihood: -2766.507346
[00:01:00] Bootstrap tree #702, logLikelihood: -2682.014853
[00:01:00] Bootstrap tree #703, logLikelihood: -2689.076038
[00:01:00] Bootstrap tree #704, logLikelihood: -2741.894578
[00:01:00] Bootstrap tree #705, logLikelihood: -2747.401587
[00:01:01] Bootstrap tree #706, logLikelihood: -2715.884301
[00:01:01] Bootstrap tree #707, logLikelihood: -2846.509259
[00:01:01] Bootstrap tree #708, logLikelihood: -2746.683477
[00:01:01] Bootstrap tree #709, logLikelihood: -2690.028737
[00:01:01] Bootstrap tree #710, logLikelihood: -2682.705537
[00:01:01] Bootstrap tree #711, logLikelihood: -2709.242229
[00:01:01] Bootstrap tree #712, logLikelihood: -2758.562152
[00:01:01] Bootstrap tree #713, logLikelihood: -2729.945665
[00:01:01] Bootstrap tree #714, logLikelihood: -2836.339408
[00:01:01] Bootstrap tree #715, logLikelihood: -2717.460877
[00:01:01] Bootstrap tree #716, logLikelihood: -2734.544906
[00:01:01] Bootstrap tree #717, logLikelihood: -2751.319131
[00:01:02] Bootstrap tree #718, logLikelihood: -2691.534761
[00:01:02] Bootstrap tree #719, logLikelihood: -2777.327032
[00:01:02] Bootstrap tree #720, logLikelihood: -2808.642176
[00:01:02] Bootstrap tree #721, logLikelihood: -2732.660919
[00:01:02] Bootstrap tree #722, logLikelihood: -2730.010975
[00:01:02] Bootstrap tree #723, logLikelihood: -2699.153357
[00:01:02] Bootstrap tree #724, logLikelihood: -2877.618160
[00:01:02] Bootstrap tree #725, logLikelihood: -2663.873645
[00:01:02] Bootstrap tree #726, logLikelihood: -2842.318677
[00:01:02] Bootstrap tree #727, logLikelihood: -2763.207716
[00:01:02] Bootstrap tree #728, logLikelihood: -2752.759447
[00:01:03] Bootstrap tree #729, logLikelihood: -2757.320428
[00:01:03] Bootstrap tree #730, logLikelihood: -2841.880541
[00:01:03] Bootstrap tree #731, logLikelihood: -2800.413031
[00:01:03] Bootstrap tree #732, logLikelihood: -2842.949187
[00:01:03] Bootstrap tree #733, logLikelihood: -2746.650634
[00:01:03] Bootstrap tree #734, logLikelihood: -2767.280341
[00:01:03] Bootstrap tree #735, logLikelihood: -2793.789555
[00:01:03] Bootstrap tree #736, logLikelihood: -2712.284545
[00:01:03] Bootstrap tree #737, logLikelihood: -2733.790007
[00:01:03] Bootstrap tree #738, logLikelihood: -2724.859295
[00:01:03] Bootstrap tree #739, logLikelihood: -2808.348659
[00:01:03] Bootstrap tree #740, logLikelihood: -2908.310467
[00:01:04] Bootstrap tree #741, logLikelihood: -2761.260410
[00:01:04] Bootstrap tree #742, logLikelihood: -2731.041481
[00:01:04] Bootstrap tree #743, logLikelihood: -2762.553533
[00:01:04] Bootstrap tree #744, logLikelihood: -2731.709901
[00:01:04] Bootstrap tree #745, logLikelihood: -2795.411792
[00:01:04] Bootstrap tree #746, logLikelihood: -2685.128192
[00:01:04] Bootstrap tree #747, logLikelihood: -2850.252747
[00:01:04] Bootstrap tree #748, logLikelihood: -2725.513004
[00:01:04] Bootstrap tree #749, logLikelihood: -2742.543845
[00:01:04] Bootstrap tree #750, logLikelihood: -2778.439011
[00:01:04] Bootstrap tree #751, logLikelihood: -2753.745500
[00:01:04] Bootstrap tree #752, logLikelihood: -2709.037479
[00:01:05] Bootstrap tree #753, logLikelihood: -2716.532977
[00:01:05] Bootstrap tree #754, logLikelihood: -2762.215140
[00:01:05] Bootstrap tree #755, logLikelihood: -2663.480534
[00:01:05] Bootstrap tree #756, logLikelihood: -2729.645830
[00:01:05] Bootstrap tree #757, logLikelihood: -2821.789502
[00:01:05] Bootstrap tree #758, logLikelihood: -2779.446538
[00:01:05] Bootstrap tree #759, logLikelihood: -2757.861714
[00:01:05] Bootstrap tree #760, logLikelihood: -2649.492947
[00:01:05] Bootstrap tree #761, logLikelihood: -2760.886458
[00:01:05] Bootstrap tree #762, logLikelihood: -2729.655959
[00:01:05] Bootstrap tree #763, logLikelihood: -2721.176386
[00:01:06] Bootstrap tree #764, logLikelihood: -2685.866425
[00:01:06] Bootstrap tree #765, logLikelihood: -2879.873828
[00:01:06] Bootstrap tree #766, logLikelihood: -2703.202802
[00:01:06] Bootstrap tree #767, logLikelihood: -2735.166093
[00:01:06] Bootstrap tree #768, logLikelihood: -2690.423910
[00:01:06] Bootstrap tree #769, logLikelihood: -2785.455787
[00:01:06] Bootstrap tree #770, logLikelihood: -2692.207304
[00:01:06] Bootstrap tree #771, logLikelihood: -2737.854307
[00:01:06] Bootstrap tree #772, logLikelihood: -2716.562705
[00:01:06] Bootstrap tree #773, logLikelihood: -2792.822334
[00:01:06] Bootstrap tree #774, logLikelihood: -2750.304967
[00:01:07] Bootstrap tree #775, logLikelihood: -2849.158987
[00:01:07] Bootstrap tree #776, logLikelihood: -2787.686834
[00:01:07] Bootstrap tree #777, logLikelihood: -2713.745728
[00:01:07] Bootstrap tree #778, logLikelihood: -2812.560643
[00:01:07] Bootstrap tree #779, logLikelihood: -2698.501012
[00:01:07] Bootstrap tree #780, logLikelihood: -2718.892833
[00:01:07] Bootstrap tree #781, logLikelihood: -2747.510797
[00:01:07] Bootstrap tree #782, logLikelihood: -2812.470028
[00:01:07] Bootstrap tree #783, logLikelihood: -2664.235643
[00:01:07] Bootstrap tree #784, logLikelihood: -2801.546923
[00:01:07] Bootstrap tree #785, logLikelihood: -2750.028621
[00:01:08] Bootstrap tree #786, logLikelihood: -2791.246815
[00:01:08] Bootstrap tree #787, logLikelihood: -2797.177052
[00:01:08] Bootstrap tree #788, logLikelihood: -2791.906093
[00:01:08] Bootstrap tree #789, logLikelihood: -2802.246889
[00:01:08] Bootstrap tree #790, logLikelihood: -2749.494800
[00:01:08] Bootstrap tree #791, logLikelihood: -2904.357024
[00:01:08] Bootstrap tree #792, logLikelihood: -2719.531062
[00:01:08] Bootstrap tree #793, logLikelihood: -2773.773948
[00:01:08] Bootstrap tree #794, logLikelihood: -2816.738931
[00:01:08] Bootstrap tree #795, logLikelihood: -2757.023343
[00:01:08] Bootstrap tree #796, logLikelihood: -2869.949152
[00:01:08] Bootstrap tree #797, logLikelihood: -2681.962577
[00:01:09] Bootstrap tree #798, logLikelihood: -2791.313366
[00:01:09] Bootstrap tree #799, logLikelihood: -2772.719466
[00:01:09] Bootstrap tree #800, logLikelihood: -2757.075143
[00:01:09] Bootstrap tree #801, logLikelihood: -2713.156911
[00:01:09] Bootstrap tree #802, logLikelihood: -2798.333890
[00:01:09] Bootstrap tree #803, logLikelihood: -2758.844492
[00:01:09] Bootstrap tree #804, logLikelihood: -2722.344420
[00:01:09] Bootstrap tree #805, logLikelihood: -2742.989363
[00:01:09] Bootstrap tree #806, logLikelihood: -2845.307847
[00:01:09] Bootstrap tree #807, logLikelihood: -2798.916988
[00:01:09] Bootstrap tree #808, logLikelihood: -2732.002634
[00:01:10] Bootstrap tree #809, logLikelihood: -2783.950256
[00:01:10] Bootstrap tree #810, logLikelihood: -2875.136292
[00:01:10] Bootstrap tree #811, logLikelihood: -2692.216730
[00:01:10] Bootstrap tree #812, logLikelihood: -2774.958320
[00:01:10] Bootstrap tree #813, logLikelihood: -2779.393977
[00:01:10] Bootstrap tree #814, logLikelihood: -2715.678265
[00:01:10] Bootstrap tree #815, logLikelihood: -2830.069856
[00:01:10] Bootstrap tree #816, logLikelihood: -2774.303630
[00:01:10] Bootstrap tree #817, logLikelihood: -2852.120880
[00:01:10] Bootstrap tree #818, logLikelihood: -2674.530571
[00:01:10] Bootstrap tree #819, logLikelihood: -2787.162637
[00:01:11] Bootstrap tree #820, logLikelihood: -2789.279366
[00:01:11] Bootstrap tree #821, logLikelihood: -2708.647650
[00:01:11] Bootstrap tree #822, logLikelihood: -2677.154743
[00:01:11] Bootstrap tree #823, logLikelihood: -2818.661144
[00:01:11] Bootstrap tree #824, logLikelihood: -2742.226765
[00:01:11] Bootstrap tree #825, logLikelihood: -2828.340785
[00:01:11] Bootstrap tree #826, logLikelihood: -2777.967186
[00:01:11] Bootstrap tree #827, logLikelihood: -2834.622598
[00:01:11] Bootstrap tree #828, logLikelihood: -2772.174041
[00:01:11] Bootstrap tree #829, logLikelihood: -2715.345579
[00:01:12] Bootstrap tree #830, logLikelihood: -2735.319425
[00:01:12] Bootstrap tree #831, logLikelihood: -2820.427031
[00:01:12] Bootstrap tree #832, logLikelihood: -2752.417218
[00:01:12] Bootstrap tree #833, logLikelihood: -2697.329058
[00:01:12] Bootstrap tree #834, logLikelihood: -2828.899729
[00:01:12] Bootstrap tree #835, logLikelihood: -2848.630909
[00:01:12] Bootstrap tree #836, logLikelihood: -2874.972799
[00:01:12] Bootstrap tree #837, logLikelihood: -2824.577951
[00:01:12] Bootstrap tree #838, logLikelihood: -2754.510069
[00:01:12] Bootstrap tree #839, logLikelihood: -2714.088247
[00:01:12] Bootstrap tree #840, logLikelihood: -2730.027902
[00:01:12] Bootstrap tree #841, logLikelihood: -2814.771010
[00:01:12] Bootstrap tree #842, logLikelihood: -2774.216245
[00:01:13] Bootstrap tree #843, logLikelihood: -2707.775900
[00:01:13] Bootstrap tree #844, logLikelihood: -2784.609515
[00:01:13] Bootstrap tree #845, logLikelihood: -2663.031982
[00:01:13] Bootstrap tree #846, logLikelihood: -2797.827137
[00:01:13] Bootstrap tree #847, logLikelihood: -2779.677830
[00:01:13] Bootstrap tree #848, logLikelihood: -2836.493438
[00:01:13] Bootstrap tree #849, logLikelihood: -2716.595826
[00:01:13] Bootstrap tree #850, logLikelihood: -2690.828383
[00:01:13] Bootstrap tree #851, logLikelihood: -2734.700702
[00:01:13] Bootstrap tree #852, logLikelihood: -2838.571543
[00:01:13] Bootstrap tree #853, logLikelihood: -2704.984877
[00:01:13] Bootstrap tree #854, logLikelihood: -2775.372638
[00:01:14] Bootstrap tree #855, logLikelihood: -2703.713300
[00:01:14] Bootstrap tree #856, logLikelihood: -2812.246199
[00:01:14] Bootstrap tree #857, logLikelihood: -2854.513077
[00:01:14] Bootstrap tree #858, logLikelihood: -2772.861979
[00:01:14] Bootstrap tree #859, logLikelihood: -2692.727392
[00:01:14] Bootstrap tree #860, logLikelihood: -2700.276757
[00:01:14] Bootstrap tree #861, logLikelihood: -2688.852365
[00:01:14] Bootstrap tree #862, logLikelihood: -2678.216669
[00:01:14] Bootstrap tree #863, logLikelihood: -2906.184555
[00:01:14] Bootstrap tree #864, logLikelihood: -2824.192018
[00:01:14] Bootstrap tree #865, logLikelihood: -2730.758476
[00:01:14] Bootstrap tree #866, logLikelihood: -2765.489454
[00:01:15] Bootstrap tree #867, logLikelihood: -2771.159341
[00:01:15] Bootstrap tree #868, logLikelihood: -2836.421160
[00:01:15] Bootstrap tree #869, logLikelihood: -2862.089809
[00:01:15] Bootstrap tree #870, logLikelihood: -2803.242870
[00:01:15] Bootstrap tree #871, logLikelihood: -2662.720417
[00:01:15] Bootstrap tree #872, logLikelihood: -2735.350958
[00:01:15] Bootstrap tree #873, logLikelihood: -2725.939203
[00:01:15] Bootstrap tree #874, logLikelihood: -2788.280861
[00:01:15] Bootstrap tree #875, logLikelihood: -2753.007164
[00:01:15] Bootstrap tree #876, logLikelihood: -2678.541685
[00:01:15] Bootstrap tree #877, logLikelihood: -2655.829639
[00:01:16] Bootstrap tree #878, logLikelihood: -2740.215830
[00:01:16] Bootstrap tree #879, logLikelihood: -2767.091490
[00:01:16] Bootstrap tree #880, logLikelihood: -2748.052745
[00:01:16] Bootstrap tree #881, logLikelihood: -2819.582645
[00:01:16] Bootstrap tree #882, logLikelihood: -2778.939723
[00:01:16] Bootstrap tree #883, logLikelihood: -2821.924520
[00:01:16] Bootstrap tree #884, logLikelihood: -2776.095260
[00:01:16] Bootstrap tree #885, logLikelihood: -2851.761514
[00:01:16] Bootstrap tree #886, logLikelihood: -2780.137530
[00:01:16] Bootstrap tree #887, logLikelihood: -2860.570689
[00:01:16] Bootstrap tree #888, logLikelihood: -2724.117533
[00:01:17] Bootstrap tree #889, logLikelihood: -2773.599217
[00:01:17] Bootstrap tree #890, logLikelihood: -2719.933771
[00:01:17] Bootstrap tree #891, logLikelihood: -2724.505972
[00:01:17] Bootstrap tree #892, logLikelihood: -2668.380581
[00:01:17] Bootstrap tree #893, logLikelihood: -2806.918740
[00:01:17] Bootstrap tree #894, logLikelihood: -2792.763486
[00:01:17] Bootstrap tree #895, logLikelihood: -2757.554809
[00:01:17] Bootstrap tree #896, logLikelihood: -2699.536667
[00:01:17] Bootstrap tree #897, logLikelihood: -2724.987965
[00:01:17] Bootstrap tree #898, logLikelihood: -2755.954521
[00:01:17] Bootstrap tree #899, logLikelihood: -2673.652248
[00:01:17] Bootstrap tree #900, logLikelihood: -2741.706496
[00:01:18] Bootstrap tree #901, logLikelihood: -2663.883628
[00:01:18] Bootstrap tree #902, logLikelihood: -2764.729778
[00:01:18] Bootstrap tree #903, logLikelihood: -2696.218824
[00:01:18] Bootstrap tree #904, logLikelihood: -2759.242591
[00:01:18] Bootstrap tree #905, logLikelihood: -2795.728555
[00:01:18] Bootstrap tree #906, logLikelihood: -2756.946240
[00:01:18] Bootstrap tree #907, logLikelihood: -2708.766029
[00:01:18] Bootstrap tree #908, logLikelihood: -2777.318288
[00:01:18] Bootstrap tree #909, logLikelihood: -2784.848611
[00:01:18] Bootstrap tree #910, logLikelihood: -2775.500257
[00:01:18] Bootstrap tree #911, logLikelihood: -2911.634926
[00:01:19] Bootstrap tree #912, logLikelihood: -2693.677122
[00:01:19] Bootstrap tree #913, logLikelihood: -2761.372600
[00:01:19] Bootstrap tree #914, logLikelihood: -2743.757718
[00:01:19] Bootstrap tree #915, logLikelihood: -2704.709250
[00:01:19] Bootstrap tree #916, logLikelihood: -2750.497486
[00:01:19] Bootstrap tree #917, logLikelihood: -2751.547610
[00:01:19] Bootstrap tree #918, logLikelihood: -2784.764008
[00:01:19] Bootstrap tree #919, logLikelihood: -2743.603874
[00:01:19] Bootstrap tree #920, logLikelihood: -2808.133187
[00:01:19] Bootstrap tree #921, logLikelihood: -2704.524838
[00:01:19] Bootstrap tree #922, logLikelihood: -2775.959544
[00:01:19] Bootstrap tree #923, logLikelihood: -2771.896660
[00:01:20] Bootstrap tree #924, logLikelihood: -2815.207352
[00:01:20] Bootstrap tree #925, logLikelihood: -2735.172898
[00:01:20] Bootstrap tree #926, logLikelihood: -2873.016369
[00:01:20] Bootstrap tree #927, logLikelihood: -2785.441164
[00:01:20] Bootstrap tree #928, logLikelihood: -2754.522475
[00:01:20] Bootstrap tree #929, logLikelihood: -2694.387193
[00:01:20] Bootstrap tree #930, logLikelihood: -2815.597102
[00:01:20] Bootstrap tree #931, logLikelihood: -2853.656458
[00:01:20] Bootstrap tree #932, logLikelihood: -2875.495338
[00:01:20] Bootstrap tree #933, logLikelihood: -2800.303213
[00:01:20] Bootstrap tree #934, logLikelihood: -2784.709165
[00:01:21] Bootstrap tree #935, logLikelihood: -2758.905738
[00:01:21] Bootstrap tree #936, logLikelihood: -2800.654249
[00:01:21] Bootstrap tree #937, logLikelihood: -2724.545039
[00:01:21] Bootstrap tree #938, logLikelihood: -2734.573913
[00:01:21] Bootstrap tree #939, logLikelihood: -2879.815655
[00:01:21] Bootstrap tree #940, logLikelihood: -2708.490222
[00:01:21] Bootstrap tree #941, logLikelihood: -2778.921971
[00:01:21] Bootstrap tree #942, logLikelihood: -2734.965429
[00:01:21] Bootstrap tree #943, logLikelihood: -2694.463600
[00:01:21] Bootstrap tree #944, logLikelihood: -2766.046867
[00:01:22] Bootstrap tree #945, logLikelihood: -2820.702552
[00:01:22] Bootstrap tree #946, logLikelihood: -2727.398371
[00:01:22] Bootstrap tree #947, logLikelihood: -2746.208446
[00:01:22] Bootstrap tree #948, logLikelihood: -2725.175880
[00:01:22] Bootstrap tree #949, logLikelihood: -2782.863664
[00:01:22] Bootstrap tree #950, logLikelihood: -2826.821358
[00:01:22] Bootstrap tree #951, logLikelihood: -2724.858786
[00:01:22] Bootstrap tree #952, logLikelihood: -2754.781215
[00:01:22] Bootstrap tree #953, logLikelihood: -2786.951798
[00:01:22] Bootstrap tree #954, logLikelihood: -2834.755955
[00:01:23] Bootstrap tree #955, logLikelihood: -2837.723082
[00:01:23] Bootstrap tree #956, logLikelihood: -2661.945187
[00:01:23] Bootstrap tree #957, logLikelihood: -2840.080871
[00:01:23] Bootstrap tree #958, logLikelihood: -2620.156913
[00:01:23] Bootstrap tree #959, logLikelihood: -2803.400672
[00:01:23] Bootstrap tree #960, logLikelihood: -2794.845057
[00:01:23] Bootstrap tree #961, logLikelihood: -2744.491758
[00:01:23] Bootstrap tree #962, logLikelihood: -2758.765676
[00:01:23] Bootstrap tree #963, logLikelihood: -2730.077534
[00:01:23] Bootstrap tree #964, logLikelihood: -2704.053435
[00:01:23] Bootstrap tree #965, logLikelihood: -2781.397846
[00:01:24] Bootstrap tree #966, logLikelihood: -2710.968307
[00:01:24] Bootstrap tree #967, logLikelihood: -2736.645993
[00:01:24] Bootstrap tree #968, logLikelihood: -2796.501133
[00:01:24] Bootstrap tree #969, logLikelihood: -2772.966433
[00:01:24] Bootstrap tree #970, logLikelihood: -2769.665610
[00:01:24] Bootstrap tree #971, logLikelihood: -2773.588399
[00:01:24] Bootstrap tree #972, logLikelihood: -2680.256786
[00:01:24] Bootstrap tree #973, logLikelihood: -2856.223299
[00:01:24] Bootstrap tree #974, logLikelihood: -2771.072669
[00:01:24] Bootstrap tree #975, logLikelihood: -2770.524866
[00:01:24] Bootstrap tree #976, logLikelihood: -2775.969220
[00:01:24] Bootstrap tree #977, logLikelihood: -2785.323494
[00:01:25] Bootstrap tree #978, logLikelihood: -2737.390642
[00:01:25] Bootstrap tree #979, logLikelihood: -2797.744516
[00:01:25] Bootstrap tree #980, logLikelihood: -2737.966219
[00:01:25] Bootstrap tree #981, logLikelihood: -2763.771602
[00:01:25] Bootstrap tree #982, logLikelihood: -2851.480910
[00:01:25] Bootstrap tree #983, logLikelihood: -2751.012198
[00:01:25] Bootstrap tree #984, logLikelihood: -2720.172802
[00:01:25] Bootstrap tree #985, logLikelihood: -2790.021293
[00:01:25] Bootstrap tree #986, logLikelihood: -2716.944191
[00:01:25] Bootstrap tree #987, logLikelihood: -2804.666094
[00:01:25] Bootstrap tree #988, logLikelihood: -2739.601253
[00:01:26] Bootstrap tree #989, logLikelihood: -2697.572016
[00:01:26] Bootstrap tree #990, logLikelihood: -2761.122556
[00:01:26] Bootstrap tree #991, logLikelihood: -2745.278541
[00:01:26] Bootstrap tree #992, logLikelihood: -2883.566390
[00:01:26] Bootstrap tree #993, logLikelihood: -2726.083135
[00:01:26] Bootstrap tree #994, logLikelihood: -2729.028642
[00:01:26] Bootstrap tree #995, logLikelihood: -2817.396092
[00:01:26] Bootstrap tree #996, logLikelihood: -2751.309852
[00:01:26] Bootstrap tree #997, logLikelihood: -2745.554559
[00:01:26] Bootstrap tree #998, logLikelihood: -2703.487982
[00:01:26] Bootstrap tree #999, logLikelihood: -2764.919757
[00:01:26] Bootstrap tree #1000, logLikelihood: -2721.558945

Optimized model parameters:

   Partition 0: noname
   Rate heterogeneity: GAMMA (4 cats, mean),  alpha: 6.727408 (ML),  weights&rates: (0.250000,0.561092) (0.250000,0.836305) (0.250000,1.079589) (0.250000,1.523013) 
   Base frequencies (ML): 0.333281 0.174371 0.243398 0.248950 
   Substitution rates (ML): 0.973481 1.719302 0.503300 0.679784 1.910618 1.000000 


Final LogLikelihood: -2771.453569

AIC score: 5574.907137 / AICc score: 5575.804827 / BIC score: 5645.859882
Free parameters (model + branch lengths): 16

Best ML tree saved to: /home/seddik/Documents/Synesth/iter6/all_Cas_trees/Csm2/Tree.raxml.bestTree
All ML trees saved to: /home/seddik/Documents/Synesth/iter6/all_Cas_trees/Csm2/Tree.raxml.mlTrees
Best ML tree with Felsenstein bootstrap (FBP) support values saved to: /home/seddik/Documents/Synesth/iter6/all_Cas_trees/Csm2/Tree.raxml.support
Optimized model saved to: /home/seddik/Documents/Synesth/iter6/all_Cas_trees/Csm2/Tree.raxml.bestModel
Bootstrap trees saved to: /home/seddik/Documents/Synesth/iter6/all_Cas_trees/Csm2/Tree.raxml.bootstraps

Execution log saved to: /home/seddik/Documents/Synesth/iter6/all_Cas_trees/Csm2/Tree.raxml.log

Analysis started: 30-Jul-2024 18:29:51 / finished: 30-Jul-2024 18:31:18

Elapsed time: 86.901 seconds

