
RAxML-NG v. 0.9.0 released on 20.05.2019 by The Exelixis Lab.
Developed by: Alexey M. Kozlov and Alexandros Stamatakis.
Contributors: Diego Darriba, Tomas Flouri, Benoit Morel, Sarah Lutteropp, Ben Bettisworth.
Latest version: https://github.com/amkozlov/raxml-ng
Questions/problems/suggestions? Please visit: https://groups.google.com/forum/#!forum/raxml

RAxML-NG was called at 30-Jul-2024 18:48:09 as follows:

raxml-ng --all --msa all_Cas_aligned/all_Csm4_aligned.fna --model GTR+G --bs-trees 1000 --threads 4 --prefix all_Cas_trees/Csm4/Tree

Analysis options:
  run mode: ML tree search + bootstrapping (Felsenstein Bootstrap)
  start tree(s): random (10) + parsimony (10)
  bootstrap replicates: 1000
  random seed: 1722379689
  tip-inner: OFF
  pattern compression: ON
  per-rate scalers: OFF
  site repeats: ON
  branch lengths: proportional (ML estimate, algorithm: NR-FAST)
  SIMD kernels: AVX2
  parallelization: PTHREADS (4 threads), thread pinning: OFF

[00:00:00] Reading alignment from file: all_Cas_aligned/all_Csm4_aligned.fna
[00:00:00] Loaded alignment with 4 taxa and 1203 sites

Alignment comprises 1 partitions and 370 patterns

Partition 0: noname
Model: GTR+FO+G4m
Alignment sites / patterns: 1203 / 370
Gaps: 21.72 %
Invariant sites: 38.40 %


NOTE: Binary MSA file created: all_Cas_trees/Csm4/Tree.raxml.rba

[00:00:00] Generating 10 random starting tree(s) with 4 taxa
[00:00:00] Generating 10 parsimony starting tree(s) with 4 taxa
[00:00:00] Data distribution: max. partitions/sites/weight per thread: 1 / 93 / 1488

Starting ML tree search with 20 distinct starting trees

[00:00:00] ML tree search #1, logLikelihood: -4511.622670
[00:00:00] ML tree search #2, logLikelihood: -4511.622670
[00:00:00] ML tree search #3, logLikelihood: -4511.631419
[00:00:00] ML tree search #4, logLikelihood: -4511.622670
[00:00:00] ML tree search #5, logLikelihood: -4511.634697
[00:00:00] ML tree search #6, logLikelihood: -4511.631419
[00:00:00] ML tree search #7, logLikelihood: -4511.622670
[00:00:00] ML tree search #8, logLikelihood: -4511.634697
[00:00:00] ML tree search #9, logLikelihood: -4511.622670
[00:00:00] ML tree search #10, logLikelihood: -4511.622670
[00:00:00] ML tree search #11, logLikelihood: -4511.598265
[00:00:00] ML tree search #12, logLikelihood: -4511.653511
[00:00:00] ML tree search #13, logLikelihood: -4511.653511
[00:00:01] ML tree search #14, logLikelihood: -4511.632371
[00:00:01] ML tree search #15, logLikelihood: -4511.646484
[00:00:01] ML tree search #16, logLikelihood: -4511.632332
[00:00:01] ML tree search #17, logLikelihood: -4511.643113
[00:00:01] ML tree search #18, logLikelihood: -4511.655124
[00:00:01] ML tree search #19, logLikelihood: -4511.646484
[00:00:01] ML tree search #20, logLikelihood: -4511.619395

[00:00:01] ML tree search completed, best tree logLH: -4511.598265

[00:00:01] Starting bootstrapping analysis with 1000 replicates.

[00:00:01] Bootstrap tree #1, logLikelihood: -4613.666592
[00:00:01] Bootstrap tree #2, logLikelihood: -4551.066192
[00:00:01] Bootstrap tree #3, logLikelihood: -4500.964595
[00:00:01] Bootstrap tree #4, logLikelihood: -4448.332464
[00:00:01] Bootstrap tree #5, logLikelihood: -4497.624903
[00:00:01] Bootstrap tree #6, logLikelihood: -4523.289504
[00:00:01] Bootstrap tree #7, logLikelihood: -4489.576217
[00:00:01] Bootstrap tree #8, logLikelihood: -4523.581229
[00:00:01] Bootstrap tree #9, logLikelihood: -4426.689956
[00:00:01] Bootstrap tree #10, logLikelihood: -4471.138361
[00:00:01] Bootstrap tree #11, logLikelihood: -4606.763459
[00:00:02] Bootstrap tree #12, logLikelihood: -4455.918227
[00:00:02] Bootstrap tree #13, logLikelihood: -4528.685665
[00:00:02] Bootstrap tree #14, logLikelihood: -4587.905099
[00:00:02] Bootstrap tree #15, logLikelihood: -4506.155728
[00:00:02] Bootstrap tree #16, logLikelihood: -4593.994418
[00:00:02] Bootstrap tree #17, logLikelihood: -4539.095191
[00:00:02] Bootstrap tree #18, logLikelihood: -4478.969080
[00:00:02] Bootstrap tree #19, logLikelihood: -4492.436724
[00:00:02] Bootstrap tree #20, logLikelihood: -4593.296531
[00:00:02] Bootstrap tree #21, logLikelihood: -4436.743081
[00:00:02] Bootstrap tree #22, logLikelihood: -4557.103006
[00:00:02] Bootstrap tree #23, logLikelihood: -4418.685022
[00:00:02] Bootstrap tree #24, logLikelihood: -4471.173374
[00:00:02] Bootstrap tree #25, logLikelihood: -4456.320934
[00:00:02] Bootstrap tree #26, logLikelihood: -4460.912726
[00:00:02] Bootstrap tree #27, logLikelihood: -4598.695626
[00:00:02] Bootstrap tree #28, logLikelihood: -4503.936755
[00:00:03] Bootstrap tree #29, logLikelihood: -4593.283181
[00:00:03] Bootstrap tree #30, logLikelihood: -4505.668950
[00:00:03] Bootstrap tree #31, logLikelihood: -4515.156749
[00:00:03] Bootstrap tree #32, logLikelihood: -4497.601724
[00:00:03] Bootstrap tree #33, logLikelihood: -4431.678464
[00:00:03] Bootstrap tree #34, logLikelihood: -4474.428225
[00:00:03] Bootstrap tree #35, logLikelihood: -4566.537985
[00:00:03] Bootstrap tree #36, logLikelihood: -4554.336591
[00:00:03] Bootstrap tree #37, logLikelihood: -4534.575389
[00:00:03] Bootstrap tree #38, logLikelihood: -4525.526544
[00:00:03] Bootstrap tree #39, logLikelihood: -4486.536665
[00:00:03] Bootstrap tree #40, logLikelihood: -4483.516701
[00:00:03] Bootstrap tree #41, logLikelihood: -4541.752498
[00:00:03] Bootstrap tree #42, logLikelihood: -4510.846656
[00:00:03] Bootstrap tree #43, logLikelihood: -4468.014718
[00:00:03] Bootstrap tree #44, logLikelihood: -4481.628568
[00:00:03] Bootstrap tree #45, logLikelihood: -4531.014469
[00:00:03] Bootstrap tree #46, logLikelihood: -4488.248721
[00:00:04] Bootstrap tree #47, logLikelihood: -4550.031610
[00:00:04] Bootstrap tree #48, logLikelihood: -4538.126413
[00:00:04] Bootstrap tree #49, logLikelihood: -4497.623577
[00:00:04] Bootstrap tree #50, logLikelihood: -4473.318801
[00:00:04] Bootstrap tree #51, logLikelihood: -4571.847535
[00:00:04] Bootstrap tree #52, logLikelihood: -4454.708996
[00:00:04] Bootstrap tree #53, logLikelihood: -4482.242222
[00:00:04] Bootstrap tree #54, logLikelihood: -4517.471434
[00:00:04] Bootstrap tree #55, logLikelihood: -4599.575472
[00:00:04] Bootstrap tree #56, logLikelihood: -4527.870159
[00:00:04] Bootstrap tree #57, logLikelihood: -4340.011469
[00:00:04] Bootstrap tree #58, logLikelihood: -4538.684699
[00:00:04] Bootstrap tree #59, logLikelihood: -4550.581589
[00:00:04] Bootstrap tree #60, logLikelihood: -4511.749254
[00:00:04] Bootstrap tree #61, logLikelihood: -4563.369546
[00:00:05] Bootstrap tree #62, logLikelihood: -4426.301711
[00:00:05] Bootstrap tree #63, logLikelihood: -4521.493703
[00:00:05] Bootstrap tree #64, logLikelihood: -4552.967838
[00:00:05] Bootstrap tree #65, logLikelihood: -4516.519007
[00:00:05] Bootstrap tree #66, logLikelihood: -4488.150867
[00:00:05] Bootstrap tree #67, logLikelihood: -4577.264705
[00:00:05] Bootstrap tree #68, logLikelihood: -4507.720501
[00:00:05] Bootstrap tree #69, logLikelihood: -4500.944292
[00:00:05] Bootstrap tree #70, logLikelihood: -4511.142789
[00:00:05] Bootstrap tree #71, logLikelihood: -4371.156393
[00:00:05] Bootstrap tree #72, logLikelihood: -4512.035546
[00:00:05] Bootstrap tree #73, logLikelihood: -4554.588210
[00:00:05] Bootstrap tree #74, logLikelihood: -4567.191360
[00:00:05] Bootstrap tree #75, logLikelihood: -4428.828893
[00:00:05] Bootstrap tree #76, logLikelihood: -4501.735186
[00:00:05] Bootstrap tree #77, logLikelihood: -4510.878982
[00:00:05] Bootstrap tree #78, logLikelihood: -4488.431720
[00:00:06] Bootstrap tree #79, logLikelihood: -4392.530910
[00:00:06] Bootstrap tree #80, logLikelihood: -4476.982604
[00:00:06] Bootstrap tree #81, logLikelihood: -4505.071668
[00:00:06] Bootstrap tree #82, logLikelihood: -4465.210968
[00:00:06] Bootstrap tree #83, logLikelihood: -4387.279784
[00:00:06] Bootstrap tree #84, logLikelihood: -4561.026332
[00:00:06] Bootstrap tree #85, logLikelihood: -4517.403065
[00:00:06] Bootstrap tree #86, logLikelihood: -4560.976403
[00:00:06] Bootstrap tree #87, logLikelihood: -4430.257119
[00:00:06] Bootstrap tree #88, logLikelihood: -4517.521204
[00:00:06] Bootstrap tree #89, logLikelihood: -4487.303545
[00:00:06] Bootstrap tree #90, logLikelihood: -4588.484820
[00:00:06] Bootstrap tree #91, logLikelihood: -4483.448530
[00:00:06] Bootstrap tree #92, logLikelihood: -4461.919278
[00:00:06] Bootstrap tree #93, logLikelihood: -4593.549341
[00:00:06] Bootstrap tree #94, logLikelihood: -4500.930658
[00:00:06] Bootstrap tree #95, logLikelihood: -4460.786963
[00:00:06] Bootstrap tree #96, logLikelihood: -4555.013350
[00:00:07] Bootstrap tree #97, logLikelihood: -4611.142041
[00:00:07] Bootstrap tree #98, logLikelihood: -4513.876151
[00:00:07] Bootstrap tree #99, logLikelihood: -4541.585599
[00:00:07] Bootstrap tree #100, logLikelihood: -4328.528555
[00:00:07] Bootstrap tree #101, logLikelihood: -4566.929082
[00:00:07] Bootstrap tree #102, logLikelihood: -4524.529941
[00:00:07] Bootstrap tree #103, logLikelihood: -4487.259568
[00:00:07] Bootstrap tree #104, logLikelihood: -4485.462180
[00:00:07] Bootstrap tree #105, logLikelihood: -4565.628834
[00:00:07] Bootstrap tree #106, logLikelihood: -4577.635174
[00:00:07] Bootstrap tree #107, logLikelihood: -4469.051818
[00:00:07] Bootstrap tree #108, logLikelihood: -4418.525483
[00:00:07] Bootstrap tree #109, logLikelihood: -4533.206557
[00:00:07] Bootstrap tree #110, logLikelihood: -4557.976077
[00:00:07] Bootstrap tree #111, logLikelihood: -4509.529641
[00:00:07] Bootstrap tree #112, logLikelihood: -4425.531383
[00:00:07] Bootstrap tree #113, logLikelihood: -4543.865731
[00:00:08] Bootstrap tree #114, logLikelihood: -4448.019932
[00:00:08] Bootstrap tree #115, logLikelihood: -4614.642897
[00:00:08] Bootstrap tree #116, logLikelihood: -4450.473631
[00:00:08] Bootstrap tree #117, logLikelihood: -4496.632485
[00:00:08] Bootstrap tree #118, logLikelihood: -4506.279246
[00:00:08] Bootstrap tree #119, logLikelihood: -4490.249600
[00:00:08] Bootstrap tree #120, logLikelihood: -4400.663213
[00:00:08] Bootstrap tree #121, logLikelihood: -4564.129393
[00:00:08] Bootstrap tree #122, logLikelihood: -4590.012171
[00:00:08] Bootstrap tree #123, logLikelihood: -4476.158889
[00:00:08] Bootstrap tree #124, logLikelihood: -4582.454706
[00:00:08] Bootstrap tree #125, logLikelihood: -4492.973067
[00:00:08] Bootstrap tree #126, logLikelihood: -4502.993464
[00:00:08] Bootstrap tree #127, logLikelihood: -4475.136191
[00:00:08] Bootstrap tree #128, logLikelihood: -4523.641386
[00:00:08] Bootstrap tree #129, logLikelihood: -4560.373067
[00:00:08] Bootstrap tree #130, logLikelihood: -4565.273201
[00:00:09] Bootstrap tree #131, logLikelihood: -4461.839108
[00:00:09] Bootstrap tree #132, logLikelihood: -4459.942641
[00:00:09] Bootstrap tree #133, logLikelihood: -4577.932658
[00:00:09] Bootstrap tree #134, logLikelihood: -4517.758264
[00:00:09] Bootstrap tree #135, logLikelihood: -4514.720127
[00:00:09] Bootstrap tree #136, logLikelihood: -4496.048909
[00:00:09] Bootstrap tree #137, logLikelihood: -4529.946380
[00:00:09] Bootstrap tree #138, logLikelihood: -4515.868680
[00:00:09] Bootstrap tree #139, logLikelihood: -4508.099460
[00:00:09] Bootstrap tree #140, logLikelihood: -4496.822424
[00:00:09] Bootstrap tree #141, logLikelihood: -4482.695655
[00:00:09] Bootstrap tree #142, logLikelihood: -4583.051094
[00:00:09] Bootstrap tree #143, logLikelihood: -4496.863323
[00:00:09] Bootstrap tree #144, logLikelihood: -4503.637441
[00:00:09] Bootstrap tree #145, logLikelihood: -4472.941078
[00:00:09] Bootstrap tree #146, logLikelihood: -4546.564425
[00:00:10] Bootstrap tree #147, logLikelihood: -4478.020017
[00:00:10] Bootstrap tree #148, logLikelihood: -4566.693350
[00:00:10] Bootstrap tree #149, logLikelihood: -4491.135811
[00:00:10] Bootstrap tree #150, logLikelihood: -4402.981045
[00:00:10] Bootstrap tree #151, logLikelihood: -4543.415135
[00:00:10] Bootstrap tree #152, logLikelihood: -4445.427593
[00:00:10] Bootstrap tree #153, logLikelihood: -4389.456121
[00:00:10] Bootstrap tree #154, logLikelihood: -4466.955186
[00:00:10] Bootstrap tree #155, logLikelihood: -4491.113376
[00:00:10] Bootstrap tree #156, logLikelihood: -4612.194876
[00:00:10] Bootstrap tree #157, logLikelihood: -4516.700899
[00:00:10] Bootstrap tree #158, logLikelihood: -4654.906347
[00:00:10] Bootstrap tree #159, logLikelihood: -4573.666060
[00:00:10] Bootstrap tree #160, logLikelihood: -4519.772778
[00:00:10] Bootstrap tree #161, logLikelihood: -4504.051990
[00:00:10] Bootstrap tree #162, logLikelihood: -4455.167583
[00:00:10] Bootstrap tree #163, logLikelihood: -4560.052722
[00:00:11] Bootstrap tree #164, logLikelihood: -4605.514862
[00:00:11] Bootstrap tree #165, logLikelihood: -4457.498169
[00:00:11] Bootstrap tree #166, logLikelihood: -4520.220050
[00:00:11] Bootstrap tree #167, logLikelihood: -4486.971698
[00:00:11] Bootstrap tree #168, logLikelihood: -4456.755626
[00:00:11] Bootstrap tree #169, logLikelihood: -4522.752539
[00:00:11] Bootstrap tree #170, logLikelihood: -4505.842028
[00:00:11] Bootstrap tree #171, logLikelihood: -4530.537547
[00:00:11] Bootstrap tree #172, logLikelihood: -4452.906413
[00:00:11] Bootstrap tree #173, logLikelihood: -4474.782310
[00:00:11] Bootstrap tree #174, logLikelihood: -4489.415552
[00:00:11] Bootstrap tree #175, logLikelihood: -4575.453354
[00:00:11] Bootstrap tree #176, logLikelihood: -4560.474313
[00:00:11] Bootstrap tree #177, logLikelihood: -4558.796684
[00:00:11] Bootstrap tree #178, logLikelihood: -4512.532007
[00:00:11] Bootstrap tree #179, logLikelihood: -4523.224114
[00:00:11] Bootstrap tree #180, logLikelihood: -4543.560355
[00:00:12] Bootstrap tree #181, logLikelihood: -4482.906079
[00:00:12] Bootstrap tree #182, logLikelihood: -4486.017706
[00:00:12] Bootstrap tree #183, logLikelihood: -4486.655305
[00:00:12] Bootstrap tree #184, logLikelihood: -4393.446518
[00:00:12] Bootstrap tree #185, logLikelihood: -4469.406758
[00:00:12] Bootstrap tree #186, logLikelihood: -4406.614649
[00:00:12] Bootstrap tree #187, logLikelihood: -4440.490908
[00:00:12] Bootstrap tree #188, logLikelihood: -4533.179359
[00:00:12] Bootstrap tree #189, logLikelihood: -4645.073152
[00:00:12] Bootstrap tree #190, logLikelihood: -4546.124237
[00:00:12] Bootstrap tree #191, logLikelihood: -4553.616012
[00:00:12] Bootstrap tree #192, logLikelihood: -4482.009418
[00:00:12] Bootstrap tree #193, logLikelihood: -4533.325581
[00:00:12] Bootstrap tree #194, logLikelihood: -4481.737489
[00:00:12] Bootstrap tree #195, logLikelihood: -4462.547431
[00:00:12] Bootstrap tree #196, logLikelihood: -4482.635061
[00:00:12] Bootstrap tree #197, logLikelihood: -4409.670972
[00:00:12] Bootstrap tree #198, logLikelihood: -4526.996977
[00:00:13] Bootstrap tree #199, logLikelihood: -4461.816081
[00:00:13] Bootstrap tree #200, logLikelihood: -4518.631455
[00:00:13] Bootstrap tree #201, logLikelihood: -4521.276222
[00:00:13] Bootstrap tree #202, logLikelihood: -4577.786652
[00:00:13] Bootstrap tree #203, logLikelihood: -4498.181134
[00:00:13] Bootstrap tree #204, logLikelihood: -4487.773039
[00:00:13] Bootstrap tree #205, logLikelihood: -4515.487826
[00:00:13] Bootstrap tree #206, logLikelihood: -4479.874512
[00:00:13] Bootstrap tree #207, logLikelihood: -4530.668855
[00:00:13] Bootstrap tree #208, logLikelihood: -4469.237115
[00:00:13] Bootstrap tree #209, logLikelihood: -4468.937874
[00:00:13] Bootstrap tree #210, logLikelihood: -4512.728615
[00:00:13] Bootstrap tree #211, logLikelihood: -4529.669336
[00:00:13] Bootstrap tree #212, logLikelihood: -4546.609109
[00:00:13] Bootstrap tree #213, logLikelihood: -4433.182618
[00:00:13] Bootstrap tree #214, logLikelihood: -4592.774571
[00:00:13] Bootstrap tree #215, logLikelihood: -4484.480734
[00:00:13] Bootstrap tree #216, logLikelihood: -4573.952144
[00:00:14] Bootstrap tree #217, logLikelihood: -4432.949992
[00:00:14] Bootstrap tree #218, logLikelihood: -4446.635775
[00:00:14] Bootstrap tree #219, logLikelihood: -4465.561007
[00:00:14] Bootstrap tree #220, logLikelihood: -4423.324007
[00:00:14] Bootstrap tree #221, logLikelihood: -4411.926784
[00:00:14] Bootstrap tree #222, logLikelihood: -4538.458251
[00:00:14] Bootstrap tree #223, logLikelihood: -4516.029005
[00:00:14] Bootstrap tree #224, logLikelihood: -4533.244438
[00:00:14] Bootstrap tree #225, logLikelihood: -4408.777834
[00:00:14] Bootstrap tree #226, logLikelihood: -4491.421474
[00:00:14] Bootstrap tree #227, logLikelihood: -4507.936941
[00:00:14] Bootstrap tree #228, logLikelihood: -4502.125364
[00:00:14] Bootstrap tree #229, logLikelihood: -4467.658774
[00:00:14] Bootstrap tree #230, logLikelihood: -4579.755329
[00:00:14] Bootstrap tree #231, logLikelihood: -4508.440831
[00:00:14] Bootstrap tree #232, logLikelihood: -4378.028508
[00:00:14] Bootstrap tree #233, logLikelihood: -4437.566083
[00:00:15] Bootstrap tree #234, logLikelihood: -4474.736372
[00:00:15] Bootstrap tree #235, logLikelihood: -4519.760206
[00:00:15] Bootstrap tree #236, logLikelihood: -4522.414732
[00:00:15] Bootstrap tree #237, logLikelihood: -4495.046503
[00:00:15] Bootstrap tree #238, logLikelihood: -4530.992856
[00:00:15] Bootstrap tree #239, logLikelihood: -4547.749183
[00:00:15] Bootstrap tree #240, logLikelihood: -4409.001569
[00:00:15] Bootstrap tree #241, logLikelihood: -4608.318388
[00:00:15] Bootstrap tree #242, logLikelihood: -4557.855545
[00:00:15] Bootstrap tree #243, logLikelihood: -4521.469396
[00:00:15] Bootstrap tree #244, logLikelihood: -4560.140441
[00:00:15] Bootstrap tree #245, logLikelihood: -4447.986644
[00:00:15] Bootstrap tree #246, logLikelihood: -4429.973648
[00:00:15] Bootstrap tree #247, logLikelihood: -4520.487982
[00:00:15] Bootstrap tree #248, logLikelihood: -4482.965615
[00:00:15] Bootstrap tree #249, logLikelihood: -4509.642495
[00:00:15] Bootstrap tree #250, logLikelihood: -4452.748256
[00:00:16] Bootstrap tree #251, logLikelihood: -4489.821282
[00:00:16] Bootstrap tree #252, logLikelihood: -4396.467995
[00:00:16] Bootstrap tree #253, logLikelihood: -4546.481599
[00:00:16] Bootstrap tree #254, logLikelihood: -4442.044760
[00:00:16] Bootstrap tree #255, logLikelihood: -4487.622530
[00:00:16] Bootstrap tree #256, logLikelihood: -4462.393166
[00:00:16] Bootstrap tree #257, logLikelihood: -4472.886378
[00:00:16] Bootstrap tree #258, logLikelihood: -4472.130588
[00:00:16] Bootstrap tree #259, logLikelihood: -4593.309730
[00:00:16] Bootstrap tree #260, logLikelihood: -4473.932000
[00:00:16] Bootstrap tree #261, logLikelihood: -4439.988204
[00:00:16] Bootstrap tree #262, logLikelihood: -4427.002480
[00:00:16] Bootstrap tree #263, logLikelihood: -4538.401990
[00:00:16] Bootstrap tree #264, logLikelihood: -4514.953561
[00:00:16] Bootstrap tree #265, logLikelihood: -4448.756666
[00:00:16] Bootstrap tree #266, logLikelihood: -4588.960196
[00:00:16] Bootstrap tree #267, logLikelihood: -4420.992954
[00:00:17] Bootstrap tree #268, logLikelihood: -4585.271251
[00:00:17] Bootstrap tree #269, logLikelihood: -4456.056362
[00:00:17] Bootstrap tree #270, logLikelihood: -4553.271454
[00:00:17] Bootstrap tree #271, logLikelihood: -4461.087453
[00:00:17] Bootstrap tree #272, logLikelihood: -4387.858319
[00:00:17] Bootstrap tree #273, logLikelihood: -4498.519914
[00:00:17] Bootstrap tree #274, logLikelihood: -4511.970820
[00:00:17] Bootstrap tree #275, logLikelihood: -4514.347065
[00:00:17] Bootstrap tree #276, logLikelihood: -4547.261963
[00:00:17] Bootstrap tree #277, logLikelihood: -4459.255847
[00:00:17] Bootstrap tree #278, logLikelihood: -4518.742746
[00:00:17] Bootstrap tree #279, logLikelihood: -4469.522557
[00:00:17] Bootstrap tree #280, logLikelihood: -4520.206778
[00:00:17] Bootstrap tree #281, logLikelihood: -4438.030165
[00:00:17] Bootstrap tree #282, logLikelihood: -4556.327029
[00:00:17] Bootstrap tree #283, logLikelihood: -4542.122939
[00:00:18] Bootstrap tree #284, logLikelihood: -4490.002278
[00:00:18] Bootstrap tree #285, logLikelihood: -4493.549248
[00:00:18] Bootstrap tree #286, logLikelihood: -4493.110159
[00:00:18] Bootstrap tree #287, logLikelihood: -4387.804910
[00:00:18] Bootstrap tree #288, logLikelihood: -4474.223121
[00:00:18] Bootstrap tree #289, logLikelihood: -4579.936676
[00:00:18] Bootstrap tree #290, logLikelihood: -4421.875183
[00:00:18] Bootstrap tree #291, logLikelihood: -4631.192691
[00:00:18] Bootstrap tree #292, logLikelihood: -4655.104071
[00:00:18] Bootstrap tree #293, logLikelihood: -4411.455140
[00:00:18] Bootstrap tree #294, logLikelihood: -4505.299078
[00:00:18] Bootstrap tree #295, logLikelihood: -4564.086605
[00:00:18] Bootstrap tree #296, logLikelihood: -4564.616288
[00:00:18] Bootstrap tree #297, logLikelihood: -4535.417546
[00:00:18] Bootstrap tree #298, logLikelihood: -4444.052045
[00:00:18] Bootstrap tree #299, logLikelihood: -4453.404167
[00:00:19] Bootstrap tree #300, logLikelihood: -4465.028525
[00:00:19] Bootstrap tree #301, logLikelihood: -4458.886321
[00:00:19] Bootstrap tree #302, logLikelihood: -4561.236668
[00:00:19] Bootstrap tree #303, logLikelihood: -4555.557869
[00:00:19] Bootstrap tree #304, logLikelihood: -4494.310393
[00:00:19] Bootstrap tree #305, logLikelihood: -4490.342549
[00:00:19] Bootstrap tree #306, logLikelihood: -4532.650991
[00:00:19] Bootstrap tree #307, logLikelihood: -4518.003697
[00:00:19] Bootstrap tree #308, logLikelihood: -4514.439975
[00:00:19] Bootstrap tree #309, logLikelihood: -4492.678836
[00:00:19] Bootstrap tree #310, logLikelihood: -4516.495529
[00:00:19] Bootstrap tree #311, logLikelihood: -4569.744361
[00:00:19] Bootstrap tree #312, logLikelihood: -4547.975364
[00:00:19] Bootstrap tree #313, logLikelihood: -4357.017123
[00:00:19] Bootstrap tree #314, logLikelihood: -4449.732916
[00:00:20] Bootstrap tree #315, logLikelihood: -4533.385788
[00:00:20] Bootstrap tree #316, logLikelihood: -4457.894607
[00:00:20] Bootstrap tree #317, logLikelihood: -4468.712478
[00:00:20] Bootstrap tree #318, logLikelihood: -4452.021098
[00:00:20] Bootstrap tree #319, logLikelihood: -4564.338617
[00:00:20] Bootstrap tree #320, logLikelihood: -4525.643782
[00:00:20] Bootstrap tree #321, logLikelihood: -4679.277061
[00:00:20] Bootstrap tree #322, logLikelihood: -4572.519219
[00:00:20] Bootstrap tree #323, logLikelihood: -4515.066998
[00:00:20] Bootstrap tree #324, logLikelihood: -4535.579243
[00:00:20] Bootstrap tree #325, logLikelihood: -4467.953815
[00:00:20] Bootstrap tree #326, logLikelihood: -4545.907163
[00:00:20] Bootstrap tree #327, logLikelihood: -4511.560457
[00:00:20] Bootstrap tree #328, logLikelihood: -4515.364240
[00:00:20] Bootstrap tree #329, logLikelihood: -4491.567612
[00:00:20] Bootstrap tree #330, logLikelihood: -4417.782887
[00:00:21] Bootstrap tree #331, logLikelihood: -4532.378892
[00:00:21] Bootstrap tree #332, logLikelihood: -4423.919199
[00:00:21] Bootstrap tree #333, logLikelihood: -4444.915250
[00:00:21] Bootstrap tree #334, logLikelihood: -4465.956292
[00:00:21] Bootstrap tree #335, logLikelihood: -4564.595353
[00:00:21] Bootstrap tree #336, logLikelihood: -4429.281454
[00:00:21] Bootstrap tree #337, logLikelihood: -4560.574879
[00:00:21] Bootstrap tree #338, logLikelihood: -4448.502267
[00:00:21] Bootstrap tree #339, logLikelihood: -4475.246683
[00:00:21] Bootstrap tree #340, logLikelihood: -4613.712230
[00:00:21] Bootstrap tree #341, logLikelihood: -4458.624568
[00:00:21] Bootstrap tree #342, logLikelihood: -4585.693449
[00:00:21] Bootstrap tree #343, logLikelihood: -4641.714549
[00:00:21] Bootstrap tree #344, logLikelihood: -4567.631277
[00:00:21] Bootstrap tree #345, logLikelihood: -4478.886726
[00:00:21] Bootstrap tree #346, logLikelihood: -4563.823290
[00:00:21] Bootstrap tree #347, logLikelihood: -4547.849199
[00:00:22] Bootstrap tree #348, logLikelihood: -4462.229975
[00:00:22] Bootstrap tree #349, logLikelihood: -4513.160900
[00:00:22] Bootstrap tree #350, logLikelihood: -4501.653346
[00:00:22] Bootstrap tree #351, logLikelihood: -4519.193018
[00:00:22] Bootstrap tree #352, logLikelihood: -4408.437549
[00:00:22] Bootstrap tree #353, logLikelihood: -4493.413168
[00:00:22] Bootstrap tree #354, logLikelihood: -4501.722408
[00:00:22] Bootstrap tree #355, logLikelihood: -4465.099002
[00:00:22] Bootstrap tree #356, logLikelihood: -4544.939457
[00:00:22] Bootstrap tree #357, logLikelihood: -4497.717814
[00:00:22] Bootstrap tree #358, logLikelihood: -4518.310700
[00:00:22] Bootstrap tree #359, logLikelihood: -4490.134768
[00:00:22] Bootstrap tree #360, logLikelihood: -4464.284323
[00:00:22] Bootstrap tree #361, logLikelihood: -4448.056554
[00:00:22] Bootstrap tree #362, logLikelihood: -4506.459270
[00:00:22] Bootstrap tree #363, logLikelihood: -4514.233563
[00:00:23] Bootstrap tree #364, logLikelihood: -4616.983402
[00:00:23] Bootstrap tree #365, logLikelihood: -4536.986068
[00:00:23] Bootstrap tree #366, logLikelihood: -4561.238194
[00:00:23] Bootstrap tree #367, logLikelihood: -4437.883237
[00:00:23] Bootstrap tree #368, logLikelihood: -4490.581576
[00:00:23] Bootstrap tree #369, logLikelihood: -4532.395710
[00:00:23] Bootstrap tree #370, logLikelihood: -4517.109357
[00:00:23] Bootstrap tree #371, logLikelihood: -4457.628030
[00:00:23] Bootstrap tree #372, logLikelihood: -4529.461812
[00:00:23] Bootstrap tree #373, logLikelihood: -4529.498948
[00:00:23] Bootstrap tree #374, logLikelihood: -4438.812842
[00:00:23] Bootstrap tree #375, logLikelihood: -4636.704823
[00:00:23] Bootstrap tree #376, logLikelihood: -4440.339088
[00:00:23] Bootstrap tree #377, logLikelihood: -4486.972535
[00:00:23] Bootstrap tree #378, logLikelihood: -4517.475229
[00:00:23] Bootstrap tree #379, logLikelihood: -4528.837992
[00:00:23] Bootstrap tree #380, logLikelihood: -4545.981103
[00:00:23] Bootstrap tree #381, logLikelihood: -4471.808003
[00:00:24] Bootstrap tree #382, logLikelihood: -4552.599854
[00:00:24] Bootstrap tree #383, logLikelihood: -4616.344895
[00:00:24] Bootstrap tree #384, logLikelihood: -4591.868662
[00:00:24] Bootstrap tree #385, logLikelihood: -4481.324875
[00:00:24] Bootstrap tree #386, logLikelihood: -4449.512773
[00:00:24] Bootstrap tree #387, logLikelihood: -4509.468591
[00:00:24] Bootstrap tree #388, logLikelihood: -4591.423903
[00:00:24] Bootstrap tree #389, logLikelihood: -4464.875702
[00:00:24] Bootstrap tree #390, logLikelihood: -4589.179221
[00:00:24] Bootstrap tree #391, logLikelihood: -4462.108938
[00:00:24] Bootstrap tree #392, logLikelihood: -4574.154813
[00:00:24] Bootstrap tree #393, logLikelihood: -4580.012552
[00:00:24] Bootstrap tree #394, logLikelihood: -4433.305034
[00:00:24] Bootstrap tree #395, logLikelihood: -4548.752905
[00:00:24] Bootstrap tree #396, logLikelihood: -4507.577190
[00:00:25] Bootstrap tree #397, logLikelihood: -4468.063249
[00:00:25] Bootstrap tree #398, logLikelihood: -4468.261190
[00:00:25] Bootstrap tree #399, logLikelihood: -4486.072399
[00:00:25] Bootstrap tree #400, logLikelihood: -4491.951638
[00:00:25] Bootstrap tree #401, logLikelihood: -4552.529217
[00:00:25] Bootstrap tree #402, logLikelihood: -4504.539479
[00:00:25] Bootstrap tree #403, logLikelihood: -4568.749533
[00:00:25] Bootstrap tree #404, logLikelihood: -4488.691545
[00:00:25] Bootstrap tree #405, logLikelihood: -4487.688380
[00:00:25] Bootstrap tree #406, logLikelihood: -4531.086826
[00:00:25] Bootstrap tree #407, logLikelihood: -4498.284994
[00:00:25] Bootstrap tree #408, logLikelihood: -4421.590945
[00:00:25] Bootstrap tree #409, logLikelihood: -4506.590280
[00:00:25] Bootstrap tree #410, logLikelihood: -4538.351861
[00:00:25] Bootstrap tree #411, logLikelihood: -4531.297757
[00:00:25] Bootstrap tree #412, logLikelihood: -4474.344473
[00:00:25] Bootstrap tree #413, logLikelihood: -4479.306762
[00:00:26] Bootstrap tree #414, logLikelihood: -4447.688324
[00:00:26] Bootstrap tree #415, logLikelihood: -4632.835739
[00:00:26] Bootstrap tree #416, logLikelihood: -4551.682365
[00:00:26] Bootstrap tree #417, logLikelihood: -4466.556351
[00:00:26] Bootstrap tree #418, logLikelihood: -4415.431315
[00:00:26] Bootstrap tree #419, logLikelihood: -4510.952623
[00:00:26] Bootstrap tree #420, logLikelihood: -4562.822244
[00:00:26] Bootstrap tree #421, logLikelihood: -4434.378160
[00:00:26] Bootstrap tree #422, logLikelihood: -4495.649171
[00:00:26] Bootstrap tree #423, logLikelihood: -4611.169728
[00:00:26] Bootstrap tree #424, logLikelihood: -4386.578171
[00:00:26] Bootstrap tree #425, logLikelihood: -4469.687356
[00:00:26] Bootstrap tree #426, logLikelihood: -4473.234412
[00:00:26] Bootstrap tree #427, logLikelihood: -4440.391441
[00:00:26] Bootstrap tree #428, logLikelihood: -4492.313962
[00:00:26] Bootstrap tree #429, logLikelihood: -4571.165486
[00:00:26] Bootstrap tree #430, logLikelihood: -4494.314075
[00:00:27] Bootstrap tree #431, logLikelihood: -4509.276509
[00:00:27] Bootstrap tree #432, logLikelihood: -4531.578446
[00:00:27] Bootstrap tree #433, logLikelihood: -4519.798942
[00:00:27] Bootstrap tree #434, logLikelihood: -4447.686767
[00:00:27] Bootstrap tree #435, logLikelihood: -4503.058664
[00:00:27] Bootstrap tree #436, logLikelihood: -4486.967696
[00:00:27] Bootstrap tree #437, logLikelihood: -4417.955026
[00:00:27] Bootstrap tree #438, logLikelihood: -4519.492834
[00:00:27] Bootstrap tree #439, logLikelihood: -4583.742815
[00:00:27] Bootstrap tree #440, logLikelihood: -4456.094033
[00:00:27] Bootstrap tree #441, logLikelihood: -4542.418621
[00:00:27] Bootstrap tree #442, logLikelihood: -4376.590294
[00:00:27] Bootstrap tree #443, logLikelihood: -4522.388995
[00:00:27] Bootstrap tree #444, logLikelihood: -4554.821855
[00:00:27] Bootstrap tree #445, logLikelihood: -4481.662104
[00:00:27] Bootstrap tree #446, logLikelihood: -4462.467955
[00:00:27] Bootstrap tree #447, logLikelihood: -4473.104492
[00:00:27] Bootstrap tree #448, logLikelihood: -4517.608599
[00:00:28] Bootstrap tree #449, logLikelihood: -4484.242897
[00:00:28] Bootstrap tree #450, logLikelihood: -4513.996480
[00:00:28] Bootstrap tree #451, logLikelihood: -4422.387102
[00:00:28] Bootstrap tree #452, logLikelihood: -4529.781649
[00:00:28] Bootstrap tree #453, logLikelihood: -4606.556527
[00:00:28] Bootstrap tree #454, logLikelihood: -4478.449836
[00:00:28] Bootstrap tree #455, logLikelihood: -4531.637516
[00:00:28] Bootstrap tree #456, logLikelihood: -4438.639380
[00:00:28] Bootstrap tree #457, logLikelihood: -4526.900728
[00:00:28] Bootstrap tree #458, logLikelihood: -4623.237738
[00:00:28] Bootstrap tree #459, logLikelihood: -4457.657285
[00:00:28] Bootstrap tree #460, logLikelihood: -4561.133910
[00:00:28] Bootstrap tree #461, logLikelihood: -4536.237353
[00:00:28] Bootstrap tree #462, logLikelihood: -4437.394573
[00:00:28] Bootstrap tree #463, logLikelihood: -4569.096557
[00:00:28] Bootstrap tree #464, logLikelihood: -4532.080637
[00:00:28] Bootstrap tree #465, logLikelihood: -4492.797736
[00:00:29] Bootstrap tree #466, logLikelihood: -4549.508594
[00:00:29] Bootstrap tree #467, logLikelihood: -4531.891987
[00:00:29] Bootstrap tree #468, logLikelihood: -4561.622042
[00:00:29] Bootstrap tree #469, logLikelihood: -4562.958840
[00:00:29] Bootstrap tree #470, logLikelihood: -4484.231781
[00:00:29] Bootstrap tree #471, logLikelihood: -4394.730546
[00:00:29] Bootstrap tree #472, logLikelihood: -4507.175761
[00:00:29] Bootstrap tree #473, logLikelihood: -4469.939767
[00:00:29] Bootstrap tree #474, logLikelihood: -4456.399595
[00:00:29] Bootstrap tree #475, logLikelihood: -4456.894355
[00:00:29] Bootstrap tree #476, logLikelihood: -4409.678842
[00:00:29] Bootstrap tree #477, logLikelihood: -4612.495268
[00:00:29] Bootstrap tree #478, logLikelihood: -4503.525714
[00:00:29] Bootstrap tree #479, logLikelihood: -4424.959295
[00:00:29] Bootstrap tree #480, logLikelihood: -4471.161599
[00:00:29] Bootstrap tree #481, logLikelihood: -4638.343881
[00:00:30] Bootstrap tree #482, logLikelihood: -4456.175365
[00:00:30] Bootstrap tree #483, logLikelihood: -4377.074951
[00:00:30] Bootstrap tree #484, logLikelihood: -4482.606974
[00:00:30] Bootstrap tree #485, logLikelihood: -4546.941047
[00:00:30] Bootstrap tree #486, logLikelihood: -4432.687455
[00:00:30] Bootstrap tree #487, logLikelihood: -4575.266679
[00:00:30] Bootstrap tree #488, logLikelihood: -4525.350834
[00:00:30] Bootstrap tree #489, logLikelihood: -4565.071075
[00:00:30] Bootstrap tree #490, logLikelihood: -4461.270442
[00:00:30] Bootstrap tree #491, logLikelihood: -4436.423640
[00:00:30] Bootstrap tree #492, logLikelihood: -4560.350708
[00:00:30] Bootstrap tree #493, logLikelihood: -4529.168900
[00:00:30] Bootstrap tree #494, logLikelihood: -4497.462878
[00:00:30] Bootstrap tree #495, logLikelihood: -4561.827461
[00:00:30] Bootstrap tree #496, logLikelihood: -4459.805637
[00:00:30] Bootstrap tree #497, logLikelihood: -4465.987306
[00:00:30] Bootstrap tree #498, logLikelihood: -4553.704287
[00:00:31] Bootstrap tree #499, logLikelihood: -4404.507053
[00:00:31] Bootstrap tree #500, logLikelihood: -4522.110606
[00:00:31] Bootstrap tree #501, logLikelihood: -4544.009889
[00:00:31] Bootstrap tree #502, logLikelihood: -4463.828010
[00:00:31] Bootstrap tree #503, logLikelihood: -4602.788138
[00:00:31] Bootstrap tree #504, logLikelihood: -4607.594070
[00:00:31] Bootstrap tree #505, logLikelihood: -4638.438861
[00:00:31] Bootstrap tree #506, logLikelihood: -4577.121737
[00:00:31] Bootstrap tree #507, logLikelihood: -4450.041590
[00:00:31] Bootstrap tree #508, logLikelihood: -4487.556139
[00:00:31] Bootstrap tree #509, logLikelihood: -4400.343866
[00:00:31] Bootstrap tree #510, logLikelihood: -4545.234935
[00:00:31] Bootstrap tree #511, logLikelihood: -4498.410203
[00:00:31] Bootstrap tree #512, logLikelihood: -4457.907757
[00:00:31] Bootstrap tree #513, logLikelihood: -4634.510514
[00:00:31] Bootstrap tree #514, logLikelihood: -4450.250239
[00:00:31] Bootstrap tree #515, logLikelihood: -4508.598553
[00:00:32] Bootstrap tree #516, logLikelihood: -4534.215847
[00:00:32] Bootstrap tree #517, logLikelihood: -4462.456876
[00:00:32] Bootstrap tree #518, logLikelihood: -4523.734125
[00:00:32] Bootstrap tree #519, logLikelihood: -4462.260007
[00:00:32] Bootstrap tree #520, logLikelihood: -4601.969334
[00:00:32] Bootstrap tree #521, logLikelihood: -4635.461523
[00:00:32] Bootstrap tree #522, logLikelihood: -4316.606441
[00:00:32] Bootstrap tree #523, logLikelihood: -4480.106017
[00:00:32] Bootstrap tree #524, logLikelihood: -4452.792895
[00:00:32] Bootstrap tree #525, logLikelihood: -4556.791507
[00:00:32] Bootstrap tree #526, logLikelihood: -4446.578369
[00:00:32] Bootstrap tree #527, logLikelihood: -4498.097789
[00:00:32] Bootstrap tree #528, logLikelihood: -4618.449766
[00:00:32] Bootstrap tree #529, logLikelihood: -4518.028499
[00:00:32] Bootstrap tree #530, logLikelihood: -4542.533357
[00:00:32] Bootstrap tree #531, logLikelihood: -4507.273554
[00:00:33] Bootstrap tree #532, logLikelihood: -4488.924113
[00:00:33] Bootstrap tree #533, logLikelihood: -4477.576403
[00:00:33] Bootstrap tree #534, logLikelihood: -4409.467521
[00:00:33] Bootstrap tree #535, logLikelihood: -4421.456972
[00:00:33] Bootstrap tree #536, logLikelihood: -4548.048168
[00:00:33] Bootstrap tree #537, logLikelihood: -4523.952310
[00:00:33] Bootstrap tree #538, logLikelihood: -4386.117254
[00:00:33] Bootstrap tree #539, logLikelihood: -4484.311931
[00:00:33] Bootstrap tree #540, logLikelihood: -4542.688707
[00:00:33] Bootstrap tree #541, logLikelihood: -4578.397012
[00:00:33] Bootstrap tree #542, logLikelihood: -4518.543554
[00:00:33] Bootstrap tree #543, logLikelihood: -4579.166711
[00:00:33] Bootstrap tree #544, logLikelihood: -4434.721542
[00:00:33] Bootstrap tree #545, logLikelihood: -4467.469049
[00:00:33] Bootstrap tree #546, logLikelihood: -4604.917717
[00:00:33] Bootstrap tree #547, logLikelihood: -4516.744249
[00:00:33] Bootstrap tree #548, logLikelihood: -4496.778856
[00:00:34] Bootstrap tree #549, logLikelihood: -4525.258036
[00:00:34] Bootstrap tree #550, logLikelihood: -4608.565983
[00:00:34] Bootstrap tree #551, logLikelihood: -4497.440007
[00:00:34] Bootstrap tree #552, logLikelihood: -4462.586507
[00:00:34] Bootstrap tree #553, logLikelihood: -4542.698453
[00:00:34] Bootstrap tree #554, logLikelihood: -4413.061963
[00:00:34] Bootstrap tree #555, logLikelihood: -4420.975315
[00:00:34] Bootstrap tree #556, logLikelihood: -4525.648925
[00:00:34] Bootstrap tree #557, logLikelihood: -4600.318956
[00:00:34] Bootstrap tree #558, logLikelihood: -4497.941936
[00:00:34] Bootstrap tree #559, logLikelihood: -4476.413296
[00:00:34] Bootstrap tree #560, logLikelihood: -4459.329999
[00:00:34] Bootstrap tree #561, logLikelihood: -4419.281448
[00:00:34] Bootstrap tree #562, logLikelihood: -4492.605140
[00:00:34] Bootstrap tree #563, logLikelihood: -4569.295889
[00:00:35] Bootstrap tree #564, logLikelihood: -4488.086696
[00:00:35] Bootstrap tree #565, logLikelihood: -4538.933198
[00:00:35] Bootstrap tree #566, logLikelihood: -4571.451167
[00:00:35] Bootstrap tree #567, logLikelihood: -4510.793252
[00:00:35] Bootstrap tree #568, logLikelihood: -4488.731652
[00:00:35] Bootstrap tree #569, logLikelihood: -4485.897941
[00:00:35] Bootstrap tree #570, logLikelihood: -4472.323244
[00:00:35] Bootstrap tree #571, logLikelihood: -4567.279054
[00:00:35] Bootstrap tree #572, logLikelihood: -4550.610155
[00:00:35] Bootstrap tree #573, logLikelihood: -4413.110955
[00:00:35] Bootstrap tree #574, logLikelihood: -4518.894368
[00:00:35] Bootstrap tree #575, logLikelihood: -4443.453459
[00:00:35] Bootstrap tree #576, logLikelihood: -4482.831993
[00:00:35] Bootstrap tree #577, logLikelihood: -4567.866347
[00:00:35] Bootstrap tree #578, logLikelihood: -4515.127478
[00:00:36] Bootstrap tree #579, logLikelihood: -4520.289021
[00:00:36] Bootstrap tree #580, logLikelihood: -4530.363074
[00:00:36] Bootstrap tree #581, logLikelihood: -4541.232879
[00:00:36] Bootstrap tree #582, logLikelihood: -4454.086238
[00:00:36] Bootstrap tree #583, logLikelihood: -4638.660264
[00:00:36] Bootstrap tree #584, logLikelihood: -4586.674011
[00:00:36] Bootstrap tree #585, logLikelihood: -4538.525155
[00:00:36] Bootstrap tree #586, logLikelihood: -4472.550203
[00:00:36] Bootstrap tree #587, logLikelihood: -4469.111301
[00:00:36] Bootstrap tree #588, logLikelihood: -4495.883477
[00:00:36] Bootstrap tree #589, logLikelihood: -4477.403841
[00:00:36] Bootstrap tree #590, logLikelihood: -4552.321078
[00:00:36] Bootstrap tree #591, logLikelihood: -4543.852623
[00:00:36] Bootstrap tree #592, logLikelihood: -4564.238510
[00:00:37] Bootstrap tree #593, logLikelihood: -4476.889950
[00:00:37] Bootstrap tree #594, logLikelihood: -4508.786209
[00:00:37] Bootstrap tree #595, logLikelihood: -4501.136655
[00:00:37] Bootstrap tree #596, logLikelihood: -4455.279238
[00:00:37] Bootstrap tree #597, logLikelihood: -4636.927186
[00:00:37] Bootstrap tree #598, logLikelihood: -4490.185066
[00:00:37] Bootstrap tree #599, logLikelihood: -4481.322163
[00:00:37] Bootstrap tree #600, logLikelihood: -4430.520024
[00:00:37] Bootstrap tree #601, logLikelihood: -4522.055031
[00:00:37] Bootstrap tree #602, logLikelihood: -4478.818528
[00:00:37] Bootstrap tree #603, logLikelihood: -4537.527977
[00:00:37] Bootstrap tree #604, logLikelihood: -4521.562445
[00:00:37] Bootstrap tree #605, logLikelihood: -4491.954804
[00:00:37] Bootstrap tree #606, logLikelihood: -4522.006947
[00:00:37] Bootstrap tree #607, logLikelihood: -4513.835808
[00:00:37] Bootstrap tree #608, logLikelihood: -4452.718869
[00:00:38] Bootstrap tree #609, logLikelihood: -4543.072889
[00:00:38] Bootstrap tree #610, logLikelihood: -4408.099541
[00:00:38] Bootstrap tree #611, logLikelihood: -4501.431629
[00:00:38] Bootstrap tree #612, logLikelihood: -4587.985984
[00:00:38] Bootstrap tree #613, logLikelihood: -4521.479737
[00:00:38] Bootstrap tree #614, logLikelihood: -4537.850205
[00:00:38] Bootstrap tree #615, logLikelihood: -4495.789085
[00:00:38] Bootstrap tree #616, logLikelihood: -4512.505360
[00:00:38] Bootstrap tree #617, logLikelihood: -4485.499704
[00:00:38] Bootstrap tree #618, logLikelihood: -4496.235758
[00:00:38] Bootstrap tree #619, logLikelihood: -4517.217044
[00:00:38] Bootstrap tree #620, logLikelihood: -4487.805307
[00:00:38] Bootstrap tree #621, logLikelihood: -4593.060014
[00:00:38] Bootstrap tree #622, logLikelihood: -4537.660487
[00:00:38] Bootstrap tree #623, logLikelihood: -4434.666278
[00:00:38] Bootstrap tree #624, logLikelihood: -4506.927901
[00:00:39] Bootstrap tree #625, logLikelihood: -4415.669586
[00:00:39] Bootstrap tree #626, logLikelihood: -4586.013453
[00:00:39] Bootstrap tree #627, logLikelihood: -4468.727753
[00:00:39] Bootstrap tree #628, logLikelihood: -4439.958439
[00:00:39] Bootstrap tree #629, logLikelihood: -4580.513840
[00:00:39] Bootstrap tree #630, logLikelihood: -4638.493576
[00:00:39] Bootstrap tree #631, logLikelihood: -4609.993463
[00:00:39] Bootstrap tree #632, logLikelihood: -4502.160401
[00:00:39] Bootstrap tree #633, logLikelihood: -4534.639903
[00:00:39] Bootstrap tree #634, logLikelihood: -4484.675138
[00:00:39] Bootstrap tree #635, logLikelihood: -4365.956721
[00:00:39] Bootstrap tree #636, logLikelihood: -4548.533935
[00:00:39] Bootstrap tree #637, logLikelihood: -4448.785789
[00:00:39] Bootstrap tree #638, logLikelihood: -4532.014374
[00:00:39] Bootstrap tree #639, logLikelihood: -4528.832913
[00:00:40] Bootstrap tree #640, logLikelihood: -4620.685313
[00:00:40] Bootstrap tree #641, logLikelihood: -4383.449997
[00:00:40] Bootstrap tree #642, logLikelihood: -4522.985898
[00:00:40] Bootstrap tree #643, logLikelihood: -4387.441344
[00:00:40] Bootstrap tree #644, logLikelihood: -4559.522485
[00:00:40] Bootstrap tree #645, logLikelihood: -4567.314993
[00:00:40] Bootstrap tree #646, logLikelihood: -4456.526705
[00:00:40] Bootstrap tree #647, logLikelihood: -4389.076447
[00:00:40] Bootstrap tree #648, logLikelihood: -4539.777524
[00:00:40] Bootstrap tree #649, logLikelihood: -4512.511644
[00:00:40] Bootstrap tree #650, logLikelihood: -4511.679509
[00:00:40] Bootstrap tree #651, logLikelihood: -4438.484131
[00:00:40] Bootstrap tree #652, logLikelihood: -4490.325455
[00:00:40] Bootstrap tree #653, logLikelihood: -4509.093535
[00:00:40] Bootstrap tree #654, logLikelihood: -4450.139890
[00:00:40] Bootstrap tree #655, logLikelihood: -4462.518527
[00:00:41] Bootstrap tree #656, logLikelihood: -4578.950456
[00:00:41] Bootstrap tree #657, logLikelihood: -4523.808933
[00:00:41] Bootstrap tree #658, logLikelihood: -4480.731086
[00:00:41] Bootstrap tree #659, logLikelihood: -4443.422535
[00:00:41] Bootstrap tree #660, logLikelihood: -4415.459933
[00:00:41] Bootstrap tree #661, logLikelihood: -4411.989851
[00:00:41] Bootstrap tree #662, logLikelihood: -4386.005145
[00:00:41] Bootstrap tree #663, logLikelihood: -4570.736119
[00:00:41] Bootstrap tree #664, logLikelihood: -4418.814432
[00:00:41] Bootstrap tree #665, logLikelihood: -4547.067265
[00:00:41] Bootstrap tree #666, logLikelihood: -4430.529101
[00:00:41] Bootstrap tree #667, logLikelihood: -4479.726363
[00:00:41] Bootstrap tree #668, logLikelihood: -4573.579814
[00:00:41] Bootstrap tree #669, logLikelihood: -4465.657703
[00:00:41] Bootstrap tree #670, logLikelihood: -4537.132962
[00:00:41] Bootstrap tree #671, logLikelihood: -4486.208599
[00:00:42] Bootstrap tree #672, logLikelihood: -4528.634963
[00:00:42] Bootstrap tree #673, logLikelihood: -4509.708192
[00:00:42] Bootstrap tree #674, logLikelihood: -4583.910695
[00:00:42] Bootstrap tree #675, logLikelihood: -4485.909869
[00:00:42] Bootstrap tree #676, logLikelihood: -4520.618621
[00:00:42] Bootstrap tree #677, logLikelihood: -4559.363642
[00:00:42] Bootstrap tree #678, logLikelihood: -4449.928863
[00:00:42] Bootstrap tree #679, logLikelihood: -4545.427770
[00:00:42] Bootstrap tree #680, logLikelihood: -4506.717784
[00:00:42] Bootstrap tree #681, logLikelihood: -4453.773071
[00:00:42] Bootstrap tree #682, logLikelihood: -4615.708333
[00:00:42] Bootstrap tree #683, logLikelihood: -4583.906125
[00:00:42] Bootstrap tree #684, logLikelihood: -4569.790223
[00:00:42] Bootstrap tree #685, logLikelihood: -4396.833456
[00:00:42] Bootstrap tree #686, logLikelihood: -4521.673665
[00:00:42] Bootstrap tree #687, logLikelihood: -4471.141239
[00:00:43] Bootstrap tree #688, logLikelihood: -4507.764963
[00:00:43] Bootstrap tree #689, logLikelihood: -4606.371238
[00:00:43] Bootstrap tree #690, logLikelihood: -4464.809004
[00:00:43] Bootstrap tree #691, logLikelihood: -4471.248404
[00:00:43] Bootstrap tree #692, logLikelihood: -4527.836686
[00:00:43] Bootstrap tree #693, logLikelihood: -4434.788428
[00:00:43] Bootstrap tree #694, logLikelihood: -4592.737438
[00:00:43] Bootstrap tree #695, logLikelihood: -4669.101541
[00:00:43] Bootstrap tree #696, logLikelihood: -4548.207451
[00:00:43] Bootstrap tree #697, logLikelihood: -4506.889223
[00:00:43] Bootstrap tree #698, logLikelihood: -4555.029962
[00:00:43] Bootstrap tree #699, logLikelihood: -4444.619882
[00:00:43] Bootstrap tree #700, logLikelihood: -4403.814084
[00:00:43] Bootstrap tree #701, logLikelihood: -4541.349456
[00:00:43] Bootstrap tree #702, logLikelihood: -4517.463747
[00:00:43] Bootstrap tree #703, logLikelihood: -4497.200110
[00:00:44] Bootstrap tree #704, logLikelihood: -4541.894865
[00:00:44] Bootstrap tree #705, logLikelihood: -4659.546862
[00:00:44] Bootstrap tree #706, logLikelihood: -4443.328203
[00:00:44] Bootstrap tree #707, logLikelihood: -4562.296651
[00:00:44] Bootstrap tree #708, logLikelihood: -4500.247667
[00:00:44] Bootstrap tree #709, logLikelihood: -4487.271178
[00:00:44] Bootstrap tree #710, logLikelihood: -4498.307191
[00:00:44] Bootstrap tree #711, logLikelihood: -4425.553965
[00:00:44] Bootstrap tree #712, logLikelihood: -4403.583375
[00:00:44] Bootstrap tree #713, logLikelihood: -4539.944799
[00:00:44] Bootstrap tree #714, logLikelihood: -4488.772025
[00:00:44] Bootstrap tree #715, logLikelihood: -4516.942610
[00:00:44] Bootstrap tree #716, logLikelihood: -4592.348474
[00:00:44] Bootstrap tree #717, logLikelihood: -4504.541106
[00:00:44] Bootstrap tree #718, logLikelihood: -4472.956781
[00:00:45] Bootstrap tree #719, logLikelihood: -4534.813045
[00:00:45] Bootstrap tree #720, logLikelihood: -4556.705583
[00:00:45] Bootstrap tree #721, logLikelihood: -4515.478870
[00:00:45] Bootstrap tree #722, logLikelihood: -4539.362116
[00:00:45] Bootstrap tree #723, logLikelihood: -4484.427391
[00:00:45] Bootstrap tree #724, logLikelihood: -4538.574371
[00:00:45] Bootstrap tree #725, logLikelihood: -4413.193552
[00:00:45] Bootstrap tree #726, logLikelihood: -4482.010010
[00:00:45] Bootstrap tree #727, logLikelihood: -4444.537657
[00:00:45] Bootstrap tree #728, logLikelihood: -4406.508668
[00:00:45] Bootstrap tree #729, logLikelihood: -4503.870043
[00:00:45] Bootstrap tree #730, logLikelihood: -4436.294090
[00:00:45] Bootstrap tree #731, logLikelihood: -4587.264323
[00:00:45] Bootstrap tree #732, logLikelihood: -4544.479683
[00:00:45] Bootstrap tree #733, logLikelihood: -4481.262107
[00:00:46] Bootstrap tree #734, logLikelihood: -4627.861950
[00:00:46] Bootstrap tree #735, logLikelihood: -4500.276049
[00:00:46] Bootstrap tree #736, logLikelihood: -4531.183641
[00:00:46] Bootstrap tree #737, logLikelihood: -4488.864954
[00:00:46] Bootstrap tree #738, logLikelihood: -4416.625496
[00:00:46] Bootstrap tree #739, logLikelihood: -4452.439363
[00:00:46] Bootstrap tree #740, logLikelihood: -4442.548854
[00:00:46] Bootstrap tree #741, logLikelihood: -4424.308691
[00:00:46] Bootstrap tree #742, logLikelihood: -4469.336797
[00:00:46] Bootstrap tree #743, logLikelihood: -4538.719056
[00:00:46] Bootstrap tree #744, logLikelihood: -4447.566371
[00:00:46] Bootstrap tree #745, logLikelihood: -4623.579865
[00:00:46] Bootstrap tree #746, logLikelihood: -4525.951924
[00:00:46] Bootstrap tree #747, logLikelihood: -4505.078533
[00:00:46] Bootstrap tree #748, logLikelihood: -4601.983669
[00:00:47] Bootstrap tree #749, logLikelihood: -4501.462336
[00:00:47] Bootstrap tree #750, logLikelihood: -4553.372622
[00:00:47] Bootstrap tree #751, logLikelihood: -4453.368827
[00:00:47] Bootstrap tree #752, logLikelihood: -4505.079732
[00:00:47] Bootstrap tree #753, logLikelihood: -4474.033256
[00:00:47] Bootstrap tree #754, logLikelihood: -4489.907285
[00:00:47] Bootstrap tree #755, logLikelihood: -4333.161721
[00:00:47] Bootstrap tree #756, logLikelihood: -4425.602272
[00:00:47] Bootstrap tree #757, logLikelihood: -4375.559276
[00:00:47] Bootstrap tree #758, logLikelihood: -4538.819256
[00:00:47] Bootstrap tree #759, logLikelihood: -4458.578988
[00:00:47] Bootstrap tree #760, logLikelihood: -4508.385993
[00:00:47] Bootstrap tree #761, logLikelihood: -4481.479116
[00:00:47] Bootstrap tree #762, logLikelihood: -4529.250275
[00:00:47] Bootstrap tree #763, logLikelihood: -4578.082608
[00:00:47] Bootstrap tree #764, logLikelihood: -4580.819729
[00:00:47] Bootstrap tree #765, logLikelihood: -4467.137217
[00:00:48] Bootstrap tree #766, logLikelihood: -4531.736490
[00:00:48] Bootstrap tree #767, logLikelihood: -4515.856751
[00:00:48] Bootstrap tree #768, logLikelihood: -4464.100046
[00:00:48] Bootstrap tree #769, logLikelihood: -4429.684319
[00:00:48] Bootstrap tree #770, logLikelihood: -4476.720723
[00:00:48] Bootstrap tree #771, logLikelihood: -4423.591594
[00:00:48] Bootstrap tree #772, logLikelihood: -4532.601491
[00:00:48] Bootstrap tree #773, logLikelihood: -4465.594913
[00:00:48] Bootstrap tree #774, logLikelihood: -4538.404190
[00:00:48] Bootstrap tree #775, logLikelihood: -4460.974914
[00:00:48] Bootstrap tree #776, logLikelihood: -4605.483795
[00:00:48] Bootstrap tree #777, logLikelihood: -4513.288461
[00:00:48] Bootstrap tree #778, logLikelihood: -4562.111904
[00:00:48] Bootstrap tree #779, logLikelihood: -4545.332183
[00:00:48] Bootstrap tree #780, logLikelihood: -4600.221809
[00:00:49] Bootstrap tree #781, logLikelihood: -4482.978823
[00:00:49] Bootstrap tree #782, logLikelihood: -4526.638099
[00:00:49] Bootstrap tree #783, logLikelihood: -4461.771194
[00:00:49] Bootstrap tree #784, logLikelihood: -4544.812780
[00:00:49] Bootstrap tree #785, logLikelihood: -4422.719105
[00:00:49] Bootstrap tree #786, logLikelihood: -4583.316120
[00:00:49] Bootstrap tree #787, logLikelihood: -4400.859254
[00:00:49] Bootstrap tree #788, logLikelihood: -4516.560520
[00:00:49] Bootstrap tree #789, logLikelihood: -4485.898393
[00:00:49] Bootstrap tree #790, logLikelihood: -4626.032212
[00:00:49] Bootstrap tree #791, logLikelihood: -4459.534632
[00:00:49] Bootstrap tree #792, logLikelihood: -4505.770436
[00:00:49] Bootstrap tree #793, logLikelihood: -4535.666668
[00:00:49] Bootstrap tree #794, logLikelihood: -4379.903635
[00:00:50] Bootstrap tree #795, logLikelihood: -4402.474596
[00:00:50] Bootstrap tree #796, logLikelihood: -4450.885085
[00:00:50] Bootstrap tree #797, logLikelihood: -4570.117240
[00:00:50] Bootstrap tree #798, logLikelihood: -4365.118782
[00:00:50] Bootstrap tree #799, logLikelihood: -4579.834461
[00:00:50] Bootstrap tree #800, logLikelihood: -4480.840225
[00:00:50] Bootstrap tree #801, logLikelihood: -4431.406077
[00:00:50] Bootstrap tree #802, logLikelihood: -4531.004519
[00:00:50] Bootstrap tree #803, logLikelihood: -4443.412008
[00:00:50] Bootstrap tree #804, logLikelihood: -4488.549338
[00:00:50] Bootstrap tree #805, logLikelihood: -4438.729789
[00:00:50] Bootstrap tree #806, logLikelihood: -4562.340076
[00:00:50] Bootstrap tree #807, logLikelihood: -4538.886999
[00:00:50] Bootstrap tree #808, logLikelihood: -4511.235682
[00:00:50] Bootstrap tree #809, logLikelihood: -4509.545411
[00:00:51] Bootstrap tree #810, logLikelihood: -4559.512211
[00:00:51] Bootstrap tree #811, logLikelihood: -4472.641030
[00:00:51] Bootstrap tree #812, logLikelihood: -4491.435020
[00:00:51] Bootstrap tree #813, logLikelihood: -4474.881094
[00:00:51] Bootstrap tree #814, logLikelihood: -4445.134480
[00:00:51] Bootstrap tree #815, logLikelihood: -4465.008018
[00:00:51] Bootstrap tree #816, logLikelihood: -4413.620319
[00:00:51] Bootstrap tree #817, logLikelihood: -4526.793736
[00:00:51] Bootstrap tree #818, logLikelihood: -4540.560461
[00:00:51] Bootstrap tree #819, logLikelihood: -4609.914897
[00:00:51] Bootstrap tree #820, logLikelihood: -4395.918891
[00:00:51] Bootstrap tree #821, logLikelihood: -4550.188680
[00:00:51] Bootstrap tree #822, logLikelihood: -4437.676483
[00:00:51] Bootstrap tree #823, logLikelihood: -4560.053463
[00:00:51] Bootstrap tree #824, logLikelihood: -4568.447891
[00:00:52] Bootstrap tree #825, logLikelihood: -4547.233008
[00:00:52] Bootstrap tree #826, logLikelihood: -4483.060529
[00:00:52] Bootstrap tree #827, logLikelihood: -4520.186634
[00:00:52] Bootstrap tree #828, logLikelihood: -4541.880812
[00:00:52] Bootstrap tree #829, logLikelihood: -4529.915952
[00:00:52] Bootstrap tree #830, logLikelihood: -4551.763348
[00:00:52] Bootstrap tree #831, logLikelihood: -4537.287589
[00:00:52] Bootstrap tree #832, logLikelihood: -4429.499041
[00:00:52] Bootstrap tree #833, logLikelihood: -4539.746111
[00:00:52] Bootstrap tree #834, logLikelihood: -4529.234985
[00:00:52] Bootstrap tree #835, logLikelihood: -4404.250599
[00:00:52] Bootstrap tree #836, logLikelihood: -4559.420197
[00:00:52] Bootstrap tree #837, logLikelihood: -4598.445053
[00:00:52] Bootstrap tree #838, logLikelihood: -4478.354971
[00:00:52] Bootstrap tree #839, logLikelihood: -4536.716030
[00:00:53] Bootstrap tree #840, logLikelihood: -4490.189470
[00:00:53] Bootstrap tree #841, logLikelihood: -4491.903811
[00:00:53] Bootstrap tree #842, logLikelihood: -4547.017991
[00:00:53] Bootstrap tree #843, logLikelihood: -4588.385297
[00:00:53] Bootstrap tree #844, logLikelihood: -4513.187914
[00:00:53] Bootstrap tree #845, logLikelihood: -4513.912301
[00:00:53] Bootstrap tree #846, logLikelihood: -4422.941394
[00:00:53] Bootstrap tree #847, logLikelihood: -4483.444851
[00:00:53] Bootstrap tree #848, logLikelihood: -4492.032761
[00:00:53] Bootstrap tree #849, logLikelihood: -4448.791704
[00:00:53] Bootstrap tree #850, logLikelihood: -4519.240528
[00:00:53] Bootstrap tree #851, logLikelihood: -4567.181806
[00:00:53] Bootstrap tree #852, logLikelihood: -4516.658123
[00:00:53] Bootstrap tree #853, logLikelihood: -4503.624556
[00:00:53] Bootstrap tree #854, logLikelihood: -4551.367107
[00:00:53] Bootstrap tree #855, logLikelihood: -4377.886250
[00:00:54] Bootstrap tree #856, logLikelihood: -4504.521353
[00:00:54] Bootstrap tree #857, logLikelihood: -4511.098265
[00:00:54] Bootstrap tree #858, logLikelihood: -4556.495659
[00:00:54] Bootstrap tree #859, logLikelihood: -4517.765632
[00:00:54] Bootstrap tree #860, logLikelihood: -4390.596835
[00:00:54] Bootstrap tree #861, logLikelihood: -4623.552645
[00:00:54] Bootstrap tree #862, logLikelihood: -4430.901535
[00:00:54] Bootstrap tree #863, logLikelihood: -4463.737177
[00:00:54] Bootstrap tree #864, logLikelihood: -4626.199051
[00:00:54] Bootstrap tree #865, logLikelihood: -4482.515011
[00:00:54] Bootstrap tree #866, logLikelihood: -4469.950846
[00:00:54] Bootstrap tree #867, logLikelihood: -4387.123211
[00:00:54] Bootstrap tree #868, logLikelihood: -4490.729395
[00:00:54] Bootstrap tree #869, logLikelihood: -4466.476796
[00:00:55] Bootstrap tree #870, logLikelihood: -4624.181490
[00:00:55] Bootstrap tree #871, logLikelihood: -4446.822160
[00:00:55] Bootstrap tree #872, logLikelihood: -4449.844237
[00:00:55] Bootstrap tree #873, logLikelihood: -4543.378681
[00:00:55] Bootstrap tree #874, logLikelihood: -4483.152950
[00:00:55] Bootstrap tree #875, logLikelihood: -4485.030601
[00:00:55] Bootstrap tree #876, logLikelihood: -4463.810375
[00:00:55] Bootstrap tree #877, logLikelihood: -4518.742249
[00:00:55] Bootstrap tree #878, logLikelihood: -4528.090621
[00:00:55] Bootstrap tree #879, logLikelihood: -4429.479580
[00:00:55] Bootstrap tree #880, logLikelihood: -4456.390695
[00:00:55] Bootstrap tree #881, logLikelihood: -4594.474926
[00:00:55] Bootstrap tree #882, logLikelihood: -4537.553249
[00:00:55] Bootstrap tree #883, logLikelihood: -4522.280022
[00:00:55] Bootstrap tree #884, logLikelihood: -4477.049740
[00:00:55] Bootstrap tree #885, logLikelihood: -4457.541735
[00:00:56] Bootstrap tree #886, logLikelihood: -4499.193711
[00:00:56] Bootstrap tree #887, logLikelihood: -4419.098566
[00:00:56] Bootstrap tree #888, logLikelihood: -4487.936136
[00:00:56] Bootstrap tree #889, logLikelihood: -4503.716099
[00:00:56] Bootstrap tree #890, logLikelihood: -4582.212436
[00:00:56] Bootstrap tree #891, logLikelihood: -4496.254776
[00:00:56] Bootstrap tree #892, logLikelihood: -4492.031219
[00:00:56] Bootstrap tree #893, logLikelihood: -4506.632628
[00:00:56] Bootstrap tree #894, logLikelihood: -4579.450822
[00:00:56] Bootstrap tree #895, logLikelihood: -4493.261574
[00:00:56] Bootstrap tree #896, logLikelihood: -4556.857789
[00:00:56] Bootstrap tree #897, logLikelihood: -4507.741049
[00:00:56] Bootstrap tree #898, logLikelihood: -4439.172915
[00:00:56] Bootstrap tree #899, logLikelihood: -4580.321464
[00:00:56] Bootstrap tree #900, logLikelihood: -4500.529996
[00:00:57] Bootstrap tree #901, logLikelihood: -4607.450727
[00:00:57] Bootstrap tree #902, logLikelihood: -4518.800364
[00:00:57] Bootstrap tree #903, logLikelihood: -4438.157985
[00:00:57] Bootstrap tree #904, logLikelihood: -4481.979488
[00:00:57] Bootstrap tree #905, logLikelihood: -4457.614271
[00:00:57] Bootstrap tree #906, logLikelihood: -4531.862578
[00:00:57] Bootstrap tree #907, logLikelihood: -4459.480442
[00:00:57] Bootstrap tree #908, logLikelihood: -4556.627407
[00:00:57] Bootstrap tree #909, logLikelihood: -4615.975457
[00:00:57] Bootstrap tree #910, logLikelihood: -4483.815073
[00:00:57] Bootstrap tree #911, logLikelihood: -4512.416485
[00:00:57] Bootstrap tree #912, logLikelihood: -4547.032364
[00:00:57] Bootstrap tree #913, logLikelihood: -4463.633357
[00:00:57] Bootstrap tree #914, logLikelihood: -4351.591225
[00:00:57] Bootstrap tree #915, logLikelihood: -4469.299223
[00:00:57] Bootstrap tree #916, logLikelihood: -4501.366227
[00:00:58] Bootstrap tree #917, logLikelihood: -4564.094727
[00:00:58] Bootstrap tree #918, logLikelihood: -4425.263757
[00:00:58] Bootstrap tree #919, logLikelihood: -4515.154007
[00:00:58] Bootstrap tree #920, logLikelihood: -4447.063037
[00:00:58] Bootstrap tree #921, logLikelihood: -4507.977111
[00:00:58] Bootstrap tree #922, logLikelihood: -4492.644488
[00:00:58] Bootstrap tree #923, logLikelihood: -4532.541771
[00:00:58] Bootstrap tree #924, logLikelihood: -4431.153839
[00:00:58] Bootstrap tree #925, logLikelihood: -4352.757722
[00:00:58] Bootstrap tree #926, logLikelihood: -4463.238663
[00:00:58] Bootstrap tree #927, logLikelihood: -4480.209243
[00:00:58] Bootstrap tree #928, logLikelihood: -4567.001315
[00:00:58] Bootstrap tree #929, logLikelihood: -4411.154688
[00:00:58] Bootstrap tree #930, logLikelihood: -4469.080903
[00:00:58] Bootstrap tree #931, logLikelihood: -4554.681451
[00:00:59] Bootstrap tree #932, logLikelihood: -4501.464177
[00:00:59] Bootstrap tree #933, logLikelihood: -4504.726492
[00:00:59] Bootstrap tree #934, logLikelihood: -4428.966719
[00:00:59] Bootstrap tree #935, logLikelihood: -4475.141497
[00:00:59] Bootstrap tree #936, logLikelihood: -4434.076265
[00:00:59] Bootstrap tree #937, logLikelihood: -4535.725832
[00:00:59] Bootstrap tree #938, logLikelihood: -4532.174760
[00:00:59] Bootstrap tree #939, logLikelihood: -4502.155347
[00:00:59] Bootstrap tree #940, logLikelihood: -4446.210718
[00:00:59] Bootstrap tree #941, logLikelihood: -4472.625551
[00:00:59] Bootstrap tree #942, logLikelihood: -4511.499517
[00:00:59] Bootstrap tree #943, logLikelihood: -4534.316689
[00:00:59] Bootstrap tree #944, logLikelihood: -4516.767799
[00:00:59] Bootstrap tree #945, logLikelihood: -4577.327295
[00:00:59] Bootstrap tree #946, logLikelihood: -4411.492098
[00:01:00] Bootstrap tree #947, logLikelihood: -4560.689395
[00:01:00] Bootstrap tree #948, logLikelihood: -4521.601720
[00:01:00] Bootstrap tree #949, logLikelihood: -4656.526335
[00:01:00] Bootstrap tree #950, logLikelihood: -4553.949132
[00:01:00] Bootstrap tree #951, logLikelihood: -4467.689628
[00:01:00] Bootstrap tree #952, logLikelihood: -4509.536017
[00:01:00] Bootstrap tree #953, logLikelihood: -4488.899148
[00:01:00] Bootstrap tree #954, logLikelihood: -4552.532378
[00:01:00] Bootstrap tree #955, logLikelihood: -4485.548933
[00:01:00] Bootstrap tree #956, logLikelihood: -4480.565580
[00:01:00] Bootstrap tree #957, logLikelihood: -4482.141085
[00:01:00] Bootstrap tree #958, logLikelihood: -4397.144504
[00:01:00] Bootstrap tree #959, logLikelihood: -4508.050365
[00:01:00] Bootstrap tree #960, logLikelihood: -4458.131191
[00:01:00] Bootstrap tree #961, logLikelihood: -4532.995393
[00:01:01] Bootstrap tree #962, logLikelihood: -4524.940298
[00:01:01] Bootstrap tree #963, logLikelihood: -4404.578550
[00:01:01] Bootstrap tree #964, logLikelihood: -4322.615377
[00:01:01] Bootstrap tree #965, logLikelihood: -4603.771555
[00:01:01] Bootstrap tree #966, logLikelihood: -4581.975388
[00:01:01] Bootstrap tree #967, logLikelihood: -4531.261072
[00:01:01] Bootstrap tree #968, logLikelihood: -4495.053705
[00:01:01] Bootstrap tree #969, logLikelihood: -4546.333783
[00:01:01] Bootstrap tree #970, logLikelihood: -4561.649229
[00:01:01] Bootstrap tree #971, logLikelihood: -4506.200954
[00:01:01] Bootstrap tree #972, logLikelihood: -4491.106810
[00:01:01] Bootstrap tree #973, logLikelihood: -4558.425430
[00:01:01] Bootstrap tree #974, logLikelihood: -4502.127299
[00:01:01] Bootstrap tree #975, logLikelihood: -4359.799626
[00:01:01] Bootstrap tree #976, logLikelihood: -4501.216387
[00:01:02] Bootstrap tree #977, logLikelihood: -4439.994247
[00:01:02] Bootstrap tree #978, logLikelihood: -4557.505399
[00:01:02] Bootstrap tree #979, logLikelihood: -4644.192090
[00:01:02] Bootstrap tree #980, logLikelihood: -4511.971676
[00:01:02] Bootstrap tree #981, logLikelihood: -4454.264878
[00:01:02] Bootstrap tree #982, logLikelihood: -4495.001774
[00:01:02] Bootstrap tree #983, logLikelihood: -4552.816762
[00:01:02] Bootstrap tree #984, logLikelihood: -4487.593414
[00:01:02] Bootstrap tree #985, logLikelihood: -4558.397486
[00:01:02] Bootstrap tree #986, logLikelihood: -4478.294811
[00:01:02] Bootstrap tree #987, logLikelihood: -4592.184350
[00:01:02] Bootstrap tree #988, logLikelihood: -4581.701738
[00:01:02] Bootstrap tree #989, logLikelihood: -4528.113465
[00:01:02] Bootstrap tree #990, logLikelihood: -4470.935171
[00:01:02] Bootstrap tree #991, logLikelihood: -4603.349963
[00:01:03] Bootstrap tree #992, logLikelihood: -4438.578365
[00:01:03] Bootstrap tree #993, logLikelihood: -4503.097167
[00:01:03] Bootstrap tree #994, logLikelihood: -4466.084953
[00:01:03] Bootstrap tree #995, logLikelihood: -4449.763633
[00:01:03] Bootstrap tree #996, logLikelihood: -4571.700079
[00:01:03] Bootstrap tree #997, logLikelihood: -4499.127438
[00:01:03] Bootstrap tree #998, logLikelihood: -4470.269337
[00:01:03] Bootstrap tree #999, logLikelihood: -4476.853774
[00:01:03] Bootstrap tree #1000, logLikelihood: -4455.975159

Optimized model parameters:

   Partition 0: noname
   Rate heterogeneity: GAMMA (4 cats, mean),  alpha: 4.832927 (ML),  weights&rates: (0.250000,0.494987) (0.250000,0.799844) (0.250000,1.083581) (0.250000,1.621588) 
   Base frequencies (ML): 0.347625 0.155943 0.196848 0.299584 
   Substitution rates (ML): 1.251861 2.784427 0.741406 1.043497 3.646102 1.000000 


Final LogLikelihood: -4511.598265

AIC score: 9051.196530 / AICc score: 9051.550065 / BIC score: 9122.492562
Free parameters (model + branch lengths): 14

Best ML tree saved to: /home/seddik/Documents/Synesth/iter6/all_Cas_trees/Csm4/Tree.raxml.bestTree
All ML trees saved to: /home/seddik/Documents/Synesth/iter6/all_Cas_trees/Csm4/Tree.raxml.mlTrees
Best ML tree with Felsenstein bootstrap (FBP) support values saved to: /home/seddik/Documents/Synesth/iter6/all_Cas_trees/Csm4/Tree.raxml.support
Optimized model saved to: /home/seddik/Documents/Synesth/iter6/all_Cas_trees/Csm4/Tree.raxml.bestModel
Bootstrap trees saved to: /home/seddik/Documents/Synesth/iter6/all_Cas_trees/Csm4/Tree.raxml.bootstraps

Execution log saved to: /home/seddik/Documents/Synesth/iter6/all_Cas_trees/Csm4/Tree.raxml.log

Analysis started: 30-Jul-2024 18:48:09 / finished: 30-Jul-2024 18:49:13

Elapsed time: 63.510 seconds

