
RAxML-NG v. 0.9.0 released on 20.05.2019 by The Exelixis Lab.
Developed by: Alexey M. Kozlov and Alexandros Stamatakis.
Contributors: Diego Darriba, Tomas Flouri, Benoit Morel, Sarah Lutteropp, Ben Bettisworth.
Latest version: https://github.com/amkozlov/raxml-ng
Questions/problems/suggestions? Please visit: https://groups.google.com/forum/#!forum/raxml

RAxML-NG was called at 30-Jul-2024 18:14:01 as follows:

raxml-ng --all --msa all_Cas_aligned/all_Cmr6_aligned.fna --model GTR+G --bs-trees 1000 --threads 4 --prefix all_Cas_trees/Cmr6/Tree

Analysis options:
  run mode: ML tree search + bootstrapping (Felsenstein Bootstrap)
  start tree(s): random (10) + parsimony (10)
  bootstrap replicates: 1000
  random seed: 1722377641
  tip-inner: OFF
  pattern compression: ON
  per-rate scalers: OFF
  site repeats: ON
  branch lengths: proportional (ML estimate, algorithm: NR-FAST)
  SIMD kernels: AVX2
  parallelization: PTHREADS (4 threads), thread pinning: OFF

[00:00:00] Reading alignment from file: all_Cas_aligned/all_Cmr6_aligned.fna
[00:00:00] Loaded alignment with 11 taxa and 2446 sites

Alignment comprises 1 partitions and 1409 patterns

Partition 0: noname
Model: GTR+FO+G4m
Alignment sites / patterns: 2446 / 1409
Gaps: 55.63 %
Invariant sites: 32.95 %


NOTE: Binary MSA file created: all_Cas_trees/Cmr6/Tree.raxml.rba

[00:00:00] Generating 10 random starting tree(s) with 11 taxa
[00:00:00] Generating 10 parsimony starting tree(s) with 11 taxa
[00:00:00] Data distribution: max. partitions/sites/weight per thread: 1 / 353 / 5648

Starting ML tree search with 20 distinct starting trees

[00:00:01] ML tree search #1, logLikelihood: -15207.523247
[00:00:02] ML tree search #2, logLikelihood: -15210.375488
[00:00:04] ML tree search #3, logLikelihood: -15210.384567
[00:00:05] ML tree search #4, logLikelihood: -15207.514187
[00:00:06] ML tree search #5, logLikelihood: -15207.502989
[00:00:07] ML tree search #6, logLikelihood: -15210.411158
[00:00:09] ML tree search #7, logLikelihood: -15207.553253
[00:00:10] ML tree search #8, logLikelihood: -15207.538667
[00:00:11] ML tree search #9, logLikelihood: -15207.548827
[00:00:12] ML tree search #10, logLikelihood: -15207.499248
[00:00:13] ML tree search #11, logLikelihood: -15210.393665
[00:00:14] ML tree search #12, logLikelihood: -15207.543626
[00:00:15] ML tree search #13, logLikelihood: -15210.393457
[00:00:17] ML tree search #14, logLikelihood: -15210.343047
[00:00:18] ML tree search #15, logLikelihood: -15210.410060
[00:00:19] ML tree search #16, logLikelihood: -15210.409336
[00:00:20] ML tree search #17, logLikelihood: -15210.349449
[00:00:21] ML tree search #18, logLikelihood: -15210.443454
[00:00:22] ML tree search #19, logLikelihood: -15210.388035
[00:00:23] ML tree search #20, logLikelihood: -15210.364534

[00:00:23] ML tree search completed, best tree logLH: -15207.499248

[00:00:23] Starting bootstrapping analysis with 1000 replicates.

[00:00:24] Bootstrap tree #1, logLikelihood: -15018.704347
[00:00:25] Bootstrap tree #2, logLikelihood: -15058.032859
[00:00:25] Bootstrap tree #3, logLikelihood: -14954.694807
[00:00:26] Bootstrap tree #4, logLikelihood: -15006.652392
[00:00:27] Bootstrap tree #5, logLikelihood: -15225.513330
[00:00:28] Bootstrap tree #6, logLikelihood: -15342.403877
[00:00:29] Bootstrap tree #7, logLikelihood: -15445.854021
[00:00:30] Bootstrap tree #8, logLikelihood: -14813.050835
[00:00:30] Bootstrap tree #9, logLikelihood: -15396.550118
[00:00:31] Bootstrap tree #10, logLikelihood: -15166.874510
[00:00:32] Bootstrap tree #11, logLikelihood: -15058.342841
[00:00:33] Bootstrap tree #12, logLikelihood: -15445.175025
[00:00:34] Bootstrap tree #13, logLikelihood: -15097.007077
[00:00:35] Bootstrap tree #14, logLikelihood: -15517.138161
[00:00:36] Bootstrap tree #15, logLikelihood: -15488.397839
[00:00:37] Bootstrap tree #16, logLikelihood: -15664.105118
[00:00:38] Bootstrap tree #17, logLikelihood: -15524.724011
[00:00:39] Bootstrap tree #18, logLikelihood: -15231.247528
[00:00:39] Bootstrap tree #19, logLikelihood: -15524.910644
[00:00:40] Bootstrap tree #20, logLikelihood: -15415.006972
[00:00:41] Bootstrap tree #21, logLikelihood: -15245.426131
[00:00:42] Bootstrap tree #22, logLikelihood: -15049.862145
[00:00:43] Bootstrap tree #23, logLikelihood: -15222.721111
[00:00:44] Bootstrap tree #24, logLikelihood: -15167.303769
[00:00:45] Bootstrap tree #25, logLikelihood: -15021.561782
[00:00:45] Bootstrap tree #26, logLikelihood: -14991.690819
[00:00:46] Bootstrap tree #27, logLikelihood: -14785.482179
[00:00:47] Bootstrap tree #28, logLikelihood: -15089.373230
[00:00:48] Bootstrap tree #29, logLikelihood: -15323.253711
[00:00:48] Bootstrap tree #30, logLikelihood: -15365.576536
[00:00:49] Bootstrap tree #31, logLikelihood: -15039.937908
[00:00:51] Bootstrap tree #32, logLikelihood: -15322.739905
[00:00:52] Bootstrap tree #33, logLikelihood: -14822.607072
[00:00:53] Bootstrap tree #34, logLikelihood: -15173.678771
[00:00:53] Bootstrap tree #35, logLikelihood: -14874.890334
[00:00:54] Bootstrap tree #36, logLikelihood: -15288.647038
[00:00:56] Bootstrap tree #37, logLikelihood: -14978.608598
[00:00:56] Bootstrap tree #38, logLikelihood: -15107.824317
[00:00:57] Bootstrap tree #39, logLikelihood: -14936.343750
[00:00:58] Bootstrap tree #40, logLikelihood: -14878.188028
[00:00:59] Bootstrap tree #41, logLikelihood: -15512.164916
[00:00:59] Bootstrap tree #42, logLikelihood: -14913.561737
[00:01:00] Bootstrap tree #43, logLikelihood: -15108.473105
[00:01:01] Bootstrap tree #44, logLikelihood: -15303.647003
[00:01:02] Bootstrap tree #45, logLikelihood: -15505.558801
[00:01:03] Bootstrap tree #46, logLikelihood: -15113.877360
[00:01:04] Bootstrap tree #47, logLikelihood: -15127.197344
[00:01:05] Bootstrap tree #48, logLikelihood: -14636.267019
[00:01:06] Bootstrap tree #49, logLikelihood: -15509.713623
[00:01:07] Bootstrap tree #50, logLikelihood: -14900.807067
[00:01:08] Bootstrap tree #51, logLikelihood: -15168.664638
[00:01:09] Bootstrap tree #52, logLikelihood: -15393.215018
[00:01:10] Bootstrap tree #53, logLikelihood: -14944.697863
[00:01:10] Bootstrap tree #54, logLikelihood: -14882.010045
[00:01:11] Bootstrap tree #55, logLikelihood: -15109.305981
[00:01:12] Bootstrap tree #56, logLikelihood: -15437.695380
[00:01:14] Bootstrap tree #57, logLikelihood: -15394.855504
[00:01:14] Bootstrap tree #58, logLikelihood: -15303.487530
[00:01:16] Bootstrap tree #59, logLikelihood: -15301.312060
[00:01:17] Bootstrap tree #60, logLikelihood: -15171.852483
[00:01:17] Bootstrap tree #61, logLikelihood: -15103.279897
[00:01:18] Bootstrap tree #62, logLikelihood: -15233.274368
[00:01:19] Bootstrap tree #63, logLikelihood: -15057.495544
[00:01:20] Bootstrap tree #64, logLikelihood: -15120.348053
[00:01:21] Bootstrap tree #65, logLikelihood: -15257.517244
[00:01:21] Bootstrap tree #66, logLikelihood: -15305.856665
[00:01:23] Bootstrap tree #67, logLikelihood: -15295.861090
[00:01:23] Bootstrap tree #68, logLikelihood: -15484.970993
[00:01:25] Bootstrap tree #69, logLikelihood: -15353.832023
[00:01:25] Bootstrap tree #70, logLikelihood: -15248.472823
[00:01:26] Bootstrap tree #71, logLikelihood: -14957.940939
[00:01:27] Bootstrap tree #72, logLikelihood: -15754.663213
[00:01:28] Bootstrap tree #73, logLikelihood: -15527.672961
[00:01:30] Bootstrap tree #74, logLikelihood: -15232.248092
[00:01:30] Bootstrap tree #75, logLikelihood: -15146.431216
[00:01:31] Bootstrap tree #76, logLikelihood: -15251.588434
[00:01:32] Bootstrap tree #77, logLikelihood: -14823.385235
[00:01:33] Bootstrap tree #78, logLikelihood: -15097.790668
[00:01:34] Bootstrap tree #79, logLikelihood: -15717.624075
[00:01:35] Bootstrap tree #80, logLikelihood: -15162.205238
[00:01:36] Bootstrap tree #81, logLikelihood: -15595.591728
[00:01:37] Bootstrap tree #82, logLikelihood: -15276.746115
[00:01:38] Bootstrap tree #83, logLikelihood: -15068.906940
[00:01:39] Bootstrap tree #84, logLikelihood: -15515.371792
[00:01:40] Bootstrap tree #85, logLikelihood: -15121.229070
[00:01:41] Bootstrap tree #86, logLikelihood: -15232.952339
[00:01:42] Bootstrap tree #87, logLikelihood: -14949.711935
[00:01:42] Bootstrap tree #88, logLikelihood: -15180.629434
[00:01:43] Bootstrap tree #89, logLikelihood: -15047.590296
[00:01:44] Bootstrap tree #90, logLikelihood: -14926.569185
[00:01:45] Bootstrap tree #91, logLikelihood: -15831.628615
[00:01:46] Bootstrap tree #92, logLikelihood: -15095.665053
[00:01:47] Bootstrap tree #93, logLikelihood: -15146.984431
[00:01:47] Bootstrap tree #94, logLikelihood: -14930.596879
[00:01:48] Bootstrap tree #95, logLikelihood: -15300.638748
[00:01:49] Bootstrap tree #96, logLikelihood: -15067.918074
[00:01:50] Bootstrap tree #97, logLikelihood: -15340.197505
[00:01:51] Bootstrap tree #98, logLikelihood: -15288.814154
[00:01:52] Bootstrap tree #99, logLikelihood: -15517.154548
[00:01:53] Bootstrap tree #100, logLikelihood: -15031.085176
[00:01:54] Bootstrap tree #101, logLikelihood: -15117.903628
[00:01:54] Bootstrap tree #102, logLikelihood: -15114.479565
[00:01:55] Bootstrap tree #103, logLikelihood: -15394.743252
[00:01:56] Bootstrap tree #104, logLikelihood: -15232.751010
[00:01:57] Bootstrap tree #105, logLikelihood: -15334.270906
[00:01:58] Bootstrap tree #106, logLikelihood: -15332.534033
[00:01:59] Bootstrap tree #107, logLikelihood: -15318.707349
[00:02:00] Bootstrap tree #108, logLikelihood: -15318.214430
[00:02:01] Bootstrap tree #109, logLikelihood: -15421.236479
[00:02:02] Bootstrap tree #110, logLikelihood: -15015.813422
[00:02:03] Bootstrap tree #111, logLikelihood: -15259.143205
[00:02:04] Bootstrap tree #112, logLikelihood: -15285.160542
[00:02:05] Bootstrap tree #113, logLikelihood: -15397.990552
[00:02:06] Bootstrap tree #114, logLikelihood: -15296.177410
[00:02:07] Bootstrap tree #115, logLikelihood: -15309.281445
[00:02:08] Bootstrap tree #116, logLikelihood: -15271.148000
[00:02:09] Bootstrap tree #117, logLikelihood: -14629.992728
[00:02:10] Bootstrap tree #118, logLikelihood: -14832.661770
[00:02:11] Bootstrap tree #119, logLikelihood: -15285.295794
[00:02:11] Bootstrap tree #120, logLikelihood: -15385.394245
[00:02:12] Bootstrap tree #121, logLikelihood: -15356.449760
[00:02:13] Bootstrap tree #122, logLikelihood: -15124.792872
[00:02:15] Bootstrap tree #123, logLikelihood: -15761.929871
[00:02:16] Bootstrap tree #124, logLikelihood: -14761.156486
[00:02:16] Bootstrap tree #125, logLikelihood: -15152.308620
[00:02:17] Bootstrap tree #126, logLikelihood: -15376.553842
[00:02:19] Bootstrap tree #127, logLikelihood: -14819.200356
[00:02:19] Bootstrap tree #128, logLikelihood: -14816.998154
[00:02:20] Bootstrap tree #129, logLikelihood: -15535.798321
[00:02:21] Bootstrap tree #130, logLikelihood: -15287.726337
[00:02:22] Bootstrap tree #131, logLikelihood: -15498.819743
[00:02:23] Bootstrap tree #132, logLikelihood: -15297.036970
[00:02:24] Bootstrap tree #133, logLikelihood: -15641.748790
[00:02:25] Bootstrap tree #134, logLikelihood: -15391.358519
[00:02:26] Bootstrap tree #135, logLikelihood: -14956.583448
[00:02:26] Bootstrap tree #136, logLikelihood: -15108.671954
[00:02:27] Bootstrap tree #137, logLikelihood: -15136.943316
[00:02:28] Bootstrap tree #138, logLikelihood: -14866.934951
[00:02:29] Bootstrap tree #139, logLikelihood: -15539.799842
[00:02:30] Bootstrap tree #140, logLikelihood: -14960.295745
[00:02:30] Bootstrap tree #141, logLikelihood: -15310.529538
[00:02:32] Bootstrap tree #142, logLikelihood: -15544.802062
[00:02:33] Bootstrap tree #143, logLikelihood: -14863.903087
[00:02:34] Bootstrap tree #144, logLikelihood: -14883.780954
[00:02:35] Bootstrap tree #145, logLikelihood: -15564.212606
[00:02:36] Bootstrap tree #146, logLikelihood: -15129.677600
[00:02:37] Bootstrap tree #147, logLikelihood: -15120.692473
[00:02:38] Bootstrap tree #148, logLikelihood: -15061.828630
[00:02:39] Bootstrap tree #149, logLikelihood: -15074.546069
[00:02:40] Bootstrap tree #150, logLikelihood: -14800.357200
[00:02:41] Bootstrap tree #151, logLikelihood: -15083.277698
[00:02:42] Bootstrap tree #152, logLikelihood: -14929.430968
[00:02:43] Bootstrap tree #153, logLikelihood: -15405.130926
[00:02:44] Bootstrap tree #154, logLikelihood: -15028.350604
[00:02:45] Bootstrap tree #155, logLikelihood: -15250.972218
[00:02:46] Bootstrap tree #156, logLikelihood: -15437.047077
[00:02:47] Bootstrap tree #157, logLikelihood: -15390.740499
[00:02:48] Bootstrap tree #158, logLikelihood: -14913.292278
[00:02:49] Bootstrap tree #159, logLikelihood: -15722.308914
[00:02:50] Bootstrap tree #160, logLikelihood: -15182.016879
[00:02:51] Bootstrap tree #161, logLikelihood: -14983.424562
[00:02:52] Bootstrap tree #162, logLikelihood: -15000.494269
[00:02:52] Bootstrap tree #163, logLikelihood: -15370.042699
[00:02:53] Bootstrap tree #164, logLikelihood: -15075.812451
[00:02:55] Bootstrap tree #165, logLikelihood: -15627.280649
[00:02:56] Bootstrap tree #166, logLikelihood: -15453.379761
[00:02:57] Bootstrap tree #167, logLikelihood: -14938.096252
[00:02:57] Bootstrap tree #168, logLikelihood: -15476.846547
[00:02:58] Bootstrap tree #169, logLikelihood: -15166.608540
[00:02:59] Bootstrap tree #170, logLikelihood: -14989.528478
[00:03:00] Bootstrap tree #171, logLikelihood: -15199.366566
[00:03:01] Bootstrap tree #172, logLikelihood: -15426.277221
[00:03:02] Bootstrap tree #173, logLikelihood: -15210.959171
[00:03:03] Bootstrap tree #174, logLikelihood: -15178.867047
[00:03:03] Bootstrap tree #175, logLikelihood: -15052.371503
[00:03:04] Bootstrap tree #176, logLikelihood: -15357.668111
[00:03:05] Bootstrap tree #177, logLikelihood: -15214.023375
[00:03:06] Bootstrap tree #178, logLikelihood: -15195.081118
[00:03:07] Bootstrap tree #179, logLikelihood: -15274.565180
[00:03:08] Bootstrap tree #180, logLikelihood: -15034.133558
[00:03:09] Bootstrap tree #181, logLikelihood: -15429.044665
[00:03:10] Bootstrap tree #182, logLikelihood: -15387.846438
[00:03:11] Bootstrap tree #183, logLikelihood: -15181.042353
[00:03:12] Bootstrap tree #184, logLikelihood: -15024.532702
[00:03:13] Bootstrap tree #185, logLikelihood: -15762.007632
[00:03:13] Bootstrap tree #186, logLikelihood: -14535.284365
[00:03:14] Bootstrap tree #187, logLikelihood: -15208.641622
[00:03:15] Bootstrap tree #188, logLikelihood: -15390.424380
[00:03:16] Bootstrap tree #189, logLikelihood: -15484.222934
[00:03:17] Bootstrap tree #190, logLikelihood: -15780.879005
[00:03:17] Bootstrap tree #191, logLikelihood: -15054.761180
[00:03:18] Bootstrap tree #192, logLikelihood: -15158.124249
[00:03:19] Bootstrap tree #193, logLikelihood: -15274.604274
[00:03:20] Bootstrap tree #194, logLikelihood: -15019.343620
[00:03:21] Bootstrap tree #195, logLikelihood: -14978.732582
[00:03:22] Bootstrap tree #196, logLikelihood: -14960.984428
[00:03:23] Bootstrap tree #197, logLikelihood: -14582.702416
[00:03:24] Bootstrap tree #198, logLikelihood: -15333.644153
[00:03:24] Bootstrap tree #199, logLikelihood: -14797.971885
[00:03:25] Bootstrap tree #200, logLikelihood: -14881.571011
[00:03:26] Bootstrap tree #201, logLikelihood: -14937.888453
[00:03:27] Bootstrap tree #202, logLikelihood: -15511.681895
[00:03:28] Bootstrap tree #203, logLikelihood: -15431.379381
[00:03:29] Bootstrap tree #204, logLikelihood: -15254.073312
[00:03:30] Bootstrap tree #205, logLikelihood: -15213.796538
[00:03:30] Bootstrap tree #206, logLikelihood: -15236.362727
[00:03:32] Bootstrap tree #207, logLikelihood: -14941.291171
[00:03:32] Bootstrap tree #208, logLikelihood: -15199.112487
[00:03:33] Bootstrap tree #209, logLikelihood: -14935.386756
[00:03:34] Bootstrap tree #210, logLikelihood: -15739.342326
[00:03:35] Bootstrap tree #211, logLikelihood: -15235.958077
[00:03:36] Bootstrap tree #212, logLikelihood: -15256.836114
[00:03:37] Bootstrap tree #213, logLikelihood: -14878.499673
[00:03:38] Bootstrap tree #214, logLikelihood: -15181.335114
[00:03:39] Bootstrap tree #215, logLikelihood: -15586.324472
[00:03:40] Bootstrap tree #216, logLikelihood: -15179.429279
[00:03:41] Bootstrap tree #217, logLikelihood: -15473.048181
[00:03:42] Bootstrap tree #218, logLikelihood: -14907.116391
[00:03:43] Bootstrap tree #219, logLikelihood: -15388.925461
[00:03:44] Bootstrap tree #220, logLikelihood: -15137.524409
[00:03:45] Bootstrap tree #221, logLikelihood: -15066.876794
[00:03:46] Bootstrap tree #222, logLikelihood: -15030.551253
[00:03:46] Bootstrap tree #223, logLikelihood: -15517.681757
[00:03:47] Bootstrap tree #224, logLikelihood: -15219.544494
[00:03:48] Bootstrap tree #225, logLikelihood: -14945.425591
[00:03:49] Bootstrap tree #226, logLikelihood: -15129.972733
[00:03:50] Bootstrap tree #227, logLikelihood: -15193.770549
[00:03:51] Bootstrap tree #228, logLikelihood: -15321.749513
[00:03:53] Bootstrap tree #229, logLikelihood: -15301.699538
[00:03:53] Bootstrap tree #230, logLikelihood: -15580.627783
[00:03:55] Bootstrap tree #231, logLikelihood: -15136.964998
[00:03:55] Bootstrap tree #232, logLikelihood: -15507.288398
[00:03:56] Bootstrap tree #233, logLikelihood: -15271.755711
[00:03:57] Bootstrap tree #234, logLikelihood: -15438.493725
[00:03:58] Bootstrap tree #235, logLikelihood: -15501.754423
[00:03:59] Bootstrap tree #236, logLikelihood: -14633.098562
[00:04:00] Bootstrap tree #237, logLikelihood: -15522.091498
[00:04:01] Bootstrap tree #238, logLikelihood: -15561.168054
[00:04:01] Bootstrap tree #239, logLikelihood: -15370.460629
[00:04:02] Bootstrap tree #240, logLikelihood: -15107.538950
[00:04:03] Bootstrap tree #241, logLikelihood: -15326.472325
[00:04:04] Bootstrap tree #242, logLikelihood: -15366.118819
[00:04:05] Bootstrap tree #243, logLikelihood: -15255.460959
[00:04:06] Bootstrap tree #244, logLikelihood: -15017.483774
[00:04:07] Bootstrap tree #245, logLikelihood: -15524.831806
[00:04:08] Bootstrap tree #246, logLikelihood: -15296.030129
[00:04:09] Bootstrap tree #247, logLikelihood: -14983.139956
[00:04:09] Bootstrap tree #248, logLikelihood: -14838.459536
[00:04:10] Bootstrap tree #249, logLikelihood: -15429.704596
[00:04:11] Bootstrap tree #250, logLikelihood: -14958.912860
[00:04:12] Bootstrap tree #251, logLikelihood: -15492.941254
[00:04:13] Bootstrap tree #252, logLikelihood: -15376.832746
[00:04:14] Bootstrap tree #253, logLikelihood: -15227.399754
[00:04:15] Bootstrap tree #254, logLikelihood: -15268.895236
[00:04:16] Bootstrap tree #255, logLikelihood: -14986.273508
[00:04:17] Bootstrap tree #256, logLikelihood: -14952.049497
[00:04:18] Bootstrap tree #257, logLikelihood: -15438.325126
[00:04:19] Bootstrap tree #258, logLikelihood: -15241.288377
[00:04:20] Bootstrap tree #259, logLikelihood: -14603.803439
[00:04:21] Bootstrap tree #260, logLikelihood: -14962.335533
[00:04:21] Bootstrap tree #261, logLikelihood: -15335.840218
[00:04:22] Bootstrap tree #262, logLikelihood: -15215.112348
[00:04:23] Bootstrap tree #263, logLikelihood: -14851.774634
[00:04:24] Bootstrap tree #264, logLikelihood: -15105.659464
[00:04:25] Bootstrap tree #265, logLikelihood: -15367.709704
[00:04:26] Bootstrap tree #266, logLikelihood: -15691.610235
[00:04:26] Bootstrap tree #267, logLikelihood: -15125.724939
[00:04:28] Bootstrap tree #268, logLikelihood: -15738.077548
[00:04:28] Bootstrap tree #269, logLikelihood: -15224.018483
[00:04:29] Bootstrap tree #270, logLikelihood: -15235.617427
[00:04:30] Bootstrap tree #271, logLikelihood: -15498.476698
[00:04:32] Bootstrap tree #272, logLikelihood: -15377.692664
[00:04:32] Bootstrap tree #273, logLikelihood: -15161.722492
[00:04:34] Bootstrap tree #274, logLikelihood: -14977.714830
[00:04:35] Bootstrap tree #275, logLikelihood: -15377.245113
[00:04:36] Bootstrap tree #276, logLikelihood: -15376.273062
[00:04:37] Bootstrap tree #277, logLikelihood: -15148.146340
[00:04:38] Bootstrap tree #278, logLikelihood: -15458.141388
[00:04:39] Bootstrap tree #279, logLikelihood: -15285.513804
[00:04:40] Bootstrap tree #280, logLikelihood: -14554.490548
[00:04:41] Bootstrap tree #281, logLikelihood: -15579.778691
[00:04:42] Bootstrap tree #282, logLikelihood: -15336.173481
[00:04:43] Bootstrap tree #283, logLikelihood: -15471.034148
[00:04:43] Bootstrap tree #284, logLikelihood: -14919.142016
[00:04:44] Bootstrap tree #285, logLikelihood: -14819.863778
[00:04:45] Bootstrap tree #286, logLikelihood: -15171.031954
[00:04:46] Bootstrap tree #287, logLikelihood: -15098.562098
[00:04:46] Bootstrap tree #288, logLikelihood: -15138.396667
[00:04:47] Bootstrap tree #289, logLikelihood: -15166.319407
[00:04:48] Bootstrap tree #290, logLikelihood: -14975.588114
[00:04:49] Bootstrap tree #291, logLikelihood: -14952.557191
[00:04:50] Bootstrap tree #292, logLikelihood: -15046.878514
[00:04:51] Bootstrap tree #293, logLikelihood: -15429.917477
[00:04:52] Bootstrap tree #294, logLikelihood: -14890.326648
[00:04:53] Bootstrap tree #295, logLikelihood: -14862.141411
[00:04:54] Bootstrap tree #296, logLikelihood: -15228.954909
[00:04:55] Bootstrap tree #297, logLikelihood: -15119.723260
[00:04:56] Bootstrap tree #298, logLikelihood: -15265.791983
[00:04:57] Bootstrap tree #299, logLikelihood: -15448.957735
[00:04:57] Bootstrap tree #300, logLikelihood: -15470.143969
[00:04:58] Bootstrap tree #301, logLikelihood: -14915.572665
[00:04:59] Bootstrap tree #302, logLikelihood: -14947.214934
[00:05:00] Bootstrap tree #303, logLikelihood: -15469.893935
[00:05:00] Bootstrap tree #304, logLikelihood: -15082.166742
[00:05:01] Bootstrap tree #305, logLikelihood: -15276.687755
[00:05:02] Bootstrap tree #306, logLikelihood: -14924.992430
[00:05:03] Bootstrap tree #307, logLikelihood: -15201.005300
[00:05:04] Bootstrap tree #308, logLikelihood: -14881.145954
[00:05:05] Bootstrap tree #309, logLikelihood: -15003.750657
[00:05:06] Bootstrap tree #310, logLikelihood: -15212.066665
[00:05:07] Bootstrap tree #311, logLikelihood: -15303.223339
[00:05:08] Bootstrap tree #312, logLikelihood: -15355.034471
[00:05:09] Bootstrap tree #313, logLikelihood: -15300.291210
[00:05:11] Bootstrap tree #314, logLikelihood: -15097.759443
[00:05:12] Bootstrap tree #315, logLikelihood: -15091.912497
[00:05:13] Bootstrap tree #316, logLikelihood: -14873.423019
[00:05:14] Bootstrap tree #317, logLikelihood: -15013.179772
[00:05:15] Bootstrap tree #318, logLikelihood: -15065.672182
[00:05:16] Bootstrap tree #319, logLikelihood: -15001.093177
[00:05:17] Bootstrap tree #320, logLikelihood: -15270.318212
[00:05:17] Bootstrap tree #321, logLikelihood: -15309.518587
[00:05:18] Bootstrap tree #322, logLikelihood: -15341.653838
[00:05:19] Bootstrap tree #323, logLikelihood: -15195.986282
[00:05:19] Bootstrap tree #324, logLikelihood: -15476.223709
[00:05:21] Bootstrap tree #325, logLikelihood: -15444.655974
[00:05:21] Bootstrap tree #326, logLikelihood: -15230.857411
[00:05:23] Bootstrap tree #327, logLikelihood: -15452.134300
[00:05:24] Bootstrap tree #328, logLikelihood: -15339.386799
[00:05:25] Bootstrap tree #329, logLikelihood: -14952.264069
[00:05:26] Bootstrap tree #330, logLikelihood: -15124.407002
[00:05:27] Bootstrap tree #331, logLikelihood: -15067.589244
[00:05:28] Bootstrap tree #332, logLikelihood: -15128.394453
[00:05:29] Bootstrap tree #333, logLikelihood: -15392.718835
[00:05:30] Bootstrap tree #334, logLikelihood: -15183.697555
[00:05:31] Bootstrap tree #335, logLikelihood: -15083.844835
[00:05:32] Bootstrap tree #336, logLikelihood: -15340.783776
[00:05:32] Bootstrap tree #337, logLikelihood: -15145.934629
[00:05:33] Bootstrap tree #338, logLikelihood: -15194.720689
[00:05:34] Bootstrap tree #339, logLikelihood: -15470.695707
[00:05:35] Bootstrap tree #340, logLikelihood: -15184.040323
[00:05:36] Bootstrap tree #341, logLikelihood: -15395.747820
[00:05:36] Bootstrap tree #342, logLikelihood: -15491.619851
[00:05:37] Bootstrap tree #343, logLikelihood: -14924.427177
[00:05:38] Bootstrap tree #344, logLikelihood: -15214.336959
[00:05:39] Bootstrap tree #345, logLikelihood: -15294.325404
[00:05:40] Bootstrap tree #346, logLikelihood: -15289.913479
[00:05:41] Bootstrap tree #347, logLikelihood: -14789.627914
[00:05:42] Bootstrap tree #348, logLikelihood: -15155.276539
[00:05:42] Bootstrap tree #349, logLikelihood: -15504.419482
[00:05:43] Bootstrap tree #350, logLikelihood: -15417.924033
[00:05:44] Bootstrap tree #351, logLikelihood: -15177.466529
[00:05:44] Bootstrap tree #352, logLikelihood: -15074.388472
[00:05:45] Bootstrap tree #353, logLikelihood: -15160.036329
[00:05:46] Bootstrap tree #354, logLikelihood: -15017.592465
[00:05:47] Bootstrap tree #355, logLikelihood: -15227.723034
[00:05:47] Bootstrap tree #356, logLikelihood: -15204.952500
[00:05:48] Bootstrap tree #357, logLikelihood: -14778.391812
[00:05:50] Bootstrap tree #358, logLikelihood: -15025.357229
[00:05:51] Bootstrap tree #359, logLikelihood: -15557.633733
[00:05:51] Bootstrap tree #360, logLikelihood: -15212.255514
[00:05:52] Bootstrap tree #361, logLikelihood: -15235.612561
[00:05:53] Bootstrap tree #362, logLikelihood: -15302.766343
[00:05:54] Bootstrap tree #363, logLikelihood: -15310.752651
[00:05:55] Bootstrap tree #364, logLikelihood: -14871.212772
[00:05:56] Bootstrap tree #365, logLikelihood: -15240.948891
[00:05:57] Bootstrap tree #366, logLikelihood: -15266.889275
[00:05:58] Bootstrap tree #367, logLikelihood: -15513.314395
[00:05:59] Bootstrap tree #368, logLikelihood: -15215.041142
[00:06:00] Bootstrap tree #369, logLikelihood: -14894.248300
[00:06:01] Bootstrap tree #370, logLikelihood: -15470.782426
[00:06:02] Bootstrap tree #371, logLikelihood: -15161.147922
[00:06:03] Bootstrap tree #372, logLikelihood: -15265.393509
[00:06:04] Bootstrap tree #373, logLikelihood: -15115.097798
[00:06:05] Bootstrap tree #374, logLikelihood: -15264.608380
[00:06:06] Bootstrap tree #375, logLikelihood: -15238.637190
[00:06:07] Bootstrap tree #376, logLikelihood: -15162.355215
[00:06:08] Bootstrap tree #377, logLikelihood: -15372.103206
[00:06:09] Bootstrap tree #378, logLikelihood: -15088.534681
[00:06:10] Bootstrap tree #379, logLikelihood: -15156.607185
[00:06:11] Bootstrap tree #380, logLikelihood: -15285.091720
[00:06:12] Bootstrap tree #381, logLikelihood: -15381.106452
[00:06:13] Bootstrap tree #382, logLikelihood: -15453.703232
[00:06:13] Bootstrap tree #383, logLikelihood: -15024.686215
[00:06:14] Bootstrap tree #384, logLikelihood: -15351.020749
[00:06:15] Bootstrap tree #385, logLikelihood: -14664.130739
[00:06:16] Bootstrap tree #386, logLikelihood: -15272.607930
[00:06:17] Bootstrap tree #387, logLikelihood: -15102.747839
[00:06:18] Bootstrap tree #388, logLikelihood: -15305.815165
[00:06:19] Bootstrap tree #389, logLikelihood: -14933.346971
[00:06:20] Bootstrap tree #390, logLikelihood: -15313.966228
[00:06:21] Bootstrap tree #391, logLikelihood: -15007.435738
[00:06:22] Bootstrap tree #392, logLikelihood: -15347.439771
[00:06:23] Bootstrap tree #393, logLikelihood: -15262.365488
[00:06:24] Bootstrap tree #394, logLikelihood: -15104.072176
[00:06:24] Bootstrap tree #395, logLikelihood: -15453.397251
[00:06:26] Bootstrap tree #396, logLikelihood: -15413.623593
[00:06:27] Bootstrap tree #397, logLikelihood: -14942.135927
[00:06:27] Bootstrap tree #398, logLikelihood: -14993.353575
[00:06:28] Bootstrap tree #399, logLikelihood: -15031.599576
[00:06:29] Bootstrap tree #400, logLikelihood: -15188.230889
[00:06:30] Bootstrap tree #401, logLikelihood: -15389.943549
[00:06:31] Bootstrap tree #402, logLikelihood: -15040.531453
[00:06:32] Bootstrap tree #403, logLikelihood: -14993.623869
[00:06:33] Bootstrap tree #404, logLikelihood: -15323.945676
[00:06:34] Bootstrap tree #405, logLikelihood: -14836.999991
[00:06:35] Bootstrap tree #406, logLikelihood: -15078.007102
[00:06:36] Bootstrap tree #407, logLikelihood: -15196.113809
[00:06:37] Bootstrap tree #408, logLikelihood: -15206.747803
[00:06:38] Bootstrap tree #409, logLikelihood: -15142.576190
[00:06:39] Bootstrap tree #410, logLikelihood: -15225.843849
[00:06:40] Bootstrap tree #411, logLikelihood: -15512.200284
[00:06:41] Bootstrap tree #412, logLikelihood: -15210.922658
[00:06:42] Bootstrap tree #413, logLikelihood: -15258.361118
[00:06:43] Bootstrap tree #414, logLikelihood: -15436.561400
[00:06:44] Bootstrap tree #415, logLikelihood: -15371.093975
[00:06:45] Bootstrap tree #416, logLikelihood: -15152.650078
[00:06:46] Bootstrap tree #417, logLikelihood: -14892.239709
[00:06:47] Bootstrap tree #418, logLikelihood: -15495.485712
[00:06:48] Bootstrap tree #419, logLikelihood: -14900.984083
[00:06:49] Bootstrap tree #420, logLikelihood: -15318.193018
[00:06:50] Bootstrap tree #421, logLikelihood: -15414.526992
[00:06:51] Bootstrap tree #422, logLikelihood: -15399.920437
[00:06:52] Bootstrap tree #423, logLikelihood: -15250.776261
[00:06:53] Bootstrap tree #424, logLikelihood: -15030.456966
[00:06:54] Bootstrap tree #425, logLikelihood: -15310.112237
[00:06:54] Bootstrap tree #426, logLikelihood: -15502.596913
[00:06:56] Bootstrap tree #427, logLikelihood: -15217.955018
[00:06:56] Bootstrap tree #428, logLikelihood: -15417.831155
[00:06:57] Bootstrap tree #429, logLikelihood: -15245.781701
[00:06:58] Bootstrap tree #430, logLikelihood: -15085.009187
[00:06:59] Bootstrap tree #431, logLikelihood: -15023.524487
[00:07:00] Bootstrap tree #432, logLikelihood: -14829.322023
[00:07:01] Bootstrap tree #433, logLikelihood: -15373.295957
[00:07:02] Bootstrap tree #434, logLikelihood: -15290.471942
[00:07:03] Bootstrap tree #435, logLikelihood: -15133.053561
[00:07:04] Bootstrap tree #436, logLikelihood: -14861.314025
[00:07:05] Bootstrap tree #437, logLikelihood: -15491.125625
[00:07:06] Bootstrap tree #438, logLikelihood: -15064.855560
[00:07:07] Bootstrap tree #439, logLikelihood: -15502.449509
[00:07:07] Bootstrap tree #440, logLikelihood: -14949.365545
[00:07:09] Bootstrap tree #441, logLikelihood: -15325.714430
[00:07:10] Bootstrap tree #442, logLikelihood: -15089.576853
[00:07:11] Bootstrap tree #443, logLikelihood: -15051.367056
[00:07:11] Bootstrap tree #444, logLikelihood: -15317.409342
[00:07:12] Bootstrap tree #445, logLikelihood: -15351.470314
[00:07:14] Bootstrap tree #446, logLikelihood: -14970.905014
[00:07:14] Bootstrap tree #447, logLikelihood: -15304.288156
[00:07:15] Bootstrap tree #448, logLikelihood: -14958.751145
[00:07:16] Bootstrap tree #449, logLikelihood: -14705.127705
[00:07:17] Bootstrap tree #450, logLikelihood: -15298.668903
[00:07:18] Bootstrap tree #451, logLikelihood: -15411.162302
[00:07:19] Bootstrap tree #452, logLikelihood: -15068.218638
[00:07:20] Bootstrap tree #453, logLikelihood: -15176.662570
[00:07:21] Bootstrap tree #454, logLikelihood: -14981.890892
[00:07:22] Bootstrap tree #455, logLikelihood: -15188.580715
[00:07:23] Bootstrap tree #456, logLikelihood: -15220.038566
[00:07:24] Bootstrap tree #457, logLikelihood: -14910.126191
[00:07:25] Bootstrap tree #458, logLikelihood: -14977.605068
[00:07:25] Bootstrap tree #459, logLikelihood: -15365.419223
[00:07:26] Bootstrap tree #460, logLikelihood: -15228.631206
[00:07:27] Bootstrap tree #461, logLikelihood: -15146.088967
[00:07:29] Bootstrap tree #462, logLikelihood: -15074.814841
[00:07:29] Bootstrap tree #463, logLikelihood: -15240.625874
[00:07:30] Bootstrap tree #464, logLikelihood: -15105.792394
[00:07:31] Bootstrap tree #465, logLikelihood: -15167.935216
[00:07:32] Bootstrap tree #466, logLikelihood: -14872.840721
[00:07:33] Bootstrap tree #467, logLikelihood: -14985.092922
[00:07:34] Bootstrap tree #468, logLikelihood: -15355.231956
[00:07:35] Bootstrap tree #469, logLikelihood: -15222.054696
[00:07:36] Bootstrap tree #470, logLikelihood: -15699.277305
[00:07:37] Bootstrap tree #471, logLikelihood: -15178.919181
[00:07:37] Bootstrap tree #472, logLikelihood: -15264.165863
[00:07:38] Bootstrap tree #473, logLikelihood: -15313.308728
[00:07:39] Bootstrap tree #474, logLikelihood: -14670.430690
[00:07:40] Bootstrap tree #475, logLikelihood: -14714.116603
[00:07:41] Bootstrap tree #476, logLikelihood: -14868.267064
[00:07:41] Bootstrap tree #477, logLikelihood: -14787.268679
[00:07:43] Bootstrap tree #478, logLikelihood: -15519.035771
[00:07:44] Bootstrap tree #479, logLikelihood: -14910.860343
[00:07:44] Bootstrap tree #480, logLikelihood: -15019.407081
[00:07:46] Bootstrap tree #481, logLikelihood: -15026.858426
[00:07:46] Bootstrap tree #482, logLikelihood: -15140.572690
[00:07:47] Bootstrap tree #483, logLikelihood: -15208.640034
[00:07:49] Bootstrap tree #484, logLikelihood: -15663.963354
[00:07:50] Bootstrap tree #485, logLikelihood: -15364.567999
[00:07:51] Bootstrap tree #486, logLikelihood: -14892.306655
[00:07:52] Bootstrap tree #487, logLikelihood: -15098.382953
[00:07:52] Bootstrap tree #488, logLikelihood: -15295.108927
[00:07:53] Bootstrap tree #489, logLikelihood: -15073.113699
[00:07:54] Bootstrap tree #490, logLikelihood: -15181.841255
[00:07:55] Bootstrap tree #491, logLikelihood: -15183.669032
[00:07:56] Bootstrap tree #492, logLikelihood: -15603.848948
[00:07:57] Bootstrap tree #493, logLikelihood: -15409.534785
[00:07:58] Bootstrap tree #494, logLikelihood: -15106.966372
[00:07:59] Bootstrap tree #495, logLikelihood: -15091.183800
[00:08:00] Bootstrap tree #496, logLikelihood: -15299.465221
[00:08:01] Bootstrap tree #497, logLikelihood: -15319.092419
[00:08:02] Bootstrap tree #498, logLikelihood: -15244.677468
[00:08:02] Bootstrap tree #499, logLikelihood: -14841.747150
[00:08:03] Bootstrap tree #500, logLikelihood: -15448.456703
[00:08:04] Bootstrap tree #501, logLikelihood: -15015.062370
[00:08:05] Bootstrap tree #502, logLikelihood: -15172.233717
[00:08:06] Bootstrap tree #503, logLikelihood: -15000.599353
[00:08:07] Bootstrap tree #504, logLikelihood: -15533.813800
[00:08:08] Bootstrap tree #505, logLikelihood: -14871.162917
[00:08:09] Bootstrap tree #506, logLikelihood: -15251.716412
[00:08:10] Bootstrap tree #507, logLikelihood: -15366.312733
[00:08:10] Bootstrap tree #508, logLikelihood: -15414.382698
[00:08:12] Bootstrap tree #509, logLikelihood: -15344.278512
[00:08:13] Bootstrap tree #510, logLikelihood: -15310.976313
[00:08:14] Bootstrap tree #511, logLikelihood: -15062.235036
[00:08:15] Bootstrap tree #512, logLikelihood: -14977.770888
[00:08:16] Bootstrap tree #513, logLikelihood: -15310.765269
[00:08:17] Bootstrap tree #514, logLikelihood: -15298.255606
[00:08:18] Bootstrap tree #515, logLikelihood: -15052.096651
[00:08:18] Bootstrap tree #516, logLikelihood: -15112.340674
[00:08:19] Bootstrap tree #517, logLikelihood: -15121.663786
[00:08:20] Bootstrap tree #518, logLikelihood: -15122.070333
[00:08:21] Bootstrap tree #519, logLikelihood: -15354.859483
[00:08:22] Bootstrap tree #520, logLikelihood: -15649.311827
[00:08:23] Bootstrap tree #521, logLikelihood: -15339.666417
[00:08:24] Bootstrap tree #522, logLikelihood: -14802.400277
[00:08:25] Bootstrap tree #523, logLikelihood: -14993.311211
[00:08:26] Bootstrap tree #524, logLikelihood: -15395.484678
[00:08:26] Bootstrap tree #525, logLikelihood: -15172.120094
[00:08:27] Bootstrap tree #526, logLikelihood: -15008.862355
[00:08:28] Bootstrap tree #527, logLikelihood: -15008.422798
[00:08:29] Bootstrap tree #528, logLikelihood: -15287.082207
[00:08:30] Bootstrap tree #529, logLikelihood: -14651.223898
[00:08:31] Bootstrap tree #530, logLikelihood: -15206.056001
[00:08:32] Bootstrap tree #531, logLikelihood: -15128.977170
[00:08:33] Bootstrap tree #532, logLikelihood: -15427.930227
[00:08:33] Bootstrap tree #533, logLikelihood: -15294.031814
[00:08:35] Bootstrap tree #534, logLikelihood: -15752.754960
[00:08:35] Bootstrap tree #535, logLikelihood: -15203.767099
[00:08:36] Bootstrap tree #536, logLikelihood: -15483.906158
[00:08:37] Bootstrap tree #537, logLikelihood: -15257.633952
[00:08:38] Bootstrap tree #538, logLikelihood: -14737.979053
[00:08:39] Bootstrap tree #539, logLikelihood: -15178.785337
[00:08:40] Bootstrap tree #540, logLikelihood: -15221.489540
[00:08:41] Bootstrap tree #541, logLikelihood: -15188.806290
[00:08:42] Bootstrap tree #542, logLikelihood: -15351.620693
[00:08:43] Bootstrap tree #543, logLikelihood: -15135.840149
[00:08:44] Bootstrap tree #544, logLikelihood: -15166.593654
[00:08:45] Bootstrap tree #545, logLikelihood: -14644.756891
[00:08:46] Bootstrap tree #546, logLikelihood: -15107.386714
[00:08:47] Bootstrap tree #547, logLikelihood: -14842.535409
[00:08:48] Bootstrap tree #548, logLikelihood: -15172.381618
[00:08:49] Bootstrap tree #549, logLikelihood: -15365.591939
[00:08:50] Bootstrap tree #550, logLikelihood: -15225.532367
[00:08:51] Bootstrap tree #551, logLikelihood: -15296.125214
[00:08:51] Bootstrap tree #552, logLikelihood: -14942.071636
[00:08:53] Bootstrap tree #553, logLikelihood: -15754.459655
[00:08:53] Bootstrap tree #554, logLikelihood: -15354.087278
[00:08:54] Bootstrap tree #555, logLikelihood: -14830.443422
[00:08:55] Bootstrap tree #556, logLikelihood: -15183.821444
[00:08:56] Bootstrap tree #557, logLikelihood: -15182.618840
[00:08:57] Bootstrap tree #558, logLikelihood: -15194.701206
[00:08:59] Bootstrap tree #559, logLikelihood: -14929.313949
[00:08:59] Bootstrap tree #560, logLikelihood: -15443.934254
[00:09:01] Bootstrap tree #561, logLikelihood: -15506.173370
[00:09:01] Bootstrap tree #562, logLikelihood: -15245.859144
[00:09:02] Bootstrap tree #563, logLikelihood: -15275.048973
[00:09:03] Bootstrap tree #564, logLikelihood: -15376.944188
[00:09:04] Bootstrap tree #565, logLikelihood: -15315.191507
[00:09:05] Bootstrap tree #566, logLikelihood: -15132.659017
[00:09:06] Bootstrap tree #567, logLikelihood: -14826.827336
[00:09:07] Bootstrap tree #568, logLikelihood: -15475.273007
[00:09:08] Bootstrap tree #569, logLikelihood: -15442.717202
[00:09:09] Bootstrap tree #570, logLikelihood: -15177.279511
[00:09:10] Bootstrap tree #571, logLikelihood: -15445.553448
[00:09:10] Bootstrap tree #572, logLikelihood: -15121.752467
[00:09:11] Bootstrap tree #573, logLikelihood: -15734.107013
[00:09:12] Bootstrap tree #574, logLikelihood: -15336.688363
[00:09:13] Bootstrap tree #575, logLikelihood: -15889.973620
[00:09:14] Bootstrap tree #576, logLikelihood: -14900.631593
[00:09:15] Bootstrap tree #577, logLikelihood: -14955.128639
[00:09:15] Bootstrap tree #578, logLikelihood: -14857.200092
[00:09:16] Bootstrap tree #579, logLikelihood: -14974.733862
[00:09:17] Bootstrap tree #580, logLikelihood: -15174.540235
[00:09:17] Bootstrap tree #581, logLikelihood: -15221.230255
[00:09:19] Bootstrap tree #582, logLikelihood: -15202.332001
[00:09:19] Bootstrap tree #583, logLikelihood: -15044.134757
[00:09:20] Bootstrap tree #584, logLikelihood: -15510.205933
[00:09:21] Bootstrap tree #585, logLikelihood: -14961.136332
[00:09:22] Bootstrap tree #586, logLikelihood: -15745.870438
[00:09:23] Bootstrap tree #587, logLikelihood: -15193.445362
[00:09:24] Bootstrap tree #588, logLikelihood: -15327.367672
[00:09:25] Bootstrap tree #589, logLikelihood: -14905.703701
[00:09:25] Bootstrap tree #590, logLikelihood: -15562.291863
[00:09:26] Bootstrap tree #591, logLikelihood: -15403.288605
[00:09:27] Bootstrap tree #592, logLikelihood: -14971.976343
[00:09:28] Bootstrap tree #593, logLikelihood: -15040.799595
[00:09:29] Bootstrap tree #594, logLikelihood: -15272.380855
[00:09:30] Bootstrap tree #595, logLikelihood: -15428.355527
[00:09:31] Bootstrap tree #596, logLikelihood: -15144.067086
[00:09:32] Bootstrap tree #597, logLikelihood: -14893.551910
[00:09:33] Bootstrap tree #598, logLikelihood: -15436.796518
[00:09:33] Bootstrap tree #599, logLikelihood: -14853.854234
[00:09:34] Bootstrap tree #600, logLikelihood: -15323.077634
[00:09:35] Bootstrap tree #601, logLikelihood: -15193.998093
[00:09:36] Bootstrap tree #602, logLikelihood: -14634.060345
[00:09:37] Bootstrap tree #603, logLikelihood: -15470.998776
[00:09:38] Bootstrap tree #604, logLikelihood: -15155.501989
[00:09:38] Bootstrap tree #605, logLikelihood: -15260.310568
[00:09:39] Bootstrap tree #606, logLikelihood: -15133.197200
[00:09:40] Bootstrap tree #607, logLikelihood: -15096.379504
[00:09:41] Bootstrap tree #608, logLikelihood: -15165.217046
[00:09:42] Bootstrap tree #609, logLikelihood: -15109.510141
[00:09:43] Bootstrap tree #610, logLikelihood: -15103.049502
[00:09:44] Bootstrap tree #611, logLikelihood: -14974.393231
[00:09:45] Bootstrap tree #612, logLikelihood: -15167.578796
[00:09:46] Bootstrap tree #613, logLikelihood: -15227.189865
[00:09:47] Bootstrap tree #614, logLikelihood: -14825.927110
[00:09:48] Bootstrap tree #615, logLikelihood: -15171.039603
[00:09:49] Bootstrap tree #616, logLikelihood: -15135.837011
[00:09:50] Bootstrap tree #617, logLikelihood: -14835.558921
[00:09:50] Bootstrap tree #618, logLikelihood: -15071.602918
[00:09:51] Bootstrap tree #619, logLikelihood: -15238.681608
[00:09:52] Bootstrap tree #620, logLikelihood: -15450.653527
[00:09:53] Bootstrap tree #621, logLikelihood: -14927.813909
[00:09:54] Bootstrap tree #622, logLikelihood: -14970.377003
[00:09:55] Bootstrap tree #623, logLikelihood: -15114.617763
[00:09:56] Bootstrap tree #624, logLikelihood: -15184.028235
[00:09:57] Bootstrap tree #625, logLikelihood: -15353.052982
[00:09:58] Bootstrap tree #626, logLikelihood: -15328.034264
[00:09:58] Bootstrap tree #627, logLikelihood: -15039.235889
[00:09:59] Bootstrap tree #628, logLikelihood: -15027.980365
[00:10:00] Bootstrap tree #629, logLikelihood: -15344.797082
[00:10:01] Bootstrap tree #630, logLikelihood: -15356.121442
[00:10:02] Bootstrap tree #631, logLikelihood: -15339.923084
[00:10:03] Bootstrap tree #632, logLikelihood: -15132.792050
[00:10:04] Bootstrap tree #633, logLikelihood: -15713.343638
[00:10:05] Bootstrap tree #634, logLikelihood: -15221.135417
[00:10:05] Bootstrap tree #635, logLikelihood: -15238.254693
[00:10:06] Bootstrap tree #636, logLikelihood: -15501.594770
[00:10:07] Bootstrap tree #637, logLikelihood: -14920.163265
[00:10:08] Bootstrap tree #638, logLikelihood: -14836.368257
[00:10:09] Bootstrap tree #639, logLikelihood: -15060.238091
[00:10:10] Bootstrap tree #640, logLikelihood: -15520.251226
[00:10:10] Bootstrap tree #641, logLikelihood: -15136.107719
[00:10:12] Bootstrap tree #642, logLikelihood: -15404.150398
[00:10:12] Bootstrap tree #643, logLikelihood: -15146.379342
[00:10:13] Bootstrap tree #644, logLikelihood: -15048.384711
[00:10:14] Bootstrap tree #645, logLikelihood: -15195.237443
[00:10:15] Bootstrap tree #646, logLikelihood: -15035.666888
[00:10:16] Bootstrap tree #647, logLikelihood: -14920.838975
[00:10:18] Bootstrap tree #648, logLikelihood: -15033.713061
[00:10:19] Bootstrap tree #649, logLikelihood: -15469.201357
[00:10:19] Bootstrap tree #650, logLikelihood: -15370.384311
[00:10:20] Bootstrap tree #651, logLikelihood: -15289.575861
[00:10:21] Bootstrap tree #652, logLikelihood: -15287.083632
[00:10:22] Bootstrap tree #653, logLikelihood: -14654.450859
[00:10:23] Bootstrap tree #654, logLikelihood: -14969.371340
[00:10:23] Bootstrap tree #655, logLikelihood: -15037.388486
[00:10:24] Bootstrap tree #656, logLikelihood: -15272.308259
[00:10:25] Bootstrap tree #657, logLikelihood: -14863.653563
[00:10:26] Bootstrap tree #658, logLikelihood: -15171.822354
[00:10:27] Bootstrap tree #659, logLikelihood: -15023.073166
[00:10:28] Bootstrap tree #660, logLikelihood: -14815.125608
[00:10:28] Bootstrap tree #661, logLikelihood: -15193.984193
[00:10:30] Bootstrap tree #662, logLikelihood: -15189.333301
[00:10:30] Bootstrap tree #663, logLikelihood: -14874.011523
[00:10:31] Bootstrap tree #664, logLikelihood: -15051.689349
[00:10:32] Bootstrap tree #665, logLikelihood: -15027.820443
[00:10:33] Bootstrap tree #666, logLikelihood: -15548.994193
[00:10:34] Bootstrap tree #667, logLikelihood: -15256.283019
[00:10:35] Bootstrap tree #668, logLikelihood: -14744.943210
[00:10:36] Bootstrap tree #669, logLikelihood: -14916.847173
[00:10:37] Bootstrap tree #670, logLikelihood: -15319.708634
[00:10:37] Bootstrap tree #671, logLikelihood: -15263.964325
[00:10:38] Bootstrap tree #672, logLikelihood: -15557.143570
[00:10:39] Bootstrap tree #673, logLikelihood: -15216.243653
[00:10:40] Bootstrap tree #674, logLikelihood: -14911.184791
[00:10:41] Bootstrap tree #675, logLikelihood: -15442.323282
[00:10:41] Bootstrap tree #676, logLikelihood: -14512.667164
[00:10:42] Bootstrap tree #677, logLikelihood: -15060.078435
[00:10:43] Bootstrap tree #678, logLikelihood: -15368.045578
[00:10:44] Bootstrap tree #679, logLikelihood: -15238.186086
[00:10:45] Bootstrap tree #680, logLikelihood: -15211.565417
[00:10:46] Bootstrap tree #681, logLikelihood: -15316.508274
[00:10:47] Bootstrap tree #682, logLikelihood: -15363.450161
[00:10:48] Bootstrap tree #683, logLikelihood: -14917.430521
[00:10:49] Bootstrap tree #684, logLikelihood: -15069.783201
[00:10:50] Bootstrap tree #685, logLikelihood: -14926.364252
[00:10:51] Bootstrap tree #686, logLikelihood: -15292.137618
[00:10:51] Bootstrap tree #687, logLikelihood: -15078.259449
[00:10:52] Bootstrap tree #688, logLikelihood: -15297.433951
[00:10:53] Bootstrap tree #689, logLikelihood: -15393.852055
[00:10:55] Bootstrap tree #690, logLikelihood: -15186.679767
[00:10:56] Bootstrap tree #691, logLikelihood: -15632.841918
[00:10:57] Bootstrap tree #692, logLikelihood: -15525.120863
[00:10:58] Bootstrap tree #693, logLikelihood: -15311.770340
[00:10:58] Bootstrap tree #694, logLikelihood: -15130.800528
[00:10:59] Bootstrap tree #695, logLikelihood: -15322.947377
[00:11:00] Bootstrap tree #696, logLikelihood: -15010.926823
[00:11:01] Bootstrap tree #697, logLikelihood: -15160.140408
[00:11:02] Bootstrap tree #698, logLikelihood: -15168.142874
[00:11:03] Bootstrap tree #699, logLikelihood: -15192.271906
[00:11:04] Bootstrap tree #700, logLikelihood: -15499.022979
[00:11:05] Bootstrap tree #701, logLikelihood: -14973.764294
[00:11:06] Bootstrap tree #702, logLikelihood: -14872.701628
[00:11:07] Bootstrap tree #703, logLikelihood: -15545.811871
[00:11:08] Bootstrap tree #704, logLikelihood: -15011.966865
[00:11:09] Bootstrap tree #705, logLikelihood: -15154.059600
[00:11:10] Bootstrap tree #706, logLikelihood: -15268.672542
[00:11:11] Bootstrap tree #707, logLikelihood: -15505.621703
[00:11:12] Bootstrap tree #708, logLikelihood: -15263.798503
[00:11:13] Bootstrap tree #709, logLikelihood: -15008.782783
[00:11:14] Bootstrap tree #710, logLikelihood: -14975.804681
[00:11:15] Bootstrap tree #711, logLikelihood: -14857.673110
[00:11:16] Bootstrap tree #712, logLikelihood: -15180.916948
[00:11:17] Bootstrap tree #713, logLikelihood: -14943.691021
[00:11:18] Bootstrap tree #714, logLikelihood: -15339.841334
[00:11:18] Bootstrap tree #715, logLikelihood: -15074.609838
[00:11:19] Bootstrap tree #716, logLikelihood: -14833.477083
[00:11:20] Bootstrap tree #717, logLikelihood: -15197.577348
[00:11:21] Bootstrap tree #718, logLikelihood: -15554.727960
[00:11:22] Bootstrap tree #719, logLikelihood: -14913.201392
[00:11:23] Bootstrap tree #720, logLikelihood: -15772.921636
[00:11:24] Bootstrap tree #721, logLikelihood: -15158.466479
[00:11:25] Bootstrap tree #722, logLikelihood: -15104.023223
[00:11:26] Bootstrap tree #723, logLikelihood: -14464.709876
[00:11:27] Bootstrap tree #724, logLikelihood: -15026.296743
[00:11:28] Bootstrap tree #725, logLikelihood: -14939.115150
[00:11:28] Bootstrap tree #726, logLikelihood: -15181.480009
[00:11:29] Bootstrap tree #727, logLikelihood: -14772.612815
[00:11:30] Bootstrap tree #728, logLikelihood: -15222.462949
[00:11:31] Bootstrap tree #729, logLikelihood: -15065.179034
[00:11:32] Bootstrap tree #730, logLikelihood: -14917.361444
[00:11:33] Bootstrap tree #731, logLikelihood: -15362.058037
[00:11:34] Bootstrap tree #732, logLikelihood: -15476.340641
[00:11:35] Bootstrap tree #733, logLikelihood: -15052.254867
[00:11:36] Bootstrap tree #734, logLikelihood: -15343.975531
[00:11:37] Bootstrap tree #735, logLikelihood: -15487.360787
[00:11:38] Bootstrap tree #736, logLikelihood: -15011.466080
[00:11:40] Bootstrap tree #737, logLikelihood: -15196.724773
[00:11:41] Bootstrap tree #738, logLikelihood: -15152.032302
[00:11:42] Bootstrap tree #739, logLikelihood: -15426.296590
[00:11:43] Bootstrap tree #740, logLikelihood: -14890.186003
[00:11:44] Bootstrap tree #741, logLikelihood: -15112.345454
[00:11:45] Bootstrap tree #742, logLikelihood: -15125.233251
[00:11:46] Bootstrap tree #743, logLikelihood: -15348.430640
[00:11:47] Bootstrap tree #744, logLikelihood: -15502.852332
[00:11:48] Bootstrap tree #745, logLikelihood: -15444.944698
[00:11:48] Bootstrap tree #746, logLikelihood: -14889.162792
[00:11:49] Bootstrap tree #747, logLikelihood: -15446.206432
[00:11:50] Bootstrap tree #748, logLikelihood: -14783.828831
[00:11:51] Bootstrap tree #749, logLikelihood: -15338.815567
[00:11:52] Bootstrap tree #750, logLikelihood: -15105.298039
[00:11:53] Bootstrap tree #751, logLikelihood: -15127.423911
[00:11:54] Bootstrap tree #752, logLikelihood: -15104.901890
[00:11:55] Bootstrap tree #753, logLikelihood: -14946.730108
[00:11:56] Bootstrap tree #754, logLikelihood: -15058.202922
[00:11:57] Bootstrap tree #755, logLikelihood: -14937.389596
[00:11:58] Bootstrap tree #756, logLikelihood: -15121.960377
[00:11:59] Bootstrap tree #757, logLikelihood: -15070.935156
[00:12:00] Bootstrap tree #758, logLikelihood: -15071.824665
[00:12:01] Bootstrap tree #759, logLikelihood: -14778.089893
[00:12:02] Bootstrap tree #760, logLikelihood: -15216.558491
[00:12:02] Bootstrap tree #761, logLikelihood: -15116.294391
[00:12:03] Bootstrap tree #762, logLikelihood: -15110.726934
[00:12:04] Bootstrap tree #763, logLikelihood: -14691.731372
[00:12:04] Bootstrap tree #764, logLikelihood: -15445.102688
[00:12:05] Bootstrap tree #765, logLikelihood: -15037.749895
[00:12:07] Bootstrap tree #766, logLikelihood: -14968.810081
[00:12:07] Bootstrap tree #767, logLikelihood: -15083.992490
[00:12:09] Bootstrap tree #768, logLikelihood: -15092.503544
[00:12:10] Bootstrap tree #769, logLikelihood: -15054.513354
[00:12:11] Bootstrap tree #770, logLikelihood: -15231.906169
[00:12:12] Bootstrap tree #771, logLikelihood: -15260.078071
[00:12:13] Bootstrap tree #772, logLikelihood: -15248.628676
[00:12:14] Bootstrap tree #773, logLikelihood: -15233.645568
[00:12:15] Bootstrap tree #774, logLikelihood: -15492.879130
[00:12:16] Bootstrap tree #775, logLikelihood: -14976.396544
[00:12:17] Bootstrap tree #776, logLikelihood: -14876.798422
[00:12:18] Bootstrap tree #777, logLikelihood: -15303.459279
[00:12:19] Bootstrap tree #778, logLikelihood: -15615.630815
[00:12:20] Bootstrap tree #779, logLikelihood: -15164.716641
[00:12:21] Bootstrap tree #780, logLikelihood: -14836.444738
[00:12:22] Bootstrap tree #781, logLikelihood: -15091.041802
[00:12:22] Bootstrap tree #782, logLikelihood: -15288.877185
[00:12:23] Bootstrap tree #783, logLikelihood: -15523.424844
[00:12:24] Bootstrap tree #784, logLikelihood: -15376.808029
[00:12:25] Bootstrap tree #785, logLikelihood: -15265.807040
[00:12:26] Bootstrap tree #786, logLikelihood: -14668.972165
[00:12:27] Bootstrap tree #787, logLikelihood: -15226.735397
[00:12:28] Bootstrap tree #788, logLikelihood: -15700.047496
[00:12:29] Bootstrap tree #789, logLikelihood: -15271.835531
[00:12:30] Bootstrap tree #790, logLikelihood: -15324.853114
[00:12:31] Bootstrap tree #791, logLikelihood: -15325.162743
[00:12:32] Bootstrap tree #792, logLikelihood: -14741.392391
[00:12:33] Bootstrap tree #793, logLikelihood: -15358.542324
[00:12:34] Bootstrap tree #794, logLikelihood: -15178.142821
[00:12:34] Bootstrap tree #795, logLikelihood: -15151.321959
[00:12:35] Bootstrap tree #796, logLikelihood: -14623.300181
[00:12:36] Bootstrap tree #797, logLikelihood: -15227.783676
[00:12:38] Bootstrap tree #798, logLikelihood: -15120.825840
[00:12:38] Bootstrap tree #799, logLikelihood: -14939.572845
[00:12:39] Bootstrap tree #800, logLikelihood: -15282.734805
[00:12:40] Bootstrap tree #801, logLikelihood: -14549.433935
[00:12:41] Bootstrap tree #802, logLikelihood: -14853.851358
[00:12:42] Bootstrap tree #803, logLikelihood: -15275.504653
[00:12:43] Bootstrap tree #804, logLikelihood: -15170.911271
[00:12:44] Bootstrap tree #805, logLikelihood: -15209.539432
[00:12:45] Bootstrap tree #806, logLikelihood: -15034.729343
[00:12:46] Bootstrap tree #807, logLikelihood: -15099.184045
[00:12:47] Bootstrap tree #808, logLikelihood: -15137.382555
[00:12:48] Bootstrap tree #809, logLikelihood: -15305.669780
[00:12:49] Bootstrap tree #810, logLikelihood: -15472.926213
[00:12:51] Bootstrap tree #811, logLikelihood: -14823.235119
[00:12:52] Bootstrap tree #812, logLikelihood: -15407.647169
[00:12:52] Bootstrap tree #813, logLikelihood: -15343.205966
[00:12:53] Bootstrap tree #814, logLikelihood: -15421.107185
[00:12:54] Bootstrap tree #815, logLikelihood: -15226.513625
[00:12:55] Bootstrap tree #816, logLikelihood: -15513.813062
[00:12:56] Bootstrap tree #817, logLikelihood: -14947.268968
[00:12:57] Bootstrap tree #818, logLikelihood: -15321.529928
[00:12:58] Bootstrap tree #819, logLikelihood: -14448.067238
[00:12:59] Bootstrap tree #820, logLikelihood: -14761.880617
[00:13:00] Bootstrap tree #821, logLikelihood: -15123.837984
[00:13:01] Bootstrap tree #822, logLikelihood: -15043.062400
[00:13:02] Bootstrap tree #823, logLikelihood: -15202.811172
[00:13:03] Bootstrap tree #824, logLikelihood: -15254.903194
[00:13:04] Bootstrap tree #825, logLikelihood: -15549.022420
[00:13:05] Bootstrap tree #826, logLikelihood: -15070.582066
[00:13:06] Bootstrap tree #827, logLikelihood: -15158.937569
[00:13:07] Bootstrap tree #828, logLikelihood: -15260.359910
[00:13:08] Bootstrap tree #829, logLikelihood: -15653.195494
[00:13:09] Bootstrap tree #830, logLikelihood: -15263.577180
[00:13:10] Bootstrap tree #831, logLikelihood: -15097.603300
[00:13:11] Bootstrap tree #832, logLikelihood: -15557.527073
[00:13:11] Bootstrap tree #833, logLikelihood: -15210.018270
[00:13:12] Bootstrap tree #834, logLikelihood: -15318.413905
[00:13:13] Bootstrap tree #835, logLikelihood: -15464.713355
[00:13:14] Bootstrap tree #836, logLikelihood: -14904.258919
[00:13:15] Bootstrap tree #837, logLikelihood: -15382.349680
[00:13:16] Bootstrap tree #838, logLikelihood: -15537.466754
[00:13:17] Bootstrap tree #839, logLikelihood: -15637.268755
[00:13:18] Bootstrap tree #840, logLikelihood: -14808.768434
[00:13:19] Bootstrap tree #841, logLikelihood: -15037.824631
[00:13:20] Bootstrap tree #842, logLikelihood: -15554.628397
[00:13:21] Bootstrap tree #843, logLikelihood: -15193.126019
[00:13:22] Bootstrap tree #844, logLikelihood: -15734.578246
[00:13:23] Bootstrap tree #845, logLikelihood: -15144.775964
[00:13:24] Bootstrap tree #846, logLikelihood: -15267.623505
[00:13:25] Bootstrap tree #847, logLikelihood: -15009.775156
[00:13:26] Bootstrap tree #848, logLikelihood: -15297.838896
[00:13:27] Bootstrap tree #849, logLikelihood: -15438.075183
[00:13:28] Bootstrap tree #850, logLikelihood: -15489.108631
[00:13:29] Bootstrap tree #851, logLikelihood: -15222.387534
[00:13:30] Bootstrap tree #852, logLikelihood: -15386.670106
[00:13:30] Bootstrap tree #853, logLikelihood: -15031.076504
[00:13:31] Bootstrap tree #854, logLikelihood: -15197.640139
[00:13:32] Bootstrap tree #855, logLikelihood: -14813.254171
[00:13:33] Bootstrap tree #856, logLikelihood: -15238.842724
[00:13:34] Bootstrap tree #857, logLikelihood: -15656.381237
[00:13:35] Bootstrap tree #858, logLikelihood: -14905.354897
[00:13:35] Bootstrap tree #859, logLikelihood: -14617.667634
[00:13:36] Bootstrap tree #860, logLikelihood: -15571.282749
[00:13:37] Bootstrap tree #861, logLikelihood: -15349.171273
[00:13:38] Bootstrap tree #862, logLikelihood: -15097.325393
[00:13:39] Bootstrap tree #863, logLikelihood: -14899.226520
[00:13:40] Bootstrap tree #864, logLikelihood: -15192.227178
[00:13:41] Bootstrap tree #865, logLikelihood: -15333.501730
[00:13:41] Bootstrap tree #866, logLikelihood: -14738.570713
[00:13:42] Bootstrap tree #867, logLikelihood: -14996.960817
[00:13:43] Bootstrap tree #868, logLikelihood: -15068.940107
[00:13:44] Bootstrap tree #869, logLikelihood: -15213.918051
[00:13:45] Bootstrap tree #870, logLikelihood: -14562.309591
[00:13:46] Bootstrap tree #871, logLikelihood: -14922.883678
[00:13:47] Bootstrap tree #872, logLikelihood: -15040.462010
[00:13:49] Bootstrap tree #873, logLikelihood: -15326.986198
[00:13:50] Bootstrap tree #874, logLikelihood: -15033.505194
[00:13:50] Bootstrap tree #875, logLikelihood: -14906.616618
[00:13:51] Bootstrap tree #876, logLikelihood: -15389.501669
[00:13:53] Bootstrap tree #877, logLikelihood: -15386.795639
[00:13:53] Bootstrap tree #878, logLikelihood: -14924.455332
[00:13:55] Bootstrap tree #879, logLikelihood: -15377.212645
[00:13:55] Bootstrap tree #880, logLikelihood: -15238.826145
[00:13:57] Bootstrap tree #881, logLikelihood: -15209.178635
[00:13:58] Bootstrap tree #882, logLikelihood: -15001.194280
[00:13:59] Bootstrap tree #883, logLikelihood: -15040.059731
[00:14:00] Bootstrap tree #884, logLikelihood: -15171.992417
[00:14:01] Bootstrap tree #885, logLikelihood: -15392.189624
[00:14:02] Bootstrap tree #886, logLikelihood: -15336.925146
[00:14:03] Bootstrap tree #887, logLikelihood: -15210.035459
[00:14:04] Bootstrap tree #888, logLikelihood: -15078.337467
[00:14:05] Bootstrap tree #889, logLikelihood: -15063.352866
[00:14:06] Bootstrap tree #890, logLikelihood: -14825.188834
[00:14:07] Bootstrap tree #891, logLikelihood: -15741.975836
[00:14:08] Bootstrap tree #892, logLikelihood: -15044.710312
[00:14:09] Bootstrap tree #893, logLikelihood: -15588.717028
[00:14:10] Bootstrap tree #894, logLikelihood: -15217.800342
[00:14:11] Bootstrap tree #895, logLikelihood: -15515.268901
[00:14:12] Bootstrap tree #896, logLikelihood: -15230.842907
[00:14:13] Bootstrap tree #897, logLikelihood: -14812.354056
[00:14:14] Bootstrap tree #898, logLikelihood: -15071.871599
[00:14:15] Bootstrap tree #899, logLikelihood: -15034.626229
[00:14:16] Bootstrap tree #900, logLikelihood: -15433.116988
[00:14:17] Bootstrap tree #901, logLikelihood: -14859.276656
[00:14:18] Bootstrap tree #902, logLikelihood: -15167.778553
[00:14:19] Bootstrap tree #903, logLikelihood: -14849.965362
[00:14:19] Bootstrap tree #904, logLikelihood: -14816.391339
[00:14:20] Bootstrap tree #905, logLikelihood: -14632.354327
[00:14:21] Bootstrap tree #906, logLikelihood: -15243.149507
[00:14:22] Bootstrap tree #907, logLikelihood: -14667.482295
[00:14:23] Bootstrap tree #908, logLikelihood: -14990.265907
[00:14:24] Bootstrap tree #909, logLikelihood: -15544.390290
[00:14:25] Bootstrap tree #910, logLikelihood: -15306.856421
[00:14:26] Bootstrap tree #911, logLikelihood: -15427.404736
[00:14:26] Bootstrap tree #912, logLikelihood: -15448.986342
[00:14:28] Bootstrap tree #913, logLikelihood: -14885.391115
[00:14:29] Bootstrap tree #914, logLikelihood: -15318.867260
[00:14:30] Bootstrap tree #915, logLikelihood: -15314.366344
[00:14:31] Bootstrap tree #916, logLikelihood: -15519.432460
[00:14:32] Bootstrap tree #917, logLikelihood: -15376.086127
[00:14:32] Bootstrap tree #918, logLikelihood: -15470.810992
[00:14:33] Bootstrap tree #919, logLikelihood: -15016.515318
[00:14:34] Bootstrap tree #920, logLikelihood: -15050.964251
[00:14:35] Bootstrap tree #921, logLikelihood: -14788.162177
[00:14:36] Bootstrap tree #922, logLikelihood: -15650.950987
[00:14:37] Bootstrap tree #923, logLikelihood: -15014.791068
[00:14:38] Bootstrap tree #924, logLikelihood: -15471.799663
[00:14:39] Bootstrap tree #925, logLikelihood: -14796.902479
[00:14:39] Bootstrap tree #926, logLikelihood: -15253.635296
[00:14:40] Bootstrap tree #927, logLikelihood: -15590.323306
[00:14:41] Bootstrap tree #928, logLikelihood: -14984.861100
[00:14:42] Bootstrap tree #929, logLikelihood: -15235.988117
[00:14:43] Bootstrap tree #930, logLikelihood: -15843.708333
[00:14:44] Bootstrap tree #931, logLikelihood: -15219.827837
[00:14:45] Bootstrap tree #932, logLikelihood: -15606.693012
[00:14:46] Bootstrap tree #933, logLikelihood: -15511.198345
[00:14:47] Bootstrap tree #934, logLikelihood: -15075.242648
[00:14:48] Bootstrap tree #935, logLikelihood: -15305.461143
[00:14:49] Bootstrap tree #936, logLikelihood: -15218.704435
[00:14:49] Bootstrap tree #937, logLikelihood: -15124.486210
[00:14:50] Bootstrap tree #938, logLikelihood: -15030.931546
[00:14:51] Bootstrap tree #939, logLikelihood: -15019.261390
[00:14:52] Bootstrap tree #940, logLikelihood: -15159.854555
[00:14:53] Bootstrap tree #941, logLikelihood: -15021.763536
[00:14:53] Bootstrap tree #942, logLikelihood: -14962.673254
[00:14:54] Bootstrap tree #943, logLikelihood: -15305.496967
[00:14:55] Bootstrap tree #944, logLikelihood: -15216.803356
[00:14:56] Bootstrap tree #945, logLikelihood: -14914.744291
[00:14:57] Bootstrap tree #946, logLikelihood: -15563.451287
[00:14:58] Bootstrap tree #947, logLikelihood: -15025.575734
[00:14:59] Bootstrap tree #948, logLikelihood: -15438.989761
[00:15:00] Bootstrap tree #949, logLikelihood: -15709.084539
[00:15:01] Bootstrap tree #950, logLikelihood: -15303.106984
[00:15:02] Bootstrap tree #951, logLikelihood: -15304.903487
[00:15:03] Bootstrap tree #952, logLikelihood: -15454.384439
[00:15:04] Bootstrap tree #953, logLikelihood: -15166.826123
[00:15:05] Bootstrap tree #954, logLikelihood: -15078.618834
[00:15:06] Bootstrap tree #955, logLikelihood: -15268.723834
[00:15:07] Bootstrap tree #956, logLikelihood: -15258.804355
[00:15:08] Bootstrap tree #957, logLikelihood: -15528.614382
[00:15:10] Bootstrap tree #958, logLikelihood: -15812.931207
[00:15:11] Bootstrap tree #959, logLikelihood: -14901.613232
[00:15:11] Bootstrap tree #960, logLikelihood: -15420.459029
[00:15:12] Bootstrap tree #961, logLikelihood: -14797.974073
[00:15:14] Bootstrap tree #962, logLikelihood: -15176.886293
[00:15:15] Bootstrap tree #963, logLikelihood: -15218.386960
[00:15:16] Bootstrap tree #964, logLikelihood: -15060.004998
[00:15:17] Bootstrap tree #965, logLikelihood: -15280.788464
[00:15:18] Bootstrap tree #966, logLikelihood: -15201.100401
[00:15:19] Bootstrap tree #967, logLikelihood: -14924.426622
[00:15:20] Bootstrap tree #968, logLikelihood: -14943.336136
[00:15:21] Bootstrap tree #969, logLikelihood: -15546.209319
[00:15:22] Bootstrap tree #970, logLikelihood: -15247.940048
[00:15:23] Bootstrap tree #971, logLikelihood: -14988.892974
[00:15:24] Bootstrap tree #972, logLikelihood: -14916.640059
[00:15:25] Bootstrap tree #973, logLikelihood: -15238.780635
[00:15:25] Bootstrap tree #974, logLikelihood: -15096.680081
[00:15:26] Bootstrap tree #975, logLikelihood: -15195.122203
[00:15:27] Bootstrap tree #976, logLikelihood: -15274.820248
[00:15:28] Bootstrap tree #977, logLikelihood: -15211.067300
[00:15:29] Bootstrap tree #978, logLikelihood: -15058.668262
[00:15:30] Bootstrap tree #979, logLikelihood: -14969.220121
[00:15:31] Bootstrap tree #980, logLikelihood: -15076.813997
[00:15:32] Bootstrap tree #981, logLikelihood: -15351.686840
[00:15:33] Bootstrap tree #982, logLikelihood: -15208.848701
[00:15:34] Bootstrap tree #983, logLikelihood: -15565.375849
[00:15:35] Bootstrap tree #984, logLikelihood: -15281.483138
[00:15:35] Bootstrap tree #985, logLikelihood: -14874.790902
[00:15:37] Bootstrap tree #986, logLikelihood: -14844.271935
[00:15:37] Bootstrap tree #987, logLikelihood: -15167.500667
[00:15:38] Bootstrap tree #988, logLikelihood: -14906.506079
[00:15:40] Bootstrap tree #989, logLikelihood: -14882.197378
[00:15:40] Bootstrap tree #990, logLikelihood: -14901.135847
[00:15:41] Bootstrap tree #991, logLikelihood: -15142.747253
[00:15:42] Bootstrap tree #992, logLikelihood: -14934.881299
[00:15:43] Bootstrap tree #993, logLikelihood: -15044.236608
[00:15:44] Bootstrap tree #994, logLikelihood: -15163.075177
[00:15:44] Bootstrap tree #995, logLikelihood: -15263.605840
[00:15:45] Bootstrap tree #996, logLikelihood: -15358.585927
[00:15:46] Bootstrap tree #997, logLikelihood: -15046.412224
[00:15:47] Bootstrap tree #998, logLikelihood: -15137.852698
[00:15:48] Bootstrap tree #999, logLikelihood: -15201.733339
[00:15:49] Bootstrap tree #1000, logLikelihood: -15683.572181

Optimized model parameters:

   Partition 0: noname
   Rate heterogeneity: GAMMA (4 cats, mean),  alpha: 1.716731 (ML),  weights&rates: (0.250000,0.256946) (0.250000,0.621061) (0.250000,1.060967) (0.250000,2.061026) 
   Base frequencies (ML): 0.264369 0.233222 0.269890 0.232519 
   Substitution rates (ML): 1.211848 4.031698 0.927814 1.180418 4.149332 1.000000 


Final LogLikelihood: -15207.499248

AIC score: 30470.998496 / AICc score: 30471.670403 / BIC score: 30633.460357
Free parameters (model + branch lengths): 28

Best ML tree saved to: /home/seddik/Documents/Synesth/iter6/all_Cas_trees/Cmr6/Tree.raxml.bestTree
All ML trees saved to: /home/seddik/Documents/Synesth/iter6/all_Cas_trees/Cmr6/Tree.raxml.mlTrees
Best ML tree with Felsenstein bootstrap (FBP) support values saved to: /home/seddik/Documents/Synesth/iter6/all_Cas_trees/Cmr6/Tree.raxml.support
Optimized model saved to: /home/seddik/Documents/Synesth/iter6/all_Cas_trees/Cmr6/Tree.raxml.bestModel
Bootstrap trees saved to: /home/seddik/Documents/Synesth/iter6/all_Cas_trees/Cmr6/Tree.raxml.bootstraps

Execution log saved to: /home/seddik/Documents/Synesth/iter6/all_Cas_trees/Cmr6/Tree.raxml.log

Analysis started: 30-Jul-2024 18:14:01 / finished: 30-Jul-2024 18:29:51

Elapsed time: 949.673 seconds

