
RAxML-NG v. 0.9.0 released on 20.05.2019 by The Exelixis Lab.
Developed by: Alexey M. Kozlov and Alexandros Stamatakis.
Contributors: Diego Darriba, Tomas Flouri, Benoit Morel, Sarah Lutteropp, Ben Bettisworth.
Latest version: https://github.com/amkozlov/raxml-ng
Questions/problems/suggestions? Please visit: https://groups.google.com/forum/#!forum/raxml

RAxML-NG was called at 30-Jul-2024 18:51:06 as follows:

raxml-ng --all --msa all_Cas_aligned/all_Csy2_aligned.fna --model GTR+G --bs-trees 1000 --threads 4 --prefix all_Cas_trees/Csy2/Tree

Analysis options:
  run mode: ML tree search + bootstrapping (Felsenstein Bootstrap)
  start tree(s): random (10) + parsimony (10)
  bootstrap replicates: 1000
  random seed: 1722379866
  tip-inner: OFF
  pattern compression: ON
  per-rate scalers: OFF
  site repeats: ON
  branch lengths: proportional (ML estimate, algorithm: NR-FAST)
  SIMD kernels: AVX2
  parallelization: PTHREADS (4 threads), thread pinning: OFF

[00:00:00] Reading alignment from file: all_Cas_aligned/all_Csy2_aligned.fna
[00:00:00] Loaded alignment with 4 taxa and 1071 sites

Alignment comprises 1 partitions and 314 patterns

Partition 0: noname
Model: GTR+FO+G4m
Alignment sites / patterns: 1071 / 314
Gaps: 12.21 %
Invariant sites: 36.41 %


NOTE: Binary MSA file created: all_Cas_trees/Csy2/Tree.raxml.rba

[00:00:00] Generating 10 random starting tree(s) with 4 taxa
[00:00:00] Generating 10 parsimony starting tree(s) with 4 taxa
[00:00:00] Data distribution: max. partitions/sites/weight per thread: 1 / 79 / 1264

Starting ML tree search with 20 distinct starting trees

[00:00:00] ML tree search #1, logLikelihood: -4480.030808
[00:00:00] ML tree search #2, logLikelihood: -4480.138334
[00:00:00] ML tree search #3, logLikelihood: -4480.138334
[00:00:00] ML tree search #4, logLikelihood: -4480.030808
[00:00:00] ML tree search #5, logLikelihood: -4480.030808
[00:00:00] ML tree search #6, logLikelihood: -4480.147958
[00:00:00] ML tree search #7, logLikelihood: -4480.030808
[00:00:00] ML tree search #8, logLikelihood: -4480.147958
[00:00:00] ML tree search #9, logLikelihood: -4480.147958
[00:00:00] ML tree search #10, logLikelihood: -4480.030808
[00:00:00] ML tree search #11, logLikelihood: -4480.027235
[00:00:00] ML tree search #12, logLikelihood: -4480.036578
[00:00:00] ML tree search #13, logLikelihood: -4480.011798
[00:00:00] ML tree search #14, logLikelihood: -4480.027459
[00:00:00] ML tree search #15, logLikelihood: -4480.021414
[00:00:00] ML tree search #16, logLikelihood: -4480.011798
[00:00:00] ML tree search #17, logLikelihood: -4480.030808
[00:00:00] ML tree search #18, logLikelihood: -4479.991858
[00:00:00] ML tree search #19, logLikelihood: -4479.966304
[00:00:00] ML tree search #20, logLikelihood: -4479.964815

[00:00:00] ML tree search completed, best tree logLH: -4479.964815

[00:00:00] Starting bootstrapping analysis with 1000 replicates.

[00:00:00] Bootstrap tree #1, logLikelihood: -4508.952363
[00:00:00] Bootstrap tree #2, logLikelihood: -4424.186190
[00:00:00] Bootstrap tree #3, logLikelihood: -4447.611784
[00:00:00] Bootstrap tree #4, logLikelihood: -4480.179924
[00:00:00] Bootstrap tree #5, logLikelihood: -4463.569243
[00:00:00] Bootstrap tree #6, logLikelihood: -4470.394987
[00:00:00] Bootstrap tree #7, logLikelihood: -4460.401811
[00:00:00] Bootstrap tree #8, logLikelihood: -4515.066284
[00:00:01] Bootstrap tree #9, logLikelihood: -4494.963503
[00:00:01] Bootstrap tree #10, logLikelihood: -4538.525741
[00:00:01] Bootstrap tree #11, logLikelihood: -4459.862752
[00:00:01] Bootstrap tree #12, logLikelihood: -4472.276349
[00:00:01] Bootstrap tree #13, logLikelihood: -4385.545153
[00:00:01] Bootstrap tree #14, logLikelihood: -4446.004373
[00:00:01] Bootstrap tree #15, logLikelihood: -4398.677310
[00:00:01] Bootstrap tree #16, logLikelihood: -4469.025248
[00:00:01] Bootstrap tree #17, logLikelihood: -4494.442994
[00:00:01] Bootstrap tree #18, logLikelihood: -4497.058578
[00:00:01] Bootstrap tree #19, logLikelihood: -4526.978509
[00:00:01] Bootstrap tree #20, logLikelihood: -4404.195587
[00:00:01] Bootstrap tree #21, logLikelihood: -4478.190385
[00:00:01] Bootstrap tree #22, logLikelihood: -4484.313669
[00:00:01] Bootstrap tree #23, logLikelihood: -4408.036959
[00:00:01] Bootstrap tree #24, logLikelihood: -4400.883309
[00:00:01] Bootstrap tree #25, logLikelihood: -4528.816540
[00:00:01] Bootstrap tree #26, logLikelihood: -4509.271361
[00:00:01] Bootstrap tree #27, logLikelihood: -4562.381714
[00:00:01] Bootstrap tree #28, logLikelihood: -4463.765647
[00:00:01] Bootstrap tree #29, logLikelihood: -4486.317576
[00:00:01] Bootstrap tree #30, logLikelihood: -4491.491113
[00:00:01] Bootstrap tree #31, logLikelihood: -4441.331660
[00:00:01] Bootstrap tree #32, logLikelihood: -4425.102567
[00:00:01] Bootstrap tree #33, logLikelihood: -4419.873148
[00:00:01] Bootstrap tree #34, logLikelihood: -4499.116288
[00:00:01] Bootstrap tree #35, logLikelihood: -4363.619341
[00:00:01] Bootstrap tree #36, logLikelihood: -4476.812539
[00:00:01] Bootstrap tree #37, logLikelihood: -4468.907066
[00:00:01] Bootstrap tree #38, logLikelihood: -4515.369179
[00:00:02] Bootstrap tree #39, logLikelihood: -4377.509907
[00:00:02] Bootstrap tree #40, logLikelihood: -4526.044121
[00:00:02] Bootstrap tree #41, logLikelihood: -4471.783563
[00:00:02] Bootstrap tree #42, logLikelihood: -4527.493400
[00:00:02] Bootstrap tree #43, logLikelihood: -4475.623650
[00:00:02] Bootstrap tree #44, logLikelihood: -4530.210458
[00:00:02] Bootstrap tree #45, logLikelihood: -4489.765849
[00:00:02] Bootstrap tree #46, logLikelihood: -4420.459888
[00:00:02] Bootstrap tree #47, logLikelihood: -4419.552567
[00:00:02] Bootstrap tree #48, logLikelihood: -4533.806418
[00:00:02] Bootstrap tree #49, logLikelihood: -4450.286775
[00:00:02] Bootstrap tree #50, logLikelihood: -4387.607120
[00:00:02] Bootstrap tree #51, logLikelihood: -4528.447121
[00:00:02] Bootstrap tree #52, logLikelihood: -4477.314984
[00:00:02] Bootstrap tree #53, logLikelihood: -4479.240013
[00:00:02] Bootstrap tree #54, logLikelihood: -4506.157474
[00:00:02] Bootstrap tree #55, logLikelihood: -4428.122187
[00:00:02] Bootstrap tree #56, logLikelihood: -4472.160705
[00:00:02] Bootstrap tree #57, logLikelihood: -4431.271771
[00:00:02] Bootstrap tree #58, logLikelihood: -4449.511636
[00:00:02] Bootstrap tree #59, logLikelihood: -4500.174072
[00:00:02] Bootstrap tree #60, logLikelihood: -4543.772221
[00:00:02] Bootstrap tree #61, logLikelihood: -4466.102305
[00:00:02] Bootstrap tree #62, logLikelihood: -4434.498651
[00:00:02] Bootstrap tree #63, logLikelihood: -4372.429825
[00:00:02] Bootstrap tree #64, logLikelihood: -4490.571018
[00:00:03] Bootstrap tree #65, logLikelihood: -4471.195575
[00:00:03] Bootstrap tree #66, logLikelihood: -4496.090251
[00:00:03] Bootstrap tree #67, logLikelihood: -4482.202793
[00:00:03] Bootstrap tree #68, logLikelihood: -4360.195302
[00:00:03] Bootstrap tree #69, logLikelihood: -4545.608144
[00:00:03] Bootstrap tree #70, logLikelihood: -4496.265134
[00:00:03] Bootstrap tree #71, logLikelihood: -4458.563750
[00:00:03] Bootstrap tree #72, logLikelihood: -4518.549556
[00:00:03] Bootstrap tree #73, logLikelihood: -4465.556693
[00:00:03] Bootstrap tree #74, logLikelihood: -4474.682359
[00:00:03] Bootstrap tree #75, logLikelihood: -4513.443042
[00:00:03] Bootstrap tree #76, logLikelihood: -4387.261578
[00:00:03] Bootstrap tree #77, logLikelihood: -4523.227132
[00:00:03] Bootstrap tree #78, logLikelihood: -4522.485826
[00:00:03] Bootstrap tree #79, logLikelihood: -4375.329447
[00:00:03] Bootstrap tree #80, logLikelihood: -4446.845152
[00:00:03] Bootstrap tree #81, logLikelihood: -4485.085746
[00:00:03] Bootstrap tree #82, logLikelihood: -4396.750983
[00:00:03] Bootstrap tree #83, logLikelihood: -4501.127453
[00:00:03] Bootstrap tree #84, logLikelihood: -4389.067778
[00:00:03] Bootstrap tree #85, logLikelihood: -4314.074299
[00:00:03] Bootstrap tree #86, logLikelihood: -4491.241539
[00:00:03] Bootstrap tree #87, logLikelihood: -4347.385113
[00:00:03] Bootstrap tree #88, logLikelihood: -4470.258323
[00:00:03] Bootstrap tree #89, logLikelihood: -4520.921711
[00:00:03] Bootstrap tree #90, logLikelihood: -4331.615677
[00:00:03] Bootstrap tree #91, logLikelihood: -4467.971283
[00:00:03] Bootstrap tree #92, logLikelihood: -4472.615440
[00:00:04] Bootstrap tree #93, logLikelihood: -4449.674651
[00:00:04] Bootstrap tree #94, logLikelihood: -4409.174678
[00:00:04] Bootstrap tree #95, logLikelihood: -4516.924296
[00:00:04] Bootstrap tree #96, logLikelihood: -4436.452550
[00:00:04] Bootstrap tree #97, logLikelihood: -4518.262239
[00:00:04] Bootstrap tree #98, logLikelihood: -4400.870942
[00:00:04] Bootstrap tree #99, logLikelihood: -4502.309257
[00:00:04] Bootstrap tree #100, logLikelihood: -4503.176004
[00:00:04] Bootstrap tree #101, logLikelihood: -4490.846545
[00:00:04] Bootstrap tree #102, logLikelihood: -4526.173886
[00:00:04] Bootstrap tree #103, logLikelihood: -4406.229449
[00:00:04] Bootstrap tree #104, logLikelihood: -4492.969169
[00:00:04] Bootstrap tree #105, logLikelihood: -4466.835165
[00:00:04] Bootstrap tree #106, logLikelihood: -4526.646369
[00:00:04] Bootstrap tree #107, logLikelihood: -4480.155781
[00:00:04] Bootstrap tree #108, logLikelihood: -4511.800544
[00:00:04] Bootstrap tree #109, logLikelihood: -4525.089803
[00:00:04] Bootstrap tree #110, logLikelihood: -4544.235177
[00:00:04] Bootstrap tree #111, logLikelihood: -4528.523752
[00:00:04] Bootstrap tree #112, logLikelihood: -4538.648112
[00:00:04] Bootstrap tree #113, logLikelihood: -4475.847436
[00:00:04] Bootstrap tree #114, logLikelihood: -4466.348683
[00:00:04] Bootstrap tree #115, logLikelihood: -4544.006687
[00:00:04] Bootstrap tree #116, logLikelihood: -4481.746367
[00:00:04] Bootstrap tree #117, logLikelihood: -4449.935192
[00:00:04] Bootstrap tree #118, logLikelihood: -4520.789520
[00:00:04] Bootstrap tree #119, logLikelihood: -4464.773393
[00:00:04] Bootstrap tree #120, logLikelihood: -4519.982328
[00:00:05] Bootstrap tree #121, logLikelihood: -4528.706019
[00:00:05] Bootstrap tree #122, logLikelihood: -4505.239790
[00:00:05] Bootstrap tree #123, logLikelihood: -4432.585312
[00:00:05] Bootstrap tree #124, logLikelihood: -4458.590595
[00:00:05] Bootstrap tree #125, logLikelihood: -4450.041852
[00:00:05] Bootstrap tree #126, logLikelihood: -4473.581540
[00:00:05] Bootstrap tree #127, logLikelihood: -4532.578845
[00:00:05] Bootstrap tree #128, logLikelihood: -4458.884201
[00:00:05] Bootstrap tree #129, logLikelihood: -4519.998630
[00:00:05] Bootstrap tree #130, logLikelihood: -4478.801101
[00:00:05] Bootstrap tree #131, logLikelihood: -4521.755600
[00:00:05] Bootstrap tree #132, logLikelihood: -4528.768680
[00:00:05] Bootstrap tree #133, logLikelihood: -4433.915508
[00:00:05] Bootstrap tree #134, logLikelihood: -4457.620010
[00:00:05] Bootstrap tree #135, logLikelihood: -4478.345504
[00:00:05] Bootstrap tree #136, logLikelihood: -4460.619524
[00:00:05] Bootstrap tree #137, logLikelihood: -4403.983390
[00:00:05] Bootstrap tree #138, logLikelihood: -4382.764612
[00:00:05] Bootstrap tree #139, logLikelihood: -4474.284420
[00:00:05] Bootstrap tree #140, logLikelihood: -4433.839660
[00:00:05] Bootstrap tree #141, logLikelihood: -4469.643488
[00:00:05] Bootstrap tree #142, logLikelihood: -4487.633662
[00:00:05] Bootstrap tree #143, logLikelihood: -4486.630132
[00:00:05] Bootstrap tree #144, logLikelihood: -4445.304341
[00:00:05] Bootstrap tree #145, logLikelihood: -4579.499985
[00:00:05] Bootstrap tree #146, logLikelihood: -4502.093888
[00:00:05] Bootstrap tree #147, logLikelihood: -4447.183953
[00:00:06] Bootstrap tree #148, logLikelihood: -4517.963075
[00:00:06] Bootstrap tree #149, logLikelihood: -4417.707789
[00:00:06] Bootstrap tree #150, logLikelihood: -4455.447696
[00:00:06] Bootstrap tree #151, logLikelihood: -4350.579140
[00:00:06] Bootstrap tree #152, logLikelihood: -4480.474765
[00:00:06] Bootstrap tree #153, logLikelihood: -4460.866487
[00:00:06] Bootstrap tree #154, logLikelihood: -4498.033115
[00:00:06] Bootstrap tree #155, logLikelihood: -4471.373784
[00:00:06] Bootstrap tree #156, logLikelihood: -4523.522842
[00:00:06] Bootstrap tree #157, logLikelihood: -4507.960223
[00:00:06] Bootstrap tree #158, logLikelihood: -4362.994394
[00:00:06] Bootstrap tree #159, logLikelihood: -4568.316845
[00:00:06] Bootstrap tree #160, logLikelihood: -4471.379084
[00:00:06] Bootstrap tree #161, logLikelihood: -4423.184956
[00:00:06] Bootstrap tree #162, logLikelihood: -4431.542242
[00:00:06] Bootstrap tree #163, logLikelihood: -4487.275406
[00:00:06] Bootstrap tree #164, logLikelihood: -4398.992816
[00:00:06] Bootstrap tree #165, logLikelihood: -4492.999936
[00:00:06] Bootstrap tree #166, logLikelihood: -4458.442609
[00:00:06] Bootstrap tree #167, logLikelihood: -4411.718868
[00:00:06] Bootstrap tree #168, logLikelihood: -4532.690790
[00:00:06] Bootstrap tree #169, logLikelihood: -4503.637224
[00:00:06] Bootstrap tree #170, logLikelihood: -4548.995271
[00:00:06] Bootstrap tree #171, logLikelihood: -4384.913146
[00:00:06] Bootstrap tree #172, logLikelihood: -4451.011434
[00:00:06] Bootstrap tree #173, logLikelihood: -4478.951247
[00:00:07] Bootstrap tree #174, logLikelihood: -4490.995641
[00:00:07] Bootstrap tree #175, logLikelihood: -4402.539643
[00:00:07] Bootstrap tree #176, logLikelihood: -4444.771460
[00:00:07] Bootstrap tree #177, logLikelihood: -4435.625197
[00:00:07] Bootstrap tree #178, logLikelihood: -4464.798746
[00:00:07] Bootstrap tree #179, logLikelihood: -4485.824727
[00:00:07] Bootstrap tree #180, logLikelihood: -4469.495762
[00:00:07] Bootstrap tree #181, logLikelihood: -4472.044417
[00:00:07] Bootstrap tree #182, logLikelihood: -4448.223545
[00:00:07] Bootstrap tree #183, logLikelihood: -4565.449808
[00:00:07] Bootstrap tree #184, logLikelihood: -4449.214380
[00:00:07] Bootstrap tree #185, logLikelihood: -4471.734341
[00:00:07] Bootstrap tree #186, logLikelihood: -4559.091874
[00:00:07] Bootstrap tree #187, logLikelihood: -4526.319150
[00:00:07] Bootstrap tree #188, logLikelihood: -4483.344288
[00:00:07] Bootstrap tree #189, logLikelihood: -4444.061115
[00:00:07] Bootstrap tree #190, logLikelihood: -4481.157573
[00:00:07] Bootstrap tree #191, logLikelihood: -4366.622570
[00:00:07] Bootstrap tree #192, logLikelihood: -4536.778633
[00:00:07] Bootstrap tree #193, logLikelihood: -4554.136846
[00:00:07] Bootstrap tree #194, logLikelihood: -4441.891532
[00:00:07] Bootstrap tree #195, logLikelihood: -4570.632275
[00:00:07] Bootstrap tree #196, logLikelihood: -4498.341958
[00:00:07] Bootstrap tree #197, logLikelihood: -4433.681826
[00:00:07] Bootstrap tree #198, logLikelihood: -4452.004673
[00:00:07] Bootstrap tree #199, logLikelihood: -4582.222173
[00:00:08] Bootstrap tree #200, logLikelihood: -4520.999914
[00:00:08] Bootstrap tree #201, logLikelihood: -4381.834396
[00:00:08] Bootstrap tree #202, logLikelihood: -4449.404195
[00:00:08] Bootstrap tree #203, logLikelihood: -4471.142214
[00:00:08] Bootstrap tree #204, logLikelihood: -4475.031497
[00:00:08] Bootstrap tree #205, logLikelihood: -4471.178769
[00:00:08] Bootstrap tree #206, logLikelihood: -4432.670175
[00:00:08] Bootstrap tree #207, logLikelihood: -4433.213811
[00:00:08] Bootstrap tree #208, logLikelihood: -4432.085701
[00:00:08] Bootstrap tree #209, logLikelihood: -4404.277491
[00:00:08] Bootstrap tree #210, logLikelihood: -4419.448223
[00:00:08] Bootstrap tree #211, logLikelihood: -4465.446842
[00:00:08] Bootstrap tree #212, logLikelihood: -4432.114482
[00:00:08] Bootstrap tree #213, logLikelihood: -4368.352280
[00:00:08] Bootstrap tree #214, logLikelihood: -4526.511192
[00:00:08] Bootstrap tree #215, logLikelihood: -4449.537004
[00:00:08] Bootstrap tree #216, logLikelihood: -4572.252618
[00:00:08] Bootstrap tree #217, logLikelihood: -4514.184812
[00:00:08] Bootstrap tree #218, logLikelihood: -4457.583188
[00:00:08] Bootstrap tree #219, logLikelihood: -4435.490430
[00:00:08] Bootstrap tree #220, logLikelihood: -4471.848438
[00:00:08] Bootstrap tree #221, logLikelihood: -4536.181637
[00:00:08] Bootstrap tree #222, logLikelihood: -4321.077798
[00:00:08] Bootstrap tree #223, logLikelihood: -4440.825594
[00:00:08] Bootstrap tree #224, logLikelihood: -4464.406850
[00:00:08] Bootstrap tree #225, logLikelihood: -4464.070626
[00:00:09] Bootstrap tree #226, logLikelihood: -4459.665302
[00:00:09] Bootstrap tree #227, logLikelihood: -4561.625321
[00:00:09] Bootstrap tree #228, logLikelihood: -4534.027135
[00:00:09] Bootstrap tree #229, logLikelihood: -4442.211323
[00:00:09] Bootstrap tree #230, logLikelihood: -4527.119929
[00:00:09] Bootstrap tree #231, logLikelihood: -4506.907346
[00:00:09] Bootstrap tree #232, logLikelihood: -4558.694380
[00:00:09] Bootstrap tree #233, logLikelihood: -4517.111762
[00:00:09] Bootstrap tree #234, logLikelihood: -4452.916845
[00:00:09] Bootstrap tree #235, logLikelihood: -4467.888780
[00:00:09] Bootstrap tree #236, logLikelihood: -4470.416805
[00:00:09] Bootstrap tree #237, logLikelihood: -4583.483075
[00:00:09] Bootstrap tree #238, logLikelihood: -4414.979969
[00:00:09] Bootstrap tree #239, logLikelihood: -4465.914985
[00:00:09] Bootstrap tree #240, logLikelihood: -4595.233588
[00:00:09] Bootstrap tree #241, logLikelihood: -4530.891639
[00:00:09] Bootstrap tree #242, logLikelihood: -4475.389320
[00:00:09] Bootstrap tree #243, logLikelihood: -4422.484966
[00:00:09] Bootstrap tree #244, logLikelihood: -4502.211812
[00:00:09] Bootstrap tree #245, logLikelihood: -4514.581053
[00:00:09] Bootstrap tree #246, logLikelihood: -4525.629773
[00:00:09] Bootstrap tree #247, logLikelihood: -4514.214301
[00:00:09] Bootstrap tree #248, logLikelihood: -4533.154903
[00:00:09] Bootstrap tree #249, logLikelihood: -4448.601258
[00:00:09] Bootstrap tree #250, logLikelihood: -4405.677962
[00:00:09] Bootstrap tree #251, logLikelihood: -4431.797797
[00:00:09] Bootstrap tree #252, logLikelihood: -4570.625999
[00:00:10] Bootstrap tree #253, logLikelihood: -4391.215597
[00:00:10] Bootstrap tree #254, logLikelihood: -4486.172483
[00:00:10] Bootstrap tree #255, logLikelihood: -4483.547731
[00:00:10] Bootstrap tree #256, logLikelihood: -4392.068943
[00:00:10] Bootstrap tree #257, logLikelihood: -4497.520635
[00:00:10] Bootstrap tree #258, logLikelihood: -4431.124541
[00:00:10] Bootstrap tree #259, logLikelihood: -4446.139712
[00:00:10] Bootstrap tree #260, logLikelihood: -4459.794473
[00:00:10] Bootstrap tree #261, logLikelihood: -4533.054139
[00:00:10] Bootstrap tree #262, logLikelihood: -4484.118448
[00:00:10] Bootstrap tree #263, logLikelihood: -4423.038745
[00:00:10] Bootstrap tree #264, logLikelihood: -4374.814338
[00:00:10] Bootstrap tree #265, logLikelihood: -4505.857991
[00:00:10] Bootstrap tree #266, logLikelihood: -4439.891702
[00:00:10] Bootstrap tree #267, logLikelihood: -4445.034603
[00:00:10] Bootstrap tree #268, logLikelihood: -4507.423570
[00:00:10] Bootstrap tree #269, logLikelihood: -4512.053170
[00:00:10] Bootstrap tree #270, logLikelihood: -4404.185327
[00:00:10] Bootstrap tree #271, logLikelihood: -4460.380931
[00:00:10] Bootstrap tree #272, logLikelihood: -4457.202077
[00:00:10] Bootstrap tree #273, logLikelihood: -4548.566540
[00:00:10] Bootstrap tree #274, logLikelihood: -4477.297262
[00:00:10] Bootstrap tree #275, logLikelihood: -4362.356141
[00:00:10] Bootstrap tree #276, logLikelihood: -4482.232544
[00:00:10] Bootstrap tree #277, logLikelihood: -4464.409204
[00:00:10] Bootstrap tree #278, logLikelihood: -4506.145263
[00:00:11] Bootstrap tree #279, logLikelihood: -4371.174947
[00:00:11] Bootstrap tree #280, logLikelihood: -4461.800797
[00:00:11] Bootstrap tree #281, logLikelihood: -4453.781486
[00:00:11] Bootstrap tree #282, logLikelihood: -4444.792462
[00:00:11] Bootstrap tree #283, logLikelihood: -4527.138864
[00:00:11] Bootstrap tree #284, logLikelihood: -4516.891440
[00:00:11] Bootstrap tree #285, logLikelihood: -4404.657407
[00:00:11] Bootstrap tree #286, logLikelihood: -4482.218289
[00:00:11] Bootstrap tree #287, logLikelihood: -4476.550400
[00:00:11] Bootstrap tree #288, logLikelihood: -4405.564132
[00:00:11] Bootstrap tree #289, logLikelihood: -4381.473461
[00:00:11] Bootstrap tree #290, logLikelihood: -4407.445980
[00:00:11] Bootstrap tree #291, logLikelihood: -4417.268652
[00:00:11] Bootstrap tree #292, logLikelihood: -4528.254532
[00:00:11] Bootstrap tree #293, logLikelihood: -4415.149810
[00:00:11] Bootstrap tree #294, logLikelihood: -4566.377112
[00:00:11] Bootstrap tree #295, logLikelihood: -4533.874484
[00:00:11] Bootstrap tree #296, logLikelihood: -4546.965248
[00:00:11] Bootstrap tree #297, logLikelihood: -4464.786525
[00:00:11] Bootstrap tree #298, logLikelihood: -4445.075528
[00:00:11] Bootstrap tree #299, logLikelihood: -4536.617032
[00:00:11] Bootstrap tree #300, logLikelihood: -4381.608385
[00:00:11] Bootstrap tree #301, logLikelihood: -4507.885430
[00:00:11] Bootstrap tree #302, logLikelihood: -4424.780118
[00:00:11] Bootstrap tree #303, logLikelihood: -4472.404936
[00:00:11] Bootstrap tree #304, logLikelihood: -4490.384235
[00:00:11] Bootstrap tree #305, logLikelihood: -4504.442607
[00:00:12] Bootstrap tree #306, logLikelihood: -4485.871368
[00:00:12] Bootstrap tree #307, logLikelihood: -4405.098688
[00:00:12] Bootstrap tree #308, logLikelihood: -4509.622663
[00:00:12] Bootstrap tree #309, logLikelihood: -4527.501833
[00:00:12] Bootstrap tree #310, logLikelihood: -4501.778766
[00:00:12] Bootstrap tree #311, logLikelihood: -4524.974632
[00:00:12] Bootstrap tree #312, logLikelihood: -4423.947661
[00:00:12] Bootstrap tree #313, logLikelihood: -4453.814120
[00:00:12] Bootstrap tree #314, logLikelihood: -4371.203780
[00:00:12] Bootstrap tree #315, logLikelihood: -4528.413679
[00:00:12] Bootstrap tree #316, logLikelihood: -4447.270814
[00:00:12] Bootstrap tree #317, logLikelihood: -4453.481351
[00:00:12] Bootstrap tree #318, logLikelihood: -4435.076454
[00:00:12] Bootstrap tree #319, logLikelihood: -4470.758669
[00:00:12] Bootstrap tree #320, logLikelihood: -4585.576184
[00:00:12] Bootstrap tree #321, logLikelihood: -4456.847439
[00:00:12] Bootstrap tree #322, logLikelihood: -4468.107780
[00:00:12] Bootstrap tree #323, logLikelihood: -4538.303179
[00:00:12] Bootstrap tree #324, logLikelihood: -4498.426254
[00:00:12] Bootstrap tree #325, logLikelihood: -4531.506924
[00:00:12] Bootstrap tree #326, logLikelihood: -4457.893191
[00:00:12] Bootstrap tree #327, logLikelihood: -4345.071587
[00:00:12] Bootstrap tree #328, logLikelihood: -4447.503613
[00:00:12] Bootstrap tree #329, logLikelihood: -4466.378177
[00:00:12] Bootstrap tree #330, logLikelihood: -4542.921712
[00:00:13] Bootstrap tree #331, logLikelihood: -4497.264318
[00:00:13] Bootstrap tree #332, logLikelihood: -4446.431574
[00:00:13] Bootstrap tree #333, logLikelihood: -4485.535796
[00:00:13] Bootstrap tree #334, logLikelihood: -4426.096547
[00:00:13] Bootstrap tree #335, logLikelihood: -4490.763615
[00:00:13] Bootstrap tree #336, logLikelihood: -4460.517936
[00:00:13] Bootstrap tree #337, logLikelihood: -4501.180390
[00:00:13] Bootstrap tree #338, logLikelihood: -4481.658876
[00:00:13] Bootstrap tree #339, logLikelihood: -4476.179015
[00:00:13] Bootstrap tree #340, logLikelihood: -4491.250924
[00:00:13] Bootstrap tree #341, logLikelihood: -4476.251739
[00:00:13] Bootstrap tree #342, logLikelihood: -4484.987204
[00:00:13] Bootstrap tree #343, logLikelihood: -4571.228162
[00:00:13] Bootstrap tree #344, logLikelihood: -4443.584235
[00:00:13] Bootstrap tree #345, logLikelihood: -4382.038909
[00:00:13] Bootstrap tree #346, logLikelihood: -4452.592247
[00:00:13] Bootstrap tree #347, logLikelihood: -4517.940724
[00:00:13] Bootstrap tree #348, logLikelihood: -4466.629474
[00:00:13] Bootstrap tree #349, logLikelihood: -4489.906648
[00:00:13] Bootstrap tree #350, logLikelihood: -4406.757932
[00:00:13] Bootstrap tree #351, logLikelihood: -4509.014310
[00:00:13] Bootstrap tree #352, logLikelihood: -4470.895878
[00:00:13] Bootstrap tree #353, logLikelihood: -4439.022393
[00:00:13] Bootstrap tree #354, logLikelihood: -4444.177742
[00:00:13] Bootstrap tree #355, logLikelihood: -4398.063882
[00:00:14] Bootstrap tree #356, logLikelihood: -4368.654685
[00:00:14] Bootstrap tree #357, logLikelihood: -4394.935917
[00:00:14] Bootstrap tree #358, logLikelihood: -4502.379195
[00:00:14] Bootstrap tree #359, logLikelihood: -4442.541770
[00:00:14] Bootstrap tree #360, logLikelihood: -4387.612696
[00:00:14] Bootstrap tree #361, logLikelihood: -4526.588084
[00:00:14] Bootstrap tree #362, logLikelihood: -4454.521490
[00:00:14] Bootstrap tree #363, logLikelihood: -4538.000205
[00:00:14] Bootstrap tree #364, logLikelihood: -4426.301704
[00:00:14] Bootstrap tree #365, logLikelihood: -4463.304710
[00:00:14] Bootstrap tree #366, logLikelihood: -4362.112787
[00:00:14] Bootstrap tree #367, logLikelihood: -4478.918172
[00:00:14] Bootstrap tree #368, logLikelihood: -4454.386325
[00:00:14] Bootstrap tree #369, logLikelihood: -4620.978418
[00:00:14] Bootstrap tree #370, logLikelihood: -4533.806939
[00:00:14] Bootstrap tree #371, logLikelihood: -4465.154790
[00:00:14] Bootstrap tree #372, logLikelihood: -4487.773699
[00:00:14] Bootstrap tree #373, logLikelihood: -4469.838145
[00:00:14] Bootstrap tree #374, logLikelihood: -4443.195164
[00:00:14] Bootstrap tree #375, logLikelihood: -4349.117077
[00:00:14] Bootstrap tree #376, logLikelihood: -4435.434087
[00:00:14] Bootstrap tree #377, logLikelihood: -4486.611192
[00:00:14] Bootstrap tree #378, logLikelihood: -4493.452812
[00:00:14] Bootstrap tree #379, logLikelihood: -4392.346982
[00:00:14] Bootstrap tree #380, logLikelihood: -4473.309132
[00:00:15] Bootstrap tree #381, logLikelihood: -4496.264481
[00:00:15] Bootstrap tree #382, logLikelihood: -4503.821945
[00:00:15] Bootstrap tree #383, logLikelihood: -4456.349337
[00:00:15] Bootstrap tree #384, logLikelihood: -4473.714182
[00:00:15] Bootstrap tree #385, logLikelihood: -4426.329901
[00:00:15] Bootstrap tree #386, logLikelihood: -4493.874105
[00:00:15] Bootstrap tree #387, logLikelihood: -4496.193037
[00:00:15] Bootstrap tree #388, logLikelihood: -4415.931652
[00:00:15] Bootstrap tree #389, logLikelihood: -4472.729686
[00:00:15] Bootstrap tree #390, logLikelihood: -4523.139929
[00:00:15] Bootstrap tree #391, logLikelihood: -4472.782364
[00:00:15] Bootstrap tree #392, logLikelihood: -4526.298841
[00:00:15] Bootstrap tree #393, logLikelihood: -4517.600765
[00:00:15] Bootstrap tree #394, logLikelihood: -4335.138173
[00:00:15] Bootstrap tree #395, logLikelihood: -4410.046293
[00:00:15] Bootstrap tree #396, logLikelihood: -4467.471648
[00:00:15] Bootstrap tree #397, logLikelihood: -4497.107323
[00:00:15] Bootstrap tree #398, logLikelihood: -4448.760668
[00:00:15] Bootstrap tree #399, logLikelihood: -4448.975361
[00:00:15] Bootstrap tree #400, logLikelihood: -4532.672191
[00:00:15] Bootstrap tree #401, logLikelihood: -4456.982465
[00:00:15] Bootstrap tree #402, logLikelihood: -4495.852203
[00:00:15] Bootstrap tree #403, logLikelihood: -4545.335474
[00:00:15] Bootstrap tree #404, logLikelihood: -4542.759833
[00:00:15] Bootstrap tree #405, logLikelihood: -4565.881869
[00:00:15] Bootstrap tree #406, logLikelihood: -4461.354042
[00:00:15] Bootstrap tree #407, logLikelihood: -4600.534281
[00:00:16] Bootstrap tree #408, logLikelihood: -4499.367696
[00:00:16] Bootstrap tree #409, logLikelihood: -4558.428762
[00:00:16] Bootstrap tree #410, logLikelihood: -4515.737038
[00:00:16] Bootstrap tree #411, logLikelihood: -4534.279258
[00:00:16] Bootstrap tree #412, logLikelihood: -4564.597450
[00:00:16] Bootstrap tree #413, logLikelihood: -4509.159388
[00:00:16] Bootstrap tree #414, logLikelihood: -4441.725305
[00:00:16] Bootstrap tree #415, logLikelihood: -4410.038236
[00:00:16] Bootstrap tree #416, logLikelihood: -4526.586142
[00:00:16] Bootstrap tree #417, logLikelihood: -4484.860172
[00:00:16] Bootstrap tree #418, logLikelihood: -4554.463771
[00:00:16] Bootstrap tree #419, logLikelihood: -4425.274117
[00:00:16] Bootstrap tree #420, logLikelihood: -4453.425864
[00:00:16] Bootstrap tree #421, logLikelihood: -4452.188338
[00:00:16] Bootstrap tree #422, logLikelihood: -4577.550372
[00:00:16] Bootstrap tree #423, logLikelihood: -4496.928836
[00:00:16] Bootstrap tree #424, logLikelihood: -4493.076865
[00:00:16] Bootstrap tree #425, logLikelihood: -4542.083081
[00:00:16] Bootstrap tree #426, logLikelihood: -4409.207417
[00:00:16] Bootstrap tree #427, logLikelihood: -4399.205630
[00:00:16] Bootstrap tree #428, logLikelihood: -4466.033276
[00:00:16] Bootstrap tree #429, logLikelihood: -4492.234078
[00:00:16] Bootstrap tree #430, logLikelihood: -4536.225230
[00:00:16] Bootstrap tree #431, logLikelihood: -4521.605672
[00:00:16] Bootstrap tree #432, logLikelihood: -4479.251769
[00:00:16] Bootstrap tree #433, logLikelihood: -4514.089012
[00:00:17] Bootstrap tree #434, logLikelihood: -4482.993591
[00:00:17] Bootstrap tree #435, logLikelihood: -4381.270280
[00:00:17] Bootstrap tree #436, logLikelihood: -4502.108553
[00:00:17] Bootstrap tree #437, logLikelihood: -4460.266842
[00:00:17] Bootstrap tree #438, logLikelihood: -4477.180758
[00:00:17] Bootstrap tree #439, logLikelihood: -4544.506501
[00:00:17] Bootstrap tree #440, logLikelihood: -4559.717709
[00:00:17] Bootstrap tree #441, logLikelihood: -4499.010759
[00:00:17] Bootstrap tree #442, logLikelihood: -4509.230207
[00:00:17] Bootstrap tree #443, logLikelihood: -4540.994826
[00:00:17] Bootstrap tree #444, logLikelihood: -4422.198055
[00:00:17] Bootstrap tree #445, logLikelihood: -4458.701525
[00:00:17] Bootstrap tree #446, logLikelihood: -4556.892405
[00:00:17] Bootstrap tree #447, logLikelihood: -4540.696989
[00:00:17] Bootstrap tree #448, logLikelihood: -4388.064381
[00:00:17] Bootstrap tree #449, logLikelihood: -4487.159240
[00:00:17] Bootstrap tree #450, logLikelihood: -4590.010790
[00:00:17] Bootstrap tree #451, logLikelihood: -4533.218556
[00:00:17] Bootstrap tree #452, logLikelihood: -4423.989841
[00:00:17] Bootstrap tree #453, logLikelihood: -4544.703039
[00:00:17] Bootstrap tree #454, logLikelihood: -4468.128246
[00:00:17] Bootstrap tree #455, logLikelihood: -4334.870488
[00:00:17] Bootstrap tree #456, logLikelihood: -4433.971336
[00:00:17] Bootstrap tree #457, logLikelihood: -4496.353492
[00:00:17] Bootstrap tree #458, logLikelihood: -4395.377381
[00:00:18] Bootstrap tree #459, logLikelihood: -4467.242161
[00:00:18] Bootstrap tree #460, logLikelihood: -4383.435250
[00:00:18] Bootstrap tree #461, logLikelihood: -4467.173588
[00:00:18] Bootstrap tree #462, logLikelihood: -4464.005044
[00:00:18] Bootstrap tree #463, logLikelihood: -4514.239748
[00:00:18] Bootstrap tree #464, logLikelihood: -4357.078640
[00:00:18] Bootstrap tree #465, logLikelihood: -4528.356360
[00:00:18] Bootstrap tree #466, logLikelihood: -4478.972913
[00:00:18] Bootstrap tree #467, logLikelihood: -4447.243856
[00:00:18] Bootstrap tree #468, logLikelihood: -4383.464185
[00:00:18] Bootstrap tree #469, logLikelihood: -4401.109413
[00:00:18] Bootstrap tree #470, logLikelihood: -4391.666125
[00:00:18] Bootstrap tree #471, logLikelihood: -4390.433009
[00:00:18] Bootstrap tree #472, logLikelihood: -4465.174863
[00:00:18] Bootstrap tree #473, logLikelihood: -4411.144194
[00:00:18] Bootstrap tree #474, logLikelihood: -4570.798288
[00:00:18] Bootstrap tree #475, logLikelihood: -4434.299223
[00:00:18] Bootstrap tree #476, logLikelihood: -4529.897257
[00:00:18] Bootstrap tree #477, logLikelihood: -4436.969147
[00:00:18] Bootstrap tree #478, logLikelihood: -4484.256636
[00:00:18] Bootstrap tree #479, logLikelihood: -4448.096647
[00:00:18] Bootstrap tree #480, logLikelihood: -4498.994329
[00:00:18] Bootstrap tree #481, logLikelihood: -4590.208471
[00:00:18] Bootstrap tree #482, logLikelihood: -4511.398136
[00:00:18] Bootstrap tree #483, logLikelihood: -4368.511411
[00:00:19] Bootstrap tree #484, logLikelihood: -4510.068897
[00:00:19] Bootstrap tree #485, logLikelihood: -4480.733225
[00:00:19] Bootstrap tree #486, logLikelihood: -4582.902303
[00:00:19] Bootstrap tree #487, logLikelihood: -4526.356791
[00:00:19] Bootstrap tree #488, logLikelihood: -4515.844742
[00:00:19] Bootstrap tree #489, logLikelihood: -4480.198627
[00:00:19] Bootstrap tree #490, logLikelihood: -4513.133321
[00:00:19] Bootstrap tree #491, logLikelihood: -4485.919150
[00:00:19] Bootstrap tree #492, logLikelihood: -4604.786464
[00:00:19] Bootstrap tree #493, logLikelihood: -4542.185746
[00:00:19] Bootstrap tree #494, logLikelihood: -4563.077727
[00:00:19] Bootstrap tree #495, logLikelihood: -4518.665199
[00:00:19] Bootstrap tree #496, logLikelihood: -4461.319808
[00:00:19] Bootstrap tree #497, logLikelihood: -4509.089450
[00:00:19] Bootstrap tree #498, logLikelihood: -4537.491630
[00:00:19] Bootstrap tree #499, logLikelihood: -4458.983227
[00:00:19] Bootstrap tree #500, logLikelihood: -4433.849857
[00:00:19] Bootstrap tree #501, logLikelihood: -4408.417640
[00:00:19] Bootstrap tree #502, logLikelihood: -4374.582612
[00:00:19] Bootstrap tree #503, logLikelihood: -4473.067969
[00:00:19] Bootstrap tree #504, logLikelihood: -4409.196249
[00:00:19] Bootstrap tree #505, logLikelihood: -4334.524117
[00:00:19] Bootstrap tree #506, logLikelihood: -4394.083734
[00:00:19] Bootstrap tree #507, logLikelihood: -4469.926346
[00:00:20] Bootstrap tree #508, logLikelihood: -4479.419840
[00:00:20] Bootstrap tree #509, logLikelihood: -4453.316534
[00:00:20] Bootstrap tree #510, logLikelihood: -4483.768148
[00:00:20] Bootstrap tree #511, logLikelihood: -4416.768280
[00:00:20] Bootstrap tree #512, logLikelihood: -4435.168287
[00:00:20] Bootstrap tree #513, logLikelihood: -4478.767595
[00:00:20] Bootstrap tree #514, logLikelihood: -4622.140973
[00:00:20] Bootstrap tree #515, logLikelihood: -4419.398502
[00:00:20] Bootstrap tree #516, logLikelihood: -4551.567770
[00:00:20] Bootstrap tree #517, logLikelihood: -4437.010922
[00:00:20] Bootstrap tree #518, logLikelihood: -4578.677000
[00:00:20] Bootstrap tree #519, logLikelihood: -4566.974739
[00:00:20] Bootstrap tree #520, logLikelihood: -4538.478104
[00:00:20] Bootstrap tree #521, logLikelihood: -4543.772468
[00:00:20] Bootstrap tree #522, logLikelihood: -4513.354477
[00:00:20] Bootstrap tree #523, logLikelihood: -4472.237591
[00:00:20] Bootstrap tree #524, logLikelihood: -4481.140130
[00:00:20] Bootstrap tree #525, logLikelihood: -4525.897082
[00:00:20] Bootstrap tree #526, logLikelihood: -4451.379677
[00:00:20] Bootstrap tree #527, logLikelihood: -4504.805679
[00:00:20] Bootstrap tree #528, logLikelihood: -4394.648813
[00:00:20] Bootstrap tree #529, logLikelihood: -4496.277078
[00:00:20] Bootstrap tree #530, logLikelihood: -4449.696441
[00:00:20] Bootstrap tree #531, logLikelihood: -4471.252759
[00:00:21] Bootstrap tree #532, logLikelihood: -4503.823508
[00:00:21] Bootstrap tree #533, logLikelihood: -4427.940296
[00:00:21] Bootstrap tree #534, logLikelihood: -4453.578116
[00:00:21] Bootstrap tree #535, logLikelihood: -4462.581923
[00:00:21] Bootstrap tree #536, logLikelihood: -4617.068137
[00:00:21] Bootstrap tree #537, logLikelihood: -4432.623619
[00:00:21] Bootstrap tree #538, logLikelihood: -4468.481813
[00:00:21] Bootstrap tree #539, logLikelihood: -4494.356311
[00:00:21] Bootstrap tree #540, logLikelihood: -4435.966097
[00:00:21] Bootstrap tree #541, logLikelihood: -4514.534565
[00:00:21] Bootstrap tree #542, logLikelihood: -4494.388047
[00:00:21] Bootstrap tree #543, logLikelihood: -4454.851184
[00:00:21] Bootstrap tree #544, logLikelihood: -4445.664398
[00:00:21] Bootstrap tree #545, logLikelihood: -4488.407226
[00:00:21] Bootstrap tree #546, logLikelihood: -4495.306114
[00:00:21] Bootstrap tree #547, logLikelihood: -4484.056118
[00:00:21] Bootstrap tree #548, logLikelihood: -4470.970344
[00:00:21] Bootstrap tree #549, logLikelihood: -4466.908650
[00:00:21] Bootstrap tree #550, logLikelihood: -4407.511081
[00:00:21] Bootstrap tree #551, logLikelihood: -4467.865030
[00:00:21] Bootstrap tree #552, logLikelihood: -4496.962345
[00:00:21] Bootstrap tree #553, logLikelihood: -4488.511420
[00:00:21] Bootstrap tree #554, logLikelihood: -4421.538608
[00:00:21] Bootstrap tree #555, logLikelihood: -4514.235707
[00:00:22] Bootstrap tree #556, logLikelihood: -4484.700364
[00:00:22] Bootstrap tree #557, logLikelihood: -4462.629462
[00:00:22] Bootstrap tree #558, logLikelihood: -4447.177817
[00:00:22] Bootstrap tree #559, logLikelihood: -4446.713557
[00:00:22] Bootstrap tree #560, logLikelihood: -4512.522355
[00:00:22] Bootstrap tree #561, logLikelihood: -4470.214575
[00:00:22] Bootstrap tree #562, logLikelihood: -4491.945021
[00:00:22] Bootstrap tree #563, logLikelihood: -4396.699483
[00:00:22] Bootstrap tree #564, logLikelihood: -4488.200330
[00:00:22] Bootstrap tree #565, logLikelihood: -4466.513327
[00:00:22] Bootstrap tree #566, logLikelihood: -4518.459911
[00:00:22] Bootstrap tree #567, logLikelihood: -4362.326188
[00:00:22] Bootstrap tree #568, logLikelihood: -4442.644224
[00:00:22] Bootstrap tree #569, logLikelihood: -4461.599693
[00:00:22] Bootstrap tree #570, logLikelihood: -4469.015243
[00:00:22] Bootstrap tree #571, logLikelihood: -4562.970688
[00:00:22] Bootstrap tree #572, logLikelihood: -4515.477679
[00:00:22] Bootstrap tree #573, logLikelihood: -4502.018850
[00:00:22] Bootstrap tree #574, logLikelihood: -4421.179045
[00:00:22] Bootstrap tree #575, logLikelihood: -4446.030441
[00:00:22] Bootstrap tree #576, logLikelihood: -4502.678225
[00:00:22] Bootstrap tree #577, logLikelihood: -4437.301686
[00:00:22] Bootstrap tree #578, logLikelihood: -4422.247285
[00:00:22] Bootstrap tree #579, logLikelihood: -4524.851626
[00:00:22] Bootstrap tree #580, logLikelihood: -4484.441689
[00:00:23] Bootstrap tree #581, logLikelihood: -4491.399238
[00:00:23] Bootstrap tree #582, logLikelihood: -4537.485229
[00:00:23] Bootstrap tree #583, logLikelihood: -4412.331084
[00:00:23] Bootstrap tree #584, logLikelihood: -4425.857020
[00:00:23] Bootstrap tree #585, logLikelihood: -4563.150520
[00:00:23] Bootstrap tree #586, logLikelihood: -4487.635973
[00:00:23] Bootstrap tree #587, logLikelihood: -4447.423498
[00:00:23] Bootstrap tree #588, logLikelihood: -4465.214017
[00:00:23] Bootstrap tree #589, logLikelihood: -4468.272308
[00:00:23] Bootstrap tree #590, logLikelihood: -4383.335845
[00:00:23] Bootstrap tree #591, logLikelihood: -4498.252108
[00:00:23] Bootstrap tree #592, logLikelihood: -4481.362449
[00:00:23] Bootstrap tree #593, logLikelihood: -4586.671010
[00:00:23] Bootstrap tree #594, logLikelihood: -4446.505174
[00:00:23] Bootstrap tree #595, logLikelihood: -4433.302511
[00:00:23] Bootstrap tree #596, logLikelihood: -4529.706745
[00:00:23] Bootstrap tree #597, logLikelihood: -4490.382158
[00:00:23] Bootstrap tree #598, logLikelihood: -4493.294207
[00:00:23] Bootstrap tree #599, logLikelihood: -4407.844918
[00:00:23] Bootstrap tree #600, logLikelihood: -4521.745563
[00:00:23] Bootstrap tree #601, logLikelihood: -4461.250503
[00:00:23] Bootstrap tree #602, logLikelihood: -4441.096235
[00:00:23] Bootstrap tree #603, logLikelihood: -4537.682026
[00:00:23] Bootstrap tree #604, logLikelihood: -4464.918401
[00:00:23] Bootstrap tree #605, logLikelihood: -4381.447181
[00:00:24] Bootstrap tree #606, logLikelihood: -4459.577392
[00:00:24] Bootstrap tree #607, logLikelihood: -4481.601435
[00:00:24] Bootstrap tree #608, logLikelihood: -4429.930256
[00:00:24] Bootstrap tree #609, logLikelihood: -4491.786009
[00:00:24] Bootstrap tree #610, logLikelihood: -4431.262212
[00:00:24] Bootstrap tree #611, logLikelihood: -4544.272396
[00:00:24] Bootstrap tree #612, logLikelihood: -4452.117840
[00:00:24] Bootstrap tree #613, logLikelihood: -4477.752993
[00:00:24] Bootstrap tree #614, logLikelihood: -4469.900282
[00:00:24] Bootstrap tree #615, logLikelihood: -4496.804107
[00:00:24] Bootstrap tree #616, logLikelihood: -4453.491281
[00:00:24] Bootstrap tree #617, logLikelihood: -4513.237515
[00:00:24] Bootstrap tree #618, logLikelihood: -4546.127202
[00:00:24] Bootstrap tree #619, logLikelihood: -4418.666794
[00:00:24] Bootstrap tree #620, logLikelihood: -4464.987295
[00:00:24] Bootstrap tree #621, logLikelihood: -4507.679881
[00:00:24] Bootstrap tree #622, logLikelihood: -4463.570770
[00:00:24] Bootstrap tree #623, logLikelihood: -4436.181216
[00:00:24] Bootstrap tree #624, logLikelihood: -4372.672785
[00:00:24] Bootstrap tree #625, logLikelihood: -4485.465810
[00:00:24] Bootstrap tree #626, logLikelihood: -4411.316167
[00:00:24] Bootstrap tree #627, logLikelihood: -4469.921490
[00:00:24] Bootstrap tree #628, logLikelihood: -4402.664496
[00:00:24] Bootstrap tree #629, logLikelihood: -4533.382867
[00:00:25] Bootstrap tree #630, logLikelihood: -4469.235612
[00:00:25] Bootstrap tree #631, logLikelihood: -4428.249699
[00:00:25] Bootstrap tree #632, logLikelihood: -4370.933402
[00:00:25] Bootstrap tree #633, logLikelihood: -4454.932784
[00:00:25] Bootstrap tree #634, logLikelihood: -4477.076911
[00:00:25] Bootstrap tree #635, logLikelihood: -4521.005560
[00:00:25] Bootstrap tree #636, logLikelihood: -4603.438967
[00:00:25] Bootstrap tree #637, logLikelihood: -4429.834834
[00:00:25] Bootstrap tree #638, logLikelihood: -4346.217102
[00:00:25] Bootstrap tree #639, logLikelihood: -4421.165854
[00:00:25] Bootstrap tree #640, logLikelihood: -4475.288395
[00:00:25] Bootstrap tree #641, logLikelihood: -4486.319547
[00:00:25] Bootstrap tree #642, logLikelihood: -4550.811241
[00:00:25] Bootstrap tree #643, logLikelihood: -4540.272980
[00:00:25] Bootstrap tree #644, logLikelihood: -4364.125812
[00:00:25] Bootstrap tree #645, logLikelihood: -4592.377552
[00:00:25] Bootstrap tree #646, logLikelihood: -4497.315319
[00:00:25] Bootstrap tree #647, logLikelihood: -4450.852061
[00:00:25] Bootstrap tree #648, logLikelihood: -4526.552864
[00:00:25] Bootstrap tree #649, logLikelihood: -4458.408465
[00:00:25] Bootstrap tree #650, logLikelihood: -4399.227949
[00:00:25] Bootstrap tree #651, logLikelihood: -4539.511813
[00:00:25] Bootstrap tree #652, logLikelihood: -4446.391134
[00:00:25] Bootstrap tree #653, logLikelihood: -4557.658308
[00:00:26] Bootstrap tree #654, logLikelihood: -4446.066250
[00:00:26] Bootstrap tree #655, logLikelihood: -4529.247065
[00:00:26] Bootstrap tree #656, logLikelihood: -4495.233395
[00:00:26] Bootstrap tree #657, logLikelihood: -4503.900977
[00:00:26] Bootstrap tree #658, logLikelihood: -4430.055403
[00:00:26] Bootstrap tree #659, logLikelihood: -4351.846742
[00:00:26] Bootstrap tree #660, logLikelihood: -4415.113117
[00:00:26] Bootstrap tree #661, logLikelihood: -4434.497332
[00:00:26] Bootstrap tree #662, logLikelihood: -4623.068529
[00:00:26] Bootstrap tree #663, logLikelihood: -4419.780646
[00:00:26] Bootstrap tree #664, logLikelihood: -4367.667116
[00:00:26] Bootstrap tree #665, logLikelihood: -4568.342400
[00:00:26] Bootstrap tree #666, logLikelihood: -4424.926273
[00:00:26] Bootstrap tree #667, logLikelihood: -4474.761544
[00:00:26] Bootstrap tree #668, logLikelihood: -4557.588226
[00:00:26] Bootstrap tree #669, logLikelihood: -4555.738184
[00:00:26] Bootstrap tree #670, logLikelihood: -4467.192124
[00:00:26] Bootstrap tree #671, logLikelihood: -4490.998797
[00:00:26] Bootstrap tree #672, logLikelihood: -4471.307047
[00:00:26] Bootstrap tree #673, logLikelihood: -4577.382612
[00:00:26] Bootstrap tree #674, logLikelihood: -4387.699673
[00:00:26] Bootstrap tree #675, logLikelihood: -4528.762814
[00:00:26] Bootstrap tree #676, logLikelihood: -4477.965372
[00:00:27] Bootstrap tree #677, logLikelihood: -4412.392236
[00:00:27] Bootstrap tree #678, logLikelihood: -4368.477804
[00:00:27] Bootstrap tree #679, logLikelihood: -4432.118856
[00:00:27] Bootstrap tree #680, logLikelihood: -4407.589009
[00:00:27] Bootstrap tree #681, logLikelihood: -4432.123199
[00:00:27] Bootstrap tree #682, logLikelihood: -4428.550378
[00:00:27] Bootstrap tree #683, logLikelihood: -4421.830750
[00:00:27] Bootstrap tree #684, logLikelihood: -4452.372580
[00:00:27] Bootstrap tree #685, logLikelihood: -4397.795975
[00:00:27] Bootstrap tree #686, logLikelihood: -4508.783246
[00:00:27] Bootstrap tree #687, logLikelihood: -4525.222240
[00:00:27] Bootstrap tree #688, logLikelihood: -4535.746952
[00:00:27] Bootstrap tree #689, logLikelihood: -4523.903935
[00:00:27] Bootstrap tree #690, logLikelihood: -4569.224066
[00:00:27] Bootstrap tree #691, logLikelihood: -4474.920876
[00:00:27] Bootstrap tree #692, logLikelihood: -4451.619335
[00:00:27] Bootstrap tree #693, logLikelihood: -4489.609506
[00:00:27] Bootstrap tree #694, logLikelihood: -4550.869686
[00:00:27] Bootstrap tree #695, logLikelihood: -4510.239247
[00:00:27] Bootstrap tree #696, logLikelihood: -4452.349719
[00:00:27] Bootstrap tree #697, logLikelihood: -4437.398302
[00:00:27] Bootstrap tree #698, logLikelihood: -4428.146005
[00:00:27] Bootstrap tree #699, logLikelihood: -4460.811114
[00:00:28] Bootstrap tree #700, logLikelihood: -4470.405590
[00:00:28] Bootstrap tree #701, logLikelihood: -4534.880835
[00:00:28] Bootstrap tree #702, logLikelihood: -4445.076202
[00:00:28] Bootstrap tree #703, logLikelihood: -4517.434032
[00:00:28] Bootstrap tree #704, logLikelihood: -4464.412240
[00:00:28] Bootstrap tree #705, logLikelihood: -4564.868208
[00:00:28] Bootstrap tree #706, logLikelihood: -4555.290594
[00:00:28] Bootstrap tree #707, logLikelihood: -4487.917823
[00:00:28] Bootstrap tree #708, logLikelihood: -4556.902681
[00:00:28] Bootstrap tree #709, logLikelihood: -4497.961230
[00:00:28] Bootstrap tree #710, logLikelihood: -4422.632136
[00:00:28] Bootstrap tree #711, logLikelihood: -4513.082448
[00:00:28] Bootstrap tree #712, logLikelihood: -4498.836575
[00:00:28] Bootstrap tree #713, logLikelihood: -4546.229768
[00:00:28] Bootstrap tree #714, logLikelihood: -4500.428397
[00:00:28] Bootstrap tree #715, logLikelihood: -4399.072973
[00:00:28] Bootstrap tree #716, logLikelihood: -4454.725109
[00:00:28] Bootstrap tree #717, logLikelihood: -4533.788905
[00:00:28] Bootstrap tree #718, logLikelihood: -4389.011329
[00:00:28] Bootstrap tree #719, logLikelihood: -4494.653144
[00:00:28] Bootstrap tree #720, logLikelihood: -4524.570878
[00:00:28] Bootstrap tree #721, logLikelihood: -4459.346775
[00:00:28] Bootstrap tree #722, logLikelihood: -4455.156789
[00:00:29] Bootstrap tree #723, logLikelihood: -4528.320555
[00:00:29] Bootstrap tree #724, logLikelihood: -4471.564256
[00:00:29] Bootstrap tree #725, logLikelihood: -4585.740383
[00:00:29] Bootstrap tree #726, logLikelihood: -4467.221671
[00:00:29] Bootstrap tree #727, logLikelihood: -4413.969667
[00:00:29] Bootstrap tree #728, logLikelihood: -4332.794582
[00:00:29] Bootstrap tree #729, logLikelihood: -4443.812688
[00:00:29] Bootstrap tree #730, logLikelihood: -4668.837061
[00:00:29] Bootstrap tree #731, logLikelihood: -4511.531027
[00:00:29] Bootstrap tree #732, logLikelihood: -4431.199203
[00:00:29] Bootstrap tree #733, logLikelihood: -4423.775069
[00:00:29] Bootstrap tree #734, logLikelihood: -4443.627374
[00:00:29] Bootstrap tree #735, logLikelihood: -4447.913666
[00:00:29] Bootstrap tree #736, logLikelihood: -4538.382476
[00:00:29] Bootstrap tree #737, logLikelihood: -4467.359302
[00:00:29] Bootstrap tree #738, logLikelihood: -4515.139586
[00:00:29] Bootstrap tree #739, logLikelihood: -4489.794389
[00:00:29] Bootstrap tree #740, logLikelihood: -4439.885085
[00:00:29] Bootstrap tree #741, logLikelihood: -4467.083952
[00:00:29] Bootstrap tree #742, logLikelihood: -4440.340101
[00:00:29] Bootstrap tree #743, logLikelihood: -4529.626054
[00:00:29] Bootstrap tree #744, logLikelihood: -4470.850283
[00:00:29] Bootstrap tree #745, logLikelihood: -4423.370813
[00:00:29] Bootstrap tree #746, logLikelihood: -4452.385219
[00:00:29] Bootstrap tree #747, logLikelihood: -4583.689137
[00:00:30] Bootstrap tree #748, logLikelihood: -4591.841314
[00:00:30] Bootstrap tree #749, logLikelihood: -4451.486309
[00:00:30] Bootstrap tree #750, logLikelihood: -4497.323672
[00:00:30] Bootstrap tree #751, logLikelihood: -4468.719089
[00:00:30] Bootstrap tree #752, logLikelihood: -4500.672176
[00:00:30] Bootstrap tree #753, logLikelihood: -4452.017600
[00:00:30] Bootstrap tree #754, logLikelihood: -4617.919801
[00:00:30] Bootstrap tree #755, logLikelihood: -4468.505877
[00:00:30] Bootstrap tree #756, logLikelihood: -4517.468688
[00:00:30] Bootstrap tree #757, logLikelihood: -4470.206784
[00:00:30] Bootstrap tree #758, logLikelihood: -4540.613190
[00:00:30] Bootstrap tree #759, logLikelihood: -4488.740915
[00:00:30] Bootstrap tree #760, logLikelihood: -4507.478496
[00:00:30] Bootstrap tree #761, logLikelihood: -4380.412529
[00:00:30] Bootstrap tree #762, logLikelihood: -4407.161939
[00:00:30] Bootstrap tree #763, logLikelihood: -4433.307970
[00:00:30] Bootstrap tree #764, logLikelihood: -4457.711183
[00:00:30] Bootstrap tree #765, logLikelihood: -4438.544854
[00:00:30] Bootstrap tree #766, logLikelihood: -4412.449088
[00:00:30] Bootstrap tree #767, logLikelihood: -4445.312707
[00:00:30] Bootstrap tree #768, logLikelihood: -4445.417645
[00:00:30] Bootstrap tree #769, logLikelihood: -4472.189001
[00:00:30] Bootstrap tree #770, logLikelihood: -4463.613052
[00:00:31] Bootstrap tree #771, logLikelihood: -4407.051312
[00:00:31] Bootstrap tree #772, logLikelihood: -4392.146889
[00:00:31] Bootstrap tree #773, logLikelihood: -4378.123254
[00:00:31] Bootstrap tree #774, logLikelihood: -4453.770668
[00:00:31] Bootstrap tree #775, logLikelihood: -4589.623528
[00:00:31] Bootstrap tree #776, logLikelihood: -4424.365506
[00:00:31] Bootstrap tree #777, logLikelihood: -4527.516175
[00:00:31] Bootstrap tree #778, logLikelihood: -4418.671909
[00:00:31] Bootstrap tree #779, logLikelihood: -4401.845470
[00:00:31] Bootstrap tree #780, logLikelihood: -4388.354704
[00:00:31] Bootstrap tree #781, logLikelihood: -4455.087215
[00:00:31] Bootstrap tree #782, logLikelihood: -4446.622718
[00:00:31] Bootstrap tree #783, logLikelihood: -4501.033781
[00:00:31] Bootstrap tree #784, logLikelihood: -4442.852061
[00:00:31] Bootstrap tree #785, logLikelihood: -4401.191336
[00:00:31] Bootstrap tree #786, logLikelihood: -4392.279809
[00:00:31] Bootstrap tree #787, logLikelihood: -4396.043146
[00:00:31] Bootstrap tree #788, logLikelihood: -4571.550039
[00:00:31] Bootstrap tree #789, logLikelihood: -4445.908837
[00:00:31] Bootstrap tree #790, logLikelihood: -4544.987120
[00:00:31] Bootstrap tree #791, logLikelihood: -4519.665138
[00:00:31] Bootstrap tree #792, logLikelihood: -4443.056988
[00:00:31] Bootstrap tree #793, logLikelihood: -4406.132802
[00:00:31] Bootstrap tree #794, logLikelihood: -4546.591831
[00:00:31] Bootstrap tree #795, logLikelihood: -4457.206115
[00:00:32] Bootstrap tree #796, logLikelihood: -4475.988467
[00:00:32] Bootstrap tree #797, logLikelihood: -4553.278320
[00:00:32] Bootstrap tree #798, logLikelihood: -4480.652990
[00:00:32] Bootstrap tree #799, logLikelihood: -4468.599893
[00:00:32] Bootstrap tree #800, logLikelihood: -4420.148157
[00:00:32] Bootstrap tree #801, logLikelihood: -4468.707246
[00:00:32] Bootstrap tree #802, logLikelihood: -4495.813494
[00:00:32] Bootstrap tree #803, logLikelihood: -4478.867170
[00:00:32] Bootstrap tree #804, logLikelihood: -4492.404789
[00:00:32] Bootstrap tree #805, logLikelihood: -4389.475178
[00:00:32] Bootstrap tree #806, logLikelihood: -4440.361519
[00:00:32] Bootstrap tree #807, logLikelihood: -4478.224869
[00:00:32] Bootstrap tree #808, logLikelihood: -4512.709072
[00:00:32] Bootstrap tree #809, logLikelihood: -4534.034298
[00:00:32] Bootstrap tree #810, logLikelihood: -4436.087117
[00:00:32] Bootstrap tree #811, logLikelihood: -4466.213959
[00:00:32] Bootstrap tree #812, logLikelihood: -4509.118522
[00:00:32] Bootstrap tree #813, logLikelihood: -4547.136035
[00:00:32] Bootstrap tree #814, logLikelihood: -4509.668070
[00:00:32] Bootstrap tree #815, logLikelihood: -4494.158511
[00:00:32] Bootstrap tree #816, logLikelihood: -4459.773794
[00:00:32] Bootstrap tree #817, logLikelihood: -4434.393643
[00:00:32] Bootstrap tree #818, logLikelihood: -4416.399542
[00:00:32] Bootstrap tree #819, logLikelihood: -4532.113861
[00:00:33] Bootstrap tree #820, logLikelihood: -4562.950306
[00:00:33] Bootstrap tree #821, logLikelihood: -4267.887721
[00:00:33] Bootstrap tree #822, logLikelihood: -4550.968638
[00:00:33] Bootstrap tree #823, logLikelihood: -4497.531948
[00:00:33] Bootstrap tree #824, logLikelihood: -4398.684758
[00:00:33] Bootstrap tree #825, logLikelihood: -4467.133246
[00:00:33] Bootstrap tree #826, logLikelihood: -4447.614933
[00:00:33] Bootstrap tree #827, logLikelihood: -4549.775178
[00:00:33] Bootstrap tree #828, logLikelihood: -4491.911981
[00:00:33] Bootstrap tree #829, logLikelihood: -4430.551457
[00:00:33] Bootstrap tree #830, logLikelihood: -4547.898390
[00:00:33] Bootstrap tree #831, logLikelihood: -4549.913581
[00:00:33] Bootstrap tree #832, logLikelihood: -4426.777983
[00:00:33] Bootstrap tree #833, logLikelihood: -4470.084010
[00:00:33] Bootstrap tree #834, logLikelihood: -4453.736431
[00:00:33] Bootstrap tree #835, logLikelihood: -4490.341374
[00:00:33] Bootstrap tree #836, logLikelihood: -4336.523431
[00:00:33] Bootstrap tree #837, logLikelihood: -4501.430621
[00:00:33] Bootstrap tree #838, logLikelihood: -4506.632308
[00:00:33] Bootstrap tree #839, logLikelihood: -4399.500367
[00:00:33] Bootstrap tree #840, logLikelihood: -4480.239548
[00:00:33] Bootstrap tree #841, logLikelihood: -4374.459813
[00:00:33] Bootstrap tree #842, logLikelihood: -4522.421589
[00:00:33] Bootstrap tree #843, logLikelihood: -4447.490221
[00:00:33] Bootstrap tree #844, logLikelihood: -4480.395585
[00:00:33] Bootstrap tree #845, logLikelihood: -4491.737967
[00:00:34] Bootstrap tree #846, logLikelihood: -4476.495469
[00:00:34] Bootstrap tree #847, logLikelihood: -4476.404364
[00:00:34] Bootstrap tree #848, logLikelihood: -4537.549861
[00:00:34] Bootstrap tree #849, logLikelihood: -4543.506211
[00:00:34] Bootstrap tree #850, logLikelihood: -4496.517870
[00:00:34] Bootstrap tree #851, logLikelihood: -4534.544298
[00:00:34] Bootstrap tree #852, logLikelihood: -4447.453188
[00:00:34] Bootstrap tree #853, logLikelihood: -4422.765533
[00:00:34] Bootstrap tree #854, logLikelihood: -4432.471063
[00:00:34] Bootstrap tree #855, logLikelihood: -4470.790663
[00:00:34] Bootstrap tree #856, logLikelihood: -4468.433164
[00:00:34] Bootstrap tree #857, logLikelihood: -4511.186322
[00:00:34] Bootstrap tree #858, logLikelihood: -4568.308643
[00:00:34] Bootstrap tree #859, logLikelihood: -4460.055280
[00:00:34] Bootstrap tree #860, logLikelihood: -4497.877012
[00:00:34] Bootstrap tree #861, logLikelihood: -4511.265150
[00:00:34] Bootstrap tree #862, logLikelihood: -4517.011106
[00:00:34] Bootstrap tree #863, logLikelihood: -4452.219878
[00:00:34] Bootstrap tree #864, logLikelihood: -4482.302782
[00:00:34] Bootstrap tree #865, logLikelihood: -4431.622504
[00:00:34] Bootstrap tree #866, logLikelihood: -4438.614214
[00:00:34] Bootstrap tree #867, logLikelihood: -4513.947923
[00:00:34] Bootstrap tree #868, logLikelihood: -4496.066428
[00:00:34] Bootstrap tree #869, logLikelihood: -4477.899794
[00:00:34] Bootstrap tree #870, logLikelihood: -4579.984728
[00:00:35] Bootstrap tree #871, logLikelihood: -4395.971932
[00:00:35] Bootstrap tree #872, logLikelihood: -4466.633549
[00:00:35] Bootstrap tree #873, logLikelihood: -4516.556062
[00:00:35] Bootstrap tree #874, logLikelihood: -4644.143190
[00:00:35] Bootstrap tree #875, logLikelihood: -4502.864678
[00:00:35] Bootstrap tree #876, logLikelihood: -4458.389366
[00:00:35] Bootstrap tree #877, logLikelihood: -4525.330383
[00:00:35] Bootstrap tree #878, logLikelihood: -4467.636334
[00:00:35] Bootstrap tree #879, logLikelihood: -4510.172688
[00:00:35] Bootstrap tree #880, logLikelihood: -4493.939471
[00:00:35] Bootstrap tree #881, logLikelihood: -4571.980579
[00:00:35] Bootstrap tree #882, logLikelihood: -4473.627538
[00:00:35] Bootstrap tree #883, logLikelihood: -4510.785092
[00:00:35] Bootstrap tree #884, logLikelihood: -4462.445550
[00:00:35] Bootstrap tree #885, logLikelihood: -4567.107813
[00:00:35] Bootstrap tree #886, logLikelihood: -4472.344651
[00:00:35] Bootstrap tree #887, logLikelihood: -4608.970196
[00:00:35] Bootstrap tree #888, logLikelihood: -4463.455481
[00:00:35] Bootstrap tree #889, logLikelihood: -4555.279566
[00:00:35] Bootstrap tree #890, logLikelihood: -4488.649723
[00:00:35] Bootstrap tree #891, logLikelihood: -4459.285985
[00:00:35] Bootstrap tree #892, logLikelihood: -4482.410392
[00:00:35] Bootstrap tree #893, logLikelihood: -4527.783184
[00:00:35] Bootstrap tree #894, logLikelihood: -4491.972228
[00:00:35] Bootstrap tree #895, logLikelihood: -4459.663337
[00:00:36] Bootstrap tree #896, logLikelihood: -4458.660166
[00:00:36] Bootstrap tree #897, logLikelihood: -4489.425100
[00:00:36] Bootstrap tree #898, logLikelihood: -4444.982578
[00:00:36] Bootstrap tree #899, logLikelihood: -4439.192694
[00:00:36] Bootstrap tree #900, logLikelihood: -4433.559634
[00:00:36] Bootstrap tree #901, logLikelihood: -4459.888638
[00:00:36] Bootstrap tree #902, logLikelihood: -4477.133453
[00:00:36] Bootstrap tree #903, logLikelihood: -4466.475075
[00:00:36] Bootstrap tree #904, logLikelihood: -4432.521386
[00:00:36] Bootstrap tree #905, logLikelihood: -4565.598708
[00:00:36] Bootstrap tree #906, logLikelihood: -4365.898113
[00:00:36] Bootstrap tree #907, logLikelihood: -4511.207322
[00:00:36] Bootstrap tree #908, logLikelihood: -4404.811891
[00:00:36] Bootstrap tree #909, logLikelihood: -4510.240165
[00:00:36] Bootstrap tree #910, logLikelihood: -4519.262566
[00:00:36] Bootstrap tree #911, logLikelihood: -4387.794144
[00:00:36] Bootstrap tree #912, logLikelihood: -4456.779351
[00:00:36] Bootstrap tree #913, logLikelihood: -4562.345602
[00:00:36] Bootstrap tree #914, logLikelihood: -4472.983101
[00:00:36] Bootstrap tree #915, logLikelihood: -4538.694349
[00:00:36] Bootstrap tree #916, logLikelihood: -4414.103365
[00:00:36] Bootstrap tree #917, logLikelihood: -4425.571866
[00:00:36] Bootstrap tree #918, logLikelihood: -4498.986065
[00:00:36] Bootstrap tree #919, logLikelihood: -4492.338674
[00:00:37] Bootstrap tree #920, logLikelihood: -4598.528427
[00:00:37] Bootstrap tree #921, logLikelihood: -4476.881944
[00:00:37] Bootstrap tree #922, logLikelihood: -4411.089086
[00:00:37] Bootstrap tree #923, logLikelihood: -4442.511915
[00:00:37] Bootstrap tree #924, logLikelihood: -4488.792718
[00:00:37] Bootstrap tree #925, logLikelihood: -4400.833940
[00:00:37] Bootstrap tree #926, logLikelihood: -4478.021027
[00:00:37] Bootstrap tree #927, logLikelihood: -4520.997813
[00:00:37] Bootstrap tree #928, logLikelihood: -4474.894560
[00:00:37] Bootstrap tree #929, logLikelihood: -4517.686191
[00:00:37] Bootstrap tree #930, logLikelihood: -4498.558593
[00:00:37] Bootstrap tree #931, logLikelihood: -4558.423890
[00:00:37] Bootstrap tree #932, logLikelihood: -4510.239713
[00:00:37] Bootstrap tree #933, logLikelihood: -4552.804984
[00:00:37] Bootstrap tree #934, logLikelihood: -4460.732843
[00:00:37] Bootstrap tree #935, logLikelihood: -4398.566473
[00:00:37] Bootstrap tree #936, logLikelihood: -4564.347014
[00:00:37] Bootstrap tree #937, logLikelihood: -4543.882932
[00:00:37] Bootstrap tree #938, logLikelihood: -4374.135015
[00:00:37] Bootstrap tree #939, logLikelihood: -4519.285674
[00:00:37] Bootstrap tree #940, logLikelihood: -4356.471350
[00:00:37] Bootstrap tree #941, logLikelihood: -4464.533827
[00:00:37] Bootstrap tree #942, logLikelihood: -4532.667788
[00:00:37] Bootstrap tree #943, logLikelihood: -4412.493862
[00:00:38] Bootstrap tree #944, logLikelihood: -4587.004409
[00:00:38] Bootstrap tree #945, logLikelihood: -4534.301813
[00:00:38] Bootstrap tree #946, logLikelihood: -4464.099885
[00:00:38] Bootstrap tree #947, logLikelihood: -4462.573862
[00:00:38] Bootstrap tree #948, logLikelihood: -4526.070737
[00:00:38] Bootstrap tree #949, logLikelihood: -4506.170574
[00:00:38] Bootstrap tree #950, logLikelihood: -4508.647922
[00:00:38] Bootstrap tree #951, logLikelihood: -4501.617954
[00:00:38] Bootstrap tree #952, logLikelihood: -4448.838432
[00:00:38] Bootstrap tree #953, logLikelihood: -4423.623002
[00:00:38] Bootstrap tree #954, logLikelihood: -4489.067200
[00:00:38] Bootstrap tree #955, logLikelihood: -4373.795054
[00:00:38] Bootstrap tree #956, logLikelihood: -4507.517439
[00:00:38] Bootstrap tree #957, logLikelihood: -4562.328806
[00:00:38] Bootstrap tree #958, logLikelihood: -4489.540685
[00:00:38] Bootstrap tree #959, logLikelihood: -4477.985560
[00:00:38] Bootstrap tree #960, logLikelihood: -4470.772097
[00:00:38] Bootstrap tree #961, logLikelihood: -4459.487371
[00:00:38] Bootstrap tree #962, logLikelihood: -4474.054662
[00:00:38] Bootstrap tree #963, logLikelihood: -4455.093975
[00:00:38] Bootstrap tree #964, logLikelihood: -4476.627831
[00:00:38] Bootstrap tree #965, logLikelihood: -4494.900492
[00:00:38] Bootstrap tree #966, logLikelihood: -4425.333400
[00:00:38] Bootstrap tree #967, logLikelihood: -4439.812771
[00:00:38] Bootstrap tree #968, logLikelihood: -4463.784699
[00:00:39] Bootstrap tree #969, logLikelihood: -4550.441908
[00:00:39] Bootstrap tree #970, logLikelihood: -4439.935097
[00:00:39] Bootstrap tree #971, logLikelihood: -4386.356420
[00:00:39] Bootstrap tree #972, logLikelihood: -4463.080901
[00:00:39] Bootstrap tree #973, logLikelihood: -4561.752289
[00:00:39] Bootstrap tree #974, logLikelihood: -4384.452768
[00:00:39] Bootstrap tree #975, logLikelihood: -4405.219039
[00:00:39] Bootstrap tree #976, logLikelihood: -4500.676503
[00:00:39] Bootstrap tree #977, logLikelihood: -4529.587071
[00:00:39] Bootstrap tree #978, logLikelihood: -4481.807890
[00:00:39] Bootstrap tree #979, logLikelihood: -4527.184596
[00:00:39] Bootstrap tree #980, logLikelihood: -4456.874684
[00:00:39] Bootstrap tree #981, logLikelihood: -4445.595414
[00:00:39] Bootstrap tree #982, logLikelihood: -4466.735563
[00:00:39] Bootstrap tree #983, logLikelihood: -4527.211918
[00:00:39] Bootstrap tree #984, logLikelihood: -4522.972330
[00:00:39] Bootstrap tree #985, logLikelihood: -4403.949946
[00:00:39] Bootstrap tree #986, logLikelihood: -4477.924157
[00:00:39] Bootstrap tree #987, logLikelihood: -4461.354485
[00:00:39] Bootstrap tree #988, logLikelihood: -4518.412112
[00:00:39] Bootstrap tree #989, logLikelihood: -4496.482225
[00:00:39] Bootstrap tree #990, logLikelihood: -4557.606841
[00:00:40] Bootstrap tree #991, logLikelihood: -4497.161027
[00:00:40] Bootstrap tree #992, logLikelihood: -4376.241851
[00:00:40] Bootstrap tree #993, logLikelihood: -4501.806012
[00:00:40] Bootstrap tree #994, logLikelihood: -4442.824133
[00:00:40] Bootstrap tree #995, logLikelihood: -4401.517222
[00:00:40] Bootstrap tree #996, logLikelihood: -4556.884251
[00:00:40] Bootstrap tree #997, logLikelihood: -4614.534721
[00:00:40] Bootstrap tree #998, logLikelihood: -4505.709364
[00:00:40] Bootstrap tree #999, logLikelihood: -4489.770581
[00:00:40] Bootstrap tree #1000, logLikelihood: -4469.368491

Optimized model parameters:

   Partition 0: noname
   Rate heterogeneity: GAMMA (4 cats, mean),  alpha: 1.231400 (ML),  weights&rates: (0.250000,0.180697) (0.250000,0.536748) (0.250000,1.029804) (0.250000,2.252752) 
   Base frequencies (ML): 0.247058 0.262132 0.254418 0.236392 
   Substitution rates (ML): 1.757951 2.620243 1.113904 1.260048 3.341852 1.000000 


Final LogLikelihood: -4479.964815

AIC score: 8987.929630 / AICc score: 8988.327357 / BIC score: 9057.598503
Free parameters (model + branch lengths): 14

Best ML tree saved to: /home/seddik/Documents/Synesth/iter6/all_Cas_trees/Csy2/Tree.raxml.bestTree
All ML trees saved to: /home/seddik/Documents/Synesth/iter6/all_Cas_trees/Csy2/Tree.raxml.mlTrees
Best ML tree with Felsenstein bootstrap (FBP) support values saved to: /home/seddik/Documents/Synesth/iter6/all_Cas_trees/Csy2/Tree.raxml.support
Optimized model saved to: /home/seddik/Documents/Synesth/iter6/all_Cas_trees/Csy2/Tree.raxml.bestModel
Bootstrap trees saved to: /home/seddik/Documents/Synesth/iter6/all_Cas_trees/Csy2/Tree.raxml.bootstraps

Execution log saved to: /home/seddik/Documents/Synesth/iter6/all_Cas_trees/Csy2/Tree.raxml.log

Analysis started: 30-Jul-2024 18:51:06 / finished: 30-Jul-2024 18:51:47

Elapsed time: 40.441 seconds

