
RAxML-NG v. 0.9.0 released on 20.05.2019 by The Exelixis Lab.
Developed by: Alexey M. Kozlov and Alexandros Stamatakis.
Contributors: Diego Darriba, Tomas Flouri, Benoit Morel, Sarah Lutteropp, Ben Bettisworth.
Latest version: https://github.com/amkozlov/raxml-ng
Questions/problems/suggestions? Please visit: https://groups.google.com/forum/#!forum/raxml

RAxML-NG was called at 30-Jul-2024 11:41:45 as follows:

raxml-ng --all --msa all_Cas_aligned/all_Cas3_aligned.fna --model GTR+G --bs-trees 1000 --threads 4 --prefix all_Cas_trees/Cas3/Tree

Analysis options:
  run mode: ML tree search + bootstrapping (Felsenstein Bootstrap)
  start tree(s): random (10) + parsimony (10)
  bootstrap replicates: 1000
  random seed: 1722354105
  tip-inner: OFF
  pattern compression: ON
  per-rate scalers: OFF
  site repeats: ON
  branch lengths: proportional (ML estimate, algorithm: NR-FAST)
  SIMD kernels: AVX2
  parallelization: PTHREADS (4 threads), thread pinning: OFF

[00:00:00] Reading alignment from file: all_Cas_aligned/all_Cas3_aligned.fna
[00:00:00] Loaded alignment with 20 taxa and 3621 sites

Alignment comprises 1 partitions and 3168 patterns

Partition 0: noname
Model: GTR+FO+G4m
Alignment sites / patterns: 3621 / 3168
Gaps: 42.25 %
Invariant sites: 13.70 %


NOTE: Binary MSA file created: all_Cas_trees/Cas3/Tree.raxml.rba

[00:00:00] Generating 10 random starting tree(s) with 20 taxa
[00:00:00] Generating 10 parsimony starting tree(s) with 20 taxa
[00:00:00] Data distribution: max. partitions/sites/weight per thread: 1 / 792 / 12672

Starting ML tree search with 20 distinct starting trees

[00:00:09] ML tree search #1, logLikelihood: -53791.214271
[00:00:18] ML tree search #2, logLikelihood: -53791.258707
[00:00:27] ML tree search #3, logLikelihood: -53791.210217
[00:00:34] ML tree search #4, logLikelihood: -53791.210798
[00:00:42] ML tree search #5, logLikelihood: -53791.248123
[00:00:49] ML tree search #6, logLikelihood: -53791.184165
[00:00:56] ML tree search #7, logLikelihood: -53791.259729
[00:01:03] ML tree search #8, logLikelihood: -53791.251760
[00:01:12] ML tree search #9, logLikelihood: -53791.231727
[00:01:20] ML tree search #10, logLikelihood: -53791.247468
[00:01:26] ML tree search #11, logLikelihood: -53791.225857
[00:01:33] ML tree search #12, logLikelihood: -53791.223359
[00:01:40] ML tree search #13, logLikelihood: -53791.208006
[00:01:47] ML tree search #14, logLikelihood: -53791.207699
[00:01:54] ML tree search #15, logLikelihood: -53791.183380
[00:02:03] ML tree search #16, logLikelihood: -53791.250399
[00:02:12] ML tree search #17, logLikelihood: -53791.198445
[00:02:19] ML tree search #18, logLikelihood: -53791.234641
[00:02:25] ML tree search #19, logLikelihood: -53791.207612
[00:02:32] ML tree search #20, logLikelihood: -53791.209341

[00:02:32] ML tree search completed, best tree logLH: -53791.183380

[00:02:32] Starting bootstrapping analysis with 1000 replicates.

[00:02:38] Bootstrap tree #1, logLikelihood: -53629.007231
[00:02:46] Bootstrap tree #2, logLikelihood: -53999.295668
[00:02:51] Bootstrap tree #3, logLikelihood: -54101.030764
[00:02:58] Bootstrap tree #4, logLikelihood: -54329.579310
[00:03:03] Bootstrap tree #5, logLikelihood: -53645.939279
[00:03:09] Bootstrap tree #6, logLikelihood: -53853.294961
[00:03:14] Bootstrap tree #7, logLikelihood: -53827.494919
[00:03:22] Bootstrap tree #8, logLikelihood: -53901.603254
[00:03:27] Bootstrap tree #9, logLikelihood: -53322.280200
[00:03:32] Bootstrap tree #10, logLikelihood: -53692.543211
[00:03:37] Bootstrap tree #11, logLikelihood: -53856.425018
[00:03:42] Bootstrap tree #12, logLikelihood: -53467.763878
[00:03:48] Bootstrap tree #13, logLikelihood: -53673.016959
[00:03:53] Bootstrap tree #14, logLikelihood: -53385.366482
[00:03:58] Bootstrap tree #15, logLikelihood: -54814.759515
[00:04:03] Bootstrap tree #16, logLikelihood: -53765.821035
[00:04:10] Bootstrap tree #17, logLikelihood: -53389.688895
[00:04:15] Bootstrap tree #18, logLikelihood: -54375.678122
[00:04:21] Bootstrap tree #19, logLikelihood: -54493.418291
[00:04:26] Bootstrap tree #20, logLikelihood: -53896.473072
[00:04:32] Bootstrap tree #21, logLikelihood: -53159.247609
[00:04:37] Bootstrap tree #22, logLikelihood: -52838.481728
[00:04:42] Bootstrap tree #23, logLikelihood: -53996.557747
[00:04:48] Bootstrap tree #24, logLikelihood: -53941.718262
[00:04:53] Bootstrap tree #25, logLikelihood: -52969.264607
[00:04:58] Bootstrap tree #26, logLikelihood: -54008.864805
[00:05:04] Bootstrap tree #27, logLikelihood: -54361.512728
[00:05:09] Bootstrap tree #28, logLikelihood: -52558.139853
[00:05:16] Bootstrap tree #29, logLikelihood: -53153.243066
[00:05:22] Bootstrap tree #30, logLikelihood: -53681.839978
[00:05:27] Bootstrap tree #31, logLikelihood: -54217.197514
[00:05:33] Bootstrap tree #32, logLikelihood: -53537.451699
[00:05:38] Bootstrap tree #33, logLikelihood: -53333.762128
[00:05:44] Bootstrap tree #34, logLikelihood: -53879.767557
[00:05:52] Bootstrap tree #35, logLikelihood: -53378.079182
[00:05:58] Bootstrap tree #36, logLikelihood: -54954.887293
[00:06:04] Bootstrap tree #37, logLikelihood: -53635.513899
[00:06:08] Bootstrap tree #38, logLikelihood: -54201.154065
[00:06:13] Bootstrap tree #39, logLikelihood: -54332.463028
[00:06:19] Bootstrap tree #40, logLikelihood: -53764.649964
[00:06:24] Bootstrap tree #41, logLikelihood: -53794.050835
[00:06:31] Bootstrap tree #42, logLikelihood: -54530.357230
[00:06:36] Bootstrap tree #43, logLikelihood: -53853.271994
[00:06:41] Bootstrap tree #44, logLikelihood: -53465.446327
[00:06:50] Bootstrap tree #45, logLikelihood: -53519.684956
[00:06:58] Bootstrap tree #46, logLikelihood: -54234.029418
[00:07:03] Bootstrap tree #47, logLikelihood: -53700.424988
[00:07:08] Bootstrap tree #48, logLikelihood: -54115.803082
[00:07:13] Bootstrap tree #49, logLikelihood: -53507.657462
[00:07:19] Bootstrap tree #50, logLikelihood: -55118.063052
[00:07:25] Bootstrap tree #51, logLikelihood: -54085.829964
[00:07:30] Bootstrap tree #52, logLikelihood: -54602.341197
[00:07:36] Bootstrap tree #53, logLikelihood: -52821.838284
[00:07:42] Bootstrap tree #54, logLikelihood: -53744.380073
[00:07:47] Bootstrap tree #55, logLikelihood: -54514.173213
[00:07:52] Bootstrap tree #56, logLikelihood: -54324.137375
[00:07:58] Bootstrap tree #57, logLikelihood: -52874.731506
[00:08:04] Bootstrap tree #58, logLikelihood: -53845.669542
[00:08:08] Bootstrap tree #59, logLikelihood: -54717.358582
[00:08:14] Bootstrap tree #60, logLikelihood: -54442.779223
[00:08:20] Bootstrap tree #61, logLikelihood: -53763.795596
[00:08:26] Bootstrap tree #62, logLikelihood: -53667.044702
[00:08:31] Bootstrap tree #63, logLikelihood: -54012.332724
[00:08:37] Bootstrap tree #64, logLikelihood: -53550.246789
[00:08:41] Bootstrap tree #65, logLikelihood: -53702.045771
[00:08:47] Bootstrap tree #66, logLikelihood: -53130.401341
[00:08:52] Bootstrap tree #67, logLikelihood: -53212.012552
[00:08:57] Bootstrap tree #68, logLikelihood: -53807.201887
[00:09:02] Bootstrap tree #69, logLikelihood: -53601.137236
[00:09:10] Bootstrap tree #70, logLikelihood: -54132.675710
[00:09:16] Bootstrap tree #71, logLikelihood: -54170.238085
[00:09:21] Bootstrap tree #72, logLikelihood: -54166.641266
[00:09:27] Bootstrap tree #73, logLikelihood: -53965.338946
[00:09:32] Bootstrap tree #74, logLikelihood: -53594.300583
[00:09:37] Bootstrap tree #75, logLikelihood: -53248.891410
[00:09:42] Bootstrap tree #76, logLikelihood: -53919.882430
[00:09:48] Bootstrap tree #77, logLikelihood: -52709.994131
[00:09:52] Bootstrap tree #78, logLikelihood: -54110.702853
[00:09:58] Bootstrap tree #79, logLikelihood: -53163.788064
[00:10:04] Bootstrap tree #80, logLikelihood: -54163.078500
[00:10:11] Bootstrap tree #81, logLikelihood: -55952.005089
[00:10:18] Bootstrap tree #82, logLikelihood: -53027.681855
[00:10:25] Bootstrap tree #83, logLikelihood: -54333.964945
[00:10:31] Bootstrap tree #84, logLikelihood: -54017.535334
[00:10:36] Bootstrap tree #85, logLikelihood: -53326.902647
[00:10:42] Bootstrap tree #86, logLikelihood: -53811.472056
[00:10:49] Bootstrap tree #87, logLikelihood: -54410.342354
[00:10:56] Bootstrap tree #88, logLikelihood: -53654.363205
[00:11:02] Bootstrap tree #89, logLikelihood: -53760.623563
[00:11:08] Bootstrap tree #90, logLikelihood: -54065.620319
[00:11:13] Bootstrap tree #91, logLikelihood: -54282.321501
[00:11:19] Bootstrap tree #92, logLikelihood: -53009.336501
[00:11:24] Bootstrap tree #93, logLikelihood: -54293.137469
[00:11:31] Bootstrap tree #94, logLikelihood: -53469.485252
[00:11:36] Bootstrap tree #95, logLikelihood: -54490.028311
[00:11:43] Bootstrap tree #96, logLikelihood: -52948.039155
[00:11:48] Bootstrap tree #97, logLikelihood: -54203.577937
[00:11:54] Bootstrap tree #98, logLikelihood: -54352.052946
[00:11:58] Bootstrap tree #99, logLikelihood: -52919.348664
[00:12:03] Bootstrap tree #100, logLikelihood: -53411.212605
[00:12:08] Bootstrap tree #101, logLikelihood: -53489.386464
[00:12:13] Bootstrap tree #102, logLikelihood: -53814.759698
[00:12:18] Bootstrap tree #103, logLikelihood: -53189.525306
[00:12:24] Bootstrap tree #104, logLikelihood: -53547.793796
[00:12:30] Bootstrap tree #105, logLikelihood: -53018.920110
[00:12:35] Bootstrap tree #106, logLikelihood: -53301.270335
[00:12:39] Bootstrap tree #107, logLikelihood: -54356.769357
[00:12:44] Bootstrap tree #108, logLikelihood: -53514.896063
[00:12:49] Bootstrap tree #109, logLikelihood: -53290.585586
[00:12:56] Bootstrap tree #110, logLikelihood: -53723.137155
[00:13:02] Bootstrap tree #111, logLikelihood: -52842.297419
[00:13:10] Bootstrap tree #112, logLikelihood: -53258.965785
[00:13:16] Bootstrap tree #113, logLikelihood: -53689.001564
[00:13:20] Bootstrap tree #114, logLikelihood: -53933.424997
[00:13:26] Bootstrap tree #115, logLikelihood: -54053.147514
[00:13:31] Bootstrap tree #116, logLikelihood: -53893.598934
[00:13:36] Bootstrap tree #117, logLikelihood: -53914.931926
[00:13:42] Bootstrap tree #118, logLikelihood: -53927.113148
[00:13:49] Bootstrap tree #119, logLikelihood: -53410.122601
[00:13:55] Bootstrap tree #120, logLikelihood: -54400.611721
[00:13:59] Bootstrap tree #121, logLikelihood: -53504.523730
[00:14:04] Bootstrap tree #122, logLikelihood: -53914.290069
[00:14:09] Bootstrap tree #123, logLikelihood: -54151.626797
[00:14:14] Bootstrap tree #124, logLikelihood: -53552.492960
[00:14:19] Bootstrap tree #125, logLikelihood: -54285.848734
[00:14:25] Bootstrap tree #126, logLikelihood: -53580.886979
[00:14:30] Bootstrap tree #127, logLikelihood: -53610.527731
[00:14:36] Bootstrap tree #128, logLikelihood: -54197.077430
[00:14:42] Bootstrap tree #129, logLikelihood: -54090.588865
[00:14:50] Bootstrap tree #130, logLikelihood: -52627.871255
[00:14:55] Bootstrap tree #131, logLikelihood: -54097.490534
[00:15:00] Bootstrap tree #132, logLikelihood: -54567.547862
[00:15:05] Bootstrap tree #133, logLikelihood: -54550.644189
[00:15:14] Bootstrap tree #134, logLikelihood: -53959.120107
[00:15:19] Bootstrap tree #135, logLikelihood: -52828.907222
[00:15:25] Bootstrap tree #136, logLikelihood: -53279.911988
[00:15:31] Bootstrap tree #137, logLikelihood: -53716.275637
[00:15:37] Bootstrap tree #138, logLikelihood: -53402.219541
[00:15:43] Bootstrap tree #139, logLikelihood: -53201.521013
[00:15:48] Bootstrap tree #140, logLikelihood: -54626.064483
[00:15:53] Bootstrap tree #141, logLikelihood: -53291.375772
[00:15:58] Bootstrap tree #142, logLikelihood: -53288.477929
[00:16:04] Bootstrap tree #143, logLikelihood: -53786.933002
[00:16:09] Bootstrap tree #144, logLikelihood: -53290.636584
[00:16:15] Bootstrap tree #145, logLikelihood: -54018.243935
[00:16:26] Bootstrap tree #146, logLikelihood: -53626.694030
[00:16:30] Bootstrap tree #147, logLikelihood: -54468.266982
[00:16:36] Bootstrap tree #148, logLikelihood: -54153.688328
[00:16:40] Bootstrap tree #149, logLikelihood: -53834.522478
[00:16:46] Bootstrap tree #150, logLikelihood: -52934.100647
[00:16:51] Bootstrap tree #151, logLikelihood: -53273.820127
[00:16:57] Bootstrap tree #152, logLikelihood: -54059.894189
[00:17:03] Bootstrap tree #153, logLikelihood: -53710.204702
[00:17:08] Bootstrap tree #154, logLikelihood: -54236.910017
[00:17:15] Bootstrap tree #155, logLikelihood: -53369.368445
[00:17:20] Bootstrap tree #156, logLikelihood: -53600.446717
[00:17:25] Bootstrap tree #157, logLikelihood: -52975.605475
[00:17:31] Bootstrap tree #158, logLikelihood: -53419.217299
[00:17:36] Bootstrap tree #159, logLikelihood: -54148.485507
[00:17:42] Bootstrap tree #160, logLikelihood: -54797.675814
[00:17:46] Bootstrap tree #161, logLikelihood: -53261.155889
[00:17:53] Bootstrap tree #162, logLikelihood: -53376.361808
[00:17:58] Bootstrap tree #163, logLikelihood: -54394.910170
[00:18:04] Bootstrap tree #164, logLikelihood: -53949.487612
[00:18:12] Bootstrap tree #165, logLikelihood: -54284.287269
[00:18:18] Bootstrap tree #166, logLikelihood: -53907.753065
[00:18:23] Bootstrap tree #167, logLikelihood: -54244.641042
[00:18:28] Bootstrap tree #168, logLikelihood: -53852.423677
[00:18:33] Bootstrap tree #169, logLikelihood: -53858.770330
[00:18:39] Bootstrap tree #170, logLikelihood: -53670.907790
[00:18:44] Bootstrap tree #171, logLikelihood: -53889.564928
[00:18:49] Bootstrap tree #172, logLikelihood: -53713.896333
[00:18:55] Bootstrap tree #173, logLikelihood: -53474.238678
[00:18:59] Bootstrap tree #174, logLikelihood: -54102.061133
[00:19:05] Bootstrap tree #175, logLikelihood: -53734.353072
[00:19:12] Bootstrap tree #176, logLikelihood: -52650.169434
[00:19:17] Bootstrap tree #177, logLikelihood: -54429.228436
[00:19:20] Bootstrap tree #178, logLikelihood: -54352.568154
[00:19:26] Bootstrap tree #179, logLikelihood: -53114.887955
[00:19:31] Bootstrap tree #180, logLikelihood: -54082.756928
[00:19:35] Bootstrap tree #181, logLikelihood: -54054.877725
[00:19:40] Bootstrap tree #182, logLikelihood: -54353.926216
[00:19:47] Bootstrap tree #183, logLikelihood: -54669.134373
[00:19:52] Bootstrap tree #184, logLikelihood: -53560.045072
[00:19:57] Bootstrap tree #185, logLikelihood: -53692.080828
[00:20:03] Bootstrap tree #186, logLikelihood: -54027.634746
[00:20:09] Bootstrap tree #187, logLikelihood: -53940.504571
[00:20:14] Bootstrap tree #188, logLikelihood: -54159.813101
[00:20:19] Bootstrap tree #189, logLikelihood: -54934.515140
[00:20:24] Bootstrap tree #190, logLikelihood: -54318.739098
[00:20:31] Bootstrap tree #191, logLikelihood: -53763.898518
[00:20:36] Bootstrap tree #192, logLikelihood: -53428.052840
[00:20:43] Bootstrap tree #193, logLikelihood: -54958.493354
[00:20:47] Bootstrap tree #194, logLikelihood: -53784.073128
[00:20:53] Bootstrap tree #195, logLikelihood: -53369.387455
[00:20:58] Bootstrap tree #196, logLikelihood: -53299.285760
[00:21:03] Bootstrap tree #197, logLikelihood: -53998.379112
[00:21:09] Bootstrap tree #198, logLikelihood: -53403.445824
[00:21:15] Bootstrap tree #199, logLikelihood: -53991.490906
[00:21:20] Bootstrap tree #200, logLikelihood: -54361.556214
[00:21:28] Bootstrap tree #201, logLikelihood: -53748.391132
[00:21:32] Bootstrap tree #202, logLikelihood: -54175.111778
[00:21:37] Bootstrap tree #203, logLikelihood: -53401.828207
[00:21:43] Bootstrap tree #204, logLikelihood: -53428.184965
[00:21:48] Bootstrap tree #205, logLikelihood: -53007.826033
[00:21:53] Bootstrap tree #206, logLikelihood: -54167.220532
[00:21:58] Bootstrap tree #207, logLikelihood: -54433.936226
[00:22:05] Bootstrap tree #208, logLikelihood: -53366.334200
[00:22:10] Bootstrap tree #209, logLikelihood: -52785.805768
[00:22:15] Bootstrap tree #210, logLikelihood: -54053.693686
[00:22:21] Bootstrap tree #211, logLikelihood: -53296.730087
[00:22:28] Bootstrap tree #212, logLikelihood: -53251.259088
[00:22:33] Bootstrap tree #213, logLikelihood: -53457.574307
[00:22:38] Bootstrap tree #214, logLikelihood: -53980.913885
[00:22:44] Bootstrap tree #215, logLikelihood: -54234.896902
[00:22:50] Bootstrap tree #216, logLikelihood: -52754.448025
[00:22:55] Bootstrap tree #217, logLikelihood: -53365.736315
[00:23:01] Bootstrap tree #218, logLikelihood: -53483.975681
[00:23:06] Bootstrap tree #219, logLikelihood: -52789.119375
[00:23:11] Bootstrap tree #220, logLikelihood: -54536.287254
[00:23:17] Bootstrap tree #221, logLikelihood: -53325.309888
[00:23:22] Bootstrap tree #222, logLikelihood: -54053.686920
[00:23:29] Bootstrap tree #223, logLikelihood: -53492.526534
[00:23:34] Bootstrap tree #224, logLikelihood: -54580.459666
[00:23:39] Bootstrap tree #225, logLikelihood: -53447.888194
[00:23:44] Bootstrap tree #226, logLikelihood: -53294.033470
[00:23:49] Bootstrap tree #227, logLikelihood: -53285.399520
[00:23:55] Bootstrap tree #228, logLikelihood: -52410.355502
[00:24:00] Bootstrap tree #229, logLikelihood: -53440.425462
[00:24:05] Bootstrap tree #230, logLikelihood: -53629.302723
[00:24:11] Bootstrap tree #231, logLikelihood: -53166.995821
[00:24:16] Bootstrap tree #232, logLikelihood: -55652.535672
[00:24:21] Bootstrap tree #233, logLikelihood: -53607.388219
[00:24:27] Bootstrap tree #234, logLikelihood: -54128.751101
[00:24:32] Bootstrap tree #235, logLikelihood: -53902.654161
[00:24:37] Bootstrap tree #236, logLikelihood: -53732.218152
[00:24:41] Bootstrap tree #237, logLikelihood: -53489.227813
[00:24:48] Bootstrap tree #238, logLikelihood: -54006.946749
[00:24:53] Bootstrap tree #239, logLikelihood: -52470.592452
[00:24:58] Bootstrap tree #240, logLikelihood: -53858.698193
[00:25:04] Bootstrap tree #241, logLikelihood: -52479.949116
[00:25:09] Bootstrap tree #242, logLikelihood: -53965.171733
[00:25:14] Bootstrap tree #243, logLikelihood: -54259.098021
[00:25:20] Bootstrap tree #244, logLikelihood: -53789.685122
[00:25:24] Bootstrap tree #245, logLikelihood: -53851.440643
[00:25:30] Bootstrap tree #246, logLikelihood: -53451.401201
[00:25:34] Bootstrap tree #247, logLikelihood: -53039.638507
[00:25:39] Bootstrap tree #248, logLikelihood: -52920.188529
[00:25:44] Bootstrap tree #249, logLikelihood: -53951.625733
[00:25:51] Bootstrap tree #250, logLikelihood: -53671.426287
[00:25:57] Bootstrap tree #251, logLikelihood: -54273.190986
[00:26:02] Bootstrap tree #252, logLikelihood: -54130.070199
[00:26:06] Bootstrap tree #253, logLikelihood: -53838.642526
[00:26:12] Bootstrap tree #254, logLikelihood: -53172.770027
[00:26:17] Bootstrap tree #255, logLikelihood: -53549.118186
[00:26:24] Bootstrap tree #256, logLikelihood: -53849.875151
[00:26:28] Bootstrap tree #257, logLikelihood: -54104.096503
[00:26:34] Bootstrap tree #258, logLikelihood: -54107.483613
[00:26:41] Bootstrap tree #259, logLikelihood: -54038.656721
[00:26:45] Bootstrap tree #260, logLikelihood: -53214.389446
[00:26:50] Bootstrap tree #261, logLikelihood: -53628.643936
[00:26:56] Bootstrap tree #262, logLikelihood: -53766.227196
[00:27:01] Bootstrap tree #263, logLikelihood: -53681.805056
[00:27:06] Bootstrap tree #264, logLikelihood: -54231.362790
[00:27:12] Bootstrap tree #265, logLikelihood: -54008.775320
[00:27:16] Bootstrap tree #266, logLikelihood: -53546.757529
[00:27:21] Bootstrap tree #267, logLikelihood: -53378.399520
[00:27:25] Bootstrap tree #268, logLikelihood: -53703.818160
[00:27:31] Bootstrap tree #269, logLikelihood: -53587.194484
[00:27:35] Bootstrap tree #270, logLikelihood: -54551.940960
[00:27:40] Bootstrap tree #271, logLikelihood: -52964.946359
[00:27:45] Bootstrap tree #272, logLikelihood: -53911.586663
[00:27:51] Bootstrap tree #273, logLikelihood: -52612.008144
[00:27:57] Bootstrap tree #274, logLikelihood: -53799.023804
[00:28:04] Bootstrap tree #275, logLikelihood: -53567.157999
[00:28:09] Bootstrap tree #276, logLikelihood: -53217.661212
[00:28:14] Bootstrap tree #277, logLikelihood: -53310.922482
[00:28:21] Bootstrap tree #278, logLikelihood: -53956.656715
[00:28:25] Bootstrap tree #279, logLikelihood: -53944.469748
[00:28:31] Bootstrap tree #280, logLikelihood: -53977.914696
[00:28:36] Bootstrap tree #281, logLikelihood: -54185.435581
[00:28:41] Bootstrap tree #282, logLikelihood: -53135.240381
[00:28:46] Bootstrap tree #283, logLikelihood: -53582.472949
[00:28:51] Bootstrap tree #284, logLikelihood: -53169.532933
[00:28:57] Bootstrap tree #285, logLikelihood: -52623.203301
[00:29:04] Bootstrap tree #286, logLikelihood: -54245.914894
[00:29:08] Bootstrap tree #287, logLikelihood: -53456.673095
[00:29:13] Bootstrap tree #288, logLikelihood: -54037.591162
[00:29:20] Bootstrap tree #289, logLikelihood: -54099.435378
[00:29:24] Bootstrap tree #290, logLikelihood: -53146.949822
[00:29:30] Bootstrap tree #291, logLikelihood: -53213.539272
[00:29:35] Bootstrap tree #292, logLikelihood: -52991.888908
[00:29:40] Bootstrap tree #293, logLikelihood: -53524.852432
[00:29:46] Bootstrap tree #294, logLikelihood: -53538.454699
[00:29:53] Bootstrap tree #295, logLikelihood: -53682.196430
[00:30:01] Bootstrap tree #296, logLikelihood: -54900.501282
[00:30:05] Bootstrap tree #297, logLikelihood: -54540.441199
[00:30:10] Bootstrap tree #298, logLikelihood: -53409.464511
[00:30:15] Bootstrap tree #299, logLikelihood: -54144.382441
[00:30:21] Bootstrap tree #300, logLikelihood: -53274.967988
[00:30:29] Bootstrap tree #301, logLikelihood: -53176.609281
[00:30:36] Bootstrap tree #302, logLikelihood: -53142.522677
[00:30:41] Bootstrap tree #303, logLikelihood: -54300.236591
[00:30:47] Bootstrap tree #304, logLikelihood: -53439.067546
[00:30:53] Bootstrap tree #305, logLikelihood: -54263.422460
[00:30:59] Bootstrap tree #306, logLikelihood: -54318.963799
[00:31:04] Bootstrap tree #307, logLikelihood: -53602.244171
[00:31:09] Bootstrap tree #308, logLikelihood: -54130.046353
[00:31:15] Bootstrap tree #309, logLikelihood: -53603.133864
[00:31:20] Bootstrap tree #310, logLikelihood: -53475.141266
[00:31:26] Bootstrap tree #311, logLikelihood: -54163.307372
[00:31:32] Bootstrap tree #312, logLikelihood: -53444.100339
[00:31:38] Bootstrap tree #313, logLikelihood: -53209.436271
[00:31:44] Bootstrap tree #314, logLikelihood: -54255.647286
[00:31:51] Bootstrap tree #315, logLikelihood: -54195.253917
[00:31:56] Bootstrap tree #316, logLikelihood: -53159.677182
[00:32:01] Bootstrap tree #317, logLikelihood: -53124.696285
[00:32:06] Bootstrap tree #318, logLikelihood: -53505.434220
[00:32:11] Bootstrap tree #319, logLikelihood: -53127.263979
[00:32:16] Bootstrap tree #320, logLikelihood: -53524.564559
[00:32:21] Bootstrap tree #321, logLikelihood: -53137.269093
[00:32:27] Bootstrap tree #322, logLikelihood: -52412.742587
[00:32:32] Bootstrap tree #323, logLikelihood: -53979.678120
[00:32:37] Bootstrap tree #324, logLikelihood: -52969.573031
[00:32:43] Bootstrap tree #325, logLikelihood: -53743.997583
[00:32:49] Bootstrap tree #326, logLikelihood: -53345.501766
[00:32:56] Bootstrap tree #327, logLikelihood: -53725.446480
[00:33:02] Bootstrap tree #328, logLikelihood: -54412.759729
[00:33:07] Bootstrap tree #329, logLikelihood: -53655.639845
[00:33:12] Bootstrap tree #330, logLikelihood: -53054.580471
[00:33:18] Bootstrap tree #331, logLikelihood: -54233.235685
[00:33:24] Bootstrap tree #332, logLikelihood: -54379.063072
[00:33:32] Bootstrap tree #333, logLikelihood: -53540.230004
[00:33:37] Bootstrap tree #334, logLikelihood: -54097.503651
[00:33:43] Bootstrap tree #335, logLikelihood: -54736.676641
[00:33:50] Bootstrap tree #336, logLikelihood: -55374.130540
[00:33:56] Bootstrap tree #337, logLikelihood: -54721.075392
[00:34:01] Bootstrap tree #338, logLikelihood: -53986.409973
[00:34:08] Bootstrap tree #339, logLikelihood: -53609.208318
[00:34:14] Bootstrap tree #340, logLikelihood: -53316.918079
[00:34:20] Bootstrap tree #341, logLikelihood: -53148.277792
[00:34:27] Bootstrap tree #342, logLikelihood: -54087.859764
[00:34:32] Bootstrap tree #343, logLikelihood: -54574.945130
[00:34:37] Bootstrap tree #344, logLikelihood: -54458.452626
[00:34:43] Bootstrap tree #345, logLikelihood: -53503.705665
[00:34:50] Bootstrap tree #346, logLikelihood: -53958.658880
[00:34:55] Bootstrap tree #347, logLikelihood: -53005.312894
[00:35:00] Bootstrap tree #348, logLikelihood: -53183.586922
[00:35:06] Bootstrap tree #349, logLikelihood: -52507.244104
[00:35:11] Bootstrap tree #350, logLikelihood: -52857.650439
[00:35:16] Bootstrap tree #351, logLikelihood: -53935.865723
[00:35:23] Bootstrap tree #352, logLikelihood: -53748.153029
[00:35:29] Bootstrap tree #353, logLikelihood: -53354.123745
[00:35:33] Bootstrap tree #354, logLikelihood: -54259.698753
[00:35:40] Bootstrap tree #355, logLikelihood: -53378.898669
[00:35:45] Bootstrap tree #356, logLikelihood: -53453.178415
[00:35:50] Bootstrap tree #357, logLikelihood: -53186.245576
[00:35:56] Bootstrap tree #358, logLikelihood: -53898.940784
[00:36:02] Bootstrap tree #359, logLikelihood: -53400.150702
[00:36:07] Bootstrap tree #360, logLikelihood: -53099.196781
[00:36:12] Bootstrap tree #361, logLikelihood: -54516.011795
[00:36:19] Bootstrap tree #362, logLikelihood: -54201.324843
[00:36:24] Bootstrap tree #363, logLikelihood: -54125.778228
[00:36:30] Bootstrap tree #364, logLikelihood: -53343.763853
[00:36:36] Bootstrap tree #365, logLikelihood: -53810.398644
[00:36:43] Bootstrap tree #366, logLikelihood: -54632.987647
[00:36:49] Bootstrap tree #367, logLikelihood: -53364.678487
[00:36:55] Bootstrap tree #368, logLikelihood: -53345.536615
[00:37:03] Bootstrap tree #369, logLikelihood: -53673.781602
[00:37:08] Bootstrap tree #370, logLikelihood: -54283.582630
[00:37:14] Bootstrap tree #371, logLikelihood: -53520.485733
[00:37:20] Bootstrap tree #372, logLikelihood: -54013.526774
[00:37:26] Bootstrap tree #373, logLikelihood: -53545.634770
[00:37:31] Bootstrap tree #374, logLikelihood: -53706.569190
[00:37:37] Bootstrap tree #375, logLikelihood: -54093.039736
[00:37:42] Bootstrap tree #376, logLikelihood: -53993.738987
[00:37:47] Bootstrap tree #377, logLikelihood: -54010.981175
[00:37:52] Bootstrap tree #378, logLikelihood: -54520.343374
[00:37:58] Bootstrap tree #379, logLikelihood: -53564.275291
[00:38:05] Bootstrap tree #380, logLikelihood: -53590.006442
[00:38:11] Bootstrap tree #381, logLikelihood: -52467.770169
[00:38:16] Bootstrap tree #382, logLikelihood: -52653.521369
[00:38:22] Bootstrap tree #383, logLikelihood: -54748.473867
[00:38:29] Bootstrap tree #384, logLikelihood: -53216.830919
[00:38:34] Bootstrap tree #385, logLikelihood: -54017.458134
[00:38:39] Bootstrap tree #386, logLikelihood: -54137.146804
[00:38:43] Bootstrap tree #387, logLikelihood: -52879.094358
[00:38:48] Bootstrap tree #388, logLikelihood: -54069.825657
[00:38:53] Bootstrap tree #389, logLikelihood: -54309.494712
[00:39:00] Bootstrap tree #390, logLikelihood: -54432.685685
[00:39:06] Bootstrap tree #391, logLikelihood: -53187.698196
[00:39:12] Bootstrap tree #392, logLikelihood: -52874.908366
[00:39:16] Bootstrap tree #393, logLikelihood: -53416.530967
[00:39:23] Bootstrap tree #394, logLikelihood: -53520.799523
[00:39:28] Bootstrap tree #395, logLikelihood: -53376.187831
[00:39:33] Bootstrap tree #396, logLikelihood: -53546.885679
[00:39:39] Bootstrap tree #397, logLikelihood: -54380.995871
[00:39:44] Bootstrap tree #398, logLikelihood: -53229.081104
[00:39:49] Bootstrap tree #399, logLikelihood: -54102.945309
[00:39:53] Bootstrap tree #400, logLikelihood: -53082.706261
[00:39:58] Bootstrap tree #401, logLikelihood: -54929.724743
[00:40:03] Bootstrap tree #402, logLikelihood: -53544.283898
[00:40:08] Bootstrap tree #403, logLikelihood: -55187.366524
[00:40:14] Bootstrap tree #404, logLikelihood: -54123.638419
[00:40:19] Bootstrap tree #405, logLikelihood: -54302.213533
[00:40:25] Bootstrap tree #406, logLikelihood: -53329.164218
[00:40:29] Bootstrap tree #407, logLikelihood: -54412.121596
[00:40:34] Bootstrap tree #408, logLikelihood: -53793.275386
[00:40:39] Bootstrap tree #409, logLikelihood: -53525.130787
[00:40:44] Bootstrap tree #410, logLikelihood: -53873.237077
[00:40:49] Bootstrap tree #411, logLikelihood: -53698.580322
[00:40:55] Bootstrap tree #412, logLikelihood: -53610.984870
[00:41:02] Bootstrap tree #413, logLikelihood: -53872.845842
[00:41:06] Bootstrap tree #414, logLikelihood: -54392.199840
[00:41:12] Bootstrap tree #415, logLikelihood: -54811.107285
[00:41:18] Bootstrap tree #416, logLikelihood: -52633.882593
[00:41:22] Bootstrap tree #417, logLikelihood: -54079.100068
[00:41:27] Bootstrap tree #418, logLikelihood: -54303.155273
[00:41:32] Bootstrap tree #419, logLikelihood: -53813.138833
[00:41:38] Bootstrap tree #420, logLikelihood: -55068.089546
[00:41:43] Bootstrap tree #421, logLikelihood: -53966.885869
[00:41:48] Bootstrap tree #422, logLikelihood: -54214.355118
[00:41:53] Bootstrap tree #423, logLikelihood: -54113.041301
[00:41:59] Bootstrap tree #424, logLikelihood: -53562.812556
[00:42:05] Bootstrap tree #425, logLikelihood: -53557.305693
[00:42:10] Bootstrap tree #426, logLikelihood: -54121.718300
[00:42:15] Bootstrap tree #427, logLikelihood: -53605.249882
[00:42:21] Bootstrap tree #428, logLikelihood: -54181.010397
[00:42:27] Bootstrap tree #429, logLikelihood: -54143.303246
[00:42:33] Bootstrap tree #430, logLikelihood: -53910.366497
[00:42:38] Bootstrap tree #431, logLikelihood: -53043.686756
[00:42:44] Bootstrap tree #432, logLikelihood: -53163.363669
[00:42:51] Bootstrap tree #433, logLikelihood: -52580.135932
[00:42:56] Bootstrap tree #434, logLikelihood: -55008.397404
[00:43:01] Bootstrap tree #435, logLikelihood: -53755.662694
[00:43:06] Bootstrap tree #436, logLikelihood: -54483.711538
[00:43:11] Bootstrap tree #437, logLikelihood: -53966.098873
[00:43:17] Bootstrap tree #438, logLikelihood: -53730.699781
[00:43:22] Bootstrap tree #439, logLikelihood: -53665.994357
[00:43:29] Bootstrap tree #440, logLikelihood: -54121.569542
[00:43:38] Bootstrap tree #441, logLikelihood: -53270.849717
[00:43:44] Bootstrap tree #442, logLikelihood: -53573.582606
[00:43:50] Bootstrap tree #443, logLikelihood: -52810.301398
[00:43:56] Bootstrap tree #444, logLikelihood: -54145.168765
[00:44:00] Bootstrap tree #445, logLikelihood: -54310.034116
[00:44:05] Bootstrap tree #446, logLikelihood: -53701.993922
[00:44:10] Bootstrap tree #447, logLikelihood: -53418.085618
[00:44:18] Bootstrap tree #448, logLikelihood: -53802.912421
[00:44:23] Bootstrap tree #449, logLikelihood: -53623.108994
[00:44:29] Bootstrap tree #450, logLikelihood: -52919.134093
[00:44:34] Bootstrap tree #451, logLikelihood: -53628.772944
[00:44:39] Bootstrap tree #452, logLikelihood: -53452.598863
[00:44:45] Bootstrap tree #453, logLikelihood: -53477.951710
[00:44:51] Bootstrap tree #454, logLikelihood: -53975.799921
[00:44:55] Bootstrap tree #455, logLikelihood: -54395.873305
[00:45:01] Bootstrap tree #456, logLikelihood: -52827.359834
[00:45:06] Bootstrap tree #457, logLikelihood: -53668.076768
[00:45:12] Bootstrap tree #458, logLikelihood: -53223.542375
[00:45:18] Bootstrap tree #459, logLikelihood: -54291.949506
[00:45:23] Bootstrap tree #460, logLikelihood: -53915.645313
[00:45:29] Bootstrap tree #461, logLikelihood: -54300.238973
[00:45:34] Bootstrap tree #462, logLikelihood: -54639.061180
[00:45:40] Bootstrap tree #463, logLikelihood: -53482.089566
[00:45:45] Bootstrap tree #464, logLikelihood: -53152.170855
[00:45:50] Bootstrap tree #465, logLikelihood: -53597.483675
[00:45:55] Bootstrap tree #466, logLikelihood: -53922.398144
[00:46:01] Bootstrap tree #467, logLikelihood: -54230.682367
[00:46:07] Bootstrap tree #468, logLikelihood: -54145.113582
[00:46:14] Bootstrap tree #469, logLikelihood: -52944.351401
[00:46:20] Bootstrap tree #470, logLikelihood: -54474.573610
[00:46:24] Bootstrap tree #471, logLikelihood: -53401.789212
[00:46:29] Bootstrap tree #472, logLikelihood: -54079.361807
[00:46:37] Bootstrap tree #473, logLikelihood: -54504.915775
[00:46:42] Bootstrap tree #474, logLikelihood: -53753.005341
[00:46:48] Bootstrap tree #475, logLikelihood: -54257.331348
[00:46:56] Bootstrap tree #476, logLikelihood: -53102.150073
[00:47:02] Bootstrap tree #477, logLikelihood: -54068.763919
[00:47:07] Bootstrap tree #478, logLikelihood: -53815.729714
[00:47:12] Bootstrap tree #479, logLikelihood: -53209.976880
[00:47:17] Bootstrap tree #480, logLikelihood: -54253.629601
[00:47:24] Bootstrap tree #481, logLikelihood: -53414.256310
[00:47:30] Bootstrap tree #482, logLikelihood: -54077.258115
[00:47:36] Bootstrap tree #483, logLikelihood: -52706.679917
[00:47:40] Bootstrap tree #484, logLikelihood: -54355.185930
[00:47:46] Bootstrap tree #485, logLikelihood: -53243.158504
[00:47:51] Bootstrap tree #486, logLikelihood: -53885.767675
[00:47:57] Bootstrap tree #487, logLikelihood: -54497.234255
[00:48:03] Bootstrap tree #488, logLikelihood: -54423.019254
[00:48:08] Bootstrap tree #489, logLikelihood: -53474.599008
[00:48:14] Bootstrap tree #490, logLikelihood: -54122.248997
[00:48:19] Bootstrap tree #491, logLikelihood: -53792.409995
[00:48:24] Bootstrap tree #492, logLikelihood: -53584.760212
[00:48:30] Bootstrap tree #493, logLikelihood: -53902.926897
[00:48:35] Bootstrap tree #494, logLikelihood: -54210.979755
[00:48:40] Bootstrap tree #495, logLikelihood: -53600.519316
[00:48:46] Bootstrap tree #496, logLikelihood: -53818.575659
[00:48:51] Bootstrap tree #497, logLikelihood: -53974.516697
[00:48:57] Bootstrap tree #498, logLikelihood: -53643.631159
[00:49:01] Bootstrap tree #499, logLikelihood: -53865.634844
[00:49:07] Bootstrap tree #500, logLikelihood: -53067.223750
[00:49:13] Bootstrap tree #501, logLikelihood: -54052.374407
[00:49:18] Bootstrap tree #502, logLikelihood: -53594.743922
[00:49:24] Bootstrap tree #503, logLikelihood: -53769.289441
[00:49:30] Bootstrap tree #504, logLikelihood: -53172.113698
[00:49:36] Bootstrap tree #505, logLikelihood: -53248.604850
[00:49:41] Bootstrap tree #506, logLikelihood: -53047.155404
[00:49:47] Bootstrap tree #507, logLikelihood: -53783.360903
[00:49:52] Bootstrap tree #508, logLikelihood: -53910.280304
[00:49:58] Bootstrap tree #509, logLikelihood: -53468.311151
[00:50:04] Bootstrap tree #510, logLikelihood: -53563.416345
[00:50:08] Bootstrap tree #511, logLikelihood: -53640.972477
[00:50:13] Bootstrap tree #512, logLikelihood: -53795.782358
[00:50:17] Bootstrap tree #513, logLikelihood: -53469.915566
[00:50:22] Bootstrap tree #514, logLikelihood: -52854.055349
[00:50:26] Bootstrap tree #515, logLikelihood: -54061.105949
[00:50:31] Bootstrap tree #516, logLikelihood: -53842.750370
[00:50:37] Bootstrap tree #517, logLikelihood: -54067.910036
[00:50:42] Bootstrap tree #518, logLikelihood: -52281.739377
[00:50:48] Bootstrap tree #519, logLikelihood: -52695.037295
[00:50:53] Bootstrap tree #520, logLikelihood: -54384.194538
[00:50:58] Bootstrap tree #521, logLikelihood: -53018.669153
[00:51:04] Bootstrap tree #522, logLikelihood: -54047.585625
[00:51:09] Bootstrap tree #523, logLikelihood: -53509.686267
[00:51:14] Bootstrap tree #524, logLikelihood: -53067.688573
[00:51:20] Bootstrap tree #525, logLikelihood: -53350.647318
[00:51:27] Bootstrap tree #526, logLikelihood: -53730.936294
[00:51:32] Bootstrap tree #527, logLikelihood: -53785.845893
[00:51:38] Bootstrap tree #528, logLikelihood: -53216.273816
[00:51:43] Bootstrap tree #529, logLikelihood: -54435.170590
[00:51:50] Bootstrap tree #530, logLikelihood: -54657.301984
[00:51:54] Bootstrap tree #531, logLikelihood: -53210.275419
[00:51:59] Bootstrap tree #532, logLikelihood: -53710.866283
[00:52:05] Bootstrap tree #533, logLikelihood: -53938.770946
[00:52:10] Bootstrap tree #534, logLikelihood: -53877.528829
[00:52:15] Bootstrap tree #535, logLikelihood: -53376.003903
[00:52:20] Bootstrap tree #536, logLikelihood: -54748.845911
[00:52:26] Bootstrap tree #537, logLikelihood: -53606.317359
[00:52:32] Bootstrap tree #538, logLikelihood: -53162.401771
[00:52:38] Bootstrap tree #539, logLikelihood: -54036.471391
[00:52:44] Bootstrap tree #540, logLikelihood: -54166.765488
[00:52:51] Bootstrap tree #541, logLikelihood: -53506.463252
[00:52:56] Bootstrap tree #542, logLikelihood: -54066.263998
[00:53:02] Bootstrap tree #543, logLikelihood: -53498.123647
[00:53:06] Bootstrap tree #544, logLikelihood: -54743.819803
[00:53:10] Bootstrap tree #545, logLikelihood: -53417.042544
[00:53:17] Bootstrap tree #546, logLikelihood: -54586.192746
[00:53:24] Bootstrap tree #547, logLikelihood: -53940.991042
[00:53:29] Bootstrap tree #548, logLikelihood: -52716.109425
[00:53:34] Bootstrap tree #549, logLikelihood: -53532.501486
[00:53:39] Bootstrap tree #550, logLikelihood: -53920.991941
[00:53:45] Bootstrap tree #551, logLikelihood: -53685.660972
[00:53:55] Bootstrap tree #552, logLikelihood: -53816.800546
[00:54:01] Bootstrap tree #553, logLikelihood: -53365.828807
[00:54:07] Bootstrap tree #554, logLikelihood: -53542.491927
[00:54:14] Bootstrap tree #555, logLikelihood: -53540.878376
[00:54:20] Bootstrap tree #556, logLikelihood: -52571.960306
[00:54:25] Bootstrap tree #557, logLikelihood: -54476.485351
[00:54:30] Bootstrap tree #558, logLikelihood: -54019.446807
[00:54:35] Bootstrap tree #559, logLikelihood: -53235.198402
[00:54:42] Bootstrap tree #560, logLikelihood: -53894.842215
[00:54:46] Bootstrap tree #561, logLikelihood: -53393.004334
[00:54:52] Bootstrap tree #562, logLikelihood: -53503.433233
[00:54:56] Bootstrap tree #563, logLikelihood: -53972.526407
[00:55:01] Bootstrap tree #564, logLikelihood: -54331.509780
[00:55:06] Bootstrap tree #565, logLikelihood: -53080.875974
[00:55:12] Bootstrap tree #566, logLikelihood: -54735.595044
[00:55:17] Bootstrap tree #567, logLikelihood: -53797.077156
[00:55:24] Bootstrap tree #568, logLikelihood: -53447.662820
[00:55:29] Bootstrap tree #569, logLikelihood: -53585.998407
[00:55:35] Bootstrap tree #570, logLikelihood: -53190.999288
[00:55:39] Bootstrap tree #571, logLikelihood: -53113.912364
[00:55:45] Bootstrap tree #572, logLikelihood: -53126.002861
[00:55:51] Bootstrap tree #573, logLikelihood: -53802.266179
[00:55:56] Bootstrap tree #574, logLikelihood: -53583.244168
[00:56:01] Bootstrap tree #575, logLikelihood: -53653.455294
[00:56:07] Bootstrap tree #576, logLikelihood: -53281.351494
[00:56:14] Bootstrap tree #577, logLikelihood: -53458.943581
[00:56:19] Bootstrap tree #578, logLikelihood: -53415.514479
[00:56:26] Bootstrap tree #579, logLikelihood: -54007.162510
[00:56:31] Bootstrap tree #580, logLikelihood: -53819.026658
[00:56:35] Bootstrap tree #581, logLikelihood: -53453.894229
[00:56:42] Bootstrap tree #582, logLikelihood: -54485.526651
[00:56:47] Bootstrap tree #583, logLikelihood: -54071.813180
[00:56:53] Bootstrap tree #584, logLikelihood: -54500.161504
[00:56:58] Bootstrap tree #585, logLikelihood: -53439.742553
[00:57:02] Bootstrap tree #586, logLikelihood: -54794.775833
[00:57:07] Bootstrap tree #587, logLikelihood: -54026.565373
[00:57:12] Bootstrap tree #588, logLikelihood: -54677.712484
[00:57:17] Bootstrap tree #589, logLikelihood: -52976.605005
[00:57:24] Bootstrap tree #590, logLikelihood: -53733.905243
[00:57:29] Bootstrap tree #591, logLikelihood: -54202.939583
[00:57:37] Bootstrap tree #592, logLikelihood: -53744.438751
[00:57:42] Bootstrap tree #593, logLikelihood: -53098.251133
[00:57:48] Bootstrap tree #594, logLikelihood: -55230.598213
[00:57:53] Bootstrap tree #595, logLikelihood: -53494.998731
[00:57:59] Bootstrap tree #596, logLikelihood: -53670.533821
[00:58:06] Bootstrap tree #597, logLikelihood: -53384.826642
[00:58:10] Bootstrap tree #598, logLikelihood: -53639.792240
[00:58:16] Bootstrap tree #599, logLikelihood: -54382.554559
[00:58:21] Bootstrap tree #600, logLikelihood: -54091.708980
[00:58:26] Bootstrap tree #601, logLikelihood: -53273.998344
[00:58:33] Bootstrap tree #602, logLikelihood: -53490.759173
[00:58:38] Bootstrap tree #603, logLikelihood: -53843.987337
[00:58:43] Bootstrap tree #604, logLikelihood: -54227.801588
[00:58:48] Bootstrap tree #605, logLikelihood: -53772.959624
[00:58:53] Bootstrap tree #606, logLikelihood: -52702.988279
[00:58:58] Bootstrap tree #607, logLikelihood: -54137.991666
[00:59:06] Bootstrap tree #608, logLikelihood: -54038.958157
[00:59:10] Bootstrap tree #609, logLikelihood: -53735.891004
[00:59:15] Bootstrap tree #610, logLikelihood: -52370.178699
[00:59:21] Bootstrap tree #611, logLikelihood: -54237.225454
[00:59:26] Bootstrap tree #612, logLikelihood: -53871.901857
[00:59:32] Bootstrap tree #613, logLikelihood: -53474.175152
[00:59:39] Bootstrap tree #614, logLikelihood: -55394.900858
[00:59:45] Bootstrap tree #615, logLikelihood: -53504.468966
[00:59:51] Bootstrap tree #616, logLikelihood: -53378.341774
[00:59:55] Bootstrap tree #617, logLikelihood: -53856.628173
[01:00:00] Bootstrap tree #618, logLikelihood: -52636.372210
[01:00:06] Bootstrap tree #619, logLikelihood: -54325.795416
[01:00:11] Bootstrap tree #620, logLikelihood: -52307.099688
[01:00:15] Bootstrap tree #621, logLikelihood: -53633.501992
[01:00:20] Bootstrap tree #622, logLikelihood: -54030.120999
[01:00:27] Bootstrap tree #623, logLikelihood: -53423.773779
[01:00:31] Bootstrap tree #624, logLikelihood: -53063.018711
[01:00:37] Bootstrap tree #625, logLikelihood: -53715.257927
[01:00:43] Bootstrap tree #626, logLikelihood: -53192.967717
[01:00:51] Bootstrap tree #627, logLikelihood: -52766.501353
[01:00:56] Bootstrap tree #628, logLikelihood: -52711.048413
[01:01:02] Bootstrap tree #629, logLikelihood: -53617.491054
[01:01:08] Bootstrap tree #630, logLikelihood: -53746.590645
[01:01:13] Bootstrap tree #631, logLikelihood: -53365.580211
[01:01:18] Bootstrap tree #632, logLikelihood: -53639.762719
[01:01:22] Bootstrap tree #633, logLikelihood: -52434.086221
[01:01:27] Bootstrap tree #634, logLikelihood: -53587.093440
[01:01:33] Bootstrap tree #635, logLikelihood: -54319.931971
[01:01:38] Bootstrap tree #636, logLikelihood: -53521.478948
[01:01:44] Bootstrap tree #637, logLikelihood: -54959.973062
[01:01:49] Bootstrap tree #638, logLikelihood: -53611.118554
[01:01:56] Bootstrap tree #639, logLikelihood: -53330.617021
[01:02:03] Bootstrap tree #640, logLikelihood: -53758.484596
[01:02:07] Bootstrap tree #641, logLikelihood: -53788.607414
[01:02:12] Bootstrap tree #642, logLikelihood: -54806.547306
[01:02:18] Bootstrap tree #643, logLikelihood: -54585.059483
[01:02:22] Bootstrap tree #644, logLikelihood: -53604.257994
[01:02:27] Bootstrap tree #645, logLikelihood: -52796.516178
[01:02:32] Bootstrap tree #646, logLikelihood: -54027.737612
[01:02:38] Bootstrap tree #647, logLikelihood: -54431.839651
[01:02:44] Bootstrap tree #648, logLikelihood: -54113.632321
[01:02:49] Bootstrap tree #649, logLikelihood: -53053.203454
[01:02:55] Bootstrap tree #650, logLikelihood: -53538.220055
[01:02:59] Bootstrap tree #651, logLikelihood: -53120.749118
[01:03:05] Bootstrap tree #652, logLikelihood: -54355.764304
[01:03:10] Bootstrap tree #653, logLikelihood: -53449.848937
[01:03:14] Bootstrap tree #654, logLikelihood: -53257.829767
[01:03:20] Bootstrap tree #655, logLikelihood: -54414.314717
[01:03:25] Bootstrap tree #656, logLikelihood: -53420.265142
[01:03:30] Bootstrap tree #657, logLikelihood: -53831.124814
[01:03:35] Bootstrap tree #658, logLikelihood: -53300.783835
[01:03:42] Bootstrap tree #659, logLikelihood: -54404.119377
[01:03:47] Bootstrap tree #660, logLikelihood: -53974.975400
[01:03:54] Bootstrap tree #661, logLikelihood: -53720.652009
[01:04:01] Bootstrap tree #662, logLikelihood: -53286.154207
[01:04:06] Bootstrap tree #663, logLikelihood: -53062.742410
[01:04:13] Bootstrap tree #664, logLikelihood: -54967.911195
[01:04:20] Bootstrap tree #665, logLikelihood: -53448.205416
[01:04:25] Bootstrap tree #666, logLikelihood: -54133.660233
[01:04:31] Bootstrap tree #667, logLikelihood: -54154.611487
[01:04:36] Bootstrap tree #668, logLikelihood: -53773.791401
[01:04:42] Bootstrap tree #669, logLikelihood: -53490.332542
[01:04:47] Bootstrap tree #670, logLikelihood: -53630.950599
[01:04:53] Bootstrap tree #671, logLikelihood: -53842.020285
[01:04:58] Bootstrap tree #672, logLikelihood: -52405.730507
[01:05:07] Bootstrap tree #673, logLikelihood: -53513.505842
[01:05:14] Bootstrap tree #674, logLikelihood: -53079.083668
[01:05:20] Bootstrap tree #675, logLikelihood: -53804.785569
[01:05:27] Bootstrap tree #676, logLikelihood: -53903.250020
[01:05:33] Bootstrap tree #677, logLikelihood: -53415.798901
[01:05:40] Bootstrap tree #678, logLikelihood: -52923.604422
[01:05:44] Bootstrap tree #679, logLikelihood: -53294.128989
[01:05:52] Bootstrap tree #680, logLikelihood: -53707.160184
[01:06:01] Bootstrap tree #681, logLikelihood: -53995.593901
[01:06:08] Bootstrap tree #682, logLikelihood: -53414.544548
[01:06:14] Bootstrap tree #683, logLikelihood: -53564.096240
[01:06:21] Bootstrap tree #684, logLikelihood: -53896.873090
[01:06:31] Bootstrap tree #685, logLikelihood: -53768.860994
[01:06:37] Bootstrap tree #686, logLikelihood: -53047.091540
[01:06:45] Bootstrap tree #687, logLikelihood: -54894.044092
[01:06:51] Bootstrap tree #688, logLikelihood: -53604.805952
[01:07:00] Bootstrap tree #689, logLikelihood: -53671.371391
[01:07:04] Bootstrap tree #690, logLikelihood: -54246.952818
[01:07:10] Bootstrap tree #691, logLikelihood: -53941.151475
[01:07:15] Bootstrap tree #692, logLikelihood: -54290.400408
[01:07:20] Bootstrap tree #693, logLikelihood: -53205.058693
[01:07:25] Bootstrap tree #694, logLikelihood: -55343.804796
[01:07:31] Bootstrap tree #695, logLikelihood: -53680.594379
[01:07:36] Bootstrap tree #696, logLikelihood: -53333.732341
[01:07:41] Bootstrap tree #697, logLikelihood: -53339.019367
[01:07:49] Bootstrap tree #698, logLikelihood: -54448.406966
[01:07:54] Bootstrap tree #699, logLikelihood: -54255.955985
[01:07:59] Bootstrap tree #700, logLikelihood: -54463.449596
[01:08:04] Bootstrap tree #701, logLikelihood: -53741.644826
[01:08:12] Bootstrap tree #702, logLikelihood: -52723.524831
[01:08:17] Bootstrap tree #703, logLikelihood: -54462.573372
[01:08:22] Bootstrap tree #704, logLikelihood: -52382.498354
[01:08:26] Bootstrap tree #705, logLikelihood: -53787.732604
[01:08:32] Bootstrap tree #706, logLikelihood: -53445.281514
[01:08:38] Bootstrap tree #707, logLikelihood: -54348.501515
[01:08:43] Bootstrap tree #708, logLikelihood: -53591.968742
[01:08:49] Bootstrap tree #709, logLikelihood: -54976.622807
[01:08:55] Bootstrap tree #710, logLikelihood: -53739.395476
[01:09:03] Bootstrap tree #711, logLikelihood: -54405.893795
[01:09:08] Bootstrap tree #712, logLikelihood: -53413.070025
[01:09:14] Bootstrap tree #713, logLikelihood: -52978.285643
[01:09:18] Bootstrap tree #714, logLikelihood: -53215.476136
[01:09:23] Bootstrap tree #715, logLikelihood: -53672.547110
[01:09:29] Bootstrap tree #716, logLikelihood: -53855.267764
[01:09:35] Bootstrap tree #717, logLikelihood: -53868.860407
[01:09:39] Bootstrap tree #718, logLikelihood: -52905.947154
[01:09:46] Bootstrap tree #719, logLikelihood: -53766.758933
[01:09:51] Bootstrap tree #720, logLikelihood: -54324.363985
[01:09:57] Bootstrap tree #721, logLikelihood: -53342.618901
[01:10:03] Bootstrap tree #722, logLikelihood: -54520.175696
[01:10:07] Bootstrap tree #723, logLikelihood: -54154.349008
[01:10:12] Bootstrap tree #724, logLikelihood: -53761.071877
[01:10:16] Bootstrap tree #725, logLikelihood: -53813.441746
[01:10:23] Bootstrap tree #726, logLikelihood: -54685.150482
[01:10:28] Bootstrap tree #727, logLikelihood: -53203.648828
[01:10:34] Bootstrap tree #728, logLikelihood: -55136.974799
[01:10:38] Bootstrap tree #729, logLikelihood: -53257.247912
[01:10:42] Bootstrap tree #730, logLikelihood: -53737.214477
[01:10:48] Bootstrap tree #731, logLikelihood: -53440.189380
[01:10:52] Bootstrap tree #732, logLikelihood: -54000.905333
[01:10:57] Bootstrap tree #733, logLikelihood: -53154.176623
[01:11:03] Bootstrap tree #734, logLikelihood: -54125.506430
[01:11:08] Bootstrap tree #735, logLikelihood: -53775.226056
[01:11:13] Bootstrap tree #736, logLikelihood: -53436.306753
[01:11:19] Bootstrap tree #737, logLikelihood: -54105.272661
[01:11:25] Bootstrap tree #738, logLikelihood: -53841.757708
[01:11:29] Bootstrap tree #739, logLikelihood: -52702.836269
[01:11:35] Bootstrap tree #740, logLikelihood: -53382.565285
[01:11:41] Bootstrap tree #741, logLikelihood: -53119.528291
[01:11:46] Bootstrap tree #742, logLikelihood: -54591.091252
[01:11:54] Bootstrap tree #743, logLikelihood: -54182.094492
[01:12:00] Bootstrap tree #744, logLikelihood: -52925.087480
[01:12:05] Bootstrap tree #745, logLikelihood: -53371.252336
[01:12:11] Bootstrap tree #746, logLikelihood: -54451.705880
[01:12:17] Bootstrap tree #747, logLikelihood: -53815.298588
[01:12:21] Bootstrap tree #748, logLikelihood: -53138.943026
[01:12:27] Bootstrap tree #749, logLikelihood: -53949.424959
[01:12:34] Bootstrap tree #750, logLikelihood: -54311.722498
[01:12:38] Bootstrap tree #751, logLikelihood: -53145.052997
[01:12:43] Bootstrap tree #752, logLikelihood: -53854.819366
[01:12:48] Bootstrap tree #753, logLikelihood: -54255.754616
[01:12:52] Bootstrap tree #754, logLikelihood: -53100.981190
[01:12:57] Bootstrap tree #755, logLikelihood: -52822.476999
[01:13:03] Bootstrap tree #756, logLikelihood: -53691.298022
[01:13:09] Bootstrap tree #757, logLikelihood: -54367.988190
[01:13:15] Bootstrap tree #758, logLikelihood: -53320.543963
[01:13:21] Bootstrap tree #759, logLikelihood: -53395.896009
[01:13:25] Bootstrap tree #760, logLikelihood: -54526.894629
[01:13:31] Bootstrap tree #761, logLikelihood: -53258.657213
[01:13:36] Bootstrap tree #762, logLikelihood: -53271.289199
[01:13:42] Bootstrap tree #763, logLikelihood: -53278.394013
[01:13:48] Bootstrap tree #764, logLikelihood: -54306.225100
[01:13:52] Bootstrap tree #765, logLikelihood: -53807.054238
[01:13:57] Bootstrap tree #766, logLikelihood: -53175.031443
[01:14:02] Bootstrap tree #767, logLikelihood: -53854.411852
[01:14:07] Bootstrap tree #768, logLikelihood: -53578.265235
[01:14:11] Bootstrap tree #769, logLikelihood: -53805.403342
[01:14:17] Bootstrap tree #770, logLikelihood: -52963.085349
[01:14:24] Bootstrap tree #771, logLikelihood: -54284.776867
[01:14:33] Bootstrap tree #772, logLikelihood: -53230.633962
[01:14:38] Bootstrap tree #773, logLikelihood: -53594.125296
[01:14:45] Bootstrap tree #774, logLikelihood: -54393.325576
[01:14:53] Bootstrap tree #775, logLikelihood: -53708.047890
[01:14:58] Bootstrap tree #776, logLikelihood: -54706.987635
[01:15:05] Bootstrap tree #777, logLikelihood: -54300.781484
[01:15:10] Bootstrap tree #778, logLikelihood: -52872.999804
[01:15:16] Bootstrap tree #779, logLikelihood: -54198.381353
[01:15:21] Bootstrap tree #780, logLikelihood: -54114.737758
[01:15:27] Bootstrap tree #781, logLikelihood: -54523.350300
[01:15:32] Bootstrap tree #782, logLikelihood: -53007.045763
[01:15:39] Bootstrap tree #783, logLikelihood: -53666.255115
[01:15:45] Bootstrap tree #784, logLikelihood: -53850.651904
[01:15:49] Bootstrap tree #785, logLikelihood: -53633.339355
[01:15:53] Bootstrap tree #786, logLikelihood: -54375.868231
[01:16:00] Bootstrap tree #787, logLikelihood: -53385.877514
[01:16:05] Bootstrap tree #788, logLikelihood: -53611.177373
[01:16:10] Bootstrap tree #789, logLikelihood: -54123.335724
[01:16:15] Bootstrap tree #790, logLikelihood: -53217.487275
[01:16:21] Bootstrap tree #791, logLikelihood: -53963.380312
[01:16:26] Bootstrap tree #792, logLikelihood: -53399.634035
[01:16:30] Bootstrap tree #793, logLikelihood: -52930.783081
[01:16:36] Bootstrap tree #794, logLikelihood: -54644.012102
[01:16:40] Bootstrap tree #795, logLikelihood: -54014.046815
[01:16:46] Bootstrap tree #796, logLikelihood: -52715.040815
[01:16:51] Bootstrap tree #797, logLikelihood: -54567.605907
[01:16:56] Bootstrap tree #798, logLikelihood: -54411.768572
[01:17:01] Bootstrap tree #799, logLikelihood: -54307.036141
[01:17:06] Bootstrap tree #800, logLikelihood: -53455.969807
[01:17:12] Bootstrap tree #801, logLikelihood: -53217.289617
[01:17:17] Bootstrap tree #802, logLikelihood: -54504.873787
[01:17:21] Bootstrap tree #803, logLikelihood: -54594.365948
[01:17:26] Bootstrap tree #804, logLikelihood: -53453.834503
[01:17:31] Bootstrap tree #805, logLikelihood: -53328.474943
[01:17:37] Bootstrap tree #806, logLikelihood: -53891.234876
[01:17:42] Bootstrap tree #807, logLikelihood: -53998.207575
[01:17:47] Bootstrap tree #808, logLikelihood: -53443.506988
[01:17:52] Bootstrap tree #809, logLikelihood: -53025.830567
[01:17:58] Bootstrap tree #810, logLikelihood: -53740.034108
[01:18:04] Bootstrap tree #811, logLikelihood: -54045.288061
[01:18:10] Bootstrap tree #812, logLikelihood: -53882.075036
[01:18:15] Bootstrap tree #813, logLikelihood: -54509.003831
[01:18:22] Bootstrap tree #814, logLikelihood: -53431.919686
[01:18:27] Bootstrap tree #815, logLikelihood: -53054.600291
[01:18:33] Bootstrap tree #816, logLikelihood: -54466.098031
[01:18:38] Bootstrap tree #817, logLikelihood: -53829.816004
[01:18:43] Bootstrap tree #818, logLikelihood: -53657.957414
[01:18:49] Bootstrap tree #819, logLikelihood: -53431.589125
[01:18:56] Bootstrap tree #820, logLikelihood: -53898.615758
[01:19:01] Bootstrap tree #821, logLikelihood: -53161.916123
[01:19:07] Bootstrap tree #822, logLikelihood: -54837.394963
[01:19:14] Bootstrap tree #823, logLikelihood: -53531.915764
[01:19:19] Bootstrap tree #824, logLikelihood: -53339.968094
[01:19:25] Bootstrap tree #825, logLikelihood: -54836.076690
[01:19:30] Bootstrap tree #826, logLikelihood: -53821.062935
[01:19:36] Bootstrap tree #827, logLikelihood: -53743.552679
[01:19:40] Bootstrap tree #828, logLikelihood: -53117.103451
[01:19:47] Bootstrap tree #829, logLikelihood: -53565.734709
[01:19:52] Bootstrap tree #830, logLikelihood: -52873.870914
[01:19:59] Bootstrap tree #831, logLikelihood: -53190.141413
[01:20:06] Bootstrap tree #832, logLikelihood: -53727.061939
[01:20:11] Bootstrap tree #833, logLikelihood: -53913.835588
[01:20:16] Bootstrap tree #834, logLikelihood: -53435.484858
[01:20:21] Bootstrap tree #835, logLikelihood: -53034.959484
[01:20:27] Bootstrap tree #836, logLikelihood: -54240.175367
[01:20:32] Bootstrap tree #837, logLikelihood: -52990.359854
[01:20:40] Bootstrap tree #838, logLikelihood: -53949.616463
[01:20:46] Bootstrap tree #839, logLikelihood: -54155.806229
[01:20:52] Bootstrap tree #840, logLikelihood: -53428.485047
[01:20:56] Bootstrap tree #841, logLikelihood: -54067.863157
[01:21:01] Bootstrap tree #842, logLikelihood: -53820.940325
[01:21:07] Bootstrap tree #843, logLikelihood: -53260.224140
[01:21:11] Bootstrap tree #844, logLikelihood: -52784.251162
[01:21:16] Bootstrap tree #845, logLikelihood: -54080.854897
[01:21:21] Bootstrap tree #846, logLikelihood: -54400.034541
[01:21:26] Bootstrap tree #847, logLikelihood: -53651.830646
[01:21:30] Bootstrap tree #848, logLikelihood: -54058.670754
[01:21:38] Bootstrap tree #849, logLikelihood: -54185.362076
[01:21:43] Bootstrap tree #850, logLikelihood: -53172.935126
[01:21:50] Bootstrap tree #851, logLikelihood: -54164.831061
[01:21:56] Bootstrap tree #852, logLikelihood: -53689.315537
[01:22:01] Bootstrap tree #853, logLikelihood: -53199.723884
[01:22:07] Bootstrap tree #854, logLikelihood: -53352.307477
[01:22:12] Bootstrap tree #855, logLikelihood: -53818.958358
[01:22:17] Bootstrap tree #856, logLikelihood: -54407.741927
[01:22:24] Bootstrap tree #857, logLikelihood: -54158.103553
[01:22:29] Bootstrap tree #858, logLikelihood: -52927.750465
[01:22:33] Bootstrap tree #859, logLikelihood: -53557.131009
[01:22:39] Bootstrap tree #860, logLikelihood: -52842.667849
[01:22:43] Bootstrap tree #861, logLikelihood: -53185.306550
[01:22:48] Bootstrap tree #862, logLikelihood: -54353.708513
[01:22:54] Bootstrap tree #863, logLikelihood: -54189.867852
[01:23:01] Bootstrap tree #864, logLikelihood: -53421.506812
[01:23:08] Bootstrap tree #865, logLikelihood: -53145.511925
[01:23:14] Bootstrap tree #866, logLikelihood: -54426.176303
[01:23:18] Bootstrap tree #867, logLikelihood: -54046.503636
[01:23:23] Bootstrap tree #868, logLikelihood: -53716.062940
[01:23:28] Bootstrap tree #869, logLikelihood: -54345.874287
[01:23:33] Bootstrap tree #870, logLikelihood: -55117.163708
[01:23:39] Bootstrap tree #871, logLikelihood: -53877.874788
[01:23:43] Bootstrap tree #872, logLikelihood: -53726.813128
[01:23:48] Bootstrap tree #873, logLikelihood: -54464.940248
[01:23:55] Bootstrap tree #874, logLikelihood: -54215.561548
[01:24:00] Bootstrap tree #875, logLikelihood: -53017.902599
[01:24:06] Bootstrap tree #876, logLikelihood: -53179.186360
[01:24:12] Bootstrap tree #877, logLikelihood: -54344.155070
[01:24:16] Bootstrap tree #878, logLikelihood: -53782.184216
[01:24:21] Bootstrap tree #879, logLikelihood: -53085.515590
[01:24:27] Bootstrap tree #880, logLikelihood: -53570.907297
[01:24:32] Bootstrap tree #881, logLikelihood: -54457.748371
[01:24:37] Bootstrap tree #882, logLikelihood: -52950.721670
[01:24:43] Bootstrap tree #883, logLikelihood: -52714.170846
[01:24:50] Bootstrap tree #884, logLikelihood: -54213.982325
[01:24:55] Bootstrap tree #885, logLikelihood: -53778.122678
[01:25:00] Bootstrap tree #886, logLikelihood: -52776.291662
[01:25:05] Bootstrap tree #887, logLikelihood: -54624.784329
[01:25:11] Bootstrap tree #888, logLikelihood: -53549.760399
[01:25:16] Bootstrap tree #889, logLikelihood: -54157.191990
[01:25:21] Bootstrap tree #890, logLikelihood: -53343.525780
[01:25:27] Bootstrap tree #891, logLikelihood: -53801.121905
[01:25:32] Bootstrap tree #892, logLikelihood: -53789.280864
[01:25:38] Bootstrap tree #893, logLikelihood: -53567.918547
[01:25:43] Bootstrap tree #894, logLikelihood: -54645.684459
[01:25:48] Bootstrap tree #895, logLikelihood: -54497.489028
[01:25:54] Bootstrap tree #896, logLikelihood: -54078.215826
[01:26:00] Bootstrap tree #897, logLikelihood: -53192.116156
[01:26:06] Bootstrap tree #898, logLikelihood: -53128.855592
[01:26:12] Bootstrap tree #899, logLikelihood: -55088.599391
[01:26:17] Bootstrap tree #900, logLikelihood: -53721.698542
[01:26:22] Bootstrap tree #901, logLikelihood: -53772.169051
[01:26:26] Bootstrap tree #902, logLikelihood: -54603.969781
[01:26:31] Bootstrap tree #903, logLikelihood: -54283.111959
[01:26:36] Bootstrap tree #904, logLikelihood: -53459.043195
[01:26:41] Bootstrap tree #905, logLikelihood: -53314.388415
[01:26:47] Bootstrap tree #906, logLikelihood: -54578.432530
[01:26:52] Bootstrap tree #907, logLikelihood: -54227.933230
[01:26:57] Bootstrap tree #908, logLikelihood: -53724.166295
[01:27:02] Bootstrap tree #909, logLikelihood: -54319.744800
[01:27:07] Bootstrap tree #910, logLikelihood: -53720.015190
[01:27:13] Bootstrap tree #911, logLikelihood: -54222.786031
[01:27:19] Bootstrap tree #912, logLikelihood: -53536.898929
[01:27:24] Bootstrap tree #913, logLikelihood: -53360.109270
[01:27:30] Bootstrap tree #914, logLikelihood: -53713.587647
[01:27:35] Bootstrap tree #915, logLikelihood: -53006.169360
[01:27:40] Bootstrap tree #916, logLikelihood: -54150.917033
[01:27:45] Bootstrap tree #917, logLikelihood: -53741.771821
[01:27:52] Bootstrap tree #918, logLikelihood: -53251.845189
[01:27:58] Bootstrap tree #919, logLikelihood: -53262.286704
[01:28:02] Bootstrap tree #920, logLikelihood: -53565.262744
[01:28:07] Bootstrap tree #921, logLikelihood: -53849.135849
[01:28:14] Bootstrap tree #922, logLikelihood: -53560.618420
[01:28:18] Bootstrap tree #923, logLikelihood: -53986.838105
[01:28:24] Bootstrap tree #924, logLikelihood: -53805.123419
[01:28:30] Bootstrap tree #925, logLikelihood: -54259.784377
[01:28:35] Bootstrap tree #926, logLikelihood: -53087.421424
[01:28:41] Bootstrap tree #927, logLikelihood: -54216.015208
[01:28:45] Bootstrap tree #928, logLikelihood: -53719.239098
[01:28:51] Bootstrap tree #929, logLikelihood: -52947.945475
[01:28:56] Bootstrap tree #930, logLikelihood: -53537.556511
[01:29:01] Bootstrap tree #931, logLikelihood: -54014.701979
[01:29:07] Bootstrap tree #932, logLikelihood: -53667.011762
[01:29:14] Bootstrap tree #933, logLikelihood: -53320.609583
[01:29:18] Bootstrap tree #934, logLikelihood: -54238.283710
[01:29:24] Bootstrap tree #935, logLikelihood: -52911.628774
[01:29:31] Bootstrap tree #936, logLikelihood: -54005.258840
[01:29:37] Bootstrap tree #937, logLikelihood: -53939.884219
[01:29:42] Bootstrap tree #938, logLikelihood: -54249.153136
[01:29:47] Bootstrap tree #939, logLikelihood: -53685.080041
[01:29:53] Bootstrap tree #940, logLikelihood: -53744.943033
[01:29:58] Bootstrap tree #941, logLikelihood: -54203.954887
[01:30:03] Bootstrap tree #942, logLikelihood: -54372.689283
[01:30:08] Bootstrap tree #943, logLikelihood: -53409.126726
[01:30:13] Bootstrap tree #944, logLikelihood: -54017.237102
[01:30:18] Bootstrap tree #945, logLikelihood: -53716.193151
[01:30:23] Bootstrap tree #946, logLikelihood: -54190.663101
[01:30:29] Bootstrap tree #947, logLikelihood: -54262.708922
[01:30:34] Bootstrap tree #948, logLikelihood: -53388.112603
[01:30:41] Bootstrap tree #949, logLikelihood: -53190.294208
[01:30:46] Bootstrap tree #950, logLikelihood: -54101.913294
[01:30:52] Bootstrap tree #951, logLikelihood: -54321.310859
[01:30:58] Bootstrap tree #952, logLikelihood: -54275.824653
[01:31:03] Bootstrap tree #953, logLikelihood: -53392.471979
[01:31:09] Bootstrap tree #954, logLikelihood: -54261.435020
[01:31:14] Bootstrap tree #955, logLikelihood: -53902.427628
[01:31:19] Bootstrap tree #956, logLikelihood: -53766.958958
[01:31:25] Bootstrap tree #957, logLikelihood: -53927.058791
[01:31:30] Bootstrap tree #958, logLikelihood: -54292.156509
[01:31:35] Bootstrap tree #959, logLikelihood: -53206.572754
[01:31:41] Bootstrap tree #960, logLikelihood: -53738.408542
[01:31:46] Bootstrap tree #961, logLikelihood: -54138.124128
[01:31:52] Bootstrap tree #962, logLikelihood: -53953.020546
[01:31:58] Bootstrap tree #963, logLikelihood: -53207.435868
[01:32:03] Bootstrap tree #964, logLikelihood: -53702.148617
[01:32:09] Bootstrap tree #965, logLikelihood: -53257.472429
[01:32:14] Bootstrap tree #966, logLikelihood: -54599.474993
[01:32:20] Bootstrap tree #967, logLikelihood: -54060.241394
[01:32:26] Bootstrap tree #968, logLikelihood: -54493.665662
[01:32:32] Bootstrap tree #969, logLikelihood: -53545.727693
[01:32:37] Bootstrap tree #970, logLikelihood: -53552.381860
[01:32:41] Bootstrap tree #971, logLikelihood: -53556.766974
[01:32:47] Bootstrap tree #972, logLikelihood: -54800.009132
[01:32:52] Bootstrap tree #973, logLikelihood: -53928.151617
[01:32:57] Bootstrap tree #974, logLikelihood: -53154.654135
[01:33:02] Bootstrap tree #975, logLikelihood: -53637.105186
[01:33:07] Bootstrap tree #976, logLikelihood: -53885.278516
[01:33:12] Bootstrap tree #977, logLikelihood: -53520.516092
[01:33:17] Bootstrap tree #978, logLikelihood: -53647.322863
[01:33:23] Bootstrap tree #979, logLikelihood: -53534.127197
[01:33:29] Bootstrap tree #980, logLikelihood: -54327.508713
[01:33:32] Bootstrap tree #981, logLikelihood: -53938.244900
[01:33:37] Bootstrap tree #982, logLikelihood: -52852.335525
[01:33:43] Bootstrap tree #983, logLikelihood: -53504.786674
[01:33:48] Bootstrap tree #984, logLikelihood: -52836.694953
[01:33:53] Bootstrap tree #985, logLikelihood: -54588.458584
[01:33:58] Bootstrap tree #986, logLikelihood: -53482.716227
[01:34:03] Bootstrap tree #987, logLikelihood: -53505.441675
[01:34:08] Bootstrap tree #988, logLikelihood: -54089.572629
[01:34:13] Bootstrap tree #989, logLikelihood: -53219.619884
[01:34:18] Bootstrap tree #990, logLikelihood: -53926.465647
[01:34:24] Bootstrap tree #991, logLikelihood: -53770.451909
[01:34:33] Bootstrap tree #992, logLikelihood: -54050.215358
[01:34:39] Bootstrap tree #993, logLikelihood: -54792.378942
[01:34:43] Bootstrap tree #994, logLikelihood: -54254.120320
[01:34:50] Bootstrap tree #995, logLikelihood: -53040.702103
[01:34:59] Bootstrap tree #996, logLikelihood: -54078.844698
[01:35:05] Bootstrap tree #997, logLikelihood: -54888.242101
[01:35:10] Bootstrap tree #998, logLikelihood: -53592.118791
[01:35:15] Bootstrap tree #999, logLikelihood: -53702.850676
[01:35:21] Bootstrap tree #1000, logLikelihood: -53137.661486

Optimized model parameters:

   Partition 0: noname
   Rate heterogeneity: GAMMA (4 cats, mean),  alpha: 3.753265 (ML),  weights&rates: (0.250000,0.440272) (0.250000,0.766220) (0.250000,1.084352) (0.250000,1.709156) 
   Base frequencies (ML): 0.292686 0.207323 0.242991 0.257000 
   Substitution rates (ML): 1.243962 2.820235 0.972877 1.013550 2.904375 1.000000 


Final LogLikelihood: -53791.183380

AIC score: 107674.366759 / AICc score: 107675.576608 / BIC score: 107959.314013
Free parameters (model + branch lengths): 46

Best ML tree saved to: /home/seddik/Documents/Synesth/iter6/all_Cas_trees/Cas3/Tree.raxml.bestTree
All ML trees saved to: /home/seddik/Documents/Synesth/iter6/all_Cas_trees/Cas3/Tree.raxml.mlTrees
Best ML tree with Felsenstein bootstrap (FBP) support values saved to: /home/seddik/Documents/Synesth/iter6/all_Cas_trees/Cas3/Tree.raxml.support
Optimized model saved to: /home/seddik/Documents/Synesth/iter6/all_Cas_trees/Cas3/Tree.raxml.bestModel
Bootstrap trees saved to: /home/seddik/Documents/Synesth/iter6/all_Cas_trees/Cas3/Tree.raxml.bootstraps

Execution log saved to: /home/seddik/Documents/Synesth/iter6/all_Cas_trees/Cas3/Tree.raxml.log

Analysis started: 30-Jul-2024 11:41:45 / finished: 30-Jul-2024 13:17:07

Elapsed time: 5721.485 seconds

