
RAxML-NG v. 0.9.0 released on 20.05.2019 by The Exelixis Lab.
Developed by: Alexey M. Kozlov and Alexandros Stamatakis.
Contributors: Diego Darriba, Tomas Flouri, Benoit Morel, Sarah Lutteropp, Ben Bettisworth.
Latest version: https://github.com/amkozlov/raxml-ng
Questions/problems/suggestions? Please visit: https://groups.google.com/forum/#!forum/raxml

RAxML-NG was called at 30-Jul-2024 18:51:47 as follows:

raxml-ng --all --msa all_Cas_aligned/all_Csy3_aligned.fna --model GTR+G --bs-trees 1000 --threads 4 --prefix all_Cas_trees/Csy3/Tree

Analysis options:
  run mode: ML tree search + bootstrapping (Felsenstein Bootstrap)
  start tree(s): random (10) + parsimony (10)
  bootstrap replicates: 1000
  random seed: 1722379907
  tip-inner: OFF
  pattern compression: ON
  per-rate scalers: OFF
  site repeats: ON
  branch lengths: proportional (ML estimate, algorithm: NR-FAST)
  SIMD kernels: AVX2
  parallelization: PTHREADS (4 threads), thread pinning: OFF

[00:00:00] Reading alignment from file: all_Cas_aligned/all_Csy3_aligned.fna
[00:00:00] Loaded alignment with 4 taxa and 1063 sites

Alignment comprises 1 partitions and 231 patterns

Partition 0: noname
Model: GTR+FO+G4m
Alignment sites / patterns: 1063 / 231
Gaps: 14.51 %
Invariant sites: 41.58 %


NOTE: Binary MSA file created: all_Cas_trees/Csy3/Tree.raxml.rba

[00:00:00] Generating 10 random starting tree(s) with 4 taxa
[00:00:00] Generating 10 parsimony starting tree(s) with 4 taxa
[00:00:00] Data distribution: max. partitions/sites/weight per thread: 1 / 58 / 928

Starting ML tree search with 20 distinct starting trees

[00:00:00] ML tree search #1, logLikelihood: -4091.686586
[00:00:00] ML tree search #2, logLikelihood: -4091.686586
[00:00:00] ML tree search #3, logLikelihood: -4091.788174
[00:00:00] ML tree search #4, logLikelihood: -4091.686586
[00:00:00] ML tree search #5, logLikelihood: -4091.788174
[00:00:00] ML tree search #6, logLikelihood: -4091.686586
[00:00:00] ML tree search #7, logLikelihood: -4091.784216
[00:00:00] ML tree search #8, logLikelihood: -4091.784216
[00:00:00] ML tree search #9, logLikelihood: -4091.784216
[00:00:00] ML tree search #10, logLikelihood: -4091.686586
[00:00:00] ML tree search #11, logLikelihood: -4091.686648
[00:00:00] ML tree search #12, logLikelihood: -4091.683898
[00:00:00] ML tree search #13, logLikelihood: -4091.683360
[00:00:00] ML tree search #14, logLikelihood: -4091.686586
[00:00:00] ML tree search #15, logLikelihood: -4091.686288
[00:00:00] ML tree search #16, logLikelihood: -4091.685331
[00:00:00] ML tree search #17, logLikelihood: -4091.684448
[00:00:00] ML tree search #18, logLikelihood: -4091.686586
[00:00:00] ML tree search #19, logLikelihood: -4091.685964
[00:00:00] ML tree search #20, logLikelihood: -4091.683898

[00:00:00] ML tree search completed, best tree logLH: -4091.683360

[00:00:00] Starting bootstrapping analysis with 1000 replicates.

[00:00:00] Bootstrap tree #1, logLikelihood: -4058.021335
[00:00:00] Bootstrap tree #2, logLikelihood: -4040.062363
[00:00:00] Bootstrap tree #3, logLikelihood: -4090.619993
[00:00:00] Bootstrap tree #4, logLikelihood: -4077.280027
[00:00:00] Bootstrap tree #5, logLikelihood: -3988.408447
[00:00:00] Bootstrap tree #6, logLikelihood: -4032.273863
[00:00:00] Bootstrap tree #7, logLikelihood: -4033.833157
[00:00:01] Bootstrap tree #8, logLikelihood: -4139.456881
[00:00:01] Bootstrap tree #9, logLikelihood: -4135.258826
[00:00:01] Bootstrap tree #10, logLikelihood: -4021.348770
[00:00:01] Bootstrap tree #11, logLikelihood: -4107.506099
[00:00:01] Bootstrap tree #12, logLikelihood: -4062.957223
[00:00:01] Bootstrap tree #13, logLikelihood: -4092.243107
[00:00:01] Bootstrap tree #14, logLikelihood: -4095.824683
[00:00:01] Bootstrap tree #15, logLikelihood: -4060.060935
[00:00:01] Bootstrap tree #16, logLikelihood: -4118.039590
[00:00:01] Bootstrap tree #17, logLikelihood: -4116.880769
[00:00:01] Bootstrap tree #18, logLikelihood: -4040.003498
[00:00:01] Bootstrap tree #19, logLikelihood: -4100.955222
[00:00:01] Bootstrap tree #20, logLikelihood: -4016.149356
[00:00:01] Bootstrap tree #21, logLikelihood: -3914.082394
[00:00:01] Bootstrap tree #22, logLikelihood: -4159.845926
[00:00:01] Bootstrap tree #23, logLikelihood: -4087.109339
[00:00:01] Bootstrap tree #24, logLikelihood: -4092.114304
[00:00:01] Bootstrap tree #25, logLikelihood: -4130.794304
[00:00:01] Bootstrap tree #26, logLikelihood: -4123.118726
[00:00:01] Bootstrap tree #27, logLikelihood: -4121.113304
[00:00:01] Bootstrap tree #28, logLikelihood: -4065.550270
[00:00:01] Bootstrap tree #29, logLikelihood: -4141.991002
[00:00:01] Bootstrap tree #30, logLikelihood: -4073.234999
[00:00:01] Bootstrap tree #31, logLikelihood: -4079.450478
[00:00:01] Bootstrap tree #32, logLikelihood: -4046.936045
[00:00:02] Bootstrap tree #33, logLikelihood: -4093.697611
[00:00:02] Bootstrap tree #34, logLikelihood: -3985.606488
[00:00:02] Bootstrap tree #35, logLikelihood: -4143.716732
[00:00:02] Bootstrap tree #36, logLikelihood: -4180.705465
[00:00:02] Bootstrap tree #37, logLikelihood: -4055.326717
[00:00:02] Bootstrap tree #38, logLikelihood: -4137.970113
[00:00:02] Bootstrap tree #39, logLikelihood: -4035.304224
[00:00:02] Bootstrap tree #40, logLikelihood: -4180.612524
[00:00:02] Bootstrap tree #41, logLikelihood: -4193.696330
[00:00:02] Bootstrap tree #42, logLikelihood: -4231.778411
[00:00:02] Bootstrap tree #43, logLikelihood: -4016.043697
[00:00:02] Bootstrap tree #44, logLikelihood: -4115.032813
[00:00:02] Bootstrap tree #45, logLikelihood: -3997.781745
[00:00:02] Bootstrap tree #46, logLikelihood: -4092.019219
[00:00:02] Bootstrap tree #47, logLikelihood: -4171.519165
[00:00:02] Bootstrap tree #48, logLikelihood: -4045.383013
[00:00:02] Bootstrap tree #49, logLikelihood: -4072.788611
[00:00:02] Bootstrap tree #50, logLikelihood: -4112.587047
[00:00:02] Bootstrap tree #51, logLikelihood: -4107.807216
[00:00:02] Bootstrap tree #52, logLikelihood: -4034.939385
[00:00:02] Bootstrap tree #53, logLikelihood: -4227.814793
[00:00:02] Bootstrap tree #54, logLikelihood: -4097.764705
[00:00:02] Bootstrap tree #55, logLikelihood: -4041.034081
[00:00:02] Bootstrap tree #56, logLikelihood: -3968.953716
[00:00:02] Bootstrap tree #57, logLikelihood: -4081.612360
[00:00:02] Bootstrap tree #58, logLikelihood: -4119.350009
[00:00:02] Bootstrap tree #59, logLikelihood: -4115.426345
[00:00:02] Bootstrap tree #60, logLikelihood: -4108.418561
[00:00:03] Bootstrap tree #61, logLikelihood: -4043.434170
[00:00:03] Bootstrap tree #62, logLikelihood: -4178.696283
[00:00:03] Bootstrap tree #63, logLikelihood: -4014.657331
[00:00:03] Bootstrap tree #64, logLikelihood: -4141.364743
[00:00:03] Bootstrap tree #65, logLikelihood: -4068.193614
[00:00:03] Bootstrap tree #66, logLikelihood: -4064.532327
[00:00:03] Bootstrap tree #67, logLikelihood: -4030.351057
[00:00:03] Bootstrap tree #68, logLikelihood: -4058.419049
[00:00:03] Bootstrap tree #69, logLikelihood: -4044.865029
[00:00:03] Bootstrap tree #70, logLikelihood: -4259.895251
[00:00:03] Bootstrap tree #71, logLikelihood: -4066.252382
[00:00:03] Bootstrap tree #72, logLikelihood: -4101.640982
[00:00:03] Bootstrap tree #73, logLikelihood: -4008.964623
[00:00:03] Bootstrap tree #74, logLikelihood: -4033.127837
[00:00:03] Bootstrap tree #75, logLikelihood: -4104.222562
[00:00:03] Bootstrap tree #76, logLikelihood: -3991.848194
[00:00:03] Bootstrap tree #77, logLikelihood: -4122.723007
[00:00:03] Bootstrap tree #78, logLikelihood: -4044.242671
[00:00:03] Bootstrap tree #79, logLikelihood: -4104.516876
[00:00:03] Bootstrap tree #80, logLikelihood: -4017.230234
[00:00:03] Bootstrap tree #81, logLikelihood: -4176.250754
[00:00:03] Bootstrap tree #82, logLikelihood: -4121.445460
[00:00:03] Bootstrap tree #83, logLikelihood: -4083.077026
[00:00:03] Bootstrap tree #84, logLikelihood: -4067.300435
[00:00:03] Bootstrap tree #85, logLikelihood: -4131.313858
[00:00:03] Bootstrap tree #86, logLikelihood: -4095.432520
[00:00:03] Bootstrap tree #87, logLikelihood: -4036.214076
[00:00:03] Bootstrap tree #88, logLikelihood: -4170.958258
[00:00:04] Bootstrap tree #89, logLikelihood: -4031.047554
[00:00:04] Bootstrap tree #90, logLikelihood: -4172.605907
[00:00:04] Bootstrap tree #91, logLikelihood: -4109.109585
[00:00:04] Bootstrap tree #92, logLikelihood: -4043.170475
[00:00:04] Bootstrap tree #93, logLikelihood: -4075.608405
[00:00:04] Bootstrap tree #94, logLikelihood: -4189.986805
[00:00:04] Bootstrap tree #95, logLikelihood: -4114.294472
[00:00:04] Bootstrap tree #96, logLikelihood: -4080.580928
[00:00:04] Bootstrap tree #97, logLikelihood: -4040.798253
[00:00:04] Bootstrap tree #98, logLikelihood: -4051.379555
[00:00:04] Bootstrap tree #99, logLikelihood: -4221.182700
[00:00:04] Bootstrap tree #100, logLikelihood: -4056.433497
[00:00:04] Bootstrap tree #101, logLikelihood: -4137.658645
[00:00:04] Bootstrap tree #102, logLikelihood: -4165.274291
[00:00:04] Bootstrap tree #103, logLikelihood: -4038.811895
[00:00:04] Bootstrap tree #104, logLikelihood: -3998.226548
[00:00:04] Bootstrap tree #105, logLikelihood: -4038.443462
[00:00:04] Bootstrap tree #106, logLikelihood: -4139.940231
[00:00:04] Bootstrap tree #107, logLikelihood: -4084.115837
[00:00:04] Bootstrap tree #108, logLikelihood: -4029.820324
[00:00:04] Bootstrap tree #109, logLikelihood: -4069.004854
[00:00:04] Bootstrap tree #110, logLikelihood: -4124.048018
[00:00:04] Bootstrap tree #111, logLikelihood: -4071.954810
[00:00:04] Bootstrap tree #112, logLikelihood: -3985.576429
[00:00:04] Bootstrap tree #113, logLikelihood: -4048.307548
[00:00:05] Bootstrap tree #114, logLikelihood: -4086.281973
[00:00:05] Bootstrap tree #115, logLikelihood: -4073.839148
[00:00:05] Bootstrap tree #116, logLikelihood: -4061.734061
[00:00:05] Bootstrap tree #117, logLikelihood: -4109.499332
[00:00:05] Bootstrap tree #118, logLikelihood: -4060.674530
[00:00:05] Bootstrap tree #119, logLikelihood: -3989.186674
[00:00:05] Bootstrap tree #120, logLikelihood: -4057.204280
[00:00:05] Bootstrap tree #121, logLikelihood: -4078.776447
[00:00:05] Bootstrap tree #122, logLikelihood: -4056.447049
[00:00:05] Bootstrap tree #123, logLikelihood: -4066.168761
[00:00:05] Bootstrap tree #124, logLikelihood: -3985.433091
[00:00:05] Bootstrap tree #125, logLikelihood: -4044.212996
[00:00:05] Bootstrap tree #126, logLikelihood: -4160.294879
[00:00:05] Bootstrap tree #127, logLikelihood: -4094.602785
[00:00:05] Bootstrap tree #128, logLikelihood: -4112.855298
[00:00:05] Bootstrap tree #129, logLikelihood: -4014.357186
[00:00:05] Bootstrap tree #130, logLikelihood: -4128.217792
[00:00:05] Bootstrap tree #131, logLikelihood: -4055.094234
[00:00:05] Bootstrap tree #132, logLikelihood: -4058.776549
[00:00:05] Bootstrap tree #133, logLikelihood: -4070.996720
[00:00:05] Bootstrap tree #134, logLikelihood: -4090.503327
[00:00:05] Bootstrap tree #135, logLikelihood: -4078.657695
[00:00:05] Bootstrap tree #136, logLikelihood: -4131.699699
[00:00:05] Bootstrap tree #137, logLikelihood: -4052.198646
[00:00:05] Bootstrap tree #138, logLikelihood: -4031.615718
[00:00:05] Bootstrap tree #139, logLikelihood: -4019.790565
[00:00:05] Bootstrap tree #140, logLikelihood: -4101.520469
[00:00:05] Bootstrap tree #141, logLikelihood: -4112.244483
[00:00:06] Bootstrap tree #142, logLikelihood: -4034.949906
[00:00:06] Bootstrap tree #143, logLikelihood: -4058.420351
[00:00:06] Bootstrap tree #144, logLikelihood: -4129.543791
[00:00:06] Bootstrap tree #145, logLikelihood: -4098.352655
[00:00:06] Bootstrap tree #146, logLikelihood: -4074.906455
[00:00:06] Bootstrap tree #147, logLikelihood: -4072.665937
[00:00:06] Bootstrap tree #148, logLikelihood: -4084.434866
[00:00:06] Bootstrap tree #149, logLikelihood: -4031.447277
[00:00:06] Bootstrap tree #150, logLikelihood: -4135.458840
[00:00:06] Bootstrap tree #151, logLikelihood: -4172.194459
[00:00:06] Bootstrap tree #152, logLikelihood: -4130.656645
[00:00:06] Bootstrap tree #153, logLikelihood: -4107.193852
[00:00:06] Bootstrap tree #154, logLikelihood: -4050.144865
[00:00:06] Bootstrap tree #155, logLikelihood: -4075.668794
[00:00:06] Bootstrap tree #156, logLikelihood: -4116.569451
[00:00:06] Bootstrap tree #157, logLikelihood: -4064.070560
[00:00:06] Bootstrap tree #158, logLikelihood: -4043.454104
[00:00:06] Bootstrap tree #159, logLikelihood: -4142.217511
[00:00:06] Bootstrap tree #160, logLikelihood: -4040.640575
[00:00:06] Bootstrap tree #161, logLikelihood: -4026.331166
[00:00:06] Bootstrap tree #162, logLikelihood: -4067.693483
[00:00:06] Bootstrap tree #163, logLikelihood: -4109.496264
[00:00:06] Bootstrap tree #164, logLikelihood: -4116.752380
[00:00:06] Bootstrap tree #165, logLikelihood: -4076.160751
[00:00:06] Bootstrap tree #166, logLikelihood: -4107.776482
[00:00:07] Bootstrap tree #167, logLikelihood: -4176.603037
[00:00:07] Bootstrap tree #168, logLikelihood: -4079.150598
[00:00:07] Bootstrap tree #169, logLikelihood: -4074.903653
[00:00:07] Bootstrap tree #170, logLikelihood: -4065.095716
[00:00:07] Bootstrap tree #171, logLikelihood: -4059.185718
[00:00:07] Bootstrap tree #172, logLikelihood: -4139.794468
[00:00:07] Bootstrap tree #173, logLikelihood: -4028.507039
[00:00:07] Bootstrap tree #174, logLikelihood: -4103.180271
[00:00:07] Bootstrap tree #175, logLikelihood: -4060.492453
[00:00:07] Bootstrap tree #176, logLikelihood: -4008.534373
[00:00:07] Bootstrap tree #177, logLikelihood: -4075.878626
[00:00:07] Bootstrap tree #178, logLikelihood: -4035.332394
[00:00:07] Bootstrap tree #179, logLikelihood: -3998.606029
[00:00:07] Bootstrap tree #180, logLikelihood: -4086.305207
[00:00:07] Bootstrap tree #181, logLikelihood: -3954.907936
[00:00:07] Bootstrap tree #182, logLikelihood: -4157.382665
[00:00:07] Bootstrap tree #183, logLikelihood: -4136.778125
[00:00:07] Bootstrap tree #184, logLikelihood: -4110.598623
[00:00:07] Bootstrap tree #185, logLikelihood: -4160.836194
[00:00:07] Bootstrap tree #186, logLikelihood: -4109.405273
[00:00:07] Bootstrap tree #187, logLikelihood: -4056.532499
[00:00:07] Bootstrap tree #188, logLikelihood: -4115.843094
[00:00:07] Bootstrap tree #189, logLikelihood: -4150.801719
[00:00:07] Bootstrap tree #190, logLikelihood: -4032.355216
[00:00:07] Bootstrap tree #191, logLikelihood: -4170.742514
[00:00:07] Bootstrap tree #192, logLikelihood: -4011.324818
[00:00:08] Bootstrap tree #193, logLikelihood: -4047.646159
[00:00:08] Bootstrap tree #194, logLikelihood: -3999.521877
[00:00:08] Bootstrap tree #195, logLikelihood: -4157.740164
[00:00:08] Bootstrap tree #196, logLikelihood: -3998.729360
[00:00:08] Bootstrap tree #197, logLikelihood: -3982.440931
[00:00:08] Bootstrap tree #198, logLikelihood: -4078.122499
[00:00:08] Bootstrap tree #199, logLikelihood: -4074.162946
[00:00:08] Bootstrap tree #200, logLikelihood: -4063.050931
[00:00:08] Bootstrap tree #201, logLikelihood: -4051.544890
[00:00:08] Bootstrap tree #202, logLikelihood: -4175.836686
[00:00:08] Bootstrap tree #203, logLikelihood: -4119.805186
[00:00:08] Bootstrap tree #204, logLikelihood: -4146.312577
[00:00:08] Bootstrap tree #205, logLikelihood: -4069.870017
[00:00:08] Bootstrap tree #206, logLikelihood: -4095.468203
[00:00:08] Bootstrap tree #207, logLikelihood: -4167.117714
[00:00:08] Bootstrap tree #208, logLikelihood: -4044.740527
[00:00:08] Bootstrap tree #209, logLikelihood: -4086.918172
[00:00:08] Bootstrap tree #210, logLikelihood: -4085.634177
[00:00:08] Bootstrap tree #211, logLikelihood: -4067.436837
[00:00:08] Bootstrap tree #212, logLikelihood: -4019.278271
[00:00:08] Bootstrap tree #213, logLikelihood: -4042.585157
[00:00:08] Bootstrap tree #214, logLikelihood: -4037.014985
[00:00:08] Bootstrap tree #215, logLikelihood: -4055.857607
[00:00:08] Bootstrap tree #216, logLikelihood: -4174.177957
[00:00:08] Bootstrap tree #217, logLikelihood: -4154.115344
[00:00:08] Bootstrap tree #218, logLikelihood: -4040.402978
[00:00:08] Bootstrap tree #219, logLikelihood: -4184.922376
[00:00:09] Bootstrap tree #220, logLikelihood: -4051.244801
[00:00:09] Bootstrap tree #221, logLikelihood: -4106.197074
[00:00:09] Bootstrap tree #222, logLikelihood: -4181.594167
[00:00:09] Bootstrap tree #223, logLikelihood: -4081.315913
[00:00:09] Bootstrap tree #224, logLikelihood: -4051.278142
[00:00:09] Bootstrap tree #225, logLikelihood: -4201.870449
[00:00:09] Bootstrap tree #226, logLikelihood: -4081.062449
[00:00:09] Bootstrap tree #227, logLikelihood: -4172.370968
[00:00:09] Bootstrap tree #228, logLikelihood: -4098.872754
[00:00:09] Bootstrap tree #229, logLikelihood: -4076.315174
[00:00:09] Bootstrap tree #230, logLikelihood: -4064.414218
[00:00:09] Bootstrap tree #231, logLikelihood: -4063.715767
[00:00:09] Bootstrap tree #232, logLikelihood: -4015.275815
[00:00:09] Bootstrap tree #233, logLikelihood: -4018.937034
[00:00:09] Bootstrap tree #234, logLikelihood: -4149.237961
[00:00:09] Bootstrap tree #235, logLikelihood: -4145.365599
[00:00:09] Bootstrap tree #236, logLikelihood: -4098.575192
[00:00:09] Bootstrap tree #237, logLikelihood: -4022.047701
[00:00:09] Bootstrap tree #238, logLikelihood: -4104.610148
[00:00:09] Bootstrap tree #239, logLikelihood: -4096.274924
[00:00:09] Bootstrap tree #240, logLikelihood: -4122.729024
[00:00:09] Bootstrap tree #241, logLikelihood: -4068.404020
[00:00:09] Bootstrap tree #242, logLikelihood: -4069.746793
[00:00:09] Bootstrap tree #243, logLikelihood: -4054.661247
[00:00:09] Bootstrap tree #244, logLikelihood: -4030.081161
[00:00:09] Bootstrap tree #245, logLikelihood: -4008.540117
[00:00:09] Bootstrap tree #246, logLikelihood: -4116.813393
[00:00:09] Bootstrap tree #247, logLikelihood: -4068.904000
[00:00:09] Bootstrap tree #248, logLikelihood: -4074.227383
[00:00:10] Bootstrap tree #249, logLikelihood: -4171.720080
[00:00:10] Bootstrap tree #250, logLikelihood: -4129.322109
[00:00:10] Bootstrap tree #251, logLikelihood: -4086.810178
[00:00:10] Bootstrap tree #252, logLikelihood: -4086.166143
[00:00:10] Bootstrap tree #253, logLikelihood: -4029.948497
[00:00:10] Bootstrap tree #254, logLikelihood: -4177.152272
[00:00:10] Bootstrap tree #255, logLikelihood: -4065.401520
[00:00:10] Bootstrap tree #256, logLikelihood: -4006.603638
[00:00:10] Bootstrap tree #257, logLikelihood: -4041.423889
[00:00:10] Bootstrap tree #258, logLikelihood: -4157.330007
[00:00:10] Bootstrap tree #259, logLikelihood: -4097.117994
[00:00:10] Bootstrap tree #260, logLikelihood: -4107.144404
[00:00:10] Bootstrap tree #261, logLikelihood: -3967.901131
[00:00:10] Bootstrap tree #262, logLikelihood: -4145.021739
[00:00:10] Bootstrap tree #263, logLikelihood: -4166.908060
[00:00:10] Bootstrap tree #264, logLikelihood: -4028.577358
[00:00:10] Bootstrap tree #265, logLikelihood: -4163.443504
[00:00:10] Bootstrap tree #266, logLikelihood: -4028.539214
[00:00:10] Bootstrap tree #267, logLikelihood: -4032.035824
[00:00:10] Bootstrap tree #268, logLikelihood: -4144.032968
[00:00:10] Bootstrap tree #269, logLikelihood: -4088.181335
[00:00:10] Bootstrap tree #270, logLikelihood: -4049.446044
[00:00:10] Bootstrap tree #271, logLikelihood: -4048.614796
[00:00:10] Bootstrap tree #272, logLikelihood: -4142.545014
[00:00:10] Bootstrap tree #273, logLikelihood: -4105.137218
[00:00:11] Bootstrap tree #274, logLikelihood: -4063.579229
[00:00:11] Bootstrap tree #275, logLikelihood: -4074.106317
[00:00:11] Bootstrap tree #276, logLikelihood: -4138.434498
[00:00:11] Bootstrap tree #277, logLikelihood: -4068.904963
[00:00:11] Bootstrap tree #278, logLikelihood: -4072.284753
[00:00:11] Bootstrap tree #279, logLikelihood: -4029.139333
[00:00:11] Bootstrap tree #280, logLikelihood: -4085.953410
[00:00:11] Bootstrap tree #281, logLikelihood: -4071.792572
[00:00:11] Bootstrap tree #282, logLikelihood: -4098.415940
[00:00:11] Bootstrap tree #283, logLikelihood: -4076.637662
[00:00:11] Bootstrap tree #284, logLikelihood: -4135.921305
[00:00:11] Bootstrap tree #285, logLikelihood: -4063.914488
[00:00:11] Bootstrap tree #286, logLikelihood: -4011.802764
[00:00:11] Bootstrap tree #287, logLikelihood: -4158.656009
[00:00:11] Bootstrap tree #288, logLikelihood: -4099.395429
[00:00:11] Bootstrap tree #289, logLikelihood: -3980.382192
[00:00:11] Bootstrap tree #290, logLikelihood: -4078.207267
[00:00:11] Bootstrap tree #291, logLikelihood: -4035.077408
[00:00:11] Bootstrap tree #292, logLikelihood: -4038.397163
[00:00:11] Bootstrap tree #293, logLikelihood: -4127.792057
[00:00:11] Bootstrap tree #294, logLikelihood: -4192.854382
[00:00:11] Bootstrap tree #295, logLikelihood: -4120.718413
[00:00:11] Bootstrap tree #296, logLikelihood: -4045.682752
[00:00:11] Bootstrap tree #297, logLikelihood: -4139.898681
[00:00:11] Bootstrap tree #298, logLikelihood: -4020.116726
[00:00:12] Bootstrap tree #299, logLikelihood: -4088.419750
[00:00:12] Bootstrap tree #300, logLikelihood: -4034.815648
[00:00:12] Bootstrap tree #301, logLikelihood: -4082.243027
[00:00:12] Bootstrap tree #302, logLikelihood: -4009.192627
[00:00:12] Bootstrap tree #303, logLikelihood: -4014.798174
[00:00:12] Bootstrap tree #304, logLikelihood: -4092.640919
[00:00:12] Bootstrap tree #305, logLikelihood: -3993.765584
[00:00:12] Bootstrap tree #306, logLikelihood: -4059.208412
[00:00:12] Bootstrap tree #307, logLikelihood: -4074.348295
[00:00:12] Bootstrap tree #308, logLikelihood: -4078.845190
[00:00:12] Bootstrap tree #309, logLikelihood: -4112.393189
[00:00:12] Bootstrap tree #310, logLikelihood: -4160.773472
[00:00:12] Bootstrap tree #311, logLikelihood: -4153.572291
[00:00:12] Bootstrap tree #312, logLikelihood: -4079.218824
[00:00:12] Bootstrap tree #313, logLikelihood: -4075.417161
[00:00:12] Bootstrap tree #314, logLikelihood: -4089.409343
[00:00:12] Bootstrap tree #315, logLikelihood: -4042.916376
[00:00:12] Bootstrap tree #316, logLikelihood: -4053.831498
[00:00:12] Bootstrap tree #317, logLikelihood: -4016.293458
[00:00:12] Bootstrap tree #318, logLikelihood: -4087.907831
[00:00:12] Bootstrap tree #319, logLikelihood: -4058.275252
[00:00:12] Bootstrap tree #320, logLikelihood: -4139.831932
[00:00:12] Bootstrap tree #321, logLikelihood: -4028.931031
[00:00:12] Bootstrap tree #322, logLikelihood: -4035.652739
[00:00:12] Bootstrap tree #323, logLikelihood: -4059.703085
[00:00:12] Bootstrap tree #324, logLikelihood: -4044.184700
[00:00:12] Bootstrap tree #325, logLikelihood: -4141.437869
[00:00:12] Bootstrap tree #326, logLikelihood: -4107.717804
[00:00:13] Bootstrap tree #327, logLikelihood: -4116.561757
[00:00:13] Bootstrap tree #328, logLikelihood: -4051.885012
[00:00:13] Bootstrap tree #329, logLikelihood: -4084.724014
[00:00:13] Bootstrap tree #330, logLikelihood: -4112.440287
[00:00:13] Bootstrap tree #331, logLikelihood: -4037.466204
[00:00:13] Bootstrap tree #332, logLikelihood: -4035.591016
[00:00:13] Bootstrap tree #333, logLikelihood: -4015.243255
[00:00:13] Bootstrap tree #334, logLikelihood: -4005.368988
[00:00:13] Bootstrap tree #335, logLikelihood: -4040.762978
[00:00:13] Bootstrap tree #336, logLikelihood: -4049.454088
[00:00:13] Bootstrap tree #337, logLikelihood: -4113.934776
[00:00:13] Bootstrap tree #338, logLikelihood: -4099.835794
[00:00:13] Bootstrap tree #339, logLikelihood: -4018.434257
[00:00:13] Bootstrap tree #340, logLikelihood: -4160.605494
[00:00:13] Bootstrap tree #341, logLikelihood: -4066.464054
[00:00:13] Bootstrap tree #342, logLikelihood: -4030.023735
[00:00:13] Bootstrap tree #343, logLikelihood: -4187.684328
[00:00:13] Bootstrap tree #344, logLikelihood: -4195.083369
[00:00:13] Bootstrap tree #345, logLikelihood: -4014.995553
[00:00:13] Bootstrap tree #346, logLikelihood: -4096.156542
[00:00:13] Bootstrap tree #347, logLikelihood: -4099.095259
[00:00:13] Bootstrap tree #348, logLikelihood: -4038.150293
[00:00:13] Bootstrap tree #349, logLikelihood: -4045.767471
[00:00:13] Bootstrap tree #350, logLikelihood: -4076.439200
[00:00:13] Bootstrap tree #351, logLikelihood: -4160.995449
[00:00:13] Bootstrap tree #352, logLikelihood: -4102.430599
[00:00:14] Bootstrap tree #353, logLikelihood: -4117.858600
[00:00:14] Bootstrap tree #354, logLikelihood: -4092.759382
[00:00:14] Bootstrap tree #355, logLikelihood: -4142.676118
[00:00:14] Bootstrap tree #356, logLikelihood: -4103.550922
[00:00:14] Bootstrap tree #357, logLikelihood: -4085.709952
[00:00:14] Bootstrap tree #358, logLikelihood: -4076.780765
[00:00:14] Bootstrap tree #359, logLikelihood: -4139.109947
[00:00:14] Bootstrap tree #360, logLikelihood: -4154.728328
[00:00:14] Bootstrap tree #361, logLikelihood: -4182.822548
[00:00:14] Bootstrap tree #362, logLikelihood: -4099.365519
[00:00:14] Bootstrap tree #363, logLikelihood: -4142.563280
[00:00:14] Bootstrap tree #364, logLikelihood: -4155.438251
[00:00:14] Bootstrap tree #365, logLikelihood: -4082.311633
[00:00:14] Bootstrap tree #366, logLikelihood: -4103.730668
[00:00:14] Bootstrap tree #367, logLikelihood: -4098.582075
[00:00:14] Bootstrap tree #368, logLikelihood: -4021.629093
[00:00:14] Bootstrap tree #369, logLikelihood: -4048.945032
[00:00:14] Bootstrap tree #370, logLikelihood: -4103.154570
[00:00:14] Bootstrap tree #371, logLikelihood: -4032.879441
[00:00:14] Bootstrap tree #372, logLikelihood: -4014.248797
[00:00:14] Bootstrap tree #373, logLikelihood: -4095.412741
[00:00:14] Bootstrap tree #374, logLikelihood: -4107.113000
[00:00:14] Bootstrap tree #375, logLikelihood: -4178.049577
[00:00:14] Bootstrap tree #376, logLikelihood: -4025.613521
[00:00:15] Bootstrap tree #377, logLikelihood: -4127.213188
[00:00:15] Bootstrap tree #378, logLikelihood: -4158.144433
[00:00:15] Bootstrap tree #379, logLikelihood: -3995.867454
[00:00:15] Bootstrap tree #380, logLikelihood: -4135.417461
[00:00:15] Bootstrap tree #381, logLikelihood: -4079.306016
[00:00:15] Bootstrap tree #382, logLikelihood: -4054.620179
[00:00:15] Bootstrap tree #383, logLikelihood: -4033.993412
[00:00:15] Bootstrap tree #384, logLikelihood: -4089.040346
[00:00:15] Bootstrap tree #385, logLikelihood: -4117.420426
[00:00:15] Bootstrap tree #386, logLikelihood: -3998.429235
[00:00:15] Bootstrap tree #387, logLikelihood: -4089.150044
[00:00:15] Bootstrap tree #388, logLikelihood: -4135.066852
[00:00:15] Bootstrap tree #389, logLikelihood: -4074.039167
[00:00:15] Bootstrap tree #390, logLikelihood: -4055.623183
[00:00:15] Bootstrap tree #391, logLikelihood: -3981.730703
[00:00:15] Bootstrap tree #392, logLikelihood: -4129.000582
[00:00:15] Bootstrap tree #393, logLikelihood: -4118.243628
[00:00:15] Bootstrap tree #394, logLikelihood: -4110.869001
[00:00:15] Bootstrap tree #395, logLikelihood: -4188.840090
[00:00:15] Bootstrap tree #396, logLikelihood: -4097.391584
[00:00:15] Bootstrap tree #397, logLikelihood: -4105.918269
[00:00:15] Bootstrap tree #398, logLikelihood: -4107.202864
[00:00:15] Bootstrap tree #399, logLikelihood: -4139.342627
[00:00:15] Bootstrap tree #400, logLikelihood: -4080.957712
[00:00:15] Bootstrap tree #401, logLikelihood: -4084.679090
[00:00:15] Bootstrap tree #402, logLikelihood: -4071.803771
[00:00:16] Bootstrap tree #403, logLikelihood: -4084.293704
[00:00:16] Bootstrap tree #404, logLikelihood: -4154.264704
[00:00:16] Bootstrap tree #405, logLikelihood: -4070.207613
[00:00:16] Bootstrap tree #406, logLikelihood: -3990.591761
[00:00:16] Bootstrap tree #407, logLikelihood: -4064.576896
[00:00:16] Bootstrap tree #408, logLikelihood: -4017.258983
[00:00:16] Bootstrap tree #409, logLikelihood: -4069.165609
[00:00:16] Bootstrap tree #410, logLikelihood: -4052.899659
[00:00:16] Bootstrap tree #411, logLikelihood: -4117.446846
[00:00:16] Bootstrap tree #412, logLikelihood: -4036.276063
[00:00:16] Bootstrap tree #413, logLikelihood: -4136.205966
[00:00:16] Bootstrap tree #414, logLikelihood: -4022.083494
[00:00:16] Bootstrap tree #415, logLikelihood: -4104.949542
[00:00:16] Bootstrap tree #416, logLikelihood: -4095.502751
[00:00:16] Bootstrap tree #417, logLikelihood: -4020.219346
[00:00:16] Bootstrap tree #418, logLikelihood: -4140.114090
[00:00:16] Bootstrap tree #419, logLikelihood: -4080.082993
[00:00:16] Bootstrap tree #420, logLikelihood: -4161.613345
[00:00:16] Bootstrap tree #421, logLikelihood: -4105.542091
[00:00:16] Bootstrap tree #422, logLikelihood: -4163.044122
[00:00:16] Bootstrap tree #423, logLikelihood: -4046.369027
[00:00:16] Bootstrap tree #424, logLikelihood: -4033.022190
[00:00:16] Bootstrap tree #425, logLikelihood: -4038.487228
[00:00:16] Bootstrap tree #426, logLikelihood: -4089.361043
[00:00:16] Bootstrap tree #427, logLikelihood: -4065.929328
[00:00:16] Bootstrap tree #428, logLikelihood: -4061.275323
[00:00:16] Bootstrap tree #429, logLikelihood: -4082.030793
[00:00:17] Bootstrap tree #430, logLikelihood: -4031.027328
[00:00:17] Bootstrap tree #431, logLikelihood: -4046.689745
[00:00:17] Bootstrap tree #432, logLikelihood: -4134.184034
[00:00:17] Bootstrap tree #433, logLikelihood: -4138.373190
[00:00:17] Bootstrap tree #434, logLikelihood: -3985.735722
[00:00:17] Bootstrap tree #435, logLikelihood: -4131.768537
[00:00:17] Bootstrap tree #436, logLikelihood: -4095.844174
[00:00:17] Bootstrap tree #437, logLikelihood: -4122.808263
[00:00:17] Bootstrap tree #438, logLikelihood: -4017.733927
[00:00:17] Bootstrap tree #439, logLikelihood: -3995.377904
[00:00:17] Bootstrap tree #440, logLikelihood: -4122.364153
[00:00:17] Bootstrap tree #441, logLikelihood: -4089.827879
[00:00:17] Bootstrap tree #442, logLikelihood: -4119.432170
[00:00:17] Bootstrap tree #443, logLikelihood: -4064.718889
[00:00:17] Bootstrap tree #444, logLikelihood: -4071.905214
[00:00:17] Bootstrap tree #445, logLikelihood: -4044.577527
[00:00:17] Bootstrap tree #446, logLikelihood: -4180.264540
[00:00:17] Bootstrap tree #447, logLikelihood: -4020.817895
[00:00:17] Bootstrap tree #448, logLikelihood: -4074.852110
[00:00:17] Bootstrap tree #449, logLikelihood: -4092.437022
[00:00:17] Bootstrap tree #450, logLikelihood: -4058.416702
[00:00:17] Bootstrap tree #451, logLikelihood: -4140.635412
[00:00:17] Bootstrap tree #452, logLikelihood: -4060.133065
[00:00:17] Bootstrap tree #453, logLikelihood: -4010.893024
[00:00:17] Bootstrap tree #454, logLikelihood: -4130.859668
[00:00:17] Bootstrap tree #455, logLikelihood: -4159.056370
[00:00:17] Bootstrap tree #456, logLikelihood: -4125.932966
[00:00:18] Bootstrap tree #457, logLikelihood: -4087.071366
[00:00:18] Bootstrap tree #458, logLikelihood: -4019.563731
[00:00:18] Bootstrap tree #459, logLikelihood: -4125.419419
[00:00:18] Bootstrap tree #460, logLikelihood: -4074.449067
[00:00:18] Bootstrap tree #461, logLikelihood: -4036.051398
[00:00:18] Bootstrap tree #462, logLikelihood: -4089.987728
[00:00:18] Bootstrap tree #463, logLikelihood: -4119.116312
[00:00:18] Bootstrap tree #464, logLikelihood: -4081.402539
[00:00:18] Bootstrap tree #465, logLikelihood: -4089.856257
[00:00:18] Bootstrap tree #466, logLikelihood: -3978.836172
[00:00:18] Bootstrap tree #467, logLikelihood: -4127.601455
[00:00:18] Bootstrap tree #468, logLikelihood: -3984.961421
[00:00:18] Bootstrap tree #469, logLikelihood: -4071.829435
[00:00:18] Bootstrap tree #470, logLikelihood: -4193.956096
[00:00:18] Bootstrap tree #471, logLikelihood: -4104.978229
[00:00:18] Bootstrap tree #472, logLikelihood: -4078.042716
[00:00:18] Bootstrap tree #473, logLikelihood: -4102.765510
[00:00:18] Bootstrap tree #474, logLikelihood: -4104.597772
[00:00:18] Bootstrap tree #475, logLikelihood: -4053.909387
[00:00:18] Bootstrap tree #476, logLikelihood: -4072.427169
[00:00:18] Bootstrap tree #477, logLikelihood: -4086.410717
[00:00:18] Bootstrap tree #478, logLikelihood: -4115.796399
[00:00:18] Bootstrap tree #479, logLikelihood: -4121.161847
[00:00:18] Bootstrap tree #480, logLikelihood: -4112.755028
[00:00:18] Bootstrap tree #481, logLikelihood: -4053.426976
[00:00:18] Bootstrap tree #482, logLikelihood: -4061.025606
[00:00:19] Bootstrap tree #483, logLikelihood: -4160.884713
[00:00:19] Bootstrap tree #484, logLikelihood: -3981.831249
[00:00:19] Bootstrap tree #485, logLikelihood: -4093.436017
[00:00:19] Bootstrap tree #486, logLikelihood: -4132.793938
[00:00:19] Bootstrap tree #487, logLikelihood: -4022.716910
[00:00:19] Bootstrap tree #488, logLikelihood: -4138.457222
[00:00:19] Bootstrap tree #489, logLikelihood: -4112.282640
[00:00:19] Bootstrap tree #490, logLikelihood: -4047.380029
[00:00:19] Bootstrap tree #491, logLikelihood: -4105.230763
[00:00:19] Bootstrap tree #492, logLikelihood: -4179.303398
[00:00:19] Bootstrap tree #493, logLikelihood: -4132.991343
[00:00:19] Bootstrap tree #494, logLikelihood: -4121.591608
[00:00:19] Bootstrap tree #495, logLikelihood: -4045.996790
[00:00:19] Bootstrap tree #496, logLikelihood: -4039.510395
[00:00:19] Bootstrap tree #497, logLikelihood: -4017.486205
[00:00:19] Bootstrap tree #498, logLikelihood: -4009.121739
[00:00:19] Bootstrap tree #499, logLikelihood: -4053.142491
[00:00:19] Bootstrap tree #500, logLikelihood: -4066.542317
[00:00:19] Bootstrap tree #501, logLikelihood: -4081.188545
[00:00:19] Bootstrap tree #502, logLikelihood: -4059.489549
[00:00:19] Bootstrap tree #503, logLikelihood: -4027.189216
[00:00:19] Bootstrap tree #504, logLikelihood: -4179.467625
[00:00:19] Bootstrap tree #505, logLikelihood: -4080.526145
[00:00:19] Bootstrap tree #506, logLikelihood: -4044.071670
[00:00:19] Bootstrap tree #507, logLikelihood: -4050.830727
[00:00:19] Bootstrap tree #508, logLikelihood: -4083.222357
[00:00:19] Bootstrap tree #509, logLikelihood: -4131.986899
[00:00:19] Bootstrap tree #510, logLikelihood: -4048.930802
[00:00:19] Bootstrap tree #511, logLikelihood: -4118.404827
[00:00:19] Bootstrap tree #512, logLikelihood: -4066.746883
[00:00:19] Bootstrap tree #513, logLikelihood: -4099.781541
[00:00:20] Bootstrap tree #514, logLikelihood: -4098.118530
[00:00:20] Bootstrap tree #515, logLikelihood: -4019.737216
[00:00:20] Bootstrap tree #516, logLikelihood: -4056.074196
[00:00:20] Bootstrap tree #517, logLikelihood: -4022.357632
[00:00:20] Bootstrap tree #518, logLikelihood: -4011.956433
[00:00:20] Bootstrap tree #519, logLikelihood: -4065.684006
[00:00:20] Bootstrap tree #520, logLikelihood: -4003.436324
[00:00:20] Bootstrap tree #521, logLikelihood: -4165.898334
[00:00:20] Bootstrap tree #522, logLikelihood: -4091.538101
[00:00:20] Bootstrap tree #523, logLikelihood: -4040.707679
[00:00:20] Bootstrap tree #524, logLikelihood: -4074.598125
[00:00:20] Bootstrap tree #525, logLikelihood: -4080.366263
[00:00:20] Bootstrap tree #526, logLikelihood: -4099.958463
[00:00:20] Bootstrap tree #527, logLikelihood: -4039.351701
[00:00:20] Bootstrap tree #528, logLikelihood: -4096.999462
[00:00:20] Bootstrap tree #529, logLikelihood: -4027.020504
[00:00:20] Bootstrap tree #530, logLikelihood: -4051.271218
[00:00:20] Bootstrap tree #531, logLikelihood: -4069.383240
[00:00:20] Bootstrap tree #532, logLikelihood: -4008.598269
[00:00:20] Bootstrap tree #533, logLikelihood: -4119.519067
[00:00:20] Bootstrap tree #534, logLikelihood: -4054.793025
[00:00:20] Bootstrap tree #535, logLikelihood: -4075.983576
[00:00:20] Bootstrap tree #536, logLikelihood: -4125.154193
[00:00:20] Bootstrap tree #537, logLikelihood: -4112.195533
[00:00:20] Bootstrap tree #538, logLikelihood: -4004.171991
[00:00:20] Bootstrap tree #539, logLikelihood: -4070.372337
[00:00:21] Bootstrap tree #540, logLikelihood: -4000.314766
[00:00:21] Bootstrap tree #541, logLikelihood: -4108.496010
[00:00:21] Bootstrap tree #542, logLikelihood: -4052.588904
[00:00:21] Bootstrap tree #543, logLikelihood: -4081.550557
[00:00:21] Bootstrap tree #544, logLikelihood: -3982.407709
[00:00:21] Bootstrap tree #545, logLikelihood: -4045.774782
[00:00:21] Bootstrap tree #546, logLikelihood: -4090.495487
[00:00:21] Bootstrap tree #547, logLikelihood: -4049.750535
[00:00:21] Bootstrap tree #548, logLikelihood: -4049.079099
[00:00:21] Bootstrap tree #549, logLikelihood: -4122.831972
[00:00:21] Bootstrap tree #550, logLikelihood: -4124.547306
[00:00:21] Bootstrap tree #551, logLikelihood: -4066.754380
[00:00:21] Bootstrap tree #552, logLikelihood: -4057.201820
[00:00:21] Bootstrap tree #553, logLikelihood: -4124.612166
[00:00:21] Bootstrap tree #554, logLikelihood: -4169.809117
[00:00:21] Bootstrap tree #555, logLikelihood: -4130.872043
[00:00:21] Bootstrap tree #556, logLikelihood: -4117.346123
[00:00:21] Bootstrap tree #557, logLikelihood: -4069.805827
[00:00:21] Bootstrap tree #558, logLikelihood: -3975.733781
[00:00:21] Bootstrap tree #559, logLikelihood: -4037.217080
[00:00:21] Bootstrap tree #560, logLikelihood: -4097.584926
[00:00:21] Bootstrap tree #561, logLikelihood: -4045.902717
[00:00:21] Bootstrap tree #562, logLikelihood: -4130.678354
[00:00:21] Bootstrap tree #563, logLikelihood: -4047.013633
[00:00:21] Bootstrap tree #564, logLikelihood: -3984.012605
[00:00:21] Bootstrap tree #565, logLikelihood: -4039.751206
[00:00:21] Bootstrap tree #566, logLikelihood: -4172.685735
[00:00:22] Bootstrap tree #567, logLikelihood: -4064.231643
[00:00:22] Bootstrap tree #568, logLikelihood: -4037.760016
[00:00:22] Bootstrap tree #569, logLikelihood: -4149.885537
[00:00:22] Bootstrap tree #570, logLikelihood: -4082.188857
[00:00:22] Bootstrap tree #571, logLikelihood: -4046.705547
[00:00:22] Bootstrap tree #572, logLikelihood: -4047.826592
[00:00:22] Bootstrap tree #573, logLikelihood: -4162.481260
[00:00:22] Bootstrap tree #574, logLikelihood: -4016.947614
[00:00:22] Bootstrap tree #575, logLikelihood: -4074.169480
[00:00:22] Bootstrap tree #576, logLikelihood: -4103.043185
[00:00:22] Bootstrap tree #577, logLikelihood: -4058.811854
[00:00:22] Bootstrap tree #578, logLikelihood: -4085.962905
[00:00:22] Bootstrap tree #579, logLikelihood: -4172.527011
[00:00:22] Bootstrap tree #580, logLikelihood: -4047.743989
[00:00:22] Bootstrap tree #581, logLikelihood: -4011.642041
[00:00:22] Bootstrap tree #582, logLikelihood: -3997.277352
[00:00:22] Bootstrap tree #583, logLikelihood: -3980.979163
[00:00:22] Bootstrap tree #584, logLikelihood: -4081.428417
[00:00:22] Bootstrap tree #585, logLikelihood: -4147.954429
[00:00:22] Bootstrap tree #586, logLikelihood: -4187.826445
[00:00:22] Bootstrap tree #587, logLikelihood: -4137.662038
[00:00:22] Bootstrap tree #588, logLikelihood: -4098.502382
[00:00:22] Bootstrap tree #589, logLikelihood: -4118.142120
[00:00:22] Bootstrap tree #590, logLikelihood: -4111.769653
[00:00:22] Bootstrap tree #591, logLikelihood: -4040.442170
[00:00:22] Bootstrap tree #592, logLikelihood: -4039.844174
[00:00:23] Bootstrap tree #593, logLikelihood: -4066.058374
[00:00:23] Bootstrap tree #594, logLikelihood: -4146.594439
[00:00:23] Bootstrap tree #595, logLikelihood: -4049.943548
[00:00:23] Bootstrap tree #596, logLikelihood: -4050.071090
[00:00:23] Bootstrap tree #597, logLikelihood: -4143.702877
[00:00:23] Bootstrap tree #598, logLikelihood: -4099.924711
[00:00:23] Bootstrap tree #599, logLikelihood: -4043.050739
[00:00:23] Bootstrap tree #600, logLikelihood: -3979.396288
[00:00:23] Bootstrap tree #601, logLikelihood: -4133.882290
[00:00:23] Bootstrap tree #602, logLikelihood: -4116.361589
[00:00:23] Bootstrap tree #603, logLikelihood: -4058.277096
[00:00:23] Bootstrap tree #604, logLikelihood: -4106.486347
[00:00:23] Bootstrap tree #605, logLikelihood: -4022.876174
[00:00:23] Bootstrap tree #606, logLikelihood: -4081.928086
[00:00:23] Bootstrap tree #607, logLikelihood: -4077.635615
[00:00:23] Bootstrap tree #608, logLikelihood: -4050.172962
[00:00:23] Bootstrap tree #609, logLikelihood: -4104.806695
[00:00:23] Bootstrap tree #610, logLikelihood: -4146.641713
[00:00:23] Bootstrap tree #611, logLikelihood: -4147.488412
[00:00:23] Bootstrap tree #612, logLikelihood: -4115.465642
[00:00:23] Bootstrap tree #613, logLikelihood: -4063.670561
[00:00:23] Bootstrap tree #614, logLikelihood: -4149.582336
[00:00:23] Bootstrap tree #615, logLikelihood: -4048.911046
[00:00:23] Bootstrap tree #616, logLikelihood: -4095.942525
[00:00:23] Bootstrap tree #617, logLikelihood: -4072.022716
[00:00:23] Bootstrap tree #618, logLikelihood: -4143.628750
[00:00:23] Bootstrap tree #619, logLikelihood: -4148.032757
[00:00:23] Bootstrap tree #620, logLikelihood: -4049.829605
[00:00:24] Bootstrap tree #621, logLikelihood: -4055.172291
[00:00:24] Bootstrap tree #622, logLikelihood: -4108.028028
[00:00:24] Bootstrap tree #623, logLikelihood: -4047.017068
[00:00:24] Bootstrap tree #624, logLikelihood: -4118.899779
[00:00:24] Bootstrap tree #625, logLikelihood: -4159.350373
[00:00:24] Bootstrap tree #626, logLikelihood: -4089.359886
[00:00:24] Bootstrap tree #627, logLikelihood: -4100.298175
[00:00:24] Bootstrap tree #628, logLikelihood: -4182.110619
[00:00:24] Bootstrap tree #629, logLikelihood: -4070.469811
[00:00:24] Bootstrap tree #630, logLikelihood: -4009.989242
[00:00:24] Bootstrap tree #631, logLikelihood: -4083.673831
[00:00:24] Bootstrap tree #632, logLikelihood: -4020.324822
[00:00:24] Bootstrap tree #633, logLikelihood: -4075.095149
[00:00:24] Bootstrap tree #634, logLikelihood: -4043.017989
[00:00:24] Bootstrap tree #635, logLikelihood: -4079.397840
[00:00:24] Bootstrap tree #636, logLikelihood: -4199.598440
[00:00:24] Bootstrap tree #637, logLikelihood: -4096.811739
[00:00:24] Bootstrap tree #638, logLikelihood: -4083.121002
[00:00:24] Bootstrap tree #639, logLikelihood: -4043.533307
[00:00:24] Bootstrap tree #640, logLikelihood: -4158.216924
[00:00:24] Bootstrap tree #641, logLikelihood: -4154.329372
[00:00:24] Bootstrap tree #642, logLikelihood: -4125.202475
[00:00:24] Bootstrap tree #643, logLikelihood: -4008.714025
[00:00:24] Bootstrap tree #644, logLikelihood: -4116.898856
[00:00:24] Bootstrap tree #645, logLikelihood: -4043.766364
[00:00:24] Bootstrap tree #646, logLikelihood: -4074.260650
[00:00:24] Bootstrap tree #647, logLikelihood: -4123.467464
[00:00:24] Bootstrap tree #648, logLikelihood: -4136.628750
[00:00:25] Bootstrap tree #649, logLikelihood: -4138.194754
[00:00:25] Bootstrap tree #650, logLikelihood: -4079.460774
[00:00:25] Bootstrap tree #651, logLikelihood: -4117.472827
[00:00:25] Bootstrap tree #652, logLikelihood: -4104.732688
[00:00:25] Bootstrap tree #653, logLikelihood: -4019.406547
[00:00:25] Bootstrap tree #654, logLikelihood: -4051.559112
[00:00:25] Bootstrap tree #655, logLikelihood: -4070.836984
[00:00:25] Bootstrap tree #656, logLikelihood: -4186.856687
[00:00:25] Bootstrap tree #657, logLikelihood: -4097.902810
[00:00:25] Bootstrap tree #658, logLikelihood: -4078.671482
[00:00:25] Bootstrap tree #659, logLikelihood: -4117.996776
[00:00:25] Bootstrap tree #660, logLikelihood: -4096.692619
[00:00:25] Bootstrap tree #661, logLikelihood: -4190.954884
[00:00:25] Bootstrap tree #662, logLikelihood: -4144.653965
[00:00:25] Bootstrap tree #663, logLikelihood: -4072.940645
[00:00:25] Bootstrap tree #664, logLikelihood: -4063.110075
[00:00:25] Bootstrap tree #665, logLikelihood: -4008.658127
[00:00:25] Bootstrap tree #666, logLikelihood: -4069.107379
[00:00:25] Bootstrap tree #667, logLikelihood: -4043.967774
[00:00:25] Bootstrap tree #668, logLikelihood: -4057.556805
[00:00:25] Bootstrap tree #669, logLikelihood: -4090.133474
[00:00:25] Bootstrap tree #670, logLikelihood: -4120.145776
[00:00:25] Bootstrap tree #671, logLikelihood: -4044.247900
[00:00:25] Bootstrap tree #672, logLikelihood: -4022.227920
[00:00:25] Bootstrap tree #673, logLikelihood: -4111.424942
[00:00:25] Bootstrap tree #674, logLikelihood: -4149.318283
[00:00:26] Bootstrap tree #675, logLikelihood: -4037.278950
[00:00:26] Bootstrap tree #676, logLikelihood: -4067.767849
[00:00:26] Bootstrap tree #677, logLikelihood: -4036.575306
[00:00:26] Bootstrap tree #678, logLikelihood: -3988.584707
[00:00:26] Bootstrap tree #679, logLikelihood: -4051.357523
[00:00:26] Bootstrap tree #680, logLikelihood: -4094.542415
[00:00:26] Bootstrap tree #681, logLikelihood: -3912.813624
[00:00:26] Bootstrap tree #682, logLikelihood: -4092.574943
[00:00:26] Bootstrap tree #683, logLikelihood: -4112.682932
[00:00:26] Bootstrap tree #684, logLikelihood: -4117.305616
[00:00:26] Bootstrap tree #685, logLikelihood: -4014.844339
[00:00:26] Bootstrap tree #686, logLikelihood: -4105.269257
[00:00:26] Bootstrap tree #687, logLikelihood: -4027.468850
[00:00:26] Bootstrap tree #688, logLikelihood: -4032.715289
[00:00:26] Bootstrap tree #689, logLikelihood: -4107.405653
[00:00:26] Bootstrap tree #690, logLikelihood: -4044.928566
[00:00:26] Bootstrap tree #691, logLikelihood: -4099.632023
[00:00:26] Bootstrap tree #692, logLikelihood: -4057.662500
[00:00:26] Bootstrap tree #693, logLikelihood: -4117.821864
[00:00:26] Bootstrap tree #694, logLikelihood: -4077.051928
[00:00:26] Bootstrap tree #695, logLikelihood: -4023.221994
[00:00:26] Bootstrap tree #696, logLikelihood: -4035.635133
[00:00:26] Bootstrap tree #697, logLikelihood: -4105.531720
[00:00:26] Bootstrap tree #698, logLikelihood: -4098.743074
[00:00:26] Bootstrap tree #699, logLikelihood: -4132.471220
[00:00:26] Bootstrap tree #700, logLikelihood: -4155.817746
[00:00:26] Bootstrap tree #701, logLikelihood: -4080.308055
[00:00:26] Bootstrap tree #702, logLikelihood: -4061.516213
[00:00:26] Bootstrap tree #703, logLikelihood: -4019.472484
[00:00:26] Bootstrap tree #704, logLikelihood: -3976.967903
[00:00:27] Bootstrap tree #705, logLikelihood: -4117.544387
[00:00:27] Bootstrap tree #706, logLikelihood: -4089.646512
[00:00:27] Bootstrap tree #707, logLikelihood: -4049.443773
[00:00:27] Bootstrap tree #708, logLikelihood: -4025.484100
[00:00:27] Bootstrap tree #709, logLikelihood: -4115.662936
[00:00:27] Bootstrap tree #710, logLikelihood: -4162.805020
[00:00:27] Bootstrap tree #711, logLikelihood: -4108.159884
[00:00:27] Bootstrap tree #712, logLikelihood: -4068.441080
[00:00:27] Bootstrap tree #713, logLikelihood: -4127.058040
[00:00:27] Bootstrap tree #714, logLikelihood: -4103.968586
[00:00:27] Bootstrap tree #715, logLikelihood: -4108.341246
[00:00:27] Bootstrap tree #716, logLikelihood: -4115.473572
[00:00:27] Bootstrap tree #717, logLikelihood: -4078.023916
[00:00:27] Bootstrap tree #718, logLikelihood: -4093.828440
[00:00:27] Bootstrap tree #719, logLikelihood: -4120.218052
[00:00:27] Bootstrap tree #720, logLikelihood: -4174.382679
[00:00:27] Bootstrap tree #721, logLikelihood: -4135.519921
[00:00:27] Bootstrap tree #722, logLikelihood: -4068.769149
[00:00:27] Bootstrap tree #723, logLikelihood: -4081.730467
[00:00:27] Bootstrap tree #724, logLikelihood: -4157.612488
[00:00:27] Bootstrap tree #725, logLikelihood: -4042.276796
[00:00:27] Bootstrap tree #726, logLikelihood: -4077.318357
[00:00:27] Bootstrap tree #727, logLikelihood: -4109.395229
[00:00:27] Bootstrap tree #728, logLikelihood: -4047.002750
[00:00:27] Bootstrap tree #729, logLikelihood: -4051.398040
[00:00:28] Bootstrap tree #730, logLikelihood: -4139.854500
[00:00:28] Bootstrap tree #731, logLikelihood: -4047.218805
[00:00:28] Bootstrap tree #732, logLikelihood: -4111.823530
[00:00:28] Bootstrap tree #733, logLikelihood: -4144.537443
[00:00:28] Bootstrap tree #734, logLikelihood: -4032.483397
[00:00:28] Bootstrap tree #735, logLikelihood: -4148.477489
[00:00:28] Bootstrap tree #736, logLikelihood: -4048.953795
[00:00:28] Bootstrap tree #737, logLikelihood: -4085.696049
[00:00:28] Bootstrap tree #738, logLikelihood: -3989.969894
[00:00:28] Bootstrap tree #739, logLikelihood: -4183.500174
[00:00:28] Bootstrap tree #740, logLikelihood: -4074.614137
[00:00:28] Bootstrap tree #741, logLikelihood: -4096.568271
[00:00:28] Bootstrap tree #742, logLikelihood: -4169.546411
[00:00:28] Bootstrap tree #743, logLikelihood: -4090.378277
[00:00:28] Bootstrap tree #744, logLikelihood: -4041.606863
[00:00:28] Bootstrap tree #745, logLikelihood: -4120.688379
[00:00:28] Bootstrap tree #746, logLikelihood: -4099.853721
[00:00:28] Bootstrap tree #747, logLikelihood: -4075.546055
[00:00:28] Bootstrap tree #748, logLikelihood: -4165.671959
[00:00:28] Bootstrap tree #749, logLikelihood: -4094.222646
[00:00:28] Bootstrap tree #750, logLikelihood: -4169.074126
[00:00:28] Bootstrap tree #751, logLikelihood: -4070.557783
[00:00:28] Bootstrap tree #752, logLikelihood: -4105.122380
[00:00:28] Bootstrap tree #753, logLikelihood: -4040.940935
[00:00:28] Bootstrap tree #754, logLikelihood: -4032.056503
[00:00:28] Bootstrap tree #755, logLikelihood: -4174.777735
[00:00:29] Bootstrap tree #756, logLikelihood: -4121.928294
[00:00:29] Bootstrap tree #757, logLikelihood: -4040.165531
[00:00:29] Bootstrap tree #758, logLikelihood: -4070.098434
[00:00:29] Bootstrap tree #759, logLikelihood: -4035.502083
[00:00:29] Bootstrap tree #760, logLikelihood: -4027.861747
[00:00:29] Bootstrap tree #761, logLikelihood: -4117.735125
[00:00:29] Bootstrap tree #762, logLikelihood: -4096.578420
[00:00:29] Bootstrap tree #763, logLikelihood: -4028.452983
[00:00:29] Bootstrap tree #764, logLikelihood: -4161.347746
[00:00:29] Bootstrap tree #765, logLikelihood: -4182.136091
[00:00:29] Bootstrap tree #766, logLikelihood: -4130.797740
[00:00:29] Bootstrap tree #767, logLikelihood: -4086.676209
[00:00:29] Bootstrap tree #768, logLikelihood: -4069.921379
[00:00:29] Bootstrap tree #769, logLikelihood: -4062.217719
[00:00:29] Bootstrap tree #770, logLikelihood: -4174.019611
[00:00:29] Bootstrap tree #771, logLikelihood: -4090.671861
[00:00:29] Bootstrap tree #772, logLikelihood: -4066.710291
[00:00:29] Bootstrap tree #773, logLikelihood: -4006.788220
[00:00:29] Bootstrap tree #774, logLikelihood: -4063.778405
[00:00:29] Bootstrap tree #775, logLikelihood: -4136.288425
[00:00:29] Bootstrap tree #776, logLikelihood: -4157.159236
[00:00:29] Bootstrap tree #777, logLikelihood: -4181.665265
[00:00:29] Bootstrap tree #778, logLikelihood: -4014.456761
[00:00:29] Bootstrap tree #779, logLikelihood: -4067.306032
[00:00:29] Bootstrap tree #780, logLikelihood: -4075.036142
[00:00:30] Bootstrap tree #781, logLikelihood: -4011.599580
[00:00:30] Bootstrap tree #782, logLikelihood: -4073.295270
[00:00:30] Bootstrap tree #783, logLikelihood: -4062.500538
[00:00:30] Bootstrap tree #784, logLikelihood: -4106.248902
[00:00:30] Bootstrap tree #785, logLikelihood: -4043.812216
[00:00:30] Bootstrap tree #786, logLikelihood: -4092.264424
[00:00:30] Bootstrap tree #787, logLikelihood: -4015.533683
[00:00:30] Bootstrap tree #788, logLikelihood: -4062.902631
[00:00:30] Bootstrap tree #789, logLikelihood: -4105.707397
[00:00:30] Bootstrap tree #790, logLikelihood: -4104.162622
[00:00:30] Bootstrap tree #791, logLikelihood: -3994.255610
[00:00:30] Bootstrap tree #792, logLikelihood: -4148.788442
[00:00:30] Bootstrap tree #793, logLikelihood: -4167.636256
[00:00:30] Bootstrap tree #794, logLikelihood: -4042.044202
[00:00:30] Bootstrap tree #795, logLikelihood: -4089.372956
[00:00:30] Bootstrap tree #796, logLikelihood: -4041.714038
[00:00:30] Bootstrap tree #797, logLikelihood: -4132.874934
[00:00:30] Bootstrap tree #798, logLikelihood: -4098.811778
[00:00:30] Bootstrap tree #799, logLikelihood: -4033.921941
[00:00:30] Bootstrap tree #800, logLikelihood: -4107.102366
[00:00:30] Bootstrap tree #801, logLikelihood: -3982.670104
[00:00:30] Bootstrap tree #802, logLikelihood: -4039.680312
[00:00:30] Bootstrap tree #803, logLikelihood: -4068.268076
[00:00:30] Bootstrap tree #804, logLikelihood: -4034.705987
[00:00:30] Bootstrap tree #805, logLikelihood: -4036.918943
[00:00:30] Bootstrap tree #806, logLikelihood: -4150.590931
[00:00:31] Bootstrap tree #807, logLikelihood: -4085.324309
[00:00:31] Bootstrap tree #808, logLikelihood: -4115.741915
[00:00:31] Bootstrap tree #809, logLikelihood: -4106.076942
[00:00:31] Bootstrap tree #810, logLikelihood: -4136.608398
[00:00:31] Bootstrap tree #811, logLikelihood: -4121.499097
[00:00:31] Bootstrap tree #812, logLikelihood: -4046.662542
[00:00:31] Bootstrap tree #813, logLikelihood: -4125.304341
[00:00:31] Bootstrap tree #814, logLikelihood: -4067.494817
[00:00:31] Bootstrap tree #815, logLikelihood: -4081.093208
[00:00:31] Bootstrap tree #816, logLikelihood: -4097.318099
[00:00:31] Bootstrap tree #817, logLikelihood: -4026.341665
[00:00:31] Bootstrap tree #818, logLikelihood: -4168.907844
[00:00:31] Bootstrap tree #819, logLikelihood: -4091.144386
[00:00:31] Bootstrap tree #820, logLikelihood: -3972.767198
[00:00:31] Bootstrap tree #821, logLikelihood: -4153.045291
[00:00:31] Bootstrap tree #822, logLikelihood: -3976.598473
[00:00:31] Bootstrap tree #823, logLikelihood: -4103.659450
[00:00:31] Bootstrap tree #824, logLikelihood: -4138.759821
[00:00:31] Bootstrap tree #825, logLikelihood: -4089.624261
[00:00:31] Bootstrap tree #826, logLikelihood: -4058.958807
[00:00:31] Bootstrap tree #827, logLikelihood: -4203.494164
[00:00:31] Bootstrap tree #828, logLikelihood: -4187.803075
[00:00:31] Bootstrap tree #829, logLikelihood: -4043.480208
[00:00:31] Bootstrap tree #830, logLikelihood: -4050.024329
[00:00:31] Bootstrap tree #831, logLikelihood: -4016.996013
[00:00:32] Bootstrap tree #832, logLikelihood: -4036.714575
[00:00:32] Bootstrap tree #833, logLikelihood: -4017.519713
[00:00:32] Bootstrap tree #834, logLikelihood: -4041.214437
[00:00:32] Bootstrap tree #835, logLikelihood: -3990.502117
[00:00:32] Bootstrap tree #836, logLikelihood: -4032.855270
[00:00:32] Bootstrap tree #837, logLikelihood: -4081.982563
[00:00:32] Bootstrap tree #838, logLikelihood: -3984.827125
[00:00:32] Bootstrap tree #839, logLikelihood: -4125.930652
[00:00:32] Bootstrap tree #840, logLikelihood: -4009.783638
[00:00:32] Bootstrap tree #841, logLikelihood: -4185.763246
[00:00:32] Bootstrap tree #842, logLikelihood: -4151.641014
[00:00:32] Bootstrap tree #843, logLikelihood: -4074.762557
[00:00:32] Bootstrap tree #844, logLikelihood: -4111.474286
[00:00:32] Bootstrap tree #845, logLikelihood: -4091.203403
[00:00:32] Bootstrap tree #846, logLikelihood: -4136.936408
[00:00:32] Bootstrap tree #847, logLikelihood: -3992.387262
[00:00:32] Bootstrap tree #848, logLikelihood: -4092.291704
[00:00:32] Bootstrap tree #849, logLikelihood: -4055.356151
[00:00:32] Bootstrap tree #850, logLikelihood: -4048.735703
[00:00:32] Bootstrap tree #851, logLikelihood: -4095.878042
[00:00:32] Bootstrap tree #852, logLikelihood: -4000.984130
[00:00:32] Bootstrap tree #853, logLikelihood: -4141.649047
[00:00:32] Bootstrap tree #854, logLikelihood: -4084.472891
[00:00:32] Bootstrap tree #855, logLikelihood: -4143.077994
[00:00:32] Bootstrap tree #856, logLikelihood: -4052.728826
[00:00:33] Bootstrap tree #857, logLikelihood: -4150.652440
[00:00:33] Bootstrap tree #858, logLikelihood: -3974.727516
[00:00:33] Bootstrap tree #859, logLikelihood: -4151.804741
[00:00:33] Bootstrap tree #860, logLikelihood: -4082.877514
[00:00:33] Bootstrap tree #861, logLikelihood: -4070.673876
[00:00:33] Bootstrap tree #862, logLikelihood: -4048.715679
[00:00:33] Bootstrap tree #863, logLikelihood: -4002.374165
[00:00:33] Bootstrap tree #864, logLikelihood: -4026.385938
[00:00:33] Bootstrap tree #865, logLikelihood: -4062.300038
[00:00:33] Bootstrap tree #866, logLikelihood: -3983.956576
[00:00:33] Bootstrap tree #867, logLikelihood: -4058.648654
[00:00:33] Bootstrap tree #868, logLikelihood: -4087.716810
[00:00:33] Bootstrap tree #869, logLikelihood: -4025.058271
[00:00:33] Bootstrap tree #870, logLikelihood: -4077.253680
[00:00:33] Bootstrap tree #871, logLikelihood: -4105.348308
[00:00:33] Bootstrap tree #872, logLikelihood: -4070.080909
[00:00:33] Bootstrap tree #873, logLikelihood: -3985.594010
[00:00:33] Bootstrap tree #874, logLikelihood: -4107.304699
[00:00:33] Bootstrap tree #875, logLikelihood: -4046.884581
[00:00:33] Bootstrap tree #876, logLikelihood: -4102.604219
[00:00:33] Bootstrap tree #877, logLikelihood: -4013.911237
[00:00:33] Bootstrap tree #878, logLikelihood: -4077.908781
[00:00:33] Bootstrap tree #879, logLikelihood: -4071.116629
[00:00:33] Bootstrap tree #880, logLikelihood: -4078.085104
[00:00:33] Bootstrap tree #881, logLikelihood: -4077.459310
[00:00:34] Bootstrap tree #882, logLikelihood: -4084.214804
[00:00:34] Bootstrap tree #883, logLikelihood: -4146.732333
[00:00:34] Bootstrap tree #884, logLikelihood: -4041.708707
[00:00:34] Bootstrap tree #885, logLikelihood: -4139.664095
[00:00:34] Bootstrap tree #886, logLikelihood: -4065.569384
[00:00:34] Bootstrap tree #887, logLikelihood: -4126.885600
[00:00:34] Bootstrap tree #888, logLikelihood: -4021.722202
[00:00:34] Bootstrap tree #889, logLikelihood: -4067.425257
[00:00:34] Bootstrap tree #890, logLikelihood: -4068.883835
[00:00:34] Bootstrap tree #891, logLikelihood: -4027.745993
[00:00:34] Bootstrap tree #892, logLikelihood: -4042.447997
[00:00:34] Bootstrap tree #893, logLikelihood: -4078.449378
[00:00:34] Bootstrap tree #894, logLikelihood: -4073.244567
[00:00:34] Bootstrap tree #895, logLikelihood: -4074.053905
[00:00:34] Bootstrap tree #896, logLikelihood: -4091.357426
[00:00:34] Bootstrap tree #897, logLikelihood: -4007.769823
[00:00:34] Bootstrap tree #898, logLikelihood: -4183.712205
[00:00:34] Bootstrap tree #899, logLikelihood: -4136.901511
[00:00:34] Bootstrap tree #900, logLikelihood: -4077.297767
[00:00:34] Bootstrap tree #901, logLikelihood: -4043.955620
[00:00:34] Bootstrap tree #902, logLikelihood: -4067.215152
[00:00:34] Bootstrap tree #903, logLikelihood: -4075.829103
[00:00:34] Bootstrap tree #904, logLikelihood: -4071.723602
[00:00:34] Bootstrap tree #905, logLikelihood: -4121.434803
[00:00:34] Bootstrap tree #906, logLikelihood: -3985.285138
[00:00:34] Bootstrap tree #907, logLikelihood: -4146.870679
[00:00:34] Bootstrap tree #908, logLikelihood: -4018.275249
[00:00:34] Bootstrap tree #909, logLikelihood: -4144.670318
[00:00:35] Bootstrap tree #910, logLikelihood: -4008.303317
[00:00:35] Bootstrap tree #911, logLikelihood: -4140.022396
[00:00:35] Bootstrap tree #912, logLikelihood: -4117.349095
[00:00:35] Bootstrap tree #913, logLikelihood: -4137.080311
[00:00:35] Bootstrap tree #914, logLikelihood: -4010.333357
[00:00:35] Bootstrap tree #915, logLikelihood: -4136.226956
[00:00:35] Bootstrap tree #916, logLikelihood: -4022.400215
[00:00:35] Bootstrap tree #917, logLikelihood: -4056.483514
[00:00:35] Bootstrap tree #918, logLikelihood: -4111.041325
[00:00:35] Bootstrap tree #919, logLikelihood: -4060.566012
[00:00:35] Bootstrap tree #920, logLikelihood: -4085.018207
[00:00:35] Bootstrap tree #921, logLikelihood: -4069.044446
[00:00:35] Bootstrap tree #922, logLikelihood: -4143.552071
[00:00:35] Bootstrap tree #923, logLikelihood: -4073.661759
[00:00:35] Bootstrap tree #924, logLikelihood: -4083.880209
[00:00:35] Bootstrap tree #925, logLikelihood: -4114.253475
[00:00:35] Bootstrap tree #926, logLikelihood: -4059.631839
[00:00:35] Bootstrap tree #927, logLikelihood: -4093.923604
[00:00:35] Bootstrap tree #928, logLikelihood: -4083.620418
[00:00:35] Bootstrap tree #929, logLikelihood: -4116.668525
[00:00:35] Bootstrap tree #930, logLikelihood: -4147.214077
[00:00:35] Bootstrap tree #931, logLikelihood: -4036.414857
[00:00:35] Bootstrap tree #932, logLikelihood: -4062.279368
[00:00:35] Bootstrap tree #933, logLikelihood: -4048.211375
[00:00:36] Bootstrap tree #934, logLikelihood: -4107.411638
[00:00:36] Bootstrap tree #935, logLikelihood: -4117.760457
[00:00:36] Bootstrap tree #936, logLikelihood: -4080.846690
[00:00:36] Bootstrap tree #937, logLikelihood: -4084.190892
[00:00:36] Bootstrap tree #938, logLikelihood: -4065.336412
[00:00:36] Bootstrap tree #939, logLikelihood: -4044.491173
[00:00:36] Bootstrap tree #940, logLikelihood: -4052.000690
[00:00:36] Bootstrap tree #941, logLikelihood: -4042.068917
[00:00:36] Bootstrap tree #942, logLikelihood: -4080.829749
[00:00:36] Bootstrap tree #943, logLikelihood: -4084.814480
[00:00:36] Bootstrap tree #944, logLikelihood: -4046.204905
[00:00:36] Bootstrap tree #945, logLikelihood: -4022.175410
[00:00:36] Bootstrap tree #946, logLikelihood: -4079.286101
[00:00:36] Bootstrap tree #947, logLikelihood: -4087.718404
[00:00:36] Bootstrap tree #948, logLikelihood: -4092.943235
[00:00:36] Bootstrap tree #949, logLikelihood: -4113.268145
[00:00:36] Bootstrap tree #950, logLikelihood: -4061.157508
[00:00:36] Bootstrap tree #951, logLikelihood: -4153.957658
[00:00:36] Bootstrap tree #952, logLikelihood: -4111.358596
[00:00:36] Bootstrap tree #953, logLikelihood: -4073.117281
[00:00:36] Bootstrap tree #954, logLikelihood: -4211.744321
[00:00:36] Bootstrap tree #955, logLikelihood: -4134.808645
[00:00:36] Bootstrap tree #956, logLikelihood: -4048.850538
[00:00:37] Bootstrap tree #957, logLikelihood: -4121.470952
[00:00:37] Bootstrap tree #958, logLikelihood: -4145.047454
[00:00:37] Bootstrap tree #959, logLikelihood: -4116.100483
[00:00:37] Bootstrap tree #960, logLikelihood: -4144.616200
[00:00:37] Bootstrap tree #961, logLikelihood: -4067.437023
[00:00:37] Bootstrap tree #962, logLikelihood: -4159.105738
[00:00:37] Bootstrap tree #963, logLikelihood: -4133.886647
[00:00:37] Bootstrap tree #964, logLikelihood: -4082.124115
[00:00:37] Bootstrap tree #965, logLikelihood: -4049.672094
[00:00:37] Bootstrap tree #966, logLikelihood: -4183.911638
[00:00:37] Bootstrap tree #967, logLikelihood: -4207.111019
[00:00:37] Bootstrap tree #968, logLikelihood: -4113.337425
[00:00:37] Bootstrap tree #969, logLikelihood: -4013.017856
[00:00:37] Bootstrap tree #970, logLikelihood: -4039.832762
[00:00:37] Bootstrap tree #971, logLikelihood: -4090.005306
[00:00:37] Bootstrap tree #972, logLikelihood: -4083.480811
[00:00:37] Bootstrap tree #973, logLikelihood: -4151.771169
[00:00:37] Bootstrap tree #974, logLikelihood: -4150.163864
[00:00:37] Bootstrap tree #975, logLikelihood: -4071.471456
[00:00:37] Bootstrap tree #976, logLikelihood: -3987.370695
[00:00:37] Bootstrap tree #977, logLikelihood: -4056.120497
[00:00:37] Bootstrap tree #978, logLikelihood: -4026.743655
[00:00:37] Bootstrap tree #979, logLikelihood: -4117.779927
[00:00:37] Bootstrap tree #980, logLikelihood: -4135.710248
[00:00:38] Bootstrap tree #981, logLikelihood: -4055.652648
[00:00:38] Bootstrap tree #982, logLikelihood: -4014.212094
[00:00:38] Bootstrap tree #983, logLikelihood: -4098.819791
[00:00:38] Bootstrap tree #984, logLikelihood: -4090.243657
[00:00:38] Bootstrap tree #985, logLikelihood: -4092.447378
[00:00:38] Bootstrap tree #986, logLikelihood: -4070.586376
[00:00:38] Bootstrap tree #987, logLikelihood: -4154.039853
[00:00:38] Bootstrap tree #988, logLikelihood: -4139.714389
[00:00:38] Bootstrap tree #989, logLikelihood: -4008.467947
[00:00:38] Bootstrap tree #990, logLikelihood: -4036.459272
[00:00:38] Bootstrap tree #991, logLikelihood: -4053.343029
[00:00:38] Bootstrap tree #992, logLikelihood: -4122.450826
[00:00:38] Bootstrap tree #993, logLikelihood: -4052.249403
[00:00:38] Bootstrap tree #994, logLikelihood: -4074.368949
[00:00:38] Bootstrap tree #995, logLikelihood: -4162.255255
[00:00:38] Bootstrap tree #996, logLikelihood: -4008.899424
[00:00:38] Bootstrap tree #997, logLikelihood: -4011.523529
[00:00:38] Bootstrap tree #998, logLikelihood: -4089.495791
[00:00:38] Bootstrap tree #999, logLikelihood: -4092.867668
[00:00:38] Bootstrap tree #1000, logLikelihood: -4055.460146

Optimized model parameters:

   Partition 0: noname
   Rate heterogeneity: GAMMA (4 cats, mean),  alpha: 1.059648 (ML),  weights&rates: (0.250000,0.148699) (0.250000,0.493974) (0.250000,1.009221) (0.250000,2.348105) 
   Base frequencies (ML): 0.273285 0.242124 0.264690 0.219901 
   Substitution rates (ML): 6.917826 8.628292 1.903264 5.872941 11.964015 1.000000 


Final LogLikelihood: -4091.683360

AIC score: 8211.366719 / AICc score: 8211.767482 / BIC score: 8280.930624
Free parameters (model + branch lengths): 14

Best ML tree saved to: /home/seddik/Documents/Synesth/iter6/all_Cas_trees/Csy3/Tree.raxml.bestTree
All ML trees saved to: /home/seddik/Documents/Synesth/iter6/all_Cas_trees/Csy3/Tree.raxml.mlTrees
Best ML tree with Felsenstein bootstrap (FBP) support values saved to: /home/seddik/Documents/Synesth/iter6/all_Cas_trees/Csy3/Tree.raxml.support
Optimized model saved to: /home/seddik/Documents/Synesth/iter6/all_Cas_trees/Csy3/Tree.raxml.bestModel
Bootstrap trees saved to: /home/seddik/Documents/Synesth/iter6/all_Cas_trees/Csy3/Tree.raxml.bootstraps

Execution log saved to: /home/seddik/Documents/Synesth/iter6/all_Cas_trees/Csy3/Tree.raxml.log

Analysis started: 30-Jul-2024 18:51:47 / finished: 30-Jul-2024 18:52:25

Elapsed time: 38.864 seconds

