
RAxML-NG v. 0.9.0 released on 20.05.2019 by The Exelixis Lab.
Developed by: Alexey M. Kozlov and Alexandros Stamatakis.
Contributors: Diego Darriba, Tomas Flouri, Benoit Morel, Sarah Lutteropp, Ben Bettisworth.
Latest version: https://github.com/amkozlov/raxml-ng
Questions/problems/suggestions? Please visit: https://groups.google.com/forum/#!forum/raxml

RAxML-NG was called at 30-Jul-2024 18:49:13 as follows:

raxml-ng --all --msa all_Cas_aligned/all_Csm5_aligned.fna --model GTR+G --bs-trees 1000 --threads 4 --prefix all_Cas_trees/Csm5/Tree

Analysis options:
  run mode: ML tree search + bootstrapping (Felsenstein Bootstrap)
  start tree(s): random (10) + parsimony (10)
  bootstrap replicates: 1000
  random seed: 1722379753
  tip-inner: OFF
  pattern compression: ON
  per-rate scalers: OFF
  site repeats: ON
  branch lengths: proportional (ML estimate, algorithm: NR-FAST)
  SIMD kernels: AVX2
  parallelization: PTHREADS (4 threads), thread pinning: OFF

[00:00:00] Reading alignment from file: all_Cas_aligned/all_Csm5_aligned.fna
[00:00:00] Loaded alignment with 4 taxa and 1426 sites

Alignment comprises 1 partitions and 390 patterns

Partition 0: noname
Model: GTR+FO+G4m
Alignment sites / patterns: 1426 / 390
Gaps: 19.50 %
Invariant sites: 31.70 %


NOTE: Binary MSA file created: all_Cas_trees/Csm5/Tree.raxml.rba

[00:00:00] Generating 10 random starting tree(s) with 4 taxa
[00:00:00] Generating 10 parsimony starting tree(s) with 4 taxa
[00:00:00] Data distribution: max. partitions/sites/weight per thread: 1 / 98 / 1568

Starting ML tree search with 20 distinct starting trees

[00:00:00] ML tree search #1, logLikelihood: -5727.362132
[00:00:00] ML tree search #2, logLikelihood: -5727.388447
[00:00:00] ML tree search #3, logLikelihood: -5727.388447
[00:00:00] ML tree search #4, logLikelihood: -5727.362132
[00:00:00] ML tree search #5, logLikelihood: -5727.388447
[00:00:00] ML tree search #6, logLikelihood: -5727.301920
[00:00:00] ML tree search #7, logLikelihood: -5727.362132
[00:00:00] ML tree search #8, logLikelihood: -5727.388447
[00:00:00] ML tree search #9, logLikelihood: -5727.362132
[00:00:00] ML tree search #10, logLikelihood: -5727.362132
[00:00:00] ML tree search #11, logLikelihood: -5727.347322
[00:00:00] ML tree search #12, logLikelihood: -5727.347322
[00:00:00] ML tree search #13, logLikelihood: -5727.368670
[00:00:00] ML tree search #14, logLikelihood: -5727.395459
[00:00:00] ML tree search #15, logLikelihood: -5727.236164
[00:00:00] ML tree search #16, logLikelihood: -5727.229117
[00:00:00] ML tree search #17, logLikelihood: -5727.597670
[00:00:00] ML tree search #18, logLikelihood: -5727.636995
[00:00:00] ML tree search #19, logLikelihood: -5727.395459
[00:00:00] ML tree search #20, logLikelihood: -5727.205638

[00:00:00] ML tree search completed, best tree logLH: -5727.205638

[00:00:00] Starting bootstrapping analysis with 1000 replicates.

[00:00:01] Bootstrap tree #1, logLikelihood: -5765.203662
[00:00:01] Bootstrap tree #2, logLikelihood: -5802.430818
[00:00:01] Bootstrap tree #3, logLikelihood: -5656.214632
[00:00:01] Bootstrap tree #4, logLikelihood: -5649.175763
[00:00:01] Bootstrap tree #5, logLikelihood: -5616.286258
[00:00:01] Bootstrap tree #6, logLikelihood: -5723.663071
[00:00:01] Bootstrap tree #7, logLikelihood: -5745.211125
[00:00:01] Bootstrap tree #8, logLikelihood: -5736.044701
[00:00:01] Bootstrap tree #9, logLikelihood: -5789.459642
[00:00:01] Bootstrap tree #10, logLikelihood: -5689.627637
[00:00:01] Bootstrap tree #11, logLikelihood: -5705.427948
[00:00:01] Bootstrap tree #12, logLikelihood: -5756.087103
[00:00:01] Bootstrap tree #13, logLikelihood: -5801.151125
[00:00:01] Bootstrap tree #14, logLikelihood: -5776.030683
[00:00:01] Bootstrap tree #15, logLikelihood: -5753.709689
[00:00:01] Bootstrap tree #16, logLikelihood: -5725.702583
[00:00:01] Bootstrap tree #17, logLikelihood: -5761.084387
[00:00:01] Bootstrap tree #18, logLikelihood: -5662.302462
[00:00:01] Bootstrap tree #19, logLikelihood: -5649.503484
[00:00:01] Bootstrap tree #20, logLikelihood: -5662.724546
[00:00:01] Bootstrap tree #21, logLikelihood: -5774.615864
[00:00:02] Bootstrap tree #22, logLikelihood: -5823.864702
[00:00:02] Bootstrap tree #23, logLikelihood: -5739.540719
[00:00:02] Bootstrap tree #24, logLikelihood: -5852.312174
[00:00:02] Bootstrap tree #25, logLikelihood: -5574.598828
[00:00:02] Bootstrap tree #26, logLikelihood: -5800.947982
[00:00:02] Bootstrap tree #27, logLikelihood: -5576.225826
[00:00:02] Bootstrap tree #28, logLikelihood: -5668.991611
[00:00:02] Bootstrap tree #29, logLikelihood: -5638.643167
[00:00:02] Bootstrap tree #30, logLikelihood: -5765.984757
[00:00:02] Bootstrap tree #31, logLikelihood: -5799.418852
[00:00:02] Bootstrap tree #32, logLikelihood: -5757.744805
[00:00:02] Bootstrap tree #33, logLikelihood: -5865.117271
[00:00:02] Bootstrap tree #34, logLikelihood: -5767.961609
[00:00:02] Bootstrap tree #35, logLikelihood: -5776.100222
[00:00:02] Bootstrap tree #36, logLikelihood: -5759.377827
[00:00:02] Bootstrap tree #37, logLikelihood: -5729.619630
[00:00:02] Bootstrap tree #38, logLikelihood: -5706.224122
[00:00:02] Bootstrap tree #39, logLikelihood: -5777.004233
[00:00:02] Bootstrap tree #40, logLikelihood: -5723.167349
[00:00:02] Bootstrap tree #41, logLikelihood: -5823.808648
[00:00:03] Bootstrap tree #42, logLikelihood: -5628.526468
[00:00:03] Bootstrap tree #43, logLikelihood: -5684.248126
[00:00:03] Bootstrap tree #44, logLikelihood: -5764.509641
[00:00:03] Bootstrap tree #45, logLikelihood: -5724.479223
[00:00:03] Bootstrap tree #46, logLikelihood: -5704.076488
[00:00:03] Bootstrap tree #47, logLikelihood: -5608.112037
[00:00:03] Bootstrap tree #48, logLikelihood: -5829.439475
[00:00:03] Bootstrap tree #49, logLikelihood: -5723.349513
[00:00:03] Bootstrap tree #50, logLikelihood: -5743.537337
[00:00:03] Bootstrap tree #51, logLikelihood: -5693.239467
[00:00:03] Bootstrap tree #52, logLikelihood: -5720.171736
[00:00:03] Bootstrap tree #53, logLikelihood: -5601.948500
[00:00:03] Bootstrap tree #54, logLikelihood: -5924.035607
[00:00:03] Bootstrap tree #55, logLikelihood: -5685.574331
[00:00:03] Bootstrap tree #56, logLikelihood: -5784.967969
[00:00:03] Bootstrap tree #57, logLikelihood: -5641.105245
[00:00:03] Bootstrap tree #58, logLikelihood: -5757.021677
[00:00:03] Bootstrap tree #59, logLikelihood: -5743.030336
[00:00:03] Bootstrap tree #60, logLikelihood: -5704.981556
[00:00:03] Bootstrap tree #61, logLikelihood: -5731.085633
[00:00:03] Bootstrap tree #62, logLikelihood: -5718.799945
[00:00:03] Bootstrap tree #63, logLikelihood: -5712.624489
[00:00:04] Bootstrap tree #64, logLikelihood: -5645.366502
[00:00:04] Bootstrap tree #65, logLikelihood: -5721.254429
[00:00:04] Bootstrap tree #66, logLikelihood: -5658.548550
[00:00:04] Bootstrap tree #67, logLikelihood: -5718.328956
[00:00:04] Bootstrap tree #68, logLikelihood: -5645.454774
[00:00:04] Bootstrap tree #69, logLikelihood: -5716.509518
[00:00:04] Bootstrap tree #70, logLikelihood: -5769.712302
[00:00:04] Bootstrap tree #71, logLikelihood: -5689.641946
[00:00:04] Bootstrap tree #72, logLikelihood: -5668.990533
[00:00:04] Bootstrap tree #73, logLikelihood: -5649.289231
[00:00:04] Bootstrap tree #74, logLikelihood: -5713.044164
[00:00:04] Bootstrap tree #75, logLikelihood: -5737.282297
[00:00:04] Bootstrap tree #76, logLikelihood: -5706.326656
[00:00:04] Bootstrap tree #77, logLikelihood: -5794.181765
[00:00:04] Bootstrap tree #78, logLikelihood: -5691.026129
[00:00:04] Bootstrap tree #79, logLikelihood: -5640.364187
[00:00:04] Bootstrap tree #80, logLikelihood: -5701.751181
[00:00:04] Bootstrap tree #81, logLikelihood: -5739.525901
[00:00:04] Bootstrap tree #82, logLikelihood: -5758.921327
[00:00:04] Bootstrap tree #83, logLikelihood: -5665.004893
[00:00:05] Bootstrap tree #84, logLikelihood: -5613.883081
[00:00:05] Bootstrap tree #85, logLikelihood: -5747.545102
[00:00:05] Bootstrap tree #86, logLikelihood: -5612.745296
[00:00:05] Bootstrap tree #87, logLikelihood: -5640.392402
[00:00:05] Bootstrap tree #88, logLikelihood: -5691.453765
[00:00:05] Bootstrap tree #89, logLikelihood: -5679.264191
[00:00:05] Bootstrap tree #90, logLikelihood: -5794.385299
[00:00:05] Bootstrap tree #91, logLikelihood: -5734.448518
[00:00:05] Bootstrap tree #92, logLikelihood: -5795.822959
[00:00:05] Bootstrap tree #93, logLikelihood: -5719.596760
[00:00:05] Bootstrap tree #94, logLikelihood: -5704.708040
[00:00:05] Bootstrap tree #95, logLikelihood: -5630.661005
[00:00:05] Bootstrap tree #96, logLikelihood: -5742.822876
[00:00:05] Bootstrap tree #97, logLikelihood: -5756.156919
[00:00:05] Bootstrap tree #98, logLikelihood: -5756.435098
[00:00:05] Bootstrap tree #99, logLikelihood: -5681.863358
[00:00:05] Bootstrap tree #100, logLikelihood: -5713.623536
[00:00:05] Bootstrap tree #101, logLikelihood: -5784.741897
[00:00:05] Bootstrap tree #102, logLikelihood: -5619.786992
[00:00:05] Bootstrap tree #103, logLikelihood: -5658.085637
[00:00:05] Bootstrap tree #104, logLikelihood: -5667.118116
[00:00:06] Bootstrap tree #105, logLikelihood: -5639.468597
[00:00:06] Bootstrap tree #106, logLikelihood: -5833.813953
[00:00:06] Bootstrap tree #107, logLikelihood: -5700.710216
[00:00:06] Bootstrap tree #108, logLikelihood: -5714.843742
[00:00:06] Bootstrap tree #109, logLikelihood: -5693.075408
[00:00:06] Bootstrap tree #110, logLikelihood: -5689.988067
[00:00:06] Bootstrap tree #111, logLikelihood: -5754.800143
[00:00:06] Bootstrap tree #112, logLikelihood: -5560.066920
[00:00:06] Bootstrap tree #113, logLikelihood: -5756.242926
[00:00:06] Bootstrap tree #114, logLikelihood: -5739.187343
[00:00:06] Bootstrap tree #115, logLikelihood: -5822.838721
[00:00:06] Bootstrap tree #116, logLikelihood: -5763.818197
[00:00:06] Bootstrap tree #117, logLikelihood: -5659.347693
[00:00:06] Bootstrap tree #118, logLikelihood: -5727.321121
[00:00:06] Bootstrap tree #119, logLikelihood: -5710.671795
[00:00:06] Bootstrap tree #120, logLikelihood: -5660.430510
[00:00:06] Bootstrap tree #121, logLikelihood: -5670.558944
[00:00:06] Bootstrap tree #122, logLikelihood: -5709.606872
[00:00:07] Bootstrap tree #123, logLikelihood: -5604.919658
[00:00:07] Bootstrap tree #124, logLikelihood: -5797.161331
[00:00:07] Bootstrap tree #125, logLikelihood: -5767.944127
[00:00:07] Bootstrap tree #126, logLikelihood: -5605.877080
[00:00:07] Bootstrap tree #127, logLikelihood: -5743.540425
[00:00:07] Bootstrap tree #128, logLikelihood: -5769.877099
[00:00:07] Bootstrap tree #129, logLikelihood: -5714.813535
[00:00:07] Bootstrap tree #130, logLikelihood: -5731.030144
[00:00:07] Bootstrap tree #131, logLikelihood: -5785.992544
[00:00:07] Bootstrap tree #132, logLikelihood: -5827.879107
[00:00:07] Bootstrap tree #133, logLikelihood: -5717.114750
[00:00:07] Bootstrap tree #134, logLikelihood: -5734.709693
[00:00:07] Bootstrap tree #135, logLikelihood: -5719.833309
[00:00:07] Bootstrap tree #136, logLikelihood: -5729.127572
[00:00:07] Bootstrap tree #137, logLikelihood: -5753.132875
[00:00:07] Bootstrap tree #138, logLikelihood: -5731.427083
[00:00:07] Bootstrap tree #139, logLikelihood: -5669.235312
[00:00:07] Bootstrap tree #140, logLikelihood: -5661.527570
[00:00:07] Bootstrap tree #141, logLikelihood: -5714.056317
[00:00:07] Bootstrap tree #142, logLikelihood: -5717.977161
[00:00:07] Bootstrap tree #143, logLikelihood: -5629.795654
[00:00:08] Bootstrap tree #144, logLikelihood: -5752.056435
[00:00:08] Bootstrap tree #145, logLikelihood: -5612.056155
[00:00:08] Bootstrap tree #146, logLikelihood: -5662.169089
[00:00:08] Bootstrap tree #147, logLikelihood: -5639.955047
[00:00:08] Bootstrap tree #148, logLikelihood: -5757.734023
[00:00:08] Bootstrap tree #149, logLikelihood: -5728.749240
[00:00:08] Bootstrap tree #150, logLikelihood: -5725.676434
[00:00:08] Bootstrap tree #151, logLikelihood: -5654.354299
[00:00:08] Bootstrap tree #152, logLikelihood: -5783.145389
[00:00:08] Bootstrap tree #153, logLikelihood: -5697.375767
[00:00:08] Bootstrap tree #154, logLikelihood: -5613.474709
[00:00:08] Bootstrap tree #155, logLikelihood: -5637.803813
[00:00:08] Bootstrap tree #156, logLikelihood: -5750.654033
[00:00:08] Bootstrap tree #157, logLikelihood: -5690.989935
[00:00:08] Bootstrap tree #158, logLikelihood: -5804.642165
[00:00:08] Bootstrap tree #159, logLikelihood: -5769.658027
[00:00:08] Bootstrap tree #160, logLikelihood: -5819.011349
[00:00:08] Bootstrap tree #161, logLikelihood: -5703.695252
[00:00:08] Bootstrap tree #162, logLikelihood: -5714.359775
[00:00:08] Bootstrap tree #163, logLikelihood: -5664.870324
[00:00:09] Bootstrap tree #164, logLikelihood: -5779.449007
[00:00:09] Bootstrap tree #165, logLikelihood: -5685.124663
[00:00:09] Bootstrap tree #166, logLikelihood: -5732.599812
[00:00:09] Bootstrap tree #167, logLikelihood: -5678.678916
[00:00:09] Bootstrap tree #168, logLikelihood: -5805.466075
[00:00:09] Bootstrap tree #169, logLikelihood: -5693.641722
[00:00:09] Bootstrap tree #170, logLikelihood: -5825.435317
[00:00:09] Bootstrap tree #171, logLikelihood: -5778.024507
[00:00:09] Bootstrap tree #172, logLikelihood: -5748.432038
[00:00:09] Bootstrap tree #173, logLikelihood: -5796.421198
[00:00:09] Bootstrap tree #174, logLikelihood: -5692.845415
[00:00:09] Bootstrap tree #175, logLikelihood: -5669.095720
[00:00:09] Bootstrap tree #176, logLikelihood: -5804.189874
[00:00:09] Bootstrap tree #177, logLikelihood: -5676.015022
[00:00:09] Bootstrap tree #178, logLikelihood: -5740.827200
[00:00:09] Bootstrap tree #179, logLikelihood: -5717.753399
[00:00:09] Bootstrap tree #180, logLikelihood: -5734.566426
[00:00:09] Bootstrap tree #181, logLikelihood: -5689.005987
[00:00:09] Bootstrap tree #182, logLikelihood: -5726.446763
[00:00:09] Bootstrap tree #183, logLikelihood: -5625.962863
[00:00:09] Bootstrap tree #184, logLikelihood: -5731.152516
[00:00:10] Bootstrap tree #185, logLikelihood: -5691.350567
[00:00:10] Bootstrap tree #186, logLikelihood: -5633.361863
[00:00:10] Bootstrap tree #187, logLikelihood: -5719.791188
[00:00:10] Bootstrap tree #188, logLikelihood: -5846.158763
[00:00:10] Bootstrap tree #189, logLikelihood: -5749.062587
[00:00:10] Bootstrap tree #190, logLikelihood: -5744.557383
[00:00:10] Bootstrap tree #191, logLikelihood: -5559.800015
[00:00:10] Bootstrap tree #192, logLikelihood: -5787.801504
[00:00:10] Bootstrap tree #193, logLikelihood: -5813.730304
[00:00:10] Bootstrap tree #194, logLikelihood: -5663.833372
[00:00:10] Bootstrap tree #195, logLikelihood: -5712.588500
[00:00:10] Bootstrap tree #196, logLikelihood: -5744.770862
[00:00:10] Bootstrap tree #197, logLikelihood: -5682.646232
[00:00:10] Bootstrap tree #198, logLikelihood: -5648.052016
[00:00:10] Bootstrap tree #199, logLikelihood: -5665.177575
[00:00:10] Bootstrap tree #200, logLikelihood: -5631.043378
[00:00:10] Bootstrap tree #201, logLikelihood: -5748.448412
[00:00:11] Bootstrap tree #202, logLikelihood: -5750.550543
[00:00:11] Bootstrap tree #203, logLikelihood: -5827.708055
[00:00:11] Bootstrap tree #204, logLikelihood: -5721.116921
[00:00:11] Bootstrap tree #205, logLikelihood: -5759.636864
[00:00:11] Bootstrap tree #206, logLikelihood: -5704.686688
[00:00:11] Bootstrap tree #207, logLikelihood: -5801.319886
[00:00:11] Bootstrap tree #208, logLikelihood: -5673.120046
[00:00:11] Bootstrap tree #209, logLikelihood: -5877.774799
[00:00:11] Bootstrap tree #210, logLikelihood: -5680.076226
[00:00:11] Bootstrap tree #211, logLikelihood: -5711.887483
[00:00:11] Bootstrap tree #212, logLikelihood: -5755.448805
[00:00:11] Bootstrap tree #213, logLikelihood: -5650.521985
[00:00:11] Bootstrap tree #214, logLikelihood: -5744.724154
[00:00:11] Bootstrap tree #215, logLikelihood: -5803.441610
[00:00:11] Bootstrap tree #216, logLikelihood: -5658.747752
[00:00:11] Bootstrap tree #217, logLikelihood: -5725.132411
[00:00:11] Bootstrap tree #218, logLikelihood: -5692.717895
[00:00:11] Bootstrap tree #219, logLikelihood: -5582.821932
[00:00:11] Bootstrap tree #220, logLikelihood: -5705.809901
[00:00:12] Bootstrap tree #221, logLikelihood: -5736.275982
[00:00:12] Bootstrap tree #222, logLikelihood: -5652.602702
[00:00:12] Bootstrap tree #223, logLikelihood: -5722.167291
[00:00:12] Bootstrap tree #224, logLikelihood: -5740.468217
[00:00:12] Bootstrap tree #225, logLikelihood: -5746.925530
[00:00:12] Bootstrap tree #226, logLikelihood: -5677.585238
[00:00:12] Bootstrap tree #227, logLikelihood: -5659.655615
[00:00:12] Bootstrap tree #228, logLikelihood: -5808.053436
[00:00:12] Bootstrap tree #229, logLikelihood: -5856.989372
[00:00:12] Bootstrap tree #230, logLikelihood: -5698.551355
[00:00:12] Bootstrap tree #231, logLikelihood: -5725.121414
[00:00:12] Bootstrap tree #232, logLikelihood: -5623.755986
[00:00:12] Bootstrap tree #233, logLikelihood: -5602.985385
[00:00:12] Bootstrap tree #234, logLikelihood: -5725.337018
[00:00:12] Bootstrap tree #235, logLikelihood: -5643.011730
[00:00:12] Bootstrap tree #236, logLikelihood: -5680.214417
[00:00:12] Bootstrap tree #237, logLikelihood: -5792.517014
[00:00:12] Bootstrap tree #238, logLikelihood: -5751.426315
[00:00:12] Bootstrap tree #239, logLikelihood: -5726.015717
[00:00:12] Bootstrap tree #240, logLikelihood: -5729.648869
[00:00:13] Bootstrap tree #241, logLikelihood: -5726.990278
[00:00:13] Bootstrap tree #242, logLikelihood: -5762.656076
[00:00:13] Bootstrap tree #243, logLikelihood: -5761.763007
[00:00:13] Bootstrap tree #244, logLikelihood: -5762.409058
[00:00:13] Bootstrap tree #245, logLikelihood: -5770.692481
[00:00:13] Bootstrap tree #246, logLikelihood: -5825.528329
[00:00:13] Bootstrap tree #247, logLikelihood: -5544.673832
[00:00:13] Bootstrap tree #248, logLikelihood: -5730.888805
[00:00:13] Bootstrap tree #249, logLikelihood: -5762.294008
[00:00:13] Bootstrap tree #250, logLikelihood: -5721.351638
[00:00:13] Bootstrap tree #251, logLikelihood: -5749.379901
[00:00:13] Bootstrap tree #252, logLikelihood: -5731.091688
[00:00:13] Bootstrap tree #253, logLikelihood: -5697.067791
[00:00:13] Bootstrap tree #254, logLikelihood: -5661.944674
[00:00:13] Bootstrap tree #255, logLikelihood: -5774.211757
[00:00:13] Bootstrap tree #256, logLikelihood: -5724.871606
[00:00:13] Bootstrap tree #257, logLikelihood: -5747.338184
[00:00:14] Bootstrap tree #258, logLikelihood: -5614.520800
[00:00:14] Bootstrap tree #259, logLikelihood: -5628.993919
[00:00:14] Bootstrap tree #260, logLikelihood: -5659.258550
[00:00:14] Bootstrap tree #261, logLikelihood: -5705.166013
[00:00:14] Bootstrap tree #262, logLikelihood: -5631.230630
[00:00:14] Bootstrap tree #263, logLikelihood: -5777.910511
[00:00:14] Bootstrap tree #264, logLikelihood: -5658.965974
[00:00:14] Bootstrap tree #265, logLikelihood: -5740.270922
[00:00:14] Bootstrap tree #266, logLikelihood: -5800.790496
[00:00:14] Bootstrap tree #267, logLikelihood: -5719.716325
[00:00:14] Bootstrap tree #268, logLikelihood: -5741.088567
[00:00:14] Bootstrap tree #269, logLikelihood: -5850.859034
[00:00:14] Bootstrap tree #270, logLikelihood: -5661.350079
[00:00:14] Bootstrap tree #271, logLikelihood: -5668.926910
[00:00:14] Bootstrap tree #272, logLikelihood: -5742.982125
[00:00:14] Bootstrap tree #273, logLikelihood: -5744.784140
[00:00:14] Bootstrap tree #274, logLikelihood: -5666.868984
[00:00:14] Bootstrap tree #275, logLikelihood: -5712.759579
[00:00:14] Bootstrap tree #276, logLikelihood: -5713.195245
[00:00:14] Bootstrap tree #277, logLikelihood: -5683.845006
[00:00:15] Bootstrap tree #278, logLikelihood: -5606.157381
[00:00:15] Bootstrap tree #279, logLikelihood: -5711.264661
[00:00:15] Bootstrap tree #280, logLikelihood: -5756.447789
[00:00:15] Bootstrap tree #281, logLikelihood: -5720.262748
[00:00:15] Bootstrap tree #282, logLikelihood: -5686.285293
[00:00:15] Bootstrap tree #283, logLikelihood: -5832.407047
[00:00:15] Bootstrap tree #284, logLikelihood: -5708.260942
[00:00:15] Bootstrap tree #285, logLikelihood: -5731.929323
[00:00:15] Bootstrap tree #286, logLikelihood: -5653.305655
[00:00:15] Bootstrap tree #287, logLikelihood: -5759.699183
[00:00:15] Bootstrap tree #288, logLikelihood: -5801.184951
[00:00:15] Bootstrap tree #289, logLikelihood: -5684.901296
[00:00:15] Bootstrap tree #290, logLikelihood: -5633.009425
[00:00:15] Bootstrap tree #291, logLikelihood: -5691.581147
[00:00:15] Bootstrap tree #292, logLikelihood: -5782.154564
[00:00:15] Bootstrap tree #293, logLikelihood: -5770.504224
[00:00:15] Bootstrap tree #294, logLikelihood: -5687.455706
[00:00:15] Bootstrap tree #295, logLikelihood: -5740.297837
[00:00:16] Bootstrap tree #296, logLikelihood: -5763.963133
[00:00:16] Bootstrap tree #297, logLikelihood: -5750.106019
[00:00:16] Bootstrap tree #298, logLikelihood: -5803.889160
[00:00:16] Bootstrap tree #299, logLikelihood: -5775.920685
[00:00:16] Bootstrap tree #300, logLikelihood: -5666.106798
[00:00:16] Bootstrap tree #301, logLikelihood: -5749.771566
[00:00:16] Bootstrap tree #302, logLikelihood: -5596.828374
[00:00:16] Bootstrap tree #303, logLikelihood: -5665.744713
[00:00:16] Bootstrap tree #304, logLikelihood: -5735.563274
[00:00:16] Bootstrap tree #305, logLikelihood: -5700.361296
[00:00:16] Bootstrap tree #306, logLikelihood: -5707.774006
[00:00:16] Bootstrap tree #307, logLikelihood: -5771.868145
[00:00:16] Bootstrap tree #308, logLikelihood: -5728.217953
[00:00:16] Bootstrap tree #309, logLikelihood: -5715.936459
[00:00:16] Bootstrap tree #310, logLikelihood: -5774.887030
[00:00:16] Bootstrap tree #311, logLikelihood: -5733.316581
[00:00:17] Bootstrap tree #312, logLikelihood: -5808.371936
[00:00:17] Bootstrap tree #313, logLikelihood: -5672.935387
[00:00:17] Bootstrap tree #314, logLikelihood: -5646.298108
[00:00:17] Bootstrap tree #315, logLikelihood: -5780.306039
[00:00:17] Bootstrap tree #316, logLikelihood: -5566.225323
[00:00:17] Bootstrap tree #317, logLikelihood: -5611.553075
[00:00:17] Bootstrap tree #318, logLikelihood: -5713.721323
[00:00:17] Bootstrap tree #319, logLikelihood: -5728.073273
[00:00:17] Bootstrap tree #320, logLikelihood: -5614.583337
[00:00:17] Bootstrap tree #321, logLikelihood: -5663.554260
[00:00:17] Bootstrap tree #322, logLikelihood: -5759.675757
[00:00:17] Bootstrap tree #323, logLikelihood: -5693.426783
[00:00:17] Bootstrap tree #324, logLikelihood: -5703.050507
[00:00:17] Bootstrap tree #325, logLikelihood: -5772.416086
[00:00:17] Bootstrap tree #326, logLikelihood: -5639.239915
[00:00:17] Bootstrap tree #327, logLikelihood: -5668.840540
[00:00:17] Bootstrap tree #328, logLikelihood: -5793.965876
[00:00:17] Bootstrap tree #329, logLikelihood: -5727.061804
[00:00:17] Bootstrap tree #330, logLikelihood: -5688.540940
[00:00:17] Bootstrap tree #331, logLikelihood: -5753.032911
[00:00:18] Bootstrap tree #332, logLikelihood: -5662.754021
[00:00:18] Bootstrap tree #333, logLikelihood: -5579.114530
[00:00:18] Bootstrap tree #334, logLikelihood: -5620.920740
[00:00:18] Bootstrap tree #335, logLikelihood: -5807.393364
[00:00:18] Bootstrap tree #336, logLikelihood: -5755.989373
[00:00:18] Bootstrap tree #337, logLikelihood: -5778.466478
[00:00:18] Bootstrap tree #338, logLikelihood: -5592.348562
[00:00:18] Bootstrap tree #339, logLikelihood: -5638.985219
[00:00:18] Bootstrap tree #340, logLikelihood: -5699.433180
[00:00:18] Bootstrap tree #341, logLikelihood: -5783.297542
[00:00:18] Bootstrap tree #342, logLikelihood: -5778.029132
[00:00:18] Bootstrap tree #343, logLikelihood: -5686.786506
[00:00:18] Bootstrap tree #344, logLikelihood: -5811.891872
[00:00:18] Bootstrap tree #345, logLikelihood: -5823.978810
[00:00:18] Bootstrap tree #346, logLikelihood: -5809.647618
[00:00:18] Bootstrap tree #347, logLikelihood: -5730.228522
[00:00:18] Bootstrap tree #348, logLikelihood: -5737.722417
[00:00:18] Bootstrap tree #349, logLikelihood: -5710.219544
[00:00:18] Bootstrap tree #350, logLikelihood: -5635.827944
[00:00:18] Bootstrap tree #351, logLikelihood: -5715.964996
[00:00:18] Bootstrap tree #352, logLikelihood: -5779.787947
[00:00:19] Bootstrap tree #353, logLikelihood: -5690.887451
[00:00:19] Bootstrap tree #354, logLikelihood: -5605.946527
[00:00:19] Bootstrap tree #355, logLikelihood: -5641.245318
[00:00:19] Bootstrap tree #356, logLikelihood: -5695.597165
[00:00:19] Bootstrap tree #357, logLikelihood: -5735.463294
[00:00:19] Bootstrap tree #358, logLikelihood: -5752.310617
[00:00:19] Bootstrap tree #359, logLikelihood: -5748.038029
[00:00:19] Bootstrap tree #360, logLikelihood: -5724.223962
[00:00:19] Bootstrap tree #361, logLikelihood: -5711.178784
[00:00:19] Bootstrap tree #362, logLikelihood: -5739.696423
[00:00:19] Bootstrap tree #363, logLikelihood: -5745.144173
[00:00:19] Bootstrap tree #364, logLikelihood: -5650.448863
[00:00:19] Bootstrap tree #365, logLikelihood: -5664.355927
[00:00:19] Bootstrap tree #366, logLikelihood: -5761.537194
[00:00:19] Bootstrap tree #367, logLikelihood: -5665.463760
[00:00:19] Bootstrap tree #368, logLikelihood: -5622.919520
[00:00:19] Bootstrap tree #369, logLikelihood: -5721.939342
[00:00:19] Bootstrap tree #370, logLikelihood: -5692.649379
[00:00:19] Bootstrap tree #371, logLikelihood: -5764.242032
[00:00:19] Bootstrap tree #372, logLikelihood: -5750.838859
[00:00:20] Bootstrap tree #373, logLikelihood: -5800.109227
[00:00:20] Bootstrap tree #374, logLikelihood: -5687.136559
[00:00:20] Bootstrap tree #375, logLikelihood: -5732.507536
[00:00:20] Bootstrap tree #376, logLikelihood: -5704.466244
[00:00:20] Bootstrap tree #377, logLikelihood: -5702.274073
[00:00:20] Bootstrap tree #378, logLikelihood: -5702.366708
[00:00:20] Bootstrap tree #379, logLikelihood: -5539.762311
[00:00:20] Bootstrap tree #380, logLikelihood: -5705.588665
[00:00:20] Bootstrap tree #381, logLikelihood: -5680.227683
[00:00:20] Bootstrap tree #382, logLikelihood: -5637.180198
[00:00:20] Bootstrap tree #383, logLikelihood: -5723.666020
[00:00:20] Bootstrap tree #384, logLikelihood: -5752.681414
[00:00:20] Bootstrap tree #385, logLikelihood: -5767.631604
[00:00:20] Bootstrap tree #386, logLikelihood: -5656.774557
[00:00:20] Bootstrap tree #387, logLikelihood: -5702.135249
[00:00:20] Bootstrap tree #388, logLikelihood: -5664.967075
[00:00:20] Bootstrap tree #389, logLikelihood: -5671.464854
[00:00:20] Bootstrap tree #390, logLikelihood: -5731.760049
[00:00:20] Bootstrap tree #391, logLikelihood: -5572.662358
[00:00:20] Bootstrap tree #392, logLikelihood: -5727.883735
[00:00:21] Bootstrap tree #393, logLikelihood: -5753.716269
[00:00:21] Bootstrap tree #394, logLikelihood: -5654.782873
[00:00:21] Bootstrap tree #395, logLikelihood: -5697.697488
[00:00:21] Bootstrap tree #396, logLikelihood: -5774.264917
[00:00:21] Bootstrap tree #397, logLikelihood: -5744.732858
[00:00:21] Bootstrap tree #398, logLikelihood: -5697.196241
[00:00:21] Bootstrap tree #399, logLikelihood: -5793.405909
[00:00:21] Bootstrap tree #400, logLikelihood: -5741.335140
[00:00:21] Bootstrap tree #401, logLikelihood: -5619.697379
[00:00:21] Bootstrap tree #402, logLikelihood: -5824.185469
[00:00:21] Bootstrap tree #403, logLikelihood: -5564.041351
[00:00:21] Bootstrap tree #404, logLikelihood: -5625.616493
[00:00:21] Bootstrap tree #405, logLikelihood: -5813.916275
[00:00:21] Bootstrap tree #406, logLikelihood: -5650.900293
[00:00:21] Bootstrap tree #407, logLikelihood: -5722.232945
[00:00:21] Bootstrap tree #408, logLikelihood: -5641.153781
[00:00:21] Bootstrap tree #409, logLikelihood: -5681.935361
[00:00:21] Bootstrap tree #410, logLikelihood: -5707.427745
[00:00:21] Bootstrap tree #411, logLikelihood: -5835.625270
[00:00:21] Bootstrap tree #412, logLikelihood: -5796.237916
[00:00:21] Bootstrap tree #413, logLikelihood: -5662.000752
[00:00:22] Bootstrap tree #414, logLikelihood: -5780.628542
[00:00:22] Bootstrap tree #415, logLikelihood: -5762.611146
[00:00:22] Bootstrap tree #416, logLikelihood: -5728.033257
[00:00:22] Bootstrap tree #417, logLikelihood: -5742.240219
[00:00:22] Bootstrap tree #418, logLikelihood: -5850.851027
[00:00:22] Bootstrap tree #419, logLikelihood: -5656.684418
[00:00:22] Bootstrap tree #420, logLikelihood: -5649.335001
[00:00:22] Bootstrap tree #421, logLikelihood: -5823.484503
[00:00:22] Bootstrap tree #422, logLikelihood: -5757.832651
[00:00:22] Bootstrap tree #423, logLikelihood: -5787.486929
[00:00:22] Bootstrap tree #424, logLikelihood: -5611.155949
[00:00:22] Bootstrap tree #425, logLikelihood: -5751.016645
[00:00:22] Bootstrap tree #426, logLikelihood: -5757.811469
[00:00:22] Bootstrap tree #427, logLikelihood: -5730.885066
[00:00:22] Bootstrap tree #428, logLikelihood: -5752.791809
[00:00:22] Bootstrap tree #429, logLikelihood: -5609.100540
[00:00:22] Bootstrap tree #430, logLikelihood: -5715.951357
[00:00:22] Bootstrap tree #431, logLikelihood: -5749.989729
[00:00:22] Bootstrap tree #432, logLikelihood: -5810.847714
[00:00:22] Bootstrap tree #433, logLikelihood: -5674.840309
[00:00:23] Bootstrap tree #434, logLikelihood: -5806.381947
[00:00:23] Bootstrap tree #435, logLikelihood: -5741.754950
[00:00:23] Bootstrap tree #436, logLikelihood: -5749.509524
[00:00:23] Bootstrap tree #437, logLikelihood: -5724.125429
[00:00:23] Bootstrap tree #438, logLikelihood: -5665.027821
[00:00:23] Bootstrap tree #439, logLikelihood: -5660.283301
[00:00:23] Bootstrap tree #440, logLikelihood: -5766.412067
[00:00:23] Bootstrap tree #441, logLikelihood: -5765.879047
[00:00:23] Bootstrap tree #442, logLikelihood: -5819.675848
[00:00:23] Bootstrap tree #443, logLikelihood: -5731.153336
[00:00:23] Bootstrap tree #444, logLikelihood: -5784.640078
[00:00:23] Bootstrap tree #445, logLikelihood: -5788.222844
[00:00:23] Bootstrap tree #446, logLikelihood: -5698.875794
[00:00:23] Bootstrap tree #447, logLikelihood: -5764.739856
[00:00:23] Bootstrap tree #448, logLikelihood: -5682.482054
[00:00:23] Bootstrap tree #449, logLikelihood: -5733.111009
[00:00:23] Bootstrap tree #450, logLikelihood: -5752.582716
[00:00:23] Bootstrap tree #451, logLikelihood: -5737.175137
[00:00:23] Bootstrap tree #452, logLikelihood: -5690.364207
[00:00:23] Bootstrap tree #453, logLikelihood: -5760.376668
[00:00:24] Bootstrap tree #454, logLikelihood: -5669.272653
[00:00:24] Bootstrap tree #455, logLikelihood: -5775.743656
[00:00:24] Bootstrap tree #456, logLikelihood: -5666.768604
[00:00:24] Bootstrap tree #457, logLikelihood: -5787.842442
[00:00:24] Bootstrap tree #458, logLikelihood: -5549.205761
[00:00:24] Bootstrap tree #459, logLikelihood: -5758.290872
[00:00:24] Bootstrap tree #460, logLikelihood: -5725.937982
[00:00:24] Bootstrap tree #461, logLikelihood: -5668.893132
[00:00:24] Bootstrap tree #462, logLikelihood: -5702.652419
[00:00:24] Bootstrap tree #463, logLikelihood: -5784.538081
[00:00:24] Bootstrap tree #464, logLikelihood: -5758.484476
[00:00:24] Bootstrap tree #465, logLikelihood: -5665.889103
[00:00:24] Bootstrap tree #466, logLikelihood: -5669.405475
[00:00:24] Bootstrap tree #467, logLikelihood: -5711.678376
[00:00:24] Bootstrap tree #468, logLikelihood: -5709.649688
[00:00:24] Bootstrap tree #469, logLikelihood: -5704.949191
[00:00:24] Bootstrap tree #470, logLikelihood: -5679.300878
[00:00:24] Bootstrap tree #471, logLikelihood: -5765.240288
[00:00:24] Bootstrap tree #472, logLikelihood: -5813.903517
[00:00:25] Bootstrap tree #473, logLikelihood: -5685.864298
[00:00:25] Bootstrap tree #474, logLikelihood: -5693.639049
[00:00:25] Bootstrap tree #475, logLikelihood: -5789.970528
[00:00:25] Bootstrap tree #476, logLikelihood: -5843.446680
[00:00:25] Bootstrap tree #477, logLikelihood: -5771.952867
[00:00:25] Bootstrap tree #478, logLikelihood: -5733.920098
[00:00:25] Bootstrap tree #479, logLikelihood: -5727.555512
[00:00:25] Bootstrap tree #480, logLikelihood: -5692.306706
[00:00:25] Bootstrap tree #481, logLikelihood: -5688.434134
[00:00:25] Bootstrap tree #482, logLikelihood: -5784.220439
[00:00:25] Bootstrap tree #483, logLikelihood: -5733.619989
[00:00:25] Bootstrap tree #484, logLikelihood: -5720.714680
[00:00:25] Bootstrap tree #485, logLikelihood: -5745.777594
[00:00:25] Bootstrap tree #486, logLikelihood: -5755.968538
[00:00:25] Bootstrap tree #487, logLikelihood: -5621.885078
[00:00:25] Bootstrap tree #488, logLikelihood: -5674.419066
[00:00:25] Bootstrap tree #489, logLikelihood: -5761.287652
[00:00:25] Bootstrap tree #490, logLikelihood: -5758.126505
[00:00:25] Bootstrap tree #491, logLikelihood: -5772.065647
[00:00:25] Bootstrap tree #492, logLikelihood: -5710.556108
[00:00:26] Bootstrap tree #493, logLikelihood: -5640.491665
[00:00:26] Bootstrap tree #494, logLikelihood: -5767.506134
[00:00:26] Bootstrap tree #495, logLikelihood: -5740.767124
[00:00:26] Bootstrap tree #496, logLikelihood: -5734.054332
[00:00:26] Bootstrap tree #497, logLikelihood: -5773.064626
[00:00:26] Bootstrap tree #498, logLikelihood: -5768.850388
[00:00:26] Bootstrap tree #499, logLikelihood: -5734.475352
[00:00:26] Bootstrap tree #500, logLikelihood: -5696.676922
[00:00:26] Bootstrap tree #501, logLikelihood: -5779.366667
[00:00:26] Bootstrap tree #502, logLikelihood: -5743.663977
[00:00:26] Bootstrap tree #503, logLikelihood: -5634.156437
[00:00:26] Bootstrap tree #504, logLikelihood: -5715.540108
[00:00:26] Bootstrap tree #505, logLikelihood: -5798.351719
[00:00:26] Bootstrap tree #506, logLikelihood: -5615.633145
[00:00:26] Bootstrap tree #507, logLikelihood: -5616.097829
[00:00:26] Bootstrap tree #508, logLikelihood: -5799.190635
[00:00:26] Bootstrap tree #509, logLikelihood: -5625.571758
[00:00:26] Bootstrap tree #510, logLikelihood: -5650.699383
[00:00:26] Bootstrap tree #511, logLikelihood: -5798.774174
[00:00:26] Bootstrap tree #512, logLikelihood: -5549.770944
[00:00:26] Bootstrap tree #513, logLikelihood: -5748.137017
[00:00:26] Bootstrap tree #514, logLikelihood: -5722.753485
[00:00:27] Bootstrap tree #515, logLikelihood: -5726.526013
[00:00:27] Bootstrap tree #516, logLikelihood: -5654.799859
[00:00:27] Bootstrap tree #517, logLikelihood: -5751.840821
[00:00:27] Bootstrap tree #518, logLikelihood: -5860.133732
[00:00:27] Bootstrap tree #519, logLikelihood: -5789.440149
[00:00:27] Bootstrap tree #520, logLikelihood: -5790.103441
[00:00:27] Bootstrap tree #521, logLikelihood: -5685.094153
[00:00:27] Bootstrap tree #522, logLikelihood: -5760.706516
[00:00:27] Bootstrap tree #523, logLikelihood: -5705.948981
[00:00:27] Bootstrap tree #524, logLikelihood: -5648.506773
[00:00:27] Bootstrap tree #525, logLikelihood: -5603.646913
[00:00:27] Bootstrap tree #526, logLikelihood: -5600.149241
[00:00:27] Bootstrap tree #527, logLikelihood: -5806.409529
[00:00:27] Bootstrap tree #528, logLikelihood: -5639.105683
[00:00:27] Bootstrap tree #529, logLikelihood: -5643.337539
[00:00:27] Bootstrap tree #530, logLikelihood: -5745.839509
[00:00:27] Bootstrap tree #531, logLikelihood: -5683.568996
[00:00:27] Bootstrap tree #532, logLikelihood: -5836.817654
[00:00:27] Bootstrap tree #533, logLikelihood: -5795.347502
[00:00:27] Bootstrap tree #534, logLikelihood: -5649.790865
[00:00:27] Bootstrap tree #535, logLikelihood: -5729.732864
[00:00:27] Bootstrap tree #536, logLikelihood: -5637.465630
[00:00:28] Bootstrap tree #537, logLikelihood: -5645.147429
[00:00:28] Bootstrap tree #538, logLikelihood: -5681.151389
[00:00:28] Bootstrap tree #539, logLikelihood: -5724.659047
[00:00:28] Bootstrap tree #540, logLikelihood: -5699.035990
[00:00:28] Bootstrap tree #541, logLikelihood: -5751.043365
[00:00:28] Bootstrap tree #542, logLikelihood: -5673.341597
[00:00:28] Bootstrap tree #543, logLikelihood: -5793.568387
[00:00:28] Bootstrap tree #544, logLikelihood: -5685.616240
[00:00:28] Bootstrap tree #545, logLikelihood: -5752.334490
[00:00:28] Bootstrap tree #546, logLikelihood: -5696.119129
[00:00:28] Bootstrap tree #547, logLikelihood: -5647.638231
[00:00:28] Bootstrap tree #548, logLikelihood: -5643.143019
[00:00:28] Bootstrap tree #549, logLikelihood: -5691.248755
[00:00:28] Bootstrap tree #550, logLikelihood: -5722.806696
[00:00:28] Bootstrap tree #551, logLikelihood: -5756.898978
[00:00:28] Bootstrap tree #552, logLikelihood: -5748.601804
[00:00:28] Bootstrap tree #553, logLikelihood: -5678.083810
[00:00:28] Bootstrap tree #554, logLikelihood: -5696.269992
[00:00:29] Bootstrap tree #555, logLikelihood: -5732.476253
[00:00:29] Bootstrap tree #556, logLikelihood: -5755.640760
[00:00:29] Bootstrap tree #557, logLikelihood: -5755.431825
[00:00:29] Bootstrap tree #558, logLikelihood: -5759.687503
[00:00:29] Bootstrap tree #559, logLikelihood: -5820.683458
[00:00:29] Bootstrap tree #560, logLikelihood: -5778.722344
[00:00:29] Bootstrap tree #561, logLikelihood: -5738.669776
[00:00:29] Bootstrap tree #562, logLikelihood: -5703.519739
[00:00:29] Bootstrap tree #563, logLikelihood: -5685.150056
[00:00:29] Bootstrap tree #564, logLikelihood: -5633.627973
[00:00:29] Bootstrap tree #565, logLikelihood: -5691.641247
[00:00:29] Bootstrap tree #566, logLikelihood: -5636.561023
[00:00:29] Bootstrap tree #567, logLikelihood: -5619.790386
[00:00:29] Bootstrap tree #568, logLikelihood: -5726.390149
[00:00:29] Bootstrap tree #569, logLikelihood: -5658.915815
[00:00:29] Bootstrap tree #570, logLikelihood: -5700.497367
[00:00:29] Bootstrap tree #571, logLikelihood: -5748.645966
[00:00:29] Bootstrap tree #572, logLikelihood: -5737.080605
[00:00:29] Bootstrap tree #573, logLikelihood: -5664.793816
[00:00:29] Bootstrap tree #574, logLikelihood: -5790.482450
[00:00:29] Bootstrap tree #575, logLikelihood: -5833.234219
[00:00:29] Bootstrap tree #576, logLikelihood: -5686.007237
[00:00:30] Bootstrap tree #577, logLikelihood: -5733.522973
[00:00:30] Bootstrap tree #578, logLikelihood: -5687.457050
[00:00:30] Bootstrap tree #579, logLikelihood: -5751.091033
[00:00:30] Bootstrap tree #580, logLikelihood: -5700.399404
[00:00:30] Bootstrap tree #581, logLikelihood: -5749.498446
[00:00:30] Bootstrap tree #582, logLikelihood: -5730.499574
[00:00:30] Bootstrap tree #583, logLikelihood: -5769.622403
[00:00:30] Bootstrap tree #584, logLikelihood: -5592.557426
[00:00:30] Bootstrap tree #585, logLikelihood: -5828.320403
[00:00:30] Bootstrap tree #586, logLikelihood: -5733.167055
[00:00:30] Bootstrap tree #587, logLikelihood: -5739.416442
[00:00:30] Bootstrap tree #588, logLikelihood: -5677.477018
[00:00:30] Bootstrap tree #589, logLikelihood: -5760.793586
[00:00:30] Bootstrap tree #590, logLikelihood: -5764.784599
[00:00:30] Bootstrap tree #591, logLikelihood: -5754.519409
[00:00:30] Bootstrap tree #592, logLikelihood: -5671.932874
[00:00:30] Bootstrap tree #593, logLikelihood: -5780.785400
[00:00:30] Bootstrap tree #594, logLikelihood: -5728.578054
[00:00:30] Bootstrap tree #595, logLikelihood: -5770.234335
[00:00:30] Bootstrap tree #596, logLikelihood: -5652.456486
[00:00:31] Bootstrap tree #597, logLikelihood: -5804.794105
[00:00:31] Bootstrap tree #598, logLikelihood: -5677.595485
[00:00:31] Bootstrap tree #599, logLikelihood: -5875.371849
[00:00:31] Bootstrap tree #600, logLikelihood: -5674.208934
[00:00:31] Bootstrap tree #601, logLikelihood: -5722.965052
[00:00:31] Bootstrap tree #602, logLikelihood: -5719.428730
[00:00:31] Bootstrap tree #603, logLikelihood: -5721.220663
[00:00:31] Bootstrap tree #604, logLikelihood: -5623.993801
[00:00:31] Bootstrap tree #605, logLikelihood: -5790.438114
[00:00:31] Bootstrap tree #606, logLikelihood: -5736.960856
[00:00:31] Bootstrap tree #607, logLikelihood: -5712.935450
[00:00:31] Bootstrap tree #608, logLikelihood: -5722.390564
[00:00:31] Bootstrap tree #609, logLikelihood: -5727.115675
[00:00:31] Bootstrap tree #610, logLikelihood: -5733.558448
[00:00:31] Bootstrap tree #611, logLikelihood: -5703.431810
[00:00:31] Bootstrap tree #612, logLikelihood: -5740.386911
[00:00:31] Bootstrap tree #613, logLikelihood: -5689.675332
[00:00:31] Bootstrap tree #614, logLikelihood: -5759.151586
[00:00:32] Bootstrap tree #615, logLikelihood: -5748.980920
[00:00:32] Bootstrap tree #616, logLikelihood: -5749.159788
[00:00:32] Bootstrap tree #617, logLikelihood: -5683.318203
[00:00:32] Bootstrap tree #618, logLikelihood: -5813.429095
[00:00:32] Bootstrap tree #619, logLikelihood: -5686.124261
[00:00:32] Bootstrap tree #620, logLikelihood: -5684.407633
[00:00:32] Bootstrap tree #621, logLikelihood: -5610.236290
[00:00:32] Bootstrap tree #622, logLikelihood: -5753.160266
[00:00:32] Bootstrap tree #623, logLikelihood: -5664.809555
[00:00:32] Bootstrap tree #624, logLikelihood: -5712.236949
[00:00:32] Bootstrap tree #625, logLikelihood: -5673.549685
[00:00:32] Bootstrap tree #626, logLikelihood: -5720.643143
[00:00:32] Bootstrap tree #627, logLikelihood: -5734.465521
[00:00:32] Bootstrap tree #628, logLikelihood: -5662.513359
[00:00:32] Bootstrap tree #629, logLikelihood: -5734.159220
[00:00:32] Bootstrap tree #630, logLikelihood: -5694.861628
[00:00:32] Bootstrap tree #631, logLikelihood: -5681.858482
[00:00:32] Bootstrap tree #632, logLikelihood: -5698.851830
[00:00:32] Bootstrap tree #633, logLikelihood: -5704.883056
[00:00:32] Bootstrap tree #634, logLikelihood: -5612.810166
[00:00:33] Bootstrap tree #635, logLikelihood: -5704.547552
[00:00:33] Bootstrap tree #636, logLikelihood: -5722.636959
[00:00:33] Bootstrap tree #637, logLikelihood: -5777.772677
[00:00:33] Bootstrap tree #638, logLikelihood: -5736.416360
[00:00:33] Bootstrap tree #639, logLikelihood: -5742.404163
[00:00:33] Bootstrap tree #640, logLikelihood: -5779.021407
[00:00:33] Bootstrap tree #641, logLikelihood: -5657.188240
[00:00:33] Bootstrap tree #642, logLikelihood: -5716.211409
[00:00:33] Bootstrap tree #643, logLikelihood: -5736.546142
[00:00:33] Bootstrap tree #644, logLikelihood: -5697.754746
[00:00:33] Bootstrap tree #645, logLikelihood: -5657.820951
[00:00:33] Bootstrap tree #646, logLikelihood: -5711.044308
[00:00:33] Bootstrap tree #647, logLikelihood: -5683.464310
[00:00:33] Bootstrap tree #648, logLikelihood: -5608.041632
[00:00:33] Bootstrap tree #649, logLikelihood: -5656.554098
[00:00:33] Bootstrap tree #650, logLikelihood: -5697.514573
[00:00:33] Bootstrap tree #651, logLikelihood: -5683.751417
[00:00:33] Bootstrap tree #652, logLikelihood: -5592.330154
[00:00:33] Bootstrap tree #653, logLikelihood: -5665.784965
[00:00:34] Bootstrap tree #654, logLikelihood: -5724.944986
[00:00:34] Bootstrap tree #655, logLikelihood: -5736.863369
[00:00:34] Bootstrap tree #656, logLikelihood: -5766.265678
[00:00:34] Bootstrap tree #657, logLikelihood: -5668.718560
[00:00:34] Bootstrap tree #658, logLikelihood: -5718.877025
[00:00:34] Bootstrap tree #659, logLikelihood: -5708.119218
[00:00:34] Bootstrap tree #660, logLikelihood: -5691.934779
[00:00:34] Bootstrap tree #661, logLikelihood: -5664.338382
[00:00:34] Bootstrap tree #662, logLikelihood: -5665.214870
[00:00:34] Bootstrap tree #663, logLikelihood: -5688.464695
[00:00:34] Bootstrap tree #664, logLikelihood: -5720.755127
[00:00:34] Bootstrap tree #665, logLikelihood: -5682.283136
[00:00:34] Bootstrap tree #666, logLikelihood: -5745.572147
[00:00:34] Bootstrap tree #667, logLikelihood: -5704.410483
[00:00:34] Bootstrap tree #668, logLikelihood: -5692.183958
[00:00:34] Bootstrap tree #669, logLikelihood: -5768.428876
[00:00:34] Bootstrap tree #670, logLikelihood: -5693.727408
[00:00:34] Bootstrap tree #671, logLikelihood: -5725.698438
[00:00:34] Bootstrap tree #672, logLikelihood: -5771.258669
[00:00:35] Bootstrap tree #673, logLikelihood: -5759.179067
[00:00:35] Bootstrap tree #674, logLikelihood: -5727.277721
[00:00:35] Bootstrap tree #675, logLikelihood: -5730.598676
[00:00:35] Bootstrap tree #676, logLikelihood: -5728.183722
[00:00:35] Bootstrap tree #677, logLikelihood: -5857.282074
[00:00:35] Bootstrap tree #678, logLikelihood: -5776.263559
[00:00:35] Bootstrap tree #679, logLikelihood: -5802.112900
[00:00:35] Bootstrap tree #680, logLikelihood: -5753.747297
[00:00:35] Bootstrap tree #681, logLikelihood: -5614.733354
[00:00:35] Bootstrap tree #682, logLikelihood: -5618.851819
[00:00:35] Bootstrap tree #683, logLikelihood: -5645.801710
[00:00:35] Bootstrap tree #684, logLikelihood: -5660.916801
[00:00:35] Bootstrap tree #685, logLikelihood: -5654.215773
[00:00:35] Bootstrap tree #686, logLikelihood: -5708.861147
[00:00:35] Bootstrap tree #687, logLikelihood: -5686.837852
[00:00:35] Bootstrap tree #688, logLikelihood: -5738.659013
[00:00:35] Bootstrap tree #689, logLikelihood: -5763.250493
[00:00:35] Bootstrap tree #690, logLikelihood: -5835.999243
[00:00:35] Bootstrap tree #691, logLikelihood: -5686.757589
[00:00:35] Bootstrap tree #692, logLikelihood: -5639.170372
[00:00:36] Bootstrap tree #693, logLikelihood: -5784.051955
[00:00:36] Bootstrap tree #694, logLikelihood: -5610.122590
[00:00:36] Bootstrap tree #695, logLikelihood: -5717.034462
[00:00:36] Bootstrap tree #696, logLikelihood: -5690.359964
[00:00:36] Bootstrap tree #697, logLikelihood: -5673.552425
[00:00:36] Bootstrap tree #698, logLikelihood: -5726.634994
[00:00:36] Bootstrap tree #699, logLikelihood: -5698.168734
[00:00:36] Bootstrap tree #700, logLikelihood: -5639.092945
[00:00:36] Bootstrap tree #701, logLikelihood: -5722.488715
[00:00:36] Bootstrap tree #702, logLikelihood: -5663.575871
[00:00:36] Bootstrap tree #703, logLikelihood: -5707.061211
[00:00:36] Bootstrap tree #704, logLikelihood: -5678.987929
[00:00:36] Bootstrap tree #705, logLikelihood: -5680.465099
[00:00:36] Bootstrap tree #706, logLikelihood: -5698.542529
[00:00:36] Bootstrap tree #707, logLikelihood: -5718.374097
[00:00:36] Bootstrap tree #708, logLikelihood: -5743.068560
[00:00:36] Bootstrap tree #709, logLikelihood: -5669.637990
[00:00:36] Bootstrap tree #710, logLikelihood: -5762.795568
[00:00:36] Bootstrap tree #711, logLikelihood: -5699.896081
[00:00:37] Bootstrap tree #712, logLikelihood: -5740.305351
[00:00:37] Bootstrap tree #713, logLikelihood: -5805.392397
[00:00:37] Bootstrap tree #714, logLikelihood: -5785.351935
[00:00:37] Bootstrap tree #715, logLikelihood: -5795.605700
[00:00:37] Bootstrap tree #716, logLikelihood: -5761.479447
[00:00:37] Bootstrap tree #717, logLikelihood: -5752.587127
[00:00:37] Bootstrap tree #718, logLikelihood: -5748.494974
[00:00:37] Bootstrap tree #719, logLikelihood: -5748.947352
[00:00:37] Bootstrap tree #720, logLikelihood: -5760.929883
[00:00:37] Bootstrap tree #721, logLikelihood: -5690.668831
[00:00:37] Bootstrap tree #722, logLikelihood: -5688.799997
[00:00:37] Bootstrap tree #723, logLikelihood: -5768.565744
[00:00:37] Bootstrap tree #724, logLikelihood: -5784.124591
[00:00:37] Bootstrap tree #725, logLikelihood: -5651.098774
[00:00:37] Bootstrap tree #726, logLikelihood: -5659.218985
[00:00:37] Bootstrap tree #727, logLikelihood: -5707.725509
[00:00:37] Bootstrap tree #728, logLikelihood: -5709.548582
[00:00:37] Bootstrap tree #729, logLikelihood: -5722.119523
[00:00:38] Bootstrap tree #730, logLikelihood: -5608.627817
[00:00:38] Bootstrap tree #731, logLikelihood: -5802.431452
[00:00:38] Bootstrap tree #732, logLikelihood: -5678.207239
[00:00:38] Bootstrap tree #733, logLikelihood: -5695.627697
[00:00:38] Bootstrap tree #734, logLikelihood: -5757.009390
[00:00:38] Bootstrap tree #735, logLikelihood: -5822.511112
[00:00:38] Bootstrap tree #736, logLikelihood: -5716.488982
[00:00:38] Bootstrap tree #737, logLikelihood: -5634.833733
[00:00:38] Bootstrap tree #738, logLikelihood: -5727.648239
[00:00:38] Bootstrap tree #739, logLikelihood: -5720.960554
[00:00:38] Bootstrap tree #740, logLikelihood: -5704.386633
[00:00:38] Bootstrap tree #741, logLikelihood: -5781.060624
[00:00:38] Bootstrap tree #742, logLikelihood: -5735.927951
[00:00:38] Bootstrap tree #743, logLikelihood: -5803.404992
[00:00:38] Bootstrap tree #744, logLikelihood: -5709.213795
[00:00:38] Bootstrap tree #745, logLikelihood: -5768.863908
[00:00:38] Bootstrap tree #746, logLikelihood: -5691.489877
[00:00:38] Bootstrap tree #747, logLikelihood: -5713.399603
[00:00:38] Bootstrap tree #748, logLikelihood: -5762.098617
[00:00:38] Bootstrap tree #749, logLikelihood: -5755.316963
[00:00:39] Bootstrap tree #750, logLikelihood: -5722.565890
[00:00:39] Bootstrap tree #751, logLikelihood: -5581.951550
[00:00:39] Bootstrap tree #752, logLikelihood: -5630.746220
[00:00:39] Bootstrap tree #753, logLikelihood: -5712.069428
[00:00:39] Bootstrap tree #754, logLikelihood: -5704.616372
[00:00:39] Bootstrap tree #755, logLikelihood: -5679.884461
[00:00:39] Bootstrap tree #756, logLikelihood: -5690.006781
[00:00:39] Bootstrap tree #757, logLikelihood: -5672.904092
[00:00:39] Bootstrap tree #758, logLikelihood: -5703.981990
[00:00:39] Bootstrap tree #759, logLikelihood: -5632.200014
[00:00:39] Bootstrap tree #760, logLikelihood: -5689.801914
[00:00:39] Bootstrap tree #761, logLikelihood: -5635.804896
[00:00:39] Bootstrap tree #762, logLikelihood: -5609.551673
[00:00:39] Bootstrap tree #763, logLikelihood: -5657.269153
[00:00:39] Bootstrap tree #764, logLikelihood: -5804.196071
[00:00:39] Bootstrap tree #765, logLikelihood: -5680.308112
[00:00:39] Bootstrap tree #766, logLikelihood: -5710.672451
[00:00:39] Bootstrap tree #767, logLikelihood: -5725.982507
[00:00:39] Bootstrap tree #768, logLikelihood: -5755.994884
[00:00:39] Bootstrap tree #769, logLikelihood: -5612.398535
[00:00:40] Bootstrap tree #770, logLikelihood: -5662.340459
[00:00:40] Bootstrap tree #771, logLikelihood: -5677.848486
[00:00:40] Bootstrap tree #772, logLikelihood: -5749.686755
[00:00:40] Bootstrap tree #773, logLikelihood: -5629.178377
[00:00:40] Bootstrap tree #774, logLikelihood: -5689.597620
[00:00:40] Bootstrap tree #775, logLikelihood: -5663.453856
[00:00:40] Bootstrap tree #776, logLikelihood: -5782.176745
[00:00:40] Bootstrap tree #777, logLikelihood: -5853.073869
[00:00:40] Bootstrap tree #778, logLikelihood: -5652.261719
[00:00:40] Bootstrap tree #779, logLikelihood: -5695.669251
[00:00:40] Bootstrap tree #780, logLikelihood: -5649.577385
[00:00:40] Bootstrap tree #781, logLikelihood: -5618.955285
[00:00:40] Bootstrap tree #782, logLikelihood: -5774.413383
[00:00:40] Bootstrap tree #783, logLikelihood: -5811.100708
[00:00:40] Bootstrap tree #784, logLikelihood: -5714.249408
[00:00:40] Bootstrap tree #785, logLikelihood: -5722.917445
[00:00:40] Bootstrap tree #786, logLikelihood: -5729.811474
[00:00:40] Bootstrap tree #787, logLikelihood: -5639.949852
[00:00:40] Bootstrap tree #788, logLikelihood: -5681.080415
[00:00:40] Bootstrap tree #789, logLikelihood: -5788.561436
[00:00:40] Bootstrap tree #790, logLikelihood: -5809.539252
[00:00:40] Bootstrap tree #791, logLikelihood: -5675.249179
[00:00:41] Bootstrap tree #792, logLikelihood: -5708.753113
[00:00:41] Bootstrap tree #793, logLikelihood: -5650.313328
[00:00:41] Bootstrap tree #794, logLikelihood: -5714.951445
[00:00:41] Bootstrap tree #795, logLikelihood: -5703.764164
[00:00:41] Bootstrap tree #796, logLikelihood: -5749.724071
[00:00:41] Bootstrap tree #797, logLikelihood: -5622.424023
[00:00:41] Bootstrap tree #798, logLikelihood: -5742.460716
[00:00:41] Bootstrap tree #799, logLikelihood: -5736.523268
[00:00:41] Bootstrap tree #800, logLikelihood: -5748.956353
[00:00:41] Bootstrap tree #801, logLikelihood: -5511.307902
[00:00:41] Bootstrap tree #802, logLikelihood: -5567.712506
[00:00:41] Bootstrap tree #803, logLikelihood: -5746.785657
[00:00:41] Bootstrap tree #804, logLikelihood: -5711.867955
[00:00:41] Bootstrap tree #805, logLikelihood: -5766.239045
[00:00:41] Bootstrap tree #806, logLikelihood: -5687.974124
[00:00:41] Bootstrap tree #807, logLikelihood: -5671.355963
[00:00:41] Bootstrap tree #808, logLikelihood: -5684.223650
[00:00:41] Bootstrap tree #809, logLikelihood: -5706.342748
[00:00:42] Bootstrap tree #810, logLikelihood: -5710.238725
[00:00:42] Bootstrap tree #811, logLikelihood: -5738.887688
[00:00:42] Bootstrap tree #812, logLikelihood: -5736.596762
[00:00:42] Bootstrap tree #813, logLikelihood: -5832.965747
[00:00:42] Bootstrap tree #814, logLikelihood: -5749.180707
[00:00:42] Bootstrap tree #815, logLikelihood: -5790.660876
[00:00:42] Bootstrap tree #816, logLikelihood: -5696.212123
[00:00:42] Bootstrap tree #817, logLikelihood: -5658.197447
[00:00:42] Bootstrap tree #818, logLikelihood: -5810.061666
[00:00:42] Bootstrap tree #819, logLikelihood: -5742.542586
[00:00:42] Bootstrap tree #820, logLikelihood: -5769.742323
[00:00:42] Bootstrap tree #821, logLikelihood: -5757.291637
[00:00:42] Bootstrap tree #822, logLikelihood: -5684.819316
[00:00:42] Bootstrap tree #823, logLikelihood: -5607.635233
[00:00:42] Bootstrap tree #824, logLikelihood: -5700.718610
[00:00:42] Bootstrap tree #825, logLikelihood: -5666.690232
[00:00:42] Bootstrap tree #826, logLikelihood: -5755.098041
[00:00:42] Bootstrap tree #827, logLikelihood: -5671.495030
[00:00:42] Bootstrap tree #828, logLikelihood: -5726.819576
[00:00:42] Bootstrap tree #829, logLikelihood: -5742.330990
[00:00:43] Bootstrap tree #830, logLikelihood: -5690.984730
[00:00:43] Bootstrap tree #831, logLikelihood: -5799.740392
[00:00:43] Bootstrap tree #832, logLikelihood: -5873.220385
[00:00:43] Bootstrap tree #833, logLikelihood: -5806.411488
[00:00:43] Bootstrap tree #834, logLikelihood: -5643.167881
[00:00:43] Bootstrap tree #835, logLikelihood: -5755.385312
[00:00:43] Bootstrap tree #836, logLikelihood: -5638.425134
[00:00:43] Bootstrap tree #837, logLikelihood: -5783.560562
[00:00:43] Bootstrap tree #838, logLikelihood: -5752.063666
[00:00:43] Bootstrap tree #839, logLikelihood: -5561.645597
[00:00:43] Bootstrap tree #840, logLikelihood: -5767.519560
[00:00:43] Bootstrap tree #841, logLikelihood: -5678.191590
[00:00:43] Bootstrap tree #842, logLikelihood: -5709.894436
[00:00:43] Bootstrap tree #843, logLikelihood: -5759.019676
[00:00:43] Bootstrap tree #844, logLikelihood: -5636.226148
[00:00:43] Bootstrap tree #845, logLikelihood: -5603.188689
[00:00:43] Bootstrap tree #846, logLikelihood: -5785.898034
[00:00:43] Bootstrap tree #847, logLikelihood: -5691.348771
[00:00:43] Bootstrap tree #848, logLikelihood: -5684.687042
[00:00:44] Bootstrap tree #849, logLikelihood: -5735.243582
[00:00:44] Bootstrap tree #850, logLikelihood: -5666.625102
[00:00:44] Bootstrap tree #851, logLikelihood: -5645.703601
[00:00:44] Bootstrap tree #852, logLikelihood: -5741.179829
[00:00:44] Bootstrap tree #853, logLikelihood: -5719.314237
[00:00:44] Bootstrap tree #854, logLikelihood: -5595.154319
[00:00:44] Bootstrap tree #855, logLikelihood: -5775.387330
[00:00:44] Bootstrap tree #856, logLikelihood: -5761.510132
[00:00:44] Bootstrap tree #857, logLikelihood: -5799.187334
[00:00:44] Bootstrap tree #858, logLikelihood: -5721.001321
[00:00:44] Bootstrap tree #859, logLikelihood: -5513.770700
[00:00:44] Bootstrap tree #860, logLikelihood: -5704.685386
[00:00:44] Bootstrap tree #861, logLikelihood: -5677.593080
[00:00:44] Bootstrap tree #862, logLikelihood: -5780.606993
[00:00:44] Bootstrap tree #863, logLikelihood: -5896.732413
[00:00:44] Bootstrap tree #864, logLikelihood: -5736.381268
[00:00:44] Bootstrap tree #865, logLikelihood: -5717.704332
[00:00:44] Bootstrap tree #866, logLikelihood: -5857.827043
[00:00:44] Bootstrap tree #867, logLikelihood: -5788.392588
[00:00:44] Bootstrap tree #868, logLikelihood: -5798.261185
[00:00:45] Bootstrap tree #869, logLikelihood: -5754.913145
[00:00:45] Bootstrap tree #870, logLikelihood: -5749.437885
[00:00:45] Bootstrap tree #871, logLikelihood: -5753.879188
[00:00:45] Bootstrap tree #872, logLikelihood: -5697.985360
[00:00:45] Bootstrap tree #873, logLikelihood: -5680.976058
[00:00:45] Bootstrap tree #874, logLikelihood: -5737.109282
[00:00:45] Bootstrap tree #875, logLikelihood: -5551.472948
[00:00:45] Bootstrap tree #876, logLikelihood: -5737.352552
[00:00:45] Bootstrap tree #877, logLikelihood: -5657.486026
[00:00:45] Bootstrap tree #878, logLikelihood: -5683.027124
[00:00:45] Bootstrap tree #879, logLikelihood: -5711.079423
[00:00:45] Bootstrap tree #880, logLikelihood: -5791.225756
[00:00:45] Bootstrap tree #881, logLikelihood: -5756.510224
[00:00:45] Bootstrap tree #882, logLikelihood: -5700.485160
[00:00:45] Bootstrap tree #883, logLikelihood: -5684.657812
[00:00:45] Bootstrap tree #884, logLikelihood: -5643.753548
[00:00:45] Bootstrap tree #885, logLikelihood: -5707.806485
[00:00:45] Bootstrap tree #886, logLikelihood: -5680.984652
[00:00:45] Bootstrap tree #887, logLikelihood: -5875.272110
[00:00:46] Bootstrap tree #888, logLikelihood: -5695.489090
[00:00:46] Bootstrap tree #889, logLikelihood: -5653.902499
[00:00:46] Bootstrap tree #890, logLikelihood: -5762.401921
[00:00:46] Bootstrap tree #891, logLikelihood: -5780.898388
[00:00:46] Bootstrap tree #892, logLikelihood: -5778.060687
[00:00:46] Bootstrap tree #893, logLikelihood: -5745.521201
[00:00:46] Bootstrap tree #894, logLikelihood: -5579.240114
[00:00:46] Bootstrap tree #895, logLikelihood: -5775.563775
[00:00:46] Bootstrap tree #896, logLikelihood: -5731.944016
[00:00:46] Bootstrap tree #897, logLikelihood: -5517.640900
[00:00:46] Bootstrap tree #898, logLikelihood: -5743.066253
[00:00:46] Bootstrap tree #899, logLikelihood: -5764.151496
[00:00:46] Bootstrap tree #900, logLikelihood: -5708.781445
[00:00:46] Bootstrap tree #901, logLikelihood: -5693.372828
[00:00:46] Bootstrap tree #902, logLikelihood: -5668.995408
[00:00:46] Bootstrap tree #903, logLikelihood: -5798.229098
[00:00:46] Bootstrap tree #904, logLikelihood: -5671.988222
[00:00:47] Bootstrap tree #905, logLikelihood: -5686.863064
[00:00:47] Bootstrap tree #906, logLikelihood: -5889.302135
[00:00:47] Bootstrap tree #907, logLikelihood: -5672.048028
[00:00:47] Bootstrap tree #908, logLikelihood: -5667.090906
[00:00:47] Bootstrap tree #909, logLikelihood: -5788.492972
[00:00:47] Bootstrap tree #910, logLikelihood: -5768.991154
[00:00:47] Bootstrap tree #911, logLikelihood: -5739.798875
[00:00:47] Bootstrap tree #912, logLikelihood: -5690.777416
[00:00:47] Bootstrap tree #913, logLikelihood: -5679.988745
[00:00:47] Bootstrap tree #914, logLikelihood: -5680.581652
[00:00:47] Bootstrap tree #915, logLikelihood: -5673.202345
[00:00:47] Bootstrap tree #916, logLikelihood: -5801.853996
[00:00:47] Bootstrap tree #917, logLikelihood: -5736.639238
[00:00:47] Bootstrap tree #918, logLikelihood: -5674.745056
[00:00:47] Bootstrap tree #919, logLikelihood: -5563.604304
[00:00:47] Bootstrap tree #920, logLikelihood: -5822.777816
[00:00:47] Bootstrap tree #921, logLikelihood: -5823.573208
[00:00:48] Bootstrap tree #922, logLikelihood: -5747.587413
[00:00:48] Bootstrap tree #923, logLikelihood: -5757.606857
[00:00:48] Bootstrap tree #924, logLikelihood: -5755.068849
[00:00:48] Bootstrap tree #925, logLikelihood: -5731.315295
[00:00:48] Bootstrap tree #926, logLikelihood: -5825.421889
[00:00:48] Bootstrap tree #927, logLikelihood: -5837.312867
[00:00:48] Bootstrap tree #928, logLikelihood: -5687.481964
[00:00:48] Bootstrap tree #929, logLikelihood: -5792.930587
[00:00:48] Bootstrap tree #930, logLikelihood: -5709.146413
[00:00:48] Bootstrap tree #931, logLikelihood: -5612.051223
[00:00:48] Bootstrap tree #932, logLikelihood: -5742.659311
[00:00:48] Bootstrap tree #933, logLikelihood: -5791.728485
[00:00:48] Bootstrap tree #934, logLikelihood: -5723.361687
[00:00:48] Bootstrap tree #935, logLikelihood: -5692.320230
[00:00:48] Bootstrap tree #936, logLikelihood: -5603.834557
[00:00:48] Bootstrap tree #937, logLikelihood: -5803.080489
[00:00:48] Bootstrap tree #938, logLikelihood: -5730.384081
[00:00:48] Bootstrap tree #939, logLikelihood: -5674.101247
[00:00:49] Bootstrap tree #940, logLikelihood: -5795.825336
[00:00:49] Bootstrap tree #941, logLikelihood: -5687.375028
[00:00:49] Bootstrap tree #942, logLikelihood: -5710.118317
[00:00:49] Bootstrap tree #943, logLikelihood: -5733.712591
[00:00:49] Bootstrap tree #944, logLikelihood: -5790.830004
[00:00:49] Bootstrap tree #945, logLikelihood: -5730.404406
[00:00:49] Bootstrap tree #946, logLikelihood: -5760.216100
[00:00:49] Bootstrap tree #947, logLikelihood: -5722.136204
[00:00:49] Bootstrap tree #948, logLikelihood: -5668.495950
[00:00:49] Bootstrap tree #949, logLikelihood: -5778.322440
[00:00:49] Bootstrap tree #950, logLikelihood: -5684.028665
[00:00:49] Bootstrap tree #951, logLikelihood: -5624.454275
[00:00:49] Bootstrap tree #952, logLikelihood: -5698.011389
[00:00:49] Bootstrap tree #953, logLikelihood: -5682.156992
[00:00:49] Bootstrap tree #954, logLikelihood: -5697.633990
[00:00:49] Bootstrap tree #955, logLikelihood: -5650.577609
[00:00:49] Bootstrap tree #956, logLikelihood: -5681.617210
[00:00:50] Bootstrap tree #957, logLikelihood: -5702.515209
[00:00:50] Bootstrap tree #958, logLikelihood: -5771.086902
[00:00:50] Bootstrap tree #959, logLikelihood: -5657.860847
[00:00:50] Bootstrap tree #960, logLikelihood: -5820.747909
[00:00:50] Bootstrap tree #961, logLikelihood: -5710.255083
[00:00:50] Bootstrap tree #962, logLikelihood: -5736.572444
[00:00:50] Bootstrap tree #963, logLikelihood: -5829.301261
[00:00:50] Bootstrap tree #964, logLikelihood: -5648.390328
[00:00:50] Bootstrap tree #965, logLikelihood: -5615.410849
[00:00:50] Bootstrap tree #966, logLikelihood: -5688.555153
[00:00:50] Bootstrap tree #967, logLikelihood: -5692.153198
[00:00:50] Bootstrap tree #968, logLikelihood: -5769.229016
[00:00:50] Bootstrap tree #969, logLikelihood: -5545.830464
[00:00:50] Bootstrap tree #970, logLikelihood: -5624.371458
[00:00:50] Bootstrap tree #971, logLikelihood: -5628.273122
[00:00:50] Bootstrap tree #972, logLikelihood: -5709.059184
[00:00:50] Bootstrap tree #973, logLikelihood: -5771.714124
[00:00:50] Bootstrap tree #974, logLikelihood: -5652.672523
[00:00:51] Bootstrap tree #975, logLikelihood: -5725.067907
[00:00:51] Bootstrap tree #976, logLikelihood: -5579.717675
[00:00:51] Bootstrap tree #977, logLikelihood: -5647.439291
[00:00:51] Bootstrap tree #978, logLikelihood: -5750.445546
[00:00:51] Bootstrap tree #979, logLikelihood: -5671.318916
[00:00:51] Bootstrap tree #980, logLikelihood: -5693.669476
[00:00:51] Bootstrap tree #981, logLikelihood: -5679.727310
[00:00:51] Bootstrap tree #982, logLikelihood: -5781.463305
[00:00:51] Bootstrap tree #983, logLikelihood: -5760.594840
[00:00:51] Bootstrap tree #984, logLikelihood: -5744.109190
[00:00:51] Bootstrap tree #985, logLikelihood: -5643.049391
[00:00:51] Bootstrap tree #986, logLikelihood: -5612.460685
[00:00:51] Bootstrap tree #987, logLikelihood: -5675.570070
[00:00:51] Bootstrap tree #988, logLikelihood: -5790.232360
[00:00:51] Bootstrap tree #989, logLikelihood: -5760.973586
[00:00:51] Bootstrap tree #990, logLikelihood: -5751.861547
[00:00:52] Bootstrap tree #991, logLikelihood: -5677.878890
[00:00:52] Bootstrap tree #992, logLikelihood: -5788.987299
[00:00:52] Bootstrap tree #993, logLikelihood: -5597.353038
[00:00:52] Bootstrap tree #994, logLikelihood: -5686.597801
[00:00:52] Bootstrap tree #995, logLikelihood: -5720.828792
[00:00:52] Bootstrap tree #996, logLikelihood: -5758.863856
[00:00:52] Bootstrap tree #997, logLikelihood: -5618.169069
[00:00:52] Bootstrap tree #998, logLikelihood: -5702.849846
[00:00:52] Bootstrap tree #999, logLikelihood: -5742.608831
[00:00:52] Bootstrap tree #1000, logLikelihood: -5720.225664

Optimized model parameters:

   Partition 0: noname
   Rate heterogeneity: GAMMA (4 cats, mean),  alpha: 1.521484 (ML),  weights&rates: (0.250000,0.228622) (0.250000,0.592094) (0.250000,1.051659) (0.250000,2.127625) 
   Base frequencies (ML): 0.308594 0.186346 0.251578 0.253483 
   Substitution rates (ML): 1.402359 2.703517 0.154939 0.319523 4.062915 1.000000 


Final LogLikelihood: -5727.205638

AIC score: 11482.411275 / AICc score: 11482.708937 / BIC score: 11556.088076
Free parameters (model + branch lengths): 14

Best ML tree saved to: /home/seddik/Documents/Synesth/iter6/all_Cas_trees/Csm5/Tree.raxml.bestTree
All ML trees saved to: /home/seddik/Documents/Synesth/iter6/all_Cas_trees/Csm5/Tree.raxml.mlTrees
Best ML tree with Felsenstein bootstrap (FBP) support values saved to: /home/seddik/Documents/Synesth/iter6/all_Cas_trees/Csm5/Tree.raxml.support
Optimized model saved to: /home/seddik/Documents/Synesth/iter6/all_Cas_trees/Csm5/Tree.raxml.bestModel
Bootstrap trees saved to: /home/seddik/Documents/Synesth/iter6/all_Cas_trees/Csm5/Tree.raxml.bootstraps

Execution log saved to: /home/seddik/Documents/Synesth/iter6/all_Cas_trees/Csm5/Tree.raxml.log

Analysis started: 30-Jul-2024 18:49:13 / finished: 30-Jul-2024 18:50:05

Elapsed time: 52.494 seconds

