
RAxML-NG v. 0.9.0 released on 20.05.2019 by The Exelixis Lab.
Developed by: Alexey M. Kozlov and Alexandros Stamatakis.
Contributors: Diego Darriba, Tomas Flouri, Benoit Morel, Sarah Lutteropp, Ben Bettisworth.
Latest version: https://github.com/amkozlov/raxml-ng
Questions/problems/suggestions? Please visit: https://groups.google.com/forum/#!forum/raxml

RAxML-NG was called at 30-Jul-2024 18:07:24 as follows:

raxml-ng --all --msa all_Cas_aligned/all_Cmr5_aligned.fna --model GTR+G --bs-trees 1000 --threads 4 --prefix all_Cas_trees/Cmr5/Tree

Analysis options:
  run mode: ML tree search + bootstrapping (Felsenstein Bootstrap)
  start tree(s): random (10) + parsimony (10)
  bootstrap replicates: 1000
  random seed: 1722377244
  tip-inner: OFF
  pattern compression: ON
  per-rate scalers: OFF
  site repeats: ON
  branch lengths: proportional (ML estimate, algorithm: NR-FAST)
  SIMD kernels: AVX2
  parallelization: PTHREADS (4 threads), thread pinning: OFF

[00:00:00] Reading alignment from file: all_Cas_aligned/all_Cmr5_aligned.fna
[00:00:00] Loaded alignment with 10 taxa and 682 sites

Alignment comprises 1 partitions and 630 patterns

Partition 0: noname
Model: GTR+FO+G4m
Alignment sites / patterns: 682 / 630
Gaps: 32.71 %
Invariant sites: 12.90 %


NOTE: Binary MSA file created: all_Cas_trees/Cmr5/Tree.raxml.rba

[00:00:00] Generating 10 random starting tree(s) with 10 taxa
[00:00:00] Generating 10 parsimony starting tree(s) with 10 taxa
[00:00:00] Data distribution: max. partitions/sites/weight per thread: 1 / 158 / 2528

Starting ML tree search with 20 distinct starting trees

[00:00:00] ML tree search #1, logLikelihood: -5786.630510
[00:00:00] ML tree search #2, logLikelihood: -5786.616511
[00:00:01] ML tree search #3, logLikelihood: -5786.598064
[00:00:01] ML tree search #4, logLikelihood: -5786.589782
[00:00:02] ML tree search #5, logLikelihood: -5786.592846
[00:00:02] ML tree search #6, logLikelihood: -5786.610766
[00:00:03] ML tree search #7, logLikelihood: -5786.606033
[00:00:03] ML tree search #8, logLikelihood: -5787.058945
[00:00:04] ML tree search #9, logLikelihood: -5786.482287
[00:00:04] ML tree search #10, logLikelihood: -5786.603440
[00:00:05] ML tree search #11, logLikelihood: -5786.653435
[00:00:05] ML tree search #12, logLikelihood: -5786.635797
[00:00:06] ML tree search #13, logLikelihood: -5786.621959
[00:00:06] ML tree search #14, logLikelihood: -5787.007004
[00:00:07] ML tree search #15, logLikelihood: -5786.648587
[00:00:07] ML tree search #16, logLikelihood: -5786.550290
[00:00:08] ML tree search #17, logLikelihood: -5786.558308
[00:00:08] ML tree search #18, logLikelihood: -5786.497454
[00:00:09] ML tree search #19, logLikelihood: -5786.627796
[00:00:09] ML tree search #20, logLikelihood: -5786.612710

[00:00:09] ML tree search completed, best tree logLH: -5786.482287

[00:00:09] Starting bootstrapping analysis with 1000 replicates.

[00:00:10] Bootstrap tree #1, logLikelihood: -5639.492646
[00:00:10] Bootstrap tree #2, logLikelihood: -5761.649323
[00:00:11] Bootstrap tree #3, logLikelihood: -5772.265146
[00:00:11] Bootstrap tree #4, logLikelihood: -5698.208991
[00:00:11] Bootstrap tree #5, logLikelihood: -5754.361729
[00:00:12] Bootstrap tree #6, logLikelihood: -5720.715834
[00:00:12] Bootstrap tree #7, logLikelihood: -5716.462524
[00:00:12] Bootstrap tree #8, logLikelihood: -5865.311337
[00:00:12] Bootstrap tree #9, logLikelihood: -5917.534390
[00:00:13] Bootstrap tree #10, logLikelihood: -5796.246379
[00:00:13] Bootstrap tree #11, logLikelihood: -5922.132005
[00:00:14] Bootstrap tree #12, logLikelihood: -5904.196090
[00:00:14] Bootstrap tree #13, logLikelihood: -5750.961360
[00:00:14] Bootstrap tree #14, logLikelihood: -5759.854013
[00:00:15] Bootstrap tree #15, logLikelihood: -5822.371674
[00:00:15] Bootstrap tree #16, logLikelihood: -5985.033723
[00:00:15] Bootstrap tree #17, logLikelihood: -5819.469772
[00:00:16] Bootstrap tree #18, logLikelihood: -5816.559462
[00:00:16] Bootstrap tree #19, logLikelihood: -5820.272136
[00:00:16] Bootstrap tree #20, logLikelihood: -5756.213026
[00:00:17] Bootstrap tree #21, logLikelihood: -5840.023299
[00:00:17] Bootstrap tree #22, logLikelihood: -5682.382764
[00:00:17] Bootstrap tree #23, logLikelihood: -5834.423331
[00:00:18] Bootstrap tree #24, logLikelihood: -5736.136448
[00:00:18] Bootstrap tree #25, logLikelihood: -5773.830032
[00:00:19] Bootstrap tree #26, logLikelihood: -5780.520799
[00:00:19] Bootstrap tree #27, logLikelihood: -5710.576260
[00:00:19] Bootstrap tree #28, logLikelihood: -5672.929690
[00:00:20] Bootstrap tree #29, logLikelihood: -5825.312890
[00:00:20] Bootstrap tree #30, logLikelihood: -5747.221283
[00:00:21] Bootstrap tree #31, logLikelihood: -5774.361364
[00:00:21] Bootstrap tree #32, logLikelihood: -5683.036110
[00:00:22] Bootstrap tree #33, logLikelihood: -5695.852580
[00:00:22] Bootstrap tree #34, logLikelihood: -5896.340598
[00:00:23] Bootstrap tree #35, logLikelihood: -5704.001839
[00:00:23] Bootstrap tree #36, logLikelihood: -5958.332495
[00:00:23] Bootstrap tree #37, logLikelihood: -5810.899401
[00:00:24] Bootstrap tree #38, logLikelihood: -5670.849779
[00:00:24] Bootstrap tree #39, logLikelihood: -5728.982417
[00:00:25] Bootstrap tree #40, logLikelihood: -5833.718711
[00:00:25] Bootstrap tree #41, logLikelihood: -5860.948889
[00:00:25] Bootstrap tree #42, logLikelihood: -5867.790695
[00:00:26] Bootstrap tree #43, logLikelihood: -5576.779668
[00:00:26] Bootstrap tree #44, logLikelihood: -5634.393764
[00:00:26] Bootstrap tree #45, logLikelihood: -5741.070854
[00:00:27] Bootstrap tree #46, logLikelihood: -5833.908571
[00:00:27] Bootstrap tree #47, logLikelihood: -5857.694597
[00:00:27] Bootstrap tree #48, logLikelihood: -5733.104918
[00:00:28] Bootstrap tree #49, logLikelihood: -5831.710155
[00:00:28] Bootstrap tree #50, logLikelihood: -5927.184437
[00:00:29] Bootstrap tree #51, logLikelihood: -5653.638520
[00:00:29] Bootstrap tree #52, logLikelihood: -5719.218196
[00:00:30] Bootstrap tree #53, logLikelihood: -5677.171604
[00:00:30] Bootstrap tree #54, logLikelihood: -5777.203538
[00:00:30] Bootstrap tree #55, logLikelihood: -5847.326508
[00:00:31] Bootstrap tree #56, logLikelihood: -5626.501528
[00:00:31] Bootstrap tree #57, logLikelihood: -5713.044324
[00:00:32] Bootstrap tree #58, logLikelihood: -5852.398886
[00:00:32] Bootstrap tree #59, logLikelihood: -5983.088411
[00:00:32] Bootstrap tree #60, logLikelihood: -5747.696321
[00:00:33] Bootstrap tree #61, logLikelihood: -5876.746434
[00:00:33] Bootstrap tree #62, logLikelihood: -5887.632635
[00:00:34] Bootstrap tree #63, logLikelihood: -5825.537058
[00:00:34] Bootstrap tree #64, logLikelihood: -5640.196892
[00:00:34] Bootstrap tree #65, logLikelihood: -5853.641663
[00:00:35] Bootstrap tree #66, logLikelihood: -5535.597030
[00:00:35] Bootstrap tree #67, logLikelihood: -5634.944280
[00:00:35] Bootstrap tree #68, logLikelihood: -5823.720803
[00:00:36] Bootstrap tree #69, logLikelihood: -5862.381894
[00:00:36] Bootstrap tree #70, logLikelihood: -5868.688074
[00:00:36] Bootstrap tree #71, logLikelihood: -5640.425378
[00:00:37] Bootstrap tree #72, logLikelihood: -5656.644040
[00:00:37] Bootstrap tree #73, logLikelihood: -5750.566337
[00:00:37] Bootstrap tree #74, logLikelihood: -5917.939182
[00:00:38] Bootstrap tree #75, logLikelihood: -5877.575934
[00:00:38] Bootstrap tree #76, logLikelihood: -5788.932366
[00:00:39] Bootstrap tree #77, logLikelihood: -5812.451153
[00:00:39] Bootstrap tree #78, logLikelihood: -5817.448291
[00:00:39] Bootstrap tree #79, logLikelihood: -5896.615093
[00:00:40] Bootstrap tree #80, logLikelihood: -5650.523639
[00:00:40] Bootstrap tree #81, logLikelihood: -5867.019440
[00:00:41] Bootstrap tree #82, logLikelihood: -5725.933144
[00:00:41] Bootstrap tree #83, logLikelihood: -5675.196405
[00:00:41] Bootstrap tree #84, logLikelihood: -5808.844922
[00:00:42] Bootstrap tree #85, logLikelihood: -5789.853130
[00:00:42] Bootstrap tree #86, logLikelihood: -5787.384818
[00:00:42] Bootstrap tree #87, logLikelihood: -5769.480613
[00:00:43] Bootstrap tree #88, logLikelihood: -5685.822932
[00:00:43] Bootstrap tree #89, logLikelihood: -5772.403436
[00:00:44] Bootstrap tree #90, logLikelihood: -5880.791805
[00:00:44] Bootstrap tree #91, logLikelihood: -5733.000806
[00:00:44] Bootstrap tree #92, logLikelihood: -5840.755547
[00:00:45] Bootstrap tree #93, logLikelihood: -5710.666355
[00:00:45] Bootstrap tree #94, logLikelihood: -5571.490102
[00:00:45] Bootstrap tree #95, logLikelihood: -5820.473029
[00:00:46] Bootstrap tree #96, logLikelihood: -5843.262927
[00:00:46] Bootstrap tree #97, logLikelihood: -5941.094058
[00:00:47] Bootstrap tree #98, logLikelihood: -5746.813393
[00:00:47] Bootstrap tree #99, logLikelihood: -5570.728294
[00:00:48] Bootstrap tree #100, logLikelihood: -5776.969045
[00:00:48] Bootstrap tree #101, logLikelihood: -5795.736568
[00:00:48] Bootstrap tree #102, logLikelihood: -5795.506628
[00:00:49] Bootstrap tree #103, logLikelihood: -5737.835316
[00:00:50] Bootstrap tree #104, logLikelihood: -5831.079480
[00:00:50] Bootstrap tree #105, logLikelihood: -5785.626970
[00:00:50] Bootstrap tree #106, logLikelihood: -5745.337320
[00:00:51] Bootstrap tree #107, logLikelihood: -5752.542807
[00:00:51] Bootstrap tree #108, logLikelihood: -5851.112078
[00:00:51] Bootstrap tree #109, logLikelihood: -5622.428035
[00:00:52] Bootstrap tree #110, logLikelihood: -5650.558457
[00:00:52] Bootstrap tree #111, logLikelihood: -5685.557426
[00:00:52] Bootstrap tree #112, logLikelihood: -5854.567811
[00:00:53] Bootstrap tree #113, logLikelihood: -5795.428881
[00:00:53] Bootstrap tree #114, logLikelihood: -5759.085554
[00:00:54] Bootstrap tree #115, logLikelihood: -5804.910228
[00:00:54] Bootstrap tree #116, logLikelihood: -5768.606955
[00:00:55] Bootstrap tree #117, logLikelihood: -5840.806553
[00:00:55] Bootstrap tree #118, logLikelihood: -5829.015246
[00:00:55] Bootstrap tree #119, logLikelihood: -5868.244087
[00:00:56] Bootstrap tree #120, logLikelihood: -5690.528834
[00:00:56] Bootstrap tree #121, logLikelihood: -5718.483341
[00:00:56] Bootstrap tree #122, logLikelihood: -5827.860005
[00:00:57] Bootstrap tree #123, logLikelihood: -5977.165086
[00:00:57] Bootstrap tree #124, logLikelihood: -5882.256292
[00:00:58] Bootstrap tree #125, logLikelihood: -5805.071895
[00:00:58] Bootstrap tree #126, logLikelihood: -5704.013926
[00:00:58] Bootstrap tree #127, logLikelihood: -5780.342731
[00:00:59] Bootstrap tree #128, logLikelihood: -5760.582291
[00:00:59] Bootstrap tree #129, logLikelihood: -5830.309175
[00:00:59] Bootstrap tree #130, logLikelihood: -5771.926586
[00:01:00] Bootstrap tree #131, logLikelihood: -5791.136764
[00:01:00] Bootstrap tree #132, logLikelihood: -5718.660899
[00:01:01] Bootstrap tree #133, logLikelihood: -5839.068987
[00:01:01] Bootstrap tree #134, logLikelihood: -5725.425043
[00:01:01] Bootstrap tree #135, logLikelihood: -5744.889632
[00:01:02] Bootstrap tree #136, logLikelihood: -5719.137991
[00:01:02] Bootstrap tree #137, logLikelihood: -5804.137571
[00:01:02] Bootstrap tree #138, logLikelihood: -5715.371372
[00:01:02] Bootstrap tree #139, logLikelihood: -5874.870107
[00:01:03] Bootstrap tree #140, logLikelihood: -5909.672107
[00:01:03] Bootstrap tree #141, logLikelihood: -5755.221476
[00:01:04] Bootstrap tree #142, logLikelihood: -5785.594079
[00:01:04] Bootstrap tree #143, logLikelihood: -5825.911938
[00:01:04] Bootstrap tree #144, logLikelihood: -5785.534939
[00:01:05] Bootstrap tree #145, logLikelihood: -5653.372683
[00:01:05] Bootstrap tree #146, logLikelihood: -5880.634913
[00:01:05] Bootstrap tree #147, logLikelihood: -5873.088829
[00:01:06] Bootstrap tree #148, logLikelihood: -5708.629696
[00:01:06] Bootstrap tree #149, logLikelihood: -5713.332550
[00:01:06] Bootstrap tree #150, logLikelihood: -5738.878366
[00:01:07] Bootstrap tree #151, logLikelihood: -5724.444798
[00:01:07] Bootstrap tree #152, logLikelihood: -5833.748551
[00:01:08] Bootstrap tree #153, logLikelihood: -5717.908842
[00:01:08] Bootstrap tree #154, logLikelihood: -5695.245245
[00:01:08] Bootstrap tree #155, logLikelihood: -5658.788065
[00:01:09] Bootstrap tree #156, logLikelihood: -5787.037053
[00:01:09] Bootstrap tree #157, logLikelihood: -5602.865804
[00:01:10] Bootstrap tree #158, logLikelihood: -5716.377568
[00:01:10] Bootstrap tree #159, logLikelihood: -5810.246234
[00:01:10] Bootstrap tree #160, logLikelihood: -5729.028093
[00:01:11] Bootstrap tree #161, logLikelihood: -5882.797219
[00:01:11] Bootstrap tree #162, logLikelihood: -5836.877473
[00:01:12] Bootstrap tree #163, logLikelihood: -5732.660307
[00:01:12] Bootstrap tree #164, logLikelihood: -5725.286591
[00:01:12] Bootstrap tree #165, logLikelihood: -5721.262979
[00:01:13] Bootstrap tree #166, logLikelihood: -5791.862161
[00:01:13] Bootstrap tree #167, logLikelihood: -5761.083948
[00:01:14] Bootstrap tree #168, logLikelihood: -5868.405025
[00:01:14] Bootstrap tree #169, logLikelihood: -5862.932919
[00:01:14] Bootstrap tree #170, logLikelihood: -5760.657508
[00:01:15] Bootstrap tree #171, logLikelihood: -5699.139461
[00:01:15] Bootstrap tree #172, logLikelihood: -5937.458607
[00:01:16] Bootstrap tree #173, logLikelihood: -5777.164764
[00:01:16] Bootstrap tree #174, logLikelihood: -5760.390871
[00:01:16] Bootstrap tree #175, logLikelihood: -5819.658749
[00:01:17] Bootstrap tree #176, logLikelihood: -5828.079822
[00:01:17] Bootstrap tree #177, logLikelihood: -5905.820541
[00:01:18] Bootstrap tree #178, logLikelihood: -5775.660661
[00:01:18] Bootstrap tree #179, logLikelihood: -5760.821094
[00:01:18] Bootstrap tree #180, logLikelihood: -5800.830711
[00:01:19] Bootstrap tree #181, logLikelihood: -5625.883754
[00:01:19] Bootstrap tree #182, logLikelihood: -5814.348254
[00:01:19] Bootstrap tree #183, logLikelihood: -5859.378929
[00:01:20] Bootstrap tree #184, logLikelihood: -5791.954455
[00:01:20] Bootstrap tree #185, logLikelihood: -5839.733498
[00:01:20] Bootstrap tree #186, logLikelihood: -5857.493874
[00:01:21] Bootstrap tree #187, logLikelihood: -5699.637416
[00:01:21] Bootstrap tree #188, logLikelihood: -5758.293810
[00:01:21] Bootstrap tree #189, logLikelihood: -5729.223571
[00:01:22] Bootstrap tree #190, logLikelihood: -5600.369971
[00:01:22] Bootstrap tree #191, logLikelihood: -5694.665629
[00:01:22] Bootstrap tree #192, logLikelihood: -5815.941164
[00:01:23] Bootstrap tree #193, logLikelihood: -5757.285042
[00:01:23] Bootstrap tree #194, logLikelihood: -5772.526357
[00:01:23] Bootstrap tree #195, logLikelihood: -5796.566838
[00:01:24] Bootstrap tree #196, logLikelihood: -5765.551742
[00:01:24] Bootstrap tree #197, logLikelihood: -5810.605792
[00:01:25] Bootstrap tree #198, logLikelihood: -5585.439331
[00:01:25] Bootstrap tree #199, logLikelihood: -5794.969419
[00:01:25] Bootstrap tree #200, logLikelihood: -5874.143597
[00:01:26] Bootstrap tree #201, logLikelihood: -5852.586521
[00:01:26] Bootstrap tree #202, logLikelihood: -5679.096067
[00:01:26] Bootstrap tree #203, logLikelihood: -5843.990148
[00:01:27] Bootstrap tree #204, logLikelihood: -5609.331814
[00:01:27] Bootstrap tree #205, logLikelihood: -5850.868231
[00:01:28] Bootstrap tree #206, logLikelihood: -5723.845096
[00:01:28] Bootstrap tree #207, logLikelihood: -5774.852404
[00:01:28] Bootstrap tree #208, logLikelihood: -5630.016640
[00:01:29] Bootstrap tree #209, logLikelihood: -5844.361572
[00:01:29] Bootstrap tree #210, logLikelihood: -5991.981496
[00:01:30] Bootstrap tree #211, logLikelihood: -5639.063952
[00:01:30] Bootstrap tree #212, logLikelihood: -5828.587569
[00:01:30] Bootstrap tree #213, logLikelihood: -5595.673210
[00:01:31] Bootstrap tree #214, logLikelihood: -5951.984235
[00:01:31] Bootstrap tree #215, logLikelihood: -5721.940877
[00:01:31] Bootstrap tree #216, logLikelihood: -5940.614410
[00:01:32] Bootstrap tree #217, logLikelihood: -5686.782099
[00:01:32] Bootstrap tree #218, logLikelihood: -5872.325374
[00:01:32] Bootstrap tree #219, logLikelihood: -5717.476621
[00:01:33] Bootstrap tree #220, logLikelihood: -5790.857578
[00:01:33] Bootstrap tree #221, logLikelihood: -5903.883008
[00:01:34] Bootstrap tree #222, logLikelihood: -5718.304768
[00:01:34] Bootstrap tree #223, logLikelihood: -5849.664160
[00:01:34] Bootstrap tree #224, logLikelihood: -5759.022459
[00:01:35] Bootstrap tree #225, logLikelihood: -5727.809134
[00:01:35] Bootstrap tree #226, logLikelihood: -5791.183213
[00:01:35] Bootstrap tree #227, logLikelihood: -5902.298333
[00:01:36] Bootstrap tree #228, logLikelihood: -5741.681307
[00:01:36] Bootstrap tree #229, logLikelihood: -5796.289659
[00:01:36] Bootstrap tree #230, logLikelihood: -5736.799321
[00:01:37] Bootstrap tree #231, logLikelihood: -5667.074418
[00:01:37] Bootstrap tree #232, logLikelihood: -5696.896834
[00:01:37] Bootstrap tree #233, logLikelihood: -5783.510509
[00:01:38] Bootstrap tree #234, logLikelihood: -5867.482691
[00:01:38] Bootstrap tree #235, logLikelihood: -5571.039344
[00:01:38] Bootstrap tree #236, logLikelihood: -5637.691002
[00:01:39] Bootstrap tree #237, logLikelihood: -5720.916073
[00:01:39] Bootstrap tree #238, logLikelihood: -5655.162775
[00:01:40] Bootstrap tree #239, logLikelihood: -5533.259900
[00:01:40] Bootstrap tree #240, logLikelihood: -5645.691590
[00:01:40] Bootstrap tree #241, logLikelihood: -5777.752240
[00:01:41] Bootstrap tree #242, logLikelihood: -5629.807829
[00:01:41] Bootstrap tree #243, logLikelihood: -5690.353264
[00:01:42] Bootstrap tree #244, logLikelihood: -5892.221507
[00:01:42] Bootstrap tree #245, logLikelihood: -5821.558392
[00:01:43] Bootstrap tree #246, logLikelihood: -5650.083776
[00:01:43] Bootstrap tree #247, logLikelihood: -5898.091421
[00:01:43] Bootstrap tree #248, logLikelihood: -5735.446124
[00:01:44] Bootstrap tree #249, logLikelihood: -5828.208974
[00:01:44] Bootstrap tree #250, logLikelihood: -5753.895453
[00:01:44] Bootstrap tree #251, logLikelihood: -5647.648655
[00:01:45] Bootstrap tree #252, logLikelihood: -5811.911956
[00:01:45] Bootstrap tree #253, logLikelihood: -5725.002534
[00:01:46] Bootstrap tree #254, logLikelihood: -5770.636714
[00:01:46] Bootstrap tree #255, logLikelihood: -5817.522505
[00:01:47] Bootstrap tree #256, logLikelihood: -5644.088182
[00:01:47] Bootstrap tree #257, logLikelihood: -5685.474410
[00:01:47] Bootstrap tree #258, logLikelihood: -5719.902284
[00:01:48] Bootstrap tree #259, logLikelihood: -5636.233811
[00:01:48] Bootstrap tree #260, logLikelihood: -5692.723455
[00:01:49] Bootstrap tree #261, logLikelihood: -5850.194935
[00:01:49] Bootstrap tree #262, logLikelihood: -5828.310081
[00:01:49] Bootstrap tree #263, logLikelihood: -6035.432116
[00:01:50] Bootstrap tree #264, logLikelihood: -5799.731027
[00:01:50] Bootstrap tree #265, logLikelihood: -5786.027072
[00:01:51] Bootstrap tree #266, logLikelihood: -5704.672250
[00:01:51] Bootstrap tree #267, logLikelihood: -5824.749466
[00:01:51] Bootstrap tree #268, logLikelihood: -5692.361517
[00:01:52] Bootstrap tree #269, logLikelihood: -5763.863176
[00:01:52] Bootstrap tree #270, logLikelihood: -5923.390605
[00:01:52] Bootstrap tree #271, logLikelihood: -5723.262147
[00:01:53] Bootstrap tree #272, logLikelihood: -5865.114412
[00:01:53] Bootstrap tree #273, logLikelihood: -5666.364440
[00:01:54] Bootstrap tree #274, logLikelihood: -5522.097829
[00:01:54] Bootstrap tree #275, logLikelihood: -5781.646833
[00:01:54] Bootstrap tree #276, logLikelihood: -5790.383227
[00:01:55] Bootstrap tree #277, logLikelihood: -5638.882158
[00:01:55] Bootstrap tree #278, logLikelihood: -5810.901784
[00:01:55] Bootstrap tree #279, logLikelihood: -5870.266083
[00:01:56] Bootstrap tree #280, logLikelihood: -5849.161785
[00:01:56] Bootstrap tree #281, logLikelihood: -5687.925731
[00:01:57] Bootstrap tree #282, logLikelihood: -5782.250742
[00:01:57] Bootstrap tree #283, logLikelihood: -5501.814291
[00:01:58] Bootstrap tree #284, logLikelihood: -6040.348425
[00:01:58] Bootstrap tree #285, logLikelihood: -5713.415479
[00:01:59] Bootstrap tree #286, logLikelihood: -5540.621377
[00:01:59] Bootstrap tree #287, logLikelihood: -5874.364710
[00:01:59] Bootstrap tree #288, logLikelihood: -5624.172020
[00:02:00] Bootstrap tree #289, logLikelihood: -5664.167773
[00:02:00] Bootstrap tree #290, logLikelihood: -5836.185550
[00:02:00] Bootstrap tree #291, logLikelihood: -5918.555113
[00:02:01] Bootstrap tree #292, logLikelihood: -5518.479171
[00:02:01] Bootstrap tree #293, logLikelihood: -5656.731047
[00:02:02] Bootstrap tree #294, logLikelihood: -5820.101825
[00:02:02] Bootstrap tree #295, logLikelihood: -5773.643868
[00:02:02] Bootstrap tree #296, logLikelihood: -5752.512643
[00:02:03] Bootstrap tree #297, logLikelihood: -5824.550999
[00:02:03] Bootstrap tree #298, logLikelihood: -5788.566853
[00:02:03] Bootstrap tree #299, logLikelihood: -5740.986897
[00:02:04] Bootstrap tree #300, logLikelihood: -5676.541121
[00:02:04] Bootstrap tree #301, logLikelihood: -6033.342950
[00:02:04] Bootstrap tree #302, logLikelihood: -5855.028926
[00:02:05] Bootstrap tree #303, logLikelihood: -5778.790304
[00:02:05] Bootstrap tree #304, logLikelihood: -5716.807192
[00:02:06] Bootstrap tree #305, logLikelihood: -5822.456046
[00:02:06] Bootstrap tree #306, logLikelihood: -5755.026919
[00:02:06] Bootstrap tree #307, logLikelihood: -5867.202260
[00:02:07] Bootstrap tree #308, logLikelihood: -5666.881689
[00:02:07] Bootstrap tree #309, logLikelihood: -5696.846251
[00:02:07] Bootstrap tree #310, logLikelihood: -5882.420426
[00:02:08] Bootstrap tree #311, logLikelihood: -5642.593840
[00:02:08] Bootstrap tree #312, logLikelihood: -5666.683215
[00:02:08] Bootstrap tree #313, logLikelihood: -5911.346476
[00:02:09] Bootstrap tree #314, logLikelihood: -5757.288264
[00:02:09] Bootstrap tree #315, logLikelihood: -5747.627719
[00:02:10] Bootstrap tree #316, logLikelihood: -5851.961204
[00:02:10] Bootstrap tree #317, logLikelihood: -5764.763267
[00:02:10] Bootstrap tree #318, logLikelihood: -5831.030779
[00:02:11] Bootstrap tree #319, logLikelihood: -5678.286584
[00:02:11] Bootstrap tree #320, logLikelihood: -5663.719067
[00:02:11] Bootstrap tree #321, logLikelihood: -5919.898555
[00:02:12] Bootstrap tree #322, logLikelihood: -5822.556518
[00:02:12] Bootstrap tree #323, logLikelihood: -5818.980685
[00:02:12] Bootstrap tree #324, logLikelihood: -5696.895022
[00:02:13] Bootstrap tree #325, logLikelihood: -5810.015163
[00:02:13] Bootstrap tree #326, logLikelihood: -5782.568152
[00:02:14] Bootstrap tree #327, logLikelihood: -5810.944737
[00:02:14] Bootstrap tree #328, logLikelihood: -5734.469492
[00:02:14] Bootstrap tree #329, logLikelihood: -5754.508267
[00:02:15] Bootstrap tree #330, logLikelihood: -5716.577916
[00:02:15] Bootstrap tree #331, logLikelihood: -5823.776207
[00:02:15] Bootstrap tree #332, logLikelihood: -5639.523208
[00:02:16] Bootstrap tree #333, logLikelihood: -5738.111092
[00:02:16] Bootstrap tree #334, logLikelihood: -5878.171732
[00:02:17] Bootstrap tree #335, logLikelihood: -5791.531671
[00:02:17] Bootstrap tree #336, logLikelihood: -5791.729766
[00:02:17] Bootstrap tree #337, logLikelihood: -5703.774256
[00:02:18] Bootstrap tree #338, logLikelihood: -5744.360375
[00:02:18] Bootstrap tree #339, logLikelihood: -5571.336441
[00:02:18] Bootstrap tree #340, logLikelihood: -5827.260741
[00:02:19] Bootstrap tree #341, logLikelihood: -5871.595125
[00:02:19] Bootstrap tree #342, logLikelihood: -5813.321978
[00:02:19] Bootstrap tree #343, logLikelihood: -5816.208016
[00:02:20] Bootstrap tree #344, logLikelihood: -5884.799893
[00:02:20] Bootstrap tree #345, logLikelihood: -5865.021866
[00:02:21] Bootstrap tree #346, logLikelihood: -5845.157644
[00:02:21] Bootstrap tree #347, logLikelihood: -5734.576307
[00:02:21] Bootstrap tree #348, logLikelihood: -5615.995665
[00:02:22] Bootstrap tree #349, logLikelihood: -5830.049576
[00:02:22] Bootstrap tree #350, logLikelihood: -5706.724886
[00:02:23] Bootstrap tree #351, logLikelihood: -5763.427496
[00:02:23] Bootstrap tree #352, logLikelihood: -5791.106300
[00:02:24] Bootstrap tree #353, logLikelihood: -5974.877314
[00:02:24] Bootstrap tree #354, logLikelihood: -5935.798328
[00:02:24] Bootstrap tree #355, logLikelihood: -5827.701612
[00:02:25] Bootstrap tree #356, logLikelihood: -5679.125187
[00:02:25] Bootstrap tree #357, logLikelihood: -5787.288989
[00:02:26] Bootstrap tree #358, logLikelihood: -5709.954012
[00:02:26] Bootstrap tree #359, logLikelihood: -5911.129926
[00:02:27] Bootstrap tree #360, logLikelihood: -5798.346184
[00:02:27] Bootstrap tree #361, logLikelihood: -5854.953611
[00:02:27] Bootstrap tree #362, logLikelihood: -5816.670867
[00:02:28] Bootstrap tree #363, logLikelihood: -5779.441289
[00:02:28] Bootstrap tree #364, logLikelihood: -5803.146613
[00:02:28] Bootstrap tree #365, logLikelihood: -5764.104134
[00:02:29] Bootstrap tree #366, logLikelihood: -5728.777766
[00:02:29] Bootstrap tree #367, logLikelihood: -5824.183040
[00:02:29] Bootstrap tree #368, logLikelihood: -5756.885573
[00:02:30] Bootstrap tree #369, logLikelihood: -5689.190711
[00:02:30] Bootstrap tree #370, logLikelihood: -5688.874751
[00:02:30] Bootstrap tree #371, logLikelihood: -5859.570007
[00:02:31] Bootstrap tree #372, logLikelihood: -6029.646344
[00:02:31] Bootstrap tree #373, logLikelihood: -5669.811988
[00:02:32] Bootstrap tree #374, logLikelihood: -5950.050289
[00:02:32] Bootstrap tree #375, logLikelihood: -5718.626905
[00:02:32] Bootstrap tree #376, logLikelihood: -5962.824036
[00:02:33] Bootstrap tree #377, logLikelihood: -5621.125981
[00:02:33] Bootstrap tree #378, logLikelihood: -5732.162558
[00:02:33] Bootstrap tree #379, logLikelihood: -5587.907205
[00:02:34] Bootstrap tree #380, logLikelihood: -5695.633558
[00:02:34] Bootstrap tree #381, logLikelihood: -5842.949860
[00:02:34] Bootstrap tree #382, logLikelihood: -5688.427907
[00:02:35] Bootstrap tree #383, logLikelihood: -5728.974991
[00:02:36] Bootstrap tree #384, logLikelihood: -5744.374454
[00:02:36] Bootstrap tree #385, logLikelihood: -5830.675214
[00:02:36] Bootstrap tree #386, logLikelihood: -5827.495804
[00:02:37] Bootstrap tree #387, logLikelihood: -5802.947682
[00:02:37] Bootstrap tree #388, logLikelihood: -5803.396136
[00:02:38] Bootstrap tree #389, logLikelihood: -5661.280821
[00:02:38] Bootstrap tree #390, logLikelihood: -5686.224545
[00:02:38] Bootstrap tree #391, logLikelihood: -5662.319922
[00:02:39] Bootstrap tree #392, logLikelihood: -5635.553678
[00:02:39] Bootstrap tree #393, logLikelihood: -5874.231119
[00:02:40] Bootstrap tree #394, logLikelihood: -5492.479683
[00:02:40] Bootstrap tree #395, logLikelihood: -5707.332183
[00:02:40] Bootstrap tree #396, logLikelihood: -5814.610064
[00:02:41] Bootstrap tree #397, logLikelihood: -5707.529561
[00:02:41] Bootstrap tree #398, logLikelihood: -5843.577209
[00:02:41] Bootstrap tree #399, logLikelihood: -5659.055182
[00:02:42] Bootstrap tree #400, logLikelihood: -5756.383673
[00:02:42] Bootstrap tree #401, logLikelihood: -5749.791293
[00:02:43] Bootstrap tree #402, logLikelihood: -5736.015600
[00:02:43] Bootstrap tree #403, logLikelihood: -5646.501478
[00:02:43] Bootstrap tree #404, logLikelihood: -5808.894861
[00:02:44] Bootstrap tree #405, logLikelihood: -5805.266065
[00:02:44] Bootstrap tree #406, logLikelihood: -6013.112061
[00:02:45] Bootstrap tree #407, logLikelihood: -5814.335140
[00:02:45] Bootstrap tree #408, logLikelihood: -5678.805591
[00:02:45] Bootstrap tree #409, logLikelihood: -5648.682130
[00:02:46] Bootstrap tree #410, logLikelihood: -5821.412603
[00:02:46] Bootstrap tree #411, logLikelihood: -5777.826268
[00:02:47] Bootstrap tree #412, logLikelihood: -5745.374004
[00:02:47] Bootstrap tree #413, logLikelihood: -5709.767006
[00:02:48] Bootstrap tree #414, logLikelihood: -5841.275579
[00:02:48] Bootstrap tree #415, logLikelihood: -5686.409633
[00:02:48] Bootstrap tree #416, logLikelihood: -5701.259327
[00:02:49] Bootstrap tree #417, logLikelihood: -5770.509147
[00:02:49] Bootstrap tree #418, logLikelihood: -5763.168816
[00:02:49] Bootstrap tree #419, logLikelihood: -5915.400553
[00:02:50] Bootstrap tree #420, logLikelihood: -5789.749044
[00:02:51] Bootstrap tree #421, logLikelihood: -5904.858199
[00:02:51] Bootstrap tree #422, logLikelihood: -5591.931319
[00:02:52] Bootstrap tree #423, logLikelihood: -5892.218216
[00:02:52] Bootstrap tree #424, logLikelihood: -6058.882300
[00:02:52] Bootstrap tree #425, logLikelihood: -5812.440676
[00:02:53] Bootstrap tree #426, logLikelihood: -5734.094868
[00:02:53] Bootstrap tree #427, logLikelihood: -5666.028675
[00:02:53] Bootstrap tree #428, logLikelihood: -5795.493111
[00:02:54] Bootstrap tree #429, logLikelihood: -5756.110411
[00:02:54] Bootstrap tree #430, logLikelihood: -5883.126098
[00:02:54] Bootstrap tree #431, logLikelihood: -5685.583769
[00:02:55] Bootstrap tree #432, logLikelihood: -5832.274100
[00:02:55] Bootstrap tree #433, logLikelihood: -5694.103052
[00:02:56] Bootstrap tree #434, logLikelihood: -5812.565962
[00:02:56] Bootstrap tree #435, logLikelihood: -5885.551577
[00:02:56] Bootstrap tree #436, logLikelihood: -5591.256032
[00:02:57] Bootstrap tree #437, logLikelihood: -5928.517623
[00:02:57] Bootstrap tree #438, logLikelihood: -5731.838751
[00:02:58] Bootstrap tree #439, logLikelihood: -5727.271014
[00:02:58] Bootstrap tree #440, logLikelihood: -5881.161964
[00:02:58] Bootstrap tree #441, logLikelihood: -5891.337641
[00:02:59] Bootstrap tree #442, logLikelihood: -5839.260089
[00:02:59] Bootstrap tree #443, logLikelihood: -5697.629659
[00:02:59] Bootstrap tree #444, logLikelihood: -5801.535499
[00:03:00] Bootstrap tree #445, logLikelihood: -5766.908187
[00:03:00] Bootstrap tree #446, logLikelihood: -5755.133243
[00:03:01] Bootstrap tree #447, logLikelihood: -5757.949370
[00:03:01] Bootstrap tree #448, logLikelihood: -5727.607151
[00:03:01] Bootstrap tree #449, logLikelihood: -5837.238090
[00:03:02] Bootstrap tree #450, logLikelihood: -5763.587026
[00:03:02] Bootstrap tree #451, logLikelihood: -5700.869751
[00:03:03] Bootstrap tree #452, logLikelihood: -5822.192678
[00:03:03] Bootstrap tree #453, logLikelihood: -5814.455941
[00:03:03] Bootstrap tree #454, logLikelihood: -5696.728639
[00:03:04] Bootstrap tree #455, logLikelihood: -5727.669132
[00:03:04] Bootstrap tree #456, logLikelihood: -5880.427854
[00:03:05] Bootstrap tree #457, logLikelihood: -5816.763704
[00:03:05] Bootstrap tree #458, logLikelihood: -5741.004447
[00:03:05] Bootstrap tree #459, logLikelihood: -5804.446309
[00:03:05] Bootstrap tree #460, logLikelihood: -5663.171633
[00:03:06] Bootstrap tree #461, logLikelihood: -5751.631776
[00:03:06] Bootstrap tree #462, logLikelihood: -5822.217839
[00:03:07] Bootstrap tree #463, logLikelihood: -5794.294007
[00:03:07] Bootstrap tree #464, logLikelihood: -5808.812774
[00:03:08] Bootstrap tree #465, logLikelihood: -5695.964413
[00:03:08] Bootstrap tree #466, logLikelihood: -5865.090981
[00:03:08] Bootstrap tree #467, logLikelihood: -5624.280703
[00:03:09] Bootstrap tree #468, logLikelihood: -5655.663917
[00:03:09] Bootstrap tree #469, logLikelihood: -5856.815019
[00:03:09] Bootstrap tree #470, logLikelihood: -5796.444399
[00:03:10] Bootstrap tree #471, logLikelihood: -5724.765541
[00:03:10] Bootstrap tree #472, logLikelihood: -5809.125849
[00:03:10] Bootstrap tree #473, logLikelihood: -5692.660492
[00:03:11] Bootstrap tree #474, logLikelihood: -5917.662758
[00:03:11] Bootstrap tree #475, logLikelihood: -5720.625890
[00:03:11] Bootstrap tree #476, logLikelihood: -5784.981712
[00:03:12] Bootstrap tree #477, logLikelihood: -5816.752192
[00:03:12] Bootstrap tree #478, logLikelihood: -5830.636564
[00:03:13] Bootstrap tree #479, logLikelihood: -5678.720573
[00:03:13] Bootstrap tree #480, logLikelihood: -5699.728015
[00:03:13] Bootstrap tree #481, logLikelihood: -5599.991260
[00:03:14] Bootstrap tree #482, logLikelihood: -5734.491560
[00:03:14] Bootstrap tree #483, logLikelihood: -5549.603258
[00:03:15] Bootstrap tree #484, logLikelihood: -5656.608671
[00:03:15] Bootstrap tree #485, logLikelihood: -5766.949385
[00:03:15] Bootstrap tree #486, logLikelihood: -5614.443105
[00:03:16] Bootstrap tree #487, logLikelihood: -5720.013131
[00:03:16] Bootstrap tree #488, logLikelihood: -5935.765346
[00:03:17] Bootstrap tree #489, logLikelihood: -5797.393837
[00:03:17] Bootstrap tree #490, logLikelihood: -5884.344178
[00:03:17] Bootstrap tree #491, logLikelihood: -5904.052180
[00:03:18] Bootstrap tree #492, logLikelihood: -5638.648110
[00:03:18] Bootstrap tree #493, logLikelihood: -5699.047514
[00:03:19] Bootstrap tree #494, logLikelihood: -5664.766615
[00:03:19] Bootstrap tree #495, logLikelihood: -5773.144692
[00:03:19] Bootstrap tree #496, logLikelihood: -5805.294349
[00:03:20] Bootstrap tree #497, logLikelihood: -5701.243292
[00:03:20] Bootstrap tree #498, logLikelihood: -5705.664583
[00:03:21] Bootstrap tree #499, logLikelihood: -5756.064508
[00:03:21] Bootstrap tree #500, logLikelihood: -5844.697643
[00:03:21] Bootstrap tree #501, logLikelihood: -5599.566140
[00:03:22] Bootstrap tree #502, logLikelihood: -5654.205776
[00:03:22] Bootstrap tree #503, logLikelihood: -5758.063635
[00:03:23] Bootstrap tree #504, logLikelihood: -5730.828118
[00:03:23] Bootstrap tree #505, logLikelihood: -5719.107669
[00:03:24] Bootstrap tree #506, logLikelihood: -5636.976419
[00:03:24] Bootstrap tree #507, logLikelihood: -5793.868604
[00:03:24] Bootstrap tree #508, logLikelihood: -5682.124816
[00:03:25] Bootstrap tree #509, logLikelihood: -6003.064675
[00:03:25] Bootstrap tree #510, logLikelihood: -5825.181813
[00:03:25] Bootstrap tree #511, logLikelihood: -5814.642096
[00:03:26] Bootstrap tree #512, logLikelihood: -5704.660583
[00:03:26] Bootstrap tree #513, logLikelihood: -5872.404634
[00:03:27] Bootstrap tree #514, logLikelihood: -5837.593065
[00:03:27] Bootstrap tree #515, logLikelihood: -5600.054895
[00:03:28] Bootstrap tree #516, logLikelihood: -5953.694690
[00:03:28] Bootstrap tree #517, logLikelihood: -5824.041043
[00:03:28] Bootstrap tree #518, logLikelihood: -5894.187994
[00:03:29] Bootstrap tree #519, logLikelihood: -5765.552361
[00:03:29] Bootstrap tree #520, logLikelihood: -5616.916622
[00:03:30] Bootstrap tree #521, logLikelihood: -5711.566841
[00:03:30] Bootstrap tree #522, logLikelihood: -5869.308782
[00:03:31] Bootstrap tree #523, logLikelihood: -5790.359701
[00:03:31] Bootstrap tree #524, logLikelihood: -6030.200052
[00:03:31] Bootstrap tree #525, logLikelihood: -5723.734378
[00:03:32] Bootstrap tree #526, logLikelihood: -5637.032207
[00:03:32] Bootstrap tree #527, logLikelihood: -5730.899799
[00:03:32] Bootstrap tree #528, logLikelihood: -5832.300034
[00:03:33] Bootstrap tree #529, logLikelihood: -5824.255646
[00:03:33] Bootstrap tree #530, logLikelihood: -5739.930508
[00:03:34] Bootstrap tree #531, logLikelihood: -5812.040948
[00:03:34] Bootstrap tree #532, logLikelihood: -5873.603485
[00:03:34] Bootstrap tree #533, logLikelihood: -5817.482033
[00:03:35] Bootstrap tree #534, logLikelihood: -5735.133082
[00:03:35] Bootstrap tree #535, logLikelihood: -5854.426927
[00:03:36] Bootstrap tree #536, logLikelihood: -5924.564448
[00:03:36] Bootstrap tree #537, logLikelihood: -5907.392764
[00:03:37] Bootstrap tree #538, logLikelihood: -5925.335775
[00:03:37] Bootstrap tree #539, logLikelihood: -5646.071489
[00:03:37] Bootstrap tree #540, logLikelihood: -5847.587214
[00:03:38] Bootstrap tree #541, logLikelihood: -5841.978351
[00:03:38] Bootstrap tree #542, logLikelihood: -5853.241407
[00:03:38] Bootstrap tree #543, logLikelihood: -5690.226070
[00:03:39] Bootstrap tree #544, logLikelihood: -5695.410028
[00:03:39] Bootstrap tree #545, logLikelihood: -5889.561119
[00:03:40] Bootstrap tree #546, logLikelihood: -5572.819163
[00:03:40] Bootstrap tree #547, logLikelihood: -5913.184991
[00:03:41] Bootstrap tree #548, logLikelihood: -5773.622050
[00:03:41] Bootstrap tree #549, logLikelihood: -6031.403930
[00:03:42] Bootstrap tree #550, logLikelihood: -5736.465923
[00:03:42] Bootstrap tree #551, logLikelihood: -5777.516413
[00:03:43] Bootstrap tree #552, logLikelihood: -5885.259740
[00:03:43] Bootstrap tree #553, logLikelihood: -5818.051261
[00:03:43] Bootstrap tree #554, logLikelihood: -5657.667970
[00:03:43] Bootstrap tree #555, logLikelihood: -5809.648105
[00:03:44] Bootstrap tree #556, logLikelihood: -5771.559843
[00:03:44] Bootstrap tree #557, logLikelihood: -5767.037235
[00:03:45] Bootstrap tree #558, logLikelihood: -5767.858824
[00:03:45] Bootstrap tree #559, logLikelihood: -5730.938218
[00:03:45] Bootstrap tree #560, logLikelihood: -5757.282467
[00:03:46] Bootstrap tree #561, logLikelihood: -5641.404612
[00:03:46] Bootstrap tree #562, logLikelihood: -5767.125465
[00:03:47] Bootstrap tree #563, logLikelihood: -5792.054386
[00:03:47] Bootstrap tree #564, logLikelihood: -5721.179778
[00:03:47] Bootstrap tree #565, logLikelihood: -5620.364810
[00:03:48] Bootstrap tree #566, logLikelihood: -5670.671919
[00:03:48] Bootstrap tree #567, logLikelihood: -5799.792367
[00:03:48] Bootstrap tree #568, logLikelihood: -5706.379665
[00:03:49] Bootstrap tree #569, logLikelihood: -5617.047175
[00:03:49] Bootstrap tree #570, logLikelihood: -5761.601478
[00:03:49] Bootstrap tree #571, logLikelihood: -5804.272561
[00:03:50] Bootstrap tree #572, logLikelihood: -5652.761566
[00:03:50] Bootstrap tree #573, logLikelihood: -5722.170170
[00:03:51] Bootstrap tree #574, logLikelihood: -5720.390001
[00:03:51] Bootstrap tree #575, logLikelihood: -5686.669438
[00:03:51] Bootstrap tree #576, logLikelihood: -5774.941814
[00:03:52] Bootstrap tree #577, logLikelihood: -5752.320708
[00:03:52] Bootstrap tree #578, logLikelihood: -5679.694663
[00:03:52] Bootstrap tree #579, logLikelihood: -5834.905428
[00:03:53] Bootstrap tree #580, logLikelihood: -5525.664036
[00:03:53] Bootstrap tree #581, logLikelihood: -5846.192337
[00:03:54] Bootstrap tree #582, logLikelihood: -5726.559646
[00:03:54] Bootstrap tree #583, logLikelihood: -5694.092006
[00:03:54] Bootstrap tree #584, logLikelihood: -5827.110967
[00:03:55] Bootstrap tree #585, logLikelihood: -5657.067693
[00:03:55] Bootstrap tree #586, logLikelihood: -5704.218722
[00:03:56] Bootstrap tree #587, logLikelihood: -5828.690177
[00:03:56] Bootstrap tree #588, logLikelihood: -5886.100423
[00:03:56] Bootstrap tree #589, logLikelihood: -5827.302056
[00:03:57] Bootstrap tree #590, logLikelihood: -5625.138313
[00:03:57] Bootstrap tree #591, logLikelihood: -5679.546840
[00:03:57] Bootstrap tree #592, logLikelihood: -5827.583308
[00:03:58] Bootstrap tree #593, logLikelihood: -5783.989573
[00:03:58] Bootstrap tree #594, logLikelihood: -5649.033887
[00:03:58] Bootstrap tree #595, logLikelihood: -5803.676572
[00:03:59] Bootstrap tree #596, logLikelihood: -5774.694642
[00:03:59] Bootstrap tree #597, logLikelihood: -5867.931898
[00:04:00] Bootstrap tree #598, logLikelihood: -5937.411966
[00:04:00] Bootstrap tree #599, logLikelihood: -5771.635052
[00:04:00] Bootstrap tree #600, logLikelihood: -5763.852972
[00:04:01] Bootstrap tree #601, logLikelihood: -5720.821381
[00:04:01] Bootstrap tree #602, logLikelihood: -5749.712789
[00:04:01] Bootstrap tree #603, logLikelihood: -5725.932121
[00:04:02] Bootstrap tree #604, logLikelihood: -5833.191523
[00:04:02] Bootstrap tree #605, logLikelihood: -5619.127406
[00:04:03] Bootstrap tree #606, logLikelihood: -5641.894453
[00:04:03] Bootstrap tree #607, logLikelihood: -5730.911687
[00:04:03] Bootstrap tree #608, logLikelihood: -5763.320577
[00:04:03] Bootstrap tree #609, logLikelihood: -5693.648126
[00:04:04] Bootstrap tree #610, logLikelihood: -5676.189213
[00:04:04] Bootstrap tree #611, logLikelihood: -5829.653369
[00:04:05] Bootstrap tree #612, logLikelihood: -5668.479688
[00:04:05] Bootstrap tree #613, logLikelihood: -5763.042246
[00:04:05] Bootstrap tree #614, logLikelihood: -5649.148567
[00:04:06] Bootstrap tree #615, logLikelihood: -5887.950061
[00:04:06] Bootstrap tree #616, logLikelihood: -5676.010147
[00:04:07] Bootstrap tree #617, logLikelihood: -5593.011427
[00:04:07] Bootstrap tree #618, logLikelihood: -5530.788188
[00:04:07] Bootstrap tree #619, logLikelihood: -5785.684482
[00:04:07] Bootstrap tree #620, logLikelihood: -5899.290190
[00:04:08] Bootstrap tree #621, logLikelihood: -5650.724951
[00:04:08] Bootstrap tree #622, logLikelihood: -5655.007315
[00:04:08] Bootstrap tree #623, logLikelihood: -5825.127658
[00:04:09] Bootstrap tree #624, logLikelihood: -5532.134431
[00:04:09] Bootstrap tree #625, logLikelihood: -5716.045209
[00:04:10] Bootstrap tree #626, logLikelihood: -5852.874717
[00:04:10] Bootstrap tree #627, logLikelihood: -5762.293048
[00:04:10] Bootstrap tree #628, logLikelihood: -5729.395584
[00:04:11] Bootstrap tree #629, logLikelihood: -5795.207196
[00:04:11] Bootstrap tree #630, logLikelihood: -5766.552338
[00:04:12] Bootstrap tree #631, logLikelihood: -5796.172419
[00:04:12] Bootstrap tree #632, logLikelihood: -5843.188088
[00:04:12] Bootstrap tree #633, logLikelihood: -5589.646910
[00:04:13] Bootstrap tree #634, logLikelihood: -5747.560730
[00:04:13] Bootstrap tree #635, logLikelihood: -5727.819042
[00:04:14] Bootstrap tree #636, logLikelihood: -5828.450166
[00:04:14] Bootstrap tree #637, logLikelihood: -5913.962190
[00:04:14] Bootstrap tree #638, logLikelihood: -5877.371843
[00:04:15] Bootstrap tree #639, logLikelihood: -5741.253662
[00:04:15] Bootstrap tree #640, logLikelihood: -5738.795510
[00:04:16] Bootstrap tree #641, logLikelihood: -5853.212981
[00:04:16] Bootstrap tree #642, logLikelihood: -5796.443065
[00:04:17] Bootstrap tree #643, logLikelihood: -5610.361308
[00:04:17] Bootstrap tree #644, logLikelihood: -5783.595178
[00:04:17] Bootstrap tree #645, logLikelihood: -5865.105047
[00:04:18] Bootstrap tree #646, logLikelihood: -5896.977627
[00:04:18] Bootstrap tree #647, logLikelihood: -5847.921410
[00:04:18] Bootstrap tree #648, logLikelihood: -5776.628380
[00:04:19] Bootstrap tree #649, logLikelihood: -5863.866697
[00:04:19] Bootstrap tree #650, logLikelihood: -5791.221507
[00:04:19] Bootstrap tree #651, logLikelihood: -5672.498990
[00:04:20] Bootstrap tree #652, logLikelihood: -5953.022926
[00:04:20] Bootstrap tree #653, logLikelihood: -5789.925261
[00:04:20] Bootstrap tree #654, logLikelihood: -5809.455504
[00:04:21] Bootstrap tree #655, logLikelihood: -5723.773180
[00:04:21] Bootstrap tree #656, logLikelihood: -5757.428243
[00:04:22] Bootstrap tree #657, logLikelihood: -5808.632061
[00:04:22] Bootstrap tree #658, logLikelihood: -5745.572473
[00:04:22] Bootstrap tree #659, logLikelihood: -5781.092854
[00:04:23] Bootstrap tree #660, logLikelihood: -5881.853788
[00:04:23] Bootstrap tree #661, logLikelihood: -5827.169027
[00:04:23] Bootstrap tree #662, logLikelihood: -5613.746647
[00:04:24] Bootstrap tree #663, logLikelihood: -5856.310100
[00:04:24] Bootstrap tree #664, logLikelihood: -5838.196069
[00:04:25] Bootstrap tree #665, logLikelihood: -5782.478424
[00:04:25] Bootstrap tree #666, logLikelihood: -5755.403571
[00:04:25] Bootstrap tree #667, logLikelihood: -5558.419036
[00:04:26] Bootstrap tree #668, logLikelihood: -5761.897750
[00:04:26] Bootstrap tree #669, logLikelihood: -5755.070283
[00:04:27] Bootstrap tree #670, logLikelihood: -5820.464425
[00:04:27] Bootstrap tree #671, logLikelihood: -5830.637756
[00:04:28] Bootstrap tree #672, logLikelihood: -5560.892189
[00:04:28] Bootstrap tree #673, logLikelihood: -5594.218250
[00:04:28] Bootstrap tree #674, logLikelihood: -5874.259423
[00:04:29] Bootstrap tree #675, logLikelihood: -5788.495220
[00:04:29] Bootstrap tree #676, logLikelihood: -5719.711885
[00:04:30] Bootstrap tree #677, logLikelihood: -5636.156094
[00:04:30] Bootstrap tree #678, logLikelihood: -5742.195014
[00:04:31] Bootstrap tree #679, logLikelihood: -5922.398334
[00:04:31] Bootstrap tree #680, logLikelihood: -5732.651574
[00:04:31] Bootstrap tree #681, logLikelihood: -5772.021335
[00:04:32] Bootstrap tree #682, logLikelihood: -5819.510658
[00:04:32] Bootstrap tree #683, logLikelihood: -5952.475889
[00:04:33] Bootstrap tree #684, logLikelihood: -5705.100592
[00:04:33] Bootstrap tree #685, logLikelihood: -5691.968841
[00:04:34] Bootstrap tree #686, logLikelihood: -5573.400394
[00:04:34] Bootstrap tree #687, logLikelihood: -5733.624561
[00:04:34] Bootstrap tree #688, logLikelihood: -5923.371738
[00:04:35] Bootstrap tree #689, logLikelihood: -5608.191074
[00:04:35] Bootstrap tree #690, logLikelihood: -5904.453515
[00:04:36] Bootstrap tree #691, logLikelihood: -5898.731637
[00:04:36] Bootstrap tree #692, logLikelihood: -5861.901331
[00:04:37] Bootstrap tree #693, logLikelihood: -5723.258002
[00:04:37] Bootstrap tree #694, logLikelihood: -5568.492840
[00:04:37] Bootstrap tree #695, logLikelihood: -5765.334952
[00:04:38] Bootstrap tree #696, logLikelihood: -5684.941182
[00:04:38] Bootstrap tree #697, logLikelihood: -5827.408538
[00:04:39] Bootstrap tree #698, logLikelihood: -5798.866473
[00:04:39] Bootstrap tree #699, logLikelihood: -5782.613366
[00:04:39] Bootstrap tree #700, logLikelihood: -5870.781144
[00:04:40] Bootstrap tree #701, logLikelihood: -5758.406255
[00:04:40] Bootstrap tree #702, logLikelihood: -5765.813306
[00:04:40] Bootstrap tree #703, logLikelihood: -5802.131680
[00:04:41] Bootstrap tree #704, logLikelihood: -5699.751173
[00:04:41] Bootstrap tree #705, logLikelihood: -5680.314242
[00:04:42] Bootstrap tree #706, logLikelihood: -5580.158709
[00:04:42] Bootstrap tree #707, logLikelihood: -5836.640278
[00:04:42] Bootstrap tree #708, logLikelihood: -5729.806247
[00:04:43] Bootstrap tree #709, logLikelihood: -5643.120482
[00:04:43] Bootstrap tree #710, logLikelihood: -5779.761459
[00:04:44] Bootstrap tree #711, logLikelihood: -5729.289776
[00:04:44] Bootstrap tree #712, logLikelihood: -5723.096430
[00:04:45] Bootstrap tree #713, logLikelihood: -5873.458860
[00:04:45] Bootstrap tree #714, logLikelihood: -5787.431353
[00:04:45] Bootstrap tree #715, logLikelihood: -5725.849279
[00:04:46] Bootstrap tree #716, logLikelihood: -5752.449501
[00:04:46] Bootstrap tree #717, logLikelihood: -5759.474990
[00:04:47] Bootstrap tree #718, logLikelihood: -5701.972842
[00:04:47] Bootstrap tree #719, logLikelihood: -5742.037901
[00:04:47] Bootstrap tree #720, logLikelihood: -5832.664746
[00:04:48] Bootstrap tree #721, logLikelihood: -5702.531117
[00:04:48] Bootstrap tree #722, logLikelihood: -5647.034814
[00:04:49] Bootstrap tree #723, logLikelihood: -5827.116595
[00:04:49] Bootstrap tree #724, logLikelihood: -5719.521300
[00:04:50] Bootstrap tree #725, logLikelihood: -5744.145910
[00:04:50] Bootstrap tree #726, logLikelihood: -5654.283437
[00:04:50] Bootstrap tree #727, logLikelihood: -5687.831899
[00:04:51] Bootstrap tree #728, logLikelihood: -5675.346375
[00:04:51] Bootstrap tree #729, logLikelihood: -5702.037812
[00:04:51] Bootstrap tree #730, logLikelihood: -5671.394042
[00:04:52] Bootstrap tree #731, logLikelihood: -5591.864708
[00:04:52] Bootstrap tree #732, logLikelihood: -5749.384019
[00:04:52] Bootstrap tree #733, logLikelihood: -5978.156521
[00:04:53] Bootstrap tree #734, logLikelihood: -5727.911340
[00:04:53] Bootstrap tree #735, logLikelihood: -5797.347847
[00:04:53] Bootstrap tree #736, logLikelihood: -5646.784000
[00:04:54] Bootstrap tree #737, logLikelihood: -5762.260225
[00:04:54] Bootstrap tree #738, logLikelihood: -5708.846991
[00:04:55] Bootstrap tree #739, logLikelihood: -5727.106796
[00:04:55] Bootstrap tree #740, logLikelihood: -5685.865176
[00:04:55] Bootstrap tree #741, logLikelihood: -5879.176561
[00:04:56] Bootstrap tree #742, logLikelihood: -5837.905691
[00:04:56] Bootstrap tree #743, logLikelihood: -5759.897943
[00:04:57] Bootstrap tree #744, logLikelihood: -5802.846980
[00:04:57] Bootstrap tree #745, logLikelihood: -5790.588341
[00:04:58] Bootstrap tree #746, logLikelihood: -5627.693035
[00:04:58] Bootstrap tree #747, logLikelihood: -5760.784824
[00:04:59] Bootstrap tree #748, logLikelihood: -5773.966470
[00:04:59] Bootstrap tree #749, logLikelihood: -5795.819894
[00:04:59] Bootstrap tree #750, logLikelihood: -5664.075218
[00:05:00] Bootstrap tree #751, logLikelihood: -5865.096637
[00:05:00] Bootstrap tree #752, logLikelihood: -5765.584651
[00:05:00] Bootstrap tree #753, logLikelihood: -5771.381273
[00:05:01] Bootstrap tree #754, logLikelihood: -5840.166872
[00:05:01] Bootstrap tree #755, logLikelihood: -5903.301083
[00:05:02] Bootstrap tree #756, logLikelihood: -5682.314666
[00:05:02] Bootstrap tree #757, logLikelihood: -5767.397301
[00:05:02] Bootstrap tree #758, logLikelihood: -5709.348940
[00:05:03] Bootstrap tree #759, logLikelihood: -5889.816103
[00:05:03] Bootstrap tree #760, logLikelihood: -5648.363316
[00:05:04] Bootstrap tree #761, logLikelihood: -5768.865202
[00:05:04] Bootstrap tree #762, logLikelihood: -5690.351182
[00:05:05] Bootstrap tree #763, logLikelihood: -5755.322066
[00:05:05] Bootstrap tree #764, logLikelihood: -5871.170853
[00:05:05] Bootstrap tree #765, logLikelihood: -5717.051432
[00:05:06] Bootstrap tree #766, logLikelihood: -5863.393504
[00:05:06] Bootstrap tree #767, logLikelihood: -5821.765319
[00:05:06] Bootstrap tree #768, logLikelihood: -5781.425678
[00:05:07] Bootstrap tree #769, logLikelihood: -5881.985281
[00:05:07] Bootstrap tree #770, logLikelihood: -5724.267931
[00:05:07] Bootstrap tree #771, logLikelihood: -5838.669175
[00:05:08] Bootstrap tree #772, logLikelihood: -5714.889164
[00:05:08] Bootstrap tree #773, logLikelihood: -5788.629781
[00:05:08] Bootstrap tree #774, logLikelihood: -5659.410895
[00:05:09] Bootstrap tree #775, logLikelihood: -5613.384932
[00:05:09] Bootstrap tree #776, logLikelihood: -5695.089687
[00:05:09] Bootstrap tree #777, logLikelihood: -5913.721876
[00:05:10] Bootstrap tree #778, logLikelihood: -5685.455969
[00:05:10] Bootstrap tree #779, logLikelihood: -5641.594662
[00:05:11] Bootstrap tree #780, logLikelihood: -5634.032155
[00:05:11] Bootstrap tree #781, logLikelihood: -5683.145078
[00:05:11] Bootstrap tree #782, logLikelihood: -5776.139295
[00:05:12] Bootstrap tree #783, logLikelihood: -5613.118751
[00:05:12] Bootstrap tree #784, logLikelihood: -5756.711574
[00:05:13] Bootstrap tree #785, logLikelihood: -5782.502769
[00:05:13] Bootstrap tree #786, logLikelihood: -5735.769840
[00:05:14] Bootstrap tree #787, logLikelihood: -5813.053647
[00:05:14] Bootstrap tree #788, logLikelihood: -5789.310001
[00:05:15] Bootstrap tree #789, logLikelihood: -5838.145699
[00:05:15] Bootstrap tree #790, logLikelihood: -5700.936261
[00:05:16] Bootstrap tree #791, logLikelihood: -5673.072764
[00:05:16] Bootstrap tree #792, logLikelihood: -5895.773468
[00:05:17] Bootstrap tree #793, logLikelihood: -5833.587566
[00:05:17] Bootstrap tree #794, logLikelihood: -5884.103037
[00:05:17] Bootstrap tree #795, logLikelihood: -5584.743122
[00:05:18] Bootstrap tree #796, logLikelihood: -5770.277650
[00:05:18] Bootstrap tree #797, logLikelihood: -5747.767006
[00:05:18] Bootstrap tree #798, logLikelihood: -5882.673025
[00:05:19] Bootstrap tree #799, logLikelihood: -5700.615736
[00:05:19] Bootstrap tree #800, logLikelihood: -5664.456393
[00:05:20] Bootstrap tree #801, logLikelihood: -5786.493238
[00:05:20] Bootstrap tree #802, logLikelihood: -5709.624343
[00:05:20] Bootstrap tree #803, logLikelihood: -5756.174527
[00:05:21] Bootstrap tree #804, logLikelihood: -5597.589279
[00:05:21] Bootstrap tree #805, logLikelihood: -5839.820054
[00:05:22] Bootstrap tree #806, logLikelihood: -5857.668425
[00:05:22] Bootstrap tree #807, logLikelihood: -6003.821340
[00:05:22] Bootstrap tree #808, logLikelihood: -5822.238575
[00:05:23] Bootstrap tree #809, logLikelihood: -5684.486533
[00:05:23] Bootstrap tree #810, logLikelihood: -5765.763061
[00:05:23] Bootstrap tree #811, logLikelihood: -5756.409613
[00:05:24] Bootstrap tree #812, logLikelihood: -5897.367936
[00:05:24] Bootstrap tree #813, logLikelihood: -5860.435064
[00:05:25] Bootstrap tree #814, logLikelihood: -5800.695401
[00:05:25] Bootstrap tree #815, logLikelihood: -5722.622848
[00:05:25] Bootstrap tree #816, logLikelihood: -5764.929105
[00:05:26] Bootstrap tree #817, logLikelihood: -5723.294641
[00:05:26] Bootstrap tree #818, logLikelihood: -5744.076977
[00:05:26] Bootstrap tree #819, logLikelihood: -5856.943132
[00:05:27] Bootstrap tree #820, logLikelihood: -5679.962586
[00:05:27] Bootstrap tree #821, logLikelihood: -5756.638181
[00:05:28] Bootstrap tree #822, logLikelihood: -5818.610210
[00:05:28] Bootstrap tree #823, logLikelihood: -5666.935597
[00:05:29] Bootstrap tree #824, logLikelihood: -6031.175388
[00:05:29] Bootstrap tree #825, logLikelihood: -5779.328696
[00:05:29] Bootstrap tree #826, logLikelihood: -5767.948109
[00:05:30] Bootstrap tree #827, logLikelihood: -5767.550814
[00:05:30] Bootstrap tree #828, logLikelihood: -5623.735303
[00:05:30] Bootstrap tree #829, logLikelihood: -5684.377305
[00:05:31] Bootstrap tree #830, logLikelihood: -5721.668989
[00:05:31] Bootstrap tree #831, logLikelihood: -5771.764629
[00:05:31] Bootstrap tree #832, logLikelihood: -5689.574254
[00:05:32] Bootstrap tree #833, logLikelihood: -5685.922656
[00:05:32] Bootstrap tree #834, logLikelihood: -5778.732560
[00:05:33] Bootstrap tree #835, logLikelihood: -5776.538500
[00:05:33] Bootstrap tree #836, logLikelihood: -5832.638329
[00:05:33] Bootstrap tree #837, logLikelihood: -5728.440705
[00:05:34] Bootstrap tree #838, logLikelihood: -5819.924098
[00:05:34] Bootstrap tree #839, logLikelihood: -5815.669422
[00:05:35] Bootstrap tree #840, logLikelihood: -5743.829719
[00:05:35] Bootstrap tree #841, logLikelihood: -5686.352064
[00:05:35] Bootstrap tree #842, logLikelihood: -5864.030409
[00:05:36] Bootstrap tree #843, logLikelihood: -5716.398668
[00:05:36] Bootstrap tree #844, logLikelihood: -5571.876863
[00:05:37] Bootstrap tree #845, logLikelihood: -5476.932986
[00:05:37] Bootstrap tree #846, logLikelihood: -5901.202807
[00:05:37] Bootstrap tree #847, logLikelihood: -5796.222146
[00:05:38] Bootstrap tree #848, logLikelihood: -5993.252103
[00:05:38] Bootstrap tree #849, logLikelihood: -5768.808605
[00:05:39] Bootstrap tree #850, logLikelihood: -5824.650238
[00:05:39] Bootstrap tree #851, logLikelihood: -5736.040836
[00:05:39] Bootstrap tree #852, logLikelihood: -5742.090449
[00:05:40] Bootstrap tree #853, logLikelihood: -5961.572124
[00:05:40] Bootstrap tree #854, logLikelihood: -5743.567640
[00:05:41] Bootstrap tree #855, logLikelihood: -5620.139986
[00:05:41] Bootstrap tree #856, logLikelihood: -5706.269109
[00:05:41] Bootstrap tree #857, logLikelihood: -5695.072656
[00:05:42] Bootstrap tree #858, logLikelihood: -5834.041352
[00:05:42] Bootstrap tree #859, logLikelihood: -5707.286089
[00:05:43] Bootstrap tree #860, logLikelihood: -5684.472234
[00:05:43] Bootstrap tree #861, logLikelihood: -5999.668926
[00:05:43] Bootstrap tree #862, logLikelihood: -5831.475894
[00:05:44] Bootstrap tree #863, logLikelihood: -5743.410353
[00:05:44] Bootstrap tree #864, logLikelihood: -5874.833039
[00:05:45] Bootstrap tree #865, logLikelihood: -5700.046355
[00:05:45] Bootstrap tree #866, logLikelihood: -5687.463200
[00:05:45] Bootstrap tree #867, logLikelihood: -5750.089856
[00:05:46] Bootstrap tree #868, logLikelihood: -5659.296153
[00:05:46] Bootstrap tree #869, logLikelihood: -5711.678503
[00:05:46] Bootstrap tree #870, logLikelihood: -5886.704114
[00:05:47] Bootstrap tree #871, logLikelihood: -5760.877231
[00:05:47] Bootstrap tree #872, logLikelihood: -5871.283798
[00:05:48] Bootstrap tree #873, logLikelihood: -5678.963737
[00:05:48] Bootstrap tree #874, logLikelihood: -5932.947653
[00:05:48] Bootstrap tree #875, logLikelihood: -5945.771401
[00:05:49] Bootstrap tree #876, logLikelihood: -5823.951438
[00:05:49] Bootstrap tree #877, logLikelihood: -5878.845229
[00:05:49] Bootstrap tree #878, logLikelihood: -5767.994879
[00:05:50] Bootstrap tree #879, logLikelihood: -5621.222003
[00:05:50] Bootstrap tree #880, logLikelihood: -5953.471995
[00:05:50] Bootstrap tree #881, logLikelihood: -5898.898192
[00:05:51] Bootstrap tree #882, logLikelihood: -5771.395588
[00:05:51] Bootstrap tree #883, logLikelihood: -5660.091824
[00:05:51] Bootstrap tree #884, logLikelihood: -5665.032708
[00:05:52] Bootstrap tree #885, logLikelihood: -5914.199193
[00:05:52] Bootstrap tree #886, logLikelihood: -5716.819152
[00:05:52] Bootstrap tree #887, logLikelihood: -5823.226829
[00:05:53] Bootstrap tree #888, logLikelihood: -5847.972677
[00:05:53] Bootstrap tree #889, logLikelihood: -5815.477073
[00:05:54] Bootstrap tree #890, logLikelihood: -5709.133637
[00:05:54] Bootstrap tree #891, logLikelihood: -5666.695661
[00:05:54] Bootstrap tree #892, logLikelihood: -5653.040453
[00:05:55] Bootstrap tree #893, logLikelihood: -5731.204317
[00:05:55] Bootstrap tree #894, logLikelihood: -5821.497909
[00:05:56] Bootstrap tree #895, logLikelihood: -5760.863765
[00:05:56] Bootstrap tree #896, logLikelihood: -5635.193613
[00:05:56] Bootstrap tree #897, logLikelihood: -5705.298724
[00:05:57] Bootstrap tree #898, logLikelihood: -5898.108170
[00:05:57] Bootstrap tree #899, logLikelihood: -5754.091030
[00:05:58] Bootstrap tree #900, logLikelihood: -5815.370196
[00:05:58] Bootstrap tree #901, logLikelihood: -5786.077075
[00:05:59] Bootstrap tree #902, logLikelihood: -5802.056277
[00:05:59] Bootstrap tree #903, logLikelihood: -5747.971839
[00:05:59] Bootstrap tree #904, logLikelihood: -5661.543049
[00:06:00] Bootstrap tree #905, logLikelihood: -5824.015527
[00:06:00] Bootstrap tree #906, logLikelihood: -5817.916557
[00:06:01] Bootstrap tree #907, logLikelihood: -5731.171069
[00:06:01] Bootstrap tree #908, logLikelihood: -5718.127174
[00:06:02] Bootstrap tree #909, logLikelihood: -5770.264301
[00:06:02] Bootstrap tree #910, logLikelihood: -5974.735210
[00:06:02] Bootstrap tree #911, logLikelihood: -5943.693990
[00:06:03] Bootstrap tree #912, logLikelihood: -5794.795962
[00:06:03] Bootstrap tree #913, logLikelihood: -5783.266132
[00:06:04] Bootstrap tree #914, logLikelihood: -5844.351646
[00:06:04] Bootstrap tree #915, logLikelihood: -5778.801521
[00:06:04] Bootstrap tree #916, logLikelihood: -5936.072857
[00:06:05] Bootstrap tree #917, logLikelihood: -5801.399312
[00:06:05] Bootstrap tree #918, logLikelihood: -5735.802395
[00:06:06] Bootstrap tree #919, logLikelihood: -5581.754437
[00:06:06] Bootstrap tree #920, logLikelihood: -5770.972833
[00:06:06] Bootstrap tree #921, logLikelihood: -5671.858356
[00:06:07] Bootstrap tree #922, logLikelihood: -5798.207359
[00:06:07] Bootstrap tree #923, logLikelihood: -5890.378885
[00:06:08] Bootstrap tree #924, logLikelihood: -5863.450853
[00:06:08] Bootstrap tree #925, logLikelihood: -5837.277379
[00:06:08] Bootstrap tree #926, logLikelihood: -5605.218068
[00:06:09] Bootstrap tree #927, logLikelihood: -5799.612525
[00:06:09] Bootstrap tree #928, logLikelihood: -6064.841080
[00:06:10] Bootstrap tree #929, logLikelihood: -5787.874069
[00:06:10] Bootstrap tree #930, logLikelihood: -5833.096616
[00:06:10] Bootstrap tree #931, logLikelihood: -5626.699234
[00:06:11] Bootstrap tree #932, logLikelihood: -5653.338692
[00:06:11] Bootstrap tree #933, logLikelihood: -5753.436355
[00:06:11] Bootstrap tree #934, logLikelihood: -5846.120818
[00:06:12] Bootstrap tree #935, logLikelihood: -5884.745473
[00:06:12] Bootstrap tree #936, logLikelihood: -5906.783970
[00:06:12] Bootstrap tree #937, logLikelihood: -5809.057143
[00:06:13] Bootstrap tree #938, logLikelihood: -5607.186922
[00:06:13] Bootstrap tree #939, logLikelihood: -5890.967938
[00:06:13] Bootstrap tree #940, logLikelihood: -5592.199960
[00:06:14] Bootstrap tree #941, logLikelihood: -5878.302944
[00:06:14] Bootstrap tree #942, logLikelihood: -5762.119631
[00:06:15] Bootstrap tree #943, logLikelihood: -5776.520682
[00:06:15] Bootstrap tree #944, logLikelihood: -5940.120292
[00:06:15] Bootstrap tree #945, logLikelihood: -5539.655204
[00:06:16] Bootstrap tree #946, logLikelihood: -5840.547968
[00:06:16] Bootstrap tree #947, logLikelihood: -5866.959272
[00:06:17] Bootstrap tree #948, logLikelihood: -5662.561952
[00:06:17] Bootstrap tree #949, logLikelihood: -5522.250065
[00:06:18] Bootstrap tree #950, logLikelihood: -5951.804631
[00:06:18] Bootstrap tree #951, logLikelihood: -5631.930417
[00:06:18] Bootstrap tree #952, logLikelihood: -5720.069738
[00:06:19] Bootstrap tree #953, logLikelihood: -5945.888438
[00:06:19] Bootstrap tree #954, logLikelihood: -5830.572901
[00:06:20] Bootstrap tree #955, logLikelihood: -5763.109864
[00:06:20] Bootstrap tree #956, logLikelihood: -5574.935499
[00:06:20] Bootstrap tree #957, logLikelihood: -5852.340605
[00:06:21] Bootstrap tree #958, logLikelihood: -5738.666562
[00:06:21] Bootstrap tree #959, logLikelihood: -5737.635316
[00:06:21] Bootstrap tree #960, logLikelihood: -5899.332872
[00:06:22] Bootstrap tree #961, logLikelihood: -5682.582602
[00:06:22] Bootstrap tree #962, logLikelihood: -5914.117293
[00:06:22] Bootstrap tree #963, logLikelihood: -5732.397138
[00:06:23] Bootstrap tree #964, logLikelihood: -5799.725370
[00:06:23] Bootstrap tree #965, logLikelihood: -5686.602555
[00:06:24] Bootstrap tree #966, logLikelihood: -5718.750723
[00:06:24] Bootstrap tree #967, logLikelihood: -5782.415119
[00:06:24] Bootstrap tree #968, logLikelihood: -5785.414844
[00:06:25] Bootstrap tree #969, logLikelihood: -5802.819249
[00:06:25] Bootstrap tree #970, logLikelihood: -5756.533176
[00:06:26] Bootstrap tree #971, logLikelihood: -5721.623495
[00:06:26] Bootstrap tree #972, logLikelihood: -5809.086988
[00:06:26] Bootstrap tree #973, logLikelihood: -5736.343828
[00:06:27] Bootstrap tree #974, logLikelihood: -5614.147997
[00:06:27] Bootstrap tree #975, logLikelihood: -5838.960853
[00:06:28] Bootstrap tree #976, logLikelihood: -5536.750884
[00:06:28] Bootstrap tree #977, logLikelihood: -5811.716258
[00:06:28] Bootstrap tree #978, logLikelihood: -5783.956987
[00:06:29] Bootstrap tree #979, logLikelihood: -5794.905954
[00:06:29] Bootstrap tree #980, logLikelihood: -5605.631340
[00:06:30] Bootstrap tree #981, logLikelihood: -5822.283332
[00:06:30] Bootstrap tree #982, logLikelihood: -5678.533371
[00:06:30] Bootstrap tree #983, logLikelihood: -5834.558794
[00:06:31] Bootstrap tree #984, logLikelihood: -5802.193305
[00:06:31] Bootstrap tree #985, logLikelihood: -5893.870503
[00:06:31] Bootstrap tree #986, logLikelihood: -5798.269283
[00:06:32] Bootstrap tree #987, logLikelihood: -5869.064297
[00:06:32] Bootstrap tree #988, logLikelihood: -5839.457949
[00:06:32] Bootstrap tree #989, logLikelihood: -5763.207806
[00:06:33] Bootstrap tree #990, logLikelihood: -5792.846197
[00:06:33] Bootstrap tree #991, logLikelihood: -5850.794738
[00:06:33] Bootstrap tree #992, logLikelihood: -5904.132814
[00:06:34] Bootstrap tree #993, logLikelihood: -5824.430333
[00:06:34] Bootstrap tree #994, logLikelihood: -5797.802690
[00:06:35] Bootstrap tree #995, logLikelihood: -5937.165419
[00:06:35] Bootstrap tree #996, logLikelihood: -5791.813304
[00:06:35] Bootstrap tree #997, logLikelihood: -5821.219453
[00:06:36] Bootstrap tree #998, logLikelihood: -5844.430746
[00:06:36] Bootstrap tree #999, logLikelihood: -5780.069482
[00:06:37] Bootstrap tree #1000, logLikelihood: -5888.230544

Optimized model parameters:

   Partition 0: noname
   Rate heterogeneity: GAMMA (4 cats, mean),  alpha: 2.057558 (ML),  weights&rates: (0.250000,0.300050) (0.250000,0.660998) (0.250000,1.071365) (0.250000,1.967587) 
   Base frequencies (ML): 0.281175 0.206980 0.275824 0.236020 
   Substitution rates (ML): 1.325872 3.354570 0.889966 1.076127 3.523825 1.000000 


Final LogLikelihood: -5786.482287

AIC score: 11624.964574 / AICc score: 11627.108086 / BIC score: 11742.615345
Free parameters (model + branch lengths): 26

Best ML tree saved to: /home/seddik/Documents/Synesth/iter6/all_Cas_trees/Cmr5/Tree.raxml.bestTree
All ML trees saved to: /home/seddik/Documents/Synesth/iter6/all_Cas_trees/Cmr5/Tree.raxml.mlTrees
Best ML tree with Felsenstein bootstrap (FBP) support values saved to: /home/seddik/Documents/Synesth/iter6/all_Cas_trees/Cmr5/Tree.raxml.support
Optimized model saved to: /home/seddik/Documents/Synesth/iter6/all_Cas_trees/Cmr5/Tree.raxml.bestModel
Bootstrap trees saved to: /home/seddik/Documents/Synesth/iter6/all_Cas_trees/Cmr5/Tree.raxml.bootstraps

Execution log saved to: /home/seddik/Documents/Synesth/iter6/all_Cas_trees/Cmr5/Tree.raxml.log

Analysis started: 30-Jul-2024 18:07:24 / finished: 30-Jul-2024 18:14:01

Elapsed time: 397.059 seconds

