
RAxML-NG v. 0.9.0 released on 20.05.2019 by The Exelixis Lab.
Developed by: Alexey M. Kozlov and Alexandros Stamatakis.
Contributors: Diego Darriba, Tomas Flouri, Benoit Morel, Sarah Lutteropp, Ben Bettisworth.
Latest version: https://github.com/amkozlov/raxml-ng
Questions/problems/suggestions? Please visit: https://groups.google.com/forum/#!forum/raxml

RAxML-NG was called at 30-Jul-2024 17:57:50 as follows:

raxml-ng --all --msa all_Cas_aligned/all_Cmr4_aligned.fna --model GTR+G --bs-trees 1000 --threads 4 --prefix all_Cas_trees/Cmr4/Tree

Analysis options:
  run mode: ML tree search + bootstrapping (Felsenstein Bootstrap)
  start tree(s): random (10) + parsimony (10)
  bootstrap replicates: 1000
  random seed: 1722376670
  tip-inner: OFF
  pattern compression: ON
  per-rate scalers: OFF
  site repeats: ON
  branch lengths: proportional (ML estimate, algorithm: NR-FAST)
  SIMD kernels: AVX2
  parallelization: PTHREADS (4 threads), thread pinning: OFF

[00:00:00] Reading alignment from file: all_Cas_aligned/all_Cmr4_aligned.fna
[00:00:00] Loaded alignment with 11 taxa and 1334 sites

Alignment comprises 1 partitions and 1076 patterns

Partition 0: noname
Model: GTR+FO+G4m
Alignment sites / patterns: 1334 / 1076
Gaps: 32.94 %
Invariant sites: 22.71 %


NOTE: Binary MSA file created: all_Cas_trees/Cmr4/Tree.raxml.rba

[00:00:00] Generating 10 random starting tree(s) with 11 taxa
[00:00:00] Generating 10 parsimony starting tree(s) with 11 taxa
[00:00:00] Data distribution: max. partitions/sites/weight per thread: 1 / 269 / 4304

Starting ML tree search with 20 distinct starting trees

[00:00:01] ML tree search #1, logLikelihood: -11752.442398
[00:00:02] ML tree search #2, logLikelihood: -11752.455900
[00:00:03] ML tree search #3, logLikelihood: -11752.420918
[00:00:04] ML tree search #4, logLikelihood: -11752.485891
[00:00:04] ML tree search #5, logLikelihood: -11752.460174
[00:00:06] ML tree search #6, logLikelihood: -11752.458816
[00:00:06] ML tree search #7, logLikelihood: -11753.311932
[00:00:07] ML tree search #8, logLikelihood: -11752.460018
[00:00:09] ML tree search #9, logLikelihood: -11752.464312
[00:00:10] ML tree search #10, logLikelihood: -11752.483575
[00:00:10] ML tree search #11, logLikelihood: -11752.412387
[00:00:11] ML tree search #12, logLikelihood: -11753.268161
[00:00:12] ML tree search #13, logLikelihood: -11752.408889
[00:00:13] ML tree search #14, logLikelihood: -11752.408475
[00:00:14] ML tree search #15, logLikelihood: -11752.432138
[00:00:14] ML tree search #16, logLikelihood: -11753.265409
[00:00:15] ML tree search #17, logLikelihood: -11752.408986
[00:00:16] ML tree search #18, logLikelihood: -11753.277241
[00:00:16] ML tree search #19, logLikelihood: -11752.409782
[00:00:17] ML tree search #20, logLikelihood: -11752.407718

[00:00:17] ML tree search completed, best tree logLH: -11752.407718

[00:00:17] Starting bootstrapping analysis with 1000 replicates.

[00:00:17] Bootstrap tree #1, logLikelihood: -11417.575269
[00:00:18] Bootstrap tree #2, logLikelihood: -11506.554296
[00:00:18] Bootstrap tree #3, logLikelihood: -11723.499842
[00:00:19] Bootstrap tree #4, logLikelihood: -11710.505993
[00:00:19] Bootstrap tree #5, logLikelihood: -11591.298490
[00:00:20] Bootstrap tree #6, logLikelihood: -11751.386656
[00:00:20] Bootstrap tree #7, logLikelihood: -11520.975255
[00:00:21] Bootstrap tree #8, logLikelihood: -11806.247102
[00:00:21] Bootstrap tree #9, logLikelihood: -11531.304433
[00:00:22] Bootstrap tree #10, logLikelihood: -11505.215897
[00:00:23] Bootstrap tree #11, logLikelihood: -11328.335142
[00:00:23] Bootstrap tree #12, logLikelihood: -11727.974564
[00:00:24] Bootstrap tree #13, logLikelihood: -11752.384080
[00:00:24] Bootstrap tree #14, logLikelihood: -11794.047139
[00:00:25] Bootstrap tree #15, logLikelihood: -11950.485424
[00:00:25] Bootstrap tree #16, logLikelihood: -11640.137856
[00:00:26] Bootstrap tree #17, logLikelihood: -11831.974501
[00:00:26] Bootstrap tree #18, logLikelihood: -11573.891368
[00:00:27] Bootstrap tree #19, logLikelihood: -11665.803950
[00:00:28] Bootstrap tree #20, logLikelihood: -11707.747770
[00:00:28] Bootstrap tree #21, logLikelihood: -11770.243108
[00:00:29] Bootstrap tree #22, logLikelihood: -11548.752650
[00:00:29] Bootstrap tree #23, logLikelihood: -11380.462694
[00:00:30] Bootstrap tree #24, logLikelihood: -11241.693733
[00:00:30] Bootstrap tree #25, logLikelihood: -11743.527299
[00:00:31] Bootstrap tree #26, logLikelihood: -11624.256631
[00:00:31] Bootstrap tree #27, logLikelihood: -11731.446909
[00:00:32] Bootstrap tree #28, logLikelihood: -11785.179898
[00:00:32] Bootstrap tree #29, logLikelihood: -11758.642654
[00:00:33] Bootstrap tree #30, logLikelihood: -12064.990306
[00:00:33] Bootstrap tree #31, logLikelihood: -11777.444557
[00:00:34] Bootstrap tree #32, logLikelihood: -11788.197897
[00:00:35] Bootstrap tree #33, logLikelihood: -11617.705964
[00:00:35] Bootstrap tree #34, logLikelihood: -12086.571879
[00:00:35] Bootstrap tree #35, logLikelihood: -11874.776712
[00:00:36] Bootstrap tree #36, logLikelihood: -11844.291184
[00:00:37] Bootstrap tree #37, logLikelihood: -11736.003338
[00:00:37] Bootstrap tree #38, logLikelihood: -11766.842960
[00:00:38] Bootstrap tree #39, logLikelihood: -11820.798980
[00:00:38] Bootstrap tree #40, logLikelihood: -11812.992064
[00:00:39] Bootstrap tree #41, logLikelihood: -11435.264243
[00:00:39] Bootstrap tree #42, logLikelihood: -11703.405714
[00:00:40] Bootstrap tree #43, logLikelihood: -11868.355748
[00:00:41] Bootstrap tree #44, logLikelihood: -11938.940592
[00:00:41] Bootstrap tree #45, logLikelihood: -11885.634027
[00:00:42] Bootstrap tree #46, logLikelihood: -11715.356414
[00:00:43] Bootstrap tree #47, logLikelihood: -12038.379001
[00:00:43] Bootstrap tree #48, logLikelihood: -11938.710961
[00:00:44] Bootstrap tree #49, logLikelihood: -11495.011996
[00:00:44] Bootstrap tree #50, logLikelihood: -11864.201690
[00:00:45] Bootstrap tree #51, logLikelihood: -12069.203302
[00:00:45] Bootstrap tree #52, logLikelihood: -11421.162626
[00:00:46] Bootstrap tree #53, logLikelihood: -11891.619792
[00:00:46] Bootstrap tree #54, logLikelihood: -11694.860642
[00:00:47] Bootstrap tree #55, logLikelihood: -11429.248513
[00:00:47] Bootstrap tree #56, logLikelihood: -11661.754289
[00:00:48] Bootstrap tree #57, logLikelihood: -11539.888572
[00:00:48] Bootstrap tree #58, logLikelihood: -11470.728501
[00:00:48] Bootstrap tree #59, logLikelihood: -11746.245901
[00:00:49] Bootstrap tree #60, logLikelihood: -11759.506506
[00:00:50] Bootstrap tree #61, logLikelihood: -11764.295991
[00:00:50] Bootstrap tree #62, logLikelihood: -11646.626286
[00:00:51] Bootstrap tree #63, logLikelihood: -11859.914894
[00:00:51] Bootstrap tree #64, logLikelihood: -11712.762233
[00:00:52] Bootstrap tree #65, logLikelihood: -11604.830849
[00:00:52] Bootstrap tree #66, logLikelihood: -11922.412468
[00:00:53] Bootstrap tree #67, logLikelihood: -11252.621271
[00:00:53] Bootstrap tree #68, logLikelihood: -11793.730776
[00:00:54] Bootstrap tree #69, logLikelihood: -11640.972224
[00:00:54] Bootstrap tree #70, logLikelihood: -11436.698237
[00:00:55] Bootstrap tree #71, logLikelihood: -11834.696260
[00:00:55] Bootstrap tree #72, logLikelihood: -11973.939000
[00:00:56] Bootstrap tree #73, logLikelihood: -11837.290698
[00:00:56] Bootstrap tree #74, logLikelihood: -11648.045211
[00:00:57] Bootstrap tree #75, logLikelihood: -11724.087209
[00:00:57] Bootstrap tree #76, logLikelihood: -11733.907793
[00:00:58] Bootstrap tree #77, logLikelihood: -11817.729362
[00:00:58] Bootstrap tree #78, logLikelihood: -11553.114829
[00:00:59] Bootstrap tree #79, logLikelihood: -11592.572284
[00:00:59] Bootstrap tree #80, logLikelihood: -11907.639990
[00:01:00] Bootstrap tree #81, logLikelihood: -11842.039246
[00:01:00] Bootstrap tree #82, logLikelihood: -11620.239662
[00:01:01] Bootstrap tree #83, logLikelihood: -12041.335293
[00:01:01] Bootstrap tree #84, logLikelihood: -11681.911985
[00:01:02] Bootstrap tree #85, logLikelihood: -12237.034596
[00:01:03] Bootstrap tree #86, logLikelihood: -11598.276879
[00:01:03] Bootstrap tree #87, logLikelihood: -11912.429450
[00:01:04] Bootstrap tree #88, logLikelihood: -11926.374285
[00:01:05] Bootstrap tree #89, logLikelihood: -11565.636848
[00:01:05] Bootstrap tree #90, logLikelihood: -11855.483775
[00:01:06] Bootstrap tree #91, logLikelihood: -11950.555219
[00:01:07] Bootstrap tree #92, logLikelihood: -11337.362975
[00:01:07] Bootstrap tree #93, logLikelihood: -11811.503067
[00:01:08] Bootstrap tree #94, logLikelihood: -11719.234224
[00:01:08] Bootstrap tree #95, logLikelihood: -11786.809685
[00:01:09] Bootstrap tree #96, logLikelihood: -12108.061523
[00:01:10] Bootstrap tree #97, logLikelihood: -11736.685643
[00:01:10] Bootstrap tree #98, logLikelihood: -11855.181374
[00:01:11] Bootstrap tree #99, logLikelihood: -12069.258710
[00:01:11] Bootstrap tree #100, logLikelihood: -12047.673141
[00:01:12] Bootstrap tree #101, logLikelihood: -11733.643465
[00:01:13] Bootstrap tree #102, logLikelihood: -11971.509945
[00:01:13] Bootstrap tree #103, logLikelihood: -11922.660661
[00:01:14] Bootstrap tree #104, logLikelihood: -11632.510195
[00:01:14] Bootstrap tree #105, logLikelihood: -11912.465946
[00:01:15] Bootstrap tree #106, logLikelihood: -11752.826983
[00:01:16] Bootstrap tree #107, logLikelihood: -11783.893271
[00:01:16] Bootstrap tree #108, logLikelihood: -11733.525845
[00:01:17] Bootstrap tree #109, logLikelihood: -11687.504666
[00:01:17] Bootstrap tree #110, logLikelihood: -11627.228103
[00:01:18] Bootstrap tree #111, logLikelihood: -12198.615750
[00:01:18] Bootstrap tree #112, logLikelihood: -11966.332453
[00:01:19] Bootstrap tree #113, logLikelihood: -11723.968790
[00:01:19] Bootstrap tree #114, logLikelihood: -11183.774977
[00:01:20] Bootstrap tree #115, logLikelihood: -11960.411485
[00:01:20] Bootstrap tree #116, logLikelihood: -11707.228952
[00:01:21] Bootstrap tree #117, logLikelihood: -11667.796587
[00:01:21] Bootstrap tree #118, logLikelihood: -11643.198480
[00:01:21] Bootstrap tree #119, logLikelihood: -11856.003327
[00:01:22] Bootstrap tree #120, logLikelihood: -11650.575550
[00:01:23] Bootstrap tree #121, logLikelihood: -12020.783008
[00:01:23] Bootstrap tree #122, logLikelihood: -11750.836717
[00:01:24] Bootstrap tree #123, logLikelihood: -11481.961867
[00:01:24] Bootstrap tree #124, logLikelihood: -11754.909066
[00:01:25] Bootstrap tree #125, logLikelihood: -11755.747676
[00:01:25] Bootstrap tree #126, logLikelihood: -11561.143413
[00:01:26] Bootstrap tree #127, logLikelihood: -11698.339326
[00:01:26] Bootstrap tree #128, logLikelihood: -11668.821318
[00:01:27] Bootstrap tree #129, logLikelihood: -11906.759780
[00:01:28] Bootstrap tree #130, logLikelihood: -11785.920276
[00:01:28] Bootstrap tree #131, logLikelihood: -11494.079867
[00:01:29] Bootstrap tree #132, logLikelihood: -11746.409439
[00:01:29] Bootstrap tree #133, logLikelihood: -11628.678838
[00:01:30] Bootstrap tree #134, logLikelihood: -11901.972398
[00:01:30] Bootstrap tree #135, logLikelihood: -11882.263263
[00:01:31] Bootstrap tree #136, logLikelihood: -11426.268824
[00:01:31] Bootstrap tree #137, logLikelihood: -11907.406320
[00:01:32] Bootstrap tree #138, logLikelihood: -11709.807850
[00:01:33] Bootstrap tree #139, logLikelihood: -11919.557652
[00:01:33] Bootstrap tree #140, logLikelihood: -11531.766313
[00:01:34] Bootstrap tree #141, logLikelihood: -11861.799945
[00:01:34] Bootstrap tree #142, logLikelihood: -11806.700284
[00:01:35] Bootstrap tree #143, logLikelihood: -11847.282925
[00:01:36] Bootstrap tree #144, logLikelihood: -11816.320213
[00:01:36] Bootstrap tree #145, logLikelihood: -11495.210693
[00:01:36] Bootstrap tree #146, logLikelihood: -11356.123316
[00:01:37] Bootstrap tree #147, logLikelihood: -11967.510162
[00:01:37] Bootstrap tree #148, logLikelihood: -11489.272351
[00:01:38] Bootstrap tree #149, logLikelihood: -11743.331468
[00:01:38] Bootstrap tree #150, logLikelihood: -11901.281299
[00:01:39] Bootstrap tree #151, logLikelihood: -11750.978141
[00:01:39] Bootstrap tree #152, logLikelihood: -11504.917932
[00:01:40] Bootstrap tree #153, logLikelihood: -11544.058729
[00:01:41] Bootstrap tree #154, logLikelihood: -11545.233530
[00:01:41] Bootstrap tree #155, logLikelihood: -11532.446781
[00:01:42] Bootstrap tree #156, logLikelihood: -11528.001764
[00:01:42] Bootstrap tree #157, logLikelihood: -11380.127206
[00:01:43] Bootstrap tree #158, logLikelihood: -11720.459860
[00:01:44] Bootstrap tree #159, logLikelihood: -11728.515229
[00:01:44] Bootstrap tree #160, logLikelihood: -11668.515111
[00:01:45] Bootstrap tree #161, logLikelihood: -11726.432070
[00:01:45] Bootstrap tree #162, logLikelihood: -11768.273312
[00:01:46] Bootstrap tree #163, logLikelihood: -11721.750236
[00:01:46] Bootstrap tree #164, logLikelihood: -12029.109182
[00:01:47] Bootstrap tree #165, logLikelihood: -11968.333409
[00:01:47] Bootstrap tree #166, logLikelihood: -11905.926833
[00:01:48] Bootstrap tree #167, logLikelihood: -11795.221160
[00:01:48] Bootstrap tree #168, logLikelihood: -11822.191068
[00:01:49] Bootstrap tree #169, logLikelihood: -11834.014699
[00:01:49] Bootstrap tree #170, logLikelihood: -11886.878016
[00:01:50] Bootstrap tree #171, logLikelihood: -11737.098513
[00:01:50] Bootstrap tree #172, logLikelihood: -11489.678369
[00:01:51] Bootstrap tree #173, logLikelihood: -11510.113142
[00:01:51] Bootstrap tree #174, logLikelihood: -11701.434371
[00:01:52] Bootstrap tree #175, logLikelihood: -11755.722606
[00:01:52] Bootstrap tree #176, logLikelihood: -11812.111645
[00:01:53] Bootstrap tree #177, logLikelihood: -11628.655836
[00:01:53] Bootstrap tree #178, logLikelihood: -11545.614124
[00:01:53] Bootstrap tree #179, logLikelihood: -11517.256564
[00:01:54] Bootstrap tree #180, logLikelihood: -11620.494842
[00:01:54] Bootstrap tree #181, logLikelihood: -11748.500267
[00:01:55] Bootstrap tree #182, logLikelihood: -11807.439039
[00:01:55] Bootstrap tree #183, logLikelihood: -11843.037902
[00:01:56] Bootstrap tree #184, logLikelihood: -12016.186444
[00:01:56] Bootstrap tree #185, logLikelihood: -11766.799926
[00:01:57] Bootstrap tree #186, logLikelihood: -11885.295690
[00:01:57] Bootstrap tree #187, logLikelihood: -11622.243331
[00:01:58] Bootstrap tree #188, logLikelihood: -11618.222469
[00:01:58] Bootstrap tree #189, logLikelihood: -11878.956569
[00:01:59] Bootstrap tree #190, logLikelihood: -11664.983274
[00:02:00] Bootstrap tree #191, logLikelihood: -11748.257935
[00:02:00] Bootstrap tree #192, logLikelihood: -12186.506158
[00:02:00] Bootstrap tree #193, logLikelihood: -11339.656609
[00:02:01] Bootstrap tree #194, logLikelihood: -11866.041866
[00:02:02] Bootstrap tree #195, logLikelihood: -11801.127534
[00:02:02] Bootstrap tree #196, logLikelihood: -11938.357238
[00:02:03] Bootstrap tree #197, logLikelihood: -11891.910338
[00:02:03] Bootstrap tree #198, logLikelihood: -11581.171693
[00:02:04] Bootstrap tree #199, logLikelihood: -11813.443137
[00:02:04] Bootstrap tree #200, logLikelihood: -11991.897981
[00:02:05] Bootstrap tree #201, logLikelihood: -11553.120319
[00:02:05] Bootstrap tree #202, logLikelihood: -11759.817593
[00:02:05] Bootstrap tree #203, logLikelihood: -11799.499041
[00:02:06] Bootstrap tree #204, logLikelihood: -11950.927014
[00:02:07] Bootstrap tree #205, logLikelihood: -11579.598638
[00:02:07] Bootstrap tree #206, logLikelihood: -11962.257973
[00:02:08] Bootstrap tree #207, logLikelihood: -11847.907928
[00:02:08] Bootstrap tree #208, logLikelihood: -11499.437597
[00:02:09] Bootstrap tree #209, logLikelihood: -11749.321549
[00:02:09] Bootstrap tree #210, logLikelihood: -11412.078674
[00:02:10] Bootstrap tree #211, logLikelihood: -11857.026190
[00:02:10] Bootstrap tree #212, logLikelihood: -11779.239548
[00:02:11] Bootstrap tree #213, logLikelihood: -11476.491481
[00:02:12] Bootstrap tree #214, logLikelihood: -11586.441167
[00:02:13] Bootstrap tree #215, logLikelihood: -11887.332797
[00:02:13] Bootstrap tree #216, logLikelihood: -11515.406862
[00:02:14] Bootstrap tree #217, logLikelihood: -11726.560177
[00:02:14] Bootstrap tree #218, logLikelihood: -11602.157198
[00:02:14] Bootstrap tree #219, logLikelihood: -11579.538905
[00:02:15] Bootstrap tree #220, logLikelihood: -11768.983015
[00:02:15] Bootstrap tree #221, logLikelihood: -11696.143747
[00:02:16] Bootstrap tree #222, logLikelihood: -11823.213864
[00:02:16] Bootstrap tree #223, logLikelihood: -11700.942410
[00:02:17] Bootstrap tree #224, logLikelihood: -11559.881417
[00:02:18] Bootstrap tree #225, logLikelihood: -11936.338909
[00:02:18] Bootstrap tree #226, logLikelihood: -11597.631092
[00:02:19] Bootstrap tree #227, logLikelihood: -11774.204750
[00:02:20] Bootstrap tree #228, logLikelihood: -11547.550270
[00:02:20] Bootstrap tree #229, logLikelihood: -11388.786352
[00:02:21] Bootstrap tree #230, logLikelihood: -11976.146654
[00:02:22] Bootstrap tree #231, logLikelihood: -11920.235383
[00:02:22] Bootstrap tree #232, logLikelihood: -11712.026146
[00:02:23] Bootstrap tree #233, logLikelihood: -11453.697080
[00:02:23] Bootstrap tree #234, logLikelihood: -11754.247127
[00:02:23] Bootstrap tree #235, logLikelihood: -11887.948059
[00:02:24] Bootstrap tree #236, logLikelihood: -11539.754589
[00:02:24] Bootstrap tree #237, logLikelihood: -11533.123135
[00:02:25] Bootstrap tree #238, logLikelihood: -11747.513100
[00:02:25] Bootstrap tree #239, logLikelihood: -11593.411103
[00:02:26] Bootstrap tree #240, logLikelihood: -11647.030040
[00:02:26] Bootstrap tree #241, logLikelihood: -11871.687444
[00:02:27] Bootstrap tree #242, logLikelihood: -11781.356589
[00:02:27] Bootstrap tree #243, logLikelihood: -11368.128669
[00:02:28] Bootstrap tree #244, logLikelihood: -11733.166953
[00:02:28] Bootstrap tree #245, logLikelihood: -11926.075172
[00:02:29] Bootstrap tree #246, logLikelihood: -11621.805767
[00:02:29] Bootstrap tree #247, logLikelihood: -11689.342721
[00:02:30] Bootstrap tree #248, logLikelihood: -12057.944970
[00:02:30] Bootstrap tree #249, logLikelihood: -11855.421620
[00:02:30] Bootstrap tree #250, logLikelihood: -11315.174729
[00:02:31] Bootstrap tree #251, logLikelihood: -11845.423173
[00:02:31] Bootstrap tree #252, logLikelihood: -11998.054888
[00:02:32] Bootstrap tree #253, logLikelihood: -11589.012253
[00:02:32] Bootstrap tree #254, logLikelihood: -11745.364280
[00:02:33] Bootstrap tree #255, logLikelihood: -11748.331561
[00:02:33] Bootstrap tree #256, logLikelihood: -11628.490590
[00:02:34] Bootstrap tree #257, logLikelihood: -11686.300665
[00:02:34] Bootstrap tree #258, logLikelihood: -11854.520904
[00:02:35] Bootstrap tree #259, logLikelihood: -11945.820137
[00:02:35] Bootstrap tree #260, logLikelihood: -11476.046136
[00:02:36] Bootstrap tree #261, logLikelihood: -11591.151330
[00:02:36] Bootstrap tree #262, logLikelihood: -11581.882480
[00:02:37] Bootstrap tree #263, logLikelihood: -11541.599600
[00:02:37] Bootstrap tree #264, logLikelihood: -11976.792638
[00:02:38] Bootstrap tree #265, logLikelihood: -11735.254690
[00:02:39] Bootstrap tree #266, logLikelihood: -11755.031336
[00:02:39] Bootstrap tree #267, logLikelihood: -11990.524689
[00:02:40] Bootstrap tree #268, logLikelihood: -11608.479387
[00:02:40] Bootstrap tree #269, logLikelihood: -11871.791688
[00:02:41] Bootstrap tree #270, logLikelihood: -11946.677979
[00:02:41] Bootstrap tree #271, logLikelihood: -11492.702365
[00:02:42] Bootstrap tree #272, logLikelihood: -11708.658677
[00:02:42] Bootstrap tree #273, logLikelihood: -11496.767501
[00:02:43] Bootstrap tree #274, logLikelihood: -11898.365882
[00:02:44] Bootstrap tree #275, logLikelihood: -11609.335659
[00:02:44] Bootstrap tree #276, logLikelihood: -11515.318572
[00:02:45] Bootstrap tree #277, logLikelihood: -11817.357660
[00:02:45] Bootstrap tree #278, logLikelihood: -11715.375074
[00:02:46] Bootstrap tree #279, logLikelihood: -11826.960672
[00:02:46] Bootstrap tree #280, logLikelihood: -11649.189427
[00:02:47] Bootstrap tree #281, logLikelihood: -11494.247141
[00:02:47] Bootstrap tree #282, logLikelihood: -11552.895366
[00:02:47] Bootstrap tree #283, logLikelihood: -11811.231382
[00:02:48] Bootstrap tree #284, logLikelihood: -11798.633156
[00:02:48] Bootstrap tree #285, logLikelihood: -11708.924144
[00:02:49] Bootstrap tree #286, logLikelihood: -11673.998414
[00:02:49] Bootstrap tree #287, logLikelihood: -11702.813248
[00:02:50] Bootstrap tree #288, logLikelihood: -11683.532458
[00:02:50] Bootstrap tree #289, logLikelihood: -11900.326651
[00:02:51] Bootstrap tree #290, logLikelihood: -12193.965074
[00:02:52] Bootstrap tree #291, logLikelihood: -11869.529505
[00:02:52] Bootstrap tree #292, logLikelihood: -11765.793093
[00:02:53] Bootstrap tree #293, logLikelihood: -12010.749168
[00:02:53] Bootstrap tree #294, logLikelihood: -11713.719167
[00:02:54] Bootstrap tree #295, logLikelihood: -11677.440676
[00:02:54] Bootstrap tree #296, logLikelihood: -11515.180882
[00:02:55] Bootstrap tree #297, logLikelihood: -11744.338911
[00:02:55] Bootstrap tree #298, logLikelihood: -11455.853255
[00:02:56] Bootstrap tree #299, logLikelihood: -11491.877455
[00:02:56] Bootstrap tree #300, logLikelihood: -11871.416249
[00:02:57] Bootstrap tree #301, logLikelihood: -12034.971999
[00:02:58] Bootstrap tree #302, logLikelihood: -11503.482451
[00:02:58] Bootstrap tree #303, logLikelihood: -11458.497309
[00:02:59] Bootstrap tree #304, logLikelihood: -11889.125621
[00:03:00] Bootstrap tree #305, logLikelihood: -12152.602437
[00:03:00] Bootstrap tree #306, logLikelihood: -11612.419950
[00:03:00] Bootstrap tree #307, logLikelihood: -11885.349269
[00:03:01] Bootstrap tree #308, logLikelihood: -11878.878749
[00:03:01] Bootstrap tree #309, logLikelihood: -11594.844840
[00:03:02] Bootstrap tree #310, logLikelihood: -11462.336557
[00:03:02] Bootstrap tree #311, logLikelihood: -11693.485169
[00:03:03] Bootstrap tree #312, logLikelihood: -11613.250950
[00:03:04] Bootstrap tree #313, logLikelihood: -11727.448154
[00:03:04] Bootstrap tree #314, logLikelihood: -11527.720777
[00:03:05] Bootstrap tree #315, logLikelihood: -11640.510528
[00:03:05] Bootstrap tree #316, logLikelihood: -11632.874143
[00:03:06] Bootstrap tree #317, logLikelihood: -11532.766523
[00:03:07] Bootstrap tree #318, logLikelihood: -11829.374848
[00:03:07] Bootstrap tree #319, logLikelihood: -11879.916345
[00:03:08] Bootstrap tree #320, logLikelihood: -11745.089477
[00:03:08] Bootstrap tree #321, logLikelihood: -11905.512445
[00:03:09] Bootstrap tree #322, logLikelihood: -11464.866964
[00:03:10] Bootstrap tree #323, logLikelihood: -11696.555808
[00:03:10] Bootstrap tree #324, logLikelihood: -11772.469206
[00:03:11] Bootstrap tree #325, logLikelihood: -11633.199392
[00:03:11] Bootstrap tree #326, logLikelihood: -11836.845677
[00:03:11] Bootstrap tree #327, logLikelihood: -11598.455006
[00:03:12] Bootstrap tree #328, logLikelihood: -11640.032819
[00:03:13] Bootstrap tree #329, logLikelihood: -11874.340484
[00:03:13] Bootstrap tree #330, logLikelihood: -11651.930563
[00:03:14] Bootstrap tree #331, logLikelihood: -11769.809935
[00:03:14] Bootstrap tree #332, logLikelihood: -11582.372981
[00:03:15] Bootstrap tree #333, logLikelihood: -11541.405203
[00:03:16] Bootstrap tree #334, logLikelihood: -12026.958984
[00:03:16] Bootstrap tree #335, logLikelihood: -11558.091380
[00:03:17] Bootstrap tree #336, logLikelihood: -11818.181129
[00:03:17] Bootstrap tree #337, logLikelihood: -11713.667721
[00:03:18] Bootstrap tree #338, logLikelihood: -12119.224761
[00:03:19] Bootstrap tree #339, logLikelihood: -11928.903302
[00:03:19] Bootstrap tree #340, logLikelihood: -11532.037049
[00:03:20] Bootstrap tree #341, logLikelihood: -11463.224205
[00:03:21] Bootstrap tree #342, logLikelihood: -11998.396009
[00:03:21] Bootstrap tree #343, logLikelihood: -11750.661600
[00:03:22] Bootstrap tree #344, logLikelihood: -11483.660399
[00:03:22] Bootstrap tree #345, logLikelihood: -11460.284949
[00:03:22] Bootstrap tree #346, logLikelihood: -11716.600514
[00:03:23] Bootstrap tree #347, logLikelihood: -11781.281179
[00:03:23] Bootstrap tree #348, logLikelihood: -11510.372541
[00:03:24] Bootstrap tree #349, logLikelihood: -11645.416452
[00:03:24] Bootstrap tree #350, logLikelihood: -11704.619657
[00:03:25] Bootstrap tree #351, logLikelihood: -11585.726794
[00:03:26] Bootstrap tree #352, logLikelihood: -11675.042725
[00:03:26] Bootstrap tree #353, logLikelihood: -11782.888354
[00:03:27] Bootstrap tree #354, logLikelihood: -11614.618414
[00:03:27] Bootstrap tree #355, logLikelihood: -11872.807313
[00:03:28] Bootstrap tree #356, logLikelihood: -11614.170325
[00:03:29] Bootstrap tree #357, logLikelihood: -11937.582907
[00:03:29] Bootstrap tree #358, logLikelihood: -11645.824427
[00:03:30] Bootstrap tree #359, logLikelihood: -11938.929759
[00:03:31] Bootstrap tree #360, logLikelihood: -11348.836887
[00:03:31] Bootstrap tree #361, logLikelihood: -11942.372097
[00:03:32] Bootstrap tree #362, logLikelihood: -11751.609027
[00:03:32] Bootstrap tree #363, logLikelihood: -11542.284413
[00:03:33] Bootstrap tree #364, logLikelihood: -12064.781496
[00:03:34] Bootstrap tree #365, logLikelihood: -11718.681075
[00:03:34] Bootstrap tree #366, logLikelihood: -11746.890574
[00:03:35] Bootstrap tree #367, logLikelihood: -11684.010558
[00:03:35] Bootstrap tree #368, logLikelihood: -11761.859973
[00:03:36] Bootstrap tree #369, logLikelihood: -12008.739552
[00:03:36] Bootstrap tree #370, logLikelihood: -11511.072042
[00:03:37] Bootstrap tree #371, logLikelihood: -11376.674970
[00:03:38] Bootstrap tree #372, logLikelihood: -11525.182999
[00:03:39] Bootstrap tree #373, logLikelihood: -11891.092906
[00:03:39] Bootstrap tree #374, logLikelihood: -11789.924292
[00:03:40] Bootstrap tree #375, logLikelihood: -11990.794994
[00:03:41] Bootstrap tree #376, logLikelihood: -11973.297327
[00:03:41] Bootstrap tree #377, logLikelihood: -11526.902575
[00:03:42] Bootstrap tree #378, logLikelihood: -11856.400204
[00:03:42] Bootstrap tree #379, logLikelihood: -11642.620847
[00:03:43] Bootstrap tree #380, logLikelihood: -11831.752147
[00:03:43] Bootstrap tree #381, logLikelihood: -11611.246461
[00:03:44] Bootstrap tree #382, logLikelihood: -11959.182932
[00:03:44] Bootstrap tree #383, logLikelihood: -11681.536396
[00:03:45] Bootstrap tree #384, logLikelihood: -11724.272221
[00:03:45] Bootstrap tree #385, logLikelihood: -11935.436412
[00:03:46] Bootstrap tree #386, logLikelihood: -11699.381098
[00:03:46] Bootstrap tree #387, logLikelihood: -11724.281474
[00:03:47] Bootstrap tree #388, logLikelihood: -11808.056288
[00:03:47] Bootstrap tree #389, logLikelihood: -11656.190036
[00:03:48] Bootstrap tree #390, logLikelihood: -11726.714715
[00:03:49] Bootstrap tree #391, logLikelihood: -11929.852588
[00:03:49] Bootstrap tree #392, logLikelihood: -11785.061543
[00:03:50] Bootstrap tree #393, logLikelihood: -11461.352237
[00:03:50] Bootstrap tree #394, logLikelihood: -11802.555754
[00:03:51] Bootstrap tree #395, logLikelihood: -11581.017869
[00:03:52] Bootstrap tree #396, logLikelihood: -11863.129413
[00:03:52] Bootstrap tree #397, logLikelihood: -11990.322639
[00:03:52] Bootstrap tree #398, logLikelihood: -11775.880306
[00:03:53] Bootstrap tree #399, logLikelihood: -11628.351683
[00:03:53] Bootstrap tree #400, logLikelihood: -11750.081767
[00:03:54] Bootstrap tree #401, logLikelihood: -11764.266239
[00:03:55] Bootstrap tree #402, logLikelihood: -11691.500916
[00:03:55] Bootstrap tree #403, logLikelihood: -11620.413834
[00:03:56] Bootstrap tree #404, logLikelihood: -11628.087369
[00:03:57] Bootstrap tree #405, logLikelihood: -11648.256887
[00:03:57] Bootstrap tree #406, logLikelihood: -11791.291749
[00:03:58] Bootstrap tree #407, logLikelihood: -11540.530576
[00:03:58] Bootstrap tree #408, logLikelihood: -11802.118120
[00:03:59] Bootstrap tree #409, logLikelihood: -11657.743024
[00:03:59] Bootstrap tree #410, logLikelihood: -11710.338257
[00:04:00] Bootstrap tree #411, logLikelihood: -11578.167450
[00:04:00] Bootstrap tree #412, logLikelihood: -11781.505959
[00:04:01] Bootstrap tree #413, logLikelihood: -11773.438977
[00:04:01] Bootstrap tree #414, logLikelihood: -11497.722786
[00:04:02] Bootstrap tree #415, logLikelihood: -11226.133560
[00:04:02] Bootstrap tree #416, logLikelihood: -11819.609348
[00:04:03] Bootstrap tree #417, logLikelihood: -11823.958473
[00:04:04] Bootstrap tree #418, logLikelihood: -12055.371988
[00:04:04] Bootstrap tree #419, logLikelihood: -11483.085966
[00:04:05] Bootstrap tree #420, logLikelihood: -11703.618539
[00:04:05] Bootstrap tree #421, logLikelihood: -11434.591423
[00:04:06] Bootstrap tree #422, logLikelihood: -11888.485850
[00:04:06] Bootstrap tree #423, logLikelihood: -11902.787327
[00:04:07] Bootstrap tree #424, logLikelihood: -11435.870099
[00:04:07] Bootstrap tree #425, logLikelihood: -11639.208822
[00:04:08] Bootstrap tree #426, logLikelihood: -11554.646607
[00:04:08] Bootstrap tree #427, logLikelihood: -11785.968019
[00:04:09] Bootstrap tree #428, logLikelihood: -11877.292751
[00:04:10] Bootstrap tree #429, logLikelihood: -11581.156080
[00:04:11] Bootstrap tree #430, logLikelihood: -11970.406696
[00:04:11] Bootstrap tree #431, logLikelihood: -11912.546184
[00:04:12] Bootstrap tree #432, logLikelihood: -11702.287992
[00:04:12] Bootstrap tree #433, logLikelihood: -11472.317805
[00:04:13] Bootstrap tree #434, logLikelihood: -12011.749189
[00:04:13] Bootstrap tree #435, logLikelihood: -11700.653948
[00:04:14] Bootstrap tree #436, logLikelihood: -11632.614101
[00:04:14] Bootstrap tree #437, logLikelihood: -11624.087438
[00:04:15] Bootstrap tree #438, logLikelihood: -11782.441971
[00:04:15] Bootstrap tree #439, logLikelihood: -11605.614031
[00:04:16] Bootstrap tree #440, logLikelihood: -11773.180761
[00:04:17] Bootstrap tree #441, logLikelihood: -11531.912893
[00:04:17] Bootstrap tree #442, logLikelihood: -11951.240692
[00:04:18] Bootstrap tree #443, logLikelihood: -11847.934291
[00:04:18] Bootstrap tree #444, logLikelihood: -11971.147530
[00:04:19] Bootstrap tree #445, logLikelihood: -12067.555001
[00:04:19] Bootstrap tree #446, logLikelihood: -11823.831655
[00:04:20] Bootstrap tree #447, logLikelihood: -11384.682491
[00:04:20] Bootstrap tree #448, logLikelihood: -11580.750791
[00:04:21] Bootstrap tree #449, logLikelihood: -11795.481281
[00:04:22] Bootstrap tree #450, logLikelihood: -11904.815965
[00:04:22] Bootstrap tree #451, logLikelihood: -11782.649043
[00:04:23] Bootstrap tree #452, logLikelihood: -11883.880245
[00:04:23] Bootstrap tree #453, logLikelihood: -11582.870471
[00:04:23] Bootstrap tree #454, logLikelihood: -11520.453312
[00:04:24] Bootstrap tree #455, logLikelihood: -11383.500786
[00:04:25] Bootstrap tree #456, logLikelihood: -11758.208726
[00:04:25] Bootstrap tree #457, logLikelihood: -11748.254346
[00:04:26] Bootstrap tree #458, logLikelihood: -12024.002614
[00:04:26] Bootstrap tree #459, logLikelihood: -11723.257584
[00:04:27] Bootstrap tree #460, logLikelihood: -11929.426545
[00:04:27] Bootstrap tree #461, logLikelihood: -11886.420540
[00:04:28] Bootstrap tree #462, logLikelihood: -11850.645682
[00:04:28] Bootstrap tree #463, logLikelihood: -11680.412949
[00:04:29] Bootstrap tree #464, logLikelihood: -11851.318446
[00:04:30] Bootstrap tree #465, logLikelihood: -11560.442737
[00:04:30] Bootstrap tree #466, logLikelihood: -11749.285193
[00:04:31] Bootstrap tree #467, logLikelihood: -11533.025952
[00:04:31] Bootstrap tree #468, logLikelihood: -11661.760872
[00:04:32] Bootstrap tree #469, logLikelihood: -12029.190255
[00:04:32] Bootstrap tree #470, logLikelihood: -11842.561655
[00:04:33] Bootstrap tree #471, logLikelihood: -11556.297424
[00:04:34] Bootstrap tree #472, logLikelihood: -11761.136495
[00:04:34] Bootstrap tree #473, logLikelihood: -11600.399555
[00:04:35] Bootstrap tree #474, logLikelihood: -11672.910090
[00:04:35] Bootstrap tree #475, logLikelihood: -11683.796523
[00:04:36] Bootstrap tree #476, logLikelihood: -11671.682970
[00:04:37] Bootstrap tree #477, logLikelihood: -11952.342772
[00:04:37] Bootstrap tree #478, logLikelihood: -11689.381775
[00:04:38] Bootstrap tree #479, logLikelihood: -11743.084230
[00:04:38] Bootstrap tree #480, logLikelihood: -11896.796333
[00:04:39] Bootstrap tree #481, logLikelihood: -11663.577689
[00:04:40] Bootstrap tree #482, logLikelihood: -11757.265834
[00:04:40] Bootstrap tree #483, logLikelihood: -11727.532296
[00:04:41] Bootstrap tree #484, logLikelihood: -11561.307319
[00:04:41] Bootstrap tree #485, logLikelihood: -11690.625266
[00:04:42] Bootstrap tree #486, logLikelihood: -11549.711425
[00:04:42] Bootstrap tree #487, logLikelihood: -11750.417788
[00:04:43] Bootstrap tree #488, logLikelihood: -11672.902755
[00:04:43] Bootstrap tree #489, logLikelihood: -11550.709616
[00:04:44] Bootstrap tree #490, logLikelihood: -11688.037425
[00:04:44] Bootstrap tree #491, logLikelihood: -11548.923247
[00:04:45] Bootstrap tree #492, logLikelihood: -11565.482220
[00:04:45] Bootstrap tree #493, logLikelihood: -11669.387115
[00:04:46] Bootstrap tree #494, logLikelihood: -11945.623114
[00:04:47] Bootstrap tree #495, logLikelihood: -11638.144427
[00:04:47] Bootstrap tree #496, logLikelihood: -11749.283479
[00:04:48] Bootstrap tree #497, logLikelihood: -12048.254048
[00:04:48] Bootstrap tree #498, logLikelihood: -11345.718143
[00:04:49] Bootstrap tree #499, logLikelihood: -11555.156504
[00:04:49] Bootstrap tree #500, logLikelihood: -11944.036191
[00:04:50] Bootstrap tree #501, logLikelihood: -11814.974640
[00:04:51] Bootstrap tree #502, logLikelihood: -11848.567555
[00:04:51] Bootstrap tree #503, logLikelihood: -12139.054000
[00:04:52] Bootstrap tree #504, logLikelihood: -11685.246233
[00:04:52] Bootstrap tree #505, logLikelihood: -11826.279045
[00:04:53] Bootstrap tree #506, logLikelihood: -11402.984541
[00:04:54] Bootstrap tree #507, logLikelihood: -11700.261909
[00:04:54] Bootstrap tree #508, logLikelihood: -11933.804147
[00:04:55] Bootstrap tree #509, logLikelihood: -11666.543968
[00:04:55] Bootstrap tree #510, logLikelihood: -11820.376756
[00:04:56] Bootstrap tree #511, logLikelihood: -11615.129029
[00:04:56] Bootstrap tree #512, logLikelihood: -11627.920806
[00:04:57] Bootstrap tree #513, logLikelihood: -11380.196672
[00:04:57] Bootstrap tree #514, logLikelihood: -11686.471843
[00:04:58] Bootstrap tree #515, logLikelihood: -12015.067100
[00:04:58] Bootstrap tree #516, logLikelihood: -11674.034584
[00:04:59] Bootstrap tree #517, logLikelihood: -11644.934031
[00:04:59] Bootstrap tree #518, logLikelihood: -11621.070116
[00:05:00] Bootstrap tree #519, logLikelihood: -11712.426988
[00:05:00] Bootstrap tree #520, logLikelihood: -11549.593843
[00:05:01] Bootstrap tree #521, logLikelihood: -11716.370200
[00:05:01] Bootstrap tree #522, logLikelihood: -11899.439742
[00:05:02] Bootstrap tree #523, logLikelihood: -11947.037517
[00:05:02] Bootstrap tree #524, logLikelihood: -11567.792569
[00:05:03] Bootstrap tree #525, logLikelihood: -11859.510867
[00:05:03] Bootstrap tree #526, logLikelihood: -11197.220638
[00:05:04] Bootstrap tree #527, logLikelihood: -11514.544835
[00:05:04] Bootstrap tree #528, logLikelihood: -11848.967897
[00:05:05] Bootstrap tree #529, logLikelihood: -11794.061803
[00:05:05] Bootstrap tree #530, logLikelihood: -11660.252106
[00:05:06] Bootstrap tree #531, logLikelihood: -11840.704079
[00:05:06] Bootstrap tree #532, logLikelihood: -11522.054106
[00:05:07] Bootstrap tree #533, logLikelihood: -11407.725995
[00:05:08] Bootstrap tree #534, logLikelihood: -11508.136043
[00:05:08] Bootstrap tree #535, logLikelihood: -11834.787507
[00:05:09] Bootstrap tree #536, logLikelihood: -11515.123299
[00:05:09] Bootstrap tree #537, logLikelihood: -11802.992794
[00:05:10] Bootstrap tree #538, logLikelihood: -11737.518053
[00:05:10] Bootstrap tree #539, logLikelihood: -11808.514394
[00:05:11] Bootstrap tree #540, logLikelihood: -11696.716853
[00:05:12] Bootstrap tree #541, logLikelihood: -11681.522867
[00:05:12] Bootstrap tree #542, logLikelihood: -11757.020598
[00:05:13] Bootstrap tree #543, logLikelihood: -11909.072480
[00:05:13] Bootstrap tree #544, logLikelihood: -11489.274712
[00:05:14] Bootstrap tree #545, logLikelihood: -11704.691836
[00:05:14] Bootstrap tree #546, logLikelihood: -12027.046702
[00:05:15] Bootstrap tree #547, logLikelihood: -11783.837719
[00:05:15] Bootstrap tree #548, logLikelihood: -11676.712666
[00:05:16] Bootstrap tree #549, logLikelihood: -11839.794907
[00:05:16] Bootstrap tree #550, logLikelihood: -12006.076018
[00:05:17] Bootstrap tree #551, logLikelihood: -11779.155423
[00:05:17] Bootstrap tree #552, logLikelihood: -11988.405407
[00:05:18] Bootstrap tree #553, logLikelihood: -11823.604986
[00:05:18] Bootstrap tree #554, logLikelihood: -11884.513554
[00:05:19] Bootstrap tree #555, logLikelihood: -12008.245237
[00:05:19] Bootstrap tree #556, logLikelihood: -11694.810055
[00:05:20] Bootstrap tree #557, logLikelihood: -11725.100353
[00:05:21] Bootstrap tree #558, logLikelihood: -11644.617305
[00:05:21] Bootstrap tree #559, logLikelihood: -11945.049912
[00:05:22] Bootstrap tree #560, logLikelihood: -11610.008284
[00:05:22] Bootstrap tree #561, logLikelihood: -11725.262222
[00:05:23] Bootstrap tree #562, logLikelihood: -11405.191040
[00:05:23] Bootstrap tree #563, logLikelihood: -11617.420823
[00:05:24] Bootstrap tree #564, logLikelihood: -11808.368844
[00:05:24] Bootstrap tree #565, logLikelihood: -11432.450516
[00:05:25] Bootstrap tree #566, logLikelihood: -11359.955902
[00:05:25] Bootstrap tree #567, logLikelihood: -11586.131730
[00:05:26] Bootstrap tree #568, logLikelihood: -11901.173572
[00:05:26] Bootstrap tree #569, logLikelihood: -11815.442979
[00:05:27] Bootstrap tree #570, logLikelihood: -11712.395566
[00:05:28] Bootstrap tree #571, logLikelihood: -12062.982112
[00:05:28] Bootstrap tree #572, logLikelihood: -11586.756975
[00:05:29] Bootstrap tree #573, logLikelihood: -11674.959816
[00:05:29] Bootstrap tree #574, logLikelihood: -11512.033301
[00:05:30] Bootstrap tree #575, logLikelihood: -11333.009598
[00:05:30] Bootstrap tree #576, logLikelihood: -11786.247874
[00:05:31] Bootstrap tree #577, logLikelihood: -11627.474498
[00:05:32] Bootstrap tree #578, logLikelihood: -11756.656801
[00:05:33] Bootstrap tree #579, logLikelihood: -11663.718814
[00:05:33] Bootstrap tree #580, logLikelihood: -11819.366345
[00:05:34] Bootstrap tree #581, logLikelihood: -11530.125793
[00:05:35] Bootstrap tree #582, logLikelihood: -11730.714634
[00:05:35] Bootstrap tree #583, logLikelihood: -11612.823828
[00:05:36] Bootstrap tree #584, logLikelihood: -11846.559836
[00:05:36] Bootstrap tree #585, logLikelihood: -11543.177178
[00:05:37] Bootstrap tree #586, logLikelihood: -11944.411007
[00:05:37] Bootstrap tree #587, logLikelihood: -11787.857020
[00:05:38] Bootstrap tree #588, logLikelihood: -11840.130614
[00:05:38] Bootstrap tree #589, logLikelihood: -11627.520108
[00:05:39] Bootstrap tree #590, logLikelihood: -11932.915329
[00:05:39] Bootstrap tree #591, logLikelihood: -11646.109811
[00:05:40] Bootstrap tree #592, logLikelihood: -11963.253071
[00:05:41] Bootstrap tree #593, logLikelihood: -11947.474978
[00:05:41] Bootstrap tree #594, logLikelihood: -12038.247147
[00:05:42] Bootstrap tree #595, logLikelihood: -11613.005965
[00:05:42] Bootstrap tree #596, logLikelihood: -11701.912775
[00:05:43] Bootstrap tree #597, logLikelihood: -11536.716160
[00:05:44] Bootstrap tree #598, logLikelihood: -11696.414351
[00:05:44] Bootstrap tree #599, logLikelihood: -12012.907011
[00:05:45] Bootstrap tree #600, logLikelihood: -11628.363094
[00:05:45] Bootstrap tree #601, logLikelihood: -11676.569317
[00:05:46] Bootstrap tree #602, logLikelihood: -11570.555228
[00:05:46] Bootstrap tree #603, logLikelihood: -11504.350747
[00:05:47] Bootstrap tree #604, logLikelihood: -11897.731536
[00:05:48] Bootstrap tree #605, logLikelihood: -11820.603627
[00:05:48] Bootstrap tree #606, logLikelihood: -11853.860616
[00:05:49] Bootstrap tree #607, logLikelihood: -11681.977848
[00:05:50] Bootstrap tree #608, logLikelihood: -11703.747434
[00:05:50] Bootstrap tree #609, logLikelihood: -11902.523812
[00:05:51] Bootstrap tree #610, logLikelihood: -11514.505068
[00:05:51] Bootstrap tree #611, logLikelihood: -11767.254498
[00:05:52] Bootstrap tree #612, logLikelihood: -11976.665053
[00:05:53] Bootstrap tree #613, logLikelihood: -12172.978705
[00:05:53] Bootstrap tree #614, logLikelihood: -11942.166756
[00:05:54] Bootstrap tree #615, logLikelihood: -11476.166413
[00:05:54] Bootstrap tree #616, logLikelihood: -11607.252647
[00:05:55] Bootstrap tree #617, logLikelihood: -11758.719256
[00:05:56] Bootstrap tree #618, logLikelihood: -11651.549765
[00:05:56] Bootstrap tree #619, logLikelihood: -11774.856234
[00:05:57] Bootstrap tree #620, logLikelihood: -11950.826497
[00:05:57] Bootstrap tree #621, logLikelihood: -11816.675426
[00:05:58] Bootstrap tree #622, logLikelihood: -11435.344894
[00:05:59] Bootstrap tree #623, logLikelihood: -11469.295641
[00:05:59] Bootstrap tree #624, logLikelihood: -11840.895627
[00:06:00] Bootstrap tree #625, logLikelihood: -11572.987394
[00:06:00] Bootstrap tree #626, logLikelihood: -11706.960521
[00:06:01] Bootstrap tree #627, logLikelihood: -11694.719143
[00:06:01] Bootstrap tree #628, logLikelihood: -11858.338720
[00:06:02] Bootstrap tree #629, logLikelihood: -11437.121962
[00:06:03] Bootstrap tree #630, logLikelihood: -11710.200510
[00:06:03] Bootstrap tree #631, logLikelihood: -11742.066064
[00:06:04] Bootstrap tree #632, logLikelihood: -11736.120797
[00:06:04] Bootstrap tree #633, logLikelihood: -11662.736681
[00:06:05] Bootstrap tree #634, logLikelihood: -11991.601388
[00:06:05] Bootstrap tree #635, logLikelihood: -11676.591896
[00:06:06] Bootstrap tree #636, logLikelihood: -11725.268644
[00:06:06] Bootstrap tree #637, logLikelihood: -11918.266705
[00:06:07] Bootstrap tree #638, logLikelihood: -11447.781204
[00:06:08] Bootstrap tree #639, logLikelihood: -11754.200363
[00:06:08] Bootstrap tree #640, logLikelihood: -11679.710451
[00:06:09] Bootstrap tree #641, logLikelihood: -11661.965240
[00:06:09] Bootstrap tree #642, logLikelihood: -11713.037898
[00:06:10] Bootstrap tree #643, logLikelihood: -12088.998898
[00:06:10] Bootstrap tree #644, logLikelihood: -11648.412156
[00:06:11] Bootstrap tree #645, logLikelihood: -11746.480048
[00:06:11] Bootstrap tree #646, logLikelihood: -11744.544300
[00:06:12] Bootstrap tree #647, logLikelihood: -11646.753907
[00:06:13] Bootstrap tree #648, logLikelihood: -11744.790691
[00:06:13] Bootstrap tree #649, logLikelihood: -11812.612576
[00:06:14] Bootstrap tree #650, logLikelihood: -11750.014070
[00:06:14] Bootstrap tree #651, logLikelihood: -11966.006922
[00:06:15] Bootstrap tree #652, logLikelihood: -11762.473919
[00:06:15] Bootstrap tree #653, logLikelihood: -11793.188608
[00:06:15] Bootstrap tree #654, logLikelihood: -11487.010322
[00:06:16] Bootstrap tree #655, logLikelihood: -11313.038914
[00:06:16] Bootstrap tree #656, logLikelihood: -11329.830251
[00:06:17] Bootstrap tree #657, logLikelihood: -11545.435064
[00:06:18] Bootstrap tree #658, logLikelihood: -11547.523136
[00:06:18] Bootstrap tree #659, logLikelihood: -11623.454898
[00:06:19] Bootstrap tree #660, logLikelihood: -11447.417142
[00:06:19] Bootstrap tree #661, logLikelihood: -11691.470281
[00:06:20] Bootstrap tree #662, logLikelihood: -11892.435050
[00:06:20] Bootstrap tree #663, logLikelihood: -11989.003071
[00:06:21] Bootstrap tree #664, logLikelihood: -11700.851627
[00:06:21] Bootstrap tree #665, logLikelihood: -12021.037320
[00:06:22] Bootstrap tree #666, logLikelihood: -11286.994562
[00:06:22] Bootstrap tree #667, logLikelihood: -11541.188916
[00:06:23] Bootstrap tree #668, logLikelihood: -11987.494329
[00:06:23] Bootstrap tree #669, logLikelihood: -11727.117875
[00:06:24] Bootstrap tree #670, logLikelihood: -11782.713847
[00:06:24] Bootstrap tree #671, logLikelihood: -11626.466955
[00:06:25] Bootstrap tree #672, logLikelihood: -11767.651688
[00:06:25] Bootstrap tree #673, logLikelihood: -11642.882264
[00:06:26] Bootstrap tree #674, logLikelihood: -11787.899138
[00:06:26] Bootstrap tree #675, logLikelihood: -11666.475760
[00:06:27] Bootstrap tree #676, logLikelihood: -11848.664362
[00:06:28] Bootstrap tree #677, logLikelihood: -11651.083217
[00:06:28] Bootstrap tree #678, logLikelihood: -11702.599182
[00:06:29] Bootstrap tree #679, logLikelihood: -12003.872401
[00:06:29] Bootstrap tree #680, logLikelihood: -11808.954710
[00:06:30] Bootstrap tree #681, logLikelihood: -11529.286895
[00:06:30] Bootstrap tree #682, logLikelihood: -11859.254762
[00:06:31] Bootstrap tree #683, logLikelihood: -11784.733288
[00:06:31] Bootstrap tree #684, logLikelihood: -11656.506857
[00:06:32] Bootstrap tree #685, logLikelihood: -11588.758906
[00:06:32] Bootstrap tree #686, logLikelihood: -11397.052543
[00:06:33] Bootstrap tree #687, logLikelihood: -11258.795878
[00:06:33] Bootstrap tree #688, logLikelihood: -11923.224585
[00:06:34] Bootstrap tree #689, logLikelihood: -11753.697701
[00:06:34] Bootstrap tree #690, logLikelihood: -11773.550382
[00:06:35] Bootstrap tree #691, logLikelihood: -11892.992175
[00:06:35] Bootstrap tree #692, logLikelihood: -11689.830683
[00:06:36] Bootstrap tree #693, logLikelihood: -11459.119744
[00:06:37] Bootstrap tree #694, logLikelihood: -11755.083423
[00:06:37] Bootstrap tree #695, logLikelihood: -11514.229965
[00:06:38] Bootstrap tree #696, logLikelihood: -11682.074692
[00:06:39] Bootstrap tree #697, logLikelihood: -11879.169123
[00:06:39] Bootstrap tree #698, logLikelihood: -11578.967683
[00:06:40] Bootstrap tree #699, logLikelihood: -11587.530391
[00:06:40] Bootstrap tree #700, logLikelihood: -11793.062525
[00:06:41] Bootstrap tree #701, logLikelihood: -11481.192049
[00:06:42] Bootstrap tree #702, logLikelihood: -11667.524382
[00:06:43] Bootstrap tree #703, logLikelihood: -11818.344593
[00:06:43] Bootstrap tree #704, logLikelihood: -11894.460539
[00:06:44] Bootstrap tree #705, logLikelihood: -11764.099509
[00:06:44] Bootstrap tree #706, logLikelihood: -11838.219795
[00:06:45] Bootstrap tree #707, logLikelihood: -11685.856447
[00:06:45] Bootstrap tree #708, logLikelihood: -11544.153907
[00:06:46] Bootstrap tree #709, logLikelihood: -11713.207813
[00:06:46] Bootstrap tree #710, logLikelihood: -11914.577682
[00:06:47] Bootstrap tree #711, logLikelihood: -11558.273808
[00:06:47] Bootstrap tree #712, logLikelihood: -11425.096678
[00:06:48] Bootstrap tree #713, logLikelihood: -11633.166012
[00:06:49] Bootstrap tree #714, logLikelihood: -11597.875865
[00:06:49] Bootstrap tree #715, logLikelihood: -11511.422229
[00:06:49] Bootstrap tree #716, logLikelihood: -11662.301852
[00:06:50] Bootstrap tree #717, logLikelihood: -11289.648375
[00:06:51] Bootstrap tree #718, logLikelihood: -11700.504709
[00:06:51] Bootstrap tree #719, logLikelihood: -11615.458712
[00:06:52] Bootstrap tree #720, logLikelihood: -11653.556434
[00:06:52] Bootstrap tree #721, logLikelihood: -12225.660986
[00:06:53] Bootstrap tree #722, logLikelihood: -11655.945790
[00:06:54] Bootstrap tree #723, logLikelihood: -11438.930075
[00:06:54] Bootstrap tree #724, logLikelihood: -11691.725859
[00:06:55] Bootstrap tree #725, logLikelihood: -11554.295089
[00:06:55] Bootstrap tree #726, logLikelihood: -11635.118774
[00:06:56] Bootstrap tree #727, logLikelihood: -11679.858864
[00:06:57] Bootstrap tree #728, logLikelihood: -12033.671571
[00:06:58] Bootstrap tree #729, logLikelihood: -11511.411967
[00:06:58] Bootstrap tree #730, logLikelihood: -11363.269378
[00:06:58] Bootstrap tree #731, logLikelihood: -11591.413077
[00:06:59] Bootstrap tree #732, logLikelihood: -12038.990550
[00:06:59] Bootstrap tree #733, logLikelihood: -11388.879447
[00:07:00] Bootstrap tree #734, logLikelihood: -11684.575463
[00:07:01] Bootstrap tree #735, logLikelihood: -11731.150733
[00:07:01] Bootstrap tree #736, logLikelihood: -11992.847846
[00:07:02] Bootstrap tree #737, logLikelihood: -12123.216023
[00:07:02] Bootstrap tree #738, logLikelihood: -11757.646792
[00:07:03] Bootstrap tree #739, logLikelihood: -11691.308492
[00:07:03] Bootstrap tree #740, logLikelihood: -11645.930933
[00:07:04] Bootstrap tree #741, logLikelihood: -11622.621076
[00:07:05] Bootstrap tree #742, logLikelihood: -11994.743026
[00:07:05] Bootstrap tree #743, logLikelihood: -11960.070765
[00:07:06] Bootstrap tree #744, logLikelihood: -11658.006108
[00:07:07] Bootstrap tree #745, logLikelihood: -11593.043031
[00:07:07] Bootstrap tree #746, logLikelihood: -11698.153571
[00:07:07] Bootstrap tree #747, logLikelihood: -11583.069323
[00:07:08] Bootstrap tree #748, logLikelihood: -11667.023457
[00:07:09] Bootstrap tree #749, logLikelihood: -11618.932142
[00:07:09] Bootstrap tree #750, logLikelihood: -12064.273418
[00:07:10] Bootstrap tree #751, logLikelihood: -11782.074333
[00:07:11] Bootstrap tree #752, logLikelihood: -11808.201853
[00:07:12] Bootstrap tree #753, logLikelihood: -11672.085813
[00:07:12] Bootstrap tree #754, logLikelihood: -11741.579453
[00:07:12] Bootstrap tree #755, logLikelihood: -11962.394684
[00:07:14] Bootstrap tree #756, logLikelihood: -11653.163851
[00:07:14] Bootstrap tree #757, logLikelihood: -11650.319515
[00:07:15] Bootstrap tree #758, logLikelihood: -11919.148429
[00:07:15] Bootstrap tree #759, logLikelihood: -11607.755325
[00:07:16] Bootstrap tree #760, logLikelihood: -11795.231010
[00:07:17] Bootstrap tree #761, logLikelihood: -11683.866629
[00:07:17] Bootstrap tree #762, logLikelihood: -11566.113334
[00:07:18] Bootstrap tree #763, logLikelihood: -11672.527722
[00:07:18] Bootstrap tree #764, logLikelihood: -11936.316937
[00:07:19] Bootstrap tree #765, logLikelihood: -11569.063305
[00:07:19] Bootstrap tree #766, logLikelihood: -11794.382052
[00:07:20] Bootstrap tree #767, logLikelihood: -11799.223980
[00:07:20] Bootstrap tree #768, logLikelihood: -11614.242173
[00:07:21] Bootstrap tree #769, logLikelihood: -11606.113886
[00:07:21] Bootstrap tree #770, logLikelihood: -11816.508297
[00:07:22] Bootstrap tree #771, logLikelihood: -11524.262547
[00:07:22] Bootstrap tree #772, logLikelihood: -11745.766591
[00:07:22] Bootstrap tree #773, logLikelihood: -11885.720520
[00:07:23] Bootstrap tree #774, logLikelihood: -11749.955368
[00:07:24] Bootstrap tree #775, logLikelihood: -11456.010714
[00:07:24] Bootstrap tree #776, logLikelihood: -11978.695411
[00:07:24] Bootstrap tree #777, logLikelihood: -11418.232848
[00:07:25] Bootstrap tree #778, logLikelihood: -11656.183536
[00:07:25] Bootstrap tree #779, logLikelihood: -12078.443257
[00:07:26] Bootstrap tree #780, logLikelihood: -11344.855207
[00:07:26] Bootstrap tree #781, logLikelihood: -11585.488855
[00:07:27] Bootstrap tree #782, logLikelihood: -11495.131577
[00:07:28] Bootstrap tree #783, logLikelihood: -11991.635693
[00:07:28] Bootstrap tree #784, logLikelihood: -11975.094454
[00:07:29] Bootstrap tree #785, logLikelihood: -11570.038233
[00:07:29] Bootstrap tree #786, logLikelihood: -11997.826280
[00:07:30] Bootstrap tree #787, logLikelihood: -11619.086641
[00:07:30] Bootstrap tree #788, logLikelihood: -12017.820476
[00:07:31] Bootstrap tree #789, logLikelihood: -11699.588090
[00:07:31] Bootstrap tree #790, logLikelihood: -11711.499965
[00:07:31] Bootstrap tree #791, logLikelihood: -11735.343742
[00:07:32] Bootstrap tree #792, logLikelihood: -11433.295349
[00:07:32] Bootstrap tree #793, logLikelihood: -11589.158918
[00:07:33] Bootstrap tree #794, logLikelihood: -11733.871224
[00:07:34] Bootstrap tree #795, logLikelihood: -11772.048281
[00:07:34] Bootstrap tree #796, logLikelihood: -11718.040124
[00:07:35] Bootstrap tree #797, logLikelihood: -11744.891659
[00:07:35] Bootstrap tree #798, logLikelihood: -11596.566427
[00:07:35] Bootstrap tree #799, logLikelihood: -11509.896201
[00:07:36] Bootstrap tree #800, logLikelihood: -11937.519011
[00:07:37] Bootstrap tree #801, logLikelihood: -11752.981250
[00:07:37] Bootstrap tree #802, logLikelihood: -11960.002016
[00:07:38] Bootstrap tree #803, logLikelihood: -11896.147736
[00:07:38] Bootstrap tree #804, logLikelihood: -11632.708257
[00:07:39] Bootstrap tree #805, logLikelihood: -12041.429774
[00:07:40] Bootstrap tree #806, logLikelihood: -11254.755442
[00:07:40] Bootstrap tree #807, logLikelihood: -11890.248989
[00:07:41] Bootstrap tree #808, logLikelihood: -11867.929665
[00:07:42] Bootstrap tree #809, logLikelihood: -11642.522150
[00:07:42] Bootstrap tree #810, logLikelihood: -11565.273921
[00:07:43] Bootstrap tree #811, logLikelihood: -12034.818556
[00:07:43] Bootstrap tree #812, logLikelihood: -12088.379378
[00:07:44] Bootstrap tree #813, logLikelihood: -11753.315628
[00:07:45] Bootstrap tree #814, logLikelihood: -11554.675485
[00:07:46] Bootstrap tree #815, logLikelihood: -11702.630390
[00:07:46] Bootstrap tree #816, logLikelihood: -11982.310739
[00:07:47] Bootstrap tree #817, logLikelihood: -11642.150936
[00:07:47] Bootstrap tree #818, logLikelihood: -11534.084788
[00:07:48] Bootstrap tree #819, logLikelihood: -11907.954380
[00:07:48] Bootstrap tree #820, logLikelihood: -11513.941860
[00:07:49] Bootstrap tree #821, logLikelihood: -11619.341704
[00:07:50] Bootstrap tree #822, logLikelihood: -11444.045219
[00:07:50] Bootstrap tree #823, logLikelihood: -11840.056268
[00:07:51] Bootstrap tree #824, logLikelihood: -11462.439650
[00:07:51] Bootstrap tree #825, logLikelihood: -11323.397745
[00:07:52] Bootstrap tree #826, logLikelihood: -11428.741979
[00:07:52] Bootstrap tree #827, logLikelihood: -11654.790443
[00:07:53] Bootstrap tree #828, logLikelihood: -11456.341434
[00:07:53] Bootstrap tree #829, logLikelihood: -11517.916253
[00:07:54] Bootstrap tree #830, logLikelihood: -11934.566809
[00:07:54] Bootstrap tree #831, logLikelihood: -11690.601991
[00:07:55] Bootstrap tree #832, logLikelihood: -11778.034626
[00:07:55] Bootstrap tree #833, logLikelihood: -11875.908313
[00:07:56] Bootstrap tree #834, logLikelihood: -11539.817928
[00:07:56] Bootstrap tree #835, logLikelihood: -11627.423485
[00:07:57] Bootstrap tree #836, logLikelihood: -11711.832933
[00:07:58] Bootstrap tree #837, logLikelihood: -11980.999932
[00:07:58] Bootstrap tree #838, logLikelihood: -11683.529600
[00:07:59] Bootstrap tree #839, logLikelihood: -11988.341080
[00:08:00] Bootstrap tree #840, logLikelihood: -11697.447895
[00:08:01] Bootstrap tree #841, logLikelihood: -11927.058489
[00:08:01] Bootstrap tree #842, logLikelihood: -11681.391670
[00:08:02] Bootstrap tree #843, logLikelihood: -11938.961750
[00:08:02] Bootstrap tree #844, logLikelihood: -11804.749832
[00:08:03] Bootstrap tree #845, logLikelihood: -11292.092643
[00:08:03] Bootstrap tree #846, logLikelihood: -11834.546073
[00:08:04] Bootstrap tree #847, logLikelihood: -11496.088887
[00:08:04] Bootstrap tree #848, logLikelihood: -11915.138151
[00:08:05] Bootstrap tree #849, logLikelihood: -11541.229995
[00:08:06] Bootstrap tree #850, logLikelihood: -11556.563816
[00:08:06] Bootstrap tree #851, logLikelihood: -11437.087649
[00:08:07] Bootstrap tree #852, logLikelihood: -12080.713119
[00:08:07] Bootstrap tree #853, logLikelihood: -11478.324806
[00:08:08] Bootstrap tree #854, logLikelihood: -11495.362289
[00:08:08] Bootstrap tree #855, logLikelihood: -11792.017975
[00:08:09] Bootstrap tree #856, logLikelihood: -11833.959420
[00:08:10] Bootstrap tree #857, logLikelihood: -11748.745322
[00:08:10] Bootstrap tree #858, logLikelihood: -11652.181261
[00:08:11] Bootstrap tree #859, logLikelihood: -12065.780841
[00:08:11] Bootstrap tree #860, logLikelihood: -11628.024566
[00:08:12] Bootstrap tree #861, logLikelihood: -11593.529120
[00:08:12] Bootstrap tree #862, logLikelihood: -11785.268090
[00:08:13] Bootstrap tree #863, logLikelihood: -11975.788546
[00:08:13] Bootstrap tree #864, logLikelihood: -11854.640906
[00:08:14] Bootstrap tree #865, logLikelihood: -11974.554655
[00:08:15] Bootstrap tree #866, logLikelihood: -11762.124147
[00:08:15] Bootstrap tree #867, logLikelihood: -11694.310375
[00:08:16] Bootstrap tree #868, logLikelihood: -11808.023667
[00:08:17] Bootstrap tree #869, logLikelihood: -11241.726348
[00:08:17] Bootstrap tree #870, logLikelihood: -11622.666811
[00:08:18] Bootstrap tree #871, logLikelihood: -12031.823371
[00:08:19] Bootstrap tree #872, logLikelihood: -11779.088436
[00:08:19] Bootstrap tree #873, logLikelihood: -11729.988926
[00:08:20] Bootstrap tree #874, logLikelihood: -11661.837993
[00:08:20] Bootstrap tree #875, logLikelihood: -11622.789638
[00:08:21] Bootstrap tree #876, logLikelihood: -11633.202097
[00:08:22] Bootstrap tree #877, logLikelihood: -11937.400499
[00:08:22] Bootstrap tree #878, logLikelihood: -11737.261987
[00:08:23] Bootstrap tree #879, logLikelihood: -11822.721327
[00:08:24] Bootstrap tree #880, logLikelihood: -11935.322983
[00:08:24] Bootstrap tree #881, logLikelihood: -11927.026833
[00:08:25] Bootstrap tree #882, logLikelihood: -11775.415664
[00:08:25] Bootstrap tree #883, logLikelihood: -11917.343338
[00:08:26] Bootstrap tree #884, logLikelihood: -11438.951872
[00:08:27] Bootstrap tree #885, logLikelihood: -11736.676002
[00:08:27] Bootstrap tree #886, logLikelihood: -11486.235297
[00:08:28] Bootstrap tree #887, logLikelihood: -11608.185182
[00:08:28] Bootstrap tree #888, logLikelihood: -11372.253221
[00:08:29] Bootstrap tree #889, logLikelihood: -11471.845336
[00:08:30] Bootstrap tree #890, logLikelihood: -11695.832053
[00:08:30] Bootstrap tree #891, logLikelihood: -11448.428258
[00:08:30] Bootstrap tree #892, logLikelihood: -11915.827908
[00:08:31] Bootstrap tree #893, logLikelihood: -11882.976872
[00:08:32] Bootstrap tree #894, logLikelihood: -11926.454698
[00:08:32] Bootstrap tree #895, logLikelihood: -11756.545511
[00:08:33] Bootstrap tree #896, logLikelihood: -12087.699500
[00:08:34] Bootstrap tree #897, logLikelihood: -11798.757903
[00:08:35] Bootstrap tree #898, logLikelihood: -11779.647319
[00:08:35] Bootstrap tree #899, logLikelihood: -11811.625958
[00:08:36] Bootstrap tree #900, logLikelihood: -11553.096194
[00:08:36] Bootstrap tree #901, logLikelihood: -11672.889113
[00:08:37] Bootstrap tree #902, logLikelihood: -11958.952242
[00:08:37] Bootstrap tree #903, logLikelihood: -11971.057221
[00:08:38] Bootstrap tree #904, logLikelihood: -11509.290534
[00:08:38] Bootstrap tree #905, logLikelihood: -11929.537480
[00:08:39] Bootstrap tree #906, logLikelihood: -11754.629685
[00:08:40] Bootstrap tree #907, logLikelihood: -11940.790718
[00:08:40] Bootstrap tree #908, logLikelihood: -12024.158339
[00:08:41] Bootstrap tree #909, logLikelihood: -11763.099072
[00:08:41] Bootstrap tree #910, logLikelihood: -11565.305241
[00:08:42] Bootstrap tree #911, logLikelihood: -11948.819197
[00:08:42] Bootstrap tree #912, logLikelihood: -11928.945579
[00:08:43] Bootstrap tree #913, logLikelihood: -11350.833885
[00:08:43] Bootstrap tree #914, logLikelihood: -11522.294107
[00:08:44] Bootstrap tree #915, logLikelihood: -11615.562387
[00:08:44] Bootstrap tree #916, logLikelihood: -11503.792054
[00:08:45] Bootstrap tree #917, logLikelihood: -11687.340783
[00:08:46] Bootstrap tree #918, logLikelihood: -11651.589158
[00:08:46] Bootstrap tree #919, logLikelihood: -11471.916786
[00:08:47] Bootstrap tree #920, logLikelihood: -11555.578891
[00:08:48] Bootstrap tree #921, logLikelihood: -11727.763060
[00:08:48] Bootstrap tree #922, logLikelihood: -11419.188772
[00:08:49] Bootstrap tree #923, logLikelihood: -11549.098944
[00:08:49] Bootstrap tree #924, logLikelihood: -11563.875408
[00:08:50] Bootstrap tree #925, logLikelihood: -11476.733810
[00:08:50] Bootstrap tree #926, logLikelihood: -11589.855798
[00:08:51] Bootstrap tree #927, logLikelihood: -11241.534941
[00:08:52] Bootstrap tree #928, logLikelihood: -11785.386444
[00:08:52] Bootstrap tree #929, logLikelihood: -11687.840368
[00:08:53] Bootstrap tree #930, logLikelihood: -11549.503732
[00:08:53] Bootstrap tree #931, logLikelihood: -11829.624931
[00:08:54] Bootstrap tree #932, logLikelihood: -11843.478162
[00:08:54] Bootstrap tree #933, logLikelihood: -11940.934244
[00:08:55] Bootstrap tree #934, logLikelihood: -11758.453427
[00:08:56] Bootstrap tree #935, logLikelihood: -11987.044609
[00:08:56] Bootstrap tree #936, logLikelihood: -11618.069646
[00:08:57] Bootstrap tree #937, logLikelihood: -11448.162906
[00:08:57] Bootstrap tree #938, logLikelihood: -11536.581255
[00:08:58] Bootstrap tree #939, logLikelihood: -11718.525142
[00:08:58] Bootstrap tree #940, logLikelihood: -11695.982732
[00:08:59] Bootstrap tree #941, logLikelihood: -11545.840564
[00:09:00] Bootstrap tree #942, logLikelihood: -11814.762801
[00:09:01] Bootstrap tree #943, logLikelihood: -11496.817001
[00:09:01] Bootstrap tree #944, logLikelihood: -11683.247811
[00:09:02] Bootstrap tree #945, logLikelihood: -11575.077188
[00:09:02] Bootstrap tree #946, logLikelihood: -11425.786654
[00:09:03] Bootstrap tree #947, logLikelihood: -11471.076669
[00:09:04] Bootstrap tree #948, logLikelihood: -11630.218201
[00:09:04] Bootstrap tree #949, logLikelihood: -11540.679438
[00:09:05] Bootstrap tree #950, logLikelihood: -11654.566858
[00:09:06] Bootstrap tree #951, logLikelihood: -11906.716044
[00:09:06] Bootstrap tree #952, logLikelihood: -11703.385259
[00:09:06] Bootstrap tree #953, logLikelihood: -11936.133353
[00:09:07] Bootstrap tree #954, logLikelihood: -11542.312490
[00:09:08] Bootstrap tree #955, logLikelihood: -11532.795746
[00:09:08] Bootstrap tree #956, logLikelihood: -11827.965307
[00:09:09] Bootstrap tree #957, logLikelihood: -11766.021362
[00:09:09] Bootstrap tree #958, logLikelihood: -11335.415602
[00:09:10] Bootstrap tree #959, logLikelihood: -11806.182643
[00:09:11] Bootstrap tree #960, logLikelihood: -11974.976883
[00:09:11] Bootstrap tree #961, logLikelihood: -11576.307057
[00:09:11] Bootstrap tree #962, logLikelihood: -11635.079304
[00:09:12] Bootstrap tree #963, logLikelihood: -11615.553332
[00:09:13] Bootstrap tree #964, logLikelihood: -11548.905175
[00:09:13] Bootstrap tree #965, logLikelihood: -11846.038045
[00:09:14] Bootstrap tree #966, logLikelihood: -11708.228789
[00:09:14] Bootstrap tree #967, logLikelihood: -11594.380812
[00:09:15] Bootstrap tree #968, logLikelihood: -11919.625205
[00:09:15] Bootstrap tree #969, logLikelihood: -11693.866629
[00:09:16] Bootstrap tree #970, logLikelihood: -11629.924790
[00:09:16] Bootstrap tree #971, logLikelihood: -11787.545758
[00:09:17] Bootstrap tree #972, logLikelihood: -11890.016167
[00:09:17] Bootstrap tree #973, logLikelihood: -11895.036029
[00:09:18] Bootstrap tree #974, logLikelihood: -11558.583261
[00:09:18] Bootstrap tree #975, logLikelihood: -11542.524713
[00:09:19] Bootstrap tree #976, logLikelihood: -11737.564147
[00:09:20] Bootstrap tree #977, logLikelihood: -11778.755949
[00:09:20] Bootstrap tree #978, logLikelihood: -11530.293096
[00:09:21] Bootstrap tree #979, logLikelihood: -11712.728956
[00:09:21] Bootstrap tree #980, logLikelihood: -11797.172190
[00:09:22] Bootstrap tree #981, logLikelihood: -12010.139456
[00:09:23] Bootstrap tree #982, logLikelihood: -11833.072175
[00:09:23] Bootstrap tree #983, logLikelihood: -11487.360880
[00:09:24] Bootstrap tree #984, logLikelihood: -11674.817558
[00:09:25] Bootstrap tree #985, logLikelihood: -11835.706520
[00:09:25] Bootstrap tree #986, logLikelihood: -11666.974948
[00:09:26] Bootstrap tree #987, logLikelihood: -11615.545938
[00:09:26] Bootstrap tree #988, logLikelihood: -11434.045867
[00:09:27] Bootstrap tree #989, logLikelihood: -11800.385748
[00:09:28] Bootstrap tree #990, logLikelihood: -11530.149555
[00:09:28] Bootstrap tree #991, logLikelihood: -11533.884269
[00:09:29] Bootstrap tree #992, logLikelihood: -11769.926566
[00:09:29] Bootstrap tree #993, logLikelihood: -11627.439465
[00:09:30] Bootstrap tree #994, logLikelihood: -11997.773434
[00:09:30] Bootstrap tree #995, logLikelihood: -11545.262846
[00:09:31] Bootstrap tree #996, logLikelihood: -11723.329350
[00:09:31] Bootstrap tree #997, logLikelihood: -12036.415502
[00:09:32] Bootstrap tree #998, logLikelihood: -11910.108092
[00:09:33] Bootstrap tree #999, logLikelihood: -11797.423194
[00:09:33] Bootstrap tree #1000, logLikelihood: -11643.252555

Optimized model parameters:

   Partition 0: noname
   Rate heterogeneity: GAMMA (4 cats, mean),  alpha: 1.214870 (ML),  weights&rates: (0.250000,0.177737) (0.250000,0.533015) (0.250000,1.028137) (0.250000,2.261111) 
   Base frequencies (ML): 0.254647 0.230836 0.288813 0.225703 
   Substitution rates (ML): 1.361879 3.572514 1.338360 1.505290 3.729863 1.000000 


Final LogLikelihood: -11752.407718

AIC score: 23560.815436 / AICc score: 23562.059880 / BIC score: 23706.301678
Free parameters (model + branch lengths): 28

Best ML tree saved to: /home/seddik/Documents/Synesth/iter6/all_Cas_trees/Cmr4/Tree.raxml.bestTree
All ML trees saved to: /home/seddik/Documents/Synesth/iter6/all_Cas_trees/Cmr4/Tree.raxml.mlTrees
Best ML tree with Felsenstein bootstrap (FBP) support values saved to: /home/seddik/Documents/Synesth/iter6/all_Cas_trees/Cmr4/Tree.raxml.support
Optimized model saved to: /home/seddik/Documents/Synesth/iter6/all_Cas_trees/Cmr4/Tree.raxml.bestModel
Bootstrap trees saved to: /home/seddik/Documents/Synesth/iter6/all_Cas_trees/Cmr4/Tree.raxml.bootstraps

Execution log saved to: /home/seddik/Documents/Synesth/iter6/all_Cas_trees/Cmr4/Tree.raxml.log

Analysis started: 30-Jul-2024 17:57:50 / finished: 30-Jul-2024 18:07:24

Elapsed time: 573.921 seconds

