
RAxML-NG v. 0.9.0 released on 20.05.2019 by The Exelixis Lab.
Developed by: Alexey M. Kozlov and Alexandros Stamatakis.
Contributors: Diego Darriba, Tomas Flouri, Benoit Morel, Sarah Lutteropp, Ben Bettisworth.
Latest version: https://github.com/amkozlov/raxml-ng
Questions/problems/suggestions? Please visit: https://groups.google.com/forum/#!forum/raxml

RAxML-NG was called at 30-Jul-2024 18:31:18 as follows:

raxml-ng --all --msa all_Cas_aligned/all_Csm3_aligned.fna --model GTR+G --bs-trees 1000 --threads 4 --prefix all_Cas_trees/Csm3/Tree

Analysis options:
  run mode: ML tree search + bootstrapping (Felsenstein Bootstrap)
  start tree(s): random (10) + parsimony (10)
  bootstrap replicates: 1000
  random seed: 1722378678
  tip-inner: OFF
  pattern compression: ON
  per-rate scalers: OFF
  site repeats: ON
  branch lengths: proportional (ML estimate, algorithm: NR-FAST)
  SIMD kernels: AVX2
  parallelization: PTHREADS (4 threads), thread pinning: OFF

[00:00:00] Reading alignment from file: all_Cas_aligned/all_Csm3_aligned.fna
[00:00:00] Loaded alignment with 10 taxa and 1921 sites

Alignment comprises 1 partitions and 1511 patterns

Partition 0: noname
Model: GTR+FO+G4m
Alignment sites / patterns: 1921 / 1511
Gaps: 42.86 %
Invariant sites: 21.29 %


NOTE: Binary MSA file created: all_Cas_trees/Csm3/Tree.raxml.rba

[00:00:00] Generating 10 random starting tree(s) with 10 taxa
[00:00:00] Generating 10 parsimony starting tree(s) with 10 taxa
[00:00:00] Data distribution: max. partitions/sites/weight per thread: 1 / 378 / 6048

Starting ML tree search with 20 distinct starting trees

[00:00:01] ML tree search #1, logLikelihood: -13935.465794
[00:00:02] ML tree search #2, logLikelihood: -13935.464995
[00:00:04] ML tree search #3, logLikelihood: -13935.422574
[00:00:05] ML tree search #4, logLikelihood: -13944.013292
[00:00:07] ML tree search #5, logLikelihood: -13935.443946
[00:00:08] ML tree search #6, logLikelihood: -13935.430130
[00:00:10] ML tree search #7, logLikelihood: -13935.504660
[00:00:11] ML tree search #8, logLikelihood: -13935.435102
[00:00:12] ML tree search #9, logLikelihood: -13935.439956
[00:00:14] ML tree search #10, logLikelihood: -13935.495612
[00:00:15] ML tree search #11, logLikelihood: -13935.465257
[00:00:17] ML tree search #12, logLikelihood: -13935.450455
[00:00:18] ML tree search #13, logLikelihood: -13935.444436
[00:00:19] ML tree search #14, logLikelihood: -13935.511780
[00:00:21] ML tree search #15, logLikelihood: -13935.500325
[00:00:23] ML tree search #16, logLikelihood: -13935.444936
[00:00:24] ML tree search #17, logLikelihood: -13935.426949
[00:00:25] ML tree search #18, logLikelihood: -13935.480281
[00:00:27] ML tree search #19, logLikelihood: -13935.501159
[00:00:28] ML tree search #20, logLikelihood: -13935.454107

[00:00:28] ML tree search completed, best tree logLH: -13935.422574

[00:00:28] Starting bootstrapping analysis with 1000 replicates.

[00:00:29] Bootstrap tree #1, logLikelihood: -13640.443761
[00:00:30] Bootstrap tree #2, logLikelihood: -13964.061986
[00:00:31] Bootstrap tree #3, logLikelihood: -13449.694689
[00:00:32] Bootstrap tree #4, logLikelihood: -14206.641158
[00:00:33] Bootstrap tree #5, logLikelihood: -13572.337572
[00:00:34] Bootstrap tree #6, logLikelihood: -13833.849026
[00:00:35] Bootstrap tree #7, logLikelihood: -14133.777893
[00:00:36] Bootstrap tree #8, logLikelihood: -14017.755479
[00:00:36] Bootstrap tree #9, logLikelihood: -13846.564825
[00:00:37] Bootstrap tree #10, logLikelihood: -13746.635256
[00:00:39] Bootstrap tree #11, logLikelihood: -13875.083953
[00:00:39] Bootstrap tree #12, logLikelihood: -14081.778369
[00:00:40] Bootstrap tree #13, logLikelihood: -14057.037293
[00:00:41] Bootstrap tree #14, logLikelihood: -13865.276162
[00:00:42] Bootstrap tree #15, logLikelihood: -13888.756103
[00:00:43] Bootstrap tree #16, logLikelihood: -13681.990272
[00:00:44] Bootstrap tree #17, logLikelihood: -14230.848558
[00:00:45] Bootstrap tree #18, logLikelihood: -14265.358444
[00:00:46] Bootstrap tree #19, logLikelihood: -13882.426074
[00:00:47] Bootstrap tree #20, logLikelihood: -14115.751509
[00:00:48] Bootstrap tree #21, logLikelihood: -13717.434498
[00:00:49] Bootstrap tree #22, logLikelihood: -13897.096489
[00:00:50] Bootstrap tree #23, logLikelihood: -13686.173465
[00:00:51] Bootstrap tree #24, logLikelihood: -13837.483562
[00:00:52] Bootstrap tree #25, logLikelihood: -13903.070540
[00:00:53] Bootstrap tree #26, logLikelihood: -14094.792331
[00:00:54] Bootstrap tree #27, logLikelihood: -14063.739891
[00:00:55] Bootstrap tree #28, logLikelihood: -13872.710783
[00:00:56] Bootstrap tree #29, logLikelihood: -13878.037739
[00:00:57] Bootstrap tree #30, logLikelihood: -13887.035099
[00:00:58] Bootstrap tree #31, logLikelihood: -14029.571160
[00:00:59] Bootstrap tree #32, logLikelihood: -14110.861382
[00:00:59] Bootstrap tree #33, logLikelihood: -13805.372003
[00:01:00] Bootstrap tree #34, logLikelihood: -14025.470195
[00:01:01] Bootstrap tree #35, logLikelihood: -13837.822711
[00:01:02] Bootstrap tree #36, logLikelihood: -13691.461717
[00:01:03] Bootstrap tree #37, logLikelihood: -14282.425309
[00:01:04] Bootstrap tree #38, logLikelihood: -13519.812681
[00:01:05] Bootstrap tree #39, logLikelihood: -13808.641917
[00:01:06] Bootstrap tree #40, logLikelihood: -13670.288692
[00:01:07] Bootstrap tree #41, logLikelihood: -14150.484775
[00:01:08] Bootstrap tree #42, logLikelihood: -13742.667073
[00:01:09] Bootstrap tree #43, logLikelihood: -13961.363354
[00:01:10] Bootstrap tree #44, logLikelihood: -13869.725890
[00:01:11] Bootstrap tree #45, logLikelihood: -13768.533445
[00:01:11] Bootstrap tree #46, logLikelihood: -13820.802652
[00:01:13] Bootstrap tree #47, logLikelihood: -13986.250639
[00:01:14] Bootstrap tree #48, logLikelihood: -13827.885166
[00:01:15] Bootstrap tree #49, logLikelihood: -13667.905155
[00:01:16] Bootstrap tree #50, logLikelihood: -13676.292471
[00:01:16] Bootstrap tree #51, logLikelihood: -13960.450091
[00:01:17] Bootstrap tree #52, logLikelihood: -14219.056961
[00:01:18] Bootstrap tree #53, logLikelihood: -13731.943488
[00:01:19] Bootstrap tree #54, logLikelihood: -13949.194508
[00:01:20] Bootstrap tree #55, logLikelihood: -13632.507151
[00:01:21] Bootstrap tree #56, logLikelihood: -13758.931188
[00:01:21] Bootstrap tree #57, logLikelihood: -13948.976491
[00:01:22] Bootstrap tree #58, logLikelihood: -13589.497956
[00:01:23] Bootstrap tree #59, logLikelihood: -14056.417981
[00:01:24] Bootstrap tree #60, logLikelihood: -14194.981948
[00:01:26] Bootstrap tree #61, logLikelihood: -13674.058445
[00:01:27] Bootstrap tree #62, logLikelihood: -13845.741364
[00:01:28] Bootstrap tree #63, logLikelihood: -14033.560169
[00:01:29] Bootstrap tree #64, logLikelihood: -13691.515797
[00:01:30] Bootstrap tree #65, logLikelihood: -13732.534933
[00:01:31] Bootstrap tree #66, logLikelihood: -14102.173451
[00:01:32] Bootstrap tree #67, logLikelihood: -13966.784339
[00:01:33] Bootstrap tree #68, logLikelihood: -13950.730861
[00:01:34] Bootstrap tree #69, logLikelihood: -13663.832116
[00:01:35] Bootstrap tree #70, logLikelihood: -14193.089749
[00:01:36] Bootstrap tree #71, logLikelihood: -13743.476510
[00:01:37] Bootstrap tree #72, logLikelihood: -14248.188636
[00:01:38] Bootstrap tree #73, logLikelihood: -13859.011338
[00:01:38] Bootstrap tree #74, logLikelihood: -14002.487974
[00:01:39] Bootstrap tree #75, logLikelihood: -13900.592133
[00:01:40] Bootstrap tree #76, logLikelihood: -13815.987582
[00:01:41] Bootstrap tree #77, logLikelihood: -13971.247500
[00:01:42] Bootstrap tree #78, logLikelihood: -13723.069090
[00:01:43] Bootstrap tree #79, logLikelihood: -14155.237391
[00:01:44] Bootstrap tree #80, logLikelihood: -13862.651195
[00:01:45] Bootstrap tree #81, logLikelihood: -13943.576534
[00:01:46] Bootstrap tree #82, logLikelihood: -13993.243212
[00:01:47] Bootstrap tree #83, logLikelihood: -13830.511056
[00:01:48] Bootstrap tree #84, logLikelihood: -13728.323061
[00:01:49] Bootstrap tree #85, logLikelihood: -13724.800435
[00:01:50] Bootstrap tree #86, logLikelihood: -13981.401310
[00:01:51] Bootstrap tree #87, logLikelihood: -13883.929086
[00:01:51] Bootstrap tree #88, logLikelihood: -13625.711046
[00:01:52] Bootstrap tree #89, logLikelihood: -13800.891766
[00:01:53] Bootstrap tree #90, logLikelihood: -14125.355797
[00:01:54] Bootstrap tree #91, logLikelihood: -13917.640115
[00:01:56] Bootstrap tree #92, logLikelihood: -13811.286123
[00:01:57] Bootstrap tree #93, logLikelihood: -13881.843789
[00:01:58] Bootstrap tree #94, logLikelihood: -13766.999008
[00:01:59] Bootstrap tree #95, logLikelihood: -14061.828251
[00:02:00] Bootstrap tree #96, logLikelihood: -13944.444870
[00:02:01] Bootstrap tree #97, logLikelihood: -13812.941507
[00:02:02] Bootstrap tree #98, logLikelihood: -13897.007636
[00:02:03] Bootstrap tree #99, logLikelihood: -13846.819661
[00:02:04] Bootstrap tree #100, logLikelihood: -13664.412029
[00:02:05] Bootstrap tree #101, logLikelihood: -13774.327793
[00:02:06] Bootstrap tree #102, logLikelihood: -13797.801724
[00:02:07] Bootstrap tree #103, logLikelihood: -13922.585912
[00:02:08] Bootstrap tree #104, logLikelihood: -14176.983964
[00:02:09] Bootstrap tree #105, logLikelihood: -13589.553990
[00:02:10] Bootstrap tree #106, logLikelihood: -13764.686644
[00:02:11] Bootstrap tree #107, logLikelihood: -13644.197367
[00:02:12] Bootstrap tree #108, logLikelihood: -14010.595883
[00:02:13] Bootstrap tree #109, logLikelihood: -13949.570219
[00:02:14] Bootstrap tree #110, logLikelihood: -13987.951250
[00:02:15] Bootstrap tree #111, logLikelihood: -13723.478329
[00:02:16] Bootstrap tree #112, logLikelihood: -13892.930542
[00:02:16] Bootstrap tree #113, logLikelihood: -13718.486535
[00:02:18] Bootstrap tree #114, logLikelihood: -13627.441083
[00:02:19] Bootstrap tree #115, logLikelihood: -14079.248489
[00:02:19] Bootstrap tree #116, logLikelihood: -13728.183941
[00:02:20] Bootstrap tree #117, logLikelihood: -14126.418144
[00:02:21] Bootstrap tree #118, logLikelihood: -14082.965268
[00:02:22] Bootstrap tree #119, logLikelihood: -13698.886133
[00:02:24] Bootstrap tree #120, logLikelihood: -13811.338784
[00:02:24] Bootstrap tree #121, logLikelihood: -13827.765412
[00:02:26] Bootstrap tree #122, logLikelihood: -14091.502710
[00:02:27] Bootstrap tree #123, logLikelihood: -13857.696766
[00:02:27] Bootstrap tree #124, logLikelihood: -13901.255637
[00:02:28] Bootstrap tree #125, logLikelihood: -13762.345744
[00:02:29] Bootstrap tree #126, logLikelihood: -13956.300288
[00:02:30] Bootstrap tree #127, logLikelihood: -13952.145485
[00:02:31] Bootstrap tree #128, logLikelihood: -13943.114570
[00:02:32] Bootstrap tree #129, logLikelihood: -13987.846345
[00:02:33] Bootstrap tree #130, logLikelihood: -13935.165115
[00:02:34] Bootstrap tree #131, logLikelihood: -13761.342896
[00:02:35] Bootstrap tree #132, logLikelihood: -13934.784709
[00:02:36] Bootstrap tree #133, logLikelihood: -14026.101797
[00:02:37] Bootstrap tree #134, logLikelihood: -13995.765127
[00:02:38] Bootstrap tree #135, logLikelihood: -14036.602863
[00:02:39] Bootstrap tree #136, logLikelihood: -13961.930116
[00:02:40] Bootstrap tree #137, logLikelihood: -14021.460542
[00:02:41] Bootstrap tree #138, logLikelihood: -13631.649124
[00:02:42] Bootstrap tree #139, logLikelihood: -13797.798515
[00:02:43] Bootstrap tree #140, logLikelihood: -14011.484341
[00:02:44] Bootstrap tree #141, logLikelihood: -13745.348314
[00:02:45] Bootstrap tree #142, logLikelihood: -13572.607114
[00:02:46] Bootstrap tree #143, logLikelihood: -13932.879235
[00:02:46] Bootstrap tree #144, logLikelihood: -14031.368632
[00:02:47] Bootstrap tree #145, logLikelihood: -13946.288398
[00:02:48] Bootstrap tree #146, logLikelihood: -13949.801091
[00:02:49] Bootstrap tree #147, logLikelihood: -14017.022281
[00:02:50] Bootstrap tree #148, logLikelihood: -14099.860727
[00:02:51] Bootstrap tree #149, logLikelihood: -13777.545996
[00:02:52] Bootstrap tree #150, logLikelihood: -13910.408690
[00:02:53] Bootstrap tree #151, logLikelihood: -13891.953102
[00:02:54] Bootstrap tree #152, logLikelihood: -13815.129068
[00:02:55] Bootstrap tree #153, logLikelihood: -14120.556707
[00:02:56] Bootstrap tree #154, logLikelihood: -13881.524802
[00:02:57] Bootstrap tree #155, logLikelihood: -14197.830501
[00:02:58] Bootstrap tree #156, logLikelihood: -13934.525337
[00:02:59] Bootstrap tree #157, logLikelihood: -13889.125616
[00:03:00] Bootstrap tree #158, logLikelihood: -13918.084500
[00:03:01] Bootstrap tree #159, logLikelihood: -13944.304661
[00:03:02] Bootstrap tree #160, logLikelihood: -13795.287683
[00:03:03] Bootstrap tree #161, logLikelihood: -13740.528069
[00:03:04] Bootstrap tree #162, logLikelihood: -13863.096196
[00:03:05] Bootstrap tree #163, logLikelihood: -13504.608607
[00:03:06] Bootstrap tree #164, logLikelihood: -13843.206489
[00:03:07] Bootstrap tree #165, logLikelihood: -14057.486855
[00:03:08] Bootstrap tree #166, logLikelihood: -13950.413439
[00:03:09] Bootstrap tree #167, logLikelihood: -13903.118289
[00:03:10] Bootstrap tree #168, logLikelihood: -13963.314099
[00:03:11] Bootstrap tree #169, logLikelihood: -13792.720889
[00:03:12] Bootstrap tree #170, logLikelihood: -14004.069227
[00:03:13] Bootstrap tree #171, logLikelihood: -13904.146457
[00:03:14] Bootstrap tree #172, logLikelihood: -14047.431136
[00:03:15] Bootstrap tree #173, logLikelihood: -13911.117497
[00:03:16] Bootstrap tree #174, logLikelihood: -13855.350049
[00:03:17] Bootstrap tree #175, logLikelihood: -13672.023228
[00:03:18] Bootstrap tree #176, logLikelihood: -14018.539361
[00:03:19] Bootstrap tree #177, logLikelihood: -14208.786203
[00:03:20] Bootstrap tree #178, logLikelihood: -13834.137530
[00:03:20] Bootstrap tree #179, logLikelihood: -13797.968913
[00:03:21] Bootstrap tree #180, logLikelihood: -13911.531243
[00:03:22] Bootstrap tree #181, logLikelihood: -13946.918870
[00:03:23] Bootstrap tree #182, logLikelihood: -13707.234888
[00:03:24] Bootstrap tree #183, logLikelihood: -13821.096490
[00:03:25] Bootstrap tree #184, logLikelihood: -13840.427527
[00:03:27] Bootstrap tree #185, logLikelihood: -13973.090578
[00:03:27] Bootstrap tree #186, logLikelihood: -13871.886513
[00:03:28] Bootstrap tree #187, logLikelihood: -14108.915308
[00:03:29] Bootstrap tree #188, logLikelihood: -13564.009689
[00:03:30] Bootstrap tree #189, logLikelihood: -13907.000342
[00:03:31] Bootstrap tree #190, logLikelihood: -13798.624282
[00:03:32] Bootstrap tree #191, logLikelihood: -14487.087127
[00:03:33] Bootstrap tree #192, logLikelihood: -13787.467397
[00:03:34] Bootstrap tree #193, logLikelihood: -14210.848842
[00:03:35] Bootstrap tree #194, logLikelihood: -13771.561431
[00:03:36] Bootstrap tree #195, logLikelihood: -14025.620961
[00:03:37] Bootstrap tree #196, logLikelihood: -13639.585549
[00:03:38] Bootstrap tree #197, logLikelihood: -14030.457857
[00:03:39] Bootstrap tree #198, logLikelihood: -13816.763222
[00:03:40] Bootstrap tree #199, logLikelihood: -14014.222395
[00:03:41] Bootstrap tree #200, logLikelihood: -13870.906516
[00:03:42] Bootstrap tree #201, logLikelihood: -13889.967394
[00:03:43] Bootstrap tree #202, logLikelihood: -14280.053931
[00:03:44] Bootstrap tree #203, logLikelihood: -14039.500218
[00:03:45] Bootstrap tree #204, logLikelihood: -13822.059495
[00:03:46] Bootstrap tree #205, logLikelihood: -13617.062255
[00:03:47] Bootstrap tree #206, logLikelihood: -14010.298188
[00:03:48] Bootstrap tree #207, logLikelihood: -14047.174631
[00:03:49] Bootstrap tree #208, logLikelihood: -14134.321573
[00:03:49] Bootstrap tree #209, logLikelihood: -13987.591131
[00:03:50] Bootstrap tree #210, logLikelihood: -13674.991056
[00:03:51] Bootstrap tree #211, logLikelihood: -14161.881855
[00:03:52] Bootstrap tree #212, logLikelihood: -13828.471994
[00:03:53] Bootstrap tree #213, logLikelihood: -13958.105898
[00:03:54] Bootstrap tree #214, logLikelihood: -13776.497136
[00:03:55] Bootstrap tree #215, logLikelihood: -13901.738691
[00:03:56] Bootstrap tree #216, logLikelihood: -14106.184389
[00:03:57] Bootstrap tree #217, logLikelihood: -13876.738929
[00:03:58] Bootstrap tree #218, logLikelihood: -14111.736593
[00:03:59] Bootstrap tree #219, logLikelihood: -13657.998560
[00:04:00] Bootstrap tree #220, logLikelihood: -14245.032935
[00:04:01] Bootstrap tree #221, logLikelihood: -14116.832809
[00:04:02] Bootstrap tree #222, logLikelihood: -13733.342870
[00:04:03] Bootstrap tree #223, logLikelihood: -13573.103476
[00:04:04] Bootstrap tree #224, logLikelihood: -13785.751222
[00:04:06] Bootstrap tree #225, logLikelihood: -14010.581488
[00:04:06] Bootstrap tree #226, logLikelihood: -13911.084497
[00:04:07] Bootstrap tree #227, logLikelihood: -13681.559248
[00:04:08] Bootstrap tree #228, logLikelihood: -14040.541020
[00:04:09] Bootstrap tree #229, logLikelihood: -13864.945806
[00:04:11] Bootstrap tree #230, logLikelihood: -14314.283770
[00:04:12] Bootstrap tree #231, logLikelihood: -14004.930515
[00:04:13] Bootstrap tree #232, logLikelihood: -13659.825387
[00:04:14] Bootstrap tree #233, logLikelihood: -13739.911506
[00:04:15] Bootstrap tree #234, logLikelihood: -13520.681273
[00:04:16] Bootstrap tree #235, logLikelihood: -14031.052373
[00:04:17] Bootstrap tree #236, logLikelihood: -13925.906146
[00:04:18] Bootstrap tree #237, logLikelihood: -13846.002998
[00:04:18] Bootstrap tree #238, logLikelihood: -14029.734367
[00:04:19] Bootstrap tree #239, logLikelihood: -14049.969320
[00:04:21] Bootstrap tree #240, logLikelihood: -13989.405289
[00:04:22] Bootstrap tree #241, logLikelihood: -13630.050157
[00:04:23] Bootstrap tree #242, logLikelihood: -13977.899497
[00:04:24] Bootstrap tree #243, logLikelihood: -13863.644599
[00:04:25] Bootstrap tree #244, logLikelihood: -13819.113058
[00:04:26] Bootstrap tree #245, logLikelihood: -14109.016651
[00:04:27] Bootstrap tree #246, logLikelihood: -13920.315373
[00:04:28] Bootstrap tree #247, logLikelihood: -13773.746344
[00:04:29] Bootstrap tree #248, logLikelihood: -13632.854791
[00:04:30] Bootstrap tree #249, logLikelihood: -14130.195992
[00:04:31] Bootstrap tree #250, logLikelihood: -14012.994052
[00:04:32] Bootstrap tree #251, logLikelihood: -13917.391770
[00:04:33] Bootstrap tree #252, logLikelihood: -13726.169756
[00:04:34] Bootstrap tree #253, logLikelihood: -13960.550334
[00:04:35] Bootstrap tree #254, logLikelihood: -13945.317303
[00:04:36] Bootstrap tree #255, logLikelihood: -13959.302473
[00:04:37] Bootstrap tree #256, logLikelihood: -13504.614740
[00:04:38] Bootstrap tree #257, logLikelihood: -13852.416323
[00:04:38] Bootstrap tree #258, logLikelihood: -13656.956515
[00:04:39] Bootstrap tree #259, logLikelihood: -13652.504791
[00:04:40] Bootstrap tree #260, logLikelihood: -13664.311102
[00:04:41] Bootstrap tree #261, logLikelihood: -14103.529595
[00:04:42] Bootstrap tree #262, logLikelihood: -13770.667127
[00:04:43] Bootstrap tree #263, logLikelihood: -13602.990848
[00:04:44] Bootstrap tree #264, logLikelihood: -13776.673902
[00:04:45] Bootstrap tree #265, logLikelihood: -13763.821638
[00:04:46] Bootstrap tree #266, logLikelihood: -13715.151805
[00:04:47] Bootstrap tree #267, logLikelihood: -14147.755808
[00:04:48] Bootstrap tree #268, logLikelihood: -14256.802792
[00:04:49] Bootstrap tree #269, logLikelihood: -13787.872613
[00:04:50] Bootstrap tree #270, logLikelihood: -13776.353089
[00:04:51] Bootstrap tree #271, logLikelihood: -14145.545677
[00:04:52] Bootstrap tree #272, logLikelihood: -13841.579082
[00:04:53] Bootstrap tree #273, logLikelihood: -14072.581260
[00:04:54] Bootstrap tree #274, logLikelihood: -13860.101152
[00:04:55] Bootstrap tree #275, logLikelihood: -13744.901351
[00:04:56] Bootstrap tree #276, logLikelihood: -13704.950799
[00:04:57] Bootstrap tree #277, logLikelihood: -13894.863072
[00:04:58] Bootstrap tree #278, logLikelihood: -13776.698802
[00:04:58] Bootstrap tree #279, logLikelihood: -13812.814505
[00:04:59] Bootstrap tree #280, logLikelihood: -14246.723182
[00:05:00] Bootstrap tree #281, logLikelihood: -13690.325740
[00:05:01] Bootstrap tree #282, logLikelihood: -13830.798941
[00:05:02] Bootstrap tree #283, logLikelihood: -13972.304914
[00:05:03] Bootstrap tree #284, logLikelihood: -13716.239410
[00:05:04] Bootstrap tree #285, logLikelihood: -13833.243491
[00:05:05] Bootstrap tree #286, logLikelihood: -13662.348342
[00:05:06] Bootstrap tree #287, logLikelihood: -13330.135077
[00:05:07] Bootstrap tree #288, logLikelihood: -14124.639950
[00:05:08] Bootstrap tree #289, logLikelihood: -13532.611178
[00:05:09] Bootstrap tree #290, logLikelihood: -13906.881649
[00:05:10] Bootstrap tree #291, logLikelihood: -14280.877828
[00:05:11] Bootstrap tree #292, logLikelihood: -13860.736783
[00:05:12] Bootstrap tree #293, logLikelihood: -14074.619271
[00:05:13] Bootstrap tree #294, logLikelihood: -13897.073290
[00:05:14] Bootstrap tree #295, logLikelihood: -13850.244936
[00:05:15] Bootstrap tree #296, logLikelihood: -13907.913177
[00:05:16] Bootstrap tree #297, logLikelihood: -14043.371353
[00:05:17] Bootstrap tree #298, logLikelihood: -13915.479250
[00:05:18] Bootstrap tree #299, logLikelihood: -13979.921515
[00:05:19] Bootstrap tree #300, logLikelihood: -14054.625272
[00:05:20] Bootstrap tree #301, logLikelihood: -14174.960478
[00:05:21] Bootstrap tree #302, logLikelihood: -13885.289175
[00:05:22] Bootstrap tree #303, logLikelihood: -13765.587098
[00:05:23] Bootstrap tree #304, logLikelihood: -13902.460412
[00:05:24] Bootstrap tree #305, logLikelihood: -13848.487787
[00:05:25] Bootstrap tree #306, logLikelihood: -13720.181362
[00:05:26] Bootstrap tree #307, logLikelihood: -13535.473920
[00:05:27] Bootstrap tree #308, logLikelihood: -13800.933090
[00:05:28] Bootstrap tree #309, logLikelihood: -13928.644657
[00:05:29] Bootstrap tree #310, logLikelihood: -13801.953322
[00:05:30] Bootstrap tree #311, logLikelihood: -13703.520381
[00:05:32] Bootstrap tree #312, logLikelihood: -13868.625698
[00:05:33] Bootstrap tree #313, logLikelihood: -14102.259419
[00:05:34] Bootstrap tree #314, logLikelihood: -14425.228181
[00:05:35] Bootstrap tree #315, logLikelihood: -13869.247118
[00:05:36] Bootstrap tree #316, logLikelihood: -14023.576117
[00:05:37] Bootstrap tree #317, logLikelihood: -13875.937344
[00:05:38] Bootstrap tree #318, logLikelihood: -14022.434684
[00:05:39] Bootstrap tree #319, logLikelihood: -13575.917659
[00:05:40] Bootstrap tree #320, logLikelihood: -13730.555110
[00:05:41] Bootstrap tree #321, logLikelihood: -14210.294427
[00:05:42] Bootstrap tree #322, logLikelihood: -14228.852401
[00:05:42] Bootstrap tree #323, logLikelihood: -14112.340584
[00:05:43] Bootstrap tree #324, logLikelihood: -14231.701346
[00:05:44] Bootstrap tree #325, logLikelihood: -13813.551975
[00:05:45] Bootstrap tree #326, logLikelihood: -13805.999292
[00:05:46] Bootstrap tree #327, logLikelihood: -13779.669554
[00:05:47] Bootstrap tree #328, logLikelihood: -13866.435853
[00:05:48] Bootstrap tree #329, logLikelihood: -14063.821979
[00:05:49] Bootstrap tree #330, logLikelihood: -14016.337074
[00:05:50] Bootstrap tree #331, logLikelihood: -14129.869936
[00:05:51] Bootstrap tree #332, logLikelihood: -13970.761496
[00:05:52] Bootstrap tree #333, logLikelihood: -13963.596190
[00:05:54] Bootstrap tree #334, logLikelihood: -14055.676872
[00:05:55] Bootstrap tree #335, logLikelihood: -13843.160390
[00:05:56] Bootstrap tree #336, logLikelihood: -13934.986844
[00:05:57] Bootstrap tree #337, logLikelihood: -14119.374259
[00:05:58] Bootstrap tree #338, logLikelihood: -13586.643400
[00:05:59] Bootstrap tree #339, logLikelihood: -14058.879402
[00:06:00] Bootstrap tree #340, logLikelihood: -14098.791751
[00:06:01] Bootstrap tree #341, logLikelihood: -14231.427815
[00:06:02] Bootstrap tree #342, logLikelihood: -13989.468651
[00:06:02] Bootstrap tree #343, logLikelihood: -14054.611449
[00:06:04] Bootstrap tree #344, logLikelihood: -13813.107287
[00:06:05] Bootstrap tree #345, logLikelihood: -13693.388699
[00:06:06] Bootstrap tree #346, logLikelihood: -13611.875383
[00:06:07] Bootstrap tree #347, logLikelihood: -14018.515699
[00:06:08] Bootstrap tree #348, logLikelihood: -13813.429257
[00:06:09] Bootstrap tree #349, logLikelihood: -14125.873285
[00:06:10] Bootstrap tree #350, logLikelihood: -14034.503525
[00:06:11] Bootstrap tree #351, logLikelihood: -13776.357496
[00:06:12] Bootstrap tree #352, logLikelihood: -13887.156684
[00:06:13] Bootstrap tree #353, logLikelihood: -13646.315315
[00:06:14] Bootstrap tree #354, logLikelihood: -13796.792544
[00:06:15] Bootstrap tree #355, logLikelihood: -14020.409172
[00:06:16] Bootstrap tree #356, logLikelihood: -13798.664938
[00:06:17] Bootstrap tree #357, logLikelihood: -14001.304025
[00:06:18] Bootstrap tree #358, logLikelihood: -13922.225399
[00:06:19] Bootstrap tree #359, logLikelihood: -13671.557300
[00:06:20] Bootstrap tree #360, logLikelihood: -14161.310139
[00:06:20] Bootstrap tree #361, logLikelihood: -13990.194738
[00:06:22] Bootstrap tree #362, logLikelihood: -13747.190782
[00:06:22] Bootstrap tree #363, logLikelihood: -13926.937151
[00:06:24] Bootstrap tree #364, logLikelihood: -13964.391481
[00:06:25] Bootstrap tree #365, logLikelihood: -13943.230956
[00:06:26] Bootstrap tree #366, logLikelihood: -13606.196345
[00:06:27] Bootstrap tree #367, logLikelihood: -13742.082698
[00:06:28] Bootstrap tree #368, logLikelihood: -13975.931698
[00:06:29] Bootstrap tree #369, logLikelihood: -13798.610951
[00:06:30] Bootstrap tree #370, logLikelihood: -14029.431319
[00:06:31] Bootstrap tree #371, logLikelihood: -13972.448938
[00:06:32] Bootstrap tree #372, logLikelihood: -14334.597487
[00:06:33] Bootstrap tree #373, logLikelihood: -14138.382105
[00:06:34] Bootstrap tree #374, logLikelihood: -13793.657103
[00:06:35] Bootstrap tree #375, logLikelihood: -13593.771626
[00:06:36] Bootstrap tree #376, logLikelihood: -13980.380326
[00:06:37] Bootstrap tree #377, logLikelihood: -13870.781374
[00:06:38] Bootstrap tree #378, logLikelihood: -13878.644150
[00:06:39] Bootstrap tree #379, logLikelihood: -13942.021264
[00:06:40] Bootstrap tree #380, logLikelihood: -13660.563415
[00:06:41] Bootstrap tree #381, logLikelihood: -13947.832605
[00:06:42] Bootstrap tree #382, logLikelihood: -14213.434488
[00:06:43] Bootstrap tree #383, logLikelihood: -13963.573560
[00:06:43] Bootstrap tree #384, logLikelihood: -14110.675477
[00:06:44] Bootstrap tree #385, logLikelihood: -14048.724838
[00:06:45] Bootstrap tree #386, logLikelihood: -13733.551368
[00:06:46] Bootstrap tree #387, logLikelihood: -13985.280707
[00:06:47] Bootstrap tree #388, logLikelihood: -14067.203541
[00:06:48] Bootstrap tree #389, logLikelihood: -13667.218687
[00:06:49] Bootstrap tree #390, logLikelihood: -13730.805789
[00:06:50] Bootstrap tree #391, logLikelihood: -14167.621034
[00:06:51] Bootstrap tree #392, logLikelihood: -13850.449919
[00:06:52] Bootstrap tree #393, logLikelihood: -13934.940553
[00:06:53] Bootstrap tree #394, logLikelihood: -13740.998940
[00:06:54] Bootstrap tree #395, logLikelihood: -14098.812071
[00:06:55] Bootstrap tree #396, logLikelihood: -13951.518368
[00:06:56] Bootstrap tree #397, logLikelihood: -13779.811165
[00:06:57] Bootstrap tree #398, logLikelihood: -13746.809341
[00:06:58] Bootstrap tree #399, logLikelihood: -13839.567515
[00:06:59] Bootstrap tree #400, logLikelihood: -13974.261721
[00:07:00] Bootstrap tree #401, logLikelihood: -13937.878415
[00:07:00] Bootstrap tree #402, logLikelihood: -14020.699460
[00:07:01] Bootstrap tree #403, logLikelihood: -14073.302369
[00:07:03] Bootstrap tree #404, logLikelihood: -14165.528156
[00:07:04] Bootstrap tree #405, logLikelihood: -13952.474581
[00:07:05] Bootstrap tree #406, logLikelihood: -14147.542103
[00:07:06] Bootstrap tree #407, logLikelihood: -14010.318895
[00:07:07] Bootstrap tree #408, logLikelihood: -14067.373691
[00:07:08] Bootstrap tree #409, logLikelihood: -14013.154552
[00:07:09] Bootstrap tree #410, logLikelihood: -14215.957525
[00:07:09] Bootstrap tree #411, logLikelihood: -13826.438807
[00:07:10] Bootstrap tree #412, logLikelihood: -13833.869256
[00:07:11] Bootstrap tree #413, logLikelihood: -13853.743961
[00:07:12] Bootstrap tree #414, logLikelihood: -13965.370921
[00:07:13] Bootstrap tree #415, logLikelihood: -14235.716825
[00:07:14] Bootstrap tree #416, logLikelihood: -13956.941255
[00:07:16] Bootstrap tree #417, logLikelihood: -13963.619434
[00:07:16] Bootstrap tree #418, logLikelihood: -13881.742046
[00:07:17] Bootstrap tree #419, logLikelihood: -14097.390434
[00:07:18] Bootstrap tree #420, logLikelihood: -13694.566212
[00:07:19] Bootstrap tree #421, logLikelihood: -13856.252908
[00:07:20] Bootstrap tree #422, logLikelihood: -13999.812379
[00:07:21] Bootstrap tree #423, logLikelihood: -13891.258606
[00:07:22] Bootstrap tree #424, logLikelihood: -13512.360569
[00:07:23] Bootstrap tree #425, logLikelihood: -13943.033641
[00:07:23] Bootstrap tree #426, logLikelihood: -14038.793794
[00:07:24] Bootstrap tree #427, logLikelihood: -13740.329839
[00:07:25] Bootstrap tree #428, logLikelihood: -13974.105070
[00:07:26] Bootstrap tree #429, logLikelihood: -14008.374484
[00:07:27] Bootstrap tree #430, logLikelihood: -13878.232857
[00:07:28] Bootstrap tree #431, logLikelihood: -14033.629503
[00:07:29] Bootstrap tree #432, logLikelihood: -14000.448242
[00:07:30] Bootstrap tree #433, logLikelihood: -13821.543966
[00:07:31] Bootstrap tree #434, logLikelihood: -14035.211981
[00:07:32] Bootstrap tree #435, logLikelihood: -14149.740909
[00:07:33] Bootstrap tree #436, logLikelihood: -13884.987870
[00:07:34] Bootstrap tree #437, logLikelihood: -13932.387929
[00:07:34] Bootstrap tree #438, logLikelihood: -14063.350157
[00:07:36] Bootstrap tree #439, logLikelihood: -14028.720578
[00:07:37] Bootstrap tree #440, logLikelihood: -13939.476586
[00:07:38] Bootstrap tree #441, logLikelihood: -13799.131540
[00:07:39] Bootstrap tree #442, logLikelihood: -13866.823417
[00:07:40] Bootstrap tree #443, logLikelihood: -14077.005798
[00:07:41] Bootstrap tree #444, logLikelihood: -14123.400291
[00:07:42] Bootstrap tree #445, logLikelihood: -13937.961508
[00:07:42] Bootstrap tree #446, logLikelihood: -14019.470148
[00:07:44] Bootstrap tree #447, logLikelihood: -13860.332361
[00:07:44] Bootstrap tree #448, logLikelihood: -14155.679177
[00:07:45] Bootstrap tree #449, logLikelihood: -14014.149607
[00:07:46] Bootstrap tree #450, logLikelihood: -14235.934701
[00:07:48] Bootstrap tree #451, logLikelihood: -13791.932590
[00:07:48] Bootstrap tree #452, logLikelihood: -13694.939655
[00:07:49] Bootstrap tree #453, logLikelihood: -13378.862380
[00:07:50] Bootstrap tree #454, logLikelihood: -13847.230630
[00:07:51] Bootstrap tree #455, logLikelihood: -13905.222459
[00:07:52] Bootstrap tree #456, logLikelihood: -13914.422175
[00:07:53] Bootstrap tree #457, logLikelihood: -13934.968692
[00:07:54] Bootstrap tree #458, logLikelihood: -14006.434121
[00:07:55] Bootstrap tree #459, logLikelihood: -13844.524948
[00:07:56] Bootstrap tree #460, logLikelihood: -14083.826842
[00:07:56] Bootstrap tree #461, logLikelihood: -14188.770856
[00:07:58] Bootstrap tree #462, logLikelihood: -13852.265077
[00:07:59] Bootstrap tree #463, logLikelihood: -13951.501782
[00:08:00] Bootstrap tree #464, logLikelihood: -13900.243460
[00:08:00] Bootstrap tree #465, logLikelihood: -13863.973099
[00:08:02] Bootstrap tree #466, logLikelihood: -14302.600524
[00:08:03] Bootstrap tree #467, logLikelihood: -13895.419503
[00:08:04] Bootstrap tree #468, logLikelihood: -13988.931030
[00:08:05] Bootstrap tree #469, logLikelihood: -13765.209545
[00:08:06] Bootstrap tree #470, logLikelihood: -13890.778123
[00:08:07] Bootstrap tree #471, logLikelihood: -13907.582555
[00:08:08] Bootstrap tree #472, logLikelihood: -13805.997779
[00:08:09] Bootstrap tree #473, logLikelihood: -14092.433537
[00:08:09] Bootstrap tree #474, logLikelihood: -13982.499863
[00:08:10] Bootstrap tree #475, logLikelihood: -13929.733026
[00:08:11] Bootstrap tree #476, logLikelihood: -14117.635506
[00:08:13] Bootstrap tree #477, logLikelihood: -13877.202287
[00:08:14] Bootstrap tree #478, logLikelihood: -13880.072454
[00:08:15] Bootstrap tree #479, logLikelihood: -13849.392712
[00:08:16] Bootstrap tree #480, logLikelihood: -14022.776438
[00:08:17] Bootstrap tree #481, logLikelihood: -14020.397357
[00:08:18] Bootstrap tree #482, logLikelihood: -13868.528044
[00:08:19] Bootstrap tree #483, logLikelihood: -13977.378577
[00:08:20] Bootstrap tree #484, logLikelihood: -13661.533252
[00:08:21] Bootstrap tree #485, logLikelihood: -14031.882359
[00:08:22] Bootstrap tree #486, logLikelihood: -13845.593853
[00:08:24] Bootstrap tree #487, logLikelihood: -14224.818179
[00:08:25] Bootstrap tree #488, logLikelihood: -14025.852544
[00:08:26] Bootstrap tree #489, logLikelihood: -13784.853289
[00:08:27] Bootstrap tree #490, logLikelihood: -13815.238212
[00:08:28] Bootstrap tree #491, logLikelihood: -13566.351051
[00:08:29] Bootstrap tree #492, logLikelihood: -13815.387110
[00:08:30] Bootstrap tree #493, logLikelihood: -13816.323589
[00:08:31] Bootstrap tree #494, logLikelihood: -13850.373917
[00:08:32] Bootstrap tree #495, logLikelihood: -13523.515883
[00:08:33] Bootstrap tree #496, logLikelihood: -13876.669927
[00:08:34] Bootstrap tree #497, logLikelihood: -13905.975755
[00:08:35] Bootstrap tree #498, logLikelihood: -13785.958754
[00:08:36] Bootstrap tree #499, logLikelihood: -13539.649294
[00:08:37] Bootstrap tree #500, logLikelihood: -13623.202312
[00:08:38] Bootstrap tree #501, logLikelihood: -14027.792371
[00:08:39] Bootstrap tree #502, logLikelihood: -13952.052348
[00:08:40] Bootstrap tree #503, logLikelihood: -14049.184468
[00:08:41] Bootstrap tree #504, logLikelihood: -13461.446657
[00:08:42] Bootstrap tree #505, logLikelihood: -13980.694979
[00:08:43] Bootstrap tree #506, logLikelihood: -14149.502130
[00:08:44] Bootstrap tree #507, logLikelihood: -13723.394133
[00:08:45] Bootstrap tree #508, logLikelihood: -14449.612320
[00:08:46] Bootstrap tree #509, logLikelihood: -13755.777712
[00:08:47] Bootstrap tree #510, logLikelihood: -14147.890178
[00:08:48] Bootstrap tree #511, logLikelihood: -14052.573923
[00:08:49] Bootstrap tree #512, logLikelihood: -13822.820203
[00:08:50] Bootstrap tree #513, logLikelihood: -13867.331619
[00:08:51] Bootstrap tree #514, logLikelihood: -13787.388418
[00:08:52] Bootstrap tree #515, logLikelihood: -13993.880611
[00:08:53] Bootstrap tree #516, logLikelihood: -13979.661958
[00:08:54] Bootstrap tree #517, logLikelihood: -14032.836859
[00:08:55] Bootstrap tree #518, logLikelihood: -13766.686003
[00:08:56] Bootstrap tree #519, logLikelihood: -13874.340168
[00:08:57] Bootstrap tree #520, logLikelihood: -13564.693264
[00:08:58] Bootstrap tree #521, logLikelihood: -13878.062465
[00:08:59] Bootstrap tree #522, logLikelihood: -13853.663256
[00:09:00] Bootstrap tree #523, logLikelihood: -14013.312443
[00:09:01] Bootstrap tree #524, logLikelihood: -13938.308676
[00:09:02] Bootstrap tree #525, logLikelihood: -13760.979810
[00:09:03] Bootstrap tree #526, logLikelihood: -13684.418890
[00:09:04] Bootstrap tree #527, logLikelihood: -13546.246942
[00:09:05] Bootstrap tree #528, logLikelihood: -14001.815801
[00:09:06] Bootstrap tree #529, logLikelihood: -13664.251521
[00:09:07] Bootstrap tree #530, logLikelihood: -13789.453323
[00:09:08] Bootstrap tree #531, logLikelihood: -14030.035697
[00:09:09] Bootstrap tree #532, logLikelihood: -13975.564294
[00:09:10] Bootstrap tree #533, logLikelihood: -13591.394380
[00:09:10] Bootstrap tree #534, logLikelihood: -13981.110521
[00:09:12] Bootstrap tree #535, logLikelihood: -13941.306853
[00:09:13] Bootstrap tree #536, logLikelihood: -13920.613408
[00:09:14] Bootstrap tree #537, logLikelihood: -13601.243311
[00:09:15] Bootstrap tree #538, logLikelihood: -13771.682163
[00:09:16] Bootstrap tree #539, logLikelihood: -13836.148586
[00:09:17] Bootstrap tree #540, logLikelihood: -13725.187821
[00:09:18] Bootstrap tree #541, logLikelihood: -14210.477792
[00:09:19] Bootstrap tree #542, logLikelihood: -13976.443232
[00:09:20] Bootstrap tree #543, logLikelihood: -14323.043138
[00:09:21] Bootstrap tree #544, logLikelihood: -14088.427035
[00:09:22] Bootstrap tree #545, logLikelihood: -14181.591075
[00:09:22] Bootstrap tree #546, logLikelihood: -13922.605961
[00:09:23] Bootstrap tree #547, logLikelihood: -14310.324472
[00:09:24] Bootstrap tree #548, logLikelihood: -13603.718596
[00:09:25] Bootstrap tree #549, logLikelihood: -13680.898307
[00:09:26] Bootstrap tree #550, logLikelihood: -13575.244325
[00:09:27] Bootstrap tree #551, logLikelihood: -13890.907570
[00:09:28] Bootstrap tree #552, logLikelihood: -13754.664710
[00:09:28] Bootstrap tree #553, logLikelihood: -14004.677564
[00:09:29] Bootstrap tree #554, logLikelihood: -14141.704591
[00:09:30] Bootstrap tree #555, logLikelihood: -14217.602354
[00:09:31] Bootstrap tree #556, logLikelihood: -14089.865366
[00:09:32] Bootstrap tree #557, logLikelihood: -14185.091801
[00:09:33] Bootstrap tree #558, logLikelihood: -13915.359174
[00:09:34] Bootstrap tree #559, logLikelihood: -13738.659871
[00:09:35] Bootstrap tree #560, logLikelihood: -14403.898411
[00:09:37] Bootstrap tree #561, logLikelihood: -13845.513766
[00:09:38] Bootstrap tree #562, logLikelihood: -14103.681771
[00:09:39] Bootstrap tree #563, logLikelihood: -13774.626338
[00:09:39] Bootstrap tree #564, logLikelihood: -13938.946154
[00:09:40] Bootstrap tree #565, logLikelihood: -14133.326774
[00:09:41] Bootstrap tree #566, logLikelihood: -13773.328941
[00:09:42] Bootstrap tree #567, logLikelihood: -13980.109331
[00:09:44] Bootstrap tree #568, logLikelihood: -14283.325665
[00:09:45] Bootstrap tree #569, logLikelihood: -14155.451623
[00:09:46] Bootstrap tree #570, logLikelihood: -13953.121218
[00:09:46] Bootstrap tree #571, logLikelihood: -13961.243841
[00:09:48] Bootstrap tree #572, logLikelihood: -13897.535244
[00:09:48] Bootstrap tree #573, logLikelihood: -13719.233396
[00:09:50] Bootstrap tree #574, logLikelihood: -13841.527414
[00:09:51] Bootstrap tree #575, logLikelihood: -13881.188669
[00:09:52] Bootstrap tree #576, logLikelihood: -13950.809031
[00:09:53] Bootstrap tree #577, logLikelihood: -13673.095236
[00:09:54] Bootstrap tree #578, logLikelihood: -13721.329195
[00:09:55] Bootstrap tree #579, logLikelihood: -13987.173749
[00:09:56] Bootstrap tree #580, logLikelihood: -13854.413771
[00:09:57] Bootstrap tree #581, logLikelihood: -14020.123001
[00:09:58] Bootstrap tree #582, logLikelihood: -13980.513547
[00:09:59] Bootstrap tree #583, logLikelihood: -13950.096840
[00:09:59] Bootstrap tree #584, logLikelihood: -14030.381369
[00:10:00] Bootstrap tree #585, logLikelihood: -13866.086042
[00:10:02] Bootstrap tree #586, logLikelihood: -14042.962984
[00:10:03] Bootstrap tree #587, logLikelihood: -13634.598698
[00:10:04] Bootstrap tree #588, logLikelihood: -13688.033727
[00:10:05] Bootstrap tree #589, logLikelihood: -14421.343824
[00:10:06] Bootstrap tree #590, logLikelihood: -13789.684571
[00:10:07] Bootstrap tree #591, logLikelihood: -13833.962668
[00:10:08] Bootstrap tree #592, logLikelihood: -14117.800514
[00:10:09] Bootstrap tree #593, logLikelihood: -14172.257169
[00:10:10] Bootstrap tree #594, logLikelihood: -13936.693268
[00:10:11] Bootstrap tree #595, logLikelihood: -14068.779048
[00:10:11] Bootstrap tree #596, logLikelihood: -13927.219089
[00:10:12] Bootstrap tree #597, logLikelihood: -13970.340571
[00:10:13] Bootstrap tree #598, logLikelihood: -13680.644594
[00:10:14] Bootstrap tree #599, logLikelihood: -14056.038787
[00:10:15] Bootstrap tree #600, logLikelihood: -13915.982354
[00:10:16] Bootstrap tree #601, logLikelihood: -14198.863464
[00:10:17] Bootstrap tree #602, logLikelihood: -13691.083276
[00:10:18] Bootstrap tree #603, logLikelihood: -14137.245112
[00:10:19] Bootstrap tree #604, logLikelihood: -13571.289797
[00:10:20] Bootstrap tree #605, logLikelihood: -13698.915546
[00:10:21] Bootstrap tree #606, logLikelihood: -13844.890906
[00:10:22] Bootstrap tree #607, logLikelihood: -14165.910319
[00:10:23] Bootstrap tree #608, logLikelihood: -13996.326942
[00:10:24] Bootstrap tree #609, logLikelihood: -13876.206778
[00:10:25] Bootstrap tree #610, logLikelihood: -13981.489392
[00:10:25] Bootstrap tree #611, logLikelihood: -13715.576754
[00:10:27] Bootstrap tree #612, logLikelihood: -13889.530796
[00:10:28] Bootstrap tree #613, logLikelihood: -13990.935823
[00:10:28] Bootstrap tree #614, logLikelihood: -13660.676486
[00:10:29] Bootstrap tree #615, logLikelihood: -13843.541230
[00:10:30] Bootstrap tree #616, logLikelihood: -13748.794999
[00:10:31] Bootstrap tree #617, logLikelihood: -13851.825027
[00:10:32] Bootstrap tree #618, logLikelihood: -14227.658940
[00:10:33] Bootstrap tree #619, logLikelihood: -13816.030411
[00:10:34] Bootstrap tree #620, logLikelihood: -14031.392361
[00:10:35] Bootstrap tree #621, logLikelihood: -13922.667636
[00:10:36] Bootstrap tree #622, logLikelihood: -13718.534666
[00:10:37] Bootstrap tree #623, logLikelihood: -13944.225830
[00:10:38] Bootstrap tree #624, logLikelihood: -13867.806998
[00:10:39] Bootstrap tree #625, logLikelihood: -13830.608519
[00:10:40] Bootstrap tree #626, logLikelihood: -13721.815972
[00:10:41] Bootstrap tree #627, logLikelihood: -13740.923242
[00:10:42] Bootstrap tree #628, logLikelihood: -13834.071746
[00:10:43] Bootstrap tree #629, logLikelihood: -13929.400335
[00:10:44] Bootstrap tree #630, logLikelihood: -13944.486486
[00:10:45] Bootstrap tree #631, logLikelihood: -13544.258144
[00:10:46] Bootstrap tree #632, logLikelihood: -14166.607439
[00:10:47] Bootstrap tree #633, logLikelihood: -13956.176342
[00:10:48] Bootstrap tree #634, logLikelihood: -13796.733076
[00:10:50] Bootstrap tree #635, logLikelihood: -14218.039582
[00:10:50] Bootstrap tree #636, logLikelihood: -13889.221538
[00:10:51] Bootstrap tree #637, logLikelihood: -14103.940442
[00:10:53] Bootstrap tree #638, logLikelihood: -13992.513324
[00:10:53] Bootstrap tree #639, logLikelihood: -13919.341116
[00:10:55] Bootstrap tree #640, logLikelihood: -13984.554092
[00:10:56] Bootstrap tree #641, logLikelihood: -13937.776835
[00:10:57] Bootstrap tree #642, logLikelihood: -13925.611132
[00:10:57] Bootstrap tree #643, logLikelihood: -13660.329404
[00:10:58] Bootstrap tree #644, logLikelihood: -13971.302982
[00:10:59] Bootstrap tree #645, logLikelihood: -13968.936014
[00:11:00] Bootstrap tree #646, logLikelihood: -14232.537137
[00:11:01] Bootstrap tree #647, logLikelihood: -14011.559660
[00:11:02] Bootstrap tree #648, logLikelihood: -14014.731970
[00:11:03] Bootstrap tree #649, logLikelihood: -13800.935373
[00:11:04] Bootstrap tree #650, logLikelihood: -13979.648910
[00:11:05] Bootstrap tree #651, logLikelihood: -14083.855927
[00:11:06] Bootstrap tree #652, logLikelihood: -13973.743554
[00:11:07] Bootstrap tree #653, logLikelihood: -14080.685499
[00:11:08] Bootstrap tree #654, logLikelihood: -13849.744927
[00:11:09] Bootstrap tree #655, logLikelihood: -13917.806776
[00:11:11] Bootstrap tree #656, logLikelihood: -14027.331127
[00:11:12] Bootstrap tree #657, logLikelihood: -14069.424121
[00:11:13] Bootstrap tree #658, logLikelihood: -13886.725507
[00:11:14] Bootstrap tree #659, logLikelihood: -14152.804422
[00:11:14] Bootstrap tree #660, logLikelihood: -13833.411596
[00:11:15] Bootstrap tree #661, logLikelihood: -13849.638645
[00:11:16] Bootstrap tree #662, logLikelihood: -13744.606467
[00:11:18] Bootstrap tree #663, logLikelihood: -14187.564048
[00:11:18] Bootstrap tree #664, logLikelihood: -13888.535062
[00:11:19] Bootstrap tree #665, logLikelihood: -13733.611976
[00:11:20] Bootstrap tree #666, logLikelihood: -14012.558550
[00:11:21] Bootstrap tree #667, logLikelihood: -14104.051731
[00:11:22] Bootstrap tree #668, logLikelihood: -14083.837520
[00:11:23] Bootstrap tree #669, logLikelihood: -13991.240725
[00:11:24] Bootstrap tree #670, logLikelihood: -14082.043019
[00:11:25] Bootstrap tree #671, logLikelihood: -14037.225168
[00:11:26] Bootstrap tree #672, logLikelihood: -13865.417428
[00:11:27] Bootstrap tree #673, logLikelihood: -13750.120809
[00:11:28] Bootstrap tree #674, logLikelihood: -13703.506605
[00:11:29] Bootstrap tree #675, logLikelihood: -13682.300321
[00:11:30] Bootstrap tree #676, logLikelihood: -14042.835111
[00:11:31] Bootstrap tree #677, logLikelihood: -13595.600970
[00:11:32] Bootstrap tree #678, logLikelihood: -13903.884327
[00:11:33] Bootstrap tree #679, logLikelihood: -13776.103156
[00:11:34] Bootstrap tree #680, logLikelihood: -14276.395610
[00:11:35] Bootstrap tree #681, logLikelihood: -13740.807767
[00:11:36] Bootstrap tree #682, logLikelihood: -13604.464425
[00:11:37] Bootstrap tree #683, logLikelihood: -13863.883548
[00:11:38] Bootstrap tree #684, logLikelihood: -14259.295866
[00:11:39] Bootstrap tree #685, logLikelihood: -14065.913115
[00:11:40] Bootstrap tree #686, logLikelihood: -13949.420814
[00:11:41] Bootstrap tree #687, logLikelihood: -13770.581707
[00:11:42] Bootstrap tree #688, logLikelihood: -13832.012394
[00:11:43] Bootstrap tree #689, logLikelihood: -13974.238910
[00:11:44] Bootstrap tree #690, logLikelihood: -14122.589396
[00:11:45] Bootstrap tree #691, logLikelihood: -13922.453134
[00:11:46] Bootstrap tree #692, logLikelihood: -13738.191810
[00:11:47] Bootstrap tree #693, logLikelihood: -13971.297343
[00:11:48] Bootstrap tree #694, logLikelihood: -14080.873011
[00:11:49] Bootstrap tree #695, logLikelihood: -14100.831898
[00:11:50] Bootstrap tree #696, logLikelihood: -13913.695373
[00:11:51] Bootstrap tree #697, logLikelihood: -13969.583087
[00:11:52] Bootstrap tree #698, logLikelihood: -13749.911855
[00:11:53] Bootstrap tree #699, logLikelihood: -13599.929743
[00:11:54] Bootstrap tree #700, logLikelihood: -13714.640069
[00:11:55] Bootstrap tree #701, logLikelihood: -13945.099060
[00:11:56] Bootstrap tree #702, logLikelihood: -13879.081356
[00:11:58] Bootstrap tree #703, logLikelihood: -13920.165553
[00:11:58] Bootstrap tree #704, logLikelihood: -13636.385608
[00:11:59] Bootstrap tree #705, logLikelihood: -14239.138760
[00:12:00] Bootstrap tree #706, logLikelihood: -14016.499270
[00:12:01] Bootstrap tree #707, logLikelihood: -14044.876842
[00:12:02] Bootstrap tree #708, logLikelihood: -13863.535953
[00:12:03] Bootstrap tree #709, logLikelihood: -13568.685227
[00:12:04] Bootstrap tree #710, logLikelihood: -13598.866631
[00:12:05] Bootstrap tree #711, logLikelihood: -13885.173861
[00:12:06] Bootstrap tree #712, logLikelihood: -13816.547335
[00:12:07] Bootstrap tree #713, logLikelihood: -13687.378510
[00:12:08] Bootstrap tree #714, logLikelihood: -13507.355598
[00:12:09] Bootstrap tree #715, logLikelihood: -13867.357046
[00:12:10] Bootstrap tree #716, logLikelihood: -13580.993607
[00:12:11] Bootstrap tree #717, logLikelihood: -13555.500714
[00:12:12] Bootstrap tree #718, logLikelihood: -13965.117241
[00:12:13] Bootstrap tree #719, logLikelihood: -13740.879451
[00:12:14] Bootstrap tree #720, logLikelihood: -14105.076578
[00:12:15] Bootstrap tree #721, logLikelihood: -13712.931157
[00:12:15] Bootstrap tree #722, logLikelihood: -13746.371862
[00:12:17] Bootstrap tree #723, logLikelihood: -14255.711865
[00:12:17] Bootstrap tree #724, logLikelihood: -13566.292823
[00:12:18] Bootstrap tree #725, logLikelihood: -14255.124109
[00:12:19] Bootstrap tree #726, logLikelihood: -13925.859961
[00:12:21] Bootstrap tree #727, logLikelihood: -13949.010589
[00:12:21] Bootstrap tree #728, logLikelihood: -13817.722015
[00:12:22] Bootstrap tree #729, logLikelihood: -13941.747500
[00:12:23] Bootstrap tree #730, logLikelihood: -14276.770646
[00:12:24] Bootstrap tree #731, logLikelihood: -13907.202952
[00:12:25] Bootstrap tree #732, logLikelihood: -14043.630157
[00:12:26] Bootstrap tree #733, logLikelihood: -13728.190795
[00:12:27] Bootstrap tree #734, logLikelihood: -13758.118273
[00:12:28] Bootstrap tree #735, logLikelihood: -13837.658790
[00:12:30] Bootstrap tree #736, logLikelihood: -13621.251240
[00:12:31] Bootstrap tree #737, logLikelihood: -13737.155629
[00:12:32] Bootstrap tree #738, logLikelihood: -14061.279911
[00:12:33] Bootstrap tree #739, logLikelihood: -13754.638575
[00:12:34] Bootstrap tree #740, logLikelihood: -14102.998377
[00:12:35] Bootstrap tree #741, logLikelihood: -13870.458582
[00:12:36] Bootstrap tree #742, logLikelihood: -13926.666403
[00:12:37] Bootstrap tree #743, logLikelihood: -13948.467375
[00:12:38] Bootstrap tree #744, logLikelihood: -13585.925801
[00:12:39] Bootstrap tree #745, logLikelihood: -13565.100056
[00:12:40] Bootstrap tree #746, logLikelihood: -14218.254059
[00:12:41] Bootstrap tree #747, logLikelihood: -13827.456295
[00:12:42] Bootstrap tree #748, logLikelihood: -13880.479593
[00:12:43] Bootstrap tree #749, logLikelihood: -13827.897419
[00:12:44] Bootstrap tree #750, logLikelihood: -13677.372338
[00:12:45] Bootstrap tree #751, logLikelihood: -13767.908643
[00:12:46] Bootstrap tree #752, logLikelihood: -14029.204548
[00:12:47] Bootstrap tree #753, logLikelihood: -13635.850551
[00:12:48] Bootstrap tree #754, logLikelihood: -13679.292347
[00:12:49] Bootstrap tree #755, logLikelihood: -14045.119515
[00:12:50] Bootstrap tree #756, logLikelihood: -14125.116869
[00:12:51] Bootstrap tree #757, logLikelihood: -14013.399029
[00:12:52] Bootstrap tree #758, logLikelihood: -14220.695457
[00:12:53] Bootstrap tree #759, logLikelihood: -13853.835081
[00:12:54] Bootstrap tree #760, logLikelihood: -13866.508488
[00:12:55] Bootstrap tree #761, logLikelihood: -14061.758411
[00:12:56] Bootstrap tree #762, logLikelihood: -13783.891232
[00:12:57] Bootstrap tree #763, logLikelihood: -13895.541761
[00:12:58] Bootstrap tree #764, logLikelihood: -13703.883678
[00:12:59] Bootstrap tree #765, logLikelihood: -13418.681895
[00:13:00] Bootstrap tree #766, logLikelihood: -14121.479081
[00:13:01] Bootstrap tree #767, logLikelihood: -14061.732236
[00:13:02] Bootstrap tree #768, logLikelihood: -13962.882812
[00:13:03] Bootstrap tree #769, logLikelihood: -13998.733728
[00:13:04] Bootstrap tree #770, logLikelihood: -13968.309047
[00:13:05] Bootstrap tree #771, logLikelihood: -13921.350785
[00:13:06] Bootstrap tree #772, logLikelihood: -13973.150590
[00:13:07] Bootstrap tree #773, logLikelihood: -13920.333733
[00:13:08] Bootstrap tree #774, logLikelihood: -13534.062407
[00:13:09] Bootstrap tree #775, logLikelihood: -13636.047420
[00:13:10] Bootstrap tree #776, logLikelihood: -13912.651492
[00:13:11] Bootstrap tree #777, logLikelihood: -13833.550869
[00:13:12] Bootstrap tree #778, logLikelihood: -13742.570774
[00:13:13] Bootstrap tree #779, logLikelihood: -13602.746987
[00:13:14] Bootstrap tree #780, logLikelihood: -13998.690799
[00:13:15] Bootstrap tree #781, logLikelihood: -13954.225173
[00:13:16] Bootstrap tree #782, logLikelihood: -14051.230833
[00:13:17] Bootstrap tree #783, logLikelihood: -13605.477258
[00:13:18] Bootstrap tree #784, logLikelihood: -13614.676902
[00:13:19] Bootstrap tree #785, logLikelihood: -14224.494417
[00:13:20] Bootstrap tree #786, logLikelihood: -14151.346445
[00:13:21] Bootstrap tree #787, logLikelihood: -13778.610452
[00:13:22] Bootstrap tree #788, logLikelihood: -14131.989917
[00:13:23] Bootstrap tree #789, logLikelihood: -14229.795492
[00:13:24] Bootstrap tree #790, logLikelihood: -14332.336380
[00:13:25] Bootstrap tree #791, logLikelihood: -14069.952449
[00:13:26] Bootstrap tree #792, logLikelihood: -14232.370679
[00:13:27] Bootstrap tree #793, logLikelihood: -14170.529261
[00:13:28] Bootstrap tree #794, logLikelihood: -13847.170626
[00:13:29] Bootstrap tree #795, logLikelihood: -14197.946099
[00:13:29] Bootstrap tree #796, logLikelihood: -13770.884144
[00:13:31] Bootstrap tree #797, logLikelihood: -14151.904827
[00:13:32] Bootstrap tree #798, logLikelihood: -14155.975218
[00:13:32] Bootstrap tree #799, logLikelihood: -13738.757896
[00:13:34] Bootstrap tree #800, logLikelihood: -13777.208509
[00:13:35] Bootstrap tree #801, logLikelihood: -13986.559809
[00:13:36] Bootstrap tree #802, logLikelihood: -14082.688518
[00:13:37] Bootstrap tree #803, logLikelihood: -14171.567011
[00:13:38] Bootstrap tree #804, logLikelihood: -13996.117425
[00:13:39] Bootstrap tree #805, logLikelihood: -14323.259643
[00:13:40] Bootstrap tree #806, logLikelihood: -13646.412165
[00:13:41] Bootstrap tree #807, logLikelihood: -13895.285898
[00:13:42] Bootstrap tree #808, logLikelihood: -14102.060225
[00:13:43] Bootstrap tree #809, logLikelihood: -14126.915514
[00:13:44] Bootstrap tree #810, logLikelihood: -13575.364689
[00:13:44] Bootstrap tree #811, logLikelihood: -13889.550613
[00:13:45] Bootstrap tree #812, logLikelihood: -14047.169678
[00:13:46] Bootstrap tree #813, logLikelihood: -13888.323346
[00:13:47] Bootstrap tree #814, logLikelihood: -13663.465206
[00:13:48] Bootstrap tree #815, logLikelihood: -13864.571551
[00:13:49] Bootstrap tree #816, logLikelihood: -13895.887983
[00:13:50] Bootstrap tree #817, logLikelihood: -13632.225788
[00:13:51] Bootstrap tree #818, logLikelihood: -13801.219172
[00:13:52] Bootstrap tree #819, logLikelihood: -13948.494053
[00:13:53] Bootstrap tree #820, logLikelihood: -14257.028083
[00:13:54] Bootstrap tree #821, logLikelihood: -14073.787445
[00:13:55] Bootstrap tree #822, logLikelihood: -13905.013853
[00:13:57] Bootstrap tree #823, logLikelihood: -14018.306234
[00:13:58] Bootstrap tree #824, logLikelihood: -13792.659107
[00:13:59] Bootstrap tree #825, logLikelihood: -13776.740882
[00:14:00] Bootstrap tree #826, logLikelihood: -13936.827068
[00:14:01] Bootstrap tree #827, logLikelihood: -14180.881109
[00:14:02] Bootstrap tree #828, logLikelihood: -13889.623294
[00:14:03] Bootstrap tree #829, logLikelihood: -14073.517482
[00:14:04] Bootstrap tree #830, logLikelihood: -14096.909953
[00:14:05] Bootstrap tree #831, logLikelihood: -14082.342710
[00:14:06] Bootstrap tree #832, logLikelihood: -14117.033395
[00:14:07] Bootstrap tree #833, logLikelihood: -13878.795038
[00:14:08] Bootstrap tree #834, logLikelihood: -13712.225438
[00:14:09] Bootstrap tree #835, logLikelihood: -14264.646692
[00:14:10] Bootstrap tree #836, logLikelihood: -13714.202418
[00:14:12] Bootstrap tree #837, logLikelihood: -13645.018239
[00:14:13] Bootstrap tree #838, logLikelihood: -13452.979149
[00:14:14] Bootstrap tree #839, logLikelihood: -13949.837527
[00:14:15] Bootstrap tree #840, logLikelihood: -13771.260370
[00:14:16] Bootstrap tree #841, logLikelihood: -13990.044738
[00:14:17] Bootstrap tree #842, logLikelihood: -13822.481207
[00:14:17] Bootstrap tree #843, logLikelihood: -13549.481578
[00:14:18] Bootstrap tree #844, logLikelihood: -13927.424642
[00:14:20] Bootstrap tree #845, logLikelihood: -13917.343205
[00:14:21] Bootstrap tree #846, logLikelihood: -13925.593882
[00:14:21] Bootstrap tree #847, logLikelihood: -13934.361855
[00:14:22] Bootstrap tree #848, logLikelihood: -14254.228490
[00:14:23] Bootstrap tree #849, logLikelihood: -13690.100332
[00:14:24] Bootstrap tree #850, logLikelihood: -13937.675188
[00:14:25] Bootstrap tree #851, logLikelihood: -13791.255421
[00:14:26] Bootstrap tree #852, logLikelihood: -13831.174842
[00:14:27] Bootstrap tree #853, logLikelihood: -13801.599531
[00:14:28] Bootstrap tree #854, logLikelihood: -13783.406520
[00:14:29] Bootstrap tree #855, logLikelihood: -14123.066943
[00:14:30] Bootstrap tree #856, logLikelihood: -13783.780230
[00:14:31] Bootstrap tree #857, logLikelihood: -13770.489630
[00:14:32] Bootstrap tree #858, logLikelihood: -13959.534511
[00:14:32] Bootstrap tree #859, logLikelihood: -13910.247947
[00:14:34] Bootstrap tree #860, logLikelihood: -13953.275974
[00:14:35] Bootstrap tree #861, logLikelihood: -13805.637058
[00:14:36] Bootstrap tree #862, logLikelihood: -13642.314860
[00:14:37] Bootstrap tree #863, logLikelihood: -13774.573999
[00:14:38] Bootstrap tree #864, logLikelihood: -13607.768838
[00:14:39] Bootstrap tree #865, logLikelihood: -13942.225382
[00:14:40] Bootstrap tree #866, logLikelihood: -14182.833464
[00:14:40] Bootstrap tree #867, logLikelihood: -13901.229602
[00:14:41] Bootstrap tree #868, logLikelihood: -13821.251987
[00:14:42] Bootstrap tree #869, logLikelihood: -14099.119850
[00:14:43] Bootstrap tree #870, logLikelihood: -13847.676903
[00:14:44] Bootstrap tree #871, logLikelihood: -13823.936416
[00:14:45] Bootstrap tree #872, logLikelihood: -13645.185295
[00:14:46] Bootstrap tree #873, logLikelihood: -13542.982177
[00:14:47] Bootstrap tree #874, logLikelihood: -14133.749791
[00:14:48] Bootstrap tree #875, logLikelihood: -14032.192950
[00:14:49] Bootstrap tree #876, logLikelihood: -14198.942088
[00:14:50] Bootstrap tree #877, logLikelihood: -13824.722615
[00:14:51] Bootstrap tree #878, logLikelihood: -14127.352989
[00:14:52] Bootstrap tree #879, logLikelihood: -14090.210985
[00:14:53] Bootstrap tree #880, logLikelihood: -14128.380356
[00:14:54] Bootstrap tree #881, logLikelihood: -13935.317469
[00:14:55] Bootstrap tree #882, logLikelihood: -14225.228737
[00:14:56] Bootstrap tree #883, logLikelihood: -13993.966826
[00:14:57] Bootstrap tree #884, logLikelihood: -13916.785852
[00:14:58] Bootstrap tree #885, logLikelihood: -14118.752564
[00:14:59] Bootstrap tree #886, logLikelihood: -13755.740137
[00:15:00] Bootstrap tree #887, logLikelihood: -14352.059101
[00:15:01] Bootstrap tree #888, logLikelihood: -13646.061023
[00:15:02] Bootstrap tree #889, logLikelihood: -14093.244335
[00:15:03] Bootstrap tree #890, logLikelihood: -13907.410234
[00:15:04] Bootstrap tree #891, logLikelihood: -13830.582275
[00:15:05] Bootstrap tree #892, logLikelihood: -13845.381345
[00:15:06] Bootstrap tree #893, logLikelihood: -14008.832835
[00:15:07] Bootstrap tree #894, logLikelihood: -14101.113483
[00:15:08] Bootstrap tree #895, logLikelihood: -13843.199747
[00:15:09] Bootstrap tree #896, logLikelihood: -13835.465042
[00:15:10] Bootstrap tree #897, logLikelihood: -14099.738721
[00:15:11] Bootstrap tree #898, logLikelihood: -14102.303120
[00:15:12] Bootstrap tree #899, logLikelihood: -13954.607259
[00:15:13] Bootstrap tree #900, logLikelihood: -14010.671763
[00:15:13] Bootstrap tree #901, logLikelihood: -14021.441552
[00:15:14] Bootstrap tree #902, logLikelihood: -13840.487206
[00:15:15] Bootstrap tree #903, logLikelihood: -14048.074279
[00:15:17] Bootstrap tree #904, logLikelihood: -13749.194970
[00:15:18] Bootstrap tree #905, logLikelihood: -13900.754689
[00:15:19] Bootstrap tree #906, logLikelihood: -13849.857954
[00:15:20] Bootstrap tree #907, logLikelihood: -14085.500214
[00:15:21] Bootstrap tree #908, logLikelihood: -13748.292552
[00:15:22] Bootstrap tree #909, logLikelihood: -14047.672960
[00:15:23] Bootstrap tree #910, logLikelihood: -13727.185068
[00:15:24] Bootstrap tree #911, logLikelihood: -13714.992617
[00:15:25] Bootstrap tree #912, logLikelihood: -13856.718975
[00:15:26] Bootstrap tree #913, logLikelihood: -13921.407760
[00:15:27] Bootstrap tree #914, logLikelihood: -13980.237599
[00:15:28] Bootstrap tree #915, logLikelihood: -14056.093995
[00:15:29] Bootstrap tree #916, logLikelihood: -13770.628886
[00:15:30] Bootstrap tree #917, logLikelihood: -13749.101360
[00:15:30] Bootstrap tree #918, logLikelihood: -13654.285412
[00:15:31] Bootstrap tree #919, logLikelihood: -14106.898235
[00:15:32] Bootstrap tree #920, logLikelihood: -13838.239977
[00:15:34] Bootstrap tree #921, logLikelihood: -13661.476337
[00:15:35] Bootstrap tree #922, logLikelihood: -13732.238357
[00:15:36] Bootstrap tree #923, logLikelihood: -13866.436072
[00:15:37] Bootstrap tree #924, logLikelihood: -14090.541653
[00:15:37] Bootstrap tree #925, logLikelihood: -13534.227041
[00:15:38] Bootstrap tree #926, logLikelihood: -14012.727936
[00:15:39] Bootstrap tree #927, logLikelihood: -13927.877455
[00:15:40] Bootstrap tree #928, logLikelihood: -14141.773579
[00:15:41] Bootstrap tree #929, logLikelihood: -13800.474190
[00:15:42] Bootstrap tree #930, logLikelihood: -14093.704508
[00:15:43] Bootstrap tree #931, logLikelihood: -13911.568854
[00:15:43] Bootstrap tree #932, logLikelihood: -13844.445918
[00:15:44] Bootstrap tree #933, logLikelihood: -14026.931160
[00:15:45] Bootstrap tree #934, logLikelihood: -13821.002506
[00:15:46] Bootstrap tree #935, logLikelihood: -14012.216500
[00:15:47] Bootstrap tree #936, logLikelihood: -14003.042238
[00:15:48] Bootstrap tree #937, logLikelihood: -13884.424170
[00:15:48] Bootstrap tree #938, logLikelihood: -14148.100103
[00:15:50] Bootstrap tree #939, logLikelihood: -13977.473040
[00:15:51] Bootstrap tree #940, logLikelihood: -13882.055923
[00:15:52] Bootstrap tree #941, logLikelihood: -14161.026784
[00:15:53] Bootstrap tree #942, logLikelihood: -13818.708509
[00:15:53] Bootstrap tree #943, logLikelihood: -14058.348017
[00:15:54] Bootstrap tree #944, logLikelihood: -13600.326863
[00:15:55] Bootstrap tree #945, logLikelihood: -13697.322948
[00:15:56] Bootstrap tree #946, logLikelihood: -13969.714662
[00:15:58] Bootstrap tree #947, logLikelihood: -13931.183193
[00:15:58] Bootstrap tree #948, logLikelihood: -13967.668946
[00:15:59] Bootstrap tree #949, logLikelihood: -14002.278277
[00:16:00] Bootstrap tree #950, logLikelihood: -14030.920794
[00:16:01] Bootstrap tree #951, logLikelihood: -13933.140989
[00:16:02] Bootstrap tree #952, logLikelihood: -14105.109307
[00:16:03] Bootstrap tree #953, logLikelihood: -13917.411783
[00:16:04] Bootstrap tree #954, logLikelihood: -13780.729290
[00:16:05] Bootstrap tree #955, logLikelihood: -13937.485426
[00:16:06] Bootstrap tree #956, logLikelihood: -14128.394272
[00:16:08] Bootstrap tree #957, logLikelihood: -14006.761696
[00:16:09] Bootstrap tree #958, logLikelihood: -13988.115512
[00:16:10] Bootstrap tree #959, logLikelihood: -14085.277301
[00:16:11] Bootstrap tree #960, logLikelihood: -13814.221710
[00:16:12] Bootstrap tree #961, logLikelihood: -13903.604952
[00:16:13] Bootstrap tree #962, logLikelihood: -14059.307526
[00:16:14] Bootstrap tree #963, logLikelihood: -13628.560891
[00:16:15] Bootstrap tree #964, logLikelihood: -13883.182527
[00:16:16] Bootstrap tree #965, logLikelihood: -13751.424076
[00:16:17] Bootstrap tree #966, logLikelihood: -14253.385673
[00:16:18] Bootstrap tree #967, logLikelihood: -13947.670174
[00:16:19] Bootstrap tree #968, logLikelihood: -13786.319296
[00:16:20] Bootstrap tree #969, logLikelihood: -13851.788896
[00:16:21] Bootstrap tree #970, logLikelihood: -14159.301508
[00:16:22] Bootstrap tree #971, logLikelihood: -13909.750236
[00:16:23] Bootstrap tree #972, logLikelihood: -13912.641581
[00:16:24] Bootstrap tree #973, logLikelihood: -14100.803489
[00:16:26] Bootstrap tree #974, logLikelihood: -13971.778454
[00:16:27] Bootstrap tree #975, logLikelihood: -14014.090425
[00:16:28] Bootstrap tree #976, logLikelihood: -13936.470131
[00:16:28] Bootstrap tree #977, logLikelihood: -14131.926081
[00:16:29] Bootstrap tree #978, logLikelihood: -13932.358139
[00:16:30] Bootstrap tree #979, logLikelihood: -13576.988528
[00:16:31] Bootstrap tree #980, logLikelihood: -13974.469185
[00:16:32] Bootstrap tree #981, logLikelihood: -13804.451219
[00:16:33] Bootstrap tree #982, logLikelihood: -14222.486532
[00:16:34] Bootstrap tree #983, logLikelihood: -13747.164307
[00:16:35] Bootstrap tree #984, logLikelihood: -13671.586540
[00:16:36] Bootstrap tree #985, logLikelihood: -14258.551843
[00:16:37] Bootstrap tree #986, logLikelihood: -14014.816965
[00:16:38] Bootstrap tree #987, logLikelihood: -13806.997684
[00:16:39] Bootstrap tree #988, logLikelihood: -13995.174269
[00:16:40] Bootstrap tree #989, logLikelihood: -13918.735888
[00:16:41] Bootstrap tree #990, logLikelihood: -13998.256878
[00:16:42] Bootstrap tree #991, logLikelihood: -14033.085366
[00:16:43] Bootstrap tree #992, logLikelihood: -13634.247186
[00:16:44] Bootstrap tree #993, logLikelihood: -14183.481289
[00:16:45] Bootstrap tree #994, logLikelihood: -13642.719687
[00:16:46] Bootstrap tree #995, logLikelihood: -14181.354375
[00:16:47] Bootstrap tree #996, logLikelihood: -14022.896505
[00:16:48] Bootstrap tree #997, logLikelihood: -13909.871216
[00:16:49] Bootstrap tree #998, logLikelihood: -13844.867797
[00:16:50] Bootstrap tree #999, logLikelihood: -13626.840372
[00:16:51] Bootstrap tree #1000, logLikelihood: -13875.323063

Optimized model parameters:

   Partition 0: noname
   Rate heterogeneity: GAMMA (4 cats, mean),  alpha: 3.243306 (ML),  weights&rates: (0.250000,0.407251) (0.250000,0.744168) (0.250000,1.083479) (0.250000,1.765102) 
   Base frequencies (ML): 0.314761 0.193318 0.243564 0.248358 
   Substitution rates (ML): 1.302829 2.732291 0.645958 0.861767 3.483763 1.000000 


Final LogLikelihood: -13935.422574

AIC score: 27922.845148 / AICc score: 27923.586436 / BIC score: 28067.420778
Free parameters (model + branch lengths): 26

Best ML tree saved to: /home/seddik/Documents/Synesth/iter6/all_Cas_trees/Csm3/Tree.raxml.bestTree
All ML trees saved to: /home/seddik/Documents/Synesth/iter6/all_Cas_trees/Csm3/Tree.raxml.mlTrees
Best ML tree with Felsenstein bootstrap (FBP) support values saved to: /home/seddik/Documents/Synesth/iter6/all_Cas_trees/Csm3/Tree.raxml.support
Optimized model saved to: /home/seddik/Documents/Synesth/iter6/all_Cas_trees/Csm3/Tree.raxml.bestModel
Bootstrap trees saved to: /home/seddik/Documents/Synesth/iter6/all_Cas_trees/Csm3/Tree.raxml.bootstraps

Execution log saved to: /home/seddik/Documents/Synesth/iter6/all_Cas_trees/Csm3/Tree.raxml.log

Analysis started: 30-Jul-2024 18:31:18 / finished: 30-Jul-2024 18:48:09

Elapsed time: 1011.592 seconds

