
RAxML-NG v. 0.9.0 released on 20.05.2019 by The Exelixis Lab.
Developed by: Alexey M. Kozlov and Alexandros Stamatakis.
Contributors: Diego Darriba, Tomas Flouri, Benoit Morel, Sarah Lutteropp, Ben Bettisworth.
Latest version: https://github.com/amkozlov/raxml-ng
Questions/problems/suggestions? Please visit: https://groups.google.com/forum/#!forum/raxml

RAxML-NG was called at 30-Jul-2024 10:22:06 as follows:

raxml-ng --all --msa all_Cas_aligned/all_Cas1_aligned.fna --model GTR+G --bs-trees 1000 --threads 4 --prefix all_Cas_trees/Cas1/Tree

Analysis options:
  run mode: ML tree search + bootstrapping (Felsenstein Bootstrap)
  start tree(s): random (10) + parsimony (10)
  bootstrap replicates: 1000
  random seed: 1722349326
  tip-inner: OFF
  pattern compression: ON
  per-rate scalers: OFF
  site repeats: ON
  branch lengths: proportional (ML estimate, algorithm: NR-FAST)
  SIMD kernels: AVX2
  parallelization: PTHREADS (4 threads), thread pinning: OFF

[00:00:00] Reading alignment from file: all_Cas_aligned/all_Cas1_aligned.fna
[00:00:00] Loaded alignment with 28 taxa and 1928 sites

Alignment comprises 1 partitions and 1349 patterns

Partition 0: noname
Model: GTR+FO+G4m
Alignment sites / patterns: 1928 / 1349
Gaps: 48.20 %
Invariant sites: 32.47 %


NOTE: Binary MSA file created: all_Cas_trees/Cas1/Tree.raxml.rba

[00:00:00] Generating 10 random starting tree(s) with 28 taxa
[00:00:00] Generating 10 parsimony starting tree(s) with 28 taxa
[00:00:00] Data distribution: max. partitions/sites/weight per thread: 1 / 338 / 5408

Starting ML tree search with 20 distinct starting trees

[00:00:03] ML tree search #1, logLikelihood: -33301.290110
[00:00:07] ML tree search #2, logLikelihood: -33301.279410
[00:00:13] ML tree search #3, logLikelihood: -33301.290761
[00:00:16] ML tree search #4, logLikelihood: -33301.306008
[00:00:21] ML tree search #5, logLikelihood: -33301.278636
[00:00:25] ML tree search #6, logLikelihood: -33300.943790
[00:00:28] ML tree search #7, logLikelihood: -33304.424006
[00:00:33] ML tree search #8, logLikelihood: -33300.166085
[00:00:39] ML tree search #9, logLikelihood: -33301.285920
[00:00:42] ML tree search #10, logLikelihood: -33301.289091
[00:00:46] ML tree search #11, logLikelihood: -33300.206470
[00:00:51] ML tree search #12, logLikelihood: -33300.165583
[00:00:55] ML tree search #13, logLikelihood: -33300.935880
[00:00:58] ML tree search #14, logLikelihood: -33300.940554
[00:01:02] ML tree search #15, logLikelihood: -33300.942751
[00:01:05] ML tree search #16, logLikelihood: -33300.936048
[00:01:09] ML tree search #17, logLikelihood: -33300.942029
[00:01:12] ML tree search #18, logLikelihood: -33304.428324
[00:01:16] ML tree search #19, logLikelihood: -33300.948878
[00:01:20] ML tree search #20, logLikelihood: -33300.938484

[00:01:20] ML tree search completed, best tree logLH: -33300.165583

[00:01:20] Starting bootstrapping analysis with 1000 replicates.

[00:01:23] Bootstrap tree #1, logLikelihood: -33119.148073
[00:01:27] Bootstrap tree #2, logLikelihood: -33292.030498
[00:01:31] Bootstrap tree #3, logLikelihood: -32622.751715
[00:01:35] Bootstrap tree #4, logLikelihood: -34255.703073
[00:01:39] Bootstrap tree #5, logLikelihood: -33858.085589
[00:01:42] Bootstrap tree #6, logLikelihood: -32438.276049
[00:01:46] Bootstrap tree #7, logLikelihood: -32806.967271
[00:01:49] Bootstrap tree #8, logLikelihood: -33796.432877
[00:01:52] Bootstrap tree #9, logLikelihood: -33571.438686
[00:01:56] Bootstrap tree #10, logLikelihood: -33153.756666
[00:01:59] Bootstrap tree #11, logLikelihood: -32155.257700
[00:02:02] Bootstrap tree #12, logLikelihood: -32570.349321
[00:02:06] Bootstrap tree #13, logLikelihood: -32488.810926
[00:02:09] Bootstrap tree #14, logLikelihood: -33110.397831
[00:02:13] Bootstrap tree #15, logLikelihood: -33104.395152
[00:02:16] Bootstrap tree #16, logLikelihood: -33779.499632
[00:02:19] Bootstrap tree #17, logLikelihood: -33046.893184
[00:02:24] Bootstrap tree #18, logLikelihood: -33653.010343
[00:02:27] Bootstrap tree #19, logLikelihood: -33095.081352
[00:02:30] Bootstrap tree #20, logLikelihood: -32666.978110
[00:02:33] Bootstrap tree #21, logLikelihood: -33563.552435
[00:02:37] Bootstrap tree #22, logLikelihood: -33575.289102
[00:02:39] Bootstrap tree #23, logLikelihood: -33389.663723
[00:02:43] Bootstrap tree #24, logLikelihood: -32677.815364
[00:02:48] Bootstrap tree #25, logLikelihood: -32562.716634
[00:02:52] Bootstrap tree #26, logLikelihood: -33156.869235
[00:02:55] Bootstrap tree #27, logLikelihood: -32737.745062
[00:02:59] Bootstrap tree #28, logLikelihood: -32326.589207
[00:03:03] Bootstrap tree #29, logLikelihood: -33218.533754
[00:03:08] Bootstrap tree #30, logLikelihood: -33679.132440
[00:03:12] Bootstrap tree #31, logLikelihood: -32612.626291
[00:03:15] Bootstrap tree #32, logLikelihood: -33554.252436
[00:03:18] Bootstrap tree #33, logLikelihood: -32090.497182
[00:03:22] Bootstrap tree #34, logLikelihood: -33974.510740
[00:03:25] Bootstrap tree #35, logLikelihood: -33180.576586
[00:03:28] Bootstrap tree #36, logLikelihood: -32346.420360
[00:03:32] Bootstrap tree #37, logLikelihood: -33108.430306
[00:03:35] Bootstrap tree #38, logLikelihood: -33583.000510
[00:03:38] Bootstrap tree #39, logLikelihood: -34486.822970
[00:03:40] Bootstrap tree #40, logLikelihood: -33391.370009
[00:03:44] Bootstrap tree #41, logLikelihood: -33266.018911
[00:03:47] Bootstrap tree #42, logLikelihood: -32113.316455
[00:03:50] Bootstrap tree #43, logLikelihood: -33658.236810
[00:03:54] Bootstrap tree #44, logLikelihood: -34502.241299
[00:03:58] Bootstrap tree #45, logLikelihood: -33238.275207
[00:04:01] Bootstrap tree #46, logLikelihood: -31912.198535
[00:04:05] Bootstrap tree #47, logLikelihood: -32686.118628
[00:04:08] Bootstrap tree #48, logLikelihood: -33996.051764
[00:04:12] Bootstrap tree #49, logLikelihood: -33670.896781
[00:04:15] Bootstrap tree #50, logLikelihood: -32918.620578
[00:04:19] Bootstrap tree #51, logLikelihood: -32626.827658
[00:04:22] Bootstrap tree #52, logLikelihood: -32699.458318
[00:04:26] Bootstrap tree #53, logLikelihood: -33737.829759
[00:04:30] Bootstrap tree #54, logLikelihood: -34030.313568
[00:04:33] Bootstrap tree #55, logLikelihood: -32290.522938
[00:04:36] Bootstrap tree #56, logLikelihood: -33025.956358
[00:04:40] Bootstrap tree #57, logLikelihood: -31471.731616
[00:04:42] Bootstrap tree #58, logLikelihood: -32167.656570
[00:04:46] Bootstrap tree #59, logLikelihood: -33489.456183
[00:04:50] Bootstrap tree #60, logLikelihood: -33925.164415
[00:04:54] Bootstrap tree #61, logLikelihood: -32902.590682
[00:04:58] Bootstrap tree #62, logLikelihood: -33366.678989
[00:05:02] Bootstrap tree #63, logLikelihood: -32670.075177
[00:05:07] Bootstrap tree #64, logLikelihood: -34071.199167
[00:05:11] Bootstrap tree #65, logLikelihood: -33910.291307
[00:05:15] Bootstrap tree #66, logLikelihood: -32572.998305
[00:05:18] Bootstrap tree #67, logLikelihood: -33166.983741
[00:05:22] Bootstrap tree #68, logLikelihood: -33570.544595
[00:05:25] Bootstrap tree #69, logLikelihood: -32877.426940
[00:05:29] Bootstrap tree #70, logLikelihood: -32952.340840
[00:05:33] Bootstrap tree #71, logLikelihood: -33654.787797
[00:05:37] Bootstrap tree #72, logLikelihood: -33157.555120
[00:05:40] Bootstrap tree #73, logLikelihood: -33546.628954
[00:05:43] Bootstrap tree #74, logLikelihood: -32859.531210
[00:05:47] Bootstrap tree #75, logLikelihood: -32984.593783
[00:05:51] Bootstrap tree #76, logLikelihood: -32804.244129
[00:05:54] Bootstrap tree #77, logLikelihood: -32317.792068
[00:05:58] Bootstrap tree #78, logLikelihood: -32741.671420
[00:06:02] Bootstrap tree #79, logLikelihood: -33387.852309
[00:06:06] Bootstrap tree #80, logLikelihood: -33407.949019
[00:06:11] Bootstrap tree #81, logLikelihood: -32883.891693
[00:06:14] Bootstrap tree #82, logLikelihood: -34104.613359
[00:06:17] Bootstrap tree #83, logLikelihood: -34537.747999
[00:06:20] Bootstrap tree #84, logLikelihood: -33352.576725
[00:06:24] Bootstrap tree #85, logLikelihood: -32877.527293
[00:06:27] Bootstrap tree #86, logLikelihood: -33138.701830
[00:06:31] Bootstrap tree #87, logLikelihood: -34063.338672
[00:06:33] Bootstrap tree #88, logLikelihood: -34142.403374
[00:06:36] Bootstrap tree #89, logLikelihood: -33279.382963
[00:06:39] Bootstrap tree #90, logLikelihood: -32901.900106
[00:06:43] Bootstrap tree #91, logLikelihood: -33563.899854
[00:06:46] Bootstrap tree #92, logLikelihood: -33417.737137
[00:06:50] Bootstrap tree #93, logLikelihood: -32282.241999
[00:06:53] Bootstrap tree #94, logLikelihood: -32168.283783
[00:06:57] Bootstrap tree #95, logLikelihood: -32227.603436
[00:07:00] Bootstrap tree #96, logLikelihood: -32974.386715
[00:07:04] Bootstrap tree #97, logLikelihood: -32043.348556
[00:07:09] Bootstrap tree #98, logLikelihood: -32937.788381
[00:07:12] Bootstrap tree #99, logLikelihood: -32850.584632
[00:07:17] Bootstrap tree #100, logLikelihood: -33165.298300
[00:07:22] Bootstrap tree #101, logLikelihood: -33103.207724
[00:07:25] Bootstrap tree #102, logLikelihood: -33843.726452
[00:07:29] Bootstrap tree #103, logLikelihood: -33848.789643
[00:07:32] Bootstrap tree #104, logLikelihood: -33373.108445
[00:07:35] Bootstrap tree #105, logLikelihood: -33581.206845
[00:07:38] Bootstrap tree #106, logLikelihood: -31801.541545
[00:07:41] Bootstrap tree #107, logLikelihood: -33387.515071
[00:07:44] Bootstrap tree #108, logLikelihood: -33141.061810
[00:07:48] Bootstrap tree #109, logLikelihood: -33214.196613
[00:07:51] Bootstrap tree #110, logLikelihood: -33237.948024
[00:07:55] Bootstrap tree #111, logLikelihood: -33361.027502
[00:07:59] Bootstrap tree #112, logLikelihood: -34014.828844
[00:08:01] Bootstrap tree #113, logLikelihood: -32023.899480
[00:08:06] Bootstrap tree #114, logLikelihood: -33426.902745
[00:08:08] Bootstrap tree #115, logLikelihood: -34151.943184
[00:08:11] Bootstrap tree #116, logLikelihood: -34063.870993
[00:08:14] Bootstrap tree #117, logLikelihood: -31828.573642
[00:08:17] Bootstrap tree #118, logLikelihood: -32954.372194
[00:08:21] Bootstrap tree #119, logLikelihood: -33096.028553
[00:08:24] Bootstrap tree #120, logLikelihood: -33167.982365
[00:08:27] Bootstrap tree #121, logLikelihood: -34139.646882
[00:08:30] Bootstrap tree #122, logLikelihood: -33645.430319
[00:08:32] Bootstrap tree #123, logLikelihood: -32100.970712
[00:08:35] Bootstrap tree #124, logLikelihood: -33781.924344
[00:08:39] Bootstrap tree #125, logLikelihood: -32066.328949
[00:08:41] Bootstrap tree #126, logLikelihood: -34047.602979
[00:08:44] Bootstrap tree #127, logLikelihood: -32635.915248
[00:08:49] Bootstrap tree #128, logLikelihood: -33362.567461
[00:08:52] Bootstrap tree #129, logLikelihood: -32149.451224
[00:08:57] Bootstrap tree #130, logLikelihood: -33232.902169
[00:09:00] Bootstrap tree #131, logLikelihood: -34086.458758
[00:09:03] Bootstrap tree #132, logLikelihood: -32270.329312
[00:09:06] Bootstrap tree #133, logLikelihood: -33802.652450
[00:09:09] Bootstrap tree #134, logLikelihood: -33183.595550
[00:09:12] Bootstrap tree #135, logLikelihood: -32064.367708
[00:09:15] Bootstrap tree #136, logLikelihood: -32710.807258
[00:09:18] Bootstrap tree #137, logLikelihood: -32968.353286
[00:09:21] Bootstrap tree #138, logLikelihood: -33955.053063
[00:09:24] Bootstrap tree #139, logLikelihood: -33872.106368
[00:09:27] Bootstrap tree #140, logLikelihood: -32209.836377
[00:09:30] Bootstrap tree #141, logLikelihood: -33333.943670
[00:09:34] Bootstrap tree #142, logLikelihood: -32944.534919
[00:09:38] Bootstrap tree #143, logLikelihood: -33645.326391
[00:09:41] Bootstrap tree #144, logLikelihood: -33185.111358
[00:09:45] Bootstrap tree #145, logLikelihood: -33284.166290
[00:09:48] Bootstrap tree #146, logLikelihood: -32344.804343
[00:09:52] Bootstrap tree #147, logLikelihood: -33598.320324
[00:09:56] Bootstrap tree #148, logLikelihood: -32496.252282
[00:09:59] Bootstrap tree #149, logLikelihood: -32514.503533
[00:10:02] Bootstrap tree #150, logLikelihood: -34047.260464
[00:10:06] Bootstrap tree #151, logLikelihood: -32709.688675
[00:10:09] Bootstrap tree #152, logLikelihood: -33388.356037
[00:10:12] Bootstrap tree #153, logLikelihood: -34143.537164
[00:10:16] Bootstrap tree #154, logLikelihood: -33962.529525
[00:10:20] Bootstrap tree #155, logLikelihood: -33925.748151
[00:10:23] Bootstrap tree #156, logLikelihood: -33259.838649
[00:10:28] Bootstrap tree #157, logLikelihood: -32875.026633
[00:10:31] Bootstrap tree #158, logLikelihood: -33069.955515
[00:10:34] Bootstrap tree #159, logLikelihood: -32239.536290
[00:10:37] Bootstrap tree #160, logLikelihood: -34167.427619
[00:10:40] Bootstrap tree #161, logLikelihood: -33382.429812
[00:10:43] Bootstrap tree #162, logLikelihood: -33048.666174
[00:10:46] Bootstrap tree #163, logLikelihood: -33066.981968
[00:10:50] Bootstrap tree #164, logLikelihood: -32592.750877
[00:10:53] Bootstrap tree #165, logLikelihood: -32820.570389
[00:10:57] Bootstrap tree #166, logLikelihood: -31964.598857
[00:11:03] Bootstrap tree #167, logLikelihood: -33771.286170
[00:11:06] Bootstrap tree #168, logLikelihood: -33030.595253
[00:11:09] Bootstrap tree #169, logLikelihood: -34054.491136
[00:11:13] Bootstrap tree #170, logLikelihood: -33475.371424
[00:11:16] Bootstrap tree #171, logLikelihood: -32840.692358
[00:11:18] Bootstrap tree #172, logLikelihood: -33617.399527
[00:11:23] Bootstrap tree #173, logLikelihood: -32114.066528
[00:11:28] Bootstrap tree #174, logLikelihood: -34364.535551
[00:11:31] Bootstrap tree #175, logLikelihood: -34232.819206
[00:11:34] Bootstrap tree #176, logLikelihood: -33619.340044
[00:11:36] Bootstrap tree #177, logLikelihood: -33768.940203
[00:11:40] Bootstrap tree #178, logLikelihood: -33193.385123
[00:11:43] Bootstrap tree #179, logLikelihood: -32863.527923
[00:11:46] Bootstrap tree #180, logLikelihood: -33934.227901
[00:11:50] Bootstrap tree #181, logLikelihood: -33580.678253
[00:11:54] Bootstrap tree #182, logLikelihood: -32210.872267
[00:11:58] Bootstrap tree #183, logLikelihood: -33205.858530
[00:12:02] Bootstrap tree #184, logLikelihood: -33246.748010
[00:12:05] Bootstrap tree #185, logLikelihood: -33391.821214
[00:12:09] Bootstrap tree #186, logLikelihood: -33214.990651
[00:12:12] Bootstrap tree #187, logLikelihood: -33768.769611
[00:12:16] Bootstrap tree #188, logLikelihood: -33091.193577
[00:12:20] Bootstrap tree #189, logLikelihood: -32591.690571
[00:12:25] Bootstrap tree #190, logLikelihood: -32679.398667
[00:12:29] Bootstrap tree #191, logLikelihood: -34185.078838
[00:12:32] Bootstrap tree #192, logLikelihood: -32788.625780
[00:12:35] Bootstrap tree #193, logLikelihood: -33672.531366
[00:12:39] Bootstrap tree #194, logLikelihood: -33671.802290
[00:12:43] Bootstrap tree #195, logLikelihood: -33668.991159
[00:12:47] Bootstrap tree #196, logLikelihood: -32797.357902
[00:12:51] Bootstrap tree #197, logLikelihood: -33920.857420
[00:12:54] Bootstrap tree #198, logLikelihood: -32140.838028
[00:12:56] Bootstrap tree #199, logLikelihood: -32723.644682
[00:12:59] Bootstrap tree #200, logLikelihood: -33594.128989
[00:13:02] Bootstrap tree #201, logLikelihood: -33791.266103
[00:13:05] Bootstrap tree #202, logLikelihood: -33141.603947
[00:13:08] Bootstrap tree #203, logLikelihood: -33616.303728
[00:13:13] Bootstrap tree #204, logLikelihood: -33218.712647
[00:13:16] Bootstrap tree #205, logLikelihood: -33469.696889
[00:13:20] Bootstrap tree #206, logLikelihood: -34166.525866
[00:13:24] Bootstrap tree #207, logLikelihood: -33687.573189
[00:13:28] Bootstrap tree #208, logLikelihood: -32273.889396
[00:13:31] Bootstrap tree #209, logLikelihood: -33637.249843
[00:13:34] Bootstrap tree #210, logLikelihood: -33922.425443
[00:13:38] Bootstrap tree #211, logLikelihood: -32080.696932
[00:13:42] Bootstrap tree #212, logLikelihood: -32085.270765
[00:13:45] Bootstrap tree #213, logLikelihood: -34387.174739
[00:13:49] Bootstrap tree #214, logLikelihood: -33315.116808
[00:13:52] Bootstrap tree #215, logLikelihood: -32186.885858
[00:13:55] Bootstrap tree #216, logLikelihood: -33108.298487
[00:13:59] Bootstrap tree #217, logLikelihood: -33801.753128
[00:14:02] Bootstrap tree #218, logLikelihood: -33085.535841
[00:14:06] Bootstrap tree #219, logLikelihood: -33367.297440
[00:14:09] Bootstrap tree #220, logLikelihood: -33967.058877
[00:14:12] Bootstrap tree #221, logLikelihood: -33042.520206
[00:14:16] Bootstrap tree #222, logLikelihood: -33382.005247
[00:14:21] Bootstrap tree #223, logLikelihood: -33400.989525
[00:14:25] Bootstrap tree #224, logLikelihood: -33283.517931
[00:14:30] Bootstrap tree #225, logLikelihood: -33995.149162
[00:14:32] Bootstrap tree #226, logLikelihood: -32576.229355
[00:14:37] Bootstrap tree #227, logLikelihood: -33681.628936
[00:14:40] Bootstrap tree #228, logLikelihood: -32964.117794
[00:14:44] Bootstrap tree #229, logLikelihood: -33760.880331
[00:14:48] Bootstrap tree #230, logLikelihood: -33960.089145
[00:14:51] Bootstrap tree #231, logLikelihood: -32618.451539
[00:14:54] Bootstrap tree #232, logLikelihood: -34722.243251
[00:14:58] Bootstrap tree #233, logLikelihood: -32421.221381
[00:15:02] Bootstrap tree #234, logLikelihood: -33806.819442
[00:15:07] Bootstrap tree #235, logLikelihood: -32114.606966
[00:15:10] Bootstrap tree #236, logLikelihood: -33202.501196
[00:15:13] Bootstrap tree #237, logLikelihood: -32529.518271
[00:15:16] Bootstrap tree #238, logLikelihood: -33470.104569
[00:15:21] Bootstrap tree #239, logLikelihood: -32297.566280
[00:15:24] Bootstrap tree #240, logLikelihood: -33831.709697
[00:15:28] Bootstrap tree #241, logLikelihood: -34516.830289
[00:15:31] Bootstrap tree #242, logLikelihood: -33903.755197
[00:15:35] Bootstrap tree #243, logLikelihood: -33698.979531
[00:15:38] Bootstrap tree #244, logLikelihood: -33842.793200
[00:15:43] Bootstrap tree #245, logLikelihood: -32619.099532
[00:15:47] Bootstrap tree #246, logLikelihood: -33355.596953
[00:15:50] Bootstrap tree #247, logLikelihood: -31668.906668
[00:15:56] Bootstrap tree #248, logLikelihood: -33459.945288
[00:16:00] Bootstrap tree #249, logLikelihood: -34355.127146
[00:16:05] Bootstrap tree #250, logLikelihood: -33440.760724
[00:16:08] Bootstrap tree #251, logLikelihood: -33312.335206
[00:16:11] Bootstrap tree #252, logLikelihood: -33310.419521
[00:16:14] Bootstrap tree #253, logLikelihood: -32827.345873
[00:16:17] Bootstrap tree #254, logLikelihood: -32943.924536
[00:16:20] Bootstrap tree #255, logLikelihood: -33009.137902
[00:16:23] Bootstrap tree #256, logLikelihood: -32945.954855
[00:16:29] Bootstrap tree #257, logLikelihood: -33566.431428
[00:16:32] Bootstrap tree #258, logLikelihood: -33935.513929
[00:16:36] Bootstrap tree #259, logLikelihood: -33439.020867
[00:16:39] Bootstrap tree #260, logLikelihood: -32932.281621
[00:16:42] Bootstrap tree #261, logLikelihood: -33574.829899
[00:16:45] Bootstrap tree #262, logLikelihood: -34657.312540
[00:16:49] Bootstrap tree #263, logLikelihood: -33571.670374
[00:16:53] Bootstrap tree #264, logLikelihood: -33900.145650
[00:16:57] Bootstrap tree #265, logLikelihood: -34040.992931
[00:17:00] Bootstrap tree #266, logLikelihood: -33547.587274
[00:17:05] Bootstrap tree #267, logLikelihood: -32368.925764
[00:17:08] Bootstrap tree #268, logLikelihood: -32835.301566
[00:17:11] Bootstrap tree #269, logLikelihood: -33103.634800
[00:17:14] Bootstrap tree #270, logLikelihood: -33089.586583
[00:17:17] Bootstrap tree #271, logLikelihood: -33414.879824
[00:17:21] Bootstrap tree #272, logLikelihood: -33947.553544
[00:17:23] Bootstrap tree #273, logLikelihood: -33606.827051
[00:17:27] Bootstrap tree #274, logLikelihood: -33627.166942
[00:17:31] Bootstrap tree #275, logLikelihood: -33617.412524
[00:17:35] Bootstrap tree #276, logLikelihood: -34230.383887
[00:17:38] Bootstrap tree #277, logLikelihood: -33445.119515
[00:17:42] Bootstrap tree #278, logLikelihood: -33438.117286
[00:17:47] Bootstrap tree #279, logLikelihood: -33034.650915
[00:17:50] Bootstrap tree #280, logLikelihood: -33107.416917
[00:17:54] Bootstrap tree #281, logLikelihood: -33789.303130
[00:17:57] Bootstrap tree #282, logLikelihood: -32682.771117
[00:18:01] Bootstrap tree #283, logLikelihood: -33587.435942
[00:18:04] Bootstrap tree #284, logLikelihood: -33659.584680
[00:18:08] Bootstrap tree #285, logLikelihood: -33607.166867
[00:18:12] Bootstrap tree #286, logLikelihood: -33139.115897
[00:18:15] Bootstrap tree #287, logLikelihood: -34049.024348
[00:18:18] Bootstrap tree #288, logLikelihood: -34116.913111
[00:18:22] Bootstrap tree #289, logLikelihood: -32496.906034
[00:18:27] Bootstrap tree #290, logLikelihood: -32692.650726
[00:18:30] Bootstrap tree #291, logLikelihood: -32635.913147
[00:18:33] Bootstrap tree #292, logLikelihood: -33640.429550
[00:18:38] Bootstrap tree #293, logLikelihood: -33226.005646
[00:18:41] Bootstrap tree #294, logLikelihood: -32444.095674
[00:18:45] Bootstrap tree #295, logLikelihood: -34387.578320
[00:18:48] Bootstrap tree #296, logLikelihood: -31629.610892
[00:18:51] Bootstrap tree #297, logLikelihood: -33602.117714
[00:18:54] Bootstrap tree #298, logLikelihood: -33831.073887
[00:18:57] Bootstrap tree #299, logLikelihood: -33137.531517
[00:19:01] Bootstrap tree #300, logLikelihood: -32057.754272
[00:19:04] Bootstrap tree #301, logLikelihood: -32861.072042
[00:19:07] Bootstrap tree #302, logLikelihood: -34469.109694
[00:19:10] Bootstrap tree #303, logLikelihood: -33442.159766
[00:19:14] Bootstrap tree #304, logLikelihood: -34054.374032
[00:19:17] Bootstrap tree #305, logLikelihood: -32876.454834
[00:19:20] Bootstrap tree #306, logLikelihood: -32765.028286
[00:19:24] Bootstrap tree #307, logLikelihood: -33337.080925
[00:19:28] Bootstrap tree #308, logLikelihood: -33569.980739
[00:19:31] Bootstrap tree #309, logLikelihood: -33127.090912
[00:19:34] Bootstrap tree #310, logLikelihood: -33910.755760
[00:19:38] Bootstrap tree #311, logLikelihood: -33454.995029
[00:19:41] Bootstrap tree #312, logLikelihood: -33299.551499
[00:19:45] Bootstrap tree #313, logLikelihood: -32850.597708
[00:19:48] Bootstrap tree #314, logLikelihood: -34169.961116
[00:19:51] Bootstrap tree #315, logLikelihood: -32925.713162
[00:19:54] Bootstrap tree #316, logLikelihood: -32812.284781
[00:19:56] Bootstrap tree #317, logLikelihood: -32461.980387
[00:19:59] Bootstrap tree #318, logLikelihood: -33050.852325
[00:20:02] Bootstrap tree #319, logLikelihood: -32584.855792
[00:20:06] Bootstrap tree #320, logLikelihood: -33075.531141
[00:20:09] Bootstrap tree #321, logLikelihood: -33910.234001
[00:20:11] Bootstrap tree #322, logLikelihood: -32046.140994
[00:20:14] Bootstrap tree #323, logLikelihood: -33190.702379
[00:20:17] Bootstrap tree #324, logLikelihood: -33272.155577
[00:20:21] Bootstrap tree #325, logLikelihood: -32533.467383
[00:20:25] Bootstrap tree #326, logLikelihood: -33535.783677
[00:20:27] Bootstrap tree #327, logLikelihood: -34230.233472
[00:20:31] Bootstrap tree #328, logLikelihood: -33529.255147
[00:20:35] Bootstrap tree #329, logLikelihood: -33487.977825
[00:20:39] Bootstrap tree #330, logLikelihood: -34305.514511
[00:20:43] Bootstrap tree #331, logLikelihood: -34702.090255
[00:20:48] Bootstrap tree #332, logLikelihood: -33706.604486
[00:20:51] Bootstrap tree #333, logLikelihood: -34080.564397
[00:20:54] Bootstrap tree #334, logLikelihood: -33177.037343
[00:20:59] Bootstrap tree #335, logLikelihood: -33369.132953
[00:21:02] Bootstrap tree #336, logLikelihood: -33909.902584
[00:21:04] Bootstrap tree #337, logLikelihood: -33511.278470
[00:21:08] Bootstrap tree #338, logLikelihood: -33228.401654
[00:21:10] Bootstrap tree #339, logLikelihood: -32716.911918
[00:21:15] Bootstrap tree #340, logLikelihood: -33153.490992
[00:21:19] Bootstrap tree #341, logLikelihood: -33437.894912
[00:21:22] Bootstrap tree #342, logLikelihood: -32553.599026
[00:21:25] Bootstrap tree #343, logLikelihood: -32694.169433
[00:21:28] Bootstrap tree #344, logLikelihood: -32554.263431
[00:21:32] Bootstrap tree #345, logLikelihood: -31868.258756
[00:21:36] Bootstrap tree #346, logLikelihood: -33150.590739
[00:21:40] Bootstrap tree #347, logLikelihood: -33677.963620
[00:21:44] Bootstrap tree #348, logLikelihood: -33495.182495
[00:21:50] Bootstrap tree #349, logLikelihood: -33270.408909
[00:21:53] Bootstrap tree #350, logLikelihood: -33309.626862
[00:21:57] Bootstrap tree #351, logLikelihood: -33612.050348
[00:22:00] Bootstrap tree #352, logLikelihood: -33700.631849
[00:22:02] Bootstrap tree #353, logLikelihood: -32987.703735
[00:22:05] Bootstrap tree #354, logLikelihood: -33320.050830
[00:22:08] Bootstrap tree #355, logLikelihood: -32792.955754
[00:22:11] Bootstrap tree #356, logLikelihood: -33684.579489
[00:22:14] Bootstrap tree #357, logLikelihood: -33457.101354
[00:22:17] Bootstrap tree #358, logLikelihood: -32830.461269
[00:22:21] Bootstrap tree #359, logLikelihood: -32007.422731
[00:22:24] Bootstrap tree #360, logLikelihood: -32444.087162
[00:22:27] Bootstrap tree #361, logLikelihood: -32182.516716
[00:22:31] Bootstrap tree #362, logLikelihood: -33961.263224
[00:22:35] Bootstrap tree #363, logLikelihood: -33827.712336
[00:22:38] Bootstrap tree #364, logLikelihood: -34051.518823
[00:22:42] Bootstrap tree #365, logLikelihood: -34553.340590
[00:22:46] Bootstrap tree #366, logLikelihood: -34651.260758
[00:22:49] Bootstrap tree #367, logLikelihood: -32871.699550
[00:22:52] Bootstrap tree #368, logLikelihood: -33462.445548
[00:22:55] Bootstrap tree #369, logLikelihood: -32703.767009
[00:23:00] Bootstrap tree #370, logLikelihood: -33588.630008
[00:23:03] Bootstrap tree #371, logLikelihood: -34098.184379
[00:23:06] Bootstrap tree #372, logLikelihood: -32803.389674
[00:23:08] Bootstrap tree #373, logLikelihood: -33445.591430
[00:23:12] Bootstrap tree #374, logLikelihood: -34808.251801
[00:23:15] Bootstrap tree #375, logLikelihood: -32780.465701
[00:23:18] Bootstrap tree #376, logLikelihood: -32670.908723
[00:23:22] Bootstrap tree #377, logLikelihood: -32923.005904
[00:23:24] Bootstrap tree #378, logLikelihood: -32501.235364
[00:23:28] Bootstrap tree #379, logLikelihood: -33222.987402
[00:23:32] Bootstrap tree #380, logLikelihood: -33531.927757
[00:23:35] Bootstrap tree #381, logLikelihood: -32700.264547
[00:23:39] Bootstrap tree #382, logLikelihood: -32969.326960
[00:23:43] Bootstrap tree #383, logLikelihood: -33650.233841
[00:23:46] Bootstrap tree #384, logLikelihood: -32544.778308
[00:23:50] Bootstrap tree #385, logLikelihood: -33895.564276
[00:23:53] Bootstrap tree #386, logLikelihood: -32460.947760
[00:23:57] Bootstrap tree #387, logLikelihood: -32432.857673
[00:24:00] Bootstrap tree #388, logLikelihood: -34337.570619
[00:24:03] Bootstrap tree #389, logLikelihood: -32394.469873
[00:24:06] Bootstrap tree #390, logLikelihood: -32992.648105
[00:24:09] Bootstrap tree #391, logLikelihood: -33883.026403
[00:24:13] Bootstrap tree #392, logLikelihood: -33528.825943
[00:24:16] Bootstrap tree #393, logLikelihood: -31768.030441
[00:24:20] Bootstrap tree #394, logLikelihood: -34004.166127
[00:24:22] Bootstrap tree #395, logLikelihood: -33956.375994
[00:24:26] Bootstrap tree #396, logLikelihood: -33717.033349
[00:24:29] Bootstrap tree #397, logLikelihood: -32479.826186
[00:24:33] Bootstrap tree #398, logLikelihood: -33513.928098
[00:24:36] Bootstrap tree #399, logLikelihood: -33503.950573
[00:24:39] Bootstrap tree #400, logLikelihood: -34574.502958
[00:24:42] Bootstrap tree #401, logLikelihood: -32740.058770
[00:24:45] Bootstrap tree #402, logLikelihood: -33232.087900
[00:24:48] Bootstrap tree #403, logLikelihood: -32401.640045
[00:24:51] Bootstrap tree #404, logLikelihood: -32870.149922
[00:24:54] Bootstrap tree #405, logLikelihood: -33532.334539
[00:24:58] Bootstrap tree #406, logLikelihood: -34741.604248
[00:25:01] Bootstrap tree #407, logLikelihood: -33302.518236
[00:25:04] Bootstrap tree #408, logLikelihood: -33190.562143
[00:25:07] Bootstrap tree #409, logLikelihood: -33262.216788
[00:25:11] Bootstrap tree #410, logLikelihood: -33565.433681
[00:25:14] Bootstrap tree #411, logLikelihood: -33342.507462
[00:25:18] Bootstrap tree #412, logLikelihood: -32986.128575
[00:25:21] Bootstrap tree #413, logLikelihood: -33924.177236
[00:25:25] Bootstrap tree #414, logLikelihood: -33064.304986
[00:25:27] Bootstrap tree #415, logLikelihood: -32983.323962
[00:25:30] Bootstrap tree #416, logLikelihood: -31759.902406
[00:25:34] Bootstrap tree #417, logLikelihood: -32689.782166
[00:25:38] Bootstrap tree #418, logLikelihood: -33748.995488
[00:25:43] Bootstrap tree #419, logLikelihood: -32803.788298
[00:25:46] Bootstrap tree #420, logLikelihood: -32414.849034
[00:25:48] Bootstrap tree #421, logLikelihood: -32250.167334
[00:25:51] Bootstrap tree #422, logLikelihood: -32995.199701
[00:25:55] Bootstrap tree #423, logLikelihood: -33463.460080
[00:25:57] Bootstrap tree #424, logLikelihood: -33739.934641
[00:26:00] Bootstrap tree #425, logLikelihood: -33338.604200
[00:26:03] Bootstrap tree #426, logLikelihood: -31927.317970
[00:26:06] Bootstrap tree #427, logLikelihood: -34196.331478
[00:26:10] Bootstrap tree #428, logLikelihood: -33598.302180
[00:26:13] Bootstrap tree #429, logLikelihood: -34938.666632
[00:26:16] Bootstrap tree #430, logLikelihood: -33065.311476
[00:26:19] Bootstrap tree #431, logLikelihood: -33860.897148
[00:26:23] Bootstrap tree #432, logLikelihood: -34013.234925
[00:26:26] Bootstrap tree #433, logLikelihood: -34418.384970
[00:26:28] Bootstrap tree #434, logLikelihood: -32401.950022
[00:26:31] Bootstrap tree #435, logLikelihood: -33613.678469
[00:26:34] Bootstrap tree #436, logLikelihood: -32908.883783
[00:26:37] Bootstrap tree #437, logLikelihood: -34520.333142
[00:26:40] Bootstrap tree #438, logLikelihood: -32779.877674
[00:26:43] Bootstrap tree #439, logLikelihood: -34495.406368
[00:26:46] Bootstrap tree #440, logLikelihood: -32978.352523
[00:26:50] Bootstrap tree #441, logLikelihood: -32837.845650
[00:26:53] Bootstrap tree #442, logLikelihood: -33158.425340
[00:26:57] Bootstrap tree #443, logLikelihood: -32666.401080
[00:26:59] Bootstrap tree #444, logLikelihood: -31830.305211
[00:27:03] Bootstrap tree #445, logLikelihood: -34335.890100
[00:27:07] Bootstrap tree #446, logLikelihood: -33657.160452
[00:27:10] Bootstrap tree #447, logLikelihood: -33627.192506
[00:27:13] Bootstrap tree #448, logLikelihood: -33326.477138
[00:27:16] Bootstrap tree #449, logLikelihood: -33607.484927
[00:27:20] Bootstrap tree #450, logLikelihood: -33349.043557
[00:27:23] Bootstrap tree #451, logLikelihood: -32681.808299
[00:27:27] Bootstrap tree #452, logLikelihood: -33000.747613
[00:27:31] Bootstrap tree #453, logLikelihood: -32622.487561
[00:27:34] Bootstrap tree #454, logLikelihood: -32926.551360
[00:27:38] Bootstrap tree #455, logLikelihood: -34131.624033
[00:27:42] Bootstrap tree #456, logLikelihood: -33054.544268
[00:27:44] Bootstrap tree #457, logLikelihood: -33623.981783
[00:27:47] Bootstrap tree #458, logLikelihood: -33378.507846
[00:27:51] Bootstrap tree #459, logLikelihood: -34576.036614
[00:27:54] Bootstrap tree #460, logLikelihood: -34215.543382
[00:27:58] Bootstrap tree #461, logLikelihood: -33835.628007
[00:28:01] Bootstrap tree #462, logLikelihood: -33032.839162
[00:28:03] Bootstrap tree #463, logLikelihood: -33493.585465
[00:28:06] Bootstrap tree #464, logLikelihood: -33180.465294
[00:28:10] Bootstrap tree #465, logLikelihood: -33140.833318
[00:28:12] Bootstrap tree #466, logLikelihood: -33019.749077
[00:28:16] Bootstrap tree #467, logLikelihood: -32195.774558
[00:28:18] Bootstrap tree #468, logLikelihood: -32776.079797
[00:28:22] Bootstrap tree #469, logLikelihood: -34094.991348
[00:28:25] Bootstrap tree #470, logLikelihood: -33392.301441
[00:28:30] Bootstrap tree #471, logLikelihood: -32946.914322
[00:28:33] Bootstrap tree #472, logLikelihood: -33285.668174
[00:28:37] Bootstrap tree #473, logLikelihood: -33175.521420
[00:28:41] Bootstrap tree #474, logLikelihood: -32736.119145
[00:28:44] Bootstrap tree #475, logLikelihood: -32817.321782
[00:28:48] Bootstrap tree #476, logLikelihood: -33562.558280
[00:28:50] Bootstrap tree #477, logLikelihood: -34071.752259
[00:28:53] Bootstrap tree #478, logLikelihood: -32788.156853
[00:28:56] Bootstrap tree #479, logLikelihood: -32361.402993
[00:29:00] Bootstrap tree #480, logLikelihood: -33661.143814
[00:29:04] Bootstrap tree #481, logLikelihood: -33366.147951
[00:29:07] Bootstrap tree #482, logLikelihood: -34006.821269
[00:29:10] Bootstrap tree #483, logLikelihood: -33941.952771
[00:29:13] Bootstrap tree #484, logLikelihood: -32207.289718
[00:29:16] Bootstrap tree #485, logLikelihood: -32145.601140
[00:29:20] Bootstrap tree #486, logLikelihood: -32859.226366
[00:29:23] Bootstrap tree #487, logLikelihood: -32210.289921
[00:29:27] Bootstrap tree #488, logLikelihood: -33431.120496
[00:29:32] Bootstrap tree #489, logLikelihood: -33210.026293
[00:29:36] Bootstrap tree #490, logLikelihood: -34576.522904
[00:29:39] Bootstrap tree #491, logLikelihood: -33033.103334
[00:29:42] Bootstrap tree #492, logLikelihood: -32871.677085
[00:29:45] Bootstrap tree #493, logLikelihood: -32895.959147
[00:29:49] Bootstrap tree #494, logLikelihood: -33589.583048
[00:29:52] Bootstrap tree #495, logLikelihood: -33352.314005
[00:29:55] Bootstrap tree #496, logLikelihood: -33267.050063
[00:30:00] Bootstrap tree #497, logLikelihood: -32906.265279
[00:30:03] Bootstrap tree #498, logLikelihood: -33306.919703
[00:30:06] Bootstrap tree #499, logLikelihood: -32723.371703
[00:30:09] Bootstrap tree #500, logLikelihood: -33355.629450
[00:30:12] Bootstrap tree #501, logLikelihood: -33291.252541
[00:30:16] Bootstrap tree #502, logLikelihood: -33027.627706
[00:30:20] Bootstrap tree #503, logLikelihood: -34366.518986
[00:30:23] Bootstrap tree #504, logLikelihood: -33365.926476
[00:30:26] Bootstrap tree #505, logLikelihood: -33602.609067
[00:30:29] Bootstrap tree #506, logLikelihood: -33703.780235
[00:30:32] Bootstrap tree #507, logLikelihood: -32959.563711
[00:30:35] Bootstrap tree #508, logLikelihood: -33566.607195
[00:30:38] Bootstrap tree #509, logLikelihood: -33357.759463
[00:30:41] Bootstrap tree #510, logLikelihood: -33886.154167
[00:30:45] Bootstrap tree #511, logLikelihood: -33887.070698
[00:30:49] Bootstrap tree #512, logLikelihood: -33107.009648
[00:30:53] Bootstrap tree #513, logLikelihood: -32065.125521
[00:30:57] Bootstrap tree #514, logLikelihood: -32906.134688
[00:31:00] Bootstrap tree #515, logLikelihood: -32968.691430
[00:31:02] Bootstrap tree #516, logLikelihood: -33275.737680
[00:31:07] Bootstrap tree #517, logLikelihood: -33014.769748
[00:31:10] Bootstrap tree #518, logLikelihood: -32422.172553
[00:31:13] Bootstrap tree #519, logLikelihood: -33662.748883
[00:31:17] Bootstrap tree #520, logLikelihood: -34024.012035
[00:31:21] Bootstrap tree #521, logLikelihood: -33931.924578
[00:31:23] Bootstrap tree #522, logLikelihood: -33533.174831
[00:31:26] Bootstrap tree #523, logLikelihood: -33575.128901
[00:31:29] Bootstrap tree #524, logLikelihood: -32884.793184
[00:31:33] Bootstrap tree #525, logLikelihood: -32357.215408
[00:31:37] Bootstrap tree #526, logLikelihood: -32164.733007
[00:31:42] Bootstrap tree #527, logLikelihood: -32148.136238
[00:31:45] Bootstrap tree #528, logLikelihood: -34413.072528
[00:31:49] Bootstrap tree #529, logLikelihood: -32851.239628
[00:31:53] Bootstrap tree #530, logLikelihood: -33001.897468
[00:31:57] Bootstrap tree #531, logLikelihood: -33324.897328
[00:31:59] Bootstrap tree #532, logLikelihood: -33668.940499
[00:32:03] Bootstrap tree #533, logLikelihood: -33903.534556
[00:32:06] Bootstrap tree #534, logLikelihood: -33031.699832
[00:32:08] Bootstrap tree #535, logLikelihood: -32606.025264
[00:32:12] Bootstrap tree #536, logLikelihood: -34241.405089
[00:32:16] Bootstrap tree #537, logLikelihood: -33747.700364
[00:32:19] Bootstrap tree #538, logLikelihood: -33282.195267
[00:32:22] Bootstrap tree #539, logLikelihood: -34121.617223
[00:32:25] Bootstrap tree #540, logLikelihood: -34300.484825
[00:32:28] Bootstrap tree #541, logLikelihood: -33250.413047
[00:32:31] Bootstrap tree #542, logLikelihood: -34094.858052
[00:32:34] Bootstrap tree #543, logLikelihood: -32731.231098
[00:32:37] Bootstrap tree #544, logLikelihood: -31894.809814
[00:32:40] Bootstrap tree #545, logLikelihood: -33862.354050
[00:32:43] Bootstrap tree #546, logLikelihood: -33273.210829
[00:32:47] Bootstrap tree #547, logLikelihood: -32604.739666
[00:32:50] Bootstrap tree #548, logLikelihood: -34008.428517
[00:32:53] Bootstrap tree #549, logLikelihood: -31966.507353
[00:32:56] Bootstrap tree #550, logLikelihood: -33154.178366
[00:32:59] Bootstrap tree #551, logLikelihood: -32606.587601
[00:33:03] Bootstrap tree #552, logLikelihood: -32261.322701
[00:33:07] Bootstrap tree #553, logLikelihood: -32518.832960
[00:33:11] Bootstrap tree #554, logLikelihood: -34131.780181
[00:33:15] Bootstrap tree #555, logLikelihood: -33863.346448
[00:33:18] Bootstrap tree #556, logLikelihood: -33717.722428
[00:33:21] Bootstrap tree #557, logLikelihood: -33713.245874
[00:33:24] Bootstrap tree #558, logLikelihood: -33041.346170
[00:33:27] Bootstrap tree #559, logLikelihood: -32881.423632
[00:33:30] Bootstrap tree #560, logLikelihood: -32885.347838
[00:33:33] Bootstrap tree #561, logLikelihood: -34195.848331
[00:33:36] Bootstrap tree #562, logLikelihood: -33082.510234
[00:33:40] Bootstrap tree #563, logLikelihood: -32809.275121
[00:33:42] Bootstrap tree #564, logLikelihood: -34059.056595
[00:33:45] Bootstrap tree #565, logLikelihood: -33595.769687
[00:33:49] Bootstrap tree #566, logLikelihood: -32867.952746
[00:33:52] Bootstrap tree #567, logLikelihood: -32141.782643
[00:33:58] Bootstrap tree #568, logLikelihood: -33285.386448
[00:34:01] Bootstrap tree #569, logLikelihood: -31979.103396
[00:34:04] Bootstrap tree #570, logLikelihood: -34188.627846
[00:34:07] Bootstrap tree #571, logLikelihood: -32651.544307
[00:34:11] Bootstrap tree #572, logLikelihood: -32786.077183
[00:34:15] Bootstrap tree #573, logLikelihood: -33562.956776
[00:34:18] Bootstrap tree #574, logLikelihood: -32748.114020
[00:34:21] Bootstrap tree #575, logLikelihood: -33284.900485
[00:34:25] Bootstrap tree #576, logLikelihood: -32399.865000
[00:34:28] Bootstrap tree #577, logLikelihood: -32743.227969
[00:34:32] Bootstrap tree #578, logLikelihood: -33754.566129
[00:34:35] Bootstrap tree #579, logLikelihood: -33708.091631
[00:34:39] Bootstrap tree #580, logLikelihood: -33625.880462
[00:34:42] Bootstrap tree #581, logLikelihood: -33830.376531
[00:34:46] Bootstrap tree #582, logLikelihood: -33446.778746
[00:34:49] Bootstrap tree #583, logLikelihood: -32216.356726
[00:34:53] Bootstrap tree #584, logLikelihood: -33052.887233
[00:34:58] Bootstrap tree #585, logLikelihood: -33181.877851
[00:35:01] Bootstrap tree #586, logLikelihood: -33150.703806
[00:35:04] Bootstrap tree #587, logLikelihood: -32774.085066
[00:35:08] Bootstrap tree #588, logLikelihood: -33299.939005
[00:35:11] Bootstrap tree #589, logLikelihood: -33278.373193
[00:35:14] Bootstrap tree #590, logLikelihood: -32840.879817
[00:35:18] Bootstrap tree #591, logLikelihood: -33319.900374
[00:35:21] Bootstrap tree #592, logLikelihood: -32516.073638
[00:35:24] Bootstrap tree #593, logLikelihood: -32831.369014
[00:35:27] Bootstrap tree #594, logLikelihood: -32640.167358
[00:35:30] Bootstrap tree #595, logLikelihood: -32733.182923
[00:35:33] Bootstrap tree #596, logLikelihood: -31851.731505
[00:35:38] Bootstrap tree #597, logLikelihood: -33209.073647
[00:35:42] Bootstrap tree #598, logLikelihood: -32753.332625
[00:35:45] Bootstrap tree #599, logLikelihood: -32784.982283
[00:35:49] Bootstrap tree #600, logLikelihood: -33530.574485
[00:35:54] Bootstrap tree #601, logLikelihood: -32779.872844
[00:35:58] Bootstrap tree #602, logLikelihood: -31999.632303
[00:36:01] Bootstrap tree #603, logLikelihood: -33179.396982
[00:36:04] Bootstrap tree #604, logLikelihood: -32843.403874
[00:36:07] Bootstrap tree #605, logLikelihood: -33479.201127
[00:36:11] Bootstrap tree #606, logLikelihood: -33170.906736
[00:36:15] Bootstrap tree #607, logLikelihood: -32717.357098
[00:36:18] Bootstrap tree #608, logLikelihood: -30726.250366
[00:36:22] Bootstrap tree #609, logLikelihood: -33078.393965
[00:36:26] Bootstrap tree #610, logLikelihood: -32633.006756
[00:36:30] Bootstrap tree #611, logLikelihood: -33219.823936
[00:36:33] Bootstrap tree #612, logLikelihood: -33091.563610
[00:36:36] Bootstrap tree #613, logLikelihood: -33889.877044
[00:36:40] Bootstrap tree #614, logLikelihood: -33926.157128
[00:36:42] Bootstrap tree #615, logLikelihood: -32703.994396
[00:36:46] Bootstrap tree #616, logLikelihood: -33111.378971
[00:36:49] Bootstrap tree #617, logLikelihood: -33210.898239
[00:36:53] Bootstrap tree #618, logLikelihood: -33088.922315
[00:36:55] Bootstrap tree #619, logLikelihood: -33391.192028
[00:36:58] Bootstrap tree #620, logLikelihood: -33268.286884
[00:37:03] Bootstrap tree #621, logLikelihood: -32650.865971
[00:37:06] Bootstrap tree #622, logLikelihood: -32532.556275
[00:37:09] Bootstrap tree #623, logLikelihood: -32953.179285
[00:37:12] Bootstrap tree #624, logLikelihood: -32446.773995
[00:37:15] Bootstrap tree #625, logLikelihood: -33645.098312
[00:37:18] Bootstrap tree #626, logLikelihood: -32811.469174
[00:37:21] Bootstrap tree #627, logLikelihood: -32677.220884
[00:37:24] Bootstrap tree #628, logLikelihood: -32817.926727
[00:37:29] Bootstrap tree #629, logLikelihood: -34373.994155
[00:37:34] Bootstrap tree #630, logLikelihood: -32934.421809
[00:37:39] Bootstrap tree #631, logLikelihood: -33588.686196
[00:37:42] Bootstrap tree #632, logLikelihood: -33494.975273
[00:37:45] Bootstrap tree #633, logLikelihood: -33905.847914
[00:37:49] Bootstrap tree #634, logLikelihood: -33405.443046
[00:37:52] Bootstrap tree #635, logLikelihood: -33861.073167
[00:37:57] Bootstrap tree #636, logLikelihood: -33310.173567
[00:38:01] Bootstrap tree #637, logLikelihood: -33039.887809
[00:38:03] Bootstrap tree #638, logLikelihood: -31762.365084
[00:38:07] Bootstrap tree #639, logLikelihood: -34269.688966
[00:38:10] Bootstrap tree #640, logLikelihood: -34049.529693
[00:38:14] Bootstrap tree #641, logLikelihood: -33977.290549
[00:38:18] Bootstrap tree #642, logLikelihood: -34168.789856
[00:38:21] Bootstrap tree #643, logLikelihood: -34127.709101
[00:38:24] Bootstrap tree #644, logLikelihood: -33478.477426
[00:38:27] Bootstrap tree #645, logLikelihood: -32266.724966
[00:38:31] Bootstrap tree #646, logLikelihood: -32958.513472
[00:38:34] Bootstrap tree #647, logLikelihood: -32952.084277
[00:38:38] Bootstrap tree #648, logLikelihood: -32763.729426
[00:38:41] Bootstrap tree #649, logLikelihood: -33537.857190
[00:38:43] Bootstrap tree #650, logLikelihood: -32994.469654
[00:38:47] Bootstrap tree #651, logLikelihood: -34754.338711
[00:38:50] Bootstrap tree #652, logLikelihood: -33009.745314
[00:38:54] Bootstrap tree #653, logLikelihood: -33446.697403
[00:38:57] Bootstrap tree #654, logLikelihood: -33338.090809
[00:38:59] Bootstrap tree #655, logLikelihood: -33333.945245
[00:39:03] Bootstrap tree #656, logLikelihood: -32259.587475
[00:39:05] Bootstrap tree #657, logLikelihood: -33387.270968
[00:39:09] Bootstrap tree #658, logLikelihood: -34122.508514
[00:39:13] Bootstrap tree #659, logLikelihood: -34618.283485
[00:39:16] Bootstrap tree #660, logLikelihood: -33288.103826
[00:39:19] Bootstrap tree #661, logLikelihood: -34392.485198
[00:39:23] Bootstrap tree #662, logLikelihood: -33517.948047
[00:39:25] Bootstrap tree #663, logLikelihood: -32966.059918
[00:39:29] Bootstrap tree #664, logLikelihood: -34102.273022
[00:39:32] Bootstrap tree #665, logLikelihood: -32860.719741
[00:39:35] Bootstrap tree #666, logLikelihood: -32911.086372
[00:39:39] Bootstrap tree #667, logLikelihood: -34603.637647
[00:39:44] Bootstrap tree #668, logLikelihood: -33716.817789
[00:39:49] Bootstrap tree #669, logLikelihood: -32829.094318
[00:39:52] Bootstrap tree #670, logLikelihood: -33116.344151
[00:39:55] Bootstrap tree #671, logLikelihood: -32916.481453
[00:39:58] Bootstrap tree #672, logLikelihood: -33148.755776
[00:40:02] Bootstrap tree #673, logLikelihood: -32074.612823
[00:40:06] Bootstrap tree #674, logLikelihood: -33128.680562
[00:40:09] Bootstrap tree #675, logLikelihood: -33282.165554
[00:40:12] Bootstrap tree #676, logLikelihood: -31717.043909
[00:40:14] Bootstrap tree #677, logLikelihood: -32946.100672
[00:40:17] Bootstrap tree #678, logLikelihood: -33628.577374
[00:40:22] Bootstrap tree #679, logLikelihood: -34551.775277
[00:40:26] Bootstrap tree #680, logLikelihood: -34127.491610
[00:40:30] Bootstrap tree #681, logLikelihood: -32439.526692
[00:40:33] Bootstrap tree #682, logLikelihood: -34038.928429
[00:40:37] Bootstrap tree #683, logLikelihood: -33214.557827
[00:40:40] Bootstrap tree #684, logLikelihood: -34005.396666
[00:40:44] Bootstrap tree #685, logLikelihood: -33228.032858
[00:40:47] Bootstrap tree #686, logLikelihood: -33089.216683
[00:40:50] Bootstrap tree #687, logLikelihood: -32743.491050
[00:40:53] Bootstrap tree #688, logLikelihood: -33505.537836
[00:40:56] Bootstrap tree #689, logLikelihood: -34292.441913
[00:41:00] Bootstrap tree #690, logLikelihood: -33799.461909
[00:41:03] Bootstrap tree #691, logLikelihood: -33645.481929
[00:41:06] Bootstrap tree #692, logLikelihood: -33751.228293
[00:41:09] Bootstrap tree #693, logLikelihood: -32907.264207
[00:41:12] Bootstrap tree #694, logLikelihood: -32991.034204
[00:41:15] Bootstrap tree #695, logLikelihood: -32880.608877
[00:41:18] Bootstrap tree #696, logLikelihood: -33206.104307
[00:41:21] Bootstrap tree #697, logLikelihood: -34048.966308
[00:41:25] Bootstrap tree #698, logLikelihood: -32878.817842
[00:41:28] Bootstrap tree #699, logLikelihood: -33929.916262
[00:41:31] Bootstrap tree #700, logLikelihood: -32509.522654
[00:41:35] Bootstrap tree #701, logLikelihood: -33179.594965
[00:41:38] Bootstrap tree #702, logLikelihood: -34089.274240
[00:41:42] Bootstrap tree #703, logLikelihood: -32881.698768
[00:41:46] Bootstrap tree #704, logLikelihood: -32730.943603
[00:41:49] Bootstrap tree #705, logLikelihood: -34006.767782
[00:41:55] Bootstrap tree #706, logLikelihood: -34642.267843
[00:41:59] Bootstrap tree #707, logLikelihood: -32871.628702
[00:42:03] Bootstrap tree #708, logLikelihood: -33371.331604
[00:42:06] Bootstrap tree #709, logLikelihood: -33205.011522
[00:42:10] Bootstrap tree #710, logLikelihood: -32546.711989
[00:42:14] Bootstrap tree #711, logLikelihood: -33669.378177
[00:42:17] Bootstrap tree #712, logLikelihood: -33405.652385
[00:42:19] Bootstrap tree #713, logLikelihood: -33198.851342
[00:42:24] Bootstrap tree #714, logLikelihood: -33321.185843
[00:42:30] Bootstrap tree #715, logLikelihood: -33830.481432
[00:42:34] Bootstrap tree #716, logLikelihood: -33902.886155
[00:42:37] Bootstrap tree #717, logLikelihood: -33171.082420
[00:42:40] Bootstrap tree #718, logLikelihood: -32747.069360
[00:42:44] Bootstrap tree #719, logLikelihood: -32525.520027
[00:42:47] Bootstrap tree #720, logLikelihood: -33088.135368
[00:42:50] Bootstrap tree #721, logLikelihood: -33747.848328
[00:42:53] Bootstrap tree #722, logLikelihood: -33050.052371
[00:42:56] Bootstrap tree #723, logLikelihood: -33004.147815
[00:42:58] Bootstrap tree #724, logLikelihood: -32714.561768
[00:43:02] Bootstrap tree #725, logLikelihood: -33487.664215
[00:43:06] Bootstrap tree #726, logLikelihood: -33328.854855
[00:43:10] Bootstrap tree #727, logLikelihood: -33588.757662
[00:43:13] Bootstrap tree #728, logLikelihood: -33912.963526
[00:43:16] Bootstrap tree #729, logLikelihood: -33468.262528
[00:43:19] Bootstrap tree #730, logLikelihood: -32509.983748
[00:43:23] Bootstrap tree #731, logLikelihood: -33628.044566
[00:43:26] Bootstrap tree #732, logLikelihood: -32727.890801
[00:43:31] Bootstrap tree #733, logLikelihood: -33341.144602
[00:43:34] Bootstrap tree #734, logLikelihood: -32252.294473
[00:43:37] Bootstrap tree #735, logLikelihood: -33449.887100
[00:43:40] Bootstrap tree #736, logLikelihood: -32831.274461
[00:43:45] Bootstrap tree #737, logLikelihood: -32937.606741
[00:43:48] Bootstrap tree #738, logLikelihood: -32130.378072
[00:43:52] Bootstrap tree #739, logLikelihood: -33748.390798
[00:43:55] Bootstrap tree #740, logLikelihood: -32693.744532
[00:43:59] Bootstrap tree #741, logLikelihood: -32159.761467
[00:44:03] Bootstrap tree #742, logLikelihood: -32123.486885
[00:44:08] Bootstrap tree #743, logLikelihood: -32966.087350
[00:44:12] Bootstrap tree #744, logLikelihood: -33925.219686
[00:44:16] Bootstrap tree #745, logLikelihood: -32483.938162
[00:44:20] Bootstrap tree #746, logLikelihood: -34018.482793
[00:44:23] Bootstrap tree #747, logLikelihood: -34163.843560
[00:44:28] Bootstrap tree #748, logLikelihood: -32835.683811
[00:44:32] Bootstrap tree #749, logLikelihood: -33979.767360
[00:44:35] Bootstrap tree #750, logLikelihood: -34022.513095
[00:44:37] Bootstrap tree #751, logLikelihood: -33580.714182
[00:44:41] Bootstrap tree #752, logLikelihood: -33575.616179
[00:44:45] Bootstrap tree #753, logLikelihood: -33280.051345
[00:44:47] Bootstrap tree #754, logLikelihood: -33426.104721
[00:44:51] Bootstrap tree #755, logLikelihood: -32047.330222
[00:44:54] Bootstrap tree #756, logLikelihood: -33631.509762
[00:44:57] Bootstrap tree #757, logLikelihood: -33816.103415
[00:45:03] Bootstrap tree #758, logLikelihood: -33618.196148
[00:45:06] Bootstrap tree #759, logLikelihood: -32178.073247
[00:45:09] Bootstrap tree #760, logLikelihood: -32424.254725
[00:45:13] Bootstrap tree #761, logLikelihood: -32667.476123
[00:45:18] Bootstrap tree #762, logLikelihood: -33791.248739
[00:45:21] Bootstrap tree #763, logLikelihood: -32359.967876
[00:45:24] Bootstrap tree #764, logLikelihood: -33056.417562
[00:45:28] Bootstrap tree #765, logLikelihood: -33592.664912
[00:45:33] Bootstrap tree #766, logLikelihood: -33542.405818
[00:45:36] Bootstrap tree #767, logLikelihood: -34231.773896
[00:45:40] Bootstrap tree #768, logLikelihood: -34077.762150
[00:45:43] Bootstrap tree #769, logLikelihood: -33281.355196
[00:45:46] Bootstrap tree #770, logLikelihood: -33042.047968
[00:45:50] Bootstrap tree #771, logLikelihood: -33156.529562
[00:45:54] Bootstrap tree #772, logLikelihood: -33833.019357
[00:45:59] Bootstrap tree #773, logLikelihood: -33050.617100
[00:46:01] Bootstrap tree #774, logLikelihood: -32344.853061
[00:46:04] Bootstrap tree #775, logLikelihood: -33570.307353
[00:46:08] Bootstrap tree #776, logLikelihood: -32416.636832
[00:46:11] Bootstrap tree #777, logLikelihood: -34612.639165
[00:46:16] Bootstrap tree #778, logLikelihood: -32453.714220
[00:46:19] Bootstrap tree #779, logLikelihood: -33530.042681
[00:46:22] Bootstrap tree #780, logLikelihood: -33302.149817
[00:46:24] Bootstrap tree #781, logLikelihood: -33911.095487
[00:46:27] Bootstrap tree #782, logLikelihood: -32886.395605
[00:46:31] Bootstrap tree #783, logLikelihood: -33343.682102
[00:46:34] Bootstrap tree #784, logLikelihood: -34495.215004
[00:46:37] Bootstrap tree #785, logLikelihood: -33250.319859
[00:46:41] Bootstrap tree #786, logLikelihood: -33372.192356
[00:46:44] Bootstrap tree #787, logLikelihood: -32855.633133
[00:46:48] Bootstrap tree #788, logLikelihood: -31855.779397
[00:46:51] Bootstrap tree #789, logLikelihood: -32022.850496
[00:46:53] Bootstrap tree #790, logLikelihood: -33465.891547
[00:46:56] Bootstrap tree #791, logLikelihood: -32264.176141
[00:47:00] Bootstrap tree #792, logLikelihood: -33599.202371
[00:47:03] Bootstrap tree #793, logLikelihood: -33370.726839
[00:47:06] Bootstrap tree #794, logLikelihood: -34246.183337
[00:47:10] Bootstrap tree #795, logLikelihood: -33383.948053
[00:47:13] Bootstrap tree #796, logLikelihood: -32029.752125
[00:47:16] Bootstrap tree #797, logLikelihood: -34146.600683
[00:47:20] Bootstrap tree #798, logLikelihood: -33115.461821
[00:47:23] Bootstrap tree #799, logLikelihood: -33678.761332
[00:47:27] Bootstrap tree #800, logLikelihood: -33425.003086
[00:47:30] Bootstrap tree #801, logLikelihood: -33794.822592
[00:47:33] Bootstrap tree #802, logLikelihood: -33141.500500
[00:47:36] Bootstrap tree #803, logLikelihood: -33091.216647
[00:47:39] Bootstrap tree #804, logLikelihood: -34660.980830
[00:47:43] Bootstrap tree #805, logLikelihood: -33248.684669
[00:47:47] Bootstrap tree #806, logLikelihood: -33280.234956
[00:47:50] Bootstrap tree #807, logLikelihood: -33643.609387
[00:47:52] Bootstrap tree #808, logLikelihood: -33145.327164
[00:47:56] Bootstrap tree #809, logLikelihood: -32315.175617
[00:48:00] Bootstrap tree #810, logLikelihood: -34407.095898
[00:48:03] Bootstrap tree #811, logLikelihood: -31461.124073
[00:48:06] Bootstrap tree #812, logLikelihood: -34533.935365
[00:48:08] Bootstrap tree #813, logLikelihood: -31374.648740
[00:48:12] Bootstrap tree #814, logLikelihood: -33404.344272
[00:48:16] Bootstrap tree #815, logLikelihood: -33545.128746
[00:48:19] Bootstrap tree #816, logLikelihood: -32737.253354
[00:48:22] Bootstrap tree #817, logLikelihood: -32543.473011
[00:48:26] Bootstrap tree #818, logLikelihood: -33065.760545
[00:48:29] Bootstrap tree #819, logLikelihood: -33455.159544
[00:48:32] Bootstrap tree #820, logLikelihood: -33988.112119
[00:48:36] Bootstrap tree #821, logLikelihood: -33435.517043
[00:48:39] Bootstrap tree #822, logLikelihood: -32573.243988
[00:48:43] Bootstrap tree #823, logLikelihood: -33023.473883
[00:48:47] Bootstrap tree #824, logLikelihood: -32736.665069
[00:48:50] Bootstrap tree #825, logLikelihood: -33169.124529
[00:48:53] Bootstrap tree #826, logLikelihood: -33967.118436
[00:48:56] Bootstrap tree #827, logLikelihood: -33967.849254
[00:48:59] Bootstrap tree #828, logLikelihood: -33718.349144
[00:49:02] Bootstrap tree #829, logLikelihood: -31811.601008
[00:49:04] Bootstrap tree #830, logLikelihood: -32125.978686
[00:49:07] Bootstrap tree #831, logLikelihood: -33701.593415
[00:49:11] Bootstrap tree #832, logLikelihood: -33364.814174
[00:49:14] Bootstrap tree #833, logLikelihood: -33944.081514
[00:49:18] Bootstrap tree #834, logLikelihood: -34168.000406
[00:49:21] Bootstrap tree #835, logLikelihood: -32916.485740
[00:49:25] Bootstrap tree #836, logLikelihood: -32952.545796
[00:49:28] Bootstrap tree #837, logLikelihood: -33086.857783
[00:49:31] Bootstrap tree #838, logLikelihood: -33535.194761
[00:49:35] Bootstrap tree #839, logLikelihood: -33829.958048
[00:49:38] Bootstrap tree #840, logLikelihood: -32745.709151
[00:49:41] Bootstrap tree #841, logLikelihood: -31843.754740
[00:49:44] Bootstrap tree #842, logLikelihood: -32741.587756
[00:49:47] Bootstrap tree #843, logLikelihood: -31934.352098
[00:49:50] Bootstrap tree #844, logLikelihood: -32676.295787
[00:49:54] Bootstrap tree #845, logLikelihood: -32484.845411
[00:49:57] Bootstrap tree #846, logLikelihood: -31326.124578
[00:50:00] Bootstrap tree #847, logLikelihood: -33867.545914
[00:50:04] Bootstrap tree #848, logLikelihood: -33191.361067
[00:50:07] Bootstrap tree #849, logLikelihood: -33458.120222
[00:50:10] Bootstrap tree #850, logLikelihood: -34591.857579
[00:50:13] Bootstrap tree #851, logLikelihood: -33357.881653
[00:50:17] Bootstrap tree #852, logLikelihood: -33534.264062
[00:50:19] Bootstrap tree #853, logLikelihood: -32750.005563
[00:50:22] Bootstrap tree #854, logLikelihood: -33585.930460
[00:50:25] Bootstrap tree #855, logLikelihood: -32959.168973
[00:50:29] Bootstrap tree #856, logLikelihood: -33156.712454
[00:50:32] Bootstrap tree #857, logLikelihood: -32514.926354
[00:50:35] Bootstrap tree #858, logLikelihood: -32612.114791
[00:50:38] Bootstrap tree #859, logLikelihood: -33693.484731
[00:50:41] Bootstrap tree #860, logLikelihood: -32808.447875
[00:50:44] Bootstrap tree #861, logLikelihood: -32873.319139
[00:50:47] Bootstrap tree #862, logLikelihood: -34105.169971
[00:50:51] Bootstrap tree #863, logLikelihood: -34008.254160
[00:50:54] Bootstrap tree #864, logLikelihood: -31955.909749
[00:50:58] Bootstrap tree #865, logLikelihood: -33889.738090
[00:51:01] Bootstrap tree #866, logLikelihood: -32770.290748
[00:51:04] Bootstrap tree #867, logLikelihood: -32638.625808
[00:51:08] Bootstrap tree #868, logLikelihood: -32747.904546
[00:51:11] Bootstrap tree #869, logLikelihood: -33201.580460
[00:51:15] Bootstrap tree #870, logLikelihood: -32984.947913
[00:51:18] Bootstrap tree #871, logLikelihood: -33137.609415
[00:51:22] Bootstrap tree #872, logLikelihood: -32509.093878
[00:51:25] Bootstrap tree #873, logLikelihood: -33177.755248
[00:51:29] Bootstrap tree #874, logLikelihood: -33626.593428
[00:51:32] Bootstrap tree #875, logLikelihood: -32898.051200
[00:51:36] Bootstrap tree #876, logLikelihood: -32974.094415
[00:51:38] Bootstrap tree #877, logLikelihood: -34948.171500
[00:51:41] Bootstrap tree #878, logLikelihood: -32208.342177
[00:51:45] Bootstrap tree #879, logLikelihood: -32916.549580
[00:51:48] Bootstrap tree #880, logLikelihood: -32996.774984
[00:51:50] Bootstrap tree #881, logLikelihood: -32671.977243
[00:51:54] Bootstrap tree #882, logLikelihood: -34002.792873
[00:51:58] Bootstrap tree #883, logLikelihood: -34227.270519
[00:52:01] Bootstrap tree #884, logLikelihood: -32341.096940
[00:52:05] Bootstrap tree #885, logLikelihood: -31927.190148
[00:52:08] Bootstrap tree #886, logLikelihood: -33799.528441
[00:52:13] Bootstrap tree #887, logLikelihood: -33489.238966
[00:52:17] Bootstrap tree #888, logLikelihood: -33026.380420
[00:52:20] Bootstrap tree #889, logLikelihood: -33633.755768
[00:52:23] Bootstrap tree #890, logLikelihood: -33645.869033
[00:52:27] Bootstrap tree #891, logLikelihood: -33229.773438
[00:52:30] Bootstrap tree #892, logLikelihood: -34356.801983
[00:52:33] Bootstrap tree #893, logLikelihood: -33631.140387
[00:52:37] Bootstrap tree #894, logLikelihood: -34107.406264
[00:52:41] Bootstrap tree #895, logLikelihood: -34169.346382
[00:52:44] Bootstrap tree #896, logLikelihood: -32751.295839
[00:52:47] Bootstrap tree #897, logLikelihood: -34707.209428
[00:52:50] Bootstrap tree #898, logLikelihood: -33633.889556
[00:52:55] Bootstrap tree #899, logLikelihood: -34223.736497
[00:52:58] Bootstrap tree #900, logLikelihood: -33342.204925
[00:53:02] Bootstrap tree #901, logLikelihood: -33727.933614
[00:53:06] Bootstrap tree #902, logLikelihood: -33025.649438
[00:53:09] Bootstrap tree #903, logLikelihood: -33071.401661
[00:53:12] Bootstrap tree #904, logLikelihood: -34088.837219
[00:53:16] Bootstrap tree #905, logLikelihood: -32862.419390
[00:53:20] Bootstrap tree #906, logLikelihood: -32237.405941
[00:53:23] Bootstrap tree #907, logLikelihood: -33117.242328
[00:53:25] Bootstrap tree #908, logLikelihood: -33372.594318
[00:53:29] Bootstrap tree #909, logLikelihood: -33840.446678
[00:53:32] Bootstrap tree #910, logLikelihood: -32933.690082
[00:53:34] Bootstrap tree #911, logLikelihood: -33191.968167
[00:53:38] Bootstrap tree #912, logLikelihood: -32605.481086
[00:53:42] Bootstrap tree #913, logLikelihood: -32514.018005
[00:53:45] Bootstrap tree #914, logLikelihood: -33074.612734
[00:53:48] Bootstrap tree #915, logLikelihood: -33700.247941
[00:53:51] Bootstrap tree #916, logLikelihood: -34110.319823
[00:53:54] Bootstrap tree #917, logLikelihood: -32972.889504
[00:53:58] Bootstrap tree #918, logLikelihood: -34622.673605
[00:54:01] Bootstrap tree #919, logLikelihood: -32976.253730
[00:54:06] Bootstrap tree #920, logLikelihood: -33958.833120
[00:54:09] Bootstrap tree #921, logLikelihood: -33650.828922
[00:54:12] Bootstrap tree #922, logLikelihood: -33448.241038
[00:54:16] Bootstrap tree #923, logLikelihood: -31444.405303
[00:54:20] Bootstrap tree #924, logLikelihood: -34520.479965
[00:54:24] Bootstrap tree #925, logLikelihood: -32933.237443
[00:54:28] Bootstrap tree #926, logLikelihood: -34532.069152
[00:54:32] Bootstrap tree #927, logLikelihood: -33740.566398
[00:54:36] Bootstrap tree #928, logLikelihood: -32771.023092
[00:54:40] Bootstrap tree #929, logLikelihood: -33276.974864
[00:54:43] Bootstrap tree #930, logLikelihood: -33846.812685
[00:54:48] Bootstrap tree #931, logLikelihood: -34180.045446
[00:54:52] Bootstrap tree #932, logLikelihood: -34251.658018
[00:54:55] Bootstrap tree #933, logLikelihood: -32772.154581
[00:55:00] Bootstrap tree #934, logLikelihood: -33479.723869
[00:55:05] Bootstrap tree #935, logLikelihood: -33585.738578
[00:55:09] Bootstrap tree #936, logLikelihood: -33476.531631
[00:55:14] Bootstrap tree #937, logLikelihood: -33499.750429
[00:55:18] Bootstrap tree #938, logLikelihood: -32996.261772
[00:55:22] Bootstrap tree #939, logLikelihood: -33125.368112
[00:55:26] Bootstrap tree #940, logLikelihood: -33108.673473
[00:55:30] Bootstrap tree #941, logLikelihood: -33503.985284
[00:55:33] Bootstrap tree #942, logLikelihood: -33929.315898
[00:55:36] Bootstrap tree #943, logLikelihood: -33839.136956
[00:55:39] Bootstrap tree #944, logLikelihood: -33461.853303
[00:55:43] Bootstrap tree #945, logLikelihood: -33075.988556
[00:55:46] Bootstrap tree #946, logLikelihood: -33183.565150
[00:55:49] Bootstrap tree #947, logLikelihood: -32777.338163
[00:55:52] Bootstrap tree #948, logLikelihood: -32532.694564
[00:55:55] Bootstrap tree #949, logLikelihood: -33976.620558
[00:55:58] Bootstrap tree #950, logLikelihood: -33467.702280
[00:56:02] Bootstrap tree #951, logLikelihood: -32929.003556
[00:56:05] Bootstrap tree #952, logLikelihood: -32185.377011
[00:56:09] Bootstrap tree #953, logLikelihood: -33941.944349
[00:56:13] Bootstrap tree #954, logLikelihood: -33126.892814
[00:56:16] Bootstrap tree #955, logLikelihood: -33358.147743
[00:56:19] Bootstrap tree #956, logLikelihood: -32592.352537
[00:56:21] Bootstrap tree #957, logLikelihood: -34432.160970
[00:56:26] Bootstrap tree #958, logLikelihood: -33981.760906
[00:56:28] Bootstrap tree #959, logLikelihood: -32992.266703
[00:56:31] Bootstrap tree #960, logLikelihood: -32855.512351
[00:56:36] Bootstrap tree #961, logLikelihood: -33269.822370
[00:56:39] Bootstrap tree #962, logLikelihood: -33219.172341
[00:56:43] Bootstrap tree #963, logLikelihood: -32981.418036
[00:56:47] Bootstrap tree #964, logLikelihood: -33139.837066
[00:56:51] Bootstrap tree #965, logLikelihood: -32216.717730
[00:56:55] Bootstrap tree #966, logLikelihood: -32180.833324
[00:56:58] Bootstrap tree #967, logLikelihood: -33314.410742
[00:57:01] Bootstrap tree #968, logLikelihood: -33070.908498
[00:57:04] Bootstrap tree #969, logLikelihood: -33701.442978
[00:57:08] Bootstrap tree #970, logLikelihood: -33384.106537
[00:57:11] Bootstrap tree #971, logLikelihood: -33960.970133
[00:57:14] Bootstrap tree #972, logLikelihood: -33393.969409
[00:57:19] Bootstrap tree #973, logLikelihood: -32393.824497
[00:57:22] Bootstrap tree #974, logLikelihood: -33521.342376
[00:57:26] Bootstrap tree #975, logLikelihood: -33324.001126
[00:57:29] Bootstrap tree #976, logLikelihood: -33994.333250
[00:57:33] Bootstrap tree #977, logLikelihood: -34119.621488
[00:57:36] Bootstrap tree #978, logLikelihood: -32992.461136
[00:57:39] Bootstrap tree #979, logLikelihood: -32897.183519
[00:57:42] Bootstrap tree #980, logLikelihood: -34804.352954
[00:57:46] Bootstrap tree #981, logLikelihood: -33065.008342
[00:57:49] Bootstrap tree #982, logLikelihood: -33294.534168
[00:57:52] Bootstrap tree #983, logLikelihood: -32768.905368
[00:57:55] Bootstrap tree #984, logLikelihood: -33221.273821
[00:57:58] Bootstrap tree #985, logLikelihood: -32562.296933
[00:58:02] Bootstrap tree #986, logLikelihood: -34151.346491
[00:58:07] Bootstrap tree #987, logLikelihood: -33445.617160
[00:58:10] Bootstrap tree #988, logLikelihood: -33560.662156
[00:58:13] Bootstrap tree #989, logLikelihood: -32392.430755
[00:58:21] Bootstrap tree #990, logLikelihood: -33282.953160
[00:58:24] Bootstrap tree #991, logLikelihood: -33346.575009
[00:58:27] Bootstrap tree #992, logLikelihood: -32888.258775
[00:58:31] Bootstrap tree #993, logLikelihood: -32453.857419
[00:58:34] Bootstrap tree #994, logLikelihood: -33214.306326
[00:58:39] Bootstrap tree #995, logLikelihood: -34053.892977
[00:58:42] Bootstrap tree #996, logLikelihood: -33035.402306
[00:58:45] Bootstrap tree #997, logLikelihood: -33077.240599
[00:58:49] Bootstrap tree #998, logLikelihood: -32511.614551
[00:58:53] Bootstrap tree #999, logLikelihood: -33176.696455
[00:58:56] Bootstrap tree #1000, logLikelihood: -34034.050109

Optimized model parameters:

   Partition 0: noname
   Rate heterogeneity: GAMMA (4 cats, mean),  alpha: 2.248695 (ML),  weights&rates: (0.250000,0.321258) (0.250000,0.679097) (0.250000,1.075127) (0.250000,1.924518) 
   Base frequencies (ML): 0.258255 0.227421 0.273555 0.240769 
   Substitution rates (ML): 2.084557 3.714470 1.536283 1.760995 3.756267 1.000000 


Final LogLikelihood: -33300.165583

AIC score: 66724.331166 / AICc score: 66728.519906 / BIC score: 67069.313952
Free parameters (model + branch lengths): 62

Best ML tree saved to: /home/seddik/Documents/Synesth/iter6/all_Cas_trees/Cas1/Tree.raxml.bestTree
All ML trees saved to: /home/seddik/Documents/Synesth/iter6/all_Cas_trees/Cas1/Tree.raxml.mlTrees
Best ML tree with Felsenstein bootstrap (FBP) support values saved to: /home/seddik/Documents/Synesth/iter6/all_Cas_trees/Cas1/Tree.raxml.support
Optimized model saved to: /home/seddik/Documents/Synesth/iter6/all_Cas_trees/Cas1/Tree.raxml.bestModel
Bootstrap trees saved to: /home/seddik/Documents/Synesth/iter6/all_Cas_trees/Cas1/Tree.raxml.bootstraps

Execution log saved to: /home/seddik/Documents/Synesth/iter6/all_Cas_trees/Cas1/Tree.raxml.log

Analysis started: 30-Jul-2024 10:22:06 / finished: 30-Jul-2024 11:21:02

Elapsed time: 3536.504 seconds

