
RAxML-NG v. 0.9.0 released on 20.05.2019 by The Exelixis Lab.
Developed by: Alexey M. Kozlov and Alexandros Stamatakis.
Contributors: Diego Darriba, Tomas Flouri, Benoit Morel, Sarah Lutteropp, Ben Bettisworth.
Latest version: https://github.com/amkozlov/raxml-ng
Questions/problems/suggestions? Please visit: https://groups.google.com/forum/#!forum/raxml

RAxML-NG was called at 30-Jul-2024 15:50:42 as follows:

raxml-ng --all --msa all_Cas_aligned/all_Cas10_aligned.fna --model GTR+G --bs-trees 1000 --threads 4 --prefix all_Cas_trees/Cas10/Tree

Analysis options:
  run mode: ML tree search + bootstrapping (Felsenstein Bootstrap)
  start tree(s): random (10) + parsimony (10)
  bootstrap replicates: 1000
  random seed: 1722369042
  tip-inner: OFF
  pattern compression: ON
  per-rate scalers: OFF
  site repeats: ON
  branch lengths: proportional (ML estimate, algorithm: NR-FAST)
  SIMD kernels: AVX2
  parallelization: PTHREADS (4 threads), thread pinning: OFF

[00:00:00] Reading alignment from file: all_Cas_aligned/all_Cas10_aligned.fna
[00:00:00] Loaded alignment with 19 taxa and 5045 sites

Alignment comprises 1 partitions and 4385 patterns

Partition 0: noname
Model: GTR+FO+G4m
Alignment sites / patterns: 5045 / 4385
Gaps: 44.01 %
Invariant sites: 13.48 %


NOTE: Binary MSA file created: all_Cas_trees/Cas10/Tree.raxml.rba

[00:00:00] Generating 10 random starting tree(s) with 19 taxa
[00:00:00] Generating 10 parsimony starting tree(s) with 19 taxa
[00:00:00] Data distribution: max. partitions/sites/weight per thread: 1 / 1097 / 17552

Starting ML tree search with 20 distinct starting trees

[00:00:17] ML tree search #1, logLikelihood: -68502.522340
[00:00:28] ML tree search #2, logLikelihood: -68502.556094
[00:00:42] ML tree search #3, logLikelihood: -68502.526615
[00:00:56] ML tree search #4, logLikelihood: -68502.524935
[00:01:09] ML tree search #5, logLikelihood: -68502.537180
[00:01:17] ML tree search #6, logLikelihood: -68502.527790
[00:01:28] ML tree search #7, logLikelihood: -68502.521093
[00:01:38] ML tree search #8, logLikelihood: -68502.538644
[00:01:48] ML tree search #9, logLikelihood: -68502.533226
[00:01:59] ML tree search #10, logLikelihood: -68502.527789
[00:02:06] ML tree search #11, logLikelihood: -68502.529275
[00:02:15] ML tree search #12, logLikelihood: -68502.541901
[00:02:26] ML tree search #13, logLikelihood: -68502.547390
[00:02:35] ML tree search #14, logLikelihood: -68502.513838
[00:02:42] ML tree search #15, logLikelihood: -68502.526760
[00:02:51] ML tree search #16, logLikelihood: -68502.512552
[00:02:59] ML tree search #17, logLikelihood: -68502.530088
[00:03:06] ML tree search #18, logLikelihood: -68502.538880
[00:03:14] ML tree search #19, logLikelihood: -68502.519911
[00:03:22] ML tree search #20, logLikelihood: -68502.532126

[00:03:22] ML tree search completed, best tree logLH: -68502.512552

[00:03:22] Starting bootstrapping analysis with 1000 replicates.

[00:03:30] Bootstrap tree #1, logLikelihood: -68830.588205
[00:03:37] Bootstrap tree #2, logLikelihood: -68782.790444
[00:03:43] Bootstrap tree #3, logLikelihood: -68791.744669
[00:03:50] Bootstrap tree #4, logLikelihood: -67711.639810
[00:03:57] Bootstrap tree #5, logLikelihood: -68311.371098
[00:04:04] Bootstrap tree #6, logLikelihood: -68306.008191
[00:04:12] Bootstrap tree #7, logLikelihood: -67801.511997
[00:04:20] Bootstrap tree #8, logLikelihood: -67897.349037
[00:04:27] Bootstrap tree #9, logLikelihood: -69117.844614
[00:04:32] Bootstrap tree #10, logLikelihood: -69703.062736
[00:04:39] Bootstrap tree #11, logLikelihood: -68484.356313
[00:04:44] Bootstrap tree #12, logLikelihood: -67845.843527
[00:04:51] Bootstrap tree #13, logLikelihood: -67861.036355
[00:04:58] Bootstrap tree #14, logLikelihood: -68723.237978
[00:05:06] Bootstrap tree #15, logLikelihood: -68418.962403
[00:05:14] Bootstrap tree #16, logLikelihood: -68563.871161
[00:05:22] Bootstrap tree #17, logLikelihood: -68083.022763
[00:05:28] Bootstrap tree #18, logLikelihood: -67783.068864
[00:05:36] Bootstrap tree #19, logLikelihood: -67892.381508
[00:05:43] Bootstrap tree #20, logLikelihood: -68334.621304
[00:05:49] Bootstrap tree #21, logLikelihood: -68262.063291
[00:05:55] Bootstrap tree #22, logLikelihood: -69139.730742
[00:06:02] Bootstrap tree #23, logLikelihood: -69164.302705
[00:06:09] Bootstrap tree #24, logLikelihood: -67888.483539
[00:06:16] Bootstrap tree #25, logLikelihood: -68456.687278
[00:06:22] Bootstrap tree #26, logLikelihood: -68908.114452
[00:06:29] Bootstrap tree #27, logLikelihood: -68476.783783
[00:06:35] Bootstrap tree #28, logLikelihood: -69601.715216
[00:06:42] Bootstrap tree #29, logLikelihood: -67151.956431
[00:06:49] Bootstrap tree #30, logLikelihood: -68477.174228
[00:06:58] Bootstrap tree #31, logLikelihood: -69370.034324
[00:07:05] Bootstrap tree #32, logLikelihood: -69030.353959
[00:07:10] Bootstrap tree #33, logLikelihood: -67832.737947
[00:07:18] Bootstrap tree #34, logLikelihood: -69361.013104
[00:07:27] Bootstrap tree #35, logLikelihood: -68313.830358
[00:07:34] Bootstrap tree #36, logLikelihood: -67442.588010
[00:07:41] Bootstrap tree #37, logLikelihood: -68002.558254
[00:07:49] Bootstrap tree #38, logLikelihood: -68282.571837
[00:07:56] Bootstrap tree #39, logLikelihood: -68396.784900
[00:08:03] Bootstrap tree #40, logLikelihood: -67991.449016
[00:08:09] Bootstrap tree #41, logLikelihood: -68331.679708
[00:08:16] Bootstrap tree #42, logLikelihood: -68566.250493
[00:08:22] Bootstrap tree #43, logLikelihood: -67714.638716
[00:08:29] Bootstrap tree #44, logLikelihood: -67590.721895
[00:08:38] Bootstrap tree #45, logLikelihood: -67912.910349
[00:08:46] Bootstrap tree #46, logLikelihood: -68810.716978
[00:08:55] Bootstrap tree #47, logLikelihood: -68829.159781
[00:09:03] Bootstrap tree #48, logLikelihood: -69526.724878
[00:09:11] Bootstrap tree #49, logLikelihood: -69372.843603
[00:09:18] Bootstrap tree #50, logLikelihood: -67967.225337
[00:09:25] Bootstrap tree #51, logLikelihood: -68036.699218
[00:09:33] Bootstrap tree #52, logLikelihood: -69574.139010
[00:09:41] Bootstrap tree #53, logLikelihood: -69559.026063
[00:09:47] Bootstrap tree #54, logLikelihood: -68542.012228
[00:09:55] Bootstrap tree #55, logLikelihood: -68135.344093
[00:10:03] Bootstrap tree #56, logLikelihood: -68968.683365
[00:10:12] Bootstrap tree #57, logLikelihood: -69106.005157
[00:10:22] Bootstrap tree #58, logLikelihood: -69093.427682
[00:10:30] Bootstrap tree #59, logLikelihood: -68736.160706
[00:10:35] Bootstrap tree #60, logLikelihood: -68292.174587
[00:10:41] Bootstrap tree #61, logLikelihood: -69384.514245
[00:10:47] Bootstrap tree #62, logLikelihood: -68143.591715
[00:10:55] Bootstrap tree #63, logLikelihood: -67743.273692
[00:11:02] Bootstrap tree #64, logLikelihood: -69152.318215
[00:11:08] Bootstrap tree #65, logLikelihood: -69412.962067
[00:11:15] Bootstrap tree #66, logLikelihood: -67401.298480
[00:11:23] Bootstrap tree #67, logLikelihood: -68586.115661
[00:11:31] Bootstrap tree #68, logLikelihood: -67519.950684
[00:11:37] Bootstrap tree #69, logLikelihood: -69098.738641
[00:11:44] Bootstrap tree #70, logLikelihood: -69620.956574
[00:11:51] Bootstrap tree #71, logLikelihood: -67767.336571
[00:12:00] Bootstrap tree #72, logLikelihood: -67883.060604
[00:12:08] Bootstrap tree #73, logLikelihood: -68981.718573
[00:12:15] Bootstrap tree #74, logLikelihood: -68906.966683
[00:12:21] Bootstrap tree #75, logLikelihood: -68689.850362
[00:12:28] Bootstrap tree #76, logLikelihood: -68277.491565
[00:12:34] Bootstrap tree #77, logLikelihood: -67906.667946
[00:12:42] Bootstrap tree #78, logLikelihood: -68814.791473
[00:12:50] Bootstrap tree #79, logLikelihood: -69533.105388
[00:12:56] Bootstrap tree #80, logLikelihood: -67951.757826
[00:13:03] Bootstrap tree #81, logLikelihood: -68624.797883
[00:13:11] Bootstrap tree #82, logLikelihood: -68451.817874
[00:13:19] Bootstrap tree #83, logLikelihood: -68998.724594
[00:13:28] Bootstrap tree #84, logLikelihood: -69102.579834
[00:13:35] Bootstrap tree #85, logLikelihood: -68310.989568
[00:13:41] Bootstrap tree #86, logLikelihood: -68222.089963
[00:13:48] Bootstrap tree #87, logLikelihood: -67846.036507
[00:13:54] Bootstrap tree #88, logLikelihood: -69081.429532
[00:14:01] Bootstrap tree #89, logLikelihood: -67376.087583
[00:14:08] Bootstrap tree #90, logLikelihood: -68869.459400
[00:14:13] Bootstrap tree #91, logLikelihood: -68823.379570
[00:14:20] Bootstrap tree #92, logLikelihood: -68599.129058
[00:14:25] Bootstrap tree #93, logLikelihood: -69201.738864
[00:14:32] Bootstrap tree #94, logLikelihood: -68870.505539
[00:14:38] Bootstrap tree #95, logLikelihood: -68256.968906
[00:14:46] Bootstrap tree #96, logLikelihood: -68168.088900
[00:14:54] Bootstrap tree #97, logLikelihood: -68704.465380
[00:15:00] Bootstrap tree #98, logLikelihood: -68948.857089
[00:15:07] Bootstrap tree #99, logLikelihood: -69760.333656
[00:15:13] Bootstrap tree #100, logLikelihood: -69248.156849
[00:15:19] Bootstrap tree #101, logLikelihood: -68716.234990
[00:15:25] Bootstrap tree #102, logLikelihood: -69323.763700
[00:15:33] Bootstrap tree #103, logLikelihood: -70143.194986
[00:15:42] Bootstrap tree #104, logLikelihood: -67183.449190
[00:15:51] Bootstrap tree #105, logLikelihood: -68676.856170
[00:15:59] Bootstrap tree #106, logLikelihood: -68122.177937
[00:16:05] Bootstrap tree #107, logLikelihood: -68885.264808
[00:16:11] Bootstrap tree #108, logLikelihood: -69673.613749
[00:16:18] Bootstrap tree #109, logLikelihood: -68104.015604
[00:16:29] Bootstrap tree #110, logLikelihood: -69033.328371
[00:16:35] Bootstrap tree #111, logLikelihood: -69661.833908
[00:16:43] Bootstrap tree #112, logLikelihood: -68599.276169
[00:16:49] Bootstrap tree #113, logLikelihood: -67958.546720
[00:16:57] Bootstrap tree #114, logLikelihood: -69658.580878
[00:17:03] Bootstrap tree #115, logLikelihood: -67379.449320
[00:17:12] Bootstrap tree #116, logLikelihood: -69488.429992
[00:17:19] Bootstrap tree #117, logLikelihood: -67454.686372
[00:17:25] Bootstrap tree #118, logLikelihood: -67274.844800
[00:17:31] Bootstrap tree #119, logLikelihood: -68611.302304
[00:17:38] Bootstrap tree #120, logLikelihood: -68655.296180
[00:17:45] Bootstrap tree #121, logLikelihood: -68565.512673
[00:17:52] Bootstrap tree #122, logLikelihood: -68433.270455
[00:18:00] Bootstrap tree #123, logLikelihood: -68834.008111
[00:18:09] Bootstrap tree #124, logLikelihood: -68719.652398
[00:18:16] Bootstrap tree #125, logLikelihood: -67759.726801
[00:18:22] Bootstrap tree #126, logLikelihood: -68579.232237
[00:18:30] Bootstrap tree #127, logLikelihood: -67977.679978
[00:18:39] Bootstrap tree #128, logLikelihood: -68086.064599
[00:18:46] Bootstrap tree #129, logLikelihood: -67744.323583
[00:18:54] Bootstrap tree #130, logLikelihood: -68875.150553
[00:19:00] Bootstrap tree #131, logLikelihood: -68177.662987
[00:19:06] Bootstrap tree #132, logLikelihood: -67923.831112
[00:19:14] Bootstrap tree #133, logLikelihood: -69448.788762
[00:19:19] Bootstrap tree #134, logLikelihood: -68489.176327
[00:19:26] Bootstrap tree #135, logLikelihood: -68092.540645
[00:19:32] Bootstrap tree #136, logLikelihood: -68805.589355
[00:19:42] Bootstrap tree #137, logLikelihood: -68716.639549
[00:19:48] Bootstrap tree #138, logLikelihood: -68609.413181
[00:19:54] Bootstrap tree #139, logLikelihood: -68700.060236
[00:20:03] Bootstrap tree #140, logLikelihood: -67790.288507
[00:20:09] Bootstrap tree #141, logLikelihood: -68788.064105
[00:20:17] Bootstrap tree #142, logLikelihood: -68083.083373
[00:20:22] Bootstrap tree #143, logLikelihood: -67824.491295
[00:20:30] Bootstrap tree #144, logLikelihood: -67703.811431
[00:20:38] Bootstrap tree #145, logLikelihood: -67837.818448
[00:20:47] Bootstrap tree #146, logLikelihood: -69035.634764
[00:20:55] Bootstrap tree #147, logLikelihood: -68354.723727
[00:21:02] Bootstrap tree #148, logLikelihood: -68737.582719
[00:21:08] Bootstrap tree #149, logLikelihood: -67885.434707
[00:21:15] Bootstrap tree #150, logLikelihood: -67866.445002
[00:21:21] Bootstrap tree #151, logLikelihood: -68686.509748
[00:21:28] Bootstrap tree #152, logLikelihood: -68426.800038
[00:21:34] Bootstrap tree #153, logLikelihood: -67899.672360
[00:21:40] Bootstrap tree #154, logLikelihood: -66760.864294
[00:21:47] Bootstrap tree #155, logLikelihood: -67782.458270
[00:21:54] Bootstrap tree #156, logLikelihood: -68851.860093
[00:22:01] Bootstrap tree #157, logLikelihood: -67744.355968
[00:22:09] Bootstrap tree #158, logLikelihood: -67682.528428
[00:22:16] Bootstrap tree #159, logLikelihood: -68412.769575
[00:22:26] Bootstrap tree #160, logLikelihood: -67729.480947
[00:22:33] Bootstrap tree #161, logLikelihood: -69239.338500
[00:22:39] Bootstrap tree #162, logLikelihood: -69108.494735
[00:22:47] Bootstrap tree #163, logLikelihood: -68235.471401
[00:22:55] Bootstrap tree #164, logLikelihood: -68137.564550
[00:23:01] Bootstrap tree #165, logLikelihood: -67760.657395
[00:23:09] Bootstrap tree #166, logLikelihood: -67852.103662
[00:23:16] Bootstrap tree #167, logLikelihood: -69360.049953
[00:23:22] Bootstrap tree #168, logLikelihood: -68289.379224
[00:23:29] Bootstrap tree #169, logLikelihood: -67413.465503
[00:23:35] Bootstrap tree #170, logLikelihood: -68704.908231
[00:23:41] Bootstrap tree #171, logLikelihood: -69403.258003
[00:23:48] Bootstrap tree #172, logLikelihood: -69848.162859
[00:23:56] Bootstrap tree #173, logLikelihood: -69569.691258
[00:24:06] Bootstrap tree #174, logLikelihood: -68697.742313
[00:24:11] Bootstrap tree #175, logLikelihood: -67710.809873
[00:24:21] Bootstrap tree #176, logLikelihood: -67875.685067
[00:24:27] Bootstrap tree #177, logLikelihood: -68318.471926
[00:24:36] Bootstrap tree #178, logLikelihood: -67797.614756
[00:24:43] Bootstrap tree #179, logLikelihood: -68951.159582
[00:24:50] Bootstrap tree #180, logLikelihood: -69316.778743
[00:24:56] Bootstrap tree #181, logLikelihood: -68084.536394
[00:25:03] Bootstrap tree #182, logLikelihood: -68869.300634
[00:25:12] Bootstrap tree #183, logLikelihood: -67757.736389
[00:25:18] Bootstrap tree #184, logLikelihood: -68146.417735
[00:25:24] Bootstrap tree #185, logLikelihood: -68695.011647
[00:25:31] Bootstrap tree #186, logLikelihood: -67783.194461
[00:25:38] Bootstrap tree #187, logLikelihood: -68647.552839
[00:25:44] Bootstrap tree #188, logLikelihood: -68430.724907
[00:25:50] Bootstrap tree #189, logLikelihood: -68796.475125
[00:25:56] Bootstrap tree #190, logLikelihood: -69139.938415
[00:26:03] Bootstrap tree #191, logLikelihood: -68725.303120
[00:26:10] Bootstrap tree #192, logLikelihood: -67820.479998
[00:26:17] Bootstrap tree #193, logLikelihood: -67334.766735
[00:26:23] Bootstrap tree #194, logLikelihood: -68481.751733
[00:26:28] Bootstrap tree #195, logLikelihood: -68328.856826
[00:26:36] Bootstrap tree #196, logLikelihood: -68411.681716
[00:26:45] Bootstrap tree #197, logLikelihood: -68789.582785
[00:26:53] Bootstrap tree #198, logLikelihood: -68479.647688
[00:27:00] Bootstrap tree #199, logLikelihood: -68136.987425
[00:27:07] Bootstrap tree #200, logLikelihood: -67983.620963
[00:27:14] Bootstrap tree #201, logLikelihood: -68164.629075
[00:27:21] Bootstrap tree #202, logLikelihood: -69228.891344
[00:27:27] Bootstrap tree #203, logLikelihood: -68839.889344
[00:27:35] Bootstrap tree #204, logLikelihood: -67286.698117
[00:27:41] Bootstrap tree #205, logLikelihood: -68260.387728
[00:27:48] Bootstrap tree #206, logLikelihood: -68462.989730
[00:27:54] Bootstrap tree #207, logLikelihood: -69200.763987
[00:28:02] Bootstrap tree #208, logLikelihood: -67565.105641
[00:28:09] Bootstrap tree #209, logLikelihood: -68469.502546
[00:28:15] Bootstrap tree #210, logLikelihood: -68527.955981
[00:28:24] Bootstrap tree #211, logLikelihood: -68847.567731
[00:28:29] Bootstrap tree #212, logLikelihood: -67861.475183
[00:28:36] Bootstrap tree #213, logLikelihood: -69223.296381
[00:28:43] Bootstrap tree #214, logLikelihood: -67433.601524
[00:28:50] Bootstrap tree #215, logLikelihood: -67983.987102
[00:29:03] Bootstrap tree #216, logLikelihood: -68202.172010
[00:29:08] Bootstrap tree #217, logLikelihood: -67933.773527
[00:29:18] Bootstrap tree #218, logLikelihood: -68994.113297
[00:29:25] Bootstrap tree #219, logLikelihood: -68034.258366
[00:29:32] Bootstrap tree #220, logLikelihood: -68149.041392
[00:29:40] Bootstrap tree #221, logLikelihood: -68802.764578
[00:29:47] Bootstrap tree #222, logLikelihood: -69154.074349
[00:29:52] Bootstrap tree #223, logLikelihood: -68341.243459
[00:30:01] Bootstrap tree #224, logLikelihood: -68398.647096
[00:30:09] Bootstrap tree #225, logLikelihood: -69055.966945
[00:30:17] Bootstrap tree #226, logLikelihood: -67383.231693
[00:30:25] Bootstrap tree #227, logLikelihood: -67673.833991
[00:30:31] Bootstrap tree #228, logLikelihood: -68326.932333
[00:30:38] Bootstrap tree #229, logLikelihood: -68092.357572
[00:30:46] Bootstrap tree #230, logLikelihood: -67436.695808
[00:30:52] Bootstrap tree #231, logLikelihood: -68460.575158
[00:31:01] Bootstrap tree #232, logLikelihood: -69660.407381
[00:31:08] Bootstrap tree #233, logLikelihood: -69696.990551
[00:31:15] Bootstrap tree #234, logLikelihood: -69317.845252
[00:31:24] Bootstrap tree #235, logLikelihood: -68137.228443
[00:31:30] Bootstrap tree #236, logLikelihood: -68810.562126
[00:31:37] Bootstrap tree #237, logLikelihood: -68545.266095
[00:31:43] Bootstrap tree #238, logLikelihood: -69023.819262
[00:31:49] Bootstrap tree #239, logLikelihood: -67287.975194
[00:31:56] Bootstrap tree #240, logLikelihood: -68519.546171
[00:32:04] Bootstrap tree #241, logLikelihood: -69246.767408
[00:32:14] Bootstrap tree #242, logLikelihood: -69734.045485
[00:32:20] Bootstrap tree #243, logLikelihood: -68066.335975
[00:32:28] Bootstrap tree #244, logLikelihood: -68390.672795
[00:32:35] Bootstrap tree #245, logLikelihood: -69562.964930
[00:32:41] Bootstrap tree #246, logLikelihood: -68893.745692
[00:32:48] Bootstrap tree #247, logLikelihood: -69184.596017
[00:32:55] Bootstrap tree #248, logLikelihood: -68178.650631
[00:33:01] Bootstrap tree #249, logLikelihood: -68224.627373
[00:33:07] Bootstrap tree #250, logLikelihood: -68357.608648
[00:33:16] Bootstrap tree #251, logLikelihood: -68767.342447
[00:33:24] Bootstrap tree #252, logLikelihood: -68411.042996
[00:33:30] Bootstrap tree #253, logLikelihood: -67790.382965
[00:33:36] Bootstrap tree #254, logLikelihood: -69290.494981
[00:33:44] Bootstrap tree #255, logLikelihood: -68333.006689
[00:33:52] Bootstrap tree #256, logLikelihood: -68167.159869
[00:33:59] Bootstrap tree #257, logLikelihood: -68528.143110
[00:34:05] Bootstrap tree #258, logLikelihood: -68702.010299
[00:34:12] Bootstrap tree #259, logLikelihood: -68433.894961
[00:34:18] Bootstrap tree #260, logLikelihood: -67805.738704
[00:34:25] Bootstrap tree #261, logLikelihood: -68630.123061
[00:34:31] Bootstrap tree #262, logLikelihood: -68859.338089
[00:34:38] Bootstrap tree #263, logLikelihood: -69208.853688
[00:34:44] Bootstrap tree #264, logLikelihood: -68820.333405
[00:34:51] Bootstrap tree #265, logLikelihood: -68900.220785
[00:34:57] Bootstrap tree #266, logLikelihood: -69392.560134
[00:35:04] Bootstrap tree #267, logLikelihood: -68403.738073
[00:35:11] Bootstrap tree #268, logLikelihood: -69517.554313
[00:35:20] Bootstrap tree #269, logLikelihood: -68174.887130
[00:35:27] Bootstrap tree #270, logLikelihood: -69990.285042
[00:35:34] Bootstrap tree #271, logLikelihood: -68663.189727
[00:35:42] Bootstrap tree #272, logLikelihood: -68198.451746
[00:35:49] Bootstrap tree #273, logLikelihood: -68589.405518
[00:35:55] Bootstrap tree #274, logLikelihood: -69076.382730
[00:36:01] Bootstrap tree #275, logLikelihood: -68293.572735
[00:36:09] Bootstrap tree #276, logLikelihood: -69214.603355
[00:36:16] Bootstrap tree #277, logLikelihood: -68399.202158
[00:36:22] Bootstrap tree #278, logLikelihood: -68851.508318
[00:36:29] Bootstrap tree #279, logLikelihood: -68463.212389
[00:36:34] Bootstrap tree #280, logLikelihood: -69749.411966
[00:36:42] Bootstrap tree #281, logLikelihood: -68549.435051
[00:36:48] Bootstrap tree #282, logLikelihood: -69695.171719
[00:36:54] Bootstrap tree #283, logLikelihood: -68137.274953
[00:37:03] Bootstrap tree #284, logLikelihood: -68649.993354
[00:37:09] Bootstrap tree #285, logLikelihood: -69223.917639
[00:37:16] Bootstrap tree #286, logLikelihood: -68236.902256
[00:37:23] Bootstrap tree #287, logLikelihood: -68552.584044
[00:37:29] Bootstrap tree #288, logLikelihood: -69149.569569
[00:37:36] Bootstrap tree #289, logLikelihood: -68977.286771
[00:37:43] Bootstrap tree #290, logLikelihood: -68684.373159
[00:37:50] Bootstrap tree #291, logLikelihood: -68700.188732
[00:37:58] Bootstrap tree #292, logLikelihood: -68590.141045
[00:38:04] Bootstrap tree #293, logLikelihood: -68382.253625
[00:38:10] Bootstrap tree #294, logLikelihood: -68491.026981
[00:38:17] Bootstrap tree #295, logLikelihood: -68238.260737
[00:38:25] Bootstrap tree #296, logLikelihood: -68223.656501
[00:38:31] Bootstrap tree #297, logLikelihood: -68438.343779
[00:38:38] Bootstrap tree #298, logLikelihood: -68742.490715
[00:38:44] Bootstrap tree #299, logLikelihood: -68327.011075
[00:38:51] Bootstrap tree #300, logLikelihood: -67628.520329
[00:38:58] Bootstrap tree #301, logLikelihood: -68214.068917
[00:39:04] Bootstrap tree #302, logLikelihood: -67719.548744
[00:39:11] Bootstrap tree #303, logLikelihood: -69425.547709
[00:39:17] Bootstrap tree #304, logLikelihood: -67495.411691
[00:39:24] Bootstrap tree #305, logLikelihood: -68375.389935
[00:39:31] Bootstrap tree #306, logLikelihood: -68085.965361
[00:39:38] Bootstrap tree #307, logLikelihood: -68912.254668
[00:39:43] Bootstrap tree #308, logLikelihood: -68416.876372
[00:39:51] Bootstrap tree #309, logLikelihood: -67877.649394
[00:40:00] Bootstrap tree #310, logLikelihood: -69165.150822
[00:40:07] Bootstrap tree #311, logLikelihood: -68626.655508
[00:40:15] Bootstrap tree #312, logLikelihood: -67687.931951
[00:40:21] Bootstrap tree #313, logLikelihood: -69190.253654
[00:40:29] Bootstrap tree #314, logLikelihood: -69006.872196
[00:40:37] Bootstrap tree #315, logLikelihood: -68116.506481
[00:40:43] Bootstrap tree #316, logLikelihood: -69001.857892
[00:40:50] Bootstrap tree #317, logLikelihood: -68460.885643
[00:40:58] Bootstrap tree #318, logLikelihood: -69030.295080
[00:41:05] Bootstrap tree #319, logLikelihood: -67893.852932
[00:41:12] Bootstrap tree #320, logLikelihood: -67538.271997
[00:41:20] Bootstrap tree #321, logLikelihood: -68638.704723
[00:41:27] Bootstrap tree #322, logLikelihood: -67912.609838
[00:41:35] Bootstrap tree #323, logLikelihood: -68292.906188
[00:41:42] Bootstrap tree #324, logLikelihood: -68303.613778
[00:41:48] Bootstrap tree #325, logLikelihood: -69261.799077
[00:41:54] Bootstrap tree #326, logLikelihood: -68956.533405
[00:42:03] Bootstrap tree #327, logLikelihood: -68054.375129
[00:42:12] Bootstrap tree #328, logLikelihood: -68297.037611
[00:42:18] Bootstrap tree #329, logLikelihood: -68463.054181
[00:42:26] Bootstrap tree #330, logLikelihood: -68249.500077
[00:42:35] Bootstrap tree #331, logLikelihood: -69171.800675
[00:42:41] Bootstrap tree #332, logLikelihood: -68854.218109
[00:42:48] Bootstrap tree #333, logLikelihood: -68341.435772
[00:42:55] Bootstrap tree #334, logLikelihood: -68862.031035
[00:43:01] Bootstrap tree #335, logLikelihood: -68710.586432
[00:43:08] Bootstrap tree #336, logLikelihood: -69209.784185
[00:43:15] Bootstrap tree #337, logLikelihood: -68209.477119
[00:43:21] Bootstrap tree #338, logLikelihood: -68819.295787
[00:43:27] Bootstrap tree #339, logLikelihood: -68322.714056
[00:43:34] Bootstrap tree #340, logLikelihood: -68843.838591
[00:43:42] Bootstrap tree #341, logLikelihood: -68501.320073
[00:43:50] Bootstrap tree #342, logLikelihood: -69114.889001
[00:43:57] Bootstrap tree #343, logLikelihood: -68505.282994
[00:44:05] Bootstrap tree #344, logLikelihood: -68695.181602
[00:44:11] Bootstrap tree #345, logLikelihood: -68323.122310
[00:44:18] Bootstrap tree #346, logLikelihood: -68644.357161
[00:44:25] Bootstrap tree #347, logLikelihood: -68303.948286
[00:44:32] Bootstrap tree #348, logLikelihood: -69249.284544
[00:44:38] Bootstrap tree #349, logLikelihood: -68009.157529
[00:44:45] Bootstrap tree #350, logLikelihood: -68918.589945
[00:44:52] Bootstrap tree #351, logLikelihood: -68410.799193
[00:45:00] Bootstrap tree #352, logLikelihood: -67453.614633
[00:45:07] Bootstrap tree #353, logLikelihood: -68727.898371
[00:45:13] Bootstrap tree #354, logLikelihood: -68578.088880
[00:45:19] Bootstrap tree #355, logLikelihood: -68555.255631
[00:45:28] Bootstrap tree #356, logLikelihood: -67877.170875
[00:45:34] Bootstrap tree #357, logLikelihood: -67949.691616
[00:45:41] Bootstrap tree #358, logLikelihood: -68672.163923
[00:45:48] Bootstrap tree #359, logLikelihood: -68695.385917
[00:45:55] Bootstrap tree #360, logLikelihood: -68596.044306
[00:46:04] Bootstrap tree #361, logLikelihood: -68004.257465
[00:46:11] Bootstrap tree #362, logLikelihood: -67457.401351
[00:46:17] Bootstrap tree #363, logLikelihood: -68934.750717
[00:46:25] Bootstrap tree #364, logLikelihood: -68283.124345
[00:46:32] Bootstrap tree #365, logLikelihood: -68953.519217
[00:46:40] Bootstrap tree #366, logLikelihood: -67965.075033
[00:46:45] Bootstrap tree #367, logLikelihood: -68611.954177
[00:46:51] Bootstrap tree #368, logLikelihood: -67887.663157
[00:46:59] Bootstrap tree #369, logLikelihood: -66780.223039
[00:47:04] Bootstrap tree #370, logLikelihood: -67861.750951
[00:47:10] Bootstrap tree #371, logLikelihood: -69784.989085
[00:47:17] Bootstrap tree #372, logLikelihood: -69293.322604
[00:47:24] Bootstrap tree #373, logLikelihood: -67810.637012
[00:47:31] Bootstrap tree #374, logLikelihood: -68777.171146
[00:47:38] Bootstrap tree #375, logLikelihood: -69217.002123
[00:47:44] Bootstrap tree #376, logLikelihood: -68196.632348
[00:47:51] Bootstrap tree #377, logLikelihood: -67421.315805
[00:47:58] Bootstrap tree #378, logLikelihood: -68423.956057
[00:48:04] Bootstrap tree #379, logLikelihood: -69105.493159
[00:48:10] Bootstrap tree #380, logLikelihood: -68727.748783
[00:48:16] Bootstrap tree #381, logLikelihood: -69015.548206
[00:48:22] Bootstrap tree #382, logLikelihood: -68081.447927
[00:48:29] Bootstrap tree #383, logLikelihood: -68707.607000
[00:48:38] Bootstrap tree #384, logLikelihood: -67888.402549
[00:48:44] Bootstrap tree #385, logLikelihood: -68369.003121
[00:48:50] Bootstrap tree #386, logLikelihood: -68887.997421
[00:48:58] Bootstrap tree #387, logLikelihood: -68627.818655
[00:49:06] Bootstrap tree #388, logLikelihood: -69294.933066
[00:49:13] Bootstrap tree #389, logLikelihood: -68543.640917
[00:49:20] Bootstrap tree #390, logLikelihood: -68407.544291
[00:49:29] Bootstrap tree #391, logLikelihood: -68875.017411
[00:49:36] Bootstrap tree #392, logLikelihood: -68221.492612
[00:49:43] Bootstrap tree #393, logLikelihood: -67947.055925
[00:49:49] Bootstrap tree #394, logLikelihood: -69163.425703
[00:49:57] Bootstrap tree #395, logLikelihood: -67693.811173
[00:50:04] Bootstrap tree #396, logLikelihood: -67683.414266
[00:50:11] Bootstrap tree #397, logLikelihood: -67562.992783
[00:50:24] Bootstrap tree #398, logLikelihood: -68529.591180
[00:50:30] Bootstrap tree #399, logLikelihood: -69254.463228
[00:50:36] Bootstrap tree #400, logLikelihood: -69291.368405
[00:50:42] Bootstrap tree #401, logLikelihood: -68249.824965
[00:50:49] Bootstrap tree #402, logLikelihood: -68633.103564
[00:50:55] Bootstrap tree #403, logLikelihood: -68113.252307
[00:51:01] Bootstrap tree #404, logLikelihood: -68812.661693
[00:51:08] Bootstrap tree #405, logLikelihood: -68900.850394
[00:51:14] Bootstrap tree #406, logLikelihood: -68094.302080
[00:51:20] Bootstrap tree #407, logLikelihood: -68581.037488
[00:51:28] Bootstrap tree #408, logLikelihood: -69867.359885
[00:51:35] Bootstrap tree #409, logLikelihood: -68821.379800
[00:51:42] Bootstrap tree #410, logLikelihood: -68884.550962
[00:51:48] Bootstrap tree #411, logLikelihood: -69003.789103
[00:51:54] Bootstrap tree #412, logLikelihood: -68614.066732
[00:52:03] Bootstrap tree #413, logLikelihood: -68294.247306
[00:52:09] Bootstrap tree #414, logLikelihood: -68127.509363
[00:52:14] Bootstrap tree #415, logLikelihood: -68726.757193
[00:52:21] Bootstrap tree #416, logLikelihood: -67941.768642
[00:52:29] Bootstrap tree #417, logLikelihood: -67529.078768
[00:52:35] Bootstrap tree #418, logLikelihood: -68591.439030
[00:52:42] Bootstrap tree #419, logLikelihood: -69542.814262
[00:52:48] Bootstrap tree #420, logLikelihood: -68671.833480
[00:52:56] Bootstrap tree #421, logLikelihood: -68897.660264
[00:53:02] Bootstrap tree #422, logLikelihood: -68097.527277
[00:53:10] Bootstrap tree #423, logLikelihood: -69762.322939
[00:53:18] Bootstrap tree #424, logLikelihood: -68601.042849
[00:53:25] Bootstrap tree #425, logLikelihood: -69131.938727
[00:53:33] Bootstrap tree #426, logLikelihood: -68686.606451
[00:53:40] Bootstrap tree #427, logLikelihood: -69581.598887
[00:53:47] Bootstrap tree #428, logLikelihood: -69172.690578
[00:53:54] Bootstrap tree #429, logLikelihood: -67832.945187
[00:54:01] Bootstrap tree #430, logLikelihood: -68694.254017
[00:54:07] Bootstrap tree #431, logLikelihood: -67704.876119
[00:54:14] Bootstrap tree #432, logLikelihood: -69381.162441
[00:54:20] Bootstrap tree #433, logLikelihood: -68555.882722
[00:54:28] Bootstrap tree #434, logLikelihood: -68225.211122
[00:54:35] Bootstrap tree #435, logLikelihood: -69723.000183
[00:54:40] Bootstrap tree #436, logLikelihood: -68248.574540
[00:54:48] Bootstrap tree #437, logLikelihood: -68233.570696
[00:54:56] Bootstrap tree #438, logLikelihood: -68969.251007
[00:55:02] Bootstrap tree #439, logLikelihood: -67804.720512
[00:55:08] Bootstrap tree #440, logLikelihood: -68356.670896
[00:55:15] Bootstrap tree #441, logLikelihood: -68068.126882
[00:55:20] Bootstrap tree #442, logLikelihood: -67826.707656
[00:55:28] Bootstrap tree #443, logLikelihood: -69166.104393
[00:55:38] Bootstrap tree #444, logLikelihood: -67846.432216
[00:55:44] Bootstrap tree #445, logLikelihood: -67848.044583
[00:55:52] Bootstrap tree #446, logLikelihood: -68517.684674
[00:55:59] Bootstrap tree #447, logLikelihood: -68738.796590
[00:56:05] Bootstrap tree #448, logLikelihood: -67774.635535
[00:56:13] Bootstrap tree #449, logLikelihood: -67745.940365
[00:56:21] Bootstrap tree #450, logLikelihood: -68530.797413
[00:56:28] Bootstrap tree #451, logLikelihood: -67851.203394
[00:56:35] Bootstrap tree #452, logLikelihood: -68125.889667
[00:56:41] Bootstrap tree #453, logLikelihood: -68033.781330
[00:56:49] Bootstrap tree #454, logLikelihood: -69026.382235
[00:56:55] Bootstrap tree #455, logLikelihood: -68190.160942
[00:57:01] Bootstrap tree #456, logLikelihood: -68708.791572
[00:57:09] Bootstrap tree #457, logLikelihood: -68554.683422
[00:57:15] Bootstrap tree #458, logLikelihood: -68076.085767
[00:57:25] Bootstrap tree #459, logLikelihood: -67924.195621
[00:57:33] Bootstrap tree #460, logLikelihood: -67438.434394
[00:57:40] Bootstrap tree #461, logLikelihood: -69227.792853
[00:57:48] Bootstrap tree #462, logLikelihood: -68501.745821
[00:57:55] Bootstrap tree #463, logLikelihood: -68802.857960
[00:58:01] Bootstrap tree #464, logLikelihood: -68265.158464
[00:58:08] Bootstrap tree #465, logLikelihood: -67657.670140
[00:58:14] Bootstrap tree #466, logLikelihood: -67960.959776
[00:58:20] Bootstrap tree #467, logLikelihood: -68918.071845
[00:58:26] Bootstrap tree #468, logLikelihood: -69204.156271
[00:58:34] Bootstrap tree #469, logLikelihood: -68362.462992
[00:58:42] Bootstrap tree #470, logLikelihood: -67816.834408
[00:58:50] Bootstrap tree #471, logLikelihood: -69031.940718
[00:58:58] Bootstrap tree #472, logLikelihood: -69487.025194
[00:59:06] Bootstrap tree #473, logLikelihood: -69177.512552
[00:59:12] Bootstrap tree #474, logLikelihood: -68374.277340
[00:59:19] Bootstrap tree #475, logLikelihood: -68331.277178
[00:59:26] Bootstrap tree #476, logLikelihood: -67305.308123
[00:59:32] Bootstrap tree #477, logLikelihood: -68105.370171
[00:59:40] Bootstrap tree #478, logLikelihood: -68538.848173
[00:59:46] Bootstrap tree #479, logLikelihood: -67771.494433
[00:59:53] Bootstrap tree #480, logLikelihood: -68463.902193
[00:59:59] Bootstrap tree #481, logLikelihood: -68475.484163
[01:00:07] Bootstrap tree #482, logLikelihood: -68911.466902
[01:00:14] Bootstrap tree #483, logLikelihood: -68782.050899
[01:00:20] Bootstrap tree #484, logLikelihood: -69479.511899
[01:00:29] Bootstrap tree #485, logLikelihood: -66791.624263
[01:00:37] Bootstrap tree #486, logLikelihood: -67640.250246
[01:00:44] Bootstrap tree #487, logLikelihood: -68884.041701
[01:00:52] Bootstrap tree #488, logLikelihood: -68320.589139
[01:00:58] Bootstrap tree #489, logLikelihood: -68637.093998
[01:01:05] Bootstrap tree #490, logLikelihood: -68747.322234
[01:01:12] Bootstrap tree #491, logLikelihood: -68617.640272
[01:01:19] Bootstrap tree #492, logLikelihood: -68323.033257
[01:01:26] Bootstrap tree #493, logLikelihood: -68126.341239
[01:01:33] Bootstrap tree #494, logLikelihood: -67833.248346
[01:01:39] Bootstrap tree #495, logLikelihood: -67947.241027
[01:01:47] Bootstrap tree #496, logLikelihood: -68119.872224
[01:01:55] Bootstrap tree #497, logLikelihood: -67895.995789
[01:02:04] Bootstrap tree #498, logLikelihood: -67739.134036
[01:02:12] Bootstrap tree #499, logLikelihood: -68611.948228
[01:02:19] Bootstrap tree #500, logLikelihood: -69109.485008
[01:02:27] Bootstrap tree #501, logLikelihood: -68229.332856
[01:02:35] Bootstrap tree #502, logLikelihood: -68587.975077
[01:02:40] Bootstrap tree #503, logLikelihood: -68314.781969
[01:02:46] Bootstrap tree #504, logLikelihood: -68497.408814
[01:02:53] Bootstrap tree #505, logLikelihood: -68312.646279
[01:03:01] Bootstrap tree #506, logLikelihood: -69566.100229
[01:03:07] Bootstrap tree #507, logLikelihood: -69243.722860
[01:03:14] Bootstrap tree #508, logLikelihood: -68689.447235
[01:03:20] Bootstrap tree #509, logLikelihood: -68218.187319
[01:03:27] Bootstrap tree #510, logLikelihood: -67996.012848
[01:03:33] Bootstrap tree #511, logLikelihood: -68185.483908
[01:03:39] Bootstrap tree #512, logLikelihood: -68813.171257
[01:03:47] Bootstrap tree #513, logLikelihood: -68749.937208
[01:03:56] Bootstrap tree #514, logLikelihood: -67978.539421
[01:04:02] Bootstrap tree #515, logLikelihood: -68447.912296
[01:04:10] Bootstrap tree #516, logLikelihood: -69060.627734
[01:04:16] Bootstrap tree #517, logLikelihood: -69078.809973
[01:04:21] Bootstrap tree #518, logLikelihood: -68810.929456
[01:04:28] Bootstrap tree #519, logLikelihood: -68341.974135
[01:04:35] Bootstrap tree #520, logLikelihood: -68809.072375
[01:04:42] Bootstrap tree #521, logLikelihood: -68033.660579
[01:04:49] Bootstrap tree #522, logLikelihood: -68204.594811
[01:04:55] Bootstrap tree #523, logLikelihood: -69069.498741
[01:05:03] Bootstrap tree #524, logLikelihood: -68423.288152
[01:05:12] Bootstrap tree #525, logLikelihood: -68701.524481
[01:05:19] Bootstrap tree #526, logLikelihood: -68447.354938
[01:05:25] Bootstrap tree #527, logLikelihood: -68260.889286
[01:05:32] Bootstrap tree #528, logLikelihood: -68775.762352
[01:05:41] Bootstrap tree #529, logLikelihood: -68225.210262
[01:05:48] Bootstrap tree #530, logLikelihood: -68583.509361
[01:05:55] Bootstrap tree #531, logLikelihood: -68460.894471
[01:06:01] Bootstrap tree #532, logLikelihood: -68512.643196
[01:06:08] Bootstrap tree #533, logLikelihood: -68645.524264
[01:06:15] Bootstrap tree #534, logLikelihood: -68337.305771
[01:06:22] Bootstrap tree #535, logLikelihood: -68821.175104
[01:06:29] Bootstrap tree #536, logLikelihood: -68114.936842
[01:06:37] Bootstrap tree #537, logLikelihood: -69565.376429
[01:06:47] Bootstrap tree #538, logLikelihood: -68856.556194
[01:06:54] Bootstrap tree #539, logLikelihood: -69199.227212
[01:07:01] Bootstrap tree #540, logLikelihood: -68493.446409
[01:07:10] Bootstrap tree #541, logLikelihood: -67992.385787
[01:07:18] Bootstrap tree #542, logLikelihood: -68644.085488
[01:07:28] Bootstrap tree #543, logLikelihood: -69768.925220
[01:07:34] Bootstrap tree #544, logLikelihood: -68134.324483
[01:07:42] Bootstrap tree #545, logLikelihood: -68673.263983
[01:07:49] Bootstrap tree #546, logLikelihood: -68094.952033
[01:07:55] Bootstrap tree #547, logLikelihood: -68944.484412
[01:08:01] Bootstrap tree #548, logLikelihood: -67878.030640
[01:08:09] Bootstrap tree #549, logLikelihood: -67812.320924
[01:08:18] Bootstrap tree #550, logLikelihood: -68897.074055
[01:08:25] Bootstrap tree #551, logLikelihood: -68849.584617
[01:08:31] Bootstrap tree #552, logLikelihood: -67819.712960
[01:08:37] Bootstrap tree #553, logLikelihood: -68430.858291
[01:08:44] Bootstrap tree #554, logLikelihood: -68973.501596
[01:08:51] Bootstrap tree #555, logLikelihood: -68507.244861
[01:09:00] Bootstrap tree #556, logLikelihood: -68517.826985
[01:09:06] Bootstrap tree #557, logLikelihood: -68102.761395
[01:09:12] Bootstrap tree #558, logLikelihood: -68737.040774
[01:09:22] Bootstrap tree #559, logLikelihood: -69067.567123
[01:09:27] Bootstrap tree #560, logLikelihood: -69160.827057
[01:09:33] Bootstrap tree #561, logLikelihood: -68959.161475
[01:09:42] Bootstrap tree #562, logLikelihood: -68723.461158
[01:09:49] Bootstrap tree #563, logLikelihood: -68714.315408
[01:09:57] Bootstrap tree #564, logLikelihood: -68710.759151
[01:10:04] Bootstrap tree #565, logLikelihood: -68924.205949
[01:10:11] Bootstrap tree #566, logLikelihood: -67855.439710
[01:10:18] Bootstrap tree #567, logLikelihood: -69112.242096
[01:10:25] Bootstrap tree #568, logLikelihood: -68794.920141
[01:10:31] Bootstrap tree #569, logLikelihood: -67981.023300
[01:10:38] Bootstrap tree #570, logLikelihood: -67076.362703
[01:10:44] Bootstrap tree #571, logLikelihood: -69327.414900
[01:10:50] Bootstrap tree #572, logLikelihood: -69367.791436
[01:10:56] Bootstrap tree #573, logLikelihood: -67652.878785
[01:11:04] Bootstrap tree #574, logLikelihood: -68498.187327
[01:11:09] Bootstrap tree #575, logLikelihood: -68660.862839
[01:11:16] Bootstrap tree #576, logLikelihood: -67810.160363
[01:11:24] Bootstrap tree #577, logLikelihood: -68382.522111
[01:11:29] Bootstrap tree #578, logLikelihood: -69039.585131
[01:11:38] Bootstrap tree #579, logLikelihood: -68932.008384
[01:11:44] Bootstrap tree #580, logLikelihood: -69066.450085
[01:11:51] Bootstrap tree #581, logLikelihood: -68756.642045
[01:11:57] Bootstrap tree #582, logLikelihood: -69186.760052
[01:12:03] Bootstrap tree #583, logLikelihood: -67917.138438
[01:12:09] Bootstrap tree #584, logLikelihood: -68983.435372
[01:12:15] Bootstrap tree #585, logLikelihood: -68488.646033
[01:12:24] Bootstrap tree #586, logLikelihood: -67629.943638
[01:12:30] Bootstrap tree #587, logLikelihood: -68045.425288
[01:12:37] Bootstrap tree #588, logLikelihood: -69276.728760
[01:12:44] Bootstrap tree #589, logLikelihood: -68641.846928
[01:12:51] Bootstrap tree #590, logLikelihood: -68515.532811
[01:12:58] Bootstrap tree #591, logLikelihood: -68360.748428
[01:13:06] Bootstrap tree #592, logLikelihood: -68987.843195
[01:13:14] Bootstrap tree #593, logLikelihood: -67393.832596
[01:13:22] Bootstrap tree #594, logLikelihood: -67974.105952
[01:13:30] Bootstrap tree #595, logLikelihood: -68783.405847
[01:13:37] Bootstrap tree #596, logLikelihood: -68044.544005
[01:13:45] Bootstrap tree #597, logLikelihood: -68308.835363
[01:13:53] Bootstrap tree #598, logLikelihood: -67720.957110
[01:14:01] Bootstrap tree #599, logLikelihood: -68707.742238
[01:14:07] Bootstrap tree #600, logLikelihood: -67931.895569
[01:14:15] Bootstrap tree #601, logLikelihood: -67847.703045
[01:14:23] Bootstrap tree #602, logLikelihood: -67872.016831
[01:14:29] Bootstrap tree #603, logLikelihood: -68145.808050
[01:14:35] Bootstrap tree #604, logLikelihood: -67680.939555
[01:14:43] Bootstrap tree #605, logLikelihood: -69125.399028
[01:14:51] Bootstrap tree #606, logLikelihood: -69069.587791
[01:14:57] Bootstrap tree #607, logLikelihood: -68805.456345
[01:15:04] Bootstrap tree #608, logLikelihood: -68500.382685
[01:15:11] Bootstrap tree #609, logLikelihood: -69769.371877
[01:15:17] Bootstrap tree #610, logLikelihood: -69302.308863
[01:15:25] Bootstrap tree #611, logLikelihood: -68313.641916
[01:15:32] Bootstrap tree #612, logLikelihood: -69057.939993
[01:15:40] Bootstrap tree #613, logLikelihood: -69121.997746
[01:15:46] Bootstrap tree #614, logLikelihood: -67942.508120
[01:15:53] Bootstrap tree #615, logLikelihood: -68467.303283
[01:16:00] Bootstrap tree #616, logLikelihood: -68181.272129
[01:16:07] Bootstrap tree #617, logLikelihood: -68484.896987
[01:16:13] Bootstrap tree #618, logLikelihood: -68094.683422
[01:16:19] Bootstrap tree #619, logLikelihood: -67915.738863
[01:16:25] Bootstrap tree #620, logLikelihood: -68105.382467
[01:16:35] Bootstrap tree #621, logLikelihood: -68516.750727
[01:16:41] Bootstrap tree #622, logLikelihood: -68948.963957
[01:16:48] Bootstrap tree #623, logLikelihood: -68068.955920
[01:16:56] Bootstrap tree #624, logLikelihood: -67454.982977
[01:17:02] Bootstrap tree #625, logLikelihood: -69214.777595
[01:17:10] Bootstrap tree #626, logLikelihood: -69537.874906
[01:17:17] Bootstrap tree #627, logLikelihood: -68049.722792
[01:17:25] Bootstrap tree #628, logLikelihood: -69382.388236
[01:17:32] Bootstrap tree #629, logLikelihood: -67556.207960
[01:17:39] Bootstrap tree #630, logLikelihood: -69140.106015
[01:17:45] Bootstrap tree #631, logLikelihood: -68476.289145
[01:17:51] Bootstrap tree #632, logLikelihood: -68204.859845
[01:17:59] Bootstrap tree #633, logLikelihood: -68753.340564
[01:18:05] Bootstrap tree #634, logLikelihood: -68490.585763
[01:18:13] Bootstrap tree #635, logLikelihood: -68355.822667
[01:18:19] Bootstrap tree #636, logLikelihood: -69743.724734
[01:18:26] Bootstrap tree #637, logLikelihood: -69545.403341
[01:18:35] Bootstrap tree #638, logLikelihood: -68796.098523
[01:18:43] Bootstrap tree #639, logLikelihood: -68297.005989
[01:18:50] Bootstrap tree #640, logLikelihood: -67234.349550
[01:18:56] Bootstrap tree #641, logLikelihood: -68033.642483
[01:19:03] Bootstrap tree #642, logLikelihood: -68450.226221
[01:19:09] Bootstrap tree #643, logLikelihood: -69601.857472
[01:19:17] Bootstrap tree #644, logLikelihood: -68895.040181
[01:19:24] Bootstrap tree #645, logLikelihood: -68361.248895
[01:19:33] Bootstrap tree #646, logLikelihood: -69402.970501
[01:19:40] Bootstrap tree #647, logLikelihood: -68914.228113
[01:19:47] Bootstrap tree #648, logLikelihood: -68253.205431
[01:19:55] Bootstrap tree #649, logLikelihood: -66749.720876
[01:20:02] Bootstrap tree #650, logLikelihood: -68051.165413
[01:20:08] Bootstrap tree #651, logLikelihood: -68683.953070
[01:20:14] Bootstrap tree #652, logLikelihood: -67267.999552
[01:20:23] Bootstrap tree #653, logLikelihood: -67799.283683
[01:20:31] Bootstrap tree #654, logLikelihood: -68659.817070
[01:20:39] Bootstrap tree #655, logLikelihood: -68500.950062
[01:20:46] Bootstrap tree #656, logLikelihood: -68554.472191
[01:20:54] Bootstrap tree #657, logLikelihood: -67546.315369
[01:21:04] Bootstrap tree #658, logLikelihood: -67750.998159
[01:21:12] Bootstrap tree #659, logLikelihood: -68842.094448
[01:21:20] Bootstrap tree #660, logLikelihood: -69368.307090
[01:21:28] Bootstrap tree #661, logLikelihood: -68323.937263
[01:21:35] Bootstrap tree #662, logLikelihood: -67170.989615
[01:21:41] Bootstrap tree #663, logLikelihood: -68658.647709
[01:21:49] Bootstrap tree #664, logLikelihood: -68554.781736
[01:21:56] Bootstrap tree #665, logLikelihood: -68281.837489
[01:22:01] Bootstrap tree #666, logLikelihood: -68103.284318
[01:22:06] Bootstrap tree #667, logLikelihood: -68908.317218
[01:22:14] Bootstrap tree #668, logLikelihood: -68516.413398
[01:22:21] Bootstrap tree #669, logLikelihood: -69409.892335
[01:22:28] Bootstrap tree #670, logLikelihood: -68054.517586
[01:22:33] Bootstrap tree #671, logLikelihood: -68832.980496
[01:22:40] Bootstrap tree #672, logLikelihood: -68619.948088
[01:22:46] Bootstrap tree #673, logLikelihood: -68210.387325
[01:22:53] Bootstrap tree #674, logLikelihood: -68281.986826
[01:23:00] Bootstrap tree #675, logLikelihood: -68398.313149
[01:23:07] Bootstrap tree #676, logLikelihood: -69655.783015
[01:23:16] Bootstrap tree #677, logLikelihood: -67619.892536
[01:23:23] Bootstrap tree #678, logLikelihood: -67970.249965
[01:23:31] Bootstrap tree #679, logLikelihood: -68180.007577
[01:23:38] Bootstrap tree #680, logLikelihood: -67873.702963
[01:23:44] Bootstrap tree #681, logLikelihood: -68370.661632
[01:23:52] Bootstrap tree #682, logLikelihood: -68599.308895
[01:24:00] Bootstrap tree #683, logLikelihood: -68773.830940
[01:24:05] Bootstrap tree #684, logLikelihood: -68406.985537
[01:24:12] Bootstrap tree #685, logLikelihood: -68662.780007
[01:24:19] Bootstrap tree #686, logLikelihood: -68059.383323
[01:24:25] Bootstrap tree #687, logLikelihood: -67623.030605
[01:24:33] Bootstrap tree #688, logLikelihood: -67634.588844
[01:24:40] Bootstrap tree #689, logLikelihood: -68907.045079
[01:24:47] Bootstrap tree #690, logLikelihood: -68483.792382
[01:24:54] Bootstrap tree #691, logLikelihood: -68722.779457
[01:25:01] Bootstrap tree #692, logLikelihood: -69563.116559
[01:25:07] Bootstrap tree #693, logLikelihood: -66781.176158
[01:25:14] Bootstrap tree #694, logLikelihood: -69242.997405
[01:25:20] Bootstrap tree #695, logLikelihood: -68300.349825
[01:25:30] Bootstrap tree #696, logLikelihood: -68569.347972
[01:25:38] Bootstrap tree #697, logLikelihood: -68961.772788
[01:25:44] Bootstrap tree #698, logLikelihood: -68470.061416
[01:25:49] Bootstrap tree #699, logLikelihood: -68602.717362
[01:25:59] Bootstrap tree #700, logLikelihood: -68467.048358
[01:26:06] Bootstrap tree #701, logLikelihood: -69074.791080
[01:26:15] Bootstrap tree #702, logLikelihood: -68304.387704
[01:26:22] Bootstrap tree #703, logLikelihood: -69756.133288
[01:26:27] Bootstrap tree #704, logLikelihood: -69022.261573
[01:26:34] Bootstrap tree #705, logLikelihood: -68225.098783
[01:26:39] Bootstrap tree #706, logLikelihood: -68019.522227
[01:26:45] Bootstrap tree #707, logLikelihood: -68781.361633
[01:26:52] Bootstrap tree #708, logLikelihood: -69637.711292
[01:26:58] Bootstrap tree #709, logLikelihood: -68434.123714
[01:27:04] Bootstrap tree #710, logLikelihood: -69086.132956
[01:27:12] Bootstrap tree #711, logLikelihood: -68876.170723
[01:27:20] Bootstrap tree #712, logLikelihood: -67272.415351
[01:27:28] Bootstrap tree #713, logLikelihood: -68757.507232
[01:27:36] Bootstrap tree #714, logLikelihood: -67960.118511
[01:27:45] Bootstrap tree #715, logLikelihood: -68562.734071
[01:27:52] Bootstrap tree #716, logLikelihood: -68726.659854
[01:27:59] Bootstrap tree #717, logLikelihood: -68345.496857
[01:28:08] Bootstrap tree #718, logLikelihood: -67573.879592
[01:28:15] Bootstrap tree #719, logLikelihood: -69199.627849
[01:28:24] Bootstrap tree #720, logLikelihood: -68454.542905
[01:28:30] Bootstrap tree #721, logLikelihood: -67736.558529
[01:28:37] Bootstrap tree #722, logLikelihood: -67740.017047
[01:28:44] Bootstrap tree #723, logLikelihood: -68269.685836
[01:28:50] Bootstrap tree #724, logLikelihood: -67764.301430
[01:28:56] Bootstrap tree #725, logLikelihood: -69459.892531
[01:29:04] Bootstrap tree #726, logLikelihood: -68582.315376
[01:29:11] Bootstrap tree #727, logLikelihood: -68458.884461
[01:29:20] Bootstrap tree #728, logLikelihood: -67681.630135
[01:29:27] Bootstrap tree #729, logLikelihood: -67860.250625
[01:29:32] Bootstrap tree #730, logLikelihood: -69138.152039
[01:29:40] Bootstrap tree #731, logLikelihood: -69005.411916
[01:29:48] Bootstrap tree #732, logLikelihood: -69138.893772
[01:29:55] Bootstrap tree #733, logLikelihood: -68897.071178
[01:30:03] Bootstrap tree #734, logLikelihood: -68393.428887
[01:30:09] Bootstrap tree #735, logLikelihood: -68361.128911
[01:30:15] Bootstrap tree #736, logLikelihood: -68879.178274
[01:30:21] Bootstrap tree #737, logLikelihood: -68105.018062
[01:30:28] Bootstrap tree #738, logLikelihood: -68253.477890
[01:30:34] Bootstrap tree #739, logLikelihood: -69473.529924
[01:30:40] Bootstrap tree #740, logLikelihood: -67103.080813
[01:30:46] Bootstrap tree #741, logLikelihood: -67738.939314
[01:30:52] Bootstrap tree #742, logLikelihood: -68187.033137
[01:31:00] Bootstrap tree #743, logLikelihood: -67701.385286
[01:31:07] Bootstrap tree #744, logLikelihood: -68223.786886
[01:31:14] Bootstrap tree #745, logLikelihood: -68775.209793
[01:31:20] Bootstrap tree #746, logLikelihood: -69105.683425
[01:31:27] Bootstrap tree #747, logLikelihood: -68498.425808
[01:31:32] Bootstrap tree #748, logLikelihood: -68114.214089
[01:31:39] Bootstrap tree #749, logLikelihood: -68064.359972
[01:31:45] Bootstrap tree #750, logLikelihood: -68752.054997
[01:31:51] Bootstrap tree #751, logLikelihood: -68446.370788
[01:32:00] Bootstrap tree #752, logLikelihood: -69390.383615
[01:32:06] Bootstrap tree #753, logLikelihood: -68207.800065
[01:32:14] Bootstrap tree #754, logLikelihood: -68615.974039
[01:32:21] Bootstrap tree #755, logLikelihood: -69371.067595
[01:32:31] Bootstrap tree #756, logLikelihood: -67933.104224
[01:32:38] Bootstrap tree #757, logLikelihood: -68803.130128
[01:32:45] Bootstrap tree #758, logLikelihood: -67882.809182
[01:32:52] Bootstrap tree #759, logLikelihood: -68738.480387
[01:33:01] Bootstrap tree #760, logLikelihood: -69054.716550
[01:33:06] Bootstrap tree #761, logLikelihood: -68218.191354
[01:33:13] Bootstrap tree #762, logLikelihood: -68764.007538
[01:33:20] Bootstrap tree #763, logLikelihood: -68167.913033
[01:33:27] Bootstrap tree #764, logLikelihood: -67659.910972
[01:33:34] Bootstrap tree #765, logLikelihood: -68915.521890
[01:33:41] Bootstrap tree #766, logLikelihood: -68471.046507
[01:33:49] Bootstrap tree #767, logLikelihood: -67738.454494
[01:33:55] Bootstrap tree #768, logLikelihood: -68495.917194
[01:34:02] Bootstrap tree #769, logLikelihood: -68417.843223
[01:34:08] Bootstrap tree #770, logLikelihood: -67300.962362
[01:34:13] Bootstrap tree #771, logLikelihood: -68624.079044
[01:34:21] Bootstrap tree #772, logLikelihood: -68490.092492
[01:34:29] Bootstrap tree #773, logLikelihood: -68220.771891
[01:34:35] Bootstrap tree #774, logLikelihood: -67802.760128
[01:34:43] Bootstrap tree #775, logLikelihood: -68966.293517
[01:34:49] Bootstrap tree #776, logLikelihood: -68127.022990
[01:34:56] Bootstrap tree #777, logLikelihood: -68448.988065
[01:35:02] Bootstrap tree #778, logLikelihood: -67319.980942
[01:35:08] Bootstrap tree #779, logLikelihood: -68450.796799
[01:35:14] Bootstrap tree #780, logLikelihood: -68238.356807
[01:35:22] Bootstrap tree #781, logLikelihood: -67840.026950
[01:35:29] Bootstrap tree #782, logLikelihood: -68003.820288
[01:35:34] Bootstrap tree #783, logLikelihood: -67510.296796
[01:35:40] Bootstrap tree #784, logLikelihood: -67787.450099
[01:35:47] Bootstrap tree #785, logLikelihood: -68622.581053
[01:35:53] Bootstrap tree #786, logLikelihood: -68083.385749
[01:36:00] Bootstrap tree #787, logLikelihood: -68330.255355
[01:36:08] Bootstrap tree #788, logLikelihood: -67268.528098
[01:36:15] Bootstrap tree #789, logLikelihood: -67942.079215
[01:36:22] Bootstrap tree #790, logLikelihood: -68855.529234
[01:36:30] Bootstrap tree #791, logLikelihood: -68438.707264
[01:36:37] Bootstrap tree #792, logLikelihood: -68550.933448
[01:36:46] Bootstrap tree #793, logLikelihood: -67540.263100
[01:36:52] Bootstrap tree #794, logLikelihood: -68357.012076
[01:36:57] Bootstrap tree #795, logLikelihood: -68752.300509
[01:37:04] Bootstrap tree #796, logLikelihood: -67823.523680
[01:37:10] Bootstrap tree #797, logLikelihood: -69256.285131
[01:37:16] Bootstrap tree #798, logLikelihood: -69357.811982
[01:37:23] Bootstrap tree #799, logLikelihood: -69642.591141
[01:37:30] Bootstrap tree #800, logLikelihood: -68084.224321
[01:37:37] Bootstrap tree #801, logLikelihood: -68663.632631
[01:37:43] Bootstrap tree #802, logLikelihood: -68157.768537
[01:37:52] Bootstrap tree #803, logLikelihood: -68632.922812
[01:37:59] Bootstrap tree #804, logLikelihood: -67882.474479
[01:38:08] Bootstrap tree #805, logLikelihood: -68187.893084
[01:38:13] Bootstrap tree #806, logLikelihood: -68860.736802
[01:38:21] Bootstrap tree #807, logLikelihood: -67623.748952
[01:38:28] Bootstrap tree #808, logLikelihood: -68468.544944
[01:38:35] Bootstrap tree #809, logLikelihood: -69087.865199
[01:38:43] Bootstrap tree #810, logLikelihood: -68445.861774
[01:38:49] Bootstrap tree #811, logLikelihood: -68287.134468
[01:38:55] Bootstrap tree #812, logLikelihood: -69120.031281
[01:39:03] Bootstrap tree #813, logLikelihood: -68806.850057
[01:39:10] Bootstrap tree #814, logLikelihood: -67481.518865
[01:39:16] Bootstrap tree #815, logLikelihood: -68052.222594
[01:39:24] Bootstrap tree #816, logLikelihood: -67706.460766
[01:39:29] Bootstrap tree #817, logLikelihood: -67819.853112
[01:39:36] Bootstrap tree #818, logLikelihood: -68096.628135
[01:39:44] Bootstrap tree #819, logLikelihood: -67765.346036
[01:39:49] Bootstrap tree #820, logLikelihood: -69063.891482
[01:39:55] Bootstrap tree #821, logLikelihood: -68346.460522
[01:40:02] Bootstrap tree #822, logLikelihood: -67227.539067
[01:40:09] Bootstrap tree #823, logLikelihood: -67633.962119
[01:40:17] Bootstrap tree #824, logLikelihood: -67186.329440
[01:40:23] Bootstrap tree #825, logLikelihood: -67948.704925
[01:40:29] Bootstrap tree #826, logLikelihood: -68012.779597
[01:40:36] Bootstrap tree #827, logLikelihood: -68684.022212
[01:40:43] Bootstrap tree #828, logLikelihood: -68759.139953
[01:40:50] Bootstrap tree #829, logLikelihood: -67164.950336
[01:40:57] Bootstrap tree #830, logLikelihood: -67592.240106
[01:41:06] Bootstrap tree #831, logLikelihood: -68987.291400
[01:41:13] Bootstrap tree #832, logLikelihood: -69069.202172
[01:41:22] Bootstrap tree #833, logLikelihood: -67436.912375
[01:41:27] Bootstrap tree #834, logLikelihood: -68829.073795
[01:41:35] Bootstrap tree #835, logLikelihood: -68414.977673
[01:41:42] Bootstrap tree #836, logLikelihood: -68037.621622
[01:41:48] Bootstrap tree #837, logLikelihood: -67726.334594
[01:41:54] Bootstrap tree #838, logLikelihood: -68669.115969
[01:42:01] Bootstrap tree #839, logLikelihood: -67864.128307
[01:42:08] Bootstrap tree #840, logLikelihood: -67962.473972
[01:42:14] Bootstrap tree #841, logLikelihood: -68985.363040
[01:42:21] Bootstrap tree #842, logLikelihood: -67580.958784
[01:42:27] Bootstrap tree #843, logLikelihood: -68836.864290
[01:42:34] Bootstrap tree #844, logLikelihood: -68047.512247
[01:42:42] Bootstrap tree #845, logLikelihood: -69241.257463
[01:42:48] Bootstrap tree #846, logLikelihood: -67715.783777
[01:42:55] Bootstrap tree #847, logLikelihood: -68572.697210
[01:43:01] Bootstrap tree #848, logLikelihood: -69110.534306
[01:43:09] Bootstrap tree #849, logLikelihood: -69213.127155
[01:43:17] Bootstrap tree #850, logLikelihood: -69312.541025
[01:43:25] Bootstrap tree #851, logLikelihood: -68671.348484
[01:43:32] Bootstrap tree #852, logLikelihood: -67417.205258
[01:43:41] Bootstrap tree #853, logLikelihood: -68045.290219
[01:43:48] Bootstrap tree #854, logLikelihood: -69548.210199
[01:43:55] Bootstrap tree #855, logLikelihood: -68404.410308
[01:44:01] Bootstrap tree #856, logLikelihood: -68452.172145
[01:44:07] Bootstrap tree #857, logLikelihood: -67410.399327
[01:44:13] Bootstrap tree #858, logLikelihood: -67846.457340
[01:44:18] Bootstrap tree #859, logLikelihood: -69278.130220
[01:44:23] Bootstrap tree #860, logLikelihood: -68376.891386
[01:44:29] Bootstrap tree #861, logLikelihood: -67854.058875
[01:44:37] Bootstrap tree #862, logLikelihood: -67857.022833
[01:44:44] Bootstrap tree #863, logLikelihood: -68405.207989
[01:44:51] Bootstrap tree #864, logLikelihood: -68319.569291
[01:44:59] Bootstrap tree #865, logLikelihood: -68412.855040
[01:45:06] Bootstrap tree #866, logLikelihood: -67986.569278
[01:45:13] Bootstrap tree #867, logLikelihood: -68206.235890
[01:45:20] Bootstrap tree #868, logLikelihood: -68575.061652
[01:45:27] Bootstrap tree #869, logLikelihood: -68701.090486
[01:45:32] Bootstrap tree #870, logLikelihood: -68633.042447
[01:45:39] Bootstrap tree #871, logLikelihood: -68549.310001
[01:45:47] Bootstrap tree #872, logLikelihood: -67977.447885
[01:45:54] Bootstrap tree #873, logLikelihood: -69281.183643
[01:46:00] Bootstrap tree #874, logLikelihood: -68238.293797
[01:46:06] Bootstrap tree #875, logLikelihood: -69017.365038
[01:46:14] Bootstrap tree #876, logLikelihood: -68185.155734
[01:46:23] Bootstrap tree #877, logLikelihood: -69539.371268
[01:46:29] Bootstrap tree #878, logLikelihood: -68543.490010
[01:46:36] Bootstrap tree #879, logLikelihood: -67784.260390
[01:46:42] Bootstrap tree #880, logLikelihood: -68441.898498
[01:46:48] Bootstrap tree #881, logLikelihood: -68303.741800
[01:46:54] Bootstrap tree #882, logLikelihood: -67658.442478
[01:47:01] Bootstrap tree #883, logLikelihood: -67321.486529
[01:47:08] Bootstrap tree #884, logLikelihood: -67700.533532
[01:47:17] Bootstrap tree #885, logLikelihood: -68711.060492
[01:47:25] Bootstrap tree #886, logLikelihood: -68455.340668
[01:47:31] Bootstrap tree #887, logLikelihood: -68537.135205
[01:47:36] Bootstrap tree #888, logLikelihood: -67663.619119
[01:47:43] Bootstrap tree #889, logLikelihood: -67966.823068
[01:47:50] Bootstrap tree #890, logLikelihood: -68411.892116
[01:47:58] Bootstrap tree #891, logLikelihood: -69129.002578
[01:48:06] Bootstrap tree #892, logLikelihood: -68710.462504
[01:48:13] Bootstrap tree #893, logLikelihood: -69926.222148
[01:48:20] Bootstrap tree #894, logLikelihood: -68858.697134
[01:48:27] Bootstrap tree #895, logLikelihood: -67869.939871
[01:48:34] Bootstrap tree #896, logLikelihood: -69437.103317
[01:48:42] Bootstrap tree #897, logLikelihood: -67655.291762
[01:48:49] Bootstrap tree #898, logLikelihood: -69030.410777
[01:48:55] Bootstrap tree #899, logLikelihood: -68366.470737
[01:49:01] Bootstrap tree #900, logLikelihood: -67692.562233
[01:49:08] Bootstrap tree #901, logLikelihood: -67484.708470
[01:49:15] Bootstrap tree #902, logLikelihood: -68982.750066
[01:49:21] Bootstrap tree #903, logLikelihood: -68304.290679
[01:49:29] Bootstrap tree #904, logLikelihood: -68548.228885
[01:49:36] Bootstrap tree #905, logLikelihood: -67862.381956
[01:49:45] Bootstrap tree #906, logLikelihood: -67775.522596
[01:49:54] Bootstrap tree #907, logLikelihood: -67968.189639
[01:50:01] Bootstrap tree #908, logLikelihood: -67142.245541
[01:50:07] Bootstrap tree #909, logLikelihood: -68599.933103
[01:50:15] Bootstrap tree #910, logLikelihood: -69158.815231
[01:50:22] Bootstrap tree #911, logLikelihood: -67992.290409
[01:50:28] Bootstrap tree #912, logLikelihood: -68328.674367
[01:50:35] Bootstrap tree #913, logLikelihood: -68704.954237
[01:50:42] Bootstrap tree #914, logLikelihood: -69227.797466
[01:50:49] Bootstrap tree #915, logLikelihood: -67545.773327
[01:50:55] Bootstrap tree #916, logLikelihood: -67450.167547
[01:51:04] Bootstrap tree #917, logLikelihood: -68205.516590
[01:51:11] Bootstrap tree #918, logLikelihood: -68575.464130
[01:51:16] Bootstrap tree #919, logLikelihood: -68659.722943
[01:51:23] Bootstrap tree #920, logLikelihood: -68471.617209
[01:51:30] Bootstrap tree #921, logLikelihood: -68467.936050
[01:51:35] Bootstrap tree #922, logLikelihood: -68633.306267
[01:51:42] Bootstrap tree #923, logLikelihood: -68822.908076
[01:51:49] Bootstrap tree #924, logLikelihood: -68170.377564
[01:51:56] Bootstrap tree #925, logLikelihood: -68103.110839
[01:52:03] Bootstrap tree #926, logLikelihood: -68838.833416
[01:52:09] Bootstrap tree #927, logLikelihood: -69066.242161
[01:52:14] Bootstrap tree #928, logLikelihood: -68035.645406
[01:52:21] Bootstrap tree #929, logLikelihood: -68019.046208
[01:52:28] Bootstrap tree #930, logLikelihood: -68248.066560
[01:52:35] Bootstrap tree #931, logLikelihood: -67674.845336
[01:52:43] Bootstrap tree #932, logLikelihood: -68504.175514
[01:52:50] Bootstrap tree #933, logLikelihood: -69045.377640
[01:52:55] Bootstrap tree #934, logLikelihood: -69298.952872
[01:53:01] Bootstrap tree #935, logLikelihood: -69514.162921
[01:53:07] Bootstrap tree #936, logLikelihood: -69296.172460
[01:53:14] Bootstrap tree #937, logLikelihood: -67815.679986
[01:53:21] Bootstrap tree #938, logLikelihood: -67703.674067
[01:53:27] Bootstrap tree #939, logLikelihood: -68471.283603
[01:53:35] Bootstrap tree #940, logLikelihood: -69382.968523
[01:53:41] Bootstrap tree #941, logLikelihood: -67868.551261
[01:53:49] Bootstrap tree #942, logLikelihood: -68702.017954
[01:53:56] Bootstrap tree #943, logLikelihood: -67714.590414
[01:54:04] Bootstrap tree #944, logLikelihood: -68494.636990
[01:54:11] Bootstrap tree #945, logLikelihood: -67804.865785
[01:54:20] Bootstrap tree #946, logLikelihood: -68343.041185
[01:54:28] Bootstrap tree #947, logLikelihood: -67969.952326
[01:54:35] Bootstrap tree #948, logLikelihood: -68581.047342
[01:54:45] Bootstrap tree #949, logLikelihood: -68395.667211
[01:54:52] Bootstrap tree #950, logLikelihood: -68702.661020
[01:55:00] Bootstrap tree #951, logLikelihood: -68750.754998
[01:55:06] Bootstrap tree #952, logLikelihood: -68840.494553
[01:55:15] Bootstrap tree #953, logLikelihood: -69058.938759
[01:55:21] Bootstrap tree #954, logLikelihood: -68361.689594
[01:55:29] Bootstrap tree #955, logLikelihood: -69564.768556
[01:55:36] Bootstrap tree #956, logLikelihood: -67723.573206
[01:55:47] Bootstrap tree #957, logLikelihood: -68608.811663
[01:55:55] Bootstrap tree #958, logLikelihood: -68541.554387
[01:56:01] Bootstrap tree #959, logLikelihood: -68560.626534
[01:56:07] Bootstrap tree #960, logLikelihood: -68316.831122
[01:56:13] Bootstrap tree #961, logLikelihood: -68223.625829
[01:56:20] Bootstrap tree #962, logLikelihood: -67724.264630
[01:56:26] Bootstrap tree #963, logLikelihood: -68531.545070
[01:56:33] Bootstrap tree #964, logLikelihood: -68184.992343
[01:56:40] Bootstrap tree #965, logLikelihood: -68241.081761
[01:56:46] Bootstrap tree #966, logLikelihood: -68298.775536
[01:56:53] Bootstrap tree #967, logLikelihood: -68447.299134
[01:56:59] Bootstrap tree #968, logLikelihood: -67524.567977
[01:57:06] Bootstrap tree #969, logLikelihood: -69004.744928
[01:57:14] Bootstrap tree #970, logLikelihood: -68470.082471
[01:57:20] Bootstrap tree #971, logLikelihood: -68107.435685
[01:57:30] Bootstrap tree #972, logLikelihood: -68359.011502
[01:57:36] Bootstrap tree #973, logLikelihood: -68780.788633
[01:57:44] Bootstrap tree #974, logLikelihood: -67870.808146
[01:57:49] Bootstrap tree #975, logLikelihood: -67973.201017
[01:57:55] Bootstrap tree #976, logLikelihood: -68331.295375
[01:58:02] Bootstrap tree #977, logLikelihood: -68118.008457
[01:58:09] Bootstrap tree #978, logLikelihood: -68861.540555
[01:58:15] Bootstrap tree #979, logLikelihood: -68941.544587
[01:58:23] Bootstrap tree #980, logLikelihood: -69067.156685
[01:58:30] Bootstrap tree #981, logLikelihood: -67083.071217
[01:58:37] Bootstrap tree #982, logLikelihood: -68673.860597
[01:58:44] Bootstrap tree #983, logLikelihood: -67697.741262
[01:58:51] Bootstrap tree #984, logLikelihood: -68302.685243
[01:59:02] Bootstrap tree #985, logLikelihood: -68127.304050
[01:59:10] Bootstrap tree #986, logLikelihood: -67930.965015
[01:59:17] Bootstrap tree #987, logLikelihood: -68204.324979
[01:59:23] Bootstrap tree #988, logLikelihood: -67991.854708
[01:59:31] Bootstrap tree #989, logLikelihood: -68174.424330
[01:59:39] Bootstrap tree #990, logLikelihood: -68074.287815
[01:59:44] Bootstrap tree #991, logLikelihood: -69050.817151
[01:59:51] Bootstrap tree #992, logLikelihood: -68000.070262
[01:59:58] Bootstrap tree #993, logLikelihood: -68665.502391
[02:00:05] Bootstrap tree #994, logLikelihood: -68498.217220
[02:00:13] Bootstrap tree #995, logLikelihood: -69476.887811
[02:00:20] Bootstrap tree #996, logLikelihood: -68787.219038
[02:00:27] Bootstrap tree #997, logLikelihood: -67855.306832
[02:00:36] Bootstrap tree #998, logLikelihood: -68456.437257
[02:00:44] Bootstrap tree #999, logLikelihood: -68081.658035
[02:00:51] Bootstrap tree #1000, logLikelihood: -68460.361191

Optimized model parameters:

   Partition 0: noname
   Rate heterogeneity: GAMMA (4 cats, mean),  alpha: 4.370719 (ML),  weights&rates: (0.250000,0.473636) (0.250000,0.787126) (0.250000,1.084183) (0.250000,1.655054) 
   Base frequencies (ML): 0.295730 0.203341 0.247965 0.252964 
   Substitution rates (ML): 1.206465 2.674231 0.993237 1.481979 3.199925 1.000000 


Final LogLikelihood: -68502.512552

AIC score: 137093.025103 / AICc score: 137093.817103 / BIC score: 137380.175832
Free parameters (model + branch lengths): 44

Best ML tree saved to: /home/seddik/Documents/Synesth/iter6/all_Cas_trees/Cas10/Tree.raxml.bestTree
All ML trees saved to: /home/seddik/Documents/Synesth/iter6/all_Cas_trees/Cas10/Tree.raxml.mlTrees
Best ML tree with Felsenstein bootstrap (FBP) support values saved to: /home/seddik/Documents/Synesth/iter6/all_Cas_trees/Cas10/Tree.raxml.support
Optimized model saved to: /home/seddik/Documents/Synesth/iter6/all_Cas_trees/Cas10/Tree.raxml.bestModel
Bootstrap trees saved to: /home/seddik/Documents/Synesth/iter6/all_Cas_trees/Cas10/Tree.raxml.bootstraps

Execution log saved to: /home/seddik/Documents/Synesth/iter6/all_Cas_trees/Cas10/Tree.raxml.log

Analysis started: 30-Jul-2024 15:50:42 / finished: 30-Jul-2024 17:51:33

Elapsed time: 7251.047 seconds

