
RAxML-NG v. 0.9.0 released on 20.05.2019 by The Exelixis Lab.
Developed by: Alexey M. Kozlov and Alexandros Stamatakis.
Contributors: Diego Darriba, Tomas Flouri, Benoit Morel, Sarah Lutteropp, Ben Bettisworth.
Latest version: https://github.com/amkozlov/raxml-ng
Questions/problems/suggestions? Please visit: https://groups.google.com/forum/#!forum/raxml

RAxML-NG was called at 30-Jul-2024 13:47:09 as follows:

raxml-ng --all --msa all_Cas_aligned/all_Cas5_aligned.fna --model GTR+G --bs-trees 1000 --threads 4 --prefix all_Cas_trees/Cas5/Tree

Analysis options:
  run mode: ML tree search + bootstrapping (Felsenstein Bootstrap)
  start tree(s): random (10) + parsimony (10)
  bootstrap replicates: 1000
  random seed: 1722361629
  tip-inner: OFF
  pattern compression: ON
  per-rate scalers: OFF
  site repeats: ON
  branch lengths: proportional (ML estimate, algorithm: NR-FAST)
  SIMD kernels: AVX2
  parallelization: PTHREADS (4 threads), thread pinning: OFF

[00:00:00] Reading alignment from file: all_Cas_aligned/all_Cas5_aligned.fna
[00:00:00] Loaded alignment with 18 taxa and 1285 sites

Alignment comprises 1 partitions and 1121 patterns

Partition 0: noname
Model: GTR+FO+G4m
Alignment sites / patterns: 1285 / 1121
Gaps: 39.07 %
Invariant sites: 15.56 %


NOTE: Binary MSA file created: all_Cas_trees/Cas5/Tree.raxml.rba

[00:00:00] Generating 10 random starting tree(s) with 18 taxa
[00:00:00] Generating 10 parsimony starting tree(s) with 18 taxa
[00:00:00] Data distribution: max. partitions/sites/weight per thread: 1 / 281 / 4496

Starting ML tree search with 20 distinct starting trees

[00:00:03] ML tree search #1, logLikelihood: -18054.557206
[00:00:06] ML tree search #2, logLikelihood: -18054.548500
[00:00:09] ML tree search #3, logLikelihood: -18054.590778
[00:00:12] ML tree search #4, logLikelihood: -18054.586670
[00:00:15] ML tree search #5, logLikelihood: -18054.549998
[00:00:19] ML tree search #6, logLikelihood: -18054.551884
[00:00:22] ML tree search #7, logLikelihood: -18054.570134
[00:00:25] ML tree search #8, logLikelihood: -18054.558209
[00:00:28] ML tree search #9, logLikelihood: -18054.567584
[00:00:31] ML tree search #10, logLikelihood: -18054.578585
[00:00:34] ML tree search #11, logLikelihood: -18054.578073
[00:00:37] ML tree search #12, logLikelihood: -18054.552502
[00:00:39] ML tree search #13, logLikelihood: -18054.586920
[00:00:42] ML tree search #14, logLikelihood: -18054.578158
[00:00:45] ML tree search #15, logLikelihood: -18054.569439
[00:00:48] ML tree search #16, logLikelihood: -18054.566503
[00:00:50] ML tree search #17, logLikelihood: -18054.583843
[00:00:52] ML tree search #18, logLikelihood: -18054.550799
[00:00:55] ML tree search #19, logLikelihood: -18054.555681
[00:00:58] ML tree search #20, logLikelihood: -18054.554995

[00:00:58] ML tree search completed, best tree logLH: -18054.548500

[00:00:58] Starting bootstrapping analysis with 1000 replicates.

[00:01:00] Bootstrap tree #1, logLikelihood: -18253.234155
[00:01:02] Bootstrap tree #2, logLikelihood: -18306.099128
[00:01:04] Bootstrap tree #3, logLikelihood: -17720.845364
[00:01:06] Bootstrap tree #4, logLikelihood: -17978.141493
[00:01:09] Bootstrap tree #5, logLikelihood: -18121.450714
[00:01:10] Bootstrap tree #6, logLikelihood: -18367.166960
[00:01:12] Bootstrap tree #7, logLikelihood: -17956.433028
[00:01:14] Bootstrap tree #8, logLikelihood: -18144.900962
[00:01:16] Bootstrap tree #9, logLikelihood: -17429.884936
[00:01:18] Bootstrap tree #10, logLikelihood: -18144.110043
[00:01:20] Bootstrap tree #11, logLikelihood: -18190.149011
[00:01:22] Bootstrap tree #12, logLikelihood: -18152.591143
[00:01:24] Bootstrap tree #13, logLikelihood: -17959.335391
[00:01:26] Bootstrap tree #14, logLikelihood: -18470.086511
[00:01:27] Bootstrap tree #15, logLikelihood: -18285.239903
[00:01:30] Bootstrap tree #16, logLikelihood: -18005.803743
[00:01:32] Bootstrap tree #17, logLikelihood: -18075.676073
[00:01:33] Bootstrap tree #18, logLikelihood: -18202.353921
[00:01:35] Bootstrap tree #19, logLikelihood: -17971.049836
[00:01:37] Bootstrap tree #20, logLikelihood: -18033.241686
[00:01:41] Bootstrap tree #21, logLikelihood: -17635.148951
[00:01:42] Bootstrap tree #22, logLikelihood: -17591.007741
[00:01:44] Bootstrap tree #23, logLikelihood: -18141.659789
[00:01:46] Bootstrap tree #24, logLikelihood: -18420.682498
[00:01:48] Bootstrap tree #25, logLikelihood: -18056.788101
[00:01:50] Bootstrap tree #26, logLikelihood: -18143.657725
[00:01:52] Bootstrap tree #27, logLikelihood: -18353.588223
[00:01:54] Bootstrap tree #28, logLikelihood: -17916.982766
[00:01:56] Bootstrap tree #29, logLikelihood: -17705.470130
[00:01:58] Bootstrap tree #30, logLikelihood: -18529.834551
[00:02:00] Bootstrap tree #31, logLikelihood: -17635.054145
[00:02:02] Bootstrap tree #32, logLikelihood: -17685.553565
[00:02:04] Bootstrap tree #33, logLikelihood: -17889.167737
[00:02:07] Bootstrap tree #34, logLikelihood: -18350.385021
[00:02:09] Bootstrap tree #35, logLikelihood: -17906.692449
[00:02:10] Bootstrap tree #36, logLikelihood: -17864.404374
[00:02:12] Bootstrap tree #37, logLikelihood: -17622.221212
[00:02:15] Bootstrap tree #38, logLikelihood: -18381.699583
[00:02:17] Bootstrap tree #39, logLikelihood: -18571.874631
[00:02:18] Bootstrap tree #40, logLikelihood: -17742.159560
[00:02:21] Bootstrap tree #41, logLikelihood: -17966.460817
[00:02:23] Bootstrap tree #42, logLikelihood: -17860.261202
[00:02:25] Bootstrap tree #43, logLikelihood: -18077.765834
[00:02:27] Bootstrap tree #44, logLikelihood: -17784.990938
[00:02:29] Bootstrap tree #45, logLikelihood: -17785.356139
[00:02:32] Bootstrap tree #46, logLikelihood: -18225.060722
[00:02:35] Bootstrap tree #47, logLikelihood: -18172.260916
[00:02:37] Bootstrap tree #48, logLikelihood: -18424.256558
[00:02:39] Bootstrap tree #49, logLikelihood: -18018.165324
[00:02:41] Bootstrap tree #50, logLikelihood: -17938.986176
[00:02:43] Bootstrap tree #51, logLikelihood: -17639.313981
[00:02:45] Bootstrap tree #52, logLikelihood: -17622.689918
[00:02:47] Bootstrap tree #53, logLikelihood: -18461.787526
[00:02:49] Bootstrap tree #54, logLikelihood: -18413.814293
[00:02:51] Bootstrap tree #55, logLikelihood: -17880.980439
[00:02:53] Bootstrap tree #56, logLikelihood: -17903.591806
[00:02:55] Bootstrap tree #57, logLikelihood: -17835.891671
[00:02:57] Bootstrap tree #58, logLikelihood: -17985.304408
[00:02:59] Bootstrap tree #59, logLikelihood: -18618.371759
[00:03:02] Bootstrap tree #60, logLikelihood: -17499.972182
[00:03:04] Bootstrap tree #61, logLikelihood: -18246.435334
[00:03:06] Bootstrap tree #62, logLikelihood: -17973.439162
[00:03:08] Bootstrap tree #63, logLikelihood: -18485.879878
[00:03:10] Bootstrap tree #64, logLikelihood: -17989.164456
[00:03:12] Bootstrap tree #65, logLikelihood: -17893.372300
[00:03:14] Bootstrap tree #66, logLikelihood: -18045.769882
[00:03:16] Bootstrap tree #67, logLikelihood: -17587.229708
[00:03:18] Bootstrap tree #68, logLikelihood: -17731.789030
[00:03:20] Bootstrap tree #69, logLikelihood: -17522.065810
[00:03:22] Bootstrap tree #70, logLikelihood: -18022.221557
[00:03:24] Bootstrap tree #71, logLikelihood: -18379.032780
[00:03:25] Bootstrap tree #72, logLikelihood: -17826.121159
[00:03:28] Bootstrap tree #73, logLikelihood: -18143.595351
[00:03:30] Bootstrap tree #74, logLikelihood: -18252.632312
[00:03:33] Bootstrap tree #75, logLikelihood: -18022.514431
[00:03:35] Bootstrap tree #76, logLikelihood: -18007.614996
[00:03:37] Bootstrap tree #77, logLikelihood: -18314.800224
[00:03:39] Bootstrap tree #78, logLikelihood: -18003.376178
[00:03:41] Bootstrap tree #79, logLikelihood: -18569.412276
[00:03:43] Bootstrap tree #80, logLikelihood: -17640.107343
[00:03:45] Bootstrap tree #81, logLikelihood: -18465.922442
[00:03:46] Bootstrap tree #82, logLikelihood: -18650.983343
[00:03:48] Bootstrap tree #83, logLikelihood: -17641.974609
[00:03:50] Bootstrap tree #84, logLikelihood: -18110.988696
[00:03:53] Bootstrap tree #85, logLikelihood: -18263.581945
[00:03:55] Bootstrap tree #86, logLikelihood: -17651.825295
[00:03:58] Bootstrap tree #87, logLikelihood: -18093.810781
[00:04:00] Bootstrap tree #88, logLikelihood: -18397.544244
[00:04:02] Bootstrap tree #89, logLikelihood: -17721.850141
[00:04:04] Bootstrap tree #90, logLikelihood: -18288.273155
[00:04:06] Bootstrap tree #91, logLikelihood: -17985.409421
[00:04:08] Bootstrap tree #92, logLikelihood: -18197.218945
[00:04:10] Bootstrap tree #93, logLikelihood: -17976.227006
[00:04:12] Bootstrap tree #94, logLikelihood: -17945.033331
[00:04:14] Bootstrap tree #95, logLikelihood: -18558.793635
[00:04:16] Bootstrap tree #96, logLikelihood: -18463.216206
[00:04:18] Bootstrap tree #97, logLikelihood: -18492.553715
[00:04:20] Bootstrap tree #98, logLikelihood: -17624.879635
[00:04:23] Bootstrap tree #99, logLikelihood: -18308.349254
[00:04:25] Bootstrap tree #100, logLikelihood: -17804.705912
[00:04:27] Bootstrap tree #101, logLikelihood: -17691.787194
[00:04:29] Bootstrap tree #102, logLikelihood: -18038.782227
[00:04:32] Bootstrap tree #103, logLikelihood: -18663.708304
[00:04:34] Bootstrap tree #104, logLikelihood: -18513.061116
[00:04:35] Bootstrap tree #105, logLikelihood: -17840.547627
[00:04:37] Bootstrap tree #106, logLikelihood: -17992.103208
[00:04:39] Bootstrap tree #107, logLikelihood: -17655.103516
[00:04:41] Bootstrap tree #108, logLikelihood: -17674.878032
[00:04:43] Bootstrap tree #109, logLikelihood: -17725.433381
[00:04:45] Bootstrap tree #110, logLikelihood: -18248.753897
[00:04:46] Bootstrap tree #111, logLikelihood: -17741.549443
[00:04:48] Bootstrap tree #112, logLikelihood: -18367.159580
[00:04:50] Bootstrap tree #113, logLikelihood: -17616.582404
[00:04:52] Bootstrap tree #114, logLikelihood: -18002.789527
[00:04:54] Bootstrap tree #115, logLikelihood: -17594.441637
[00:04:55] Bootstrap tree #116, logLikelihood: -17881.371868
[00:04:57] Bootstrap tree #117, logLikelihood: -17662.611444
[00:04:59] Bootstrap tree #118, logLikelihood: -17272.245237
[00:05:01] Bootstrap tree #119, logLikelihood: -18163.207887
[00:05:03] Bootstrap tree #120, logLikelihood: -18301.641579
[00:05:04] Bootstrap tree #121, logLikelihood: -17678.896530
[00:05:06] Bootstrap tree #122, logLikelihood: -18360.084011
[00:05:08] Bootstrap tree #123, logLikelihood: -18212.362087
[00:05:10] Bootstrap tree #124, logLikelihood: -17745.606473
[00:05:12] Bootstrap tree #125, logLikelihood: -17762.362787
[00:05:13] Bootstrap tree #126, logLikelihood: -17813.361367
[00:05:16] Bootstrap tree #127, logLikelihood: -18408.696726
[00:05:17] Bootstrap tree #128, logLikelihood: -18296.316841
[00:05:20] Bootstrap tree #129, logLikelihood: -18653.136124
[00:05:22] Bootstrap tree #130, logLikelihood: -18101.712347
[00:05:24] Bootstrap tree #131, logLikelihood: -17691.460758
[00:05:26] Bootstrap tree #132, logLikelihood: -17886.342878
[00:05:28] Bootstrap tree #133, logLikelihood: -18016.794109
[00:05:30] Bootstrap tree #134, logLikelihood: -18050.378418
[00:05:32] Bootstrap tree #135, logLikelihood: -18051.126112
[00:05:34] Bootstrap tree #136, logLikelihood: -18003.139746
[00:05:36] Bootstrap tree #137, logLikelihood: -18392.635384
[00:05:37] Bootstrap tree #138, logLikelihood: -17701.462382
[00:05:40] Bootstrap tree #139, logLikelihood: -18277.754127
[00:05:42] Bootstrap tree #140, logLikelihood: -18575.770216
[00:05:44] Bootstrap tree #141, logLikelihood: -18146.184450
[00:05:47] Bootstrap tree #142, logLikelihood: -17967.712788
[00:05:50] Bootstrap tree #143, logLikelihood: -17894.446135
[00:05:52] Bootstrap tree #144, logLikelihood: -17660.482111
[00:05:54] Bootstrap tree #145, logLikelihood: -18370.900833
[00:05:56] Bootstrap tree #146, logLikelihood: -18087.786457
[00:05:58] Bootstrap tree #147, logLikelihood: -18420.344202
[00:06:00] Bootstrap tree #148, logLikelihood: -18100.134949
[00:06:03] Bootstrap tree #149, logLikelihood: -18099.947838
[00:06:05] Bootstrap tree #150, logLikelihood: -17913.664285
[00:06:06] Bootstrap tree #151, logLikelihood: -17776.214119
[00:06:08] Bootstrap tree #152, logLikelihood: -17901.440975
[00:06:10] Bootstrap tree #153, logLikelihood: -18344.598200
[00:06:13] Bootstrap tree #154, logLikelihood: -18089.178627
[00:06:15] Bootstrap tree #155, logLikelihood: -17888.243402
[00:06:17] Bootstrap tree #156, logLikelihood: -17805.171068
[00:06:19] Bootstrap tree #157, logLikelihood: -17493.745910
[00:06:21] Bootstrap tree #158, logLikelihood: -17933.178287
[00:06:22] Bootstrap tree #159, logLikelihood: -18092.435052
[00:06:25] Bootstrap tree #160, logLikelihood: -18130.739028
[00:06:26] Bootstrap tree #161, logLikelihood: -18420.712862
[00:06:28] Bootstrap tree #162, logLikelihood: -18305.183758
[00:06:30] Bootstrap tree #163, logLikelihood: -17869.774564
[00:06:31] Bootstrap tree #164, logLikelihood: -18644.257324
[00:06:33] Bootstrap tree #165, logLikelihood: -17487.649063
[00:06:34] Bootstrap tree #166, logLikelihood: -17842.761233
[00:06:37] Bootstrap tree #167, logLikelihood: -18343.416084
[00:06:39] Bootstrap tree #168, logLikelihood: -18136.983855
[00:06:41] Bootstrap tree #169, logLikelihood: -17937.178380
[00:06:43] Bootstrap tree #170, logLikelihood: -17805.722898
[00:06:44] Bootstrap tree #171, logLikelihood: -18604.215555
[00:06:46] Bootstrap tree #172, logLikelihood: -17755.452993
[00:06:48] Bootstrap tree #173, logLikelihood: -18037.043041
[00:06:49] Bootstrap tree #174, logLikelihood: -17645.393194
[00:06:51] Bootstrap tree #175, logLikelihood: -18041.048169
[00:06:53] Bootstrap tree #176, logLikelihood: -17789.666532
[00:06:55] Bootstrap tree #177, logLikelihood: -17599.179199
[00:06:56] Bootstrap tree #178, logLikelihood: -18062.808193
[00:06:58] Bootstrap tree #179, logLikelihood: -18565.316286
[00:07:00] Bootstrap tree #180, logLikelihood: -17459.065937
[00:07:02] Bootstrap tree #181, logLikelihood: -17599.028947
[00:07:04] Bootstrap tree #182, logLikelihood: -17780.106176
[00:07:06] Bootstrap tree #183, logLikelihood: -17855.268070
[00:07:08] Bootstrap tree #184, logLikelihood: -17659.761972
[00:07:09] Bootstrap tree #185, logLikelihood: -18030.526084
[00:07:11] Bootstrap tree #186, logLikelihood: -18024.027912
[00:07:13] Bootstrap tree #187, logLikelihood: -18173.821806
[00:07:15] Bootstrap tree #188, logLikelihood: -18171.518982
[00:07:19] Bootstrap tree #189, logLikelihood: -18420.850695
[00:07:20] Bootstrap tree #190, logLikelihood: -17553.240580
[00:07:22] Bootstrap tree #191, logLikelihood: -17732.658063
[00:07:24] Bootstrap tree #192, logLikelihood: -17872.932302
[00:07:26] Bootstrap tree #193, logLikelihood: -18118.040736
[00:07:28] Bootstrap tree #194, logLikelihood: -18587.356756
[00:07:30] Bootstrap tree #195, logLikelihood: -17843.656884
[00:07:32] Bootstrap tree #196, logLikelihood: -17708.405190
[00:07:33] Bootstrap tree #197, logLikelihood: -17793.385878
[00:07:35] Bootstrap tree #198, logLikelihood: -18339.315877
[00:07:37] Bootstrap tree #199, logLikelihood: -18162.113510
[00:07:38] Bootstrap tree #200, logLikelihood: -18395.516741
[00:07:40] Bootstrap tree #201, logLikelihood: -17912.077912
[00:07:43] Bootstrap tree #202, logLikelihood: -18552.388988
[00:07:45] Bootstrap tree #203, logLikelihood: -17904.231026
[00:07:47] Bootstrap tree #204, logLikelihood: -18198.091116
[00:07:49] Bootstrap tree #205, logLikelihood: -18115.248363
[00:07:51] Bootstrap tree #206, logLikelihood: -17892.905827
[00:07:53] Bootstrap tree #207, logLikelihood: -18006.448734
[00:07:55] Bootstrap tree #208, logLikelihood: -17866.130270
[00:07:57] Bootstrap tree #209, logLikelihood: -18147.589596
[00:08:00] Bootstrap tree #210, logLikelihood: -17509.326546
[00:08:02] Bootstrap tree #211, logLikelihood: -18082.365162
[00:08:04] Bootstrap tree #212, logLikelihood: -18271.906851
[00:08:05] Bootstrap tree #213, logLikelihood: -18203.929879
[00:08:07] Bootstrap tree #214, logLikelihood: -17566.757949
[00:08:09] Bootstrap tree #215, logLikelihood: -18504.841594
[00:08:11] Bootstrap tree #216, logLikelihood: -18208.423226
[00:08:13] Bootstrap tree #217, logLikelihood: -17988.570677
[00:08:16] Bootstrap tree #218, logLikelihood: -17903.584236
[00:08:18] Bootstrap tree #219, logLikelihood: -17829.244807
[00:08:20] Bootstrap tree #220, logLikelihood: -18100.500535
[00:08:22] Bootstrap tree #221, logLikelihood: -17482.926333
[00:08:24] Bootstrap tree #222, logLikelihood: -17837.884517
[00:08:26] Bootstrap tree #223, logLikelihood: -18457.932113
[00:08:28] Bootstrap tree #224, logLikelihood: -17893.726301
[00:08:30] Bootstrap tree #225, logLikelihood: -18431.024814
[00:08:31] Bootstrap tree #226, logLikelihood: -17675.277945
[00:08:33] Bootstrap tree #227, logLikelihood: -17752.549938
[00:08:35] Bootstrap tree #228, logLikelihood: -18375.862841
[00:08:37] Bootstrap tree #229, logLikelihood: -18436.276032
[00:08:42] Bootstrap tree #230, logLikelihood: -18196.635799
[00:08:44] Bootstrap tree #231, logLikelihood: -17945.529394
[00:08:46] Bootstrap tree #232, logLikelihood: -18138.108306
[00:08:48] Bootstrap tree #233, logLikelihood: -17916.335070
[00:08:50] Bootstrap tree #234, logLikelihood: -17573.222234
[00:08:53] Bootstrap tree #235, logLikelihood: -18157.542386
[00:08:55] Bootstrap tree #236, logLikelihood: -18276.742212
[00:08:58] Bootstrap tree #237, logLikelihood: -18016.466382
[00:09:00] Bootstrap tree #238, logLikelihood: -18274.097431
[00:09:02] Bootstrap tree #239, logLikelihood: -17689.671043
[00:09:03] Bootstrap tree #240, logLikelihood: -17957.914457
[00:09:05] Bootstrap tree #241, logLikelihood: -17856.721588
[00:09:07] Bootstrap tree #242, logLikelihood: -18055.608616
[00:09:10] Bootstrap tree #243, logLikelihood: -17924.059713
[00:09:12] Bootstrap tree #244, logLikelihood: -18011.878007
[00:09:14] Bootstrap tree #245, logLikelihood: -18067.301123
[00:09:16] Bootstrap tree #246, logLikelihood: -17930.489482
[00:09:18] Bootstrap tree #247, logLikelihood: -17705.668222
[00:09:19] Bootstrap tree #248, logLikelihood: -18185.852823
[00:09:22] Bootstrap tree #249, logLikelihood: -17710.627630
[00:09:24] Bootstrap tree #250, logLikelihood: -17753.216639
[00:09:26] Bootstrap tree #251, logLikelihood: -18378.155146
[00:09:28] Bootstrap tree #252, logLikelihood: -18032.042892
[00:09:30] Bootstrap tree #253, logLikelihood: -18354.108845
[00:09:31] Bootstrap tree #254, logLikelihood: -18387.552453
[00:09:33] Bootstrap tree #255, logLikelihood: -18134.597698
[00:09:35] Bootstrap tree #256, logLikelihood: -18068.533938
[00:09:37] Bootstrap tree #257, logLikelihood: -18304.063616
[00:09:39] Bootstrap tree #258, logLikelihood: -17943.132897
[00:09:41] Bootstrap tree #259, logLikelihood: -17734.883318
[00:09:43] Bootstrap tree #260, logLikelihood: -17871.555791
[00:09:44] Bootstrap tree #261, logLikelihood: -17854.025061
[00:09:46] Bootstrap tree #262, logLikelihood: -17603.356044
[00:09:48] Bootstrap tree #263, logLikelihood: -18147.752817
[00:09:50] Bootstrap tree #264, logLikelihood: -17703.828441
[00:09:52] Bootstrap tree #265, logLikelihood: -18102.852290
[00:09:54] Bootstrap tree #266, logLikelihood: -17890.741710
[00:09:56] Bootstrap tree #267, logLikelihood: -18191.605459
[00:09:58] Bootstrap tree #268, logLikelihood: -18129.148156
[00:10:00] Bootstrap tree #269, logLikelihood: -18268.877160
[00:10:02] Bootstrap tree #270, logLikelihood: -17856.035494
[00:10:04] Bootstrap tree #271, logLikelihood: -17888.977066
[00:10:06] Bootstrap tree #272, logLikelihood: -18241.467072
[00:10:08] Bootstrap tree #273, logLikelihood: -18353.447060
[00:10:10] Bootstrap tree #274, logLikelihood: -18246.050934
[00:10:14] Bootstrap tree #275, logLikelihood: -18471.464907
[00:10:16] Bootstrap tree #276, logLikelihood: -18043.346187
[00:10:19] Bootstrap tree #277, logLikelihood: -18434.048721
[00:10:20] Bootstrap tree #278, logLikelihood: -17682.390153
[00:10:22] Bootstrap tree #279, logLikelihood: -18355.059336
[00:10:24] Bootstrap tree #280, logLikelihood: -18189.550652
[00:10:27] Bootstrap tree #281, logLikelihood: -17883.246369
[00:10:28] Bootstrap tree #282, logLikelihood: -17844.282921
[00:10:30] Bootstrap tree #283, logLikelihood: -17862.248435
[00:10:32] Bootstrap tree #284, logLikelihood: -18266.458832
[00:10:33] Bootstrap tree #285, logLikelihood: -18049.972081
[00:10:35] Bootstrap tree #286, logLikelihood: -18326.571685
[00:10:37] Bootstrap tree #287, logLikelihood: -17793.998717
[00:10:40] Bootstrap tree #288, logLikelihood: -18222.273027
[00:10:42] Bootstrap tree #289, logLikelihood: -18157.747520
[00:10:43] Bootstrap tree #290, logLikelihood: -17906.860869
[00:10:46] Bootstrap tree #291, logLikelihood: -18049.360564
[00:10:48] Bootstrap tree #292, logLikelihood: -18272.973057
[00:10:49] Bootstrap tree #293, logLikelihood: -17742.175767
[00:10:52] Bootstrap tree #294, logLikelihood: -18004.452399
[00:10:54] Bootstrap tree #295, logLikelihood: -18172.486165
[00:10:55] Bootstrap tree #296, logLikelihood: -17851.533707
[00:10:57] Bootstrap tree #297, logLikelihood: -18163.688072
[00:10:58] Bootstrap tree #298, logLikelihood: -17697.099938
[00:11:01] Bootstrap tree #299, logLikelihood: -17713.982116
[00:11:03] Bootstrap tree #300, logLikelihood: -18500.892096
[00:11:07] Bootstrap tree #301, logLikelihood: -17852.668116
[00:11:09] Bootstrap tree #302, logLikelihood: -18117.213100
[00:11:11] Bootstrap tree #303, logLikelihood: -17275.124301
[00:11:13] Bootstrap tree #304, logLikelihood: -17407.279243
[00:11:15] Bootstrap tree #305, logLikelihood: -18620.426150
[00:11:17] Bootstrap tree #306, logLikelihood: -17651.817804
[00:11:19] Bootstrap tree #307, logLikelihood: -17719.700169
[00:11:21] Bootstrap tree #308, logLikelihood: -17421.955635
[00:11:23] Bootstrap tree #309, logLikelihood: -18382.768334
[00:11:25] Bootstrap tree #310, logLikelihood: -17990.785560
[00:11:27] Bootstrap tree #311, logLikelihood: -17766.034546
[00:11:29] Bootstrap tree #312, logLikelihood: -17609.918137
[00:11:33] Bootstrap tree #313, logLikelihood: -17574.607042
[00:11:34] Bootstrap tree #314, logLikelihood: -17680.406888
[00:11:37] Bootstrap tree #315, logLikelihood: -18013.771237
[00:11:40] Bootstrap tree #316, logLikelihood: -18329.069633
[00:11:43] Bootstrap tree #317, logLikelihood: -17679.248134
[00:11:45] Bootstrap tree #318, logLikelihood: -18257.191679
[00:11:47] Bootstrap tree #319, logLikelihood: -18269.642133
[00:11:49] Bootstrap tree #320, logLikelihood: -17962.511599
[00:11:51] Bootstrap tree #321, logLikelihood: -18118.619725
[00:11:52] Bootstrap tree #322, logLikelihood: -18292.347319
[00:11:54] Bootstrap tree #323, logLikelihood: -17461.526066
[00:11:56] Bootstrap tree #324, logLikelihood: -17993.868164
[00:11:58] Bootstrap tree #325, logLikelihood: -17761.598928
[00:12:00] Bootstrap tree #326, logLikelihood: -17093.867182
[00:12:02] Bootstrap tree #327, logLikelihood: -17762.747284
[00:12:05] Bootstrap tree #328, logLikelihood: -17784.539667
[00:12:07] Bootstrap tree #329, logLikelihood: -18027.928231
[00:12:09] Bootstrap tree #330, logLikelihood: -17837.251329
[00:12:11] Bootstrap tree #331, logLikelihood: -18067.208222
[00:12:14] Bootstrap tree #332, logLikelihood: -18216.406102
[00:12:16] Bootstrap tree #333, logLikelihood: -18095.671064
[00:12:18] Bootstrap tree #334, logLikelihood: -18062.270324
[00:12:19] Bootstrap tree #335, logLikelihood: -18090.826474
[00:12:21] Bootstrap tree #336, logLikelihood: -18058.931583
[00:12:23] Bootstrap tree #337, logLikelihood: -18098.721424
[00:12:25] Bootstrap tree #338, logLikelihood: -18412.721728
[00:12:27] Bootstrap tree #339, logLikelihood: -17907.880510
[00:12:29] Bootstrap tree #340, logLikelihood: -18365.541936
[00:12:30] Bootstrap tree #341, logLikelihood: -17671.623193
[00:12:33] Bootstrap tree #342, logLikelihood: -17908.301595
[00:12:36] Bootstrap tree #343, logLikelihood: -18377.616432
[00:12:38] Bootstrap tree #344, logLikelihood: -18243.002163
[00:12:42] Bootstrap tree #345, logLikelihood: -18639.198393
[00:12:44] Bootstrap tree #346, logLikelihood: -17259.582520
[00:12:47] Bootstrap tree #347, logLikelihood: -17777.417630
[00:12:49] Bootstrap tree #348, logLikelihood: -18399.007036
[00:12:50] Bootstrap tree #349, logLikelihood: -17661.850280
[00:12:52] Bootstrap tree #350, logLikelihood: -18865.559172
[00:12:54] Bootstrap tree #351, logLikelihood: -17749.389790
[00:12:56] Bootstrap tree #352, logLikelihood: -18025.414349
[00:12:58] Bootstrap tree #353, logLikelihood: -18069.329147
[00:13:00] Bootstrap tree #354, logLikelihood: -18180.880132
[00:13:02] Bootstrap tree #355, logLikelihood: -18527.811897
[00:13:04] Bootstrap tree #356, logLikelihood: -18657.803606
[00:13:06] Bootstrap tree #357, logLikelihood: -18242.906266
[00:13:08] Bootstrap tree #358, logLikelihood: -18082.006381
[00:13:09] Bootstrap tree #359, logLikelihood: -17827.790439
[00:13:11] Bootstrap tree #360, logLikelihood: -17553.381725
[00:13:14] Bootstrap tree #361, logLikelihood: -17784.214199
[00:13:16] Bootstrap tree #362, logLikelihood: -18473.985780
[00:13:18] Bootstrap tree #363, logLikelihood: -18196.881945
[00:13:20] Bootstrap tree #364, logLikelihood: -17926.915052
[00:13:22] Bootstrap tree #365, logLikelihood: -17706.399285
[00:13:24] Bootstrap tree #366, logLikelihood: -18095.635953
[00:13:26] Bootstrap tree #367, logLikelihood: -17923.331165
[00:13:28] Bootstrap tree #368, logLikelihood: -17900.651319
[00:13:30] Bootstrap tree #369, logLikelihood: -17788.900065
[00:13:31] Bootstrap tree #370, logLikelihood: -17466.254009
[00:13:33] Bootstrap tree #371, logLikelihood: -18086.119585
[00:13:35] Bootstrap tree #372, logLikelihood: -17830.236330
[00:13:37] Bootstrap tree #373, logLikelihood: -17603.340931
[00:13:39] Bootstrap tree #374, logLikelihood: -18450.840875
[00:13:41] Bootstrap tree #375, logLikelihood: -18068.148442
[00:13:42] Bootstrap tree #376, logLikelihood: -17517.445832
[00:13:45] Bootstrap tree #377, logLikelihood: -17972.608177
[00:13:47] Bootstrap tree #378, logLikelihood: -18185.780483
[00:13:49] Bootstrap tree #379, logLikelihood: -17575.903622
[00:13:52] Bootstrap tree #380, logLikelihood: -18353.150855
[00:13:54] Bootstrap tree #381, logLikelihood: -18448.465758
[00:13:56] Bootstrap tree #382, logLikelihood: -17580.636088
[00:13:59] Bootstrap tree #383, logLikelihood: -18170.766811
[00:14:01] Bootstrap tree #384, logLikelihood: -18476.191609
[00:14:02] Bootstrap tree #385, logLikelihood: -17987.512002
[00:14:05] Bootstrap tree #386, logLikelihood: -17926.193505
[00:14:07] Bootstrap tree #387, logLikelihood: -17653.812155
[00:14:09] Bootstrap tree #388, logLikelihood: -18471.541738
[00:14:11] Bootstrap tree #389, logLikelihood: -18803.191561
[00:14:13] Bootstrap tree #390, logLikelihood: -17910.155814
[00:14:16] Bootstrap tree #391, logLikelihood: -19001.258432
[00:14:17] Bootstrap tree #392, logLikelihood: -18300.061299
[00:14:19] Bootstrap tree #393, logLikelihood: -17872.377291
[00:14:21] Bootstrap tree #394, logLikelihood: -18583.822884
[00:14:23] Bootstrap tree #395, logLikelihood: -18458.753261
[00:14:25] Bootstrap tree #396, logLikelihood: -18088.809732
[00:14:27] Bootstrap tree #397, logLikelihood: -18435.900907
[00:14:28] Bootstrap tree #398, logLikelihood: -17662.992216
[00:14:30] Bootstrap tree #399, logLikelihood: -18565.939815
[00:14:32] Bootstrap tree #400, logLikelihood: -18181.552714
[00:14:35] Bootstrap tree #401, logLikelihood: -17948.571265
[00:14:37] Bootstrap tree #402, logLikelihood: -17373.278522
[00:14:38] Bootstrap tree #403, logLikelihood: -17873.620273
[00:14:39] Bootstrap tree #404, logLikelihood: -17476.815894
[00:14:42] Bootstrap tree #405, logLikelihood: -18017.225514
[00:14:44] Bootstrap tree #406, logLikelihood: -17865.960633
[00:14:46] Bootstrap tree #407, logLikelihood: -18175.874818
[00:14:48] Bootstrap tree #408, logLikelihood: -17890.866994
[00:14:50] Bootstrap tree #409, logLikelihood: -17850.429936
[00:14:52] Bootstrap tree #410, logLikelihood: -18036.824216
[00:14:54] Bootstrap tree #411, logLikelihood: -18006.938794
[00:14:56] Bootstrap tree #412, logLikelihood: -17681.001847
[00:14:58] Bootstrap tree #413, logLikelihood: -17869.281299
[00:15:00] Bootstrap tree #414, logLikelihood: -17619.191048
[00:15:02] Bootstrap tree #415, logLikelihood: -17595.188411
[00:15:04] Bootstrap tree #416, logLikelihood: -17985.951797
[00:15:06] Bootstrap tree #417, logLikelihood: -18000.659709
[00:15:07] Bootstrap tree #418, logLikelihood: -17825.602785
[00:15:09] Bootstrap tree #419, logLikelihood: -18160.846661
[00:15:11] Bootstrap tree #420, logLikelihood: -18127.513866
[00:15:12] Bootstrap tree #421, logLikelihood: -17781.211009
[00:15:14] Bootstrap tree #422, logLikelihood: -18002.149977
[00:15:17] Bootstrap tree #423, logLikelihood: -17863.470966
[00:15:19] Bootstrap tree #424, logLikelihood: -17990.033432
[00:15:21] Bootstrap tree #425, logLikelihood: -17814.135487
[00:15:23] Bootstrap tree #426, logLikelihood: -17751.706123
[00:15:25] Bootstrap tree #427, logLikelihood: -18319.922114
[00:15:27] Bootstrap tree #428, logLikelihood: -18331.657488
[00:15:29] Bootstrap tree #429, logLikelihood: -18056.244417
[00:15:31] Bootstrap tree #430, logLikelihood: -17487.891534
[00:15:34] Bootstrap tree #431, logLikelihood: -17838.601694
[00:15:36] Bootstrap tree #432, logLikelihood: -18200.436345
[00:15:38] Bootstrap tree #433, logLikelihood: -18043.086199
[00:15:39] Bootstrap tree #434, logLikelihood: -18353.691214
[00:15:42] Bootstrap tree #435, logLikelihood: -18556.779114
[00:15:44] Bootstrap tree #436, logLikelihood: -18107.087948
[00:15:46] Bootstrap tree #437, logLikelihood: -17724.302067
[00:15:48] Bootstrap tree #438, logLikelihood: -17900.332516
[00:15:50] Bootstrap tree #439, logLikelihood: -17951.577166
[00:15:52] Bootstrap tree #440, logLikelihood: -17317.861554
[00:15:53] Bootstrap tree #441, logLikelihood: -18136.887580
[00:15:56] Bootstrap tree #442, logLikelihood: -18070.986710
[00:15:57] Bootstrap tree #443, logLikelihood: -18473.875366
[00:15:59] Bootstrap tree #444, logLikelihood: -18379.426260
[00:16:01] Bootstrap tree #445, logLikelihood: -18383.619585
[00:16:03] Bootstrap tree #446, logLikelihood: -17786.290048
[00:16:06] Bootstrap tree #447, logLikelihood: -18265.470552
[00:16:08] Bootstrap tree #448, logLikelihood: -18070.759477
[00:16:10] Bootstrap tree #449, logLikelihood: -18414.245746
[00:16:12] Bootstrap tree #450, logLikelihood: -17720.338319
[00:16:14] Bootstrap tree #451, logLikelihood: -18898.299456
[00:16:17] Bootstrap tree #452, logLikelihood: -17616.905124
[00:16:18] Bootstrap tree #453, logLikelihood: -17720.852460
[00:16:21] Bootstrap tree #454, logLikelihood: -18197.329073
[00:16:23] Bootstrap tree #455, logLikelihood: -18456.932473
[00:16:25] Bootstrap tree #456, logLikelihood: -17863.198501
[00:16:27] Bootstrap tree #457, logLikelihood: -18135.563540
[00:16:29] Bootstrap tree #458, logLikelihood: -18178.105098
[00:16:31] Bootstrap tree #459, logLikelihood: -17872.523110
[00:16:33] Bootstrap tree #460, logLikelihood: -17981.873974
[00:16:36] Bootstrap tree #461, logLikelihood: -18066.219990
[00:16:37] Bootstrap tree #462, logLikelihood: -17574.257062
[00:16:40] Bootstrap tree #463, logLikelihood: -18153.667667
[00:16:42] Bootstrap tree #464, logLikelihood: -18028.454509
[00:16:45] Bootstrap tree #465, logLikelihood: -18146.199253
[00:16:47] Bootstrap tree #466, logLikelihood: -17706.041961
[00:16:49] Bootstrap tree #467, logLikelihood: -18121.894854
[00:16:51] Bootstrap tree #468, logLikelihood: -17806.810750
[00:16:53] Bootstrap tree #469, logLikelihood: -17695.448231
[00:16:55] Bootstrap tree #470, logLikelihood: -18094.459970
[00:16:57] Bootstrap tree #471, logLikelihood: -17863.230102
[00:16:58] Bootstrap tree #472, logLikelihood: -17932.794393
[00:17:01] Bootstrap tree #473, logLikelihood: -18097.349741
[00:17:03] Bootstrap tree #474, logLikelihood: -17719.543635
[00:17:05] Bootstrap tree #475, logLikelihood: -17839.335287
[00:17:07] Bootstrap tree #476, logLikelihood: -18340.758353
[00:17:09] Bootstrap tree #477, logLikelihood: -18052.960837
[00:17:12] Bootstrap tree #478, logLikelihood: -18195.681275
[00:17:14] Bootstrap tree #479, logLikelihood: -17557.829563
[00:17:16] Bootstrap tree #480, logLikelihood: -17658.532082
[00:17:18] Bootstrap tree #481, logLikelihood: -18196.617765
[00:17:20] Bootstrap tree #482, logLikelihood: -17971.949218
[00:17:22] Bootstrap tree #483, logLikelihood: -17728.039926
[00:17:23] Bootstrap tree #484, logLikelihood: -17980.995297
[00:17:26] Bootstrap tree #485, logLikelihood: -17963.347515
[00:17:28] Bootstrap tree #486, logLikelihood: -17896.329754
[00:17:30] Bootstrap tree #487, logLikelihood: -17770.163417
[00:17:31] Bootstrap tree #488, logLikelihood: -17483.638098
[00:17:33] Bootstrap tree #489, logLikelihood: -17538.397682
[00:17:35] Bootstrap tree #490, logLikelihood: -18283.479636
[00:17:38] Bootstrap tree #491, logLikelihood: -18205.972671
[00:17:39] Bootstrap tree #492, logLikelihood: -17758.379259
[00:17:41] Bootstrap tree #493, logLikelihood: -18313.519450
[00:17:43] Bootstrap tree #494, logLikelihood: -18229.754217
[00:17:45] Bootstrap tree #495, logLikelihood: -17636.695907
[00:17:47] Bootstrap tree #496, logLikelihood: -17451.694726
[00:17:49] Bootstrap tree #497, logLikelihood: -18053.539186
[00:17:51] Bootstrap tree #498, logLikelihood: -17825.616872
[00:17:54] Bootstrap tree #499, logLikelihood: -18155.799642
[00:17:56] Bootstrap tree #500, logLikelihood: -18098.014717
[00:17:58] Bootstrap tree #501, logLikelihood: -18020.080236
[00:18:00] Bootstrap tree #502, logLikelihood: -17924.507832
[00:18:02] Bootstrap tree #503, logLikelihood: -17773.004157
[00:18:04] Bootstrap tree #504, logLikelihood: -17702.815882
[00:18:05] Bootstrap tree #505, logLikelihood: -17813.531056
[00:18:07] Bootstrap tree #506, logLikelihood: -18154.837203
[00:18:09] Bootstrap tree #507, logLikelihood: -17730.411178
[00:18:11] Bootstrap tree #508, logLikelihood: -17454.360019
[00:18:13] Bootstrap tree #509, logLikelihood: -18089.049025
[00:18:16] Bootstrap tree #510, logLikelihood: -18347.251874
[00:18:18] Bootstrap tree #511, logLikelihood: -17956.812762
[00:18:20] Bootstrap tree #512, logLikelihood: -17618.147473
[00:18:22] Bootstrap tree #513, logLikelihood: -17549.984414
[00:18:23] Bootstrap tree #514, logLikelihood: -18066.226485
[00:18:26] Bootstrap tree #515, logLikelihood: -17915.802263
[00:18:28] Bootstrap tree #516, logLikelihood: -17633.785843
[00:18:31] Bootstrap tree #517, logLikelihood: -17718.945051
[00:18:33] Bootstrap tree #518, logLikelihood: -18449.787150
[00:18:35] Bootstrap tree #519, logLikelihood: -17759.857657
[00:18:37] Bootstrap tree #520, logLikelihood: -18672.288286
[00:18:38] Bootstrap tree #521, logLikelihood: -18253.306725
[00:18:42] Bootstrap tree #522, logLikelihood: -17872.275873
[00:18:44] Bootstrap tree #523, logLikelihood: -17887.317946
[00:18:46] Bootstrap tree #524, logLikelihood: -18159.714092
[00:18:48] Bootstrap tree #525, logLikelihood: -18253.991509
[00:18:49] Bootstrap tree #526, logLikelihood: -18141.187251
[00:18:52] Bootstrap tree #527, logLikelihood: -17991.240717
[00:18:53] Bootstrap tree #528, logLikelihood: -18003.463916
[00:18:55] Bootstrap tree #529, logLikelihood: -17664.078225
[00:18:57] Bootstrap tree #530, logLikelihood: -18412.448871
[00:18:59] Bootstrap tree #531, logLikelihood: -17671.345745
[00:19:01] Bootstrap tree #532, logLikelihood: -18341.397500
[00:19:03] Bootstrap tree #533, logLikelihood: -17991.358763
[00:19:05] Bootstrap tree #534, logLikelihood: -18240.815913
[00:19:08] Bootstrap tree #535, logLikelihood: -18057.389143
[00:19:10] Bootstrap tree #536, logLikelihood: -17744.478884
[00:19:12] Bootstrap tree #537, logLikelihood: -18371.909223
[00:19:14] Bootstrap tree #538, logLikelihood: -18238.092876
[00:19:16] Bootstrap tree #539, logLikelihood: -17684.736266
[00:19:18] Bootstrap tree #540, logLikelihood: -17590.675088
[00:19:19] Bootstrap tree #541, logLikelihood: -18371.610634
[00:19:21] Bootstrap tree #542, logLikelihood: -17735.801077
[00:19:23] Bootstrap tree #543, logLikelihood: -18261.477159
[00:19:25] Bootstrap tree #544, logLikelihood: -17872.740725
[00:19:26] Bootstrap tree #545, logLikelihood: -17914.255154
[00:19:28] Bootstrap tree #546, logLikelihood: -17640.255642
[00:19:31] Bootstrap tree #547, logLikelihood: -18376.939111
[00:19:33] Bootstrap tree #548, logLikelihood: -18333.888240
[00:19:35] Bootstrap tree #549, logLikelihood: -17895.709560
[00:19:37] Bootstrap tree #550, logLikelihood: -17522.673297
[00:19:39] Bootstrap tree #551, logLikelihood: -17655.704362
[00:19:42] Bootstrap tree #552, logLikelihood: -18468.537594
[00:19:44] Bootstrap tree #553, logLikelihood: -18408.277705
[00:19:46] Bootstrap tree #554, logLikelihood: -18394.778583
[00:19:48] Bootstrap tree #555, logLikelihood: -17795.369286
[00:19:50] Bootstrap tree #556, logLikelihood: -18293.536468
[00:19:52] Bootstrap tree #557, logLikelihood: -17612.862270
[00:19:55] Bootstrap tree #558, logLikelihood: -17871.373611
[00:19:57] Bootstrap tree #559, logLikelihood: -17869.995850
[00:19:59] Bootstrap tree #560, logLikelihood: -18138.475102
[00:20:01] Bootstrap tree #561, logLikelihood: -18194.000957
[00:20:03] Bootstrap tree #562, logLikelihood: -17961.181093
[00:20:06] Bootstrap tree #563, logLikelihood: -18064.835610
[00:20:09] Bootstrap tree #564, logLikelihood: -18084.205292
[00:20:11] Bootstrap tree #565, logLikelihood: -18048.661008
[00:20:13] Bootstrap tree #566, logLikelihood: -18050.822578
[00:20:15] Bootstrap tree #567, logLikelihood: -17877.977964
[00:20:19] Bootstrap tree #568, logLikelihood: -17426.644187
[00:20:20] Bootstrap tree #569, logLikelihood: -17587.501592
[00:20:22] Bootstrap tree #570, logLikelihood: -18242.968622
[00:20:24] Bootstrap tree #571, logLikelihood: -17654.617174
[00:20:27] Bootstrap tree #572, logLikelihood: -17862.345712
[00:20:28] Bootstrap tree #573, logLikelihood: -18661.732834
[00:20:31] Bootstrap tree #574, logLikelihood: -17834.930432
[00:20:33] Bootstrap tree #575, logLikelihood: -17932.944289
[00:20:35] Bootstrap tree #576, logLikelihood: -18185.419819
[00:20:37] Bootstrap tree #577, logLikelihood: -17940.628559
[00:20:39] Bootstrap tree #578, logLikelihood: -18276.980407
[00:20:41] Bootstrap tree #579, logLikelihood: -18479.739263
[00:20:43] Bootstrap tree #580, logLikelihood: -18045.246604
[00:20:46] Bootstrap tree #581, logLikelihood: -17525.877199
[00:20:48] Bootstrap tree #582, logLikelihood: -18148.408190
[00:20:50] Bootstrap tree #583, logLikelihood: -18102.290117
[00:20:52] Bootstrap tree #584, logLikelihood: -17378.205103
[00:20:54] Bootstrap tree #585, logLikelihood: -17974.574131
[00:20:56] Bootstrap tree #586, logLikelihood: -17957.672706
[00:20:59] Bootstrap tree #587, logLikelihood: -18141.434715
[00:21:00] Bootstrap tree #588, logLikelihood: -17937.131213
[00:21:03] Bootstrap tree #589, logLikelihood: -18002.251749
[00:21:04] Bootstrap tree #590, logLikelihood: -17670.885957
[00:21:06] Bootstrap tree #591, logLikelihood: -17880.928476
[00:21:08] Bootstrap tree #592, logLikelihood: -18024.855935
[00:21:10] Bootstrap tree #593, logLikelihood: -17680.546233
[00:21:12] Bootstrap tree #594, logLikelihood: -18190.251459
[00:21:14] Bootstrap tree #595, logLikelihood: -17585.043731
[00:21:17] Bootstrap tree #596, logLikelihood: -18464.288521
[00:21:19] Bootstrap tree #597, logLikelihood: -17999.266362
[00:21:21] Bootstrap tree #598, logLikelihood: -17167.214265
[00:21:23] Bootstrap tree #599, logLikelihood: -17911.867638
[00:21:25] Bootstrap tree #600, logLikelihood: -18487.580893
[00:21:27] Bootstrap tree #601, logLikelihood: -18147.507719
[00:21:29] Bootstrap tree #602, logLikelihood: -18059.051265
[00:21:31] Bootstrap tree #603, logLikelihood: -18081.278725
[00:21:33] Bootstrap tree #604, logLikelihood: -18038.386265
[00:21:36] Bootstrap tree #605, logLikelihood: -17800.234398
[00:21:38] Bootstrap tree #606, logLikelihood: -18157.831174
[00:21:39] Bootstrap tree #607, logLikelihood: -18115.977768
[00:21:41] Bootstrap tree #608, logLikelihood: -17848.587098
[00:21:43] Bootstrap tree #609, logLikelihood: -17952.201536
[00:21:45] Bootstrap tree #610, logLikelihood: -17730.124275
[00:21:47] Bootstrap tree #611, logLikelihood: -18125.743538
[00:21:49] Bootstrap tree #612, logLikelihood: -17914.633608
[00:21:51] Bootstrap tree #613, logLikelihood: -17696.561686
[00:21:53] Bootstrap tree #614, logLikelihood: -18194.739528
[00:21:55] Bootstrap tree #615, logLikelihood: -18341.599738
[00:21:57] Bootstrap tree #616, logLikelihood: -17728.832670
[00:21:59] Bootstrap tree #617, logLikelihood: -18159.075044
[00:22:02] Bootstrap tree #618, logLikelihood: -17843.463410
[00:22:04] Bootstrap tree #619, logLikelihood: -17865.676756
[00:22:06] Bootstrap tree #620, logLikelihood: -17735.629256
[00:22:07] Bootstrap tree #621, logLikelihood: -17929.513016
[00:22:09] Bootstrap tree #622, logLikelihood: -18189.401208
[00:22:11] Bootstrap tree #623, logLikelihood: -17429.961943
[00:22:14] Bootstrap tree #624, logLikelihood: -18275.471643
[00:22:16] Bootstrap tree #625, logLikelihood: -17863.472547
[00:22:18] Bootstrap tree #626, logLikelihood: -17793.695815
[00:22:20] Bootstrap tree #627, logLikelihood: -18172.339012
[00:22:22] Bootstrap tree #628, logLikelihood: -17809.480454
[00:22:25] Bootstrap tree #629, logLikelihood: -17435.892135
[00:22:27] Bootstrap tree #630, logLikelihood: -17641.105845
[00:22:29] Bootstrap tree #631, logLikelihood: -18201.069821
[00:22:31] Bootstrap tree #632, logLikelihood: -18384.712971
[00:22:33] Bootstrap tree #633, logLikelihood: -17804.374982
[00:22:35] Bootstrap tree #634, logLikelihood: -18026.863584
[00:22:36] Bootstrap tree #635, logLikelihood: -17376.762055
[00:22:38] Bootstrap tree #636, logLikelihood: -18375.079084
[00:22:41] Bootstrap tree #637, logLikelihood: -18173.664992
[00:22:43] Bootstrap tree #638, logLikelihood: -17832.668644
[00:22:45] Bootstrap tree #639, logLikelihood: -17925.451560
[00:22:47] Bootstrap tree #640, logLikelihood: -17510.280577
[00:22:49] Bootstrap tree #641, logLikelihood: -17631.631798
[00:22:51] Bootstrap tree #642, logLikelihood: -18102.302976
[00:22:53] Bootstrap tree #643, logLikelihood: -18383.182317
[00:22:55] Bootstrap tree #644, logLikelihood: -17238.400180
[00:22:57] Bootstrap tree #645, logLikelihood: -17549.459852
[00:23:00] Bootstrap tree #646, logLikelihood: -18544.263957
[00:23:01] Bootstrap tree #647, logLikelihood: -17871.141422
[00:23:03] Bootstrap tree #648, logLikelihood: -18143.910383
[00:23:06] Bootstrap tree #649, logLikelihood: -18006.953896
[00:23:08] Bootstrap tree #650, logLikelihood: -18381.989130
[00:23:10] Bootstrap tree #651, logLikelihood: -17609.359265
[00:23:12] Bootstrap tree #652, logLikelihood: -18355.789917
[00:23:13] Bootstrap tree #653, logLikelihood: -18203.858246
[00:23:16] Bootstrap tree #654, logLikelihood: -17932.908453
[00:23:18] Bootstrap tree #655, logLikelihood: -18035.256642
[00:23:19] Bootstrap tree #656, logLikelihood: -18376.371876
[00:23:21] Bootstrap tree #657, logLikelihood: -18225.966498
[00:23:23] Bootstrap tree #658, logLikelihood: -18252.886798
[00:23:25] Bootstrap tree #659, logLikelihood: -18151.270186
[00:23:27] Bootstrap tree #660, logLikelihood: -18484.792056
[00:23:28] Bootstrap tree #661, logLikelihood: -17852.551010
[00:23:30] Bootstrap tree #662, logLikelihood: -17951.385976
[00:23:32] Bootstrap tree #663, logLikelihood: -17814.868931
[00:23:34] Bootstrap tree #664, logLikelihood: -18303.386763
[00:23:36] Bootstrap tree #665, logLikelihood: -17892.001134
[00:23:38] Bootstrap tree #666, logLikelihood: -18076.240835
[00:23:40] Bootstrap tree #667, logLikelihood: -18291.328776
[00:23:42] Bootstrap tree #668, logLikelihood: -18260.799356
[00:23:44] Bootstrap tree #669, logLikelihood: -17964.738003
[00:23:46] Bootstrap tree #670, logLikelihood: -17478.053179
[00:23:48] Bootstrap tree #671, logLikelihood: -18089.740110
[00:23:50] Bootstrap tree #672, logLikelihood: -17879.122932
[00:23:53] Bootstrap tree #673, logLikelihood: -17401.994449
[00:23:55] Bootstrap tree #674, logLikelihood: -18088.222790
[00:23:57] Bootstrap tree #675, logLikelihood: -17675.421724
[00:23:59] Bootstrap tree #676, logLikelihood: -17938.409652
[00:24:01] Bootstrap tree #677, logLikelihood: -18026.351668
[00:24:03] Bootstrap tree #678, logLikelihood: -17864.078305
[00:24:05] Bootstrap tree #679, logLikelihood: -17978.720151
[00:24:07] Bootstrap tree #680, logLikelihood: -17973.007890
[00:24:09] Bootstrap tree #681, logLikelihood: -18019.361024
[00:24:11] Bootstrap tree #682, logLikelihood: -17653.945134
[00:24:14] Bootstrap tree #683, logLikelihood: -18023.086618
[00:24:16] Bootstrap tree #684, logLikelihood: -18032.538611
[00:24:18] Bootstrap tree #685, logLikelihood: -17625.873351
[00:24:20] Bootstrap tree #686, logLikelihood: -17685.064874
[00:24:22] Bootstrap tree #687, logLikelihood: -17664.493667
[00:24:24] Bootstrap tree #688, logLikelihood: -17857.576709
[00:24:26] Bootstrap tree #689, logLikelihood: -17612.343872
[00:24:28] Bootstrap tree #690, logLikelihood: -18222.483095
[00:24:30] Bootstrap tree #691, logLikelihood: -17786.171310
[00:24:33] Bootstrap tree #692, logLikelihood: -18247.148693
[00:24:34] Bootstrap tree #693, logLikelihood: -17751.269544
[00:24:37] Bootstrap tree #694, logLikelihood: -17977.435348
[00:24:39] Bootstrap tree #695, logLikelihood: -17863.336516
[00:24:40] Bootstrap tree #696, logLikelihood: -17923.569677
[00:24:43] Bootstrap tree #697, logLikelihood: -18150.027955
[00:24:44] Bootstrap tree #698, logLikelihood: -17940.359208
[00:24:46] Bootstrap tree #699, logLikelihood: -17616.174596
[00:24:48] Bootstrap tree #700, logLikelihood: -17914.990784
[00:24:50] Bootstrap tree #701, logLikelihood: -17894.221551
[00:24:52] Bootstrap tree #702, logLikelihood: -18236.402918
[00:24:54] Bootstrap tree #703, logLikelihood: -18172.446384
[00:24:55] Bootstrap tree #704, logLikelihood: -18065.592918
[00:24:58] Bootstrap tree #705, logLikelihood: -18190.831550
[00:25:00] Bootstrap tree #706, logLikelihood: -17633.022765
[00:25:03] Bootstrap tree #707, logLikelihood: -18236.726131
[00:25:05] Bootstrap tree #708, logLikelihood: -17417.225756
[00:25:07] Bootstrap tree #709, logLikelihood: -17870.508297
[00:25:09] Bootstrap tree #710, logLikelihood: -18312.154359
[00:25:11] Bootstrap tree #711, logLikelihood: -18096.230381
[00:25:13] Bootstrap tree #712, logLikelihood: -18196.955784
[00:25:15] Bootstrap tree #713, logLikelihood: -18002.159061
[00:25:18] Bootstrap tree #714, logLikelihood: -17628.884634
[00:25:19] Bootstrap tree #715, logLikelihood: -18159.409223
[00:25:21] Bootstrap tree #716, logLikelihood: -17928.828019
[00:25:23] Bootstrap tree #717, logLikelihood: -17820.035500
[00:25:25] Bootstrap tree #718, logLikelihood: -17765.060632
[00:25:27] Bootstrap tree #719, logLikelihood: -18063.831606
[00:25:29] Bootstrap tree #720, logLikelihood: -18253.006462
[00:25:31] Bootstrap tree #721, logLikelihood: -17996.928874
[00:25:34] Bootstrap tree #722, logLikelihood: -17769.778734
[00:25:36] Bootstrap tree #723, logLikelihood: -18419.682824
[00:25:39] Bootstrap tree #724, logLikelihood: -18043.083812
[00:25:41] Bootstrap tree #725, logLikelihood: -18176.732070
[00:25:43] Bootstrap tree #726, logLikelihood: -18316.092114
[00:25:45] Bootstrap tree #727, logLikelihood: -18403.858163
[00:25:47] Bootstrap tree #728, logLikelihood: -18407.615638
[00:25:49] Bootstrap tree #729, logLikelihood: -17990.965578
[00:25:51] Bootstrap tree #730, logLikelihood: -18104.529112
[00:25:53] Bootstrap tree #731, logLikelihood: -17748.561827
[00:25:56] Bootstrap tree #732, logLikelihood: -18037.058639
[00:25:58] Bootstrap tree #733, logLikelihood: -17730.563167
[00:26:01] Bootstrap tree #734, logLikelihood: -18935.340774
[00:26:03] Bootstrap tree #735, logLikelihood: -17623.138967
[00:26:04] Bootstrap tree #736, logLikelihood: -17837.114329
[00:26:06] Bootstrap tree #737, logLikelihood: -18427.289638
[00:26:08] Bootstrap tree #738, logLikelihood: -17912.285442
[00:26:11] Bootstrap tree #739, logLikelihood: -17621.737133
[00:26:14] Bootstrap tree #740, logLikelihood: -18165.241136
[00:26:16] Bootstrap tree #741, logLikelihood: -18163.236915
[00:26:18] Bootstrap tree #742, logLikelihood: -18493.956456
[00:26:19] Bootstrap tree #743, logLikelihood: -17732.669901
[00:26:21] Bootstrap tree #744, logLikelihood: -17946.006360
[00:26:24] Bootstrap tree #745, logLikelihood: -17979.820082
[00:26:26] Bootstrap tree #746, logLikelihood: -17832.612252
[00:26:29] Bootstrap tree #747, logLikelihood: -18118.836362
[00:26:32] Bootstrap tree #748, logLikelihood: -17989.976956
[00:26:33] Bootstrap tree #749, logLikelihood: -17774.443098
[00:26:36] Bootstrap tree #750, logLikelihood: -18288.008495
[00:26:38] Bootstrap tree #751, logLikelihood: -18748.044030
[00:26:41] Bootstrap tree #752, logLikelihood: -17865.638050
[00:26:43] Bootstrap tree #753, logLikelihood: -17744.960770
[00:26:45] Bootstrap tree #754, logLikelihood: -18391.736956
[00:26:48] Bootstrap tree #755, logLikelihood: -18184.908628
[00:26:50] Bootstrap tree #756, logLikelihood: -18583.959861
[00:26:52] Bootstrap tree #757, logLikelihood: -18011.083354
[00:26:55] Bootstrap tree #758, logLikelihood: -18430.572482
[00:26:56] Bootstrap tree #759, logLikelihood: -18180.956574
[00:26:59] Bootstrap tree #760, logLikelihood: -17848.949233
[00:27:02] Bootstrap tree #761, logLikelihood: -18241.267009
[00:27:03] Bootstrap tree #762, logLikelihood: -17573.680995
[00:27:05] Bootstrap tree #763, logLikelihood: -17302.482318
[00:27:07] Bootstrap tree #764, logLikelihood: -17559.572362
[00:27:09] Bootstrap tree #765, logLikelihood: -18200.969864
[00:27:10] Bootstrap tree #766, logLikelihood: -18261.162147
[00:27:12] Bootstrap tree #767, logLikelihood: -17889.956602
[00:27:14] Bootstrap tree #768, logLikelihood: -17729.710822
[00:27:15] Bootstrap tree #769, logLikelihood: -18031.087297
[00:27:17] Bootstrap tree #770, logLikelihood: -18250.059489
[00:27:20] Bootstrap tree #771, logLikelihood: -17024.282449
[00:27:23] Bootstrap tree #772, logLikelihood: -18330.838771
[00:27:25] Bootstrap tree #773, logLikelihood: -17953.297146
[00:27:27] Bootstrap tree #774, logLikelihood: -18121.971085
[00:27:29] Bootstrap tree #775, logLikelihood: -18091.806342
[00:27:31] Bootstrap tree #776, logLikelihood: -18139.451892
[00:27:34] Bootstrap tree #777, logLikelihood: -18048.571387
[00:27:36] Bootstrap tree #778, logLikelihood: -17968.093311
[00:27:39] Bootstrap tree #779, logLikelihood: -17648.751277
[00:27:41] Bootstrap tree #780, logLikelihood: -17986.393593
[00:27:44] Bootstrap tree #781, logLikelihood: -17951.118755
[00:27:46] Bootstrap tree #782, logLikelihood: -17786.738642
[00:27:48] Bootstrap tree #783, logLikelihood: -17988.973373
[00:27:50] Bootstrap tree #784, logLikelihood: -18631.557579
[00:27:52] Bootstrap tree #785, logLikelihood: -18070.946140
[00:27:54] Bootstrap tree #786, logLikelihood: -17543.492436
[00:27:57] Bootstrap tree #787, logLikelihood: -17858.290090
[00:27:59] Bootstrap tree #788, logLikelihood: -18160.671769
[00:28:01] Bootstrap tree #789, logLikelihood: -18136.786188
[00:28:03] Bootstrap tree #790, logLikelihood: -17786.716001
[00:28:05] Bootstrap tree #791, logLikelihood: -18639.504135
[00:28:07] Bootstrap tree #792, logLikelihood: -18340.100640
[00:28:09] Bootstrap tree #793, logLikelihood: -18566.778644
[00:28:11] Bootstrap tree #794, logLikelihood: -18255.207575
[00:28:13] Bootstrap tree #795, logLikelihood: -17980.104842
[00:28:16] Bootstrap tree #796, logLikelihood: -18343.723748
[00:28:18] Bootstrap tree #797, logLikelihood: -17910.987152
[00:28:20] Bootstrap tree #798, logLikelihood: -17919.049873
[00:28:22] Bootstrap tree #799, logLikelihood: -18074.795292
[00:28:24] Bootstrap tree #800, logLikelihood: -17819.909311
[00:28:26] Bootstrap tree #801, logLikelihood: -18332.114640
[00:28:29] Bootstrap tree #802, logLikelihood: -18279.580482
[00:28:30] Bootstrap tree #803, logLikelihood: -18092.088933
[00:28:32] Bootstrap tree #804, logLikelihood: -17716.456931
[00:28:34] Bootstrap tree #805, logLikelihood: -17917.654157
[00:28:37] Bootstrap tree #806, logLikelihood: -18008.374832
[00:28:39] Bootstrap tree #807, logLikelihood: -18032.322300
[00:28:41] Bootstrap tree #808, logLikelihood: -17986.522947
[00:28:43] Bootstrap tree #809, logLikelihood: -18217.851550
[00:28:45] Bootstrap tree #810, logLikelihood: -17888.009312
[00:28:47] Bootstrap tree #811, logLikelihood: -18050.909471
[00:28:49] Bootstrap tree #812, logLikelihood: -18545.185913
[00:28:52] Bootstrap tree #813, logLikelihood: -18020.239855
[00:28:54] Bootstrap tree #814, logLikelihood: -17817.902117
[00:28:56] Bootstrap tree #815, logLikelihood: -17907.498738
[00:28:57] Bootstrap tree #816, logLikelihood: -17114.676053
[00:28:59] Bootstrap tree #817, logLikelihood: -18434.721992
[00:29:02] Bootstrap tree #818, logLikelihood: -18123.082025
[00:29:04] Bootstrap tree #819, logLikelihood: -18314.445225
[00:29:06] Bootstrap tree #820, logLikelihood: -17622.765336
[00:29:08] Bootstrap tree #821, logLikelihood: -17521.761007
[00:29:09] Bootstrap tree #822, logLikelihood: -17625.928333
[00:29:11] Bootstrap tree #823, logLikelihood: -18232.557766
[00:29:13] Bootstrap tree #824, logLikelihood: -17968.622840
[00:29:15] Bootstrap tree #825, logLikelihood: -18204.964325
[00:29:18] Bootstrap tree #826, logLikelihood: -17884.792262
[00:29:20] Bootstrap tree #827, logLikelihood: -17986.660907
[00:29:23] Bootstrap tree #828, logLikelihood: -18097.455082
[00:29:25] Bootstrap tree #829, logLikelihood: -18348.434482
[00:29:28] Bootstrap tree #830, logLikelihood: -17407.355131
[00:29:30] Bootstrap tree #831, logLikelihood: -17821.491240
[00:29:31] Bootstrap tree #832, logLikelihood: -17505.723127
[00:29:34] Bootstrap tree #833, logLikelihood: -18059.485966
[00:29:36] Bootstrap tree #834, logLikelihood: -18428.498611
[00:29:38] Bootstrap tree #835, logLikelihood: -18412.178078
[00:29:39] Bootstrap tree #836, logLikelihood: -17958.047836
[00:29:41] Bootstrap tree #837, logLikelihood: -17833.528750
[00:29:43] Bootstrap tree #838, logLikelihood: -17870.660097
[00:29:45] Bootstrap tree #839, logLikelihood: -17756.920773
[00:29:47] Bootstrap tree #840, logLikelihood: -18261.397623
[00:29:48] Bootstrap tree #841, logLikelihood: -18210.891684
[00:29:50] Bootstrap tree #842, logLikelihood: -18025.224111
[00:29:52] Bootstrap tree #843, logLikelihood: -18192.164976
[00:29:55] Bootstrap tree #844, logLikelihood: -17920.110403
[00:29:57] Bootstrap tree #845, logLikelihood: -18757.660116
[00:29:59] Bootstrap tree #846, logLikelihood: -18173.953550
[00:30:01] Bootstrap tree #847, logLikelihood: -17915.931480
[00:30:03] Bootstrap tree #848, logLikelihood: -17931.159481
[00:30:05] Bootstrap tree #849, logLikelihood: -18078.881491
[00:30:07] Bootstrap tree #850, logLikelihood: -18411.769360
[00:30:09] Bootstrap tree #851, logLikelihood: -17947.395601
[00:30:11] Bootstrap tree #852, logLikelihood: -17905.799699
[00:30:13] Bootstrap tree #853, logLikelihood: -18759.182997
[00:30:16] Bootstrap tree #854, logLikelihood: -17805.434650
[00:30:18] Bootstrap tree #855, logLikelihood: -18527.946143
[00:30:20] Bootstrap tree #856, logLikelihood: -17913.638387
[00:30:22] Bootstrap tree #857, logLikelihood: -17454.342720
[00:30:23] Bootstrap tree #858, logLikelihood: -17873.720434
[00:30:25] Bootstrap tree #859, logLikelihood: -17750.066849
[00:30:27] Bootstrap tree #860, logLikelihood: -17989.311105
[00:30:29] Bootstrap tree #861, logLikelihood: -18303.932225
[00:30:31] Bootstrap tree #862, logLikelihood: -17652.843653
[00:30:34] Bootstrap tree #863, logLikelihood: -17869.062840
[00:30:36] Bootstrap tree #864, logLikelihood: -17486.122448
[00:30:38] Bootstrap tree #865, logLikelihood: -17995.504898
[00:30:39] Bootstrap tree #866, logLikelihood: -17627.566072
[00:30:42] Bootstrap tree #867, logLikelihood: -18061.408487
[00:30:44] Bootstrap tree #868, logLikelihood: -17913.674950
[00:30:46] Bootstrap tree #869, logLikelihood: -17896.263831
[00:30:49] Bootstrap tree #870, logLikelihood: -17722.133820
[00:30:51] Bootstrap tree #871, logLikelihood: -18125.923890
[00:30:53] Bootstrap tree #872, logLikelihood: -17602.595532
[00:30:55] Bootstrap tree #873, logLikelihood: -18334.228726
[00:30:57] Bootstrap tree #874, logLikelihood: -18057.555145
[00:30:59] Bootstrap tree #875, logLikelihood: -17927.983175
[00:31:01] Bootstrap tree #876, logLikelihood: -17580.403436
[00:31:03] Bootstrap tree #877, logLikelihood: -18106.507907
[00:31:05] Bootstrap tree #878, logLikelihood: -18322.023701
[00:31:08] Bootstrap tree #879, logLikelihood: -18492.503886
[00:31:09] Bootstrap tree #880, logLikelihood: -18001.068849
[00:31:11] Bootstrap tree #881, logLikelihood: -18364.851777
[00:31:12] Bootstrap tree #882, logLikelihood: -18518.483469
[00:31:15] Bootstrap tree #883, logLikelihood: -17822.807085
[00:31:16] Bootstrap tree #884, logLikelihood: -18423.291339
[00:31:18] Bootstrap tree #885, logLikelihood: -18432.779156
[00:31:20] Bootstrap tree #886, logLikelihood: -18000.259624
[00:31:22] Bootstrap tree #887, logLikelihood: -18103.432250
[00:31:24] Bootstrap tree #888, logLikelihood: -18276.729834
[00:31:26] Bootstrap tree #889, logLikelihood: -17783.902411
[00:31:27] Bootstrap tree #890, logLikelihood: -17992.242420
[00:31:29] Bootstrap tree #891, logLikelihood: -18751.936675
[00:31:32] Bootstrap tree #892, logLikelihood: -17658.449615
[00:31:34] Bootstrap tree #893, logLikelihood: -17981.503359
[00:31:36] Bootstrap tree #894, logLikelihood: -17987.945383
[00:31:38] Bootstrap tree #895, logLikelihood: -17715.385139
[00:31:40] Bootstrap tree #896, logLikelihood: -18024.492511
[00:31:42] Bootstrap tree #897, logLikelihood: -18027.838573
[00:31:44] Bootstrap tree #898, logLikelihood: -17569.736766
[00:31:46] Bootstrap tree #899, logLikelihood: -17747.296810
[00:31:48] Bootstrap tree #900, logLikelihood: -18179.018666
[00:31:50] Bootstrap tree #901, logLikelihood: -18860.687664
[00:31:52] Bootstrap tree #902, logLikelihood: -17519.760079
[00:31:54] Bootstrap tree #903, logLikelihood: -17593.770846
[00:31:55] Bootstrap tree #904, logLikelihood: -18074.526758
[00:31:57] Bootstrap tree #905, logLikelihood: -17591.843380
[00:31:59] Bootstrap tree #906, logLikelihood: -17716.963382
[00:32:01] Bootstrap tree #907, logLikelihood: -18310.610014
[00:32:03] Bootstrap tree #908, logLikelihood: -18324.531098
[00:32:06] Bootstrap tree #909, logLikelihood: -18054.415704
[00:32:08] Bootstrap tree #910, logLikelihood: -18016.752916
[00:32:10] Bootstrap tree #911, logLikelihood: -18232.520669
[00:32:12] Bootstrap tree #912, logLikelihood: -17693.407715
[00:32:14] Bootstrap tree #913, logLikelihood: -17435.543379
[00:32:16] Bootstrap tree #914, logLikelihood: -17852.952846
[00:32:18] Bootstrap tree #915, logLikelihood: -17494.944555
[00:32:20] Bootstrap tree #916, logLikelihood: -18101.876636
[00:32:23] Bootstrap tree #917, logLikelihood: -18195.698056
[00:32:24] Bootstrap tree #918, logLikelihood: -18089.642193
[00:32:26] Bootstrap tree #919, logLikelihood: -18055.817452
[00:32:28] Bootstrap tree #920, logLikelihood: -18470.170187
[00:32:30] Bootstrap tree #921, logLikelihood: -17719.433851
[00:32:31] Bootstrap tree #922, logLikelihood: -18200.421901
[00:32:34] Bootstrap tree #923, logLikelihood: -18089.695973
[00:32:35] Bootstrap tree #924, logLikelihood: -17730.085813
[00:32:38] Bootstrap tree #925, logLikelihood: -18132.799277
[00:32:40] Bootstrap tree #926, logLikelihood: -18196.565614
[00:32:43] Bootstrap tree #927, logLikelihood: -18060.659687
[00:32:46] Bootstrap tree #928, logLikelihood: -17802.005500
[00:32:47] Bootstrap tree #929, logLikelihood: -18111.096192
[00:32:49] Bootstrap tree #930, logLikelihood: -18087.042705
[00:32:51] Bootstrap tree #931, logLikelihood: -17498.535689
[00:32:53] Bootstrap tree #932, logLikelihood: -17703.968445
[00:32:55] Bootstrap tree #933, logLikelihood: -18201.828711
[00:32:57] Bootstrap tree #934, logLikelihood: -18264.224553
[00:32:59] Bootstrap tree #935, logLikelihood: -18113.111456
[00:33:02] Bootstrap tree #936, logLikelihood: -17976.630933
[00:33:05] Bootstrap tree #937, logLikelihood: -18133.448611
[00:33:07] Bootstrap tree #938, logLikelihood: -18060.654446
[00:33:09] Bootstrap tree #939, logLikelihood: -17829.754338
[00:33:11] Bootstrap tree #940, logLikelihood: -17704.493344
[00:33:14] Bootstrap tree #941, logLikelihood: -18442.632241
[00:33:16] Bootstrap tree #942, logLikelihood: -17900.348000
[00:33:19] Bootstrap tree #943, logLikelihood: -18284.361039
[00:33:20] Bootstrap tree #944, logLikelihood: -17812.524560
[00:33:22] Bootstrap tree #945, logLikelihood: -18116.494324
[00:33:24] Bootstrap tree #946, logLikelihood: -17588.357602
[00:33:26] Bootstrap tree #947, logLikelihood: -17749.519665
[00:33:28] Bootstrap tree #948, logLikelihood: -17737.707946
[00:33:30] Bootstrap tree #949, logLikelihood: -17481.697940
[00:33:32] Bootstrap tree #950, logLikelihood: -18198.794508
[00:33:34] Bootstrap tree #951, logLikelihood: -17569.747617
[00:33:36] Bootstrap tree #952, logLikelihood: -18053.798710
[00:33:38] Bootstrap tree #953, logLikelihood: -17648.926862
[00:33:41] Bootstrap tree #954, logLikelihood: -17657.906354
[00:33:43] Bootstrap tree #955, logLikelihood: -18165.495452
[00:33:45] Bootstrap tree #956, logLikelihood: -18116.119946
[00:33:47] Bootstrap tree #957, logLikelihood: -18204.738280
[00:33:50] Bootstrap tree #958, logLikelihood: -17895.618681
[00:33:52] Bootstrap tree #959, logLikelihood: -18415.566995
[00:33:54] Bootstrap tree #960, logLikelihood: -17796.848506
[00:33:57] Bootstrap tree #961, logLikelihood: -18524.482731
[00:33:59] Bootstrap tree #962, logLikelihood: -17923.072972
[00:34:01] Bootstrap tree #963, logLikelihood: -18798.451672
[00:34:04] Bootstrap tree #964, logLikelihood: -18231.314943
[00:34:06] Bootstrap tree #965, logLikelihood: -17466.399738
[00:34:08] Bootstrap tree #966, logLikelihood: -17942.437767
[00:34:10] Bootstrap tree #967, logLikelihood: -17489.629203
[00:34:12] Bootstrap tree #968, logLikelihood: -17616.040677
[00:34:14] Bootstrap tree #969, logLikelihood: -17582.033522
[00:34:16] Bootstrap tree #970, logLikelihood: -18305.364904
[00:34:18] Bootstrap tree #971, logLikelihood: -18096.857448
[00:34:20] Bootstrap tree #972, logLikelihood: -17965.534939
[00:34:22] Bootstrap tree #973, logLikelihood: -17562.169090
[00:34:24] Bootstrap tree #974, logLikelihood: -18136.506501
[00:34:27] Bootstrap tree #975, logLikelihood: -17799.895186
[00:34:29] Bootstrap tree #976, logLikelihood: -17569.948382
[00:34:31] Bootstrap tree #977, logLikelihood: -18156.027771
[00:34:33] Bootstrap tree #978, logLikelihood: -17784.054294
[00:34:35] Bootstrap tree #979, logLikelihood: -17834.800769
[00:34:37] Bootstrap tree #980, logLikelihood: -17942.905834
[00:34:39] Bootstrap tree #981, logLikelihood: -17677.916010
[00:34:41] Bootstrap tree #982, logLikelihood: -18100.047347
[00:34:44] Bootstrap tree #983, logLikelihood: -17531.845252
[00:34:45] Bootstrap tree #984, logLikelihood: -18202.638041
[00:34:47] Bootstrap tree #985, logLikelihood: -17758.108857
[00:34:50] Bootstrap tree #986, logLikelihood: -18132.276599
[00:34:52] Bootstrap tree #987, logLikelihood: -17686.032688
[00:34:54] Bootstrap tree #988, logLikelihood: -17465.025036
[00:34:56] Bootstrap tree #989, logLikelihood: -17817.782878
[00:34:58] Bootstrap tree #990, logLikelihood: -18006.199474
[00:35:00] Bootstrap tree #991, logLikelihood: -17946.630172
[00:35:02] Bootstrap tree #992, logLikelihood: -17680.288001
[00:35:05] Bootstrap tree #993, logLikelihood: -17907.178581
[00:35:07] Bootstrap tree #994, logLikelihood: -18121.208568
[00:35:09] Bootstrap tree #995, logLikelihood: -18757.279243
[00:35:11] Bootstrap tree #996, logLikelihood: -17988.098155
[00:35:13] Bootstrap tree #997, logLikelihood: -18232.798744
[00:35:15] Bootstrap tree #998, logLikelihood: -17771.836995
[00:35:17] Bootstrap tree #999, logLikelihood: -18047.715950
[00:35:19] Bootstrap tree #1000, logLikelihood: -18059.750141

Optimized model parameters:

   Partition 0: noname
   Rate heterogeneity: GAMMA (4 cats, mean),  alpha: 3.832108 (ML),  weights&rates: (0.250000,0.444894) (0.250000,0.769196) (0.250000,1.084388) (0.250000,1.701522) 
   Base frequencies (ML): 0.287655 0.209211 0.251577 0.251557 
   Substitution rates (ML): 1.313275 2.768876 0.885128 0.987838 2.522795 1.000000 


Final LogLikelihood: -18054.548500

AIC score: 36193.097000 / AICc score: 36196.005213 / BIC score: 36409.754588
Free parameters (model + branch lengths): 42

Best ML tree saved to: /home/seddik/Documents/Synesth/iter6/all_Cas_trees/Cas5/Tree.raxml.bestTree
All ML trees saved to: /home/seddik/Documents/Synesth/iter6/all_Cas_trees/Cas5/Tree.raxml.mlTrees
Best ML tree with Felsenstein bootstrap (FBP) support values saved to: /home/seddik/Documents/Synesth/iter6/all_Cas_trees/Cas5/Tree.raxml.support
Optimized model saved to: /home/seddik/Documents/Synesth/iter6/all_Cas_trees/Cas5/Tree.raxml.bestModel
Bootstrap trees saved to: /home/seddik/Documents/Synesth/iter6/all_Cas_trees/Cas5/Tree.raxml.bootstraps

Execution log saved to: /home/seddik/Documents/Synesth/iter6/all_Cas_trees/Cas5/Tree.raxml.log

Analysis started: 30-Jul-2024 13:47:09 / finished: 30-Jul-2024 14:22:28

Elapsed time: 2119.125 seconds

