
RAxML-NG v. 0.9.0 released on 20.05.2019 by The Exelixis Lab.
Developed by: Alexey M. Kozlov and Alexandros Stamatakis.
Contributors: Diego Darriba, Tomas Flouri, Benoit Morel, Sarah Lutteropp, Ben Bettisworth.
Latest version: https://github.com/amkozlov/raxml-ng
Questions/problems/suggestions? Please visit: https://groups.google.com/forum/#!forum/raxml

RAxML-NG was called at 30-Jul-2024 13:18:12 as follows:

raxml-ng --all --msa all_Cas_aligned/all_Cas4_aligned.fna --model GTR+G --bs-trees 1000 --threads 4 --prefix all_Cas_trees/Cas4/Tree

Analysis options:
  run mode: ML tree search + bootstrapping (Felsenstein Bootstrap)
  start tree(s): random (10) + parsimony (10)
  bootstrap replicates: 1000
  random seed: 1722359892
  tip-inner: OFF
  pattern compression: ON
  per-rate scalers: OFF
  site repeats: ON
  branch lengths: proportional (ML estimate, algorithm: NR-FAST)
  SIMD kernels: AVX2
  parallelization: PTHREADS (4 threads), thread pinning: OFF

[00:00:00] Reading alignment from file: all_Cas_aligned/all_Cas4_aligned.fna
[00:00:00] Loaded alignment with 18 taxa and 1164 sites

Alignment comprises 1 partitions and 1043 patterns

Partition 0: noname
Model: GTR+FO+G4m
Alignment sites / patterns: 1164 / 1043
Gaps: 40.01 %
Invariant sites: 11.68 %


NOTE: Binary MSA file created: all_Cas_trees/Cas4/Tree.raxml.rba

[00:00:00] Generating 10 random starting tree(s) with 18 taxa
[00:00:00] Generating 10 parsimony starting tree(s) with 18 taxa
[00:00:00] Data distribution: max. partitions/sites/weight per thread: 1 / 261 / 4176

Starting ML tree search with 20 distinct starting trees

[00:00:02] ML tree search #1, logLikelihood: -15370.463834
[00:00:04] ML tree search #2, logLikelihood: -15370.502770
[00:00:05] ML tree search #3, logLikelihood: -15370.478083
[00:00:07] ML tree search #4, logLikelihood: -15370.472528
[00:00:09] ML tree search #5, logLikelihood: -15370.473756
[00:00:11] ML tree search #6, logLikelihood: -15370.501587
[00:00:13] ML tree search #7, logLikelihood: -15371.119498
[00:00:17] ML tree search #8, logLikelihood: -15370.470869
[00:00:19] ML tree search #9, logLikelihood: -15370.506809
[00:00:21] ML tree search #10, logLikelihood: -15370.481126
[00:00:22] ML tree search #11, logLikelihood: -15370.490947
[00:00:24] ML tree search #12, logLikelihood: -15370.482652
[00:00:26] ML tree search #13, logLikelihood: -15370.502267
[00:00:28] ML tree search #14, logLikelihood: -15370.482060
[00:00:29] ML tree search #15, logLikelihood: -15370.488616
[00:00:31] ML tree search #16, logLikelihood: -15370.480101
[00:00:33] ML tree search #17, logLikelihood: -15370.477998
[00:00:35] ML tree search #18, logLikelihood: -15370.475580
[00:00:37] ML tree search #19, logLikelihood: -15370.517437
[00:00:39] ML tree search #20, logLikelihood: -15370.499923

[00:00:39] ML tree search completed, best tree logLH: -15370.463834

[00:00:39] Starting bootstrapping analysis with 1000 replicates.

[00:00:40] Bootstrap tree #1, logLikelihood: -15456.055172
[00:00:42] Bootstrap tree #2, logLikelihood: -15895.797493
[00:00:43] Bootstrap tree #3, logLikelihood: -14910.493735
[00:00:44] Bootstrap tree #4, logLikelihood: -15061.199943
[00:00:46] Bootstrap tree #5, logLikelihood: -15464.087097
[00:00:48] Bootstrap tree #6, logLikelihood: -15546.477632
[00:00:50] Bootstrap tree #7, logLikelihood: -15597.326670
[00:00:52] Bootstrap tree #8, logLikelihood: -15640.390706
[00:00:53] Bootstrap tree #9, logLikelihood: -15549.985244
[00:00:55] Bootstrap tree #10, logLikelihood: -15519.790632
[00:00:57] Bootstrap tree #11, logLikelihood: -15601.185302
[00:00:58] Bootstrap tree #12, logLikelihood: -15480.629019
[00:01:00] Bootstrap tree #13, logLikelihood: -15374.700346
[00:01:02] Bootstrap tree #14, logLikelihood: -15272.241373
[00:01:04] Bootstrap tree #15, logLikelihood: -15292.147723
[00:01:05] Bootstrap tree #16, logLikelihood: -15293.024186
[00:01:07] Bootstrap tree #17, logLikelihood: -15413.045132
[00:01:09] Bootstrap tree #18, logLikelihood: -15266.843521
[00:01:10] Bootstrap tree #19, logLikelihood: -15313.580687
[00:01:12] Bootstrap tree #20, logLikelihood: -15393.179298
[00:01:14] Bootstrap tree #21, logLikelihood: -14853.305955
[00:01:15] Bootstrap tree #22, logLikelihood: -15294.091797
[00:01:17] Bootstrap tree #23, logLikelihood: -15511.440179
[00:01:18] Bootstrap tree #24, logLikelihood: -15385.276423
[00:01:20] Bootstrap tree #25, logLikelihood: -15274.970416
[00:01:21] Bootstrap tree #26, logLikelihood: -15086.660678
[00:01:22] Bootstrap tree #27, logLikelihood: -15307.038472
[00:01:25] Bootstrap tree #28, logLikelihood: -15308.821784
[00:01:26] Bootstrap tree #29, logLikelihood: -15501.656619
[00:01:28] Bootstrap tree #30, logLikelihood: -15290.063065
[00:01:29] Bootstrap tree #31, logLikelihood: -15726.350200
[00:01:31] Bootstrap tree #32, logLikelihood: -15638.325089
[00:01:32] Bootstrap tree #33, logLikelihood: -15833.340874
[00:01:34] Bootstrap tree #34, logLikelihood: -15734.169487
[00:01:37] Bootstrap tree #35, logLikelihood: -15044.528386
[00:01:38] Bootstrap tree #36, logLikelihood: -15279.862180
[00:01:40] Bootstrap tree #37, logLikelihood: -15372.979444
[00:01:41] Bootstrap tree #38, logLikelihood: -15501.094870
[00:01:43] Bootstrap tree #39, logLikelihood: -15038.011189
[00:01:45] Bootstrap tree #40, logLikelihood: -15893.672889
[00:01:47] Bootstrap tree #41, logLikelihood: -15160.234179
[00:01:49] Bootstrap tree #42, logLikelihood: -15218.495450
[00:01:50] Bootstrap tree #43, logLikelihood: -15523.402386
[00:01:52] Bootstrap tree #44, logLikelihood: -15392.174773
[00:01:54] Bootstrap tree #45, logLikelihood: -15419.106937
[00:01:55] Bootstrap tree #46, logLikelihood: -15661.702543
[00:01:57] Bootstrap tree #47, logLikelihood: -15304.870276
[00:01:59] Bootstrap tree #48, logLikelihood: -15295.631293
[00:02:00] Bootstrap tree #49, logLikelihood: -15335.227992
[00:02:02] Bootstrap tree #50, logLikelihood: -15236.342294
[00:02:04] Bootstrap tree #51, logLikelihood: -14750.554985
[00:02:05] Bootstrap tree #52, logLikelihood: -15577.649459
[00:02:07] Bootstrap tree #53, logLikelihood: -15237.943786
[00:02:08] Bootstrap tree #54, logLikelihood: -15173.292660
[00:02:10] Bootstrap tree #55, logLikelihood: -15545.556397
[00:02:12] Bootstrap tree #56, logLikelihood: -15250.326783
[00:02:13] Bootstrap tree #57, logLikelihood: -14780.956244
[00:02:15] Bootstrap tree #58, logLikelihood: -15839.858136
[00:02:18] Bootstrap tree #59, logLikelihood: -14996.914584
[00:02:20] Bootstrap tree #60, logLikelihood: -15356.863335
[00:02:22] Bootstrap tree #61, logLikelihood: -15265.791191
[00:02:23] Bootstrap tree #62, logLikelihood: -15474.227136
[00:02:25] Bootstrap tree #63, logLikelihood: -15370.540835
[00:02:27] Bootstrap tree #64, logLikelihood: -15216.837186
[00:02:28] Bootstrap tree #65, logLikelihood: -15266.492365
[00:02:30] Bootstrap tree #66, logLikelihood: -14976.698127
[00:02:32] Bootstrap tree #67, logLikelihood: -15306.558763
[00:02:34] Bootstrap tree #68, logLikelihood: -15287.922621
[00:02:36] Bootstrap tree #69, logLikelihood: -15387.446374
[00:02:38] Bootstrap tree #70, logLikelihood: -15489.207305
[00:02:40] Bootstrap tree #71, logLikelihood: -15411.770296
[00:02:41] Bootstrap tree #72, logLikelihood: -15202.914516
[00:02:43] Bootstrap tree #73, logLikelihood: -15637.108283
[00:02:45] Bootstrap tree #74, logLikelihood: -14686.049241
[00:02:47] Bootstrap tree #75, logLikelihood: -15502.752858
[00:02:48] Bootstrap tree #76, logLikelihood: -15384.325532
[00:02:50] Bootstrap tree #77, logLikelihood: -15501.254875
[00:02:52] Bootstrap tree #78, logLikelihood: -15212.069721
[00:02:53] Bootstrap tree #79, logLikelihood: -14914.904863
[00:02:55] Bootstrap tree #80, logLikelihood: -15364.363684
[00:02:57] Bootstrap tree #81, logLikelihood: -15006.801230
[00:02:59] Bootstrap tree #82, logLikelihood: -15609.714742
[00:03:00] Bootstrap tree #83, logLikelihood: -15282.881373
[00:03:02] Bootstrap tree #84, logLikelihood: -15690.625332
[00:03:03] Bootstrap tree #85, logLikelihood: -15249.463611
[00:03:05] Bootstrap tree #86, logLikelihood: -15378.384163
[00:03:06] Bootstrap tree #87, logLikelihood: -15383.889249
[00:03:09] Bootstrap tree #88, logLikelihood: -15037.857339
[00:03:11] Bootstrap tree #89, logLikelihood: -15324.881156
[00:03:12] Bootstrap tree #90, logLikelihood: -15371.464530
[00:03:14] Bootstrap tree #91, logLikelihood: -15912.978328
[00:03:16] Bootstrap tree #92, logLikelihood: -15139.805554
[00:03:17] Bootstrap tree #93, logLikelihood: -15317.817294
[00:03:19] Bootstrap tree #94, logLikelihood: -15236.924882
[00:03:20] Bootstrap tree #95, logLikelihood: -15459.349343
[00:03:22] Bootstrap tree #96, logLikelihood: -15245.341176
[00:03:24] Bootstrap tree #97, logLikelihood: -14650.083249
[00:03:25] Bootstrap tree #98, logLikelihood: -15394.725008
[00:03:26] Bootstrap tree #99, logLikelihood: -15207.570588
[00:03:28] Bootstrap tree #100, logLikelihood: -15344.926797
[00:03:29] Bootstrap tree #101, logLikelihood: -15783.376847
[00:03:32] Bootstrap tree #102, logLikelihood: -15399.254696
[00:03:34] Bootstrap tree #103, logLikelihood: -15145.220731
[00:03:35] Bootstrap tree #104, logLikelihood: -15193.780582
[00:03:37] Bootstrap tree #105, logLikelihood: -15326.519848
[00:03:38] Bootstrap tree #106, logLikelihood: -15330.279698
[00:03:40] Bootstrap tree #107, logLikelihood: -15415.238965
[00:03:42] Bootstrap tree #108, logLikelihood: -15593.562251
[00:03:43] Bootstrap tree #109, logLikelihood: -15006.701462
[00:03:45] Bootstrap tree #110, logLikelihood: -15119.962297
[00:03:47] Bootstrap tree #111, logLikelihood: -15571.493817
[00:03:48] Bootstrap tree #112, logLikelihood: -14831.211552
[00:03:50] Bootstrap tree #113, logLikelihood: -15083.966295
[00:03:52] Bootstrap tree #114, logLikelihood: -15180.615682
[00:03:53] Bootstrap tree #115, logLikelihood: -15686.217631
[00:03:55] Bootstrap tree #116, logLikelihood: -15091.156376
[00:03:57] Bootstrap tree #117, logLikelihood: -15322.446505
[00:03:58] Bootstrap tree #118, logLikelihood: -15033.314589
[00:04:00] Bootstrap tree #119, logLikelihood: -15137.976101
[00:04:02] Bootstrap tree #120, logLikelihood: -15482.504426
[00:04:04] Bootstrap tree #121, logLikelihood: -15748.057826
[00:04:05] Bootstrap tree #122, logLikelihood: -15061.581407
[00:04:07] Bootstrap tree #123, logLikelihood: -14879.705878
[00:04:09] Bootstrap tree #124, logLikelihood: -15404.266296
[00:04:10] Bootstrap tree #125, logLikelihood: -15086.744157
[00:04:12] Bootstrap tree #126, logLikelihood: -15254.725509
[00:04:13] Bootstrap tree #127, logLikelihood: -15172.519065
[00:04:14] Bootstrap tree #128, logLikelihood: -15211.013709
[00:04:16] Bootstrap tree #129, logLikelihood: -15044.689802
[00:04:18] Bootstrap tree #130, logLikelihood: -15048.091981
[00:04:19] Bootstrap tree #131, logLikelihood: -15459.803925
[00:04:21] Bootstrap tree #132, logLikelihood: -15445.590574
[00:04:23] Bootstrap tree #133, logLikelihood: -15115.922533
[00:04:24] Bootstrap tree #134, logLikelihood: -15196.883843
[00:04:26] Bootstrap tree #135, logLikelihood: -14988.094226
[00:04:28] Bootstrap tree #136, logLikelihood: -15436.801706
[00:04:30] Bootstrap tree #137, logLikelihood: -14613.917552
[00:04:32] Bootstrap tree #138, logLikelihood: -15329.328717
[00:04:34] Bootstrap tree #139, logLikelihood: -15439.025455
[00:04:35] Bootstrap tree #140, logLikelihood: -15382.036771
[00:04:37] Bootstrap tree #141, logLikelihood: -15285.187575
[00:04:39] Bootstrap tree #142, logLikelihood: -15259.732222
[00:04:40] Bootstrap tree #143, logLikelihood: -15279.596798
[00:04:42] Bootstrap tree #144, logLikelihood: -15224.864999
[00:04:44] Bootstrap tree #145, logLikelihood: -15547.031785
[00:04:45] Bootstrap tree #146, logLikelihood: -16000.544108
[00:04:47] Bootstrap tree #147, logLikelihood: -15187.393459
[00:04:48] Bootstrap tree #148, logLikelihood: -15754.903361
[00:04:50] Bootstrap tree #149, logLikelihood: -15652.354345
[00:04:51] Bootstrap tree #150, logLikelihood: -14514.824953
[00:04:53] Bootstrap tree #151, logLikelihood: -15613.502162
[00:04:55] Bootstrap tree #152, logLikelihood: -15167.717386
[00:04:57] Bootstrap tree #153, logLikelihood: -15168.120909
[00:04:58] Bootstrap tree #154, logLikelihood: -14731.499546
[00:05:00] Bootstrap tree #155, logLikelihood: -15370.023393
[00:05:02] Bootstrap tree #156, logLikelihood: -15138.109481
[00:05:04] Bootstrap tree #157, logLikelihood: -15500.941061
[00:05:05] Bootstrap tree #158, logLikelihood: -15552.928210
[00:05:07] Bootstrap tree #159, logLikelihood: -15054.550705
[00:05:09] Bootstrap tree #160, logLikelihood: -15561.803417
[00:05:10] Bootstrap tree #161, logLikelihood: -15402.075413
[00:05:11] Bootstrap tree #162, logLikelihood: -14727.016216
[00:05:13] Bootstrap tree #163, logLikelihood: -15369.996501
[00:05:15] Bootstrap tree #164, logLikelihood: -15221.878666
[00:05:17] Bootstrap tree #165, logLikelihood: -15194.105793
[00:05:19] Bootstrap tree #166, logLikelihood: -15225.834174
[00:05:20] Bootstrap tree #167, logLikelihood: -15090.224760
[00:05:22] Bootstrap tree #168, logLikelihood: -15717.001638
[00:05:24] Bootstrap tree #169, logLikelihood: -15690.131852
[00:05:25] Bootstrap tree #170, logLikelihood: -15294.429001
[00:05:27] Bootstrap tree #171, logLikelihood: -15914.726197
[00:05:29] Bootstrap tree #172, logLikelihood: -15369.635214
[00:05:30] Bootstrap tree #173, logLikelihood: -15314.921359
[00:05:32] Bootstrap tree #174, logLikelihood: -15284.032765
[00:05:34] Bootstrap tree #175, logLikelihood: -15364.607094
[00:05:35] Bootstrap tree #176, logLikelihood: -15247.301824
[00:05:37] Bootstrap tree #177, logLikelihood: -15304.680544
[00:05:39] Bootstrap tree #178, logLikelihood: -15684.367993
[00:05:40] Bootstrap tree #179, logLikelihood: -15287.308675
[00:05:42] Bootstrap tree #180, logLikelihood: -15384.231703
[00:05:44] Bootstrap tree #181, logLikelihood: -15095.879169
[00:05:46] Bootstrap tree #182, logLikelihood: -15370.000800
[00:05:48] Bootstrap tree #183, logLikelihood: -15799.155815
[00:05:50] Bootstrap tree #184, logLikelihood: -15309.164493
[00:05:51] Bootstrap tree #185, logLikelihood: -15329.026746
[00:05:53] Bootstrap tree #186, logLikelihood: -15228.194178
[00:05:55] Bootstrap tree #187, logLikelihood: -15881.480632
[00:05:57] Bootstrap tree #188, logLikelihood: -15727.732728
[00:05:59] Bootstrap tree #189, logLikelihood: -15073.732335
[00:06:01] Bootstrap tree #190, logLikelihood: -15113.868372
[00:06:02] Bootstrap tree #191, logLikelihood: -15543.323164
[00:06:04] Bootstrap tree #192, logLikelihood: -15626.125694
[00:06:06] Bootstrap tree #193, logLikelihood: -15202.163940
[00:06:07] Bootstrap tree #194, logLikelihood: -15027.097627
[00:06:09] Bootstrap tree #195, logLikelihood: -15067.918421
[00:06:11] Bootstrap tree #196, logLikelihood: -15611.406678
[00:06:13] Bootstrap tree #197, logLikelihood: -15543.864087
[00:06:15] Bootstrap tree #198, logLikelihood: -15689.278960
[00:06:17] Bootstrap tree #199, logLikelihood: -15280.363752
[00:06:19] Bootstrap tree #200, logLikelihood: -15415.259340
[00:06:20] Bootstrap tree #201, logLikelihood: -14846.060976
[00:06:23] Bootstrap tree #202, logLikelihood: -15170.220011
[00:06:24] Bootstrap tree #203, logLikelihood: -15449.219786
[00:06:26] Bootstrap tree #204, logLikelihood: -15631.135269
[00:06:28] Bootstrap tree #205, logLikelihood: -15593.840081
[00:06:30] Bootstrap tree #206, logLikelihood: -15229.670992
[00:06:31] Bootstrap tree #207, logLikelihood: -14856.075977
[00:06:33] Bootstrap tree #208, logLikelihood: -15340.114526
[00:06:34] Bootstrap tree #209, logLikelihood: -15607.495212
[00:06:36] Bootstrap tree #210, logLikelihood: -15311.274579
[00:06:38] Bootstrap tree #211, logLikelihood: -14904.928956
[00:06:39] Bootstrap tree #212, logLikelihood: -15309.530824
[00:06:41] Bootstrap tree #213, logLikelihood: -15261.588558
[00:06:42] Bootstrap tree #214, logLikelihood: -14803.804028
[00:06:44] Bootstrap tree #215, logLikelihood: -15611.109520
[00:06:45] Bootstrap tree #216, logLikelihood: -14968.236299
[00:06:47] Bootstrap tree #217, logLikelihood: -15574.057746
[00:06:48] Bootstrap tree #218, logLikelihood: -15182.143473
[00:06:49] Bootstrap tree #219, logLikelihood: -15582.522530
[00:06:51] Bootstrap tree #220, logLikelihood: -15387.997872
[00:06:52] Bootstrap tree #221, logLikelihood: -15234.471291
[00:06:54] Bootstrap tree #222, logLikelihood: -15390.354990
[00:06:55] Bootstrap tree #223, logLikelihood: -15275.744284
[00:06:56] Bootstrap tree #224, logLikelihood: -14915.777663
[00:06:58] Bootstrap tree #225, logLikelihood: -15840.849314
[00:07:00] Bootstrap tree #226, logLikelihood: -15268.117697
[00:07:01] Bootstrap tree #227, logLikelihood: -15257.050499
[00:07:03] Bootstrap tree #228, logLikelihood: -15126.496975
[00:07:04] Bootstrap tree #229, logLikelihood: -15193.433323
[00:07:06] Bootstrap tree #230, logLikelihood: -15456.060610
[00:07:07] Bootstrap tree #231, logLikelihood: -14715.981306
[00:07:09] Bootstrap tree #232, logLikelihood: -15394.457672
[00:07:10] Bootstrap tree #233, logLikelihood: -15392.558009
[00:07:12] Bootstrap tree #234, logLikelihood: -15604.193232
[00:07:14] Bootstrap tree #235, logLikelihood: -15286.408702
[00:07:15] Bootstrap tree #236, logLikelihood: -15700.976854
[00:07:17] Bootstrap tree #237, logLikelihood: -15201.332323
[00:07:19] Bootstrap tree #238, logLikelihood: -14968.751110
[00:07:20] Bootstrap tree #239, logLikelihood: -15373.524374
[00:07:23] Bootstrap tree #240, logLikelihood: -15710.354968
[00:07:24] Bootstrap tree #241, logLikelihood: -15580.915709
[00:07:26] Bootstrap tree #242, logLikelihood: -15603.403471
[00:07:28] Bootstrap tree #243, logLikelihood: -15233.822107
[00:07:29] Bootstrap tree #244, logLikelihood: -15568.336267
[00:07:31] Bootstrap tree #245, logLikelihood: -15134.509325
[00:07:33] Bootstrap tree #246, logLikelihood: -15594.453715
[00:07:34] Bootstrap tree #247, logLikelihood: -15380.917683
[00:07:36] Bootstrap tree #248, logLikelihood: -15679.695108
[00:07:37] Bootstrap tree #249, logLikelihood: -15670.203667
[00:07:39] Bootstrap tree #250, logLikelihood: -15828.187392
[00:07:41] Bootstrap tree #251, logLikelihood: -15606.212165
[00:07:43] Bootstrap tree #252, logLikelihood: -15439.678171
[00:07:45] Bootstrap tree #253, logLikelihood: -15296.928634
[00:07:47] Bootstrap tree #254, logLikelihood: -15640.755322
[00:07:48] Bootstrap tree #255, logLikelihood: -15374.142194
[00:07:50] Bootstrap tree #256, logLikelihood: -15316.823700
[00:07:52] Bootstrap tree #257, logLikelihood: -15422.037057
[00:07:53] Bootstrap tree #258, logLikelihood: -15144.827410
[00:07:55] Bootstrap tree #259, logLikelihood: -15231.001934
[00:07:57] Bootstrap tree #260, logLikelihood: -15286.611863
[00:07:58] Bootstrap tree #261, logLikelihood: -15109.866175
[00:08:00] Bootstrap tree #262, logLikelihood: -15528.471902
[00:08:02] Bootstrap tree #263, logLikelihood: -15590.774744
[00:08:03] Bootstrap tree #264, logLikelihood: -15664.825552
[00:08:05] Bootstrap tree #265, logLikelihood: -15288.346019
[00:08:06] Bootstrap tree #266, logLikelihood: -16038.727525
[00:08:08] Bootstrap tree #267, logLikelihood: -14946.796567
[00:08:10] Bootstrap tree #268, logLikelihood: -15465.477723
[00:08:11] Bootstrap tree #269, logLikelihood: -15428.834502
[00:08:13] Bootstrap tree #270, logLikelihood: -15086.825428
[00:08:14] Bootstrap tree #271, logLikelihood: -15327.431095
[00:08:15] Bootstrap tree #272, logLikelihood: -15586.339681
[00:08:17] Bootstrap tree #273, logLikelihood: -15083.079886
[00:08:19] Bootstrap tree #274, logLikelihood: -15471.598706
[00:08:21] Bootstrap tree #275, logLikelihood: -15245.311171
[00:08:23] Bootstrap tree #276, logLikelihood: -15547.216426
[00:08:25] Bootstrap tree #277, logLikelihood: -15583.785538
[00:08:27] Bootstrap tree #278, logLikelihood: -15828.378565
[00:08:29] Bootstrap tree #279, logLikelihood: -15282.144191
[00:08:31] Bootstrap tree #280, logLikelihood: -15439.040338
[00:08:33] Bootstrap tree #281, logLikelihood: -15548.992586
[00:08:34] Bootstrap tree #282, logLikelihood: -14948.210946
[00:08:36] Bootstrap tree #283, logLikelihood: -14857.781010
[00:08:38] Bootstrap tree #284, logLikelihood: -14991.073166
[00:08:40] Bootstrap tree #285, logLikelihood: -15309.720580
[00:08:42] Bootstrap tree #286, logLikelihood: -15018.119214
[00:08:43] Bootstrap tree #287, logLikelihood: -15316.399452
[00:08:44] Bootstrap tree #288, logLikelihood: -15180.254879
[00:08:46] Bootstrap tree #289, logLikelihood: -15300.757584
[00:08:48] Bootstrap tree #290, logLikelihood: -15251.211239
[00:08:49] Bootstrap tree #291, logLikelihood: -15091.429960
[00:08:51] Bootstrap tree #292, logLikelihood: -15523.883098
[00:08:53] Bootstrap tree #293, logLikelihood: -15544.901464
[00:08:55] Bootstrap tree #294, logLikelihood: -15280.619462
[00:08:56] Bootstrap tree #295, logLikelihood: -15907.363934
[00:08:57] Bootstrap tree #296, logLikelihood: -15224.998833
[00:08:59] Bootstrap tree #297, logLikelihood: -15183.577621
[00:09:00] Bootstrap tree #298, logLikelihood: -15468.334354
[00:09:02] Bootstrap tree #299, logLikelihood: -15713.002626
[00:09:04] Bootstrap tree #300, logLikelihood: -15214.731815
[00:09:05] Bootstrap tree #301, logLikelihood: -15000.523623
[00:09:06] Bootstrap tree #302, logLikelihood: -15419.711702
[00:09:08] Bootstrap tree #303, logLikelihood: -15354.794344
[00:09:09] Bootstrap tree #304, logLikelihood: -15732.515058
[00:09:10] Bootstrap tree #305, logLikelihood: -15080.366774
[00:09:11] Bootstrap tree #306, logLikelihood: -15346.162545
[00:09:13] Bootstrap tree #307, logLikelihood: -15020.482734
[00:09:15] Bootstrap tree #308, logLikelihood: -15239.596979
[00:09:16] Bootstrap tree #309, logLikelihood: -15543.756250
[00:09:18] Bootstrap tree #310, logLikelihood: -15631.662661
[00:09:20] Bootstrap tree #311, logLikelihood: -15263.668436
[00:09:21] Bootstrap tree #312, logLikelihood: -15325.959939
[00:09:22] Bootstrap tree #313, logLikelihood: -15750.541066
[00:09:25] Bootstrap tree #314, logLikelihood: -15216.766579
[00:09:27] Bootstrap tree #315, logLikelihood: -15306.986026
[00:09:28] Bootstrap tree #316, logLikelihood: -15264.655093
[00:09:29] Bootstrap tree #317, logLikelihood: -15274.426947
[00:09:31] Bootstrap tree #318, logLikelihood: -14740.287919
[00:09:33] Bootstrap tree #319, logLikelihood: -15255.029046
[00:09:34] Bootstrap tree #320, logLikelihood: -15442.901617
[00:09:36] Bootstrap tree #321, logLikelihood: -15309.984221
[00:09:38] Bootstrap tree #322, logLikelihood: -15422.602577
[00:09:40] Bootstrap tree #323, logLikelihood: -15218.531376
[00:09:42] Bootstrap tree #324, logLikelihood: -15311.606065
[00:09:43] Bootstrap tree #325, logLikelihood: -15481.779161
[00:09:45] Bootstrap tree #326, logLikelihood: -15099.609249
[00:09:46] Bootstrap tree #327, logLikelihood: -15052.163000
[00:09:48] Bootstrap tree #328, logLikelihood: -15259.951290
[00:09:49] Bootstrap tree #329, logLikelihood: -15848.050225
[00:09:51] Bootstrap tree #330, logLikelihood: -15470.727974
[00:09:52] Bootstrap tree #331, logLikelihood: -15427.530087
[00:09:54] Bootstrap tree #332, logLikelihood: -14941.860562
[00:09:56] Bootstrap tree #333, logLikelihood: -15317.322443
[00:09:57] Bootstrap tree #334, logLikelihood: -15782.875086
[00:09:59] Bootstrap tree #335, logLikelihood: -15328.778156
[00:10:01] Bootstrap tree #336, logLikelihood: -14994.243078
[00:10:02] Bootstrap tree #337, logLikelihood: -15528.477549
[00:10:04] Bootstrap tree #338, logLikelihood: -15688.471409
[00:10:06] Bootstrap tree #339, logLikelihood: -15343.860495
[00:10:08] Bootstrap tree #340, logLikelihood: -15357.976030
[00:10:09] Bootstrap tree #341, logLikelihood: -15372.512766
[00:10:11] Bootstrap tree #342, logLikelihood: -14986.908440
[00:10:14] Bootstrap tree #343, logLikelihood: -15306.968909
[00:10:15] Bootstrap tree #344, logLikelihood: -15256.150386
[00:10:17] Bootstrap tree #345, logLikelihood: -15518.210372
[00:10:19] Bootstrap tree #346, logLikelihood: -15452.401599
[00:10:21] Bootstrap tree #347, logLikelihood: -15805.454712
[00:10:22] Bootstrap tree #348, logLikelihood: -15207.310283
[00:10:24] Bootstrap tree #349, logLikelihood: -15195.388677
[00:10:26] Bootstrap tree #350, logLikelihood: -15504.632051
[00:10:27] Bootstrap tree #351, logLikelihood: -15525.850931
[00:10:29] Bootstrap tree #352, logLikelihood: -15533.139555
[00:10:30] Bootstrap tree #353, logLikelihood: -15064.405838
[00:10:32] Bootstrap tree #354, logLikelihood: -15187.239395
[00:10:34] Bootstrap tree #355, logLikelihood: -15238.332386
[00:10:35] Bootstrap tree #356, logLikelihood: -15171.448023
[00:10:37] Bootstrap tree #357, logLikelihood: -15645.700405
[00:10:39] Bootstrap tree #358, logLikelihood: -14938.434711
[00:10:41] Bootstrap tree #359, logLikelihood: -15572.089697
[00:10:43] Bootstrap tree #360, logLikelihood: -15284.009695
[00:10:45] Bootstrap tree #361, logLikelihood: -15586.823989
[00:10:46] Bootstrap tree #362, logLikelihood: -15179.789377
[00:10:48] Bootstrap tree #363, logLikelihood: -15664.252248
[00:10:49] Bootstrap tree #364, logLikelihood: -15425.419551
[00:10:50] Bootstrap tree #365, logLikelihood: -15632.423036
[00:10:52] Bootstrap tree #366, logLikelihood: -15020.783119
[00:10:54] Bootstrap tree #367, logLikelihood: -15529.184462
[00:10:56] Bootstrap tree #368, logLikelihood: -15146.906807
[00:10:58] Bootstrap tree #369, logLikelihood: -15623.187921
[00:11:00] Bootstrap tree #370, logLikelihood: -15201.755545
[00:11:02] Bootstrap tree #371, logLikelihood: -14948.403332
[00:11:04] Bootstrap tree #372, logLikelihood: -15969.654464
[00:11:05] Bootstrap tree #373, logLikelihood: -15272.068900
[00:11:07] Bootstrap tree #374, logLikelihood: -15284.123422
[00:11:09] Bootstrap tree #375, logLikelihood: -15725.154700
[00:11:10] Bootstrap tree #376, logLikelihood: -14829.184181
[00:11:12] Bootstrap tree #377, logLikelihood: -14977.627812
[00:11:13] Bootstrap tree #378, logLikelihood: -15598.443930
[00:11:15] Bootstrap tree #379, logLikelihood: -15037.185367
[00:11:17] Bootstrap tree #380, logLikelihood: -15166.326458
[00:11:18] Bootstrap tree #381, logLikelihood: -15198.937530
[00:11:20] Bootstrap tree #382, logLikelihood: -15828.442754
[00:11:21] Bootstrap tree #383, logLikelihood: -15467.874870
[00:11:23] Bootstrap tree #384, logLikelihood: -15029.772858
[00:11:25] Bootstrap tree #385, logLikelihood: -15794.984334
[00:11:27] Bootstrap tree #386, logLikelihood: -15473.199283
[00:11:28] Bootstrap tree #387, logLikelihood: -15062.558415
[00:11:29] Bootstrap tree #388, logLikelihood: -15251.054565
[00:11:32] Bootstrap tree #389, logLikelihood: -15698.122193
[00:11:33] Bootstrap tree #390, logLikelihood: -15420.796333
[00:11:35] Bootstrap tree #391, logLikelihood: -15125.770283
[00:11:37] Bootstrap tree #392, logLikelihood: -15045.646294
[00:11:39] Bootstrap tree #393, logLikelihood: -15378.377682
[00:11:40] Bootstrap tree #394, logLikelihood: -15055.714211
[00:11:41] Bootstrap tree #395, logLikelihood: -15147.888601
[00:11:43] Bootstrap tree #396, logLikelihood: -15264.578489
[00:11:45] Bootstrap tree #397, logLikelihood: -15645.908883
[00:11:47] Bootstrap tree #398, logLikelihood: -15380.160810
[00:11:48] Bootstrap tree #399, logLikelihood: -15469.085225
[00:11:50] Bootstrap tree #400, logLikelihood: -15766.924895
[00:11:51] Bootstrap tree #401, logLikelihood: -15072.290158
[00:11:52] Bootstrap tree #402, logLikelihood: -15431.319797
[00:11:54] Bootstrap tree #403, logLikelihood: -15347.145769
[00:11:55] Bootstrap tree #404, logLikelihood: -14986.181101
[00:11:57] Bootstrap tree #405, logLikelihood: -15135.579473
[00:11:58] Bootstrap tree #406, logLikelihood: -15471.481990
[00:11:59] Bootstrap tree #407, logLikelihood: -15355.055798
[00:12:02] Bootstrap tree #408, logLikelihood: -15692.702543
[00:12:04] Bootstrap tree #409, logLikelihood: -15424.649601
[00:12:05] Bootstrap tree #410, logLikelihood: -15399.606750
[00:12:07] Bootstrap tree #411, logLikelihood: -15358.018242
[00:12:09] Bootstrap tree #412, logLikelihood: -15545.357116
[00:12:10] Bootstrap tree #413, logLikelihood: -15921.147170
[00:12:13] Bootstrap tree #414, logLikelihood: -15692.954236
[00:12:14] Bootstrap tree #415, logLikelihood: -15426.747077
[00:12:16] Bootstrap tree #416, logLikelihood: -15425.707190
[00:12:18] Bootstrap tree #417, logLikelihood: -15856.069947
[00:12:20] Bootstrap tree #418, logLikelihood: -15479.952839
[00:12:21] Bootstrap tree #419, logLikelihood: -15278.676467
[00:12:23] Bootstrap tree #420, logLikelihood: -15461.700009
[00:12:25] Bootstrap tree #421, logLikelihood: -15084.383906
[00:12:26] Bootstrap tree #422, logLikelihood: -14688.998295
[00:12:28] Bootstrap tree #423, logLikelihood: -15603.248735
[00:12:30] Bootstrap tree #424, logLikelihood: -15231.412739
[00:12:32] Bootstrap tree #425, logLikelihood: -15583.704383
[00:12:34] Bootstrap tree #426, logLikelihood: -15298.127470
[00:12:36] Bootstrap tree #427, logLikelihood: -15565.301818
[00:12:38] Bootstrap tree #428, logLikelihood: -15175.246736
[00:12:40] Bootstrap tree #429, logLikelihood: -14852.204476
[00:12:42] Bootstrap tree #430, logLikelihood: -15378.271061
[00:12:43] Bootstrap tree #431, logLikelihood: -15201.284415
[00:12:45] Bootstrap tree #432, logLikelihood: -14982.059249
[00:12:47] Bootstrap tree #433, logLikelihood: -15713.342300
[00:12:48] Bootstrap tree #434, logLikelihood: -15566.195613
[00:12:50] Bootstrap tree #435, logLikelihood: -14827.650180
[00:12:52] Bootstrap tree #436, logLikelihood: -15185.349252
[00:12:53] Bootstrap tree #437, logLikelihood: -16170.102148
[00:12:55] Bootstrap tree #438, logLikelihood: -15711.864658
[00:12:57] Bootstrap tree #439, logLikelihood: -15094.408955
[00:12:58] Bootstrap tree #440, logLikelihood: -14952.764306
[00:13:00] Bootstrap tree #441, logLikelihood: -15436.686009
[00:13:02] Bootstrap tree #442, logLikelihood: -15535.531170
[00:13:03] Bootstrap tree #443, logLikelihood: -15444.748340
[00:13:06] Bootstrap tree #444, logLikelihood: -15534.988543
[00:13:08] Bootstrap tree #445, logLikelihood: -15594.185851
[00:13:09] Bootstrap tree #446, logLikelihood: -15302.934464
[00:13:11] Bootstrap tree #447, logLikelihood: -15637.776171
[00:13:13] Bootstrap tree #448, logLikelihood: -15464.752275
[00:13:15] Bootstrap tree #449, logLikelihood: -15393.723305
[00:13:18] Bootstrap tree #450, logLikelihood: -15650.258951
[00:13:20] Bootstrap tree #451, logLikelihood: -15698.596756
[00:13:21] Bootstrap tree #452, logLikelihood: -14871.008905
[00:13:23] Bootstrap tree #453, logLikelihood: -15724.696056
[00:13:24] Bootstrap tree #454, logLikelihood: -15359.159476
[00:13:26] Bootstrap tree #455, logLikelihood: -15057.966548
[00:13:28] Bootstrap tree #456, logLikelihood: -15125.533459
[00:13:30] Bootstrap tree #457, logLikelihood: -15270.972620
[00:13:32] Bootstrap tree #458, logLikelihood: -15860.996316
[00:13:33] Bootstrap tree #459, logLikelihood: -15479.803847
[00:13:35] Bootstrap tree #460, logLikelihood: -15236.966399
[00:13:37] Bootstrap tree #461, logLikelihood: -15407.143899
[00:13:38] Bootstrap tree #462, logLikelihood: -15594.950439
[00:13:40] Bootstrap tree #463, logLikelihood: -15900.675363
[00:13:42] Bootstrap tree #464, logLikelihood: -15383.659343
[00:13:44] Bootstrap tree #465, logLikelihood: -14449.385499
[00:13:46] Bootstrap tree #466, logLikelihood: -15367.029636
[00:13:48] Bootstrap tree #467, logLikelihood: -15295.613936
[00:13:50] Bootstrap tree #468, logLikelihood: -14950.663157
[00:13:52] Bootstrap tree #469, logLikelihood: -15149.341662
[00:13:53] Bootstrap tree #470, logLikelihood: -15133.416282
[00:13:55] Bootstrap tree #471, logLikelihood: -15461.429686
[00:13:56] Bootstrap tree #472, logLikelihood: -15435.059276
[00:13:58] Bootstrap tree #473, logLikelihood: -14862.332883
[00:14:00] Bootstrap tree #474, logLikelihood: -15403.180912
[00:14:02] Bootstrap tree #475, logLikelihood: -15172.261774
[00:14:03] Bootstrap tree #476, logLikelihood: -15387.094998
[00:14:05] Bootstrap tree #477, logLikelihood: -15111.221554
[00:14:07] Bootstrap tree #478, logLikelihood: -15002.397449
[00:14:09] Bootstrap tree #479, logLikelihood: -15270.648548
[00:14:10] Bootstrap tree #480, logLikelihood: -15646.255415
[00:14:12] Bootstrap tree #481, logLikelihood: -15787.447519
[00:14:14] Bootstrap tree #482, logLikelihood: -15424.812445
[00:14:15] Bootstrap tree #483, logLikelihood: -15800.529889
[00:14:17] Bootstrap tree #484, logLikelihood: -14894.399002
[00:14:19] Bootstrap tree #485, logLikelihood: -15620.862235
[00:14:20] Bootstrap tree #486, logLikelihood: -15321.191940
[00:14:22] Bootstrap tree #487, logLikelihood: -15757.179997
[00:14:23] Bootstrap tree #488, logLikelihood: -15310.459993
[00:14:25] Bootstrap tree #489, logLikelihood: -15337.279622
[00:14:26] Bootstrap tree #490, logLikelihood: -15485.649132
[00:14:28] Bootstrap tree #491, logLikelihood: -14812.047444
[00:14:30] Bootstrap tree #492, logLikelihood: -15410.443778
[00:14:32] Bootstrap tree #493, logLikelihood: -15850.029287
[00:14:33] Bootstrap tree #494, logLikelihood: -15203.655123
[00:14:34] Bootstrap tree #495, logLikelihood: -15219.588870
[00:14:36] Bootstrap tree #496, logLikelihood: -15324.060390
[00:14:38] Bootstrap tree #497, logLikelihood: -15553.006495
[00:14:39] Bootstrap tree #498, logLikelihood: -14986.757748
[00:14:41] Bootstrap tree #499, logLikelihood: -15410.122169
[00:14:44] Bootstrap tree #500, logLikelihood: -15456.200727
[00:14:45] Bootstrap tree #501, logLikelihood: -15272.807880
[00:14:46] Bootstrap tree #502, logLikelihood: -15464.749066
[00:14:48] Bootstrap tree #503, logLikelihood: -15750.876382
[00:14:50] Bootstrap tree #504, logLikelihood: -15536.356173
[00:14:51] Bootstrap tree #505, logLikelihood: -15415.149232
[00:14:53] Bootstrap tree #506, logLikelihood: -15457.637559
[00:14:55] Bootstrap tree #507, logLikelihood: -14880.525841
[00:14:56] Bootstrap tree #508, logLikelihood: -15196.277362
[00:14:57] Bootstrap tree #509, logLikelihood: -15161.865229
[00:14:59] Bootstrap tree #510, logLikelihood: -15321.537252
[00:15:01] Bootstrap tree #511, logLikelihood: -14806.036001
[00:15:03] Bootstrap tree #512, logLikelihood: -15953.898415
[00:15:05] Bootstrap tree #513, logLikelihood: -15773.249683
[00:15:07] Bootstrap tree #514, logLikelihood: -15564.537970
[00:15:08] Bootstrap tree #515, logLikelihood: -15337.735401
[00:15:10] Bootstrap tree #516, logLikelihood: -15479.074937
[00:15:11] Bootstrap tree #517, logLikelihood: -15730.258008
[00:15:13] Bootstrap tree #518, logLikelihood: -15350.737702
[00:15:14] Bootstrap tree #519, logLikelihood: -14897.403442
[00:15:16] Bootstrap tree #520, logLikelihood: -15033.442189
[00:15:18] Bootstrap tree #521, logLikelihood: -15619.982560
[00:15:19] Bootstrap tree #522, logLikelihood: -15328.419466
[00:15:21] Bootstrap tree #523, logLikelihood: -15232.180038
[00:15:23] Bootstrap tree #524, logLikelihood: -15207.977166
[00:15:25] Bootstrap tree #525, logLikelihood: -15069.931273
[00:15:26] Bootstrap tree #526, logLikelihood: -15202.957217
[00:15:28] Bootstrap tree #527, logLikelihood: -15273.305119
[00:15:29] Bootstrap tree #528, logLikelihood: -15628.499087
[00:15:31] Bootstrap tree #529, logLikelihood: -15576.139395
[00:15:32] Bootstrap tree #530, logLikelihood: -15410.648323
[00:15:34] Bootstrap tree #531, logLikelihood: -15101.796103
[00:15:35] Bootstrap tree #532, logLikelihood: -15893.852568
[00:15:36] Bootstrap tree #533, logLikelihood: -14905.576949
[00:15:38] Bootstrap tree #534, logLikelihood: -15070.594416
[00:15:40] Bootstrap tree #535, logLikelihood: -15109.170455
[00:15:41] Bootstrap tree #536, logLikelihood: -15780.964553
[00:15:43] Bootstrap tree #537, logLikelihood: -15222.292493
[00:15:45] Bootstrap tree #538, logLikelihood: -15275.750415
[00:15:47] Bootstrap tree #539, logLikelihood: -15537.773779
[00:15:48] Bootstrap tree #540, logLikelihood: -15385.945717
[00:15:50] Bootstrap tree #541, logLikelihood: -15643.119615
[00:15:51] Bootstrap tree #542, logLikelihood: -15435.140042
[00:15:53] Bootstrap tree #543, logLikelihood: -15354.088667
[00:15:54] Bootstrap tree #544, logLikelihood: -15373.205795
[00:15:56] Bootstrap tree #545, logLikelihood: -14952.564197
[00:15:59] Bootstrap tree #546, logLikelihood: -15516.630389
[00:16:01] Bootstrap tree #547, logLikelihood: -15457.120163
[00:16:03] Bootstrap tree #548, logLikelihood: -15245.736673
[00:16:05] Bootstrap tree #549, logLikelihood: -15106.339341
[00:16:07] Bootstrap tree #550, logLikelihood: -15648.372066
[00:16:08] Bootstrap tree #551, logLikelihood: -15655.013635
[00:16:10] Bootstrap tree #552, logLikelihood: -15750.620402
[00:16:11] Bootstrap tree #553, logLikelihood: -15590.912540
[00:16:13] Bootstrap tree #554, logLikelihood: -15695.417884
[00:16:14] Bootstrap tree #555, logLikelihood: -15424.894259
[00:16:17] Bootstrap tree #556, logLikelihood: -15769.945562
[00:16:18] Bootstrap tree #557, logLikelihood: -15262.897667
[00:16:20] Bootstrap tree #558, logLikelihood: -15240.216480
[00:16:22] Bootstrap tree #559, logLikelihood: -15430.835974
[00:16:24] Bootstrap tree #560, logLikelihood: -15192.127064
[00:16:25] Bootstrap tree #561, logLikelihood: -15576.243609
[00:16:27] Bootstrap tree #562, logLikelihood: -15518.465074
[00:16:29] Bootstrap tree #563, logLikelihood: -15423.225254
[00:16:30] Bootstrap tree #564, logLikelihood: -15122.216778
[00:16:32] Bootstrap tree #565, logLikelihood: -15002.445226
[00:16:33] Bootstrap tree #566, logLikelihood: -15270.245362
[00:16:35] Bootstrap tree #567, logLikelihood: -15253.963721
[00:16:36] Bootstrap tree #568, logLikelihood: -15312.318733
[00:16:37] Bootstrap tree #569, logLikelihood: -15308.471647
[00:16:39] Bootstrap tree #570, logLikelihood: -15141.726907
[00:16:41] Bootstrap tree #571, logLikelihood: -15307.149567
[00:16:43] Bootstrap tree #572, logLikelihood: -15436.216636
[00:16:45] Bootstrap tree #573, logLikelihood: -15465.732039
[00:16:47] Bootstrap tree #574, logLikelihood: -15343.111026
[00:16:48] Bootstrap tree #575, logLikelihood: -15064.003448
[00:16:50] Bootstrap tree #576, logLikelihood: -15177.767747
[00:16:52] Bootstrap tree #577, logLikelihood: -15311.788914
[00:16:54] Bootstrap tree #578, logLikelihood: -14678.372288
[00:16:56] Bootstrap tree #579, logLikelihood: -15152.966814
[00:16:57] Bootstrap tree #580, logLikelihood: -15015.147628
[00:16:59] Bootstrap tree #581, logLikelihood: -15309.679480
[00:17:00] Bootstrap tree #582, logLikelihood: -15017.478121
[00:17:03] Bootstrap tree #583, logLikelihood: -15490.856007
[00:17:04] Bootstrap tree #584, logLikelihood: -15289.375343
[00:17:06] Bootstrap tree #585, logLikelihood: -15615.165559
[00:17:08] Bootstrap tree #586, logLikelihood: -14672.580965
[00:17:09] Bootstrap tree #587, logLikelihood: -14898.357655
[00:17:10] Bootstrap tree #588, logLikelihood: -15308.806296
[00:17:12] Bootstrap tree #589, logLikelihood: -15208.781859
[00:17:14] Bootstrap tree #590, logLikelihood: -15441.474948
[00:17:16] Bootstrap tree #591, logLikelihood: -15399.163686
[00:17:18] Bootstrap tree #592, logLikelihood: -15632.848642
[00:17:20] Bootstrap tree #593, logLikelihood: -15402.201578
[00:17:22] Bootstrap tree #594, logLikelihood: -15750.193080
[00:17:24] Bootstrap tree #595, logLikelihood: -14803.435825
[00:17:26] Bootstrap tree #596, logLikelihood: -15155.022030
[00:17:27] Bootstrap tree #597, logLikelihood: -15532.874214
[00:17:29] Bootstrap tree #598, logLikelihood: -15744.207074
[00:17:31] Bootstrap tree #599, logLikelihood: -15323.207974
[00:17:32] Bootstrap tree #600, logLikelihood: -15352.943171
[00:17:34] Bootstrap tree #601, logLikelihood: -15543.680826
[00:17:36] Bootstrap tree #602, logLikelihood: -15273.446885
[00:17:37] Bootstrap tree #603, logLikelihood: -15275.671239
[00:17:39] Bootstrap tree #604, logLikelihood: -15393.879614
[00:17:41] Bootstrap tree #605, logLikelihood: -15615.195760
[00:17:42] Bootstrap tree #606, logLikelihood: -15336.459066
[00:17:44] Bootstrap tree #607, logLikelihood: -15066.501746
[00:17:46] Bootstrap tree #608, logLikelihood: -15922.859088
[00:17:47] Bootstrap tree #609, logLikelihood: -14684.960605
[00:17:48] Bootstrap tree #610, logLikelihood: -15205.206347
[00:17:50] Bootstrap tree #611, logLikelihood: -15156.953359
[00:17:52] Bootstrap tree #612, logLikelihood: -15224.828094
[00:17:53] Bootstrap tree #613, logLikelihood: -15804.011245
[00:17:55] Bootstrap tree #614, logLikelihood: -15175.456047
[00:17:56] Bootstrap tree #615, logLikelihood: -15321.481326
[00:17:57] Bootstrap tree #616, logLikelihood: -15697.710137
[00:17:59] Bootstrap tree #617, logLikelihood: -15587.582019
[00:18:01] Bootstrap tree #618, logLikelihood: -15956.093546
[00:18:03] Bootstrap tree #619, logLikelihood: -15340.097747
[00:18:04] Bootstrap tree #620, logLikelihood: -15567.650566
[00:18:05] Bootstrap tree #621, logLikelihood: -15331.860609
[00:18:07] Bootstrap tree #622, logLikelihood: -15213.593631
[00:18:08] Bootstrap tree #623, logLikelihood: -15452.460133
[00:18:11] Bootstrap tree #624, logLikelihood: -15058.248054
[00:18:13] Bootstrap tree #625, logLikelihood: -15243.831188
[00:18:15] Bootstrap tree #626, logLikelihood: -15514.625380
[00:18:17] Bootstrap tree #627, logLikelihood: -15183.430924
[00:18:18] Bootstrap tree #628, logLikelihood: -14903.285570
[00:18:20] Bootstrap tree #629, logLikelihood: -15542.891274
[00:18:22] Bootstrap tree #630, logLikelihood: -15899.991894
[00:18:23] Bootstrap tree #631, logLikelihood: -15123.874681
[00:18:25] Bootstrap tree #632, logLikelihood: -15524.062302
[00:18:27] Bootstrap tree #633, logLikelihood: -15458.628115
[00:18:29] Bootstrap tree #634, logLikelihood: -14818.356852
[00:18:30] Bootstrap tree #635, logLikelihood: -15086.489926
[00:18:32] Bootstrap tree #636, logLikelihood: -15439.026029
[00:18:34] Bootstrap tree #637, logLikelihood: -15324.284320
[00:18:36] Bootstrap tree #638, logLikelihood: -15137.370115
[00:18:38] Bootstrap tree #639, logLikelihood: -15173.064777
[00:18:40] Bootstrap tree #640, logLikelihood: -15391.046172
[00:18:41] Bootstrap tree #641, logLikelihood: -15725.101650
[00:18:43] Bootstrap tree #642, logLikelihood: -15076.604377
[00:18:45] Bootstrap tree #643, logLikelihood: -15015.082623
[00:18:46] Bootstrap tree #644, logLikelihood: -15473.062551
[00:18:48] Bootstrap tree #645, logLikelihood: -15285.013091
[00:18:50] Bootstrap tree #646, logLikelihood: -15209.788070
[00:18:52] Bootstrap tree #647, logLikelihood: -14969.286792
[00:18:54] Bootstrap tree #648, logLikelihood: -14881.995682
[00:18:56] Bootstrap tree #649, logLikelihood: -15404.458381
[00:18:58] Bootstrap tree #650, logLikelihood: -15280.134660
[00:18:59] Bootstrap tree #651, logLikelihood: -15426.140882
[00:19:01] Bootstrap tree #652, logLikelihood: -14977.183298
[00:19:02] Bootstrap tree #653, logLikelihood: -15858.236328
[00:19:04] Bootstrap tree #654, logLikelihood: -15468.781479
[00:19:05] Bootstrap tree #655, logLikelihood: -15564.280371
[00:19:07] Bootstrap tree #656, logLikelihood: -14994.925675
[00:19:09] Bootstrap tree #657, logLikelihood: -15542.861079
[00:19:10] Bootstrap tree #658, logLikelihood: -15574.288223
[00:19:12] Bootstrap tree #659, logLikelihood: -14982.515014
[00:19:14] Bootstrap tree #660, logLikelihood: -15403.265752
[00:19:16] Bootstrap tree #661, logLikelihood: -15416.312955
[00:19:18] Bootstrap tree #662, logLikelihood: -15871.596689
[00:19:19] Bootstrap tree #663, logLikelihood: -15341.056457
[00:19:21] Bootstrap tree #664, logLikelihood: -15227.937526
[00:19:22] Bootstrap tree #665, logLikelihood: -15409.282388
[00:19:23] Bootstrap tree #666, logLikelihood: -15744.845749
[00:19:25] Bootstrap tree #667, logLikelihood: -15479.339279
[00:19:27] Bootstrap tree #668, logLikelihood: -15114.372692
[00:19:28] Bootstrap tree #669, logLikelihood: -15112.154955
[00:19:30] Bootstrap tree #670, logLikelihood: -14995.903866
[00:19:32] Bootstrap tree #671, logLikelihood: -15157.204464
[00:19:34] Bootstrap tree #672, logLikelihood: -15537.845471
[00:19:36] Bootstrap tree #673, logLikelihood: -15084.336196
[00:19:37] Bootstrap tree #674, logLikelihood: -15615.259189
[00:19:39] Bootstrap tree #675, logLikelihood: -15939.115816
[00:19:41] Bootstrap tree #676, logLikelihood: -15004.256331
[00:19:43] Bootstrap tree #677, logLikelihood: -15407.199701
[00:19:45] Bootstrap tree #678, logLikelihood: -15176.371798
[00:19:46] Bootstrap tree #679, logLikelihood: -14970.874776
[00:19:48] Bootstrap tree #680, logLikelihood: -15290.661812
[00:19:49] Bootstrap tree #681, logLikelihood: -14903.334774
[00:19:51] Bootstrap tree #682, logLikelihood: -15464.831859
[00:19:53] Bootstrap tree #683, logLikelihood: -15026.105236
[00:19:55] Bootstrap tree #684, logLikelihood: -15341.859429
[00:19:56] Bootstrap tree #685, logLikelihood: -15007.298989
[00:19:58] Bootstrap tree #686, logLikelihood: -15730.635822
[00:20:00] Bootstrap tree #687, logLikelihood: -15467.331245
[00:20:01] Bootstrap tree #688, logLikelihood: -15387.882923
[00:20:03] Bootstrap tree #689, logLikelihood: -15458.355637
[00:20:05] Bootstrap tree #690, logLikelihood: -15563.027304
[00:20:06] Bootstrap tree #691, logLikelihood: -15324.796600
[00:20:08] Bootstrap tree #692, logLikelihood: -15113.869593
[00:20:10] Bootstrap tree #693, logLikelihood: -15379.902662
[00:20:12] Bootstrap tree #694, logLikelihood: -15114.648379
[00:20:13] Bootstrap tree #695, logLikelihood: -15345.725092
[00:20:15] Bootstrap tree #696, logLikelihood: -14767.357670
[00:20:17] Bootstrap tree #697, logLikelihood: -14952.104925
[00:20:18] Bootstrap tree #698, logLikelihood: -15171.137251
[00:20:20] Bootstrap tree #699, logLikelihood: -15179.672757
[00:20:21] Bootstrap tree #700, logLikelihood: -15075.707106
[00:20:23] Bootstrap tree #701, logLikelihood: -15463.672330
[00:20:24] Bootstrap tree #702, logLikelihood: -15461.054199
[00:20:26] Bootstrap tree #703, logLikelihood: -15358.048725
[00:20:28] Bootstrap tree #704, logLikelihood: -15197.133538
[00:20:30] Bootstrap tree #705, logLikelihood: -15388.003389
[00:20:31] Bootstrap tree #706, logLikelihood: -14632.498439
[00:20:33] Bootstrap tree #707, logLikelihood: -15351.292998
[00:20:34] Bootstrap tree #708, logLikelihood: -15366.578327
[00:20:36] Bootstrap tree #709, logLikelihood: -15539.015449
[00:20:38] Bootstrap tree #710, logLikelihood: -15288.881320
[00:20:39] Bootstrap tree #711, logLikelihood: -15541.786719
[00:20:40] Bootstrap tree #712, logLikelihood: -15232.163384
[00:20:42] Bootstrap tree #713, logLikelihood: -15729.422887
[00:20:44] Bootstrap tree #714, logLikelihood: -15784.205643
[00:20:46] Bootstrap tree #715, logLikelihood: -15191.629199
[00:20:47] Bootstrap tree #716, logLikelihood: -15416.633698
[00:20:49] Bootstrap tree #717, logLikelihood: -15545.261981
[00:20:50] Bootstrap tree #718, logLikelihood: -15480.141273
[00:20:52] Bootstrap tree #719, logLikelihood: -15301.606604
[00:20:53] Bootstrap tree #720, logLikelihood: -15371.100503
[00:20:55] Bootstrap tree #721, logLikelihood: -15129.264317
[00:20:57] Bootstrap tree #722, logLikelihood: -15641.059447
[00:20:58] Bootstrap tree #723, logLikelihood: -14956.303053
[00:21:00] Bootstrap tree #724, logLikelihood: -15434.150143
[00:21:01] Bootstrap tree #725, logLikelihood: -15697.765337
[00:21:03] Bootstrap tree #726, logLikelihood: -15180.448444
[00:21:05] Bootstrap tree #727, logLikelihood: -14860.007696
[00:21:06] Bootstrap tree #728, logLikelihood: -15475.443769
[00:21:08] Bootstrap tree #729, logLikelihood: -14901.204030
[00:21:09] Bootstrap tree #730, logLikelihood: -15338.446516
[00:21:11] Bootstrap tree #731, logLikelihood: -15062.286096
[00:21:12] Bootstrap tree #732, logLikelihood: -15366.574747
[00:21:14] Bootstrap tree #733, logLikelihood: -15307.575647
[00:21:16] Bootstrap tree #734, logLikelihood: -15200.072785
[00:21:17] Bootstrap tree #735, logLikelihood: -15802.192526
[00:21:19] Bootstrap tree #736, logLikelihood: -15645.058299
[00:21:20] Bootstrap tree #737, logLikelihood: -15081.071065
[00:21:22] Bootstrap tree #738, logLikelihood: -15340.338099
[00:21:24] Bootstrap tree #739, logLikelihood: -15430.477738
[00:21:26] Bootstrap tree #740, logLikelihood: -15295.034355
[00:21:28] Bootstrap tree #741, logLikelihood: -15492.002075
[00:21:30] Bootstrap tree #742, logLikelihood: -14904.866380
[00:21:31] Bootstrap tree #743, logLikelihood: -15352.712241
[00:21:33] Bootstrap tree #744, logLikelihood: -15977.479728
[00:21:35] Bootstrap tree #745, logLikelihood: -15727.544918
[00:21:38] Bootstrap tree #746, logLikelihood: -15264.804111
[00:21:39] Bootstrap tree #747, logLikelihood: -15778.697886
[00:21:41] Bootstrap tree #748, logLikelihood: -15671.299156
[00:21:43] Bootstrap tree #749, logLikelihood: -15389.199438
[00:21:44] Bootstrap tree #750, logLikelihood: -15104.365449
[00:21:46] Bootstrap tree #751, logLikelihood: -15500.430583
[00:21:48] Bootstrap tree #752, logLikelihood: -14761.120937
[00:21:49] Bootstrap tree #753, logLikelihood: -14988.546486
[00:21:52] Bootstrap tree #754, logLikelihood: -15632.050713
[00:21:53] Bootstrap tree #755, logLikelihood: -15316.600283
[00:21:55] Bootstrap tree #756, logLikelihood: -15537.157619
[00:21:56] Bootstrap tree #757, logLikelihood: -15457.879981
[00:21:58] Bootstrap tree #758, logLikelihood: -15163.863267
[00:21:59] Bootstrap tree #759, logLikelihood: -15165.288796
[00:22:01] Bootstrap tree #760, logLikelihood: -15475.327166
[00:22:03] Bootstrap tree #761, logLikelihood: -15622.922727
[00:22:05] Bootstrap tree #762, logLikelihood: -15134.298277
[00:22:07] Bootstrap tree #763, logLikelihood: -14868.377346
[00:22:08] Bootstrap tree #764, logLikelihood: -15404.589526
[00:22:10] Bootstrap tree #765, logLikelihood: -15579.136289
[00:22:11] Bootstrap tree #766, logLikelihood: -15641.695506
[00:22:13] Bootstrap tree #767, logLikelihood: -15243.682212
[00:22:15] Bootstrap tree #768, logLikelihood: -15140.011978
[00:22:16] Bootstrap tree #769, logLikelihood: -15615.869440
[00:22:18] Bootstrap tree #770, logLikelihood: -15273.851069
[00:22:20] Bootstrap tree #771, logLikelihood: -15056.211648
[00:22:22] Bootstrap tree #772, logLikelihood: -14808.648986
[00:22:23] Bootstrap tree #773, logLikelihood: -15600.862920
[00:22:25] Bootstrap tree #774, logLikelihood: -14690.904930
[00:22:27] Bootstrap tree #775, logLikelihood: -15441.224336
[00:22:28] Bootstrap tree #776, logLikelihood: -15186.415155
[00:22:30] Bootstrap tree #777, logLikelihood: -15403.110507
[00:22:32] Bootstrap tree #778, logLikelihood: -15412.004000
[00:22:33] Bootstrap tree #779, logLikelihood: -15624.724577
[00:22:35] Bootstrap tree #780, logLikelihood: -15623.404124
[00:22:37] Bootstrap tree #781, logLikelihood: -15310.982423
[00:22:38] Bootstrap tree #782, logLikelihood: -15871.936149
[00:22:40] Bootstrap tree #783, logLikelihood: -15607.711956
[00:22:42] Bootstrap tree #784, logLikelihood: -14721.861198
[00:22:44] Bootstrap tree #785, logLikelihood: -15452.603046
[00:22:46] Bootstrap tree #786, logLikelihood: -15425.914562
[00:22:48] Bootstrap tree #787, logLikelihood: -15104.358164
[00:22:51] Bootstrap tree #788, logLikelihood: -15283.151298
[00:22:53] Bootstrap tree #789, logLikelihood: -14899.466087
[00:22:55] Bootstrap tree #790, logLikelihood: -15281.082070
[00:22:56] Bootstrap tree #791, logLikelihood: -15551.380244
[00:22:58] Bootstrap tree #792, logLikelihood: -15267.441866
[00:23:00] Bootstrap tree #793, logLikelihood: -15592.346516
[00:23:02] Bootstrap tree #794, logLikelihood: -15421.797388
[00:23:04] Bootstrap tree #795, logLikelihood: -15494.623665
[00:23:05] Bootstrap tree #796, logLikelihood: -15436.061998
[00:23:08] Bootstrap tree #797, logLikelihood: -15594.493350
[00:23:10] Bootstrap tree #798, logLikelihood: -15480.996411
[00:23:11] Bootstrap tree #799, logLikelihood: -15552.621716
[00:23:13] Bootstrap tree #800, logLikelihood: -15567.565790
[00:23:14] Bootstrap tree #801, logLikelihood: -15349.835529
[00:23:16] Bootstrap tree #802, logLikelihood: -15330.856034
[00:23:17] Bootstrap tree #803, logLikelihood: -15202.878505
[00:23:20] Bootstrap tree #804, logLikelihood: -15670.195710
[00:23:22] Bootstrap tree #805, logLikelihood: -15439.808649
[00:23:23] Bootstrap tree #806, logLikelihood: -15535.196791
[00:23:25] Bootstrap tree #807, logLikelihood: -15442.276418
[00:23:27] Bootstrap tree #808, logLikelihood: -15363.191246
[00:23:28] Bootstrap tree #809, logLikelihood: -15192.647657
[00:23:30] Bootstrap tree #810, logLikelihood: -15290.013496
[00:23:31] Bootstrap tree #811, logLikelihood: -15241.468390
[00:23:33] Bootstrap tree #812, logLikelihood: -15210.387607
[00:23:34] Bootstrap tree #813, logLikelihood: -15046.007424
[00:23:36] Bootstrap tree #814, logLikelihood: -14755.840007
[00:23:38] Bootstrap tree #815, logLikelihood: -15611.014963
[00:23:40] Bootstrap tree #816, logLikelihood: -15182.885157
[00:23:42] Bootstrap tree #817, logLikelihood: -15228.888519
[00:23:43] Bootstrap tree #818, logLikelihood: -15084.038886
[00:23:45] Bootstrap tree #819, logLikelihood: -15405.082728
[00:23:47] Bootstrap tree #820, logLikelihood: -15472.004795
[00:23:48] Bootstrap tree #821, logLikelihood: -15045.732456
[00:23:50] Bootstrap tree #822, logLikelihood: -15055.720721
[00:23:51] Bootstrap tree #823, logLikelihood: -15142.632722
[00:23:53] Bootstrap tree #824, logLikelihood: -15270.797079
[00:23:55] Bootstrap tree #825, logLikelihood: -15549.833987
[00:23:56] Bootstrap tree #826, logLikelihood: -15342.489785
[00:23:58] Bootstrap tree #827, logLikelihood: -14926.402681
[00:24:00] Bootstrap tree #828, logLikelihood: -15541.195237
[00:24:02] Bootstrap tree #829, logLikelihood: -15332.750685
[00:24:03] Bootstrap tree #830, logLikelihood: -15402.936186
[00:24:05] Bootstrap tree #831, logLikelihood: -15544.017358
[00:24:08] Bootstrap tree #832, logLikelihood: -15497.868472
[00:24:10] Bootstrap tree #833, logLikelihood: -15319.960594
[00:24:11] Bootstrap tree #834, logLikelihood: -15552.785108
[00:24:13] Bootstrap tree #835, logLikelihood: -15172.006811
[00:24:14] Bootstrap tree #836, logLikelihood: -15189.807371
[00:24:16] Bootstrap tree #837, logLikelihood: -15433.122702
[00:24:18] Bootstrap tree #838, logLikelihood: -15112.368514
[00:24:19] Bootstrap tree #839, logLikelihood: -15410.748098
[00:24:20] Bootstrap tree #840, logLikelihood: -15418.836620
[00:24:22] Bootstrap tree #841, logLikelihood: -15113.367188
[00:24:23] Bootstrap tree #842, logLikelihood: -15162.039797
[00:24:25] Bootstrap tree #843, logLikelihood: -14972.598725
[00:24:27] Bootstrap tree #844, logLikelihood: -14836.191209
[00:24:28] Bootstrap tree #845, logLikelihood: -15528.980988
[00:24:30] Bootstrap tree #846, logLikelihood: -15080.881845
[00:24:32] Bootstrap tree #847, logLikelihood: -15469.538808
[00:24:34] Bootstrap tree #848, logLikelihood: -15453.412505
[00:24:35] Bootstrap tree #849, logLikelihood: -15277.824614
[00:24:37] Bootstrap tree #850, logLikelihood: -15007.433152
[00:24:38] Bootstrap tree #851, logLikelihood: -14937.947481
[00:24:40] Bootstrap tree #852, logLikelihood: -15939.295391
[00:24:41] Bootstrap tree #853, logLikelihood: -15351.256553
[00:24:43] Bootstrap tree #854, logLikelihood: -15343.032267
[00:24:45] Bootstrap tree #855, logLikelihood: -15175.986761
[00:24:47] Bootstrap tree #856, logLikelihood: -15201.306917
[00:24:49] Bootstrap tree #857, logLikelihood: -15216.817097
[00:24:51] Bootstrap tree #858, logLikelihood: -14985.099808
[00:24:52] Bootstrap tree #859, logLikelihood: -14880.611020
[00:24:54] Bootstrap tree #860, logLikelihood: -15031.638441
[00:24:55] Bootstrap tree #861, logLikelihood: -15117.902257
[00:24:57] Bootstrap tree #862, logLikelihood: -15547.329463
[00:24:59] Bootstrap tree #863, logLikelihood: -15328.930394
[00:25:00] Bootstrap tree #864, logLikelihood: -15095.473739
[00:25:02] Bootstrap tree #865, logLikelihood: -15154.786116
[00:25:03] Bootstrap tree #866, logLikelihood: -15183.570839
[00:25:05] Bootstrap tree #867, logLikelihood: -14925.862466
[00:25:07] Bootstrap tree #868, logLikelihood: -15219.616187
[00:25:09] Bootstrap tree #869, logLikelihood: -15407.126722
[00:25:11] Bootstrap tree #870, logLikelihood: -15214.668240
[00:25:12] Bootstrap tree #871, logLikelihood: -15437.349152
[00:25:14] Bootstrap tree #872, logLikelihood: -15029.949810
[00:25:16] Bootstrap tree #873, logLikelihood: -14922.208972
[00:25:18] Bootstrap tree #874, logLikelihood: -15843.675795
[00:25:19] Bootstrap tree #875, logLikelihood: -15379.963318
[00:25:21] Bootstrap tree #876, logLikelihood: -15607.405269
[00:25:23] Bootstrap tree #877, logLikelihood: -15667.502379
[00:25:25] Bootstrap tree #878, logLikelihood: -15408.321107
[00:25:26] Bootstrap tree #879, logLikelihood: -15057.721646
[00:25:28] Bootstrap tree #880, logLikelihood: -15250.204020
[00:25:30] Bootstrap tree #881, logLikelihood: -15255.878886
[00:25:32] Bootstrap tree #882, logLikelihood: -15325.129037
[00:25:34] Bootstrap tree #883, logLikelihood: -14847.508634
[00:25:37] Bootstrap tree #884, logLikelihood: -15167.403794
[00:25:39] Bootstrap tree #885, logLikelihood: -15531.984971
[00:25:40] Bootstrap tree #886, logLikelihood: -15426.052455
[00:25:43] Bootstrap tree #887, logLikelihood: -15208.348878
[00:25:44] Bootstrap tree #888, logLikelihood: -15187.520773
[00:25:46] Bootstrap tree #889, logLikelihood: -15867.657667
[00:25:49] Bootstrap tree #890, logLikelihood: -15265.489063
[00:25:50] Bootstrap tree #891, logLikelihood: -15300.594203
[00:25:52] Bootstrap tree #892, logLikelihood: -15706.612709
[00:25:53] Bootstrap tree #893, logLikelihood: -15270.585997
[00:25:55] Bootstrap tree #894, logLikelihood: -15146.680157
[00:25:57] Bootstrap tree #895, logLikelihood: -15412.541962
[00:25:58] Bootstrap tree #896, logLikelihood: -15175.546074
[00:26:00] Bootstrap tree #897, logLikelihood: -14827.771979
[00:26:03] Bootstrap tree #898, logLikelihood: -15032.608742
[00:26:05] Bootstrap tree #899, logLikelihood: -15304.070845
[00:26:06] Bootstrap tree #900, logLikelihood: -15549.702134
[00:26:08] Bootstrap tree #901, logLikelihood: -14791.137399
[00:26:10] Bootstrap tree #902, logLikelihood: -15087.309419
[00:26:12] Bootstrap tree #903, logLikelihood: -15082.756535
[00:26:14] Bootstrap tree #904, logLikelihood: -15274.870678
[00:26:15] Bootstrap tree #905, logLikelihood: -15701.808609
[00:26:17] Bootstrap tree #906, logLikelihood: -15358.857189
[00:26:19] Bootstrap tree #907, logLikelihood: -14826.070918
[00:26:21] Bootstrap tree #908, logLikelihood: -15515.029472
[00:26:22] Bootstrap tree #909, logLikelihood: -15450.867780
[00:26:24] Bootstrap tree #910, logLikelihood: -15031.509373
[00:26:26] Bootstrap tree #911, logLikelihood: -15673.885106
[00:26:27] Bootstrap tree #912, logLikelihood: -15386.480479
[00:26:29] Bootstrap tree #913, logLikelihood: -15339.526292
[00:26:31] Bootstrap tree #914, logLikelihood: -15017.800551
[00:26:32] Bootstrap tree #915, logLikelihood: -15429.221253
[00:26:34] Bootstrap tree #916, logLikelihood: -14694.069787
[00:26:35] Bootstrap tree #917, logLikelihood: -15324.416312
[00:26:37] Bootstrap tree #918, logLikelihood: -15308.958533
[00:26:39] Bootstrap tree #919, logLikelihood: -15165.683169
[00:26:41] Bootstrap tree #920, logLikelihood: -15552.939136
[00:26:42] Bootstrap tree #921, logLikelihood: -15485.202710
[00:26:44] Bootstrap tree #922, logLikelihood: -16032.477870
[00:26:46] Bootstrap tree #923, logLikelihood: -15020.965648
[00:26:47] Bootstrap tree #924, logLikelihood: -15589.885742
[00:26:48] Bootstrap tree #925, logLikelihood: -15028.692243
[00:26:51] Bootstrap tree #926, logLikelihood: -15427.761815
[00:26:52] Bootstrap tree #927, logLikelihood: -15256.128889
[00:26:54] Bootstrap tree #928, logLikelihood: -15510.781752
[00:26:55] Bootstrap tree #929, logLikelihood: -15064.958244
[00:26:57] Bootstrap tree #930, logLikelihood: -15403.304937
[00:26:59] Bootstrap tree #931, logLikelihood: -15072.505290
[00:27:00] Bootstrap tree #932, logLikelihood: -14725.842892
[00:27:01] Bootstrap tree #933, logLikelihood: -15514.517524
[00:27:03] Bootstrap tree #934, logLikelihood: -15396.721497
[00:27:05] Bootstrap tree #935, logLikelihood: -15755.460760
[00:27:07] Bootstrap tree #936, logLikelihood: -15048.410443
[00:27:09] Bootstrap tree #937, logLikelihood: -15653.373200
[00:27:11] Bootstrap tree #938, logLikelihood: -15457.156686
[00:27:13] Bootstrap tree #939, logLikelihood: -15441.258229
[00:27:14] Bootstrap tree #940, logLikelihood: -15280.742811
[00:27:16] Bootstrap tree #941, logLikelihood: -15428.393678
[00:27:18] Bootstrap tree #942, logLikelihood: -15742.345583
[00:27:19] Bootstrap tree #943, logLikelihood: -15545.539333
[00:27:21] Bootstrap tree #944, logLikelihood: -15139.922803
[00:27:23] Bootstrap tree #945, logLikelihood: -15709.236178
[00:27:24] Bootstrap tree #946, logLikelihood: -15497.960582
[00:27:27] Bootstrap tree #947, logLikelihood: -15325.247814
[00:27:29] Bootstrap tree #948, logLikelihood: -15194.293573
[00:27:31] Bootstrap tree #949, logLikelihood: -15268.918726
[00:27:33] Bootstrap tree #950, logLikelihood: -15876.676751
[00:27:34] Bootstrap tree #951, logLikelihood: -15493.151506
[00:27:36] Bootstrap tree #952, logLikelihood: -15757.841512
[00:27:38] Bootstrap tree #953, logLikelihood: -15233.471192
[00:27:39] Bootstrap tree #954, logLikelihood: -14975.970726
[00:27:41] Bootstrap tree #955, logLikelihood: -15258.767189
[00:27:42] Bootstrap tree #956, logLikelihood: -15173.135193
[00:27:44] Bootstrap tree #957, logLikelihood: -14956.427710
[00:27:45] Bootstrap tree #958, logLikelihood: -15502.517378
[00:27:47] Bootstrap tree #959, logLikelihood: -16075.046562
[00:27:49] Bootstrap tree #960, logLikelihood: -15159.089989
[00:27:50] Bootstrap tree #961, logLikelihood: -15132.694803
[00:27:52] Bootstrap tree #962, logLikelihood: -15463.764193
[00:27:53] Bootstrap tree #963, logLikelihood: -15203.505363
[00:27:55] Bootstrap tree #964, logLikelihood: -15028.675095
[00:27:57] Bootstrap tree #965, logLikelihood: -15152.735516
[00:27:59] Bootstrap tree #966, logLikelihood: -15342.060064
[00:28:00] Bootstrap tree #967, logLikelihood: -15321.967876
[00:28:02] Bootstrap tree #968, logLikelihood: -14870.222823
[00:28:04] Bootstrap tree #969, logLikelihood: -15596.952189
[00:28:06] Bootstrap tree #970, logLikelihood: -15106.191121
[00:28:07] Bootstrap tree #971, logLikelihood: -15452.322387
[00:28:09] Bootstrap tree #972, logLikelihood: -15473.528210
[00:28:11] Bootstrap tree #973, logLikelihood: -15515.705635
[00:28:13] Bootstrap tree #974, logLikelihood: -15596.753652
[00:28:15] Bootstrap tree #975, logLikelihood: -15036.516864
[00:28:16] Bootstrap tree #976, logLikelihood: -15416.659624
[00:28:18] Bootstrap tree #977, logLikelihood: -15344.182248
[00:28:20] Bootstrap tree #978, logLikelihood: -15825.461819
[00:28:22] Bootstrap tree #979, logLikelihood: -15649.462886
[00:28:24] Bootstrap tree #980, logLikelihood: -15328.741692
[00:28:25] Bootstrap tree #981, logLikelihood: -15160.991383
[00:28:27] Bootstrap tree #982, logLikelihood: -15488.687793
[00:28:29] Bootstrap tree #983, logLikelihood: -15270.248948
[00:28:30] Bootstrap tree #984, logLikelihood: -15462.456719
[00:28:32] Bootstrap tree #985, logLikelihood: -15180.997597
[00:28:33] Bootstrap tree #986, logLikelihood: -15499.704654
[00:28:35] Bootstrap tree #987, logLikelihood: -15539.600597
[00:28:38] Bootstrap tree #988, logLikelihood: -15569.367261
[00:28:39] Bootstrap tree #989, logLikelihood: -15190.084611
[00:28:41] Bootstrap tree #990, logLikelihood: -15386.694636
[00:28:43] Bootstrap tree #991, logLikelihood: -15140.529466
[00:28:44] Bootstrap tree #992, logLikelihood: -15154.707005
[00:28:46] Bootstrap tree #993, logLikelihood: -15561.738046
[00:28:47] Bootstrap tree #994, logLikelihood: -15362.283881
[00:28:49] Bootstrap tree #995, logLikelihood: -15461.183799
[00:28:51] Bootstrap tree #996, logLikelihood: -15282.426469
[00:28:52] Bootstrap tree #997, logLikelihood: -15744.052949
[00:28:53] Bootstrap tree #998, logLikelihood: -15330.414123
[00:28:55] Bootstrap tree #999, logLikelihood: -15477.485736
[00:28:57] Bootstrap tree #1000, logLikelihood: -15394.942032

Optimized model parameters:

   Partition 0: noname
   Rate heterogeneity: GAMMA (4 cats, mean),  alpha: 4.224070 (ML),  weights&rates: (0.250000,0.466263) (0.250000,0.782618) (0.250000,1.084304) (0.250000,1.666815) 
   Base frequencies (ML): 0.280225 0.191246 0.267552 0.260976 
   Substitution rates (ML): 1.796349 2.677328 0.841493 1.308973 3.675066 1.000000 


Final LogLikelihood: -15370.463834

AIC score: 30824.927668 / AICc score: 30828.149791 / BIC score: 31037.431608
Free parameters (model + branch lengths): 42

Best ML tree saved to: /home/seddik/Documents/Synesth/iter6/all_Cas_trees/Cas4/Tree.raxml.bestTree
All ML trees saved to: /home/seddik/Documents/Synesth/iter6/all_Cas_trees/Cas4/Tree.raxml.mlTrees
Best ML tree with Felsenstein bootstrap (FBP) support values saved to: /home/seddik/Documents/Synesth/iter6/all_Cas_trees/Cas4/Tree.raxml.support
Optimized model saved to: /home/seddik/Documents/Synesth/iter6/all_Cas_trees/Cas4/Tree.raxml.bestModel
Bootstrap trees saved to: /home/seddik/Documents/Synesth/iter6/all_Cas_trees/Cas4/Tree.raxml.bootstraps

Execution log saved to: /home/seddik/Documents/Synesth/iter6/all_Cas_trees/Cas4/Tree.raxml.log

Analysis started: 30-Jul-2024 13:18:12 / finished: 30-Jul-2024 13:47:09

Elapsed time: 1737.135 seconds

